<?xml version="1.0" encoding="utf-8"?>
<TestRun id="437c8a86-1c7b-433e-8ba7-9b5ec6bcb5cf" name="Eric@DESKTOP-RSFFHJT 2025-05-01 21:13:08" runUser="DESKTOP-RSFFHJT\Eric" xmlns="http://microsoft.com/schemas/VisualStudio/TeamTest/2010">
  <Times creation="2025-05-01T21:13:08.7794162-04:00" queuing="2025-05-01T21:13:08.7794164-04:00" start="2025-05-01T21:13:03.9734402-04:00" finish="2025-05-01T21:13:45.4337543-04:00" />
  <TestSettings name="default" id="cc74d488-9bee-44c2-9996-551300b3a744">
    <Deployment runDeploymentRoot="Eric_DESKTOP-RSFFHJT_2025-05-01_21_13_08" />
  </TestSettings>
  <Results>
    <UnitTestResult executionId="8511fa63-8451-47a5-af36-c9dc5eaa2ca0" testId="f3fc1cf0-e1b2-c5cc-7e9c-86f702d4d046" testName="Test_Inventory_Items(NavBarWorkflow)" computerName="DESKTOP-RSFFHJT" duration="00:00:05.0330920" startTime="2025-05-01T21:13:40.3656680-04:00" endTime="2025-05-01T21:13:45.3987589-04:00" testType="13cdc9d9-ddb5-4fa4-a97d-d965ccfc6d4b" outcome="Passed" testListId="8c84fa94-04c1-424b-9868-57a2d4851a1d" relativeResultsDirectory="8511fa63-8451-47a5-af36-c9dc5eaa2ca0" />
    <UnitTestResult executionId="9169f766-536e-452c-b72d-0845a1b2f027" testId="b2c3c213-78a2-2055-8d89-1aa53cbe0601" testName="Test_SideBar_Navigation(NavBarWorkflow)" computerName="DESKTOP-RSFFHJT" duration="00:00:04.2381990" startTime="2025-05-01T21:13:08.7597086-04:00" endTime="2025-05-01T21:13:12.9979071-04:00" testType="13cdc9d9-ddb5-4fa4-a97d-d965ccfc6d4b" outcome="Passed" testListId="8c84fa94-04c1-424b-9868-57a2d4851a1d" relativeResultsDirectory="9169f766-536e-452c-b72d-0845a1b2f027" />
    <UnitTestResult executionId="46cb7627-2ff6-4d9d-b3ff-83a7f29ef92a" testId="b2c3c213-78a2-2055-8d89-1aa53cbe0601" testName="Test_SideBar_Navigation(NavBarWorkflow)" computerName="DESKTOP-RSFFHJT" duration="00:00:04.3160930" startTime="2025-05-01T21:13:12.9979471-04:00" endTime="2025-05-01T21:13:17.3140389-04:00" testType="13cdc9d9-ddb5-4fa4-a97d-d965ccfc6d4b" outcome="Passed" testListId="8c84fa94-04c1-424b-9868-57a2d4851a1d" relativeResultsDirectory="46cb7627-2ff6-4d9d-b3ff-83a7f29ef92a" />
    <UnitTestResult executionId="a57c6d55-dc99-4e0c-891e-173a9604d769" testId="ef76d745-6bb7-ce82-eab4-e1b079f23477" testName="Test_Inventory_Item_Adjustments" computerName="DESKTOP-RSFFHJT" duration="00:00:05.0091380" startTime="2025-05-01T21:13:28.2435558-04:00" endTime="2025-05-01T21:13:33.2526933-04:00" testType="13cdc9d9-ddb5-4fa4-a97d-d965ccfc6d4b" outcome="Passed" testListId="8c84fa94-04c1-424b-9868-57a2d4851a1d" relativeResultsDirectory="a57c6d55-dc99-4e0c-891e-173a9604d769" />
    <UnitTestResult executionId="7034de58-c089-45f5-bd97-e3d913855d7d" testId="a7449066-8254-83d7-529d-db7ee72a9227" testName="Test_HomePage_Get_User_Org(HomeDashBoardWorkflow)" computerName="DESKTOP-RSFFHJT" duration="00:00:04.4130269" startTime="2025-05-01T21:13:04.3451233-04:00" endTime="2025-05-01T21:13:08.7581113-04:00" testType="13cdc9d9-ddb5-4fa4-a97d-d965ccfc6d4b" outcome="Passed" testListId="8c84fa94-04c1-424b-9868-57a2d4851a1d" relativeResultsDirectory="7034de58-c089-45f5-bd97-e3d913855d7d">
      <Output>
        <StdErr>2025-05-02T01:13:05.176Z pw:api navigating to "https://www.zoho.com/ca/inventory/inventory-software-demo/#/home/inventory-dashboard", waiting until "load"&#xD;
&#xD;
2025-05-02T01:13:05.484Z pw:api   "commit" event fired&#xD;
&#xD;
2025-05-02T01:13:05.484Z pw:api   navigated to "https://www.zoho.com/ca/inventory/inventory-software-demo/#/home/inventory-dashboard"&#xD;
&#xD;
2025-05-02T01:13:07.374Z pw:api   "networkidle" event fired&#xD;
&#xD;
2025-05-02T01:13:07.788Z pw:api   "domcontentloaded" event fired&#xD;
&#xD;
2025-05-02T01:13:08.657Z pw:api   "load" event fired&#xD;
&#xD;
2025-05-02T01:13:08.666Z pw:api waiting for Locator("div[class='d-flex mt-3'] div[class='font-xlarge text-medium mt-3']")&#xD;
&#xD;
2025-05-02T01:13:08.685Z pw:api   locator resolved to &lt;div class="font-xlarge text-medium mt-3"&gt;Hello, Demo User&lt;/div&gt;&#xD;
&#xD;
2025-05-02T01:13:08.699Z pw:api waiting for Locator("div[class='d-flex mt-3'] div[class='text-muted']")&#xD;
&#xD;
2025-05-02T01:13:08.702Z pw:api   locator resolved to &lt;div class="text-muted"&gt;Demo Org&lt;/div&gt;&#xD;
&#xD;
2025-05-02T01:13:08.708Z pw:api waiting for Locator("div[class='inv-summary']").First.Locator("label")&#xD;
&#xD;
2025-05-02T01:13:08.711Z pw:api   locator resolved to &lt;label class="text-uppercase fw-light font-small text-void w-65"&gt;Quantity in Hand&lt;/label&gt;&#xD;
&#xD;
2025-05-02T01:13:08.712Z pw:api waiting for Locator("div[class='inv-summary']").First.Locator("div")&#xD;
&#xD;
2025-05-02T01:13:08.714Z pw:api   locator resolved to &lt;div id="a92a3c002" class="cursor-pointer float-end qty over-flow icon-xlarge text-plain"&gt;12746&lt;/div&gt;&#xD;
&#xD;
2025-05-02T01:13:08.715Z pw:api waiting for Locator("div[class='inv-summary']").Nth(1).Locator("label")&#xD;
&#xD;
2025-05-02T01:13:08.717Z pw:api   locator resolved to &lt;label class="text-uppercase fw-light font-small text-void w-65"&gt;Quantity to be Received&lt;/label&gt;&#xD;
&#xD;
2025-05-02T01:13:08.718Z pw:api waiting for Locator("div[class='inv-summary']").Nth(1).Locator("div")&#xD;
&#xD;
2025-05-02T01:13:08.720Z pw:api   locator resolved to &lt;div id="a5df13fec" class="cursor-pointer qty float-end over-flow icon-xlarge text-plain"&gt;62&lt;/div&gt;&#xD;
&#xD;
2025-05-02T01:13:08.724Z pw:api waiting for Locator("div[class='inv-summary']").First.Locator("label")&#xD;
&#xD;
2025-05-02T01:13:08.726Z pw:api   locator resolved to &lt;label class="text-uppercase fw-light font-small text-void w-65"&gt;Quantity in Hand&lt;/label&gt;&#xD;
&#xD;
2025-05-02T01:13:08.727Z pw:api waiting for Locator("div[class='inv-summary']").First.Locator("div")&#xD;
&#xD;
2025-05-02T01:13:08.729Z pw:api   locator resolved to &lt;div id="a92a3c002" class="cursor-pointer float-end qty over-flow icon-xlarge text-plain"&gt;12746&lt;/div&gt;&#xD;
&#xD;
2025-05-02T01:13:08.730Z pw:api waiting for Locator("div[class='inv-summary']").Nth(1).Locator("label")&#xD;
&#xD;
2025-05-02T01:13:08.732Z pw:api   locator resolved to &lt;label class="text-uppercase fw-light font-small text-void w-65"&gt;Quantity to be Received&lt;/label&gt;&#xD;
&#xD;
2025-05-02T01:13:08.733Z pw:api waiting for Locator("div[class='inv-summary']").Nth(1).Locator("div")&#xD;
&#xD;
2025-05-02T01:13:08.735Z pw:api   locator resolved to &lt;div id="a5df13fec" class="cursor-pointer qty float-end over-flow icon-xlarge text-plain"&gt;62&lt;/div&gt;</StdErr>
      </Output>
    </UnitTestResult>
    <UnitTestResult executionId="e24a6ba6-4f3a-4e1e-ad1d-cdd460b91326" testId="ecc1bcc7-12d3-b9a4-3e4b-83dfc613c7f0" testName="Test_Inventory_Item_Groups" computerName="DESKTOP-RSFFHJT" duration="00:00:07.1128530" startTime="2025-05-01T21:13:33.2527313-04:00" endTime="2025-05-01T21:13:40.3655838-04:00" testType="13cdc9d9-ddb5-4fa4-a97d-d965ccfc6d4b" outcome="Passed" testListId="8c84fa94-04c1-424b-9868-57a2d4851a1d" relativeResultsDirectory="e24a6ba6-4f3a-4e1e-ad1d-cdd460b91326" />
    <UnitTestResult executionId="900630bd-78b4-4b48-a1a2-5a209c810f5a" testId="ba2d684e-8b03-4f52-38e3-303175dc643d" testName="Test_Fill_New_Inv_Item(AddNewItemWorkflow)" computerName="DESKTOP-RSFFHJT" duration="00:00:06.9351700" startTime="2025-05-01T21:13:21.3083365-04:00" endTime="2025-05-01T21:13:28.2435053-04:00" testType="13cdc9d9-ddb5-4fa4-a97d-d965ccfc6d4b" outcome="Passed" testListId="8c84fa94-04c1-424b-9868-57a2d4851a1d" relativeResultsDirectory="900630bd-78b4-4b48-a1a2-5a209c810f5a" />
    <UnitTestResult executionId="7947290e-68c7-4369-8f36-783784e19e50" testId="b2c3c213-78a2-2055-8d89-1aa53cbe0601" testName="Test_SideBar_Navigation(NavBarWorkflow)" computerName="DESKTOP-RSFFHJT" duration="00:00:03.9931180" startTime="2025-05-01T21:13:17.3140939-04:00" endTime="2025-05-01T21:13:21.3072114-04:00" testType="13cdc9d9-ddb5-4fa4-a97d-d965ccfc6d4b" outcome="Passed" testListId="8c84fa94-04c1-424b-9868-57a2d4851a1d" relativeResultsDirectory="7947290e-68c7-4369-8f36-783784e19e50" />
  </Results>
  <TestDefinitions>
    <UnitTest name="Test_HomePage_Get_User_Org(HomeDashBoardWorkflow)" storage="c:\users\eric\documents\vscode-repos\inventorymanagementsystemframework\inventorymanagementsystemframework\bin\debug\net9.0\inventorymanagementsystemframework.dll" id="a7449066-8254-83d7-529d-db7ee72a9227">
      <Execution id="7034de58-c089-45f5-bd97-e3d913855d7d" />
      <TestMethod codeBase="C:\Users\Eric\Documents\vscode-repos\InventoryManagementSystemFramework\InventoryManagementSystemFramework\bin\Debug\net9.0\InventoryManagementSystemFramework.dll" adapterTypeName="executor://nunit3testexecutor/" className="HomePageTest" name="Test_HomePage_Get_User_Org(HomeDashBoardWorkflow)" />
    </UnitTest>
    <UnitTest name="Test_Inventory_Items(NavBarWorkflow)" storage="c:\users\eric\documents\vscode-repos\inventorymanagementsystemframework\inventorymanagementsystemframework\bin\debug\net9.0\inventorymanagementsystemframework.dll" id="f3fc1cf0-e1b2-c5cc-7e9c-86f702d4d046">
      <Execution id="8511fa63-8451-47a5-af36-c9dc5eaa2ca0" />
      <TestMethod codeBase="C:\Users\Eric\Documents\vscode-repos\InventoryManagementSystemFramework\InventoryManagementSystemFramework\bin\Debug\net9.0\InventoryManagementSystemFramework.dll" adapterTypeName="executor://nunit3testexecutor/" className="InventoryTests" name="Test_Inventory_Items(NavBarWorkflow)" />
    </UnitTest>
    <UnitTest name="Test_Inventory_Item_Groups" storage="c:\users\eric\documents\vscode-repos\inventorymanagementsystemframework\inventorymanagementsystemframework\bin\debug\net9.0\inventorymanagementsystemframework.dll" id="ecc1bcc7-12d3-b9a4-3e4b-83dfc613c7f0">
      <Execution id="e24a6ba6-4f3a-4e1e-ad1d-cdd460b91326" />
      <TestMethod codeBase="C:\Users\Eric\Documents\vscode-repos\InventoryManagementSystemFramework\InventoryManagementSystemFramework\bin\Debug\net9.0\InventoryManagementSystemFramework.dll" adapterTypeName="executor://nunit3testexecutor/" className="InventoryTests" name="Test_Inventory_Item_Groups" />
    </UnitTest>
    <UnitTest name="Test_Inventory_Item_Adjustments" storage="c:\users\eric\documents\vscode-repos\inventorymanagementsystemframework\inventorymanagementsystemframework\bin\debug\net9.0\inventorymanagementsystemframework.dll" id="ef76d745-6bb7-ce82-eab4-e1b079f23477">
      <Execution id="a57c6d55-dc99-4e0c-891e-173a9604d769" />
      <TestMethod codeBase="C:\Users\Eric\Documents\vscode-repos\InventoryManagementSystemFramework\InventoryManagementSystemFramework\bin\Debug\net9.0\InventoryManagementSystemFramework.dll" adapterTypeName="executor://nunit3testexecutor/" className="InventoryTests" name="Test_Inventory_Item_Adjustments" />
    </UnitTest>
    <UnitTest name="Test_SideBar_Navigation(NavBarWorkflow)" storage="c:\users\eric\documents\vscode-repos\inventorymanagementsystemframework\inventorymanagementsystemframework\bin\debug\net9.0\inventorymanagementsystemframework.dll" id="b2c3c213-78a2-2055-8d89-1aa53cbe0601">
      <Execution id="9169f766-536e-452c-b72d-0845a1b2f027" />
      <TestMethod codeBase="C:\Users\Eric\Documents\vscode-repos\InventoryManagementSystemFramework\InventoryManagementSystemFramework\bin\Debug\net9.0\InventoryManagementSystemFramework.dll" adapterTypeName="executor://nunit3testexecutor/" className="HomePageTest" name="Test_SideBar_Navigation(NavBarWorkflow)" />
    </UnitTest>
    <UnitTest name="Test_Fill_New_Inv_Item(AddNewItemWorkflow)" storage="c:\users\eric\documents\vscode-repos\inventorymanagementsystemframework\inventorymanagementsystemframework\bin\debug\net9.0\inventorymanagementsystemframework.dll" id="ba2d684e-8b03-4f52-38e3-303175dc643d">
      <Execution id="900630bd-78b4-4b48-a1a2-5a209c810f5a" />
      <TestMethod codeBase="C:\Users\Eric\Documents\vscode-repos\InventoryManagementSystemFramework\InventoryManagementSystemFramework\bin\Debug\net9.0\InventoryManagementSystemFramework.dll" adapterTypeName="executor://nunit3testexecutor/" className="InventoryTests" name="Test_Fill_New_Inv_Item(AddNewItemWorkflow)" />
    </UnitTest>
  </TestDefinitions>
  <TestEntries>
    <TestEntry testId="f3fc1cf0-e1b2-c5cc-7e9c-86f702d4d046" executionId="8511fa63-8451-47a5-af36-c9dc5eaa2ca0" testListId="8c84fa94-04c1-424b-9868-57a2d4851a1d" />
    <TestEntry testId="b2c3c213-78a2-2055-8d89-1aa53cbe0601" executionId="9169f766-536e-452c-b72d-0845a1b2f027" testListId="8c84fa94-04c1-424b-9868-57a2d4851a1d" />
    <TestEntry testId="b2c3c213-78a2-2055-8d89-1aa53cbe0601" executionId="46cb7627-2ff6-4d9d-b3ff-83a7f29ef92a" testListId="8c84fa94-04c1-424b-9868-57a2d4851a1d" />
    <TestEntry testId="ef76d745-6bb7-ce82-eab4-e1b079f23477" executionId="a57c6d55-dc99-4e0c-891e-173a9604d769" testListId="8c84fa94-04c1-424b-9868-57a2d4851a1d" />
    <TestEntry testId="a7449066-8254-83d7-529d-db7ee72a9227" executionId="7034de58-c089-45f5-bd97-e3d913855d7d" testListId="8c84fa94-04c1-424b-9868-57a2d4851a1d" />
    <TestEntry testId="ecc1bcc7-12d3-b9a4-3e4b-83dfc613c7f0" executionId="e24a6ba6-4f3a-4e1e-ad1d-cdd460b91326" testListId="8c84fa94-04c1-424b-9868-57a2d4851a1d" />
    <TestEntry testId="ba2d684e-8b03-4f52-38e3-303175dc643d" executionId="900630bd-78b4-4b48-a1a2-5a209c810f5a" testListId="8c84fa94-04c1-424b-9868-57a2d4851a1d" />
    <TestEntry testId="b2c3c213-78a2-2055-8d89-1aa53cbe0601" executionId="7947290e-68c7-4369-8f36-783784e19e50" testListId="8c84fa94-04c1-424b-9868-57a2d4851a1d" />
  </TestEntries>
  <TestLists>
    <TestList name="Results Not in a List" id="8c84fa94-04c1-424b-9868-57a2d4851a1d" />
    <TestList name="All Loaded Results" id="19431567-8539-422a-85d7-44ee4e166bda" />
  </TestLists>
  <ResultSummary outcome="Completed">
    <Counters total="8" executed="8" passed="8" failed="0" error="0" timeout="0" aborted="0" inconclusive="0" passedButRunAborted="0" notRunnable="0" notExecuted="0" disconnected="0" warning="0" completed="0" inProgress="0" pending="0" />
    <Output>
      <StdOut>NUnit Adapter 4.6.0.0: Test execution started&#xD;
Running selected tests in C:\Users\Eric\Documents\vscode-repos\InventoryManagementSystemFramework\InventoryManagementSystemFramework\bin\Debug\net9.0\InventoryManagementSystemFramework.dll&#xD;
   NUnit3TestExecutor discovered 8 of 8 NUnit test cases using Current Discovery mode, Non-Explicit run&#xD;
NUnit Adapter 4.6.0.0: Test execution complete&#xD;
</StdOut>
    </Output>
    <RunInfos>
      <RunInfo computerName="DESKTOP-RSFFHJT" outcome="Warning" timestamp="2025-05-01T21:13:05.1827776-04:00">
        <Text>2025-05-02T01:13:05.176Z pw:api navigating to "https://www.zoho.com/ca/inventory/inventory-software-demo/#/home/inventory-dashboard", waiting until "load"</Text>
      </RunInfo>
      <RunInfo computerName="DESKTOP-RSFFHJT" outcome="Warning" timestamp="2025-05-01T21:13:05.4860083-04:00">
        <Text>2025-05-02T01:13:05.484Z pw:api   "commit" event fired</Text>
      </RunInfo>
      <RunInfo computerName="DESKTOP-RSFFHJT" outcome="Warning" timestamp="2025-05-01T21:13:05.4860155-04:00">
        <Text>2025-05-02T01:13:05.484Z pw:api   navigated to "https://www.zoho.com/ca/inventory/inventory-software-demo/#/home/inventory-dashboard"</Text>
      </RunInfo>
      <RunInfo computerName="DESKTOP-RSFFHJT" outcome="Warning" timestamp="2025-05-01T21:13:07.3756922-04:00">
        <Text>2025-05-02T01:13:07.374Z pw:api   "networkidle" event fired</Text>
      </RunInfo>
      <RunInfo computerName="DESKTOP-RSFFHJT" outcome="Warning" timestamp="2025-05-01T21:13:07.7899966-04:00">
        <Text>2025-05-02T01:13:07.788Z pw:api   "domcontentloaded" event fired</Text>
      </RunInfo>
      <RunInfo computerName="DESKTOP-RSFFHJT" outcome="Warning" timestamp="2025-05-01T21:13:08.6587326-04:00">
        <Text>2025-05-02T01:13:08.657Z pw:api   "load" event fired</Text>
      </RunInfo>
      <RunInfo computerName="DESKTOP-RSFFHJT" outcome="Warning" timestamp="2025-05-01T21:13:08.6682095-04:00">
        <Text>2025-05-02T01:13:08.666Z pw:api waiting for Locator("div[class='d-flex mt-3'] div[class='font-xlarge text-medium mt-3']")</Text>
      </RunInfo>
      <RunInfo computerName="DESKTOP-RSFFHJT" outcome="Warning" timestamp="2025-05-01T21:13:08.6865570-04:00">
        <Text>2025-05-02T01:13:08.685Z pw:api   locator resolved to &lt;div class="font-xlarge text-medium mt-3"&gt;Hello, Demo User&lt;/div&gt;</Text>
      </RunInfo>
      <RunInfo computerName="DESKTOP-RSFFHJT" outcome="Warning" timestamp="2025-05-01T21:13:08.7008032-04:00">
        <Text>2025-05-02T01:13:08.699Z pw:api waiting for Locator("div[class='d-flex mt-3'] div[class='text-muted']")</Text>
      </RunInfo>
      <RunInfo computerName="DESKTOP-RSFFHJT" outcome="Warning" timestamp="2025-05-01T21:13:08.7031597-04:00">
        <Text>2025-05-02T01:13:08.702Z pw:api   locator resolved to &lt;div class="text-muted"&gt;Demo Org&lt;/div&gt;</Text>
      </RunInfo>
      <RunInfo computerName="DESKTOP-RSFFHJT" outcome="Warning" timestamp="2025-05-01T21:13:08.7099455-04:00">
        <Text>2025-05-02T01:13:08.708Z pw:api waiting for Locator("div[class='inv-summary']").First.Locator("label")</Text>
      </RunInfo>
      <RunInfo computerName="DESKTOP-RSFFHJT" outcome="Warning" timestamp="2025-05-01T21:13:08.7121309-04:00">
        <Text>2025-05-02T01:13:08.711Z pw:api   locator resolved to &lt;label class="text-uppercase fw-light font-small text-void w-65"&gt;Quantity in Hand&lt;/label&gt;</Text>
      </RunInfo>
      <RunInfo computerName="DESKTOP-RSFFHJT" outcome="Warning" timestamp="2025-05-01T21:13:08.7132699-04:00">
        <Text>2025-05-02T01:13:08.712Z pw:api waiting for Locator("div[class='inv-summary']").First.Locator("div")</Text>
      </RunInfo>
      <RunInfo computerName="DESKTOP-RSFFHJT" outcome="Warning" timestamp="2025-05-01T21:13:08.7161149-04:00">
        <Text>2025-05-02T01:13:08.714Z pw:api   locator resolved to &lt;div id="a92a3c002" class="cursor-pointer float-end qty over-flow icon-xlarge text-plain"&gt;12746&lt;/div&gt;</Text>
      </RunInfo>
      <RunInfo computerName="DESKTOP-RSFFHJT" outcome="Warning" timestamp="2025-05-01T21:13:08.7169823-04:00">
        <Text>2025-05-02T01:13:08.715Z pw:api waiting for Locator("div[class='inv-summary']").Nth(1).Locator("label")</Text>
      </RunInfo>
      <RunInfo computerName="DESKTOP-RSFFHJT" outcome="Warning" timestamp="2025-05-01T21:13:08.7187968-04:00">
        <Text>2025-05-02T01:13:08.717Z pw:api   locator resolved to &lt;label class="text-uppercase fw-light font-small text-void w-65"&gt;Quantity to be Received&lt;/label&gt;</Text>
      </RunInfo>
      <RunInfo computerName="DESKTOP-RSFFHJT" outcome="Warning" timestamp="2025-05-01T21:13:08.7197647-04:00">
        <Text>2025-05-02T01:13:08.718Z pw:api waiting for Locator("div[class='inv-summary']").Nth(1).Locator("div")</Text>
      </RunInfo>
      <RunInfo computerName="DESKTOP-RSFFHJT" outcome="Warning" timestamp="2025-05-01T21:13:08.7215453-04:00">
        <Text>2025-05-02T01:13:08.720Z pw:api   locator resolved to &lt;div id="a5df13fec" class="cursor-pointer qty float-end over-flow icon-xlarge text-plain"&gt;62&lt;/div&gt;</Text>
      </RunInfo>
      <RunInfo computerName="DESKTOP-RSFFHJT" outcome="Warning" timestamp="2025-05-01T21:13:08.7255049-04:00">
        <Text>2025-05-02T01:13:08.724Z pw:api waiting for Locator("div[class='inv-summary']").First.Locator("label")</Text>
      </RunInfo>
      <RunInfo computerName="DESKTOP-RSFFHJT" outcome="Warning" timestamp="2025-05-01T21:13:08.7271832-04:00">
        <Text>2025-05-02T01:13:08.726Z pw:api   locator resolved to &lt;label class="text-uppercase fw-light font-small text-void w-65"&gt;Quantity in Hand&lt;/label&gt;</Text>
      </RunInfo>
      <RunInfo computerName="DESKTOP-RSFFHJT" outcome="Warning" timestamp="2025-05-01T21:13:08.7283637-04:00">
        <Text>2025-05-02T01:13:08.727Z pw:api waiting for Locator("div[class='inv-summary']").First.Locator("div")</Text>
      </RunInfo>
      <RunInfo computerName="DESKTOP-RSFFHJT" outcome="Warning" timestamp="2025-05-01T21:13:08.7304622-04:00">
        <Text>2025-05-02T01:13:08.729Z pw:api   locator resolved to &lt;div id="a92a3c002" class="cursor-pointer float-end qty over-flow icon-xlarge text-plain"&gt;12746&lt;/div&gt;</Text>
      </RunInfo>
      <RunInfo computerName="DESKTOP-RSFFHJT" outcome="Warning" timestamp="2025-05-01T21:13:08.7315595-04:00">
        <Text>2025-05-02T01:13:08.730Z pw:api waiting for Locator("div[class='inv-summary']").Nth(1).Locator("label")</Text>
      </RunInfo>
      <RunInfo computerName="DESKTOP-RSFFHJT" outcome="Warning" timestamp="2025-05-01T21:13:08.7336544-04:00">
        <Text>2025-05-02T01:13:08.732Z pw:api   locator resolved to &lt;label class="text-uppercase fw-light font-small text-void w-65"&gt;Quantity to be Received&lt;/label&gt;</Text>
      </RunInfo>
      <RunInfo computerName="DESKTOP-RSFFHJT" outcome="Warning" timestamp="2025-05-01T21:13:08.7344301-04:00">
        <Text>2025-05-02T01:13:08.733Z pw:api waiting for Locator("div[class='inv-summary']").Nth(1).Locator("div")</Text>
      </RunInfo>
      <RunInfo computerName="DESKTOP-RSFFHJT" outcome="Warning" timestamp="2025-05-01T21:13:08.7361094-04:00">
        <Text>2025-05-02T01:13:08.735Z pw:api   locator resolved to &lt;div id="a5df13fec" class="cursor-pointer qty float-end over-flow icon-xlarge text-plain"&gt;62&lt;/div&gt;</Text>
      </RunInfo>
      <RunInfo computerName="DESKTOP-RSFFHJT" outcome="Warning" timestamp="2025-05-01T21:13:08.8283497-04:00">
        <Text>2025-05-02T01:13:08.827Z pw:api navigating to "https://www.zoho.com/ca/inventory/inventory-software-demo/#/home/inventory-dashboard", waiting until "load"</Text>
      </RunInfo>
      <RunInfo computerName="DESKTOP-RSFFHJT" outcome="Warning" timestamp="2025-05-01T21:13:09.0751957-04:00">
        <Text>2025-05-02T01:13:09.073Z pw:api   "commit" event fired</Text>
      </RunInfo>
      <RunInfo computerName="DESKTOP-RSFFHJT" outcome="Warning" timestamp="2025-05-01T21:13:09.0752566-04:00">
        <Text>2025-05-02T01:13:09.073Z pw:api   navigated to "https://www.zoho.com/ca/inventory/inventory-software-demo/#/home/inventory-dashboard"</Text>
      </RunInfo>
      <RunInfo computerName="DESKTOP-RSFFHJT" outcome="Warning" timestamp="2025-05-01T21:13:11.2283040-04:00">
        <Text>2025-05-02T01:13:11.226Z pw:api   "networkidle" event fired</Text>
      </RunInfo>
      <RunInfo computerName="DESKTOP-RSFFHJT" outcome="Warning" timestamp="2025-05-01T21:13:11.6500944-04:00">
        <Text>2025-05-02T01:13:11.648Z pw:api   "domcontentloaded" event fired</Text>
      </RunInfo>
      <RunInfo computerName="DESKTOP-RSFFHJT" outcome="Warning" timestamp="2025-05-01T21:13:12.3953789-04:00">
        <Text>2025-05-02T01:13:12.394Z pw:api   "load" event fired</Text>
      </RunInfo>
      <RunInfo computerName="DESKTOP-RSFFHJT" outcome="Warning" timestamp="2025-05-01T21:13:12.4151869-04:00">
        <Text>2025-05-02T01:13:12.413Z pw:api waiting for Locator("div[id='main-nav-tab'] a[id*='ember'][class$='nav-link'], div[id='main-nav-tab']  a[id*='ember'][class$='nav-link ']").First</Text>
      </RunInfo>
      <RunInfo computerName="DESKTOP-RSFFHJT" outcome="Warning" timestamp="2025-05-01T21:13:12.4181707-04:00">
        <Text>2025-05-02T01:13:12.417Z pw:api   locator resolved to &lt;a id="ember79" href="#/home" class="ember-view active nav-link"&gt;ΓÇª&lt;/a&gt;</Text>
      </RunInfo>
      <RunInfo computerName="DESKTOP-RSFFHJT" outcome="Warning" timestamp="2025-05-01T21:13:12.4190940-04:00">
        <Text>2025-05-02T01:13:12.418Z pw:api waiting for Locator("div[id='main-nav-tab'] a[id*='ember'][class$='nav-link'], div[id='main-nav-tab']  a[id*='ember'][class$='nav-link ']").Nth(1)</Text>
      </RunInfo>
      <RunInfo computerName="DESKTOP-RSFFHJT" outcome="Warning" timestamp="2025-05-01T21:13:12.4213915-04:00">
        <Text>2025-05-02T01:13:12.420Z pw:api   locator resolved to &lt;a id="ember82" class="collapsed ember-view nav-link "&gt;ΓÇª&lt;/a&gt;</Text>
      </RunInfo>
      <RunInfo computerName="DESKTOP-RSFFHJT" outcome="Warning" timestamp="2025-05-01T21:13:12.4226725-04:00">
        <Text>2025-05-02T01:13:12.421Z pw:api waiting for Locator("div[id='main-nav-tab'] a[id*='ember'][class$='nav-link'], div[id='main-nav-tab']  a[id*='ember'][class$='nav-link ']").Nth(2)</Text>
      </RunInfo>
      <RunInfo computerName="DESKTOP-RSFFHJT" outcome="Warning" timestamp="2025-05-01T21:13:12.4249236-04:00">
        <Text>2025-05-02T01:13:12.423Z pw:api   locator resolved to &lt;a id="ember86" href="#/inventory/items" class="ember-view nav-link"&gt;ΓÇª&lt;/a&gt;</Text>
      </RunInfo>
      <RunInfo computerName="DESKTOP-RSFFHJT" outcome="Warning" timestamp="2025-05-01T21:13:12.4258901-04:00">
        <Text>2025-05-02T01:13:12.424Z pw:api waiting for Locator("div[id='main-nav-tab'] a[id*='ember'][class$='nav-link'], div[id='main-nav-tab']  a[id*='ember'][class$='nav-link ']").Nth(3)</Text>
      </RunInfo>
      <RunInfo computerName="DESKTOP-RSFFHJT" outcome="Warning" timestamp="2025-05-01T21:13:12.4279699-04:00">
        <Text>2025-05-02T01:13:12.426Z pw:api   locator resolved to &lt;a id="ember91" class="ember-view nav-link" href="#/inventory/itemgroups"&gt;ΓÇª&lt;/a&gt;</Text>
      </RunInfo>
      <RunInfo computerName="DESKTOP-RSFFHJT" outcome="Warning" timestamp="2025-05-01T21:13:12.4288010-04:00">
        <Text>2025-05-02T01:13:12.427Z pw:api waiting for Locator("div[id='main-nav-tab'] a[id*='ember'][class$='nav-link'], div[id='main-nav-tab']  a[id*='ember'][class$='nav-link ']").Nth(4)</Text>
      </RunInfo>
      <RunInfo computerName="DESKTOP-RSFFHJT" outcome="Warning" timestamp="2025-05-01T21:13:12.4311135-04:00">
        <Text>2025-05-02T01:13:12.429Z pw:api   locator resolved to &lt;a id="ember97" class="ember-view nav-link" href="#/inventory/adjustments"&gt;ΓÇª&lt;/a&gt;</Text>
      </RunInfo>
      <RunInfo computerName="DESKTOP-RSFFHJT" outcome="Warning" timestamp="2025-05-01T21:13:12.4318679-04:00">
        <Text>2025-05-02T01:13:12.430Z pw:api waiting for Locator("div[id='main-nav-tab'] a[id*='ember'][class$='nav-link'], div[id='main-nav-tab']  a[id*='ember'][class$='nav-link ']").Nth(5)</Text>
      </RunInfo>
      <RunInfo computerName="DESKTOP-RSFFHJT" outcome="Warning" timestamp="2025-05-01T21:13:12.4339734-04:00">
        <Text>2025-05-02T01:13:12.432Z pw:api   locator resolved to &lt;a id="ember104" class="collapsed ember-view nav-link "&gt;ΓÇª&lt;/a&gt;</Text>
      </RunInfo>
      <RunInfo computerName="DESKTOP-RSFFHJT" outcome="Warning" timestamp="2025-05-01T21:13:12.4348376-04:00">
        <Text>2025-05-02T01:13:12.433Z pw:api waiting for Locator("div[id='main-nav-tab'] a[id*='ember'][class$='nav-link'], div[id='main-nav-tab']  a[id*='ember'][class$='nav-link ']").Nth(6)</Text>
      </RunInfo>
      <RunInfo computerName="DESKTOP-RSFFHJT" outcome="Warning" timestamp="2025-05-01T21:13:12.4368723-04:00">
        <Text>2025-05-02T01:13:12.435Z pw:api   locator resolved to &lt;a id="ember108" href="#/contacts" class="ember-view nav-link"&gt;ΓÇª&lt;/a&gt;</Text>
      </RunInfo>
      <RunInfo computerName="DESKTOP-RSFFHJT" outcome="Warning" timestamp="2025-05-01T21:13:12.4377285-04:00">
        <Text>2025-05-02T01:13:12.436Z pw:api waiting for Locator("div[id='main-nav-tab'] a[id*='ember'][class$='nav-link'], div[id='main-nav-tab']  a[id*='ember'][class$='nav-link ']").Nth(7)</Text>
      </RunInfo>
      <RunInfo computerName="DESKTOP-RSFFHJT" outcome="Warning" timestamp="2025-05-01T21:13:12.4394914-04:00">
        <Text>2025-05-02T01:13:12.438Z pw:api   locator resolved to &lt;a id="ember114" href="#/salesorders" class="ember-view nav-link"&gt;ΓÇª&lt;/a&gt;</Text>
      </RunInfo>
      <RunInfo computerName="DESKTOP-RSFFHJT" outcome="Warning" timestamp="2025-05-01T21:13:12.4401649-04:00">
        <Text>2025-05-02T01:13:12.439Z pw:api waiting for Locator("div[id='main-nav-tab'] a[id*='ember'][class$='nav-link'], div[id='main-nav-tab']  a[id*='ember'][class$='nav-link ']").Nth(8)</Text>
      </RunInfo>
      <RunInfo computerName="DESKTOP-RSFFHJT" outcome="Warning" timestamp="2025-05-01T21:13:12.4419172-04:00">
        <Text>2025-05-02T01:13:12.440Z pw:api   locator resolved to &lt;a id="ember121" href="#/packages" class="ember-view nav-link"&gt;ΓÇª&lt;/a&gt;</Text>
      </RunInfo>
      <RunInfo computerName="DESKTOP-RSFFHJT" outcome="Warning" timestamp="2025-05-01T21:13:12.4428432-04:00">
        <Text>2025-05-02T01:13:12.441Z pw:api waiting for Locator("div[id='main-nav-tab'] a[id*='ember'][class$='nav-link'], div[id='main-nav-tab']  a[id*='ember'][class$='nav-link ']").Nth(9)</Text>
      </RunInfo>
      <RunInfo computerName="DESKTOP-RSFFHJT" outcome="Warning" timestamp="2025-05-01T21:13:12.4515348-04:00">
        <Text>2025-05-02T01:13:12.450Z pw:api   locator resolved to &lt;a id="ember125" href="#/shipments" class="ember-view nav-link"&gt;ΓÇª&lt;/a&gt;</Text>
      </RunInfo>
      <RunInfo computerName="DESKTOP-RSFFHJT" outcome="Warning" timestamp="2025-05-01T21:13:12.4527053-04:00">
        <Text>2025-05-02T01:13:12.451Z pw:api waiting for Locator("div[id='main-nav-tab'] a[id*='ember'][class$='nav-link'], div[id='main-nav-tab']  a[id*='ember'][class$='nav-link ']").Nth(10)</Text>
      </RunInfo>
      <RunInfo computerName="DESKTOP-RSFFHJT" outcome="Warning" timestamp="2025-05-01T21:13:12.4792089-04:00">
        <Text>2025-05-02T01:13:12.477Z pw:api   locator resolved to &lt;a id="ember129" href="#/invoices" class="ember-view nav-link"&gt;ΓÇª&lt;/a&gt;</Text>
      </RunInfo>
      <RunInfo computerName="DESKTOP-RSFFHJT" outcome="Warning" timestamp="2025-05-01T21:13:12.4806151-04:00">
        <Text>2025-05-02T01:13:12.479Z pw:api waiting for Locator("div[id='main-nav-tab'] a[id*='ember'][class$='nav-link'], div[id='main-nav-tab']  a[id*='ember'][class$='nav-link ']").Nth(11)</Text>
      </RunInfo>
      <RunInfo computerName="DESKTOP-RSFFHJT" outcome="Warning" timestamp="2025-05-01T21:13:12.5016740-04:00">
        <Text>2025-05-02T01:13:12.500Z pw:api   locator resolved to &lt;a id="ember134" href="#/paymentsreceived" class="ember-view nav-link"&gt;ΓÇª&lt;/a&gt;</Text>
      </RunInfo>
      <RunInfo computerName="DESKTOP-RSFFHJT" outcome="Warning" timestamp="2025-05-01T21:13:12.5027585-04:00">
        <Text>2025-05-02T01:13:12.501Z pw:api waiting for Locator("div[id='main-nav-tab'] a[id*='ember'][class$='nav-link'], div[id='main-nav-tab']  a[id*='ember'][class$='nav-link ']").Nth(12)</Text>
      </RunInfo>
      <RunInfo computerName="DESKTOP-RSFFHJT" outcome="Warning" timestamp="2025-05-01T21:13:12.5081095-04:00">
        <Text>2025-05-02T01:13:12.506Z pw:api   locator resolved to &lt;a id="ember140" href="#/salesreturns" class="ember-view nav-link"&gt;ΓÇª&lt;/a&gt;</Text>
      </RunInfo>
      <RunInfo computerName="DESKTOP-RSFFHJT" outcome="Warning" timestamp="2025-05-01T21:13:12.5090065-04:00">
        <Text>2025-05-02T01:13:12.507Z pw:api waiting for Locator("div[id='main-nav-tab'] a[id*='ember'][class$='nav-link'], div[id='main-nav-tab']  a[id*='ember'][class$='nav-link ']").Nth(13)</Text>
      </RunInfo>
      <RunInfo computerName="DESKTOP-RSFFHJT" outcome="Warning" timestamp="2025-05-01T21:13:12.5109118-04:00">
        <Text>2025-05-02T01:13:12.509Z pw:api   locator resolved to &lt;a id="ember143" href="#/creditnotes" class="ember-view nav-link"&gt;ΓÇª&lt;/a&gt;</Text>
      </RunInfo>
      <RunInfo computerName="DESKTOP-RSFFHJT" outcome="Warning" timestamp="2025-05-01T21:13:12.5117041-04:00">
        <Text>2025-05-02T01:13:12.510Z pw:api waiting for Locator("div[id='main-nav-tab'] a[id*='ember'][class$='nav-link'], div[id='main-nav-tab']  a[id*='ember'][class$='nav-link ']").Nth(14)</Text>
      </RunInfo>
      <RunInfo computerName="DESKTOP-RSFFHJT" outcome="Warning" timestamp="2025-05-01T21:13:12.5139261-04:00">
        <Text>2025-05-02T01:13:12.512Z pw:api   locator resolved to &lt;a id="ember147" class="collapsed ember-view nav-link "&gt;ΓÇª&lt;/a&gt;</Text>
      </RunInfo>
      <RunInfo computerName="DESKTOP-RSFFHJT" outcome="Warning" timestamp="2025-05-01T21:13:12.5149821-04:00">
        <Text>2025-05-02T01:13:12.513Z pw:api waiting for Locator("div[id='main-nav-tab'] a[id*='ember'][class$='nav-link'], div[id='main-nav-tab']  a[id*='ember'][class$='nav-link ']").Nth(15)</Text>
      </RunInfo>
      <RunInfo computerName="DESKTOP-RSFFHJT" outcome="Warning" timestamp="2025-05-01T21:13:12.5171775-04:00">
        <Text>2025-05-02T01:13:12.516Z pw:api   locator resolved to &lt;a id="ember151" href="#/vendors" class="ember-view nav-link"&gt;ΓÇª&lt;/a&gt;</Text>
      </RunInfo>
      <RunInfo computerName="DESKTOP-RSFFHJT" outcome="Warning" timestamp="2025-05-01T21:13:12.5179807-04:00">
        <Text>2025-05-02T01:13:12.517Z pw:api waiting for Locator("div[id='main-nav-tab'] a[id*='ember'][class$='nav-link'], div[id='main-nav-tab']  a[id*='ember'][class$='nav-link ']").Nth(16)</Text>
      </RunInfo>
      <RunInfo computerName="DESKTOP-RSFFHJT" outcome="Warning" timestamp="2025-05-01T21:13:12.5199563-04:00">
        <Text>2025-05-02T01:13:12.518Z pw:api   locator resolved to &lt;a id="ember155" href="#/expenses" class="ember-view nav-link"&gt;ΓÇª&lt;/a&gt;</Text>
      </RunInfo>
      <RunInfo computerName="DESKTOP-RSFFHJT" outcome="Warning" timestamp="2025-05-01T21:13:12.5207152-04:00">
        <Text>2025-05-02T01:13:12.519Z pw:api waiting for Locator("div[id='main-nav-tab'] a[id*='ember'][class$='nav-link'], div[id='main-nav-tab']  a[id*='ember'][class$='nav-link ']").Nth(17)</Text>
      </RunInfo>
      <RunInfo computerName="DESKTOP-RSFFHJT" outcome="Warning" timestamp="2025-05-01T21:13:12.5226985-04:00">
        <Text>2025-05-02T01:13:12.521Z pw:api   locator resolved to &lt;a id="ember159" href="#/purchaseorders" class="ember-view nav-link"&gt;ΓÇª&lt;/a&gt;</Text>
      </RunInfo>
      <RunInfo computerName="DESKTOP-RSFFHJT" outcome="Warning" timestamp="2025-05-01T21:13:12.5234618-04:00">
        <Text>2025-05-02T01:13:12.522Z pw:api waiting for Locator("div[id='main-nav-tab'] a[id*='ember'][class$='nav-link'], div[id='main-nav-tab']  a[id*='ember'][class$='nav-link ']").Nth(18)</Text>
      </RunInfo>
      <RunInfo computerName="DESKTOP-RSFFHJT" outcome="Warning" timestamp="2025-05-01T21:13:12.5252449-04:00">
        <Text>2025-05-02T01:13:12.524Z pw:api   locator resolved to &lt;a id="ember163" href="#/purchasereceives" class="ember-view nav-link"&gt;ΓÇª&lt;/a&gt;</Text>
      </RunInfo>
      <RunInfo computerName="DESKTOP-RSFFHJT" outcome="Warning" timestamp="2025-05-01T21:13:12.5258279-04:00">
        <Text>2025-05-02T01:13:12.524Z pw:api waiting for Locator("div[id='main-nav-tab'] a[id*='ember'][class$='nav-link'], div[id='main-nav-tab']  a[id*='ember'][class$='nav-link ']").Nth(19)</Text>
      </RunInfo>
      <RunInfo computerName="DESKTOP-RSFFHJT" outcome="Warning" timestamp="2025-05-01T21:13:12.5276347-04:00">
        <Text>2025-05-02T01:13:12.526Z pw:api   locator resolved to &lt;a id="ember168" href="#/bills" class="ember-view nav-link"&gt;ΓÇª&lt;/a&gt;</Text>
      </RunInfo>
      <RunInfo computerName="DESKTOP-RSFFHJT" outcome="Warning" timestamp="2025-05-01T21:13:12.5283525-04:00">
        <Text>2025-05-02T01:13:12.527Z pw:api waiting for Locator("div[id='main-nav-tab'] a[id*='ember'][class$='nav-link'], div[id='main-nav-tab']  a[id*='ember'][class$='nav-link ']").Nth(20)</Text>
      </RunInfo>
      <RunInfo computerName="DESKTOP-RSFFHJT" outcome="Warning" timestamp="2025-05-01T21:13:12.5307787-04:00">
        <Text>2025-05-02T01:13:12.529Z pw:api   locator resolved to &lt;a id="ember172" href="#/paymentsmade" class="ember-view nav-link"&gt;ΓÇª&lt;/a&gt;</Text>
      </RunInfo>
      <RunInfo computerName="DESKTOP-RSFFHJT" outcome="Warning" timestamp="2025-05-01T21:13:12.5317597-04:00">
        <Text>2025-05-02T01:13:12.530Z pw:api waiting for Locator("div[id='main-nav-tab'] a[id*='ember'][class$='nav-link'], div[id='main-nav-tab']  a[id*='ember'][class$='nav-link ']").Nth(21)</Text>
      </RunInfo>
      <RunInfo computerName="DESKTOP-RSFFHJT" outcome="Warning" timestamp="2025-05-01T21:13:12.5337665-04:00">
        <Text>2025-05-02T01:13:12.532Z pw:api   locator resolved to &lt;a id="ember177" href="#/vendorcredits" class="ember-view nav-link"&gt;ΓÇª&lt;/a&gt;</Text>
      </RunInfo>
      <RunInfo computerName="DESKTOP-RSFFHJT" outcome="Warning" timestamp="2025-05-01T21:13:12.5346427-04:00">
        <Text>2025-05-02T01:13:12.533Z pw:api waiting for Locator("div[id='main-nav-tab'] a[id*='ember'][class$='nav-link'], div[id='main-nav-tab']  a[id*='ember'][class$='nav-link ']").Nth(22)</Text>
      </RunInfo>
      <RunInfo computerName="DESKTOP-RSFFHJT" outcome="Warning" timestamp="2025-05-01T21:13:12.5364063-04:00">
        <Text>2025-05-02T01:13:12.535Z pw:api   locator resolved to &lt;a id="ember181" class="ember-view nav-link" href="#/settings/integrations"&gt;ΓÇª&lt;/a&gt;</Text>
      </RunInfo>
      <RunInfo computerName="DESKTOP-RSFFHJT" outcome="Warning" timestamp="2025-05-01T21:13:12.5371337-04:00">
        <Text>2025-05-02T01:13:12.536Z pw:api waiting for Locator("div[id='main-nav-tab'] a[id*='ember'][class$='nav-link'], div[id='main-nav-tab']  a[id*='ember'][class$='nav-link ']").Nth(23)</Text>
      </RunInfo>
      <RunInfo computerName="DESKTOP-RSFFHJT" outcome="Warning" timestamp="2025-05-01T21:13:12.5389377-04:00">
        <Text>2025-05-02T01:13:12.537Z pw:api   locator resolved to &lt;a id="ember184" href="#/reports" class="ember-view nav-link"&gt;ΓÇª&lt;/a&gt;</Text>
      </RunInfo>
      <RunInfo computerName="DESKTOP-RSFFHJT" outcome="Warning" timestamp="2025-05-01T21:13:12.5396822-04:00">
        <Text>2025-05-02T01:13:12.538Z pw:api waiting for Locator("div[id='main-nav-tab'] a[id*='ember'][class$='nav-link'], div[id='main-nav-tab']  a[id*='ember'][class$='nav-link ']").Nth(24)</Text>
      </RunInfo>
      <RunInfo computerName="DESKTOP-RSFFHJT" outcome="Warning" timestamp="2025-05-01T21:13:12.5414354-04:00">
        <Text>2025-05-02T01:13:12.540Z pw:api   locator resolved to &lt;a id="ember187" href="#/documents/inbox" class="ember-view nav-link"&gt;ΓÇª&lt;/a&gt;</Text>
      </RunInfo>
      <RunInfo computerName="DESKTOP-RSFFHJT" outcome="Warning" timestamp="2025-05-01T21:13:12.5436706-04:00">
        <Text>2025-05-02T01:13:12.542Z pw:api waiting for Locator("div[id='main-nav-tab'] a[id*='ember'][class$='nav-link'], div[id='main-nav-tab']  a[id*='ember'][class$='nav-link ']").Nth(1)</Text>
      </RunInfo>
      <RunInfo computerName="DESKTOP-RSFFHJT" outcome="Warning" timestamp="2025-05-01T21:13:12.5483754-04:00">
        <Text>2025-05-02T01:13:12.547Z pw:api   locator resolved to &lt;a id="ember82" class="collapsed ember-view nav-link "&gt;ΓÇª&lt;/a&gt;</Text>
      </RunInfo>
      <RunInfo computerName="DESKTOP-RSFFHJT" outcome="Warning" timestamp="2025-05-01T21:13:12.5493838-04:00">
        <Text>2025-05-02T01:13:12.548Z pw:api attempting click action</Text>
      </RunInfo>
      <RunInfo computerName="DESKTOP-RSFFHJT" outcome="Warning" timestamp="2025-05-01T21:13:12.5497031-04:00">
        <Text>2025-05-02T01:13:12.548Z pw:api   waiting for element to be visible, enabled and stable</Text>
      </RunInfo>
      <RunInfo computerName="DESKTOP-RSFFHJT" outcome="Warning" timestamp="2025-05-01T21:13:12.5812444-04:00">
        <Text>2025-05-02T01:13:12.579Z pw:api   element is visible, enabled and stable</Text>
      </RunInfo>
      <RunInfo computerName="DESKTOP-RSFFHJT" outcome="Warning" timestamp="2025-05-01T21:13:12.5812519-04:00">
        <Text>2025-05-02T01:13:12.580Z pw:api   scrolling into view if needed</Text>
      </RunInfo>
      <RunInfo computerName="DESKTOP-RSFFHJT" outcome="Warning" timestamp="2025-05-01T21:13:12.5820991-04:00">
        <Text>2025-05-02T01:13:12.581Z pw:api   done scrolling</Text>
      </RunInfo>
      <RunInfo computerName="DESKTOP-RSFFHJT" outcome="Warning" timestamp="2025-05-01T21:13:12.5854160-04:00">
        <Text>2025-05-02T01:13:12.584Z pw:api   performing click action</Text>
      </RunInfo>
      <RunInfo computerName="DESKTOP-RSFFHJT" outcome="Warning" timestamp="2025-05-01T21:13:12.5946305-04:00">
        <Text>2025-05-02T01:13:12.593Z pw:api   click action done</Text>
      </RunInfo>
      <RunInfo computerName="DESKTOP-RSFFHJT" outcome="Warning" timestamp="2025-05-01T21:13:12.5946362-04:00">
        <Text>2025-05-02T01:13:12.593Z pw:api   waiting for scheduled navigations to finish</Text>
      </RunInfo>
      <RunInfo computerName="DESKTOP-RSFFHJT" outcome="Warning" timestamp="2025-05-01T21:13:12.5949220-04:00">
        <Text>2025-05-02T01:13:12.593Z pw:api   navigations have finished</Text>
      </RunInfo>
      <RunInfo computerName="DESKTOP-RSFFHJT" outcome="Warning" timestamp="2025-05-01T21:13:12.6011085-04:00">
        <Text>2025-05-02T01:13:12.599Z pw:api waiting for Locator("div[id='main-nav-tab'] a[id*='ember'][class$='nav-link'], div[id='main-nav-tab']  a[id*='ember'][class$='nav-link ']").First</Text>
      </RunInfo>
      <RunInfo computerName="DESKTOP-RSFFHJT" outcome="Warning" timestamp="2025-05-01T21:13:12.6028550-04:00">
        <Text>2025-05-02T01:13:12.601Z pw:api   locator resolved to &lt;a id="ember79" href="#/home" class="ember-view active nav-link"&gt;ΓÇª&lt;/a&gt;</Text>
      </RunInfo>
      <RunInfo computerName="DESKTOP-RSFFHJT" outcome="Warning" timestamp="2025-05-01T21:13:12.6037928-04:00">
        <Text>2025-05-02T01:13:12.602Z pw:api waiting for Locator("div[id='main-nav-tab'] a[id*='ember'][class$='nav-link'], div[id='main-nav-tab']  a[id*='ember'][class$='nav-link ']").Nth(1)</Text>
      </RunInfo>
      <RunInfo computerName="DESKTOP-RSFFHJT" outcome="Warning" timestamp="2025-05-01T21:13:12.6057908-04:00">
        <Text>2025-05-02T01:13:12.604Z pw:api   locator resolved to &lt;a id="ember82" class="ember-view nav-link "&gt;ΓÇª&lt;/a&gt;</Text>
      </RunInfo>
      <RunInfo computerName="DESKTOP-RSFFHJT" outcome="Warning" timestamp="2025-05-01T21:13:12.6065802-04:00">
        <Text>2025-05-02T01:13:12.605Z pw:api waiting for Locator("div[id='main-nav-tab'] a[id*='ember'][class$='nav-link'], div[id='main-nav-tab']  a[id*='ember'][class$='nav-link ']").Nth(2)</Text>
      </RunInfo>
      <RunInfo computerName="DESKTOP-RSFFHJT" outcome="Warning" timestamp="2025-05-01T21:13:12.6085616-04:00">
        <Text>2025-05-02T01:13:12.607Z pw:api   locator resolved to &lt;a id="ember86" href="#/inventory/items" class="ember-view nav-link"&gt;ΓÇª&lt;/a&gt;</Text>
      </RunInfo>
      <RunInfo computerName="DESKTOP-RSFFHJT" outcome="Warning" timestamp="2025-05-01T21:13:12.6093750-04:00">
        <Text>2025-05-02T01:13:12.608Z pw:api waiting for Locator("div[id='main-nav-tab'] a[id*='ember'][class$='nav-link'], div[id='main-nav-tab']  a[id*='ember'][class$='nav-link ']").Nth(3)</Text>
      </RunInfo>
      <RunInfo computerName="DESKTOP-RSFFHJT" outcome="Warning" timestamp="2025-05-01T21:13:12.6113542-04:00">
        <Text>2025-05-02T01:13:12.610Z pw:api   locator resolved to &lt;a id="ember91" class="ember-view nav-link" href="#/inventory/itemgroups"&gt;ΓÇª&lt;/a&gt;</Text>
      </RunInfo>
      <RunInfo computerName="DESKTOP-RSFFHJT" outcome="Warning" timestamp="2025-05-01T21:13:12.6122473-04:00">
        <Text>2025-05-02T01:13:12.611Z pw:api waiting for Locator("div[id='main-nav-tab'] a[id*='ember'][class$='nav-link'], div[id='main-nav-tab']  a[id*='ember'][class$='nav-link ']").Nth(4)</Text>
      </RunInfo>
      <RunInfo computerName="DESKTOP-RSFFHJT" outcome="Warning" timestamp="2025-05-01T21:13:12.6150282-04:00">
        <Text>2025-05-02T01:13:12.613Z pw:api   locator resolved to &lt;a id="ember97" class="ember-view nav-link" href="#/inventory/adjustments"&gt;ΓÇª&lt;/a&gt;</Text>
      </RunInfo>
      <RunInfo computerName="DESKTOP-RSFFHJT" outcome="Warning" timestamp="2025-05-01T21:13:12.6159940-04:00">
        <Text>2025-05-02T01:13:12.614Z pw:api waiting for Locator("div[id='main-nav-tab'] a[id*='ember'][class$='nav-link'], div[id='main-nav-tab']  a[id*='ember'][class$='nav-link ']").Nth(5)</Text>
      </RunInfo>
      <RunInfo computerName="DESKTOP-RSFFHJT" outcome="Warning" timestamp="2025-05-01T21:13:12.6196480-04:00">
        <Text>2025-05-02T01:13:12.617Z pw:api   locator resolved to &lt;a id="ember104" class="collapsed ember-view nav-link "&gt;ΓÇª&lt;/a&gt;</Text>
      </RunInfo>
      <RunInfo computerName="DESKTOP-RSFFHJT" outcome="Warning" timestamp="2025-05-01T21:13:12.6202020-04:00">
        <Text>2025-05-02T01:13:12.619Z pw:api waiting for Locator("div[id='main-nav-tab'] a[id*='ember'][class$='nav-link'], div[id='main-nav-tab']  a[id*='ember'][class$='nav-link ']").Nth(6)</Text>
      </RunInfo>
      <RunInfo computerName="DESKTOP-RSFFHJT" outcome="Warning" timestamp="2025-05-01T21:13:12.6263877-04:00">
        <Text>2025-05-02T01:13:12.625Z pw:api   locator resolved to &lt;a id="ember108" href="#/contacts" class="ember-view nav-link"&gt;ΓÇª&lt;/a&gt;</Text>
      </RunInfo>
      <RunInfo computerName="DESKTOP-RSFFHJT" outcome="Warning" timestamp="2025-05-01T21:13:12.6273935-04:00">
        <Text>2025-05-02T01:13:12.626Z pw:api waiting for Locator("div[id='main-nav-tab'] a[id*='ember'][class$='nav-link'], div[id='main-nav-tab']  a[id*='ember'][class$='nav-link ']").Nth(7)</Text>
      </RunInfo>
      <RunInfo computerName="DESKTOP-RSFFHJT" outcome="Warning" timestamp="2025-05-01T21:13:12.6296637-04:00">
        <Text>2025-05-02T01:13:12.628Z pw:api   locator resolved to &lt;a id="ember114" href="#/salesorders" class="ember-view nav-link"&gt;ΓÇª&lt;/a&gt;</Text>
      </RunInfo>
      <RunInfo computerName="DESKTOP-RSFFHJT" outcome="Warning" timestamp="2025-05-01T21:13:12.6309589-04:00">
        <Text>2025-05-02T01:13:12.629Z pw:api waiting for Locator("div[id='main-nav-tab'] a[id*='ember'][class$='nav-link'], div[id='main-nav-tab']  a[id*='ember'][class$='nav-link ']").Nth(8)</Text>
      </RunInfo>
      <RunInfo computerName="DESKTOP-RSFFHJT" outcome="Warning" timestamp="2025-05-01T21:13:12.6340410-04:00">
        <Text>2025-05-02T01:13:12.632Z pw:api   locator resolved to &lt;a id="ember121" href="#/packages" class="ember-view nav-link"&gt;ΓÇª&lt;/a&gt;</Text>
      </RunInfo>
      <RunInfo computerName="DESKTOP-RSFFHJT" outcome="Warning" timestamp="2025-05-01T21:13:12.6352830-04:00">
        <Text>2025-05-02T01:13:12.634Z pw:api waiting for Locator("div[id='main-nav-tab'] a[id*='ember'][class$='nav-link'], div[id='main-nav-tab']  a[id*='ember'][class$='nav-link ']").Nth(9)</Text>
      </RunInfo>
      <RunInfo computerName="DESKTOP-RSFFHJT" outcome="Warning" timestamp="2025-05-01T21:13:12.6372790-04:00">
        <Text>2025-05-02T01:13:12.636Z pw:api   locator resolved to &lt;a id="ember125" href="#/shipments" class="ember-view nav-link"&gt;ΓÇª&lt;/a&gt;</Text>
      </RunInfo>
      <RunInfo computerName="DESKTOP-RSFFHJT" outcome="Warning" timestamp="2025-05-01T21:13:12.6381612-04:00">
        <Text>2025-05-02T01:13:12.637Z pw:api waiting for Locator("div[id='main-nav-tab'] a[id*='ember'][class$='nav-link'], div[id='main-nav-tab']  a[id*='ember'][class$='nav-link ']").Nth(10)</Text>
      </RunInfo>
      <RunInfo computerName="DESKTOP-RSFFHJT" outcome="Warning" timestamp="2025-05-01T21:13:12.6399890-04:00">
        <Text>2025-05-02T01:13:12.638Z pw:api   locator resolved to &lt;a id="ember129" href="#/invoices" class="ember-view nav-link"&gt;ΓÇª&lt;/a&gt;</Text>
      </RunInfo>
      <RunInfo computerName="DESKTOP-RSFFHJT" outcome="Warning" timestamp="2025-05-01T21:13:12.6407959-04:00">
        <Text>2025-05-02T01:13:12.639Z pw:api waiting for Locator("div[id='main-nav-tab'] a[id*='ember'][class$='nav-link'], div[id='main-nav-tab']  a[id*='ember'][class$='nav-link ']").Nth(11)</Text>
      </RunInfo>
      <RunInfo computerName="DESKTOP-RSFFHJT" outcome="Warning" timestamp="2025-05-01T21:13:12.6425456-04:00">
        <Text>2025-05-02T01:13:12.641Z pw:api   locator resolved to &lt;a id="ember134" href="#/paymentsreceived" class="ember-view nav-link"&gt;ΓÇª&lt;/a&gt;</Text>
      </RunInfo>
      <RunInfo computerName="DESKTOP-RSFFHJT" outcome="Warning" timestamp="2025-05-01T21:13:12.6432429-04:00">
        <Text>2025-05-02T01:13:12.642Z pw:api waiting for Locator("div[id='main-nav-tab'] a[id*='ember'][class$='nav-link'], div[id='main-nav-tab']  a[id*='ember'][class$='nav-link ']").Nth(12)</Text>
      </RunInfo>
      <RunInfo computerName="DESKTOP-RSFFHJT" outcome="Warning" timestamp="2025-05-01T21:13:12.6451953-04:00">
        <Text>2025-05-02T01:13:12.644Z pw:api   locator resolved to &lt;a id="ember140" href="#/salesreturns" class="ember-view nav-link"&gt;ΓÇª&lt;/a&gt;</Text>
      </RunInfo>
      <RunInfo computerName="DESKTOP-RSFFHJT" outcome="Warning" timestamp="2025-05-01T21:13:12.6459755-04:00">
        <Text>2025-05-02T01:13:12.645Z pw:api waiting for Locator("div[id='main-nav-tab'] a[id*='ember'][class$='nav-link'], div[id='main-nav-tab']  a[id*='ember'][class$='nav-link ']").Nth(13)</Text>
      </RunInfo>
      <RunInfo computerName="DESKTOP-RSFFHJT" outcome="Warning" timestamp="2025-05-01T21:13:12.6505643-04:00">
        <Text>2025-05-02T01:13:12.649Z pw:api   locator resolved to &lt;a id="ember143" href="#/creditnotes" class="ember-view nav-link"&gt;ΓÇª&lt;/a&gt;</Text>
      </RunInfo>
      <RunInfo computerName="DESKTOP-RSFFHJT" outcome="Warning" timestamp="2025-05-01T21:13:12.6570810-04:00">
        <Text>2025-05-02T01:13:12.655Z pw:api waiting for Locator("div[id='main-nav-tab'] a[id*='ember'][class$='nav-link'], div[id='main-nav-tab']  a[id*='ember'][class$='nav-link ']").Nth(14)</Text>
      </RunInfo>
      <RunInfo computerName="DESKTOP-RSFFHJT" outcome="Warning" timestamp="2025-05-01T21:13:12.6591360-04:00">
        <Text>2025-05-02T01:13:12.657Z pw:api   locator resolved to &lt;a id="ember147" class="collapsed ember-view nav-link "&gt;ΓÇª&lt;/a&gt;</Text>
      </RunInfo>
      <RunInfo computerName="DESKTOP-RSFFHJT" outcome="Warning" timestamp="2025-05-01T21:13:12.6598230-04:00">
        <Text>2025-05-02T01:13:12.658Z pw:api waiting for Locator("div[id='main-nav-tab'] a[id*='ember'][class$='nav-link'], div[id='main-nav-tab']  a[id*='ember'][class$='nav-link ']").Nth(15)</Text>
      </RunInfo>
      <RunInfo computerName="DESKTOP-RSFFHJT" outcome="Warning" timestamp="2025-05-01T21:13:12.6616698-04:00">
        <Text>2025-05-02T01:13:12.660Z pw:api   locator resolved to &lt;a id="ember151" href="#/vendors" class="ember-view nav-link"&gt;ΓÇª&lt;/a&gt;</Text>
      </RunInfo>
      <RunInfo computerName="DESKTOP-RSFFHJT" outcome="Warning" timestamp="2025-05-01T21:13:12.6626040-04:00">
        <Text>2025-05-02T01:13:12.661Z pw:api waiting for Locator("div[id='main-nav-tab'] a[id*='ember'][class$='nav-link'], div[id='main-nav-tab']  a[id*='ember'][class$='nav-link ']").Nth(16)</Text>
      </RunInfo>
      <RunInfo computerName="DESKTOP-RSFFHJT" outcome="Warning" timestamp="2025-05-01T21:13:12.6670234-04:00">
        <Text>2025-05-02T01:13:12.665Z pw:api   locator resolved to &lt;a id="ember155" href="#/expenses" class="ember-view nav-link"&gt;ΓÇª&lt;/a&gt;</Text>
      </RunInfo>
      <RunInfo computerName="DESKTOP-RSFFHJT" outcome="Warning" timestamp="2025-05-01T21:13:12.6680022-04:00">
        <Text>2025-05-02T01:13:12.667Z pw:api waiting for Locator("div[id='main-nav-tab'] a[id*='ember'][class$='nav-link'], div[id='main-nav-tab']  a[id*='ember'][class$='nav-link ']").Nth(17)</Text>
      </RunInfo>
      <RunInfo computerName="DESKTOP-RSFFHJT" outcome="Warning" timestamp="2025-05-01T21:13:12.6698704-04:00">
        <Text>2025-05-02T01:13:12.668Z pw:api   locator resolved to &lt;a id="ember159" href="#/purchaseorders" class="ember-view nav-link"&gt;ΓÇª&lt;/a&gt;</Text>
      </RunInfo>
      <RunInfo computerName="DESKTOP-RSFFHJT" outcome="Warning" timestamp="2025-05-01T21:13:12.6704860-04:00">
        <Text>2025-05-02T01:13:12.669Z pw:api waiting for Locator("div[id='main-nav-tab'] a[id*='ember'][class$='nav-link'], div[id='main-nav-tab']  a[id*='ember'][class$='nav-link ']").Nth(18)</Text>
      </RunInfo>
      <RunInfo computerName="DESKTOP-RSFFHJT" outcome="Warning" timestamp="2025-05-01T21:13:12.6724341-04:00">
        <Text>2025-05-02T01:13:12.671Z pw:api   locator resolved to &lt;a id="ember163" href="#/purchasereceives" class="ember-view nav-link"&gt;ΓÇª&lt;/a&gt;</Text>
      </RunInfo>
      <RunInfo computerName="DESKTOP-RSFFHJT" outcome="Warning" timestamp="2025-05-01T21:13:12.6731804-04:00">
        <Text>2025-05-02T01:13:12.672Z pw:api waiting for Locator("div[id='main-nav-tab'] a[id*='ember'][class$='nav-link'], div[id='main-nav-tab']  a[id*='ember'][class$='nav-link ']").Nth(19)</Text>
      </RunInfo>
      <RunInfo computerName="DESKTOP-RSFFHJT" outcome="Warning" timestamp="2025-05-01T21:13:12.6748743-04:00">
        <Text>2025-05-02T01:13:12.673Z pw:api   locator resolved to &lt;a id="ember168" href="#/bills" class="ember-view nav-link"&gt;ΓÇª&lt;/a&gt;</Text>
      </RunInfo>
      <RunInfo computerName="DESKTOP-RSFFHJT" outcome="Warning" timestamp="2025-05-01T21:13:12.6755996-04:00">
        <Text>2025-05-02T01:13:12.674Z pw:api waiting for Locator("div[id='main-nav-tab'] a[id*='ember'][class$='nav-link'], div[id='main-nav-tab']  a[id*='ember'][class$='nav-link ']").Nth(20)</Text>
      </RunInfo>
      <RunInfo computerName="DESKTOP-RSFFHJT" outcome="Warning" timestamp="2025-05-01T21:13:12.6771113-04:00">
        <Text>2025-05-02T01:13:12.676Z pw:api   locator resolved to &lt;a id="ember172" href="#/paymentsmade" class="ember-view nav-link"&gt;ΓÇª&lt;/a&gt;</Text>
      </RunInfo>
      <RunInfo computerName="DESKTOP-RSFFHJT" outcome="Warning" timestamp="2025-05-01T21:13:12.6777496-04:00">
        <Text>2025-05-02T01:13:12.676Z pw:api waiting for Locator("div[id='main-nav-tab'] a[id*='ember'][class$='nav-link'], div[id='main-nav-tab']  a[id*='ember'][class$='nav-link ']").Nth(21)</Text>
      </RunInfo>
      <RunInfo computerName="DESKTOP-RSFFHJT" outcome="Warning" timestamp="2025-05-01T21:13:12.6793248-04:00">
        <Text>2025-05-02T01:13:12.678Z pw:api   locator resolved to &lt;a id="ember177" href="#/vendorcredits" class="ember-view nav-link"&gt;ΓÇª&lt;/a&gt;</Text>
      </RunInfo>
      <RunInfo computerName="DESKTOP-RSFFHJT" outcome="Warning" timestamp="2025-05-01T21:13:12.6804511-04:00">
        <Text>2025-05-02T01:13:12.679Z pw:api waiting for Locator("div[id='main-nav-tab'] a[id*='ember'][class$='nav-link'], div[id='main-nav-tab']  a[id*='ember'][class$='nav-link ']").Nth(22)</Text>
      </RunInfo>
      <RunInfo computerName="DESKTOP-RSFFHJT" outcome="Warning" timestamp="2025-05-01T21:13:12.6837413-04:00">
        <Text>2025-05-02T01:13:12.682Z pw:api   locator resolved to &lt;a id="ember181" class="ember-view nav-link" href="#/settings/integrations"&gt;ΓÇª&lt;/a&gt;</Text>
      </RunInfo>
      <RunInfo computerName="DESKTOP-RSFFHJT" outcome="Warning" timestamp="2025-05-01T21:13:12.6848699-04:00">
        <Text>2025-05-02T01:13:12.683Z pw:api waiting for Locator("div[id='main-nav-tab'] a[id*='ember'][class$='nav-link'], div[id='main-nav-tab']  a[id*='ember'][class$='nav-link ']").Nth(23)</Text>
      </RunInfo>
      <RunInfo computerName="DESKTOP-RSFFHJT" outcome="Warning" timestamp="2025-05-01T21:13:12.6867480-04:00">
        <Text>2025-05-02T01:13:12.685Z pw:api   locator resolved to &lt;a id="ember184" href="#/reports" class="ember-view nav-link"&gt;ΓÇª&lt;/a&gt;</Text>
      </RunInfo>
      <RunInfo computerName="DESKTOP-RSFFHJT" outcome="Warning" timestamp="2025-05-01T21:13:12.6877132-04:00">
        <Text>2025-05-02T01:13:12.686Z pw:api waiting for Locator("div[id='main-nav-tab'] a[id*='ember'][class$='nav-link'], div[id='main-nav-tab']  a[id*='ember'][class$='nav-link ']").Nth(24)</Text>
      </RunInfo>
      <RunInfo computerName="DESKTOP-RSFFHJT" outcome="Warning" timestamp="2025-05-01T21:13:12.6951057-04:00">
        <Text>2025-05-02T01:13:12.693Z pw:api   locator resolved to &lt;a id="ember187" href="#/documents/inbox" class="ember-view nav-link"&gt;ΓÇª&lt;/a&gt;</Text>
      </RunInfo>
      <RunInfo computerName="DESKTOP-RSFFHJT" outcome="Warning" timestamp="2025-05-01T21:13:12.6959233-04:00">
        <Text>2025-05-02T01:13:12.694Z pw:api waiting for Locator("div[id='main-nav-tab'] a[id*='ember'][class$='nav-link'], div[id='main-nav-tab']  a[id*='ember'][class$='nav-link ']").Nth(2)</Text>
      </RunInfo>
      <RunInfo computerName="DESKTOP-RSFFHJT" outcome="Warning" timestamp="2025-05-01T21:13:12.7008572-04:00">
        <Text>2025-05-02T01:13:12.699Z pw:api   locator resolved to &lt;a id="ember86" href="#/inventory/items" class="ember-view nav-link"&gt;ΓÇª&lt;/a&gt;</Text>
      </RunInfo>
      <RunInfo computerName="DESKTOP-RSFFHJT" outcome="Warning" timestamp="2025-05-01T21:13:12.7022091-04:00">
        <Text>2025-05-02T01:13:12.701Z pw:api attempting click action</Text>
      </RunInfo>
      <RunInfo computerName="DESKTOP-RSFFHJT" outcome="Warning" timestamp="2025-05-01T21:13:12.7022154-04:00">
        <Text>2025-05-02T01:13:12.701Z pw:api   waiting for element to be visible, enabled and stable</Text>
      </RunInfo>
      <RunInfo computerName="DESKTOP-RSFFHJT" outcome="Warning" timestamp="2025-05-01T21:13:12.7391596-04:00">
        <Text>2025-05-02T01:13:12.737Z pw:api   element is visible, enabled and stable</Text>
      </RunInfo>
      <RunInfo computerName="DESKTOP-RSFFHJT" outcome="Warning" timestamp="2025-05-01T21:13:12.7391672-04:00">
        <Text>2025-05-02T01:13:12.737Z pw:api   scrolling into view if needed</Text>
      </RunInfo>
      <RunInfo computerName="DESKTOP-RSFFHJT" outcome="Warning" timestamp="2025-05-01T21:13:12.7410509-04:00">
        <Text>2025-05-02T01:13:12.740Z pw:api   done scrolling</Text>
      </RunInfo>
      <RunInfo computerName="DESKTOP-RSFFHJT" outcome="Warning" timestamp="2025-05-01T21:13:12.7428677-04:00">
        <Text>2025-05-02T01:13:12.741Z pw:api   performing click action</Text>
      </RunInfo>
      <RunInfo computerName="DESKTOP-RSFFHJT" outcome="Warning" timestamp="2025-05-01T21:13:12.7636668-04:00">
        <Text>2025-05-02T01:13:12.762Z pw:api   click action done</Text>
      </RunInfo>
      <RunInfo computerName="DESKTOP-RSFFHJT" outcome="Warning" timestamp="2025-05-01T21:13:12.7637461-04:00">
        <Text>2025-05-02T01:13:12.762Z pw:api   waiting for scheduled navigations to finish</Text>
      </RunInfo>
      <RunInfo computerName="DESKTOP-RSFFHJT" outcome="Warning" timestamp="2025-05-01T21:13:12.7644079-04:00">
        <Text>2025-05-02T01:13:12.763Z pw:api   navigations have finished</Text>
      </RunInfo>
      <RunInfo computerName="DESKTOP-RSFFHJT" outcome="Warning" timestamp="2025-05-01T21:13:12.7676502-04:00">
        <Text>2025-05-02T01:13:12.766Z pw:api waiting for Locator("div[id='main-nav-tab'] a[id*='ember'][class$='nav-link'], div[id='main-nav-tab']  a[id*='ember'][class$='nav-link ']").First</Text>
      </RunInfo>
      <RunInfo computerName="DESKTOP-RSFFHJT" outcome="Warning" timestamp="2025-05-01T21:13:12.7690523-04:00">
        <Text>2025-05-02T01:13:12.768Z pw:api   locator resolved to &lt;a id="ember79" href="#/home" class="ember-view active ember-transitioning-out nav-link"&gt;ΓÇª&lt;/a&gt;</Text>
      </RunInfo>
      <RunInfo computerName="DESKTOP-RSFFHJT" outcome="Warning" timestamp="2025-05-01T21:13:12.7697615-04:00">
        <Text>2025-05-02T01:13:12.768Z pw:api waiting for Locator("div[id='main-nav-tab'] a[id*='ember'][class$='nav-link'], div[id='main-nav-tab']  a[id*='ember'][class$='nav-link ']").Nth(1)</Text>
      </RunInfo>
      <RunInfo computerName="DESKTOP-RSFFHJT" outcome="Warning" timestamp="2025-05-01T21:13:12.7711403-04:00">
        <Text>2025-05-02T01:13:12.770Z pw:api   locator resolved to &lt;a id="ember86" href="#/inventory/items" class="ember-view ember-transitioning-in nav-link"&gt;ΓÇª&lt;/a&gt;</Text>
      </RunInfo>
      <RunInfo computerName="DESKTOP-RSFFHJT" outcome="Warning" timestamp="2025-05-01T21:13:12.7717431-04:00">
        <Text>2025-05-02T01:13:12.770Z pw:api waiting for Locator("div[id='main-nav-tab'] a[id*='ember'][class$='nav-link'], div[id='main-nav-tab']  a[id*='ember'][class$='nav-link ']").Nth(2)</Text>
      </RunInfo>
      <RunInfo computerName="DESKTOP-RSFFHJT" outcome="Warning" timestamp="2025-05-01T21:13:12.7730743-04:00">
        <Text>2025-05-02T01:13:12.772Z pw:api   locator resolved to &lt;a id="ember91" class="ember-view nav-link" href="#/inventory/itemgroups"&gt;ΓÇª&lt;/a&gt;</Text>
      </RunInfo>
      <RunInfo computerName="DESKTOP-RSFFHJT" outcome="Warning" timestamp="2025-05-01T21:13:12.7737261-04:00">
        <Text>2025-05-02T01:13:12.772Z pw:api waiting for Locator("div[id='main-nav-tab'] a[id*='ember'][class$='nav-link'], div[id='main-nav-tab']  a[id*='ember'][class$='nav-link ']").Nth(3)</Text>
      </RunInfo>
      <RunInfo computerName="DESKTOP-RSFFHJT" outcome="Warning" timestamp="2025-05-01T21:13:12.7753268-04:00">
        <Text>2025-05-02T01:13:12.774Z pw:api   locator resolved to &lt;a id="ember97" class="ember-view nav-link" href="#/inventory/adjustments"&gt;ΓÇª&lt;/a&gt;</Text>
      </RunInfo>
      <RunInfo computerName="DESKTOP-RSFFHJT" outcome="Warning" timestamp="2025-05-01T21:13:12.7759341-04:00">
        <Text>2025-05-02T01:13:12.774Z pw:api waiting for Locator("div[id='main-nav-tab'] a[id*='ember'][class$='nav-link'], div[id='main-nav-tab']  a[id*='ember'][class$='nav-link ']").Nth(4)</Text>
      </RunInfo>
      <RunInfo computerName="DESKTOP-RSFFHJT" outcome="Warning" timestamp="2025-05-01T21:13:12.7775250-04:00">
        <Text>2025-05-02T01:13:12.776Z pw:api   locator resolved to &lt;a id="ember104" class="collapsed ember-view nav-link "&gt;ΓÇª&lt;/a&gt;</Text>
      </RunInfo>
      <RunInfo computerName="DESKTOP-RSFFHJT" outcome="Warning" timestamp="2025-05-01T21:13:12.7782723-04:00">
        <Text>2025-05-02T01:13:12.777Z pw:api waiting for Locator("div[id='main-nav-tab'] a[id*='ember'][class$='nav-link'], div[id='main-nav-tab']  a[id*='ember'][class$='nav-link ']").Nth(5)</Text>
      </RunInfo>
      <RunInfo computerName="DESKTOP-RSFFHJT" outcome="Warning" timestamp="2025-05-01T21:13:12.7801454-04:00">
        <Text>2025-05-02T01:13:12.779Z pw:api   locator resolved to &lt;a id="ember108" href="#/contacts" class="ember-view nav-link"&gt;ΓÇª&lt;/a&gt;</Text>
      </RunInfo>
      <RunInfo computerName="DESKTOP-RSFFHJT" outcome="Warning" timestamp="2025-05-01T21:13:12.7812910-04:00">
        <Text>2025-05-02T01:13:12.780Z pw:api waiting for Locator("div[id='main-nav-tab'] a[id*='ember'][class$='nav-link'], div[id='main-nav-tab']  a[id*='ember'][class$='nav-link ']").Nth(6)</Text>
      </RunInfo>
      <RunInfo computerName="DESKTOP-RSFFHJT" outcome="Warning" timestamp="2025-05-01T21:13:12.7831269-04:00">
        <Text>2025-05-02T01:13:12.782Z pw:api   locator resolved to &lt;a id="ember114" href="#/salesorders" class="ember-view nav-link"&gt;ΓÇª&lt;/a&gt;</Text>
      </RunInfo>
      <RunInfo computerName="DESKTOP-RSFFHJT" outcome="Warning" timestamp="2025-05-01T21:13:12.7837784-04:00">
        <Text>2025-05-02T01:13:12.782Z pw:api waiting for Locator("div[id='main-nav-tab'] a[id*='ember'][class$='nav-link'], div[id='main-nav-tab']  a[id*='ember'][class$='nav-link ']").Nth(7)</Text>
      </RunInfo>
      <RunInfo computerName="DESKTOP-RSFFHJT" outcome="Warning" timestamp="2025-05-01T21:13:12.7854130-04:00">
        <Text>2025-05-02T01:13:12.784Z pw:api   locator resolved to &lt;a id="ember121" href="#/packages" class="ember-view nav-link"&gt;ΓÇª&lt;/a&gt;</Text>
      </RunInfo>
      <RunInfo computerName="DESKTOP-RSFFHJT" outcome="Warning" timestamp="2025-05-01T21:13:12.7860496-04:00">
        <Text>2025-05-02T01:13:12.785Z pw:api waiting for Locator("div[id='main-nav-tab'] a[id*='ember'][class$='nav-link'], div[id='main-nav-tab']  a[id*='ember'][class$='nav-link ']").Nth(8)</Text>
      </RunInfo>
      <RunInfo computerName="DESKTOP-RSFFHJT" outcome="Warning" timestamp="2025-05-01T21:13:12.7875702-04:00">
        <Text>2025-05-02T01:13:12.786Z pw:api   locator resolved to &lt;a id="ember125" href="#/shipments" class="ember-view nav-link"&gt;ΓÇª&lt;/a&gt;</Text>
      </RunInfo>
      <RunInfo computerName="DESKTOP-RSFFHJT" outcome="Warning" timestamp="2025-05-01T21:13:12.7882518-04:00">
        <Text>2025-05-02T01:13:12.787Z pw:api waiting for Locator("div[id='main-nav-tab'] a[id*='ember'][class$='nav-link'], div[id='main-nav-tab']  a[id*='ember'][class$='nav-link ']").Nth(9)</Text>
      </RunInfo>
      <RunInfo computerName="DESKTOP-RSFFHJT" outcome="Warning" timestamp="2025-05-01T21:13:12.7897312-04:00">
        <Text>2025-05-02T01:13:12.788Z pw:api   locator resolved to &lt;a id="ember129" href="#/invoices" class="ember-view nav-link"&gt;ΓÇª&lt;/a&gt;</Text>
      </RunInfo>
      <RunInfo computerName="DESKTOP-RSFFHJT" outcome="Warning" timestamp="2025-05-01T21:13:12.7904399-04:00">
        <Text>2025-05-02T01:13:12.789Z pw:api waiting for Locator("div[id='main-nav-tab'] a[id*='ember'][class$='nav-link'], div[id='main-nav-tab']  a[id*='ember'][class$='nav-link ']").Nth(10)</Text>
      </RunInfo>
      <RunInfo computerName="DESKTOP-RSFFHJT" outcome="Warning" timestamp="2025-05-01T21:13:12.7917665-04:00">
        <Text>2025-05-02T01:13:12.790Z pw:api   locator resolved to &lt;a id="ember134" href="#/paymentsreceived" class="ember-view nav-link"&gt;ΓÇª&lt;/a&gt;</Text>
      </RunInfo>
      <RunInfo computerName="DESKTOP-RSFFHJT" outcome="Warning" timestamp="2025-05-01T21:13:12.7924146-04:00">
        <Text>2025-05-02T01:13:12.791Z pw:api waiting for Locator("div[id='main-nav-tab'] a[id*='ember'][class$='nav-link'], div[id='main-nav-tab']  a[id*='ember'][class$='nav-link ']").Nth(11)</Text>
      </RunInfo>
      <RunInfo computerName="DESKTOP-RSFFHJT" outcome="Warning" timestamp="2025-05-01T21:13:12.7942022-04:00">
        <Text>2025-05-02T01:13:12.793Z pw:api   locator resolved to &lt;a id="ember140" href="#/salesreturns" class="ember-view nav-link"&gt;ΓÇª&lt;/a&gt;</Text>
      </RunInfo>
      <RunInfo computerName="DESKTOP-RSFFHJT" outcome="Warning" timestamp="2025-05-01T21:13:12.7950644-04:00">
        <Text>2025-05-02T01:13:12.794Z pw:api waiting for Locator("div[id='main-nav-tab'] a[id*='ember'][class$='nav-link'], div[id='main-nav-tab']  a[id*='ember'][class$='nav-link ']").Nth(12)</Text>
      </RunInfo>
      <RunInfo computerName="DESKTOP-RSFFHJT" outcome="Warning" timestamp="2025-05-01T21:13:12.7966399-04:00">
        <Text>2025-05-02T01:13:12.795Z pw:api   locator resolved to &lt;a id="ember143" href="#/creditnotes" class="ember-view nav-link"&gt;ΓÇª&lt;/a&gt;</Text>
      </RunInfo>
      <RunInfo computerName="DESKTOP-RSFFHJT" outcome="Warning" timestamp="2025-05-01T21:13:12.7977481-04:00">
        <Text>2025-05-02T01:13:12.796Z pw:api waiting for Locator("div[id='main-nav-tab'] a[id*='ember'][class$='nav-link'], div[id='main-nav-tab']  a[id*='ember'][class$='nav-link ']").Nth(13)</Text>
      </RunInfo>
      <RunInfo computerName="DESKTOP-RSFFHJT" outcome="Warning" timestamp="2025-05-01T21:13:12.7996606-04:00">
        <Text>2025-05-02T01:13:12.798Z pw:api   locator resolved to &lt;a id="ember147" class="collapsed ember-view nav-link "&gt;ΓÇª&lt;/a&gt;</Text>
      </RunInfo>
      <RunInfo computerName="DESKTOP-RSFFHJT" outcome="Warning" timestamp="2025-05-01T21:13:12.8005526-04:00">
        <Text>2025-05-02T01:13:12.799Z pw:api waiting for Locator("div[id='main-nav-tab'] a[id*='ember'][class$='nav-link'], div[id='main-nav-tab']  a[id*='ember'][class$='nav-link ']").Nth(14)</Text>
      </RunInfo>
      <RunInfo computerName="DESKTOP-RSFFHJT" outcome="Warning" timestamp="2025-05-01T21:13:12.8020468-04:00">
        <Text>2025-05-02T01:13:12.801Z pw:api   locator resolved to &lt;a id="ember151" href="#/vendors" class="ember-view nav-link"&gt;ΓÇª&lt;/a&gt;</Text>
      </RunInfo>
      <RunInfo computerName="DESKTOP-RSFFHJT" outcome="Warning" timestamp="2025-05-01T21:13:12.8027796-04:00">
        <Text>2025-05-02T01:13:12.801Z pw:api waiting for Locator("div[id='main-nav-tab'] a[id*='ember'][class$='nav-link'], div[id='main-nav-tab']  a[id*='ember'][class$='nav-link ']").Nth(15)</Text>
      </RunInfo>
      <RunInfo computerName="DESKTOP-RSFFHJT" outcome="Warning" timestamp="2025-05-01T21:13:12.8043672-04:00">
        <Text>2025-05-02T01:13:12.803Z pw:api   locator resolved to &lt;a id="ember155" href="#/expenses" class="ember-view nav-link"&gt;ΓÇª&lt;/a&gt;</Text>
      </RunInfo>
      <RunInfo computerName="DESKTOP-RSFFHJT" outcome="Warning" timestamp="2025-05-01T21:13:12.8051018-04:00">
        <Text>2025-05-02T01:13:12.804Z pw:api waiting for Locator("div[id='main-nav-tab'] a[id*='ember'][class$='nav-link'], div[id='main-nav-tab']  a[id*='ember'][class$='nav-link ']").Nth(16)</Text>
      </RunInfo>
      <RunInfo computerName="DESKTOP-RSFFHJT" outcome="Warning" timestamp="2025-05-01T21:13:12.8066156-04:00">
        <Text>2025-05-02T01:13:12.805Z pw:api   locator resolved to &lt;a id="ember159" href="#/purchaseorders" class="ember-view nav-link"&gt;ΓÇª&lt;/a&gt;</Text>
      </RunInfo>
      <RunInfo computerName="DESKTOP-RSFFHJT" outcome="Warning" timestamp="2025-05-01T21:13:12.8073775-04:00">
        <Text>2025-05-02T01:13:12.806Z pw:api waiting for Locator("div[id='main-nav-tab'] a[id*='ember'][class$='nav-link'], div[id='main-nav-tab']  a[id*='ember'][class$='nav-link ']").Nth(17)</Text>
      </RunInfo>
      <RunInfo computerName="DESKTOP-RSFFHJT" outcome="Warning" timestamp="2025-05-01T21:13:12.8089664-04:00">
        <Text>2025-05-02T01:13:12.807Z pw:api   locator resolved to &lt;a id="ember163" href="#/purchasereceives" class="ember-view nav-link"&gt;ΓÇª&lt;/a&gt;</Text>
      </RunInfo>
      <RunInfo computerName="DESKTOP-RSFFHJT" outcome="Warning" timestamp="2025-05-01T21:13:12.8097814-04:00">
        <Text>2025-05-02T01:13:12.808Z pw:api waiting for Locator("div[id='main-nav-tab'] a[id*='ember'][class$='nav-link'], div[id='main-nav-tab']  a[id*='ember'][class$='nav-link ']").Nth(18)</Text>
      </RunInfo>
      <RunInfo computerName="DESKTOP-RSFFHJT" outcome="Warning" timestamp="2025-05-01T21:13:12.8113533-04:00">
        <Text>2025-05-02T01:13:12.810Z pw:api   locator resolved to &lt;a id="ember168" href="#/bills" class="ember-view nav-link"&gt;ΓÇª&lt;/a&gt;</Text>
      </RunInfo>
      <RunInfo computerName="DESKTOP-RSFFHJT" outcome="Warning" timestamp="2025-05-01T21:13:12.8119687-04:00">
        <Text>2025-05-02T01:13:12.811Z pw:api waiting for Locator("div[id='main-nav-tab'] a[id*='ember'][class$='nav-link'], div[id='main-nav-tab']  a[id*='ember'][class$='nav-link ']").Nth(19)</Text>
      </RunInfo>
      <RunInfo computerName="DESKTOP-RSFFHJT" outcome="Warning" timestamp="2025-05-01T21:13:12.8139465-04:00">
        <Text>2025-05-02T01:13:12.812Z pw:api   locator resolved to &lt;a id="ember172" href="#/paymentsmade" class="ember-view nav-link"&gt;ΓÇª&lt;/a&gt;</Text>
      </RunInfo>
      <RunInfo computerName="DESKTOP-RSFFHJT" outcome="Warning" timestamp="2025-05-01T21:13:12.8147519-04:00">
        <Text>2025-05-02T01:13:12.813Z pw:api waiting for Locator("div[id='main-nav-tab'] a[id*='ember'][class$='nav-link'], div[id='main-nav-tab']  a[id*='ember'][class$='nav-link ']").Nth(20)</Text>
      </RunInfo>
      <RunInfo computerName="DESKTOP-RSFFHJT" outcome="Warning" timestamp="2025-05-01T21:13:12.8164455-04:00">
        <Text>2025-05-02T01:13:12.815Z pw:api   locator resolved to &lt;a id="ember177" href="#/vendorcredits" class="ember-view nav-link"&gt;ΓÇª&lt;/a&gt;</Text>
      </RunInfo>
      <RunInfo computerName="DESKTOP-RSFFHJT" outcome="Warning" timestamp="2025-05-01T21:13:12.8170592-04:00">
        <Text>2025-05-02T01:13:12.816Z pw:api waiting for Locator("div[id='main-nav-tab'] a[id*='ember'][class$='nav-link'], div[id='main-nav-tab']  a[id*='ember'][class$='nav-link ']").Nth(21)</Text>
      </RunInfo>
      <RunInfo computerName="DESKTOP-RSFFHJT" outcome="Warning" timestamp="2025-05-01T21:13:12.8184493-04:00">
        <Text>2025-05-02T01:13:12.817Z pw:api   locator resolved to &lt;a id="ember181" class="ember-view nav-link" href="#/settings/integrations"&gt;ΓÇª&lt;/a&gt;</Text>
      </RunInfo>
      <RunInfo computerName="DESKTOP-RSFFHJT" outcome="Warning" timestamp="2025-05-01T21:13:12.8190484-04:00">
        <Text>2025-05-02T01:13:12.818Z pw:api waiting for Locator("div[id='main-nav-tab'] a[id*='ember'][class$='nav-link'], div[id='main-nav-tab']  a[id*='ember'][class$='nav-link ']").Nth(22)</Text>
      </RunInfo>
      <RunInfo computerName="DESKTOP-RSFFHJT" outcome="Warning" timestamp="2025-05-01T21:13:12.8205485-04:00">
        <Text>2025-05-02T01:13:12.819Z pw:api   locator resolved to &lt;a id="ember184" href="#/reports" class="ember-view nav-link"&gt;ΓÇª&lt;/a&gt;</Text>
      </RunInfo>
      <RunInfo computerName="DESKTOP-RSFFHJT" outcome="Warning" timestamp="2025-05-01T21:13:12.8210829-04:00">
        <Text>2025-05-02T01:13:12.820Z pw:api waiting for Locator("div[id='main-nav-tab'] a[id*='ember'][class$='nav-link'], div[id='main-nav-tab']  a[id*='ember'][class$='nav-link ']").Nth(23)</Text>
      </RunInfo>
      <RunInfo computerName="DESKTOP-RSFFHJT" outcome="Warning" timestamp="2025-05-01T21:13:12.8225234-04:00">
        <Text>2025-05-02T01:13:12.821Z pw:api   locator resolved to &lt;a id="ember187" href="#/documents/inbox" class="ember-view nav-link"&gt;ΓÇª&lt;/a&gt;</Text>
      </RunInfo>
      <RunInfo computerName="DESKTOP-RSFFHJT" outcome="Warning" timestamp="2025-05-01T21:13:12.8236711-04:00">
        <Text>2025-05-02T01:13:12.822Z pw:api waiting for Locator("div[id='main-nav-tab'] a[id*='ember'][class$='nav-link'], div[id='main-nav-tab']  a[id*='ember'][class$='nav-link ']").Nth(2)</Text>
      </RunInfo>
      <RunInfo computerName="DESKTOP-RSFFHJT" outcome="Warning" timestamp="2025-05-01T21:13:12.8256629-04:00">
        <Text>2025-05-02T01:13:12.824Z pw:api   locator resolved to &lt;a id="ember91" class="ember-view nav-link" href="#/inventory/itemgroups"&gt;ΓÇª&lt;/a&gt;</Text>
      </RunInfo>
      <RunInfo computerName="DESKTOP-RSFFHJT" outcome="Warning" timestamp="2025-05-01T21:13:12.8262046-04:00">
        <Text>2025-05-02T01:13:12.825Z pw:api attempting click action</Text>
      </RunInfo>
      <RunInfo computerName="DESKTOP-RSFFHJT" outcome="Warning" timestamp="2025-05-01T21:13:12.8262414-04:00">
        <Text>2025-05-02T01:13:12.825Z pw:api   waiting for element to be visible, enabled and stable</Text>
      </RunInfo>
      <RunInfo computerName="DESKTOP-RSFFHJT" outcome="Warning" timestamp="2025-05-01T21:13:12.8481001-04:00">
        <Text>2025-05-02T01:13:12.846Z pw:api   element is visible, enabled and stable</Text>
      </RunInfo>
      <RunInfo computerName="DESKTOP-RSFFHJT" outcome="Warning" timestamp="2025-05-01T21:13:12.8481082-04:00">
        <Text>2025-05-02T01:13:12.846Z pw:api   scrolling into view if needed</Text>
      </RunInfo>
      <RunInfo computerName="DESKTOP-RSFFHJT" outcome="Warning" timestamp="2025-05-01T21:13:12.8485144-04:00">
        <Text>2025-05-02T01:13:12.847Z pw:api   done scrolling</Text>
      </RunInfo>
      <RunInfo computerName="DESKTOP-RSFFHJT" outcome="Warning" timestamp="2025-05-01T21:13:12.8502295-04:00">
        <Text>2025-05-02T01:13:12.849Z pw:api   performing click action</Text>
      </RunInfo>
      <RunInfo computerName="DESKTOP-RSFFHJT" outcome="Warning" timestamp="2025-05-01T21:13:12.8616931-04:00">
        <Text>2025-05-02T01:13:12.860Z pw:api   click action done</Text>
      </RunInfo>
      <RunInfo computerName="DESKTOP-RSFFHJT" outcome="Warning" timestamp="2025-05-01T21:13:12.8616998-04:00">
        <Text>2025-05-02T01:13:12.860Z pw:api   waiting for scheduled navigations to finish</Text>
      </RunInfo>
      <RunInfo computerName="DESKTOP-RSFFHJT" outcome="Warning" timestamp="2025-05-01T21:13:12.8618164-04:00">
        <Text>2025-05-02T01:13:12.860Z pw:api   navigations have finished</Text>
      </RunInfo>
      <RunInfo computerName="DESKTOP-RSFFHJT" outcome="Warning" timestamp="2025-05-01T21:13:12.8650848-04:00">
        <Text>2025-05-02T01:13:12.863Z pw:api waiting for Locator("div[id='main-nav-tab'] a[id*='ember'][class$='nav-link'], div[id='main-nav-tab']  a[id*='ember'][class$='nav-link ']").First</Text>
      </RunInfo>
      <RunInfo computerName="DESKTOP-RSFFHJT" outcome="Warning" timestamp="2025-05-01T21:13:12.8670092-04:00">
        <Text>2025-05-02T01:13:12.865Z pw:api   locator resolved to &lt;a id="ember79" href="#/home" class="ember-view active ember-transitioning-out nav-link"&gt;ΓÇª&lt;/a&gt;</Text>
      </RunInfo>
      <RunInfo computerName="DESKTOP-RSFFHJT" outcome="Warning" timestamp="2025-05-01T21:13:12.8678264-04:00">
        <Text>2025-05-02T01:13:12.866Z pw:api waiting for Locator("div[id='main-nav-tab'] a[id*='ember'][class$='nav-link'], div[id='main-nav-tab']  a[id*='ember'][class$='nav-link ']").Nth(1)</Text>
      </RunInfo>
      <RunInfo computerName="DESKTOP-RSFFHJT" outcome="Warning" timestamp="2025-05-01T21:13:12.8693632-04:00">
        <Text>2025-05-02T01:13:12.868Z pw:api   locator resolved to &lt;a id="ember86" href="#/inventory/items" class="ember-view nav-link"&gt;ΓÇª&lt;/a&gt;</Text>
      </RunInfo>
      <RunInfo computerName="DESKTOP-RSFFHJT" outcome="Warning" timestamp="2025-05-01T21:13:12.8701231-04:00">
        <Text>2025-05-02T01:13:12.869Z pw:api waiting for Locator("div[id='main-nav-tab'] a[id*='ember'][class$='nav-link'], div[id='main-nav-tab']  a[id*='ember'][class$='nav-link ']").Nth(2)</Text>
      </RunInfo>
      <RunInfo computerName="DESKTOP-RSFFHJT" outcome="Warning" timestamp="2025-05-01T21:13:12.8718733-04:00">
        <Text>2025-05-02T01:13:12.870Z pw:api   locator resolved to &lt;a id="ember91" href="#/inventory/itemgroups" class="ember-view ember-transitioning-in nav-link"&gt;ΓÇª&lt;/a&gt;</Text>
      </RunInfo>
      <RunInfo computerName="DESKTOP-RSFFHJT" outcome="Warning" timestamp="2025-05-01T21:13:12.8724747-04:00">
        <Text>2025-05-02T01:13:12.871Z pw:api waiting for Locator("div[id='main-nav-tab'] a[id*='ember'][class$='nav-link'], div[id='main-nav-tab']  a[id*='ember'][class$='nav-link ']").Nth(3)</Text>
      </RunInfo>
      <RunInfo computerName="DESKTOP-RSFFHJT" outcome="Warning" timestamp="2025-05-01T21:13:12.8737704-04:00">
        <Text>2025-05-02T01:13:12.872Z pw:api   locator resolved to &lt;a id="ember97" class="ember-view nav-link" href="#/inventory/adjustments"&gt;ΓÇª&lt;/a&gt;</Text>
      </RunInfo>
      <RunInfo computerName="DESKTOP-RSFFHJT" outcome="Warning" timestamp="2025-05-01T21:13:12.8742971-04:00">
        <Text>2025-05-02T01:13:12.873Z pw:api waiting for Locator("div[id='main-nav-tab'] a[id*='ember'][class$='nav-link'], div[id='main-nav-tab']  a[id*='ember'][class$='nav-link ']").Nth(4)</Text>
      </RunInfo>
      <RunInfo computerName="DESKTOP-RSFFHJT" outcome="Warning" timestamp="2025-05-01T21:13:12.8755600-04:00">
        <Text>2025-05-02T01:13:12.874Z pw:api   locator resolved to &lt;a id="ember104" class="collapsed ember-view nav-link "&gt;ΓÇª&lt;/a&gt;</Text>
      </RunInfo>
      <RunInfo computerName="DESKTOP-RSFFHJT" outcome="Warning" timestamp="2025-05-01T21:13:12.8761390-04:00">
        <Text>2025-05-02T01:13:12.875Z pw:api waiting for Locator("div[id='main-nav-tab'] a[id*='ember'][class$='nav-link'], div[id='main-nav-tab']  a[id*='ember'][class$='nav-link ']").Nth(5)</Text>
      </RunInfo>
      <RunInfo computerName="DESKTOP-RSFFHJT" outcome="Warning" timestamp="2025-05-01T21:13:12.8778025-04:00">
        <Text>2025-05-02T01:13:12.876Z pw:api   locator resolved to &lt;a id="ember108" href="#/contacts" class="ember-view nav-link"&gt;ΓÇª&lt;/a&gt;</Text>
      </RunInfo>
      <RunInfo computerName="DESKTOP-RSFFHJT" outcome="Warning" timestamp="2025-05-01T21:13:12.8785243-04:00">
        <Text>2025-05-02T01:13:12.877Z pw:api waiting for Locator("div[id='main-nav-tab'] a[id*='ember'][class$='nav-link'], div[id='main-nav-tab']  a[id*='ember'][class$='nav-link ']").Nth(6)</Text>
      </RunInfo>
      <RunInfo computerName="DESKTOP-RSFFHJT" outcome="Warning" timestamp="2025-05-01T21:13:12.8809689-04:00">
        <Text>2025-05-02T01:13:12.879Z pw:api   locator resolved to &lt;a id="ember114" href="#/salesorders" class="ember-view nav-link"&gt;ΓÇª&lt;/a&gt;</Text>
      </RunInfo>
      <RunInfo computerName="DESKTOP-RSFFHJT" outcome="Warning" timestamp="2025-05-01T21:13:12.8817562-04:00">
        <Text>2025-05-02T01:13:12.880Z pw:api waiting for Locator("div[id='main-nav-tab'] a[id*='ember'][class$='nav-link'], div[id='main-nav-tab']  a[id*='ember'][class$='nav-link ']").Nth(7)</Text>
      </RunInfo>
      <RunInfo computerName="DESKTOP-RSFFHJT" outcome="Warning" timestamp="2025-05-01T21:13:12.8839913-04:00">
        <Text>2025-05-02T01:13:12.882Z pw:api   locator resolved to &lt;a id="ember121" href="#/packages" class="ember-view nav-link"&gt;ΓÇª&lt;/a&gt;</Text>
      </RunInfo>
      <RunInfo computerName="DESKTOP-RSFFHJT" outcome="Warning" timestamp="2025-05-01T21:13:12.8846665-04:00">
        <Text>2025-05-02T01:13:12.883Z pw:api waiting for Locator("div[id='main-nav-tab'] a[id*='ember'][class$='nav-link'], div[id='main-nav-tab']  a[id*='ember'][class$='nav-link ']").Nth(8)</Text>
      </RunInfo>
      <RunInfo computerName="DESKTOP-RSFFHJT" outcome="Warning" timestamp="2025-05-01T21:13:12.8863681-04:00">
        <Text>2025-05-02T01:13:12.885Z pw:api   locator resolved to &lt;a id="ember125" href="#/shipments" class="ember-view nav-link"&gt;ΓÇª&lt;/a&gt;</Text>
      </RunInfo>
      <RunInfo computerName="DESKTOP-RSFFHJT" outcome="Warning" timestamp="2025-05-01T21:13:12.8870368-04:00">
        <Text>2025-05-02T01:13:12.886Z pw:api waiting for Locator("div[id='main-nav-tab'] a[id*='ember'][class$='nav-link'], div[id='main-nav-tab']  a[id*='ember'][class$='nav-link ']").Nth(9)</Text>
      </RunInfo>
      <RunInfo computerName="DESKTOP-RSFFHJT" outcome="Warning" timestamp="2025-05-01T21:13:12.8884816-04:00">
        <Text>2025-05-02T01:13:12.887Z pw:api   locator resolved to &lt;a id="ember129" href="#/invoices" class="ember-view nav-link"&gt;ΓÇª&lt;/a&gt;</Text>
      </RunInfo>
      <RunInfo computerName="DESKTOP-RSFFHJT" outcome="Warning" timestamp="2025-05-01T21:13:12.8892033-04:00">
        <Text>2025-05-02T01:13:12.888Z pw:api waiting for Locator("div[id='main-nav-tab'] a[id*='ember'][class$='nav-link'], div[id='main-nav-tab']  a[id*='ember'][class$='nav-link ']").Nth(10)</Text>
      </RunInfo>
      <RunInfo computerName="DESKTOP-RSFFHJT" outcome="Warning" timestamp="2025-05-01T21:13:12.8908195-04:00">
        <Text>2025-05-02T01:13:12.889Z pw:api   locator resolved to &lt;a id="ember134" href="#/paymentsreceived" class="ember-view nav-link"&gt;ΓÇª&lt;/a&gt;</Text>
      </RunInfo>
      <RunInfo computerName="DESKTOP-RSFFHJT" outcome="Warning" timestamp="2025-05-01T21:13:12.8914662-04:00">
        <Text>2025-05-02T01:13:12.890Z pw:api waiting for Locator("div[id='main-nav-tab'] a[id*='ember'][class$='nav-link'], div[id='main-nav-tab']  a[id*='ember'][class$='nav-link ']").Nth(11)</Text>
      </RunInfo>
      <RunInfo computerName="DESKTOP-RSFFHJT" outcome="Warning" timestamp="2025-05-01T21:13:12.8928399-04:00">
        <Text>2025-05-02T01:13:12.891Z pw:api   locator resolved to &lt;a id="ember140" href="#/salesreturns" class="ember-view nav-link"&gt;ΓÇª&lt;/a&gt;</Text>
      </RunInfo>
      <RunInfo computerName="DESKTOP-RSFFHJT" outcome="Warning" timestamp="2025-05-01T21:13:12.8934896-04:00">
        <Text>2025-05-02T01:13:12.892Z pw:api waiting for Locator("div[id='main-nav-tab'] a[id*='ember'][class$='nav-link'], div[id='main-nav-tab']  a[id*='ember'][class$='nav-link ']").Nth(12)</Text>
      </RunInfo>
      <RunInfo computerName="DESKTOP-RSFFHJT" outcome="Warning" timestamp="2025-05-01T21:13:12.8947246-04:00">
        <Text>2025-05-02T01:13:12.893Z pw:api   locator resolved to &lt;a id="ember143" href="#/creditnotes" class="ember-view nav-link"&gt;ΓÇª&lt;/a&gt;</Text>
      </RunInfo>
      <RunInfo computerName="DESKTOP-RSFFHJT" outcome="Warning" timestamp="2025-05-01T21:13:12.8953716-04:00">
        <Text>2025-05-02T01:13:12.894Z pw:api waiting for Locator("div[id='main-nav-tab'] a[id*='ember'][class$='nav-link'], div[id='main-nav-tab']  a[id*='ember'][class$='nav-link ']").Nth(13)</Text>
      </RunInfo>
      <RunInfo computerName="DESKTOP-RSFFHJT" outcome="Warning" timestamp="2025-05-01T21:13:12.8973397-04:00">
        <Text>2025-05-02T01:13:12.896Z pw:api   locator resolved to &lt;a id="ember147" class="collapsed ember-view nav-link "&gt;ΓÇª&lt;/a&gt;</Text>
      </RunInfo>
      <RunInfo computerName="DESKTOP-RSFFHJT" outcome="Warning" timestamp="2025-05-01T21:13:12.8981963-04:00">
        <Text>2025-05-02T01:13:12.897Z pw:api waiting for Locator("div[id='main-nav-tab'] a[id*='ember'][class$='nav-link'], div[id='main-nav-tab']  a[id*='ember'][class$='nav-link ']").Nth(14)</Text>
      </RunInfo>
      <RunInfo computerName="DESKTOP-RSFFHJT" outcome="Warning" timestamp="2025-05-01T21:13:12.9015063-04:00">
        <Text>2025-05-02T01:13:12.900Z pw:api   locator resolved to &lt;a id="ember151" href="#/vendors" class="ember-view nav-link"&gt;ΓÇª&lt;/a&gt;</Text>
      </RunInfo>
      <RunInfo computerName="DESKTOP-RSFFHJT" outcome="Warning" timestamp="2025-05-01T21:13:12.9020514-04:00">
        <Text>2025-05-02T01:13:12.901Z pw:api waiting for Locator("div[id='main-nav-tab'] a[id*='ember'][class$='nav-link'], div[id='main-nav-tab']  a[id*='ember'][class$='nav-link ']").Nth(15)</Text>
      </RunInfo>
      <RunInfo computerName="DESKTOP-RSFFHJT" outcome="Warning" timestamp="2025-05-01T21:13:12.9034818-04:00">
        <Text>2025-05-02T01:13:12.902Z pw:api   locator resolved to &lt;a id="ember155" href="#/expenses" class="ember-view nav-link"&gt;ΓÇª&lt;/a&gt;</Text>
      </RunInfo>
      <RunInfo computerName="DESKTOP-RSFFHJT" outcome="Warning" timestamp="2025-05-01T21:13:12.9040654-04:00">
        <Text>2025-05-02T01:13:12.903Z pw:api waiting for Locator("div[id='main-nav-tab'] a[id*='ember'][class$='nav-link'], div[id='main-nav-tab']  a[id*='ember'][class$='nav-link ']").Nth(16)</Text>
      </RunInfo>
      <RunInfo computerName="DESKTOP-RSFFHJT" outcome="Warning" timestamp="2025-05-01T21:13:12.9052362-04:00">
        <Text>2025-05-02T01:13:12.904Z pw:api   locator resolved to &lt;a id="ember159" href="#/purchaseorders" class="ember-view nav-link"&gt;ΓÇª&lt;/a&gt;</Text>
      </RunInfo>
      <RunInfo computerName="DESKTOP-RSFFHJT" outcome="Warning" timestamp="2025-05-01T21:13:12.9061542-04:00">
        <Text>2025-05-02T01:13:12.905Z pw:api waiting for Locator("div[id='main-nav-tab'] a[id*='ember'][class$='nav-link'], div[id='main-nav-tab']  a[id*='ember'][class$='nav-link ']").Nth(17)</Text>
      </RunInfo>
      <RunInfo computerName="DESKTOP-RSFFHJT" outcome="Warning" timestamp="2025-05-01T21:13:12.9083829-04:00">
        <Text>2025-05-02T01:13:12.907Z pw:api   locator resolved to &lt;a id="ember163" href="#/purchasereceives" class="ember-view nav-link"&gt;ΓÇª&lt;/a&gt;</Text>
      </RunInfo>
      <RunInfo computerName="DESKTOP-RSFFHJT" outcome="Warning" timestamp="2025-05-01T21:13:12.9091255-04:00">
        <Text>2025-05-02T01:13:12.908Z pw:api waiting for Locator("div[id='main-nav-tab'] a[id*='ember'][class$='nav-link'], div[id='main-nav-tab']  a[id*='ember'][class$='nav-link ']").Nth(18)</Text>
      </RunInfo>
      <RunInfo computerName="DESKTOP-RSFFHJT" outcome="Warning" timestamp="2025-05-01T21:13:12.9112068-04:00">
        <Text>2025-05-02T01:13:12.910Z pw:api   locator resolved to &lt;a id="ember168" href="#/bills" class="ember-view nav-link"&gt;ΓÇª&lt;/a&gt;</Text>
      </RunInfo>
      <RunInfo computerName="DESKTOP-RSFFHJT" outcome="Warning" timestamp="2025-05-01T21:13:12.9122276-04:00">
        <Text>2025-05-02T01:13:12.911Z pw:api waiting for Locator("div[id='main-nav-tab'] a[id*='ember'][class$='nav-link'], div[id='main-nav-tab']  a[id*='ember'][class$='nav-link ']").Nth(19)</Text>
      </RunInfo>
      <RunInfo computerName="DESKTOP-RSFFHJT" outcome="Warning" timestamp="2025-05-01T21:13:12.9197027-04:00">
        <Text>2025-05-02T01:13:12.918Z pw:api   locator resolved to &lt;a id="ember172" href="#/paymentsmade" class="ember-view nav-link"&gt;ΓÇª&lt;/a&gt;</Text>
      </RunInfo>
      <RunInfo computerName="DESKTOP-RSFFHJT" outcome="Warning" timestamp="2025-05-01T21:13:12.9202851-04:00">
        <Text>2025-05-02T01:13:12.919Z pw:api waiting for Locator("div[id='main-nav-tab'] a[id*='ember'][class$='nav-link'], div[id='main-nav-tab']  a[id*='ember'][class$='nav-link ']").Nth(20)</Text>
      </RunInfo>
      <RunInfo computerName="DESKTOP-RSFFHJT" outcome="Warning" timestamp="2025-05-01T21:13:12.9243256-04:00">
        <Text>2025-05-02T01:13:12.921Z pw:api   locator resolved to &lt;a id="ember177" href="#/vendorcredits" class="ember-view nav-link"&gt;ΓÇª&lt;/a&gt;</Text>
      </RunInfo>
      <RunInfo computerName="DESKTOP-RSFFHJT" outcome="Warning" timestamp="2025-05-01T21:13:12.9251434-04:00">
        <Text>2025-05-02T01:13:12.924Z pw:api waiting for Locator("div[id='main-nav-tab'] a[id*='ember'][class$='nav-link'], div[id='main-nav-tab']  a[id*='ember'][class$='nav-link ']").Nth(21)</Text>
      </RunInfo>
      <RunInfo computerName="DESKTOP-RSFFHJT" outcome="Warning" timestamp="2025-05-01T21:13:12.9270205-04:00">
        <Text>2025-05-02T01:13:12.925Z pw:api   locator resolved to &lt;a id="ember181" class="ember-view nav-link" href="#/settings/integrations"&gt;ΓÇª&lt;/a&gt;</Text>
      </RunInfo>
      <RunInfo computerName="DESKTOP-RSFFHJT" outcome="Warning" timestamp="2025-05-01T21:13:12.9278448-04:00">
        <Text>2025-05-02T01:13:12.926Z pw:api waiting for Locator("div[id='main-nav-tab'] a[id*='ember'][class$='nav-link'], div[id='main-nav-tab']  a[id*='ember'][class$='nav-link ']").Nth(22)</Text>
      </RunInfo>
      <RunInfo computerName="DESKTOP-RSFFHJT" outcome="Warning" timestamp="2025-05-01T21:13:12.9298096-04:00">
        <Text>2025-05-02T01:13:12.928Z pw:api   locator resolved to &lt;a id="ember184" href="#/reports" class="ember-view nav-link"&gt;ΓÇª&lt;/a&gt;</Text>
      </RunInfo>
      <RunInfo computerName="DESKTOP-RSFFHJT" outcome="Warning" timestamp="2025-05-01T21:13:12.9307474-04:00">
        <Text>2025-05-02T01:13:12.929Z pw:api waiting for Locator("div[id='main-nav-tab'] a[id*='ember'][class$='nav-link'], div[id='main-nav-tab']  a[id*='ember'][class$='nav-link ']").Nth(23)</Text>
      </RunInfo>
      <RunInfo computerName="DESKTOP-RSFFHJT" outcome="Warning" timestamp="2025-05-01T21:13:12.9329004-04:00">
        <Text>2025-05-02T01:13:12.931Z pw:api   locator resolved to &lt;a id="ember187" href="#/documents/inbox" class="ember-view nav-link"&gt;ΓÇª&lt;/a&gt;</Text>
      </RunInfo>
      <RunInfo computerName="DESKTOP-RSFFHJT" outcome="Warning" timestamp="2025-05-01T21:13:12.9340526-04:00">
        <Text>2025-05-02T01:13:12.933Z pw:api waiting for Locator("div[id='main-nav-tab'] a[id*='ember'][class$='nav-link'], div[id='main-nav-tab']  a[id*='ember'][class$='nav-link ']").Nth(3)</Text>
      </RunInfo>
      <RunInfo computerName="DESKTOP-RSFFHJT" outcome="Warning" timestamp="2025-05-01T21:13:12.9368777-04:00">
        <Text>2025-05-02T01:13:12.935Z pw:api   locator resolved to &lt;a id="ember97" class="ember-view nav-link" href="#/inventory/adjustments"&gt;ΓÇª&lt;/a&gt;</Text>
      </RunInfo>
      <RunInfo computerName="DESKTOP-RSFFHJT" outcome="Warning" timestamp="2025-05-01T21:13:12.9373670-04:00">
        <Text>2025-05-02T01:13:12.936Z pw:api attempting click action</Text>
      </RunInfo>
      <RunInfo computerName="DESKTOP-RSFFHJT" outcome="Warning" timestamp="2025-05-01T21:13:12.9373849-04:00">
        <Text>2025-05-02T01:13:12.936Z pw:api   waiting for element to be visible, enabled and stable</Text>
      </RunInfo>
      <RunInfo computerName="DESKTOP-RSFFHJT" outcome="Warning" timestamp="2025-05-01T21:13:12.9639760-04:00">
        <Text>2025-05-02T01:13:12.962Z pw:api   element is visible, enabled and stable</Text>
      </RunInfo>
      <RunInfo computerName="DESKTOP-RSFFHJT" outcome="Warning" timestamp="2025-05-01T21:13:12.9639833-04:00">
        <Text>2025-05-02T01:13:12.962Z pw:api   scrolling into view if needed</Text>
      </RunInfo>
      <RunInfo computerName="DESKTOP-RSFFHJT" outcome="Warning" timestamp="2025-05-01T21:13:12.9643742-04:00">
        <Text>2025-05-02T01:13:12.963Z pw:api   done scrolling</Text>
      </RunInfo>
      <RunInfo computerName="DESKTOP-RSFFHJT" outcome="Warning" timestamp="2025-05-01T21:13:12.9664860-04:00">
        <Text>2025-05-02T01:13:12.965Z pw:api   performing click action</Text>
      </RunInfo>
      <RunInfo computerName="DESKTOP-RSFFHJT" outcome="Warning" timestamp="2025-05-01T21:13:12.9792680-04:00">
        <Text>2025-05-02T01:13:12.978Z pw:api   click action done</Text>
      </RunInfo>
      <RunInfo computerName="DESKTOP-RSFFHJT" outcome="Warning" timestamp="2025-05-01T21:13:12.9792774-04:00">
        <Text>2025-05-02T01:13:12.978Z pw:api   waiting for scheduled navigations to finish</Text>
      </RunInfo>
      <RunInfo computerName="DESKTOP-RSFFHJT" outcome="Warning" timestamp="2025-05-01T21:13:12.9794781-04:00">
        <Text>2025-05-02T01:13:12.978Z pw:api   navigations have finished</Text>
      </RunInfo>
      <RunInfo computerName="DESKTOP-RSFFHJT" outcome="Warning" timestamp="2025-05-01T21:13:13.0640010-04:00">
        <Text>2025-05-02T01:13:13.062Z pw:api navigating to "https://www.zoho.com/ca/inventory/inventory-software-demo/#/home/inventory-dashboard", waiting until "load"</Text>
      </RunInfo>
      <RunInfo computerName="DESKTOP-RSFFHJT" outcome="Warning" timestamp="2025-05-01T21:13:13.2413255-04:00">
        <Text>2025-05-02T01:13:13.240Z pw:api   "commit" event fired</Text>
      </RunInfo>
      <RunInfo computerName="DESKTOP-RSFFHJT" outcome="Warning" timestamp="2025-05-01T21:13:13.2413329-04:00">
        <Text>2025-05-02T01:13:13.240Z pw:api   navigated to "https://www.zoho.com/ca/inventory/inventory-software-demo/#/home/inventory-dashboard"</Text>
      </RunInfo>
      <RunInfo computerName="DESKTOP-RSFFHJT" outcome="Warning" timestamp="2025-05-01T21:13:15.0155953-04:00">
        <Text>2025-05-02T01:13:15.014Z pw:api   "networkidle" event fired</Text>
      </RunInfo>
      <RunInfo computerName="DESKTOP-RSFFHJT" outcome="Warning" timestamp="2025-05-01T21:13:15.4218778-04:00">
        <Text>2025-05-02T01:13:15.420Z pw:api   "domcontentloaded" event fired</Text>
      </RunInfo>
      <RunInfo computerName="DESKTOP-RSFFHJT" outcome="Warning" timestamp="2025-05-01T21:13:16.1590846-04:00">
        <Text>2025-05-02T01:13:16.157Z pw:api   "load" event fired</Text>
      </RunInfo>
      <RunInfo computerName="DESKTOP-RSFFHJT" outcome="Warning" timestamp="2025-05-01T21:13:16.1778298-04:00">
        <Text>2025-05-02T01:13:16.176Z pw:api waiting for Locator("div[id='main-nav-tab'] a[id*='ember'][class$='nav-link'], div[id='main-nav-tab']  a[id*='ember'][class$='nav-link ']").First</Text>
      </RunInfo>
      <RunInfo computerName="DESKTOP-RSFFHJT" outcome="Warning" timestamp="2025-05-01T21:13:16.1809104-04:00">
        <Text>2025-05-02T01:13:16.179Z pw:api   locator resolved to &lt;a id="ember79" href="#/home" class="ember-view active nav-link"&gt;ΓÇª&lt;/a&gt;</Text>
      </RunInfo>
      <RunInfo computerName="DESKTOP-RSFFHJT" outcome="Warning" timestamp="2025-05-01T21:13:16.1819768-04:00">
        <Text>2025-05-02T01:13:16.181Z pw:api waiting for Locator("div[id='main-nav-tab'] a[id*='ember'][class$='nav-link'], div[id='main-nav-tab']  a[id*='ember'][class$='nav-link ']").Nth(1)</Text>
      </RunInfo>
      <RunInfo computerName="DESKTOP-RSFFHJT" outcome="Warning" timestamp="2025-05-01T21:13:16.1849689-04:00">
        <Text>2025-05-02T01:13:16.183Z pw:api   locator resolved to &lt;a id="ember82" class="collapsed ember-view nav-link "&gt;ΓÇª&lt;/a&gt;</Text>
      </RunInfo>
      <RunInfo computerName="DESKTOP-RSFFHJT" outcome="Warning" timestamp="2025-05-01T21:13:16.1856185-04:00">
        <Text>2025-05-02T01:13:16.184Z pw:api waiting for Locator("div[id='main-nav-tab'] a[id*='ember'][class$='nav-link'], div[id='main-nav-tab']  a[id*='ember'][class$='nav-link ']").Nth(2)</Text>
      </RunInfo>
      <RunInfo computerName="DESKTOP-RSFFHJT" outcome="Warning" timestamp="2025-05-01T21:13:16.1876840-04:00">
        <Text>2025-05-02T01:13:16.186Z pw:api   locator resolved to &lt;a id="ember86" href="#/inventory/items" class="ember-view nav-link"&gt;ΓÇª&lt;/a&gt;</Text>
      </RunInfo>
      <RunInfo computerName="DESKTOP-RSFFHJT" outcome="Warning" timestamp="2025-05-01T21:13:16.1884059-04:00">
        <Text>2025-05-02T01:13:16.187Z pw:api waiting for Locator("div[id='main-nav-tab'] a[id*='ember'][class$='nav-link'], div[id='main-nav-tab']  a[id*='ember'][class$='nav-link ']").Nth(3)</Text>
      </RunInfo>
      <RunInfo computerName="DESKTOP-RSFFHJT" outcome="Warning" timestamp="2025-05-01T21:13:16.1906942-04:00">
        <Text>2025-05-02T01:13:16.189Z pw:api   locator resolved to &lt;a id="ember91" class="ember-view nav-link" href="#/inventory/itemgroups"&gt;ΓÇª&lt;/a&gt;</Text>
      </RunInfo>
      <RunInfo computerName="DESKTOP-RSFFHJT" outcome="Warning" timestamp="2025-05-01T21:13:16.1914834-04:00">
        <Text>2025-05-02T01:13:16.190Z pw:api waiting for Locator("div[id='main-nav-tab'] a[id*='ember'][class$='nav-link'], div[id='main-nav-tab']  a[id*='ember'][class$='nav-link ']").Nth(4)</Text>
      </RunInfo>
      <RunInfo computerName="DESKTOP-RSFFHJT" outcome="Warning" timestamp="2025-05-01T21:13:16.1931711-04:00">
        <Text>2025-05-02T01:13:16.192Z pw:api   locator resolved to &lt;a id="ember97" class="ember-view nav-link" href="#/inventory/adjustments"&gt;ΓÇª&lt;/a&gt;</Text>
      </RunInfo>
      <RunInfo computerName="DESKTOP-RSFFHJT" outcome="Warning" timestamp="2025-05-01T21:13:16.1937907-04:00">
        <Text>2025-05-02T01:13:16.192Z pw:api waiting for Locator("div[id='main-nav-tab'] a[id*='ember'][class$='nav-link'], div[id='main-nav-tab']  a[id*='ember'][class$='nav-link ']").Nth(5)</Text>
      </RunInfo>
      <RunInfo computerName="DESKTOP-RSFFHJT" outcome="Warning" timestamp="2025-05-01T21:13:16.1953914-04:00">
        <Text>2025-05-02T01:13:16.194Z pw:api   locator resolved to &lt;a id="ember104" class="collapsed ember-view nav-link "&gt;ΓÇª&lt;/a&gt;</Text>
      </RunInfo>
      <RunInfo computerName="DESKTOP-RSFFHJT" outcome="Warning" timestamp="2025-05-01T21:13:16.1961000-04:00">
        <Text>2025-05-02T01:13:16.195Z pw:api waiting for Locator("div[id='main-nav-tab'] a[id*='ember'][class$='nav-link'], div[id='main-nav-tab']  a[id*='ember'][class$='nav-link ']").Nth(6)</Text>
      </RunInfo>
      <RunInfo computerName="DESKTOP-RSFFHJT" outcome="Warning" timestamp="2025-05-01T21:13:16.1996384-04:00">
        <Text>2025-05-02T01:13:16.198Z pw:api   locator resolved to &lt;a id="ember108" href="#/contacts" class="ember-view nav-link"&gt;ΓÇª&lt;/a&gt;</Text>
      </RunInfo>
      <RunInfo computerName="DESKTOP-RSFFHJT" outcome="Warning" timestamp="2025-05-01T21:13:16.2008623-04:00">
        <Text>2025-05-02T01:13:16.199Z pw:api waiting for Locator("div[id='main-nav-tab'] a[id*='ember'][class$='nav-link'], div[id='main-nav-tab']  a[id*='ember'][class$='nav-link ']").Nth(7)</Text>
      </RunInfo>
      <RunInfo computerName="DESKTOP-RSFFHJT" outcome="Warning" timestamp="2025-05-01T21:13:16.2027742-04:00">
        <Text>2025-05-02T01:13:16.201Z pw:api   locator resolved to &lt;a id="ember114" href="#/salesorders" class="ember-view nav-link"&gt;ΓÇª&lt;/a&gt;</Text>
      </RunInfo>
      <RunInfo computerName="DESKTOP-RSFFHJT" outcome="Warning" timestamp="2025-05-01T21:13:16.2034635-04:00">
        <Text>2025-05-02T01:13:16.202Z pw:api waiting for Locator("div[id='main-nav-tab'] a[id*='ember'][class$='nav-link'], div[id='main-nav-tab']  a[id*='ember'][class$='nav-link ']").Nth(8)</Text>
      </RunInfo>
      <RunInfo computerName="DESKTOP-RSFFHJT" outcome="Warning" timestamp="2025-05-01T21:13:16.2056258-04:00">
        <Text>2025-05-02T01:13:16.204Z pw:api   locator resolved to &lt;a id="ember121" href="#/packages" class="ember-view nav-link"&gt;ΓÇª&lt;/a&gt;</Text>
      </RunInfo>
      <RunInfo computerName="DESKTOP-RSFFHJT" outcome="Warning" timestamp="2025-05-01T21:13:16.2064619-04:00">
        <Text>2025-05-02T01:13:16.205Z pw:api waiting for Locator("div[id='main-nav-tab'] a[id*='ember'][class$='nav-link'], div[id='main-nav-tab']  a[id*='ember'][class$='nav-link ']").Nth(9)</Text>
      </RunInfo>
      <RunInfo computerName="DESKTOP-RSFFHJT" outcome="Warning" timestamp="2025-05-01T21:13:16.2085254-04:00">
        <Text>2025-05-02T01:13:16.207Z pw:api   locator resolved to &lt;a id="ember125" href="#/shipments" class="ember-view nav-link"&gt;ΓÇª&lt;/a&gt;</Text>
      </RunInfo>
      <RunInfo computerName="DESKTOP-RSFFHJT" outcome="Warning" timestamp="2025-05-01T21:13:16.2094424-04:00">
        <Text>2025-05-02T01:13:16.208Z pw:api waiting for Locator("div[id='main-nav-tab'] a[id*='ember'][class$='nav-link'], div[id='main-nav-tab']  a[id*='ember'][class$='nav-link ']").Nth(10)</Text>
      </RunInfo>
      <RunInfo computerName="DESKTOP-RSFFHJT" outcome="Warning" timestamp="2025-05-01T21:13:16.2115949-04:00">
        <Text>2025-05-02T01:13:16.210Z pw:api   locator resolved to &lt;a id="ember129" href="#/invoices" class="ember-view nav-link"&gt;ΓÇª&lt;/a&gt;</Text>
      </RunInfo>
      <RunInfo computerName="DESKTOP-RSFFHJT" outcome="Warning" timestamp="2025-05-01T21:13:16.2122486-04:00">
        <Text>2025-05-02T01:13:16.211Z pw:api waiting for Locator("div[id='main-nav-tab'] a[id*='ember'][class$='nav-link'], div[id='main-nav-tab']  a[id*='ember'][class$='nav-link ']").Nth(11)</Text>
      </RunInfo>
      <RunInfo computerName="DESKTOP-RSFFHJT" outcome="Warning" timestamp="2025-05-01T21:13:16.2148673-04:00">
        <Text>2025-05-02T01:13:16.213Z pw:api   locator resolved to &lt;a id="ember134" href="#/paymentsreceived" class="ember-view nav-link"&gt;ΓÇª&lt;/a&gt;</Text>
      </RunInfo>
      <RunInfo computerName="DESKTOP-RSFFHJT" outcome="Warning" timestamp="2025-05-01T21:13:16.2157566-04:00">
        <Text>2025-05-02T01:13:16.214Z pw:api waiting for Locator("div[id='main-nav-tab'] a[id*='ember'][class$='nav-link'], div[id='main-nav-tab']  a[id*='ember'][class$='nav-link ']").Nth(12)</Text>
      </RunInfo>
      <RunInfo computerName="DESKTOP-RSFFHJT" outcome="Warning" timestamp="2025-05-01T21:13:16.2316560-04:00">
        <Text>2025-05-02T01:13:16.230Z pw:api   locator resolved to &lt;a id="ember140" href="#/salesreturns" class="ember-view nav-link"&gt;ΓÇª&lt;/a&gt;</Text>
      </RunInfo>
      <RunInfo computerName="DESKTOP-RSFFHJT" outcome="Warning" timestamp="2025-05-01T21:13:16.2325287-04:00">
        <Text>2025-05-02T01:13:16.231Z pw:api waiting for Locator("div[id='main-nav-tab'] a[id*='ember'][class$='nav-link'], div[id='main-nav-tab']  a[id*='ember'][class$='nav-link ']").Nth(13)</Text>
      </RunInfo>
      <RunInfo computerName="DESKTOP-RSFFHJT" outcome="Warning" timestamp="2025-05-01T21:13:16.2678178-04:00">
        <Text>2025-05-02T01:13:16.266Z pw:api   locator resolved to &lt;a id="ember143" href="#/creditnotes" class="ember-view nav-link"&gt;ΓÇª&lt;/a&gt;</Text>
      </RunInfo>
      <RunInfo computerName="DESKTOP-RSFFHJT" outcome="Warning" timestamp="2025-05-01T21:13:16.2685290-04:00">
        <Text>2025-05-02T01:13:16.267Z pw:api waiting for Locator("div[id='main-nav-tab'] a[id*='ember'][class$='nav-link'], div[id='main-nav-tab']  a[id*='ember'][class$='nav-link ']").Nth(14)</Text>
      </RunInfo>
      <RunInfo computerName="DESKTOP-RSFFHJT" outcome="Warning" timestamp="2025-05-01T21:13:16.2772056-04:00">
        <Text>2025-05-02T01:13:16.276Z pw:api   locator resolved to &lt;a id="ember147" class="collapsed ember-view nav-link "&gt;ΓÇª&lt;/a&gt;</Text>
      </RunInfo>
      <RunInfo computerName="DESKTOP-RSFFHJT" outcome="Warning" timestamp="2025-05-01T21:13:16.2779193-04:00">
        <Text>2025-05-02T01:13:16.276Z pw:api waiting for Locator("div[id='main-nav-tab'] a[id*='ember'][class$='nav-link'], div[id='main-nav-tab']  a[id*='ember'][class$='nav-link ']").Nth(15)</Text>
      </RunInfo>
      <RunInfo computerName="DESKTOP-RSFFHJT" outcome="Warning" timestamp="2025-05-01T21:13:16.2814992-04:00">
        <Text>2025-05-02T01:13:16.280Z pw:api   locator resolved to &lt;a id="ember151" href="#/vendors" class="ember-view nav-link"&gt;ΓÇª&lt;/a&gt;</Text>
      </RunInfo>
      <RunInfo computerName="DESKTOP-RSFFHJT" outcome="Warning" timestamp="2025-05-01T21:13:16.2821215-04:00">
        <Text>2025-05-02T01:13:16.281Z pw:api waiting for Locator("div[id='main-nav-tab'] a[id*='ember'][class$='nav-link'], div[id='main-nav-tab']  a[id*='ember'][class$='nav-link ']").Nth(16)</Text>
      </RunInfo>
      <RunInfo computerName="DESKTOP-RSFFHJT" outcome="Warning" timestamp="2025-05-01T21:13:16.2841383-04:00">
        <Text>2025-05-02T01:13:16.283Z pw:api   locator resolved to &lt;a id="ember155" href="#/expenses" class="ember-view nav-link"&gt;ΓÇª&lt;/a&gt;</Text>
      </RunInfo>
      <RunInfo computerName="DESKTOP-RSFFHJT" outcome="Warning" timestamp="2025-05-01T21:13:16.2846828-04:00">
        <Text>2025-05-02T01:13:16.283Z pw:api waiting for Locator("div[id='main-nav-tab'] a[id*='ember'][class$='nav-link'], div[id='main-nav-tab']  a[id*='ember'][class$='nav-link ']").Nth(17)</Text>
      </RunInfo>
      <RunInfo computerName="DESKTOP-RSFFHJT" outcome="Warning" timestamp="2025-05-01T21:13:16.2866520-04:00">
        <Text>2025-05-02T01:13:16.285Z pw:api   locator resolved to &lt;a id="ember159" href="#/purchaseorders" class="ember-view nav-link"&gt;ΓÇª&lt;/a&gt;</Text>
      </RunInfo>
      <RunInfo computerName="DESKTOP-RSFFHJT" outcome="Warning" timestamp="2025-05-01T21:13:16.2872835-04:00">
        <Text>2025-05-02T01:13:16.286Z pw:api waiting for Locator("div[id='main-nav-tab'] a[id*='ember'][class$='nav-link'], div[id='main-nav-tab']  a[id*='ember'][class$='nav-link ']").Nth(18)</Text>
      </RunInfo>
      <RunInfo computerName="DESKTOP-RSFFHJT" outcome="Warning" timestamp="2025-05-01T21:13:16.2891019-04:00">
        <Text>2025-05-02T01:13:16.288Z pw:api   locator resolved to &lt;a id="ember163" href="#/purchasereceives" class="ember-view nav-link"&gt;ΓÇª&lt;/a&gt;</Text>
      </RunInfo>
      <RunInfo computerName="DESKTOP-RSFFHJT" outcome="Warning" timestamp="2025-05-01T21:13:16.2897191-04:00">
        <Text>2025-05-02T01:13:16.288Z pw:api waiting for Locator("div[id='main-nav-tab'] a[id*='ember'][class$='nav-link'], div[id='main-nav-tab']  a[id*='ember'][class$='nav-link ']").Nth(19)</Text>
      </RunInfo>
      <RunInfo computerName="DESKTOP-RSFFHJT" outcome="Warning" timestamp="2025-05-01T21:13:16.2915622-04:00">
        <Text>2025-05-02T01:13:16.290Z pw:api   locator resolved to &lt;a id="ember168" href="#/bills" class="ember-view nav-link"&gt;ΓÇª&lt;/a&gt;</Text>
      </RunInfo>
      <RunInfo computerName="DESKTOP-RSFFHJT" outcome="Warning" timestamp="2025-05-01T21:13:16.2921303-04:00">
        <Text>2025-05-02T01:13:16.291Z pw:api waiting for Locator("div[id='main-nav-tab'] a[id*='ember'][class$='nav-link'], div[id='main-nav-tab']  a[id*='ember'][class$='nav-link ']").Nth(20)</Text>
      </RunInfo>
      <RunInfo computerName="DESKTOP-RSFFHJT" outcome="Warning" timestamp="2025-05-01T21:13:16.2940841-04:00">
        <Text>2025-05-02T01:13:16.293Z pw:api   locator resolved to &lt;a id="ember172" href="#/paymentsmade" class="ember-view nav-link"&gt;ΓÇª&lt;/a&gt;</Text>
      </RunInfo>
      <RunInfo computerName="DESKTOP-RSFFHJT" outcome="Warning" timestamp="2025-05-01T21:13:16.2945547-04:00">
        <Text>2025-05-02T01:13:16.293Z pw:api waiting for Locator("div[id='main-nav-tab'] a[id*='ember'][class$='nav-link'], div[id='main-nav-tab']  a[id*='ember'][class$='nav-link ']").Nth(21)</Text>
      </RunInfo>
      <RunInfo computerName="DESKTOP-RSFFHJT" outcome="Warning" timestamp="2025-05-01T21:13:16.2971094-04:00">
        <Text>2025-05-02T01:13:16.295Z pw:api   locator resolved to &lt;a id="ember177" href="#/vendorcredits" class="ember-view nav-link"&gt;ΓÇª&lt;/a&gt;</Text>
      </RunInfo>
      <RunInfo computerName="DESKTOP-RSFFHJT" outcome="Warning" timestamp="2025-05-01T21:13:16.2977989-04:00">
        <Text>2025-05-02T01:13:16.296Z pw:api waiting for Locator("div[id='main-nav-tab'] a[id*='ember'][class$='nav-link'], div[id='main-nav-tab']  a[id*='ember'][class$='nav-link ']").Nth(22)</Text>
      </RunInfo>
      <RunInfo computerName="DESKTOP-RSFFHJT" outcome="Warning" timestamp="2025-05-01T21:13:16.2999975-04:00">
        <Text>2025-05-02T01:13:16.298Z pw:api   locator resolved to &lt;a id="ember181" class="ember-view nav-link" href="#/settings/integrations"&gt;ΓÇª&lt;/a&gt;</Text>
      </RunInfo>
      <RunInfo computerName="DESKTOP-RSFFHJT" outcome="Warning" timestamp="2025-05-01T21:13:16.3007002-04:00">
        <Text>2025-05-02T01:13:16.299Z pw:api waiting for Locator("div[id='main-nav-tab'] a[id*='ember'][class$='nav-link'], div[id='main-nav-tab']  a[id*='ember'][class$='nav-link ']").Nth(23)</Text>
      </RunInfo>
      <RunInfo computerName="DESKTOP-RSFFHJT" outcome="Warning" timestamp="2025-05-01T21:13:16.3026166-04:00">
        <Text>2025-05-02T01:13:16.301Z pw:api   locator resolved to &lt;a id="ember184" href="#/reports" class="ember-view nav-link"&gt;ΓÇª&lt;/a&gt;</Text>
      </RunInfo>
      <RunInfo computerName="DESKTOP-RSFFHJT" outcome="Warning" timestamp="2025-05-01T21:13:16.3032107-04:00">
        <Text>2025-05-02T01:13:16.302Z pw:api waiting for Locator("div[id='main-nav-tab'] a[id*='ember'][class$='nav-link'], div[id='main-nav-tab']  a[id*='ember'][class$='nav-link ']").Nth(24)</Text>
      </RunInfo>
      <RunInfo computerName="DESKTOP-RSFFHJT" outcome="Warning" timestamp="2025-05-01T21:13:16.3050954-04:00">
        <Text>2025-05-02T01:13:16.304Z pw:api   locator resolved to &lt;a id="ember187" href="#/documents/inbox" class="ember-view nav-link"&gt;ΓÇª&lt;/a&gt;</Text>
      </RunInfo>
      <RunInfo computerName="DESKTOP-RSFFHJT" outcome="Warning" timestamp="2025-05-01T21:13:16.3058968-04:00">
        <Text>2025-05-02T01:13:16.304Z pw:api waiting for Locator("div[id='main-nav-tab'] a[id*='ember'][class$='nav-link'], div[id='main-nav-tab']  a[id*='ember'][class$='nav-link ']").Nth(5)</Text>
      </RunInfo>
      <RunInfo computerName="DESKTOP-RSFFHJT" outcome="Warning" timestamp="2025-05-01T21:13:16.3090203-04:00">
        <Text>2025-05-02T01:13:16.308Z pw:api   locator resolved to &lt;a id="ember104" class="collapsed ember-view nav-link "&gt;ΓÇª&lt;/a&gt;</Text>
      </RunInfo>
      <RunInfo computerName="DESKTOP-RSFFHJT" outcome="Warning" timestamp="2025-05-01T21:13:16.3096540-04:00">
        <Text>2025-05-02T01:13:16.308Z pw:api attempting click action</Text>
      </RunInfo>
      <RunInfo computerName="DESKTOP-RSFFHJT" outcome="Warning" timestamp="2025-05-01T21:13:16.3097227-04:00">
        <Text>2025-05-02T01:13:16.308Z pw:api   waiting for element to be visible, enabled and stable</Text>
      </RunInfo>
      <RunInfo computerName="DESKTOP-RSFFHJT" outcome="Warning" timestamp="2025-05-01T21:13:16.3309795-04:00">
        <Text>2025-05-02T01:13:16.329Z pw:api   element is visible, enabled and stable</Text>
      </RunInfo>
      <RunInfo computerName="DESKTOP-RSFFHJT" outcome="Warning" timestamp="2025-05-01T21:13:16.3309862-04:00">
        <Text>2025-05-02T01:13:16.329Z pw:api   scrolling into view if needed</Text>
      </RunInfo>
      <RunInfo computerName="DESKTOP-RSFFHJT" outcome="Warning" timestamp="2025-05-01T21:13:16.3315044-04:00">
        <Text>2025-05-02T01:13:16.330Z pw:api   done scrolling</Text>
      </RunInfo>
      <RunInfo computerName="DESKTOP-RSFFHJT" outcome="Warning" timestamp="2025-05-01T21:13:16.3338596-04:00">
        <Text>2025-05-02T01:13:16.332Z pw:api   performing click action</Text>
      </RunInfo>
      <RunInfo computerName="DESKTOP-RSFFHJT" outcome="Warning" timestamp="2025-05-01T21:13:16.3435420-04:00">
        <Text>2025-05-02T01:13:16.342Z pw:api   click action done</Text>
      </RunInfo>
      <RunInfo computerName="DESKTOP-RSFFHJT" outcome="Warning" timestamp="2025-05-01T21:13:16.3435480-04:00">
        <Text>2025-05-02T01:13:16.342Z pw:api   waiting for scheduled navigations to finish</Text>
      </RunInfo>
      <RunInfo computerName="DESKTOP-RSFFHJT" outcome="Warning" timestamp="2025-05-01T21:13:16.3437779-04:00">
        <Text>2025-05-02T01:13:16.342Z pw:api   navigations have finished</Text>
      </RunInfo>
      <RunInfo computerName="DESKTOP-RSFFHJT" outcome="Warning" timestamp="2025-05-01T21:13:16.3476307-04:00">
        <Text>2025-05-02T01:13:16.346Z pw:api waiting for Locator("div[id='main-nav-tab'] a[id*='ember'][class$='nav-link'], div[id='main-nav-tab']  a[id*='ember'][class$='nav-link ']").First</Text>
      </RunInfo>
      <RunInfo computerName="DESKTOP-RSFFHJT" outcome="Warning" timestamp="2025-05-01T21:13:16.3506039-04:00">
        <Text>2025-05-02T01:13:16.349Z pw:api   locator resolved to &lt;a id="ember79" href="#/home" class="ember-view active nav-link"&gt;ΓÇª&lt;/a&gt;</Text>
      </RunInfo>
      <RunInfo computerName="DESKTOP-RSFFHJT" outcome="Warning" timestamp="2025-05-01T21:13:16.3511911-04:00">
        <Text>2025-05-02T01:13:16.350Z pw:api waiting for Locator("div[id='main-nav-tab'] a[id*='ember'][class$='nav-link'], div[id='main-nav-tab']  a[id*='ember'][class$='nav-link ']").Nth(1)</Text>
      </RunInfo>
      <RunInfo computerName="DESKTOP-RSFFHJT" outcome="Warning" timestamp="2025-05-01T21:13:16.3532373-04:00">
        <Text>2025-05-02T01:13:16.352Z pw:api   locator resolved to &lt;a id="ember82" class="collapsed ember-view nav-link "&gt;ΓÇª&lt;/a&gt;</Text>
      </RunInfo>
      <RunInfo computerName="DESKTOP-RSFFHJT" outcome="Warning" timestamp="2025-05-01T21:13:16.3538203-04:00">
        <Text>2025-05-02T01:13:16.352Z pw:api waiting for Locator("div[id='main-nav-tab'] a[id*='ember'][class$='nav-link'], div[id='main-nav-tab']  a[id*='ember'][class$='nav-link ']").Nth(2)</Text>
      </RunInfo>
      <RunInfo computerName="DESKTOP-RSFFHJT" outcome="Warning" timestamp="2025-05-01T21:13:16.3555087-04:00">
        <Text>2025-05-02T01:13:16.354Z pw:api   locator resolved to &lt;a id="ember86" href="#/inventory/items" class="ember-view nav-link"&gt;ΓÇª&lt;/a&gt;</Text>
      </RunInfo>
      <RunInfo computerName="DESKTOP-RSFFHJT" outcome="Warning" timestamp="2025-05-01T21:13:16.3561369-04:00">
        <Text>2025-05-02T01:13:16.355Z pw:api waiting for Locator("div[id='main-nav-tab'] a[id*='ember'][class$='nav-link'], div[id='main-nav-tab']  a[id*='ember'][class$='nav-link ']").Nth(3)</Text>
      </RunInfo>
      <RunInfo computerName="DESKTOP-RSFFHJT" outcome="Warning" timestamp="2025-05-01T21:13:16.3577926-04:00">
        <Text>2025-05-02T01:13:16.356Z pw:api   locator resolved to &lt;a id="ember91" class="ember-view nav-link" href="#/inventory/itemgroups"&gt;ΓÇª&lt;/a&gt;</Text>
      </RunInfo>
      <RunInfo computerName="DESKTOP-RSFFHJT" outcome="Warning" timestamp="2025-05-01T21:13:16.3583134-04:00">
        <Text>2025-05-02T01:13:16.357Z pw:api waiting for Locator("div[id='main-nav-tab'] a[id*='ember'][class$='nav-link'], div[id='main-nav-tab']  a[id*='ember'][class$='nav-link ']").Nth(4)</Text>
      </RunInfo>
      <RunInfo computerName="DESKTOP-RSFFHJT" outcome="Warning" timestamp="2025-05-01T21:13:16.3599920-04:00">
        <Text>2025-05-02T01:13:16.359Z pw:api   locator resolved to &lt;a id="ember97" class="ember-view nav-link" href="#/inventory/adjustments"&gt;ΓÇª&lt;/a&gt;</Text>
      </RunInfo>
      <RunInfo computerName="DESKTOP-RSFFHJT" outcome="Warning" timestamp="2025-05-01T21:13:16.3607367-04:00">
        <Text>2025-05-02T01:13:16.359Z pw:api waiting for Locator("div[id='main-nav-tab'] a[id*='ember'][class$='nav-link'], div[id='main-nav-tab']  a[id*='ember'][class$='nav-link ']").Nth(5)</Text>
      </RunInfo>
      <RunInfo computerName="DESKTOP-RSFFHJT" outcome="Warning" timestamp="2025-05-01T21:13:16.3629707-04:00">
        <Text>2025-05-02T01:13:16.361Z pw:api   locator resolved to &lt;a id="ember104" class="ember-view nav-link "&gt;ΓÇª&lt;/a&gt;</Text>
      </RunInfo>
      <RunInfo computerName="DESKTOP-RSFFHJT" outcome="Warning" timestamp="2025-05-01T21:13:16.3641280-04:00">
        <Text>2025-05-02T01:13:16.363Z pw:api waiting for Locator("div[id='main-nav-tab'] a[id*='ember'][class$='nav-link'], div[id='main-nav-tab']  a[id*='ember'][class$='nav-link ']").Nth(6)</Text>
      </RunInfo>
      <RunInfo computerName="DESKTOP-RSFFHJT" outcome="Warning" timestamp="2025-05-01T21:13:16.3668852-04:00">
        <Text>2025-05-02T01:13:16.365Z pw:api   locator resolved to &lt;a id="ember108" href="#/contacts" class="ember-view nav-link"&gt;ΓÇª&lt;/a&gt;</Text>
      </RunInfo>
      <RunInfo computerName="DESKTOP-RSFFHJT" outcome="Warning" timestamp="2025-05-01T21:13:16.3675404-04:00">
        <Text>2025-05-02T01:13:16.366Z pw:api waiting for Locator("div[id='main-nav-tab'] a[id*='ember'][class$='nav-link'], div[id='main-nav-tab']  a[id*='ember'][class$='nav-link ']").Nth(7)</Text>
      </RunInfo>
      <RunInfo computerName="DESKTOP-RSFFHJT" outcome="Warning" timestamp="2025-05-01T21:13:16.3692448-04:00">
        <Text>2025-05-02T01:13:16.368Z pw:api   locator resolved to &lt;a id="ember114" href="#/salesorders" class="ember-view nav-link"&gt;ΓÇª&lt;/a&gt;</Text>
      </RunInfo>
      <RunInfo computerName="DESKTOP-RSFFHJT" outcome="Warning" timestamp="2025-05-01T21:13:16.3697467-04:00">
        <Text>2025-05-02T01:13:16.368Z pw:api waiting for Locator("div[id='main-nav-tab'] a[id*='ember'][class$='nav-link'], div[id='main-nav-tab']  a[id*='ember'][class$='nav-link ']").Nth(8)</Text>
      </RunInfo>
      <RunInfo computerName="DESKTOP-RSFFHJT" outcome="Warning" timestamp="2025-05-01T21:13:16.3713918-04:00">
        <Text>2025-05-02T01:13:16.370Z pw:api   locator resolved to &lt;a id="ember121" href="#/packages" class="ember-view nav-link"&gt;ΓÇª&lt;/a&gt;</Text>
      </RunInfo>
      <RunInfo computerName="DESKTOP-RSFFHJT" outcome="Warning" timestamp="2025-05-01T21:13:16.3717923-04:00">
        <Text>2025-05-02T01:13:16.370Z pw:api waiting for Locator("div[id='main-nav-tab'] a[id*='ember'][class$='nav-link'], div[id='main-nav-tab']  a[id*='ember'][class$='nav-link ']").Nth(9)</Text>
      </RunInfo>
      <RunInfo computerName="DESKTOP-RSFFHJT" outcome="Warning" timestamp="2025-05-01T21:13:16.3735269-04:00">
        <Text>2025-05-02T01:13:16.372Z pw:api   locator resolved to &lt;a id="ember125" href="#/shipments" class="ember-view nav-link"&gt;ΓÇª&lt;/a&gt;</Text>
      </RunInfo>
      <RunInfo computerName="DESKTOP-RSFFHJT" outcome="Warning" timestamp="2025-05-01T21:13:16.3741145-04:00">
        <Text>2025-05-02T01:13:16.373Z pw:api waiting for Locator("div[id='main-nav-tab'] a[id*='ember'][class$='nav-link'], div[id='main-nav-tab']  a[id*='ember'][class$='nav-link ']").Nth(10)</Text>
      </RunInfo>
      <RunInfo computerName="DESKTOP-RSFFHJT" outcome="Warning" timestamp="2025-05-01T21:13:16.3760821-04:00">
        <Text>2025-05-02T01:13:16.375Z pw:api   locator resolved to &lt;a id="ember129" href="#/invoices" class="ember-view nav-link"&gt;ΓÇª&lt;/a&gt;</Text>
      </RunInfo>
      <RunInfo computerName="DESKTOP-RSFFHJT" outcome="Warning" timestamp="2025-05-01T21:13:16.3766390-04:00">
        <Text>2025-05-02T01:13:16.375Z pw:api waiting for Locator("div[id='main-nav-tab'] a[id*='ember'][class$='nav-link'], div[id='main-nav-tab']  a[id*='ember'][class$='nav-link ']").Nth(11)</Text>
      </RunInfo>
      <RunInfo computerName="DESKTOP-RSFFHJT" outcome="Warning" timestamp="2025-05-01T21:13:16.3783335-04:00">
        <Text>2025-05-02T01:13:16.377Z pw:api   locator resolved to &lt;a id="ember134" href="#/paymentsreceived" class="ember-view nav-link"&gt;ΓÇª&lt;/a&gt;</Text>
      </RunInfo>
      <RunInfo computerName="DESKTOP-RSFFHJT" outcome="Warning" timestamp="2025-05-01T21:13:16.3788938-04:00">
        <Text>2025-05-02T01:13:16.377Z pw:api waiting for Locator("div[id='main-nav-tab'] a[id*='ember'][class$='nav-link'], div[id='main-nav-tab']  a[id*='ember'][class$='nav-link ']").Nth(12)</Text>
      </RunInfo>
      <RunInfo computerName="DESKTOP-RSFFHJT" outcome="Warning" timestamp="2025-05-01T21:13:16.3811327-04:00">
        <Text>2025-05-02T01:13:16.379Z pw:api   locator resolved to &lt;a id="ember140" href="#/salesreturns" class="ember-view nav-link"&gt;ΓÇª&lt;/a&gt;</Text>
      </RunInfo>
      <RunInfo computerName="DESKTOP-RSFFHJT" outcome="Warning" timestamp="2025-05-01T21:13:16.3819347-04:00">
        <Text>2025-05-02T01:13:16.380Z pw:api waiting for Locator("div[id='main-nav-tab'] a[id*='ember'][class$='nav-link'], div[id='main-nav-tab']  a[id*='ember'][class$='nav-link ']").Nth(13)</Text>
      </RunInfo>
      <RunInfo computerName="DESKTOP-RSFFHJT" outcome="Warning" timestamp="2025-05-01T21:13:16.3843133-04:00">
        <Text>2025-05-02T01:13:16.383Z pw:api   locator resolved to &lt;a id="ember143" href="#/creditnotes" class="ember-view nav-link"&gt;ΓÇª&lt;/a&gt;</Text>
      </RunInfo>
      <RunInfo computerName="DESKTOP-RSFFHJT" outcome="Warning" timestamp="2025-05-01T21:13:16.3849179-04:00">
        <Text>2025-05-02T01:13:16.383Z pw:api waiting for Locator("div[id='main-nav-tab'] a[id*='ember'][class$='nav-link'], div[id='main-nav-tab']  a[id*='ember'][class$='nav-link ']").Nth(14)</Text>
      </RunInfo>
      <RunInfo computerName="DESKTOP-RSFFHJT" outcome="Warning" timestamp="2025-05-01T21:13:16.3870156-04:00">
        <Text>2025-05-02T01:13:16.386Z pw:api   locator resolved to &lt;a id="ember147" class="collapsed ember-view nav-link "&gt;ΓÇª&lt;/a&gt;</Text>
      </RunInfo>
      <RunInfo computerName="DESKTOP-RSFFHJT" outcome="Warning" timestamp="2025-05-01T21:13:16.3876323-04:00">
        <Text>2025-05-02T01:13:16.386Z pw:api waiting for Locator("div[id='main-nav-tab'] a[id*='ember'][class$='nav-link'], div[id='main-nav-tab']  a[id*='ember'][class$='nav-link ']").Nth(15)</Text>
      </RunInfo>
      <RunInfo computerName="DESKTOP-RSFFHJT" outcome="Warning" timestamp="2025-05-01T21:13:16.3893008-04:00">
        <Text>2025-05-02T01:13:16.388Z pw:api   locator resolved to &lt;a id="ember151" href="#/vendors" class="ember-view nav-link"&gt;ΓÇª&lt;/a&gt;</Text>
      </RunInfo>
      <RunInfo computerName="DESKTOP-RSFFHJT" outcome="Warning" timestamp="2025-05-01T21:13:16.3898342-04:00">
        <Text>2025-05-02T01:13:16.388Z pw:api waiting for Locator("div[id='main-nav-tab'] a[id*='ember'][class$='nav-link'], div[id='main-nav-tab']  a[id*='ember'][class$='nav-link ']").Nth(16)</Text>
      </RunInfo>
      <RunInfo computerName="DESKTOP-RSFFHJT" outcome="Warning" timestamp="2025-05-01T21:13:16.3914025-04:00">
        <Text>2025-05-02T01:13:16.390Z pw:api   locator resolved to &lt;a id="ember155" href="#/expenses" class="ember-view nav-link"&gt;ΓÇª&lt;/a&gt;</Text>
      </RunInfo>
      <RunInfo computerName="DESKTOP-RSFFHJT" outcome="Warning" timestamp="2025-05-01T21:13:16.3918510-04:00">
        <Text>2025-05-02T01:13:16.390Z pw:api waiting for Locator("div[id='main-nav-tab'] a[id*='ember'][class$='nav-link'], div[id='main-nav-tab']  a[id*='ember'][class$='nav-link ']").Nth(17)</Text>
      </RunInfo>
      <RunInfo computerName="DESKTOP-RSFFHJT" outcome="Warning" timestamp="2025-05-01T21:13:16.3937966-04:00">
        <Text>2025-05-02T01:13:16.392Z pw:api   locator resolved to &lt;a id="ember159" href="#/purchaseorders" class="ember-view nav-link"&gt;ΓÇª&lt;/a&gt;</Text>
      </RunInfo>
      <RunInfo computerName="DESKTOP-RSFFHJT" outcome="Warning" timestamp="2025-05-01T21:13:16.3944699-04:00">
        <Text>2025-05-02T01:13:16.393Z pw:api waiting for Locator("div[id='main-nav-tab'] a[id*='ember'][class$='nav-link'], div[id='main-nav-tab']  a[id*='ember'][class$='nav-link ']").Nth(18)</Text>
      </RunInfo>
      <RunInfo computerName="DESKTOP-RSFFHJT" outcome="Warning" timestamp="2025-05-01T21:13:16.3964833-04:00">
        <Text>2025-05-02T01:13:16.395Z pw:api   locator resolved to &lt;a id="ember163" href="#/purchasereceives" class="ember-view nav-link"&gt;ΓÇª&lt;/a&gt;</Text>
      </RunInfo>
      <RunInfo computerName="DESKTOP-RSFFHJT" outcome="Warning" timestamp="2025-05-01T21:13:16.3974574-04:00">
        <Text>2025-05-02T01:13:16.396Z pw:api waiting for Locator("div[id='main-nav-tab'] a[id*='ember'][class$='nav-link'], div[id='main-nav-tab']  a[id*='ember'][class$='nav-link ']").Nth(19)</Text>
      </RunInfo>
      <RunInfo computerName="DESKTOP-RSFFHJT" outcome="Warning" timestamp="2025-05-01T21:13:16.4006419-04:00">
        <Text>2025-05-02T01:13:16.399Z pw:api   locator resolved to &lt;a id="ember168" href="#/bills" class="ember-view nav-link"&gt;ΓÇª&lt;/a&gt;</Text>
      </RunInfo>
      <RunInfo computerName="DESKTOP-RSFFHJT" outcome="Warning" timestamp="2025-05-01T21:13:16.4012967-04:00">
        <Text>2025-05-02T01:13:16.400Z pw:api waiting for Locator("div[id='main-nav-tab'] a[id*='ember'][class$='nav-link'], div[id='main-nav-tab']  a[id*='ember'][class$='nav-link ']").Nth(20)</Text>
      </RunInfo>
      <RunInfo computerName="DESKTOP-RSFFHJT" outcome="Warning" timestamp="2025-05-01T21:13:16.4030351-04:00">
        <Text>2025-05-02T01:13:16.402Z pw:api   locator resolved to &lt;a id="ember172" href="#/paymentsmade" class="ember-view nav-link"&gt;ΓÇª&lt;/a&gt;</Text>
      </RunInfo>
      <RunInfo computerName="DESKTOP-RSFFHJT" outcome="Warning" timestamp="2025-05-01T21:13:16.4035452-04:00">
        <Text>2025-05-02T01:13:16.402Z pw:api waiting for Locator("div[id='main-nav-tab'] a[id*='ember'][class$='nav-link'], div[id='main-nav-tab']  a[id*='ember'][class$='nav-link ']").Nth(21)</Text>
      </RunInfo>
      <RunInfo computerName="DESKTOP-RSFFHJT" outcome="Warning" timestamp="2025-05-01T21:13:16.4053302-04:00">
        <Text>2025-05-02T01:13:16.404Z pw:api   locator resolved to &lt;a id="ember177" href="#/vendorcredits" class="ember-view nav-link"&gt;ΓÇª&lt;/a&gt;</Text>
      </RunInfo>
      <RunInfo computerName="DESKTOP-RSFFHJT" outcome="Warning" timestamp="2025-05-01T21:13:16.4092037-04:00">
        <Text>2025-05-02T01:13:16.408Z pw:api waiting for Locator("div[id='main-nav-tab'] a[id*='ember'][class$='nav-link'], div[id='main-nav-tab']  a[id*='ember'][class$='nav-link ']").Nth(22)</Text>
      </RunInfo>
      <RunInfo computerName="DESKTOP-RSFFHJT" outcome="Warning" timestamp="2025-05-01T21:13:16.4128042-04:00">
        <Text>2025-05-02T01:13:16.411Z pw:api   locator resolved to &lt;a id="ember181" class="ember-view nav-link" href="#/settings/integrations"&gt;ΓÇª&lt;/a&gt;</Text>
      </RunInfo>
      <RunInfo computerName="DESKTOP-RSFFHJT" outcome="Warning" timestamp="2025-05-01T21:13:16.4137801-04:00">
        <Text>2025-05-02T01:13:16.412Z pw:api waiting for Locator("div[id='main-nav-tab'] a[id*='ember'][class$='nav-link'], div[id='main-nav-tab']  a[id*='ember'][class$='nav-link ']").Nth(23)</Text>
      </RunInfo>
      <RunInfo computerName="DESKTOP-RSFFHJT" outcome="Warning" timestamp="2025-05-01T21:13:16.4174985-04:00">
        <Text>2025-05-02T01:13:16.416Z pw:api   locator resolved to &lt;a id="ember184" href="#/reports" class="ember-view nav-link"&gt;ΓÇª&lt;/a&gt;</Text>
      </RunInfo>
      <RunInfo computerName="DESKTOP-RSFFHJT" outcome="Warning" timestamp="2025-05-01T21:13:16.4181558-04:00">
        <Text>2025-05-02T01:13:16.417Z pw:api waiting for Locator("div[id='main-nav-tab'] a[id*='ember'][class$='nav-link'], div[id='main-nav-tab']  a[id*='ember'][class$='nav-link ']").Nth(24)</Text>
      </RunInfo>
      <RunInfo computerName="DESKTOP-RSFFHJT" outcome="Warning" timestamp="2025-05-01T21:13:16.4201303-04:00">
        <Text>2025-05-02T01:13:16.419Z pw:api   locator resolved to &lt;a id="ember187" href="#/documents/inbox" class="ember-view nav-link"&gt;ΓÇª&lt;/a&gt;</Text>
      </RunInfo>
      <RunInfo computerName="DESKTOP-RSFFHJT" outcome="Warning" timestamp="2025-05-01T21:13:16.4210711-04:00">
        <Text>2025-05-02T01:13:16.420Z pw:api waiting for Locator("div[id='main-nav-tab'] a[id*='ember'][class$='nav-link'], div[id='main-nav-tab']  a[id*='ember'][class$='nav-link ']").Nth(6)</Text>
      </RunInfo>
      <RunInfo computerName="DESKTOP-RSFFHJT" outcome="Warning" timestamp="2025-05-01T21:13:16.4281023-04:00">
        <Text>2025-05-02T01:13:16.427Z pw:api   locator resolved to &lt;a id="ember108" href="#/contacts" class="ember-view nav-link"&gt;ΓÇª&lt;/a&gt;</Text>
      </RunInfo>
      <RunInfo computerName="DESKTOP-RSFFHJT" outcome="Warning" timestamp="2025-05-01T21:13:16.4285630-04:00">
        <Text>2025-05-02T01:13:16.427Z pw:api attempting click action</Text>
      </RunInfo>
      <RunInfo computerName="DESKTOP-RSFFHJT" outcome="Warning" timestamp="2025-05-01T21:13:16.4285723-04:00">
        <Text>2025-05-02T01:13:16.427Z pw:api   waiting for element to be visible, enabled and stable</Text>
      </RunInfo>
      <RunInfo computerName="DESKTOP-RSFFHJT" outcome="Warning" timestamp="2025-05-01T21:13:16.4479231-04:00">
        <Text>2025-05-02T01:13:16.446Z pw:api   element is visible, enabled and stable</Text>
      </RunInfo>
      <RunInfo computerName="DESKTOP-RSFFHJT" outcome="Warning" timestamp="2025-05-01T21:13:16.4479297-04:00">
        <Text>2025-05-02T01:13:16.446Z pw:api   scrolling into view if needed</Text>
      </RunInfo>
      <RunInfo computerName="DESKTOP-RSFFHJT" outcome="Warning" timestamp="2025-05-01T21:13:16.4490799-04:00">
        <Text>2025-05-02T01:13:16.448Z pw:api   done scrolling</Text>
      </RunInfo>
      <RunInfo computerName="DESKTOP-RSFFHJT" outcome="Warning" timestamp="2025-05-01T21:13:16.4510798-04:00">
        <Text>2025-05-02T01:13:16.450Z pw:api   performing click action</Text>
      </RunInfo>
      <RunInfo computerName="DESKTOP-RSFFHJT" outcome="Warning" timestamp="2025-05-01T21:13:16.4717202-04:00">
        <Text>2025-05-02T01:13:16.470Z pw:api   click action done</Text>
      </RunInfo>
      <RunInfo computerName="DESKTOP-RSFFHJT" outcome="Warning" timestamp="2025-05-01T21:13:16.4717269-04:00">
        <Text>2025-05-02T01:13:16.470Z pw:api   waiting for scheduled navigations to finish</Text>
      </RunInfo>
      <RunInfo computerName="DESKTOP-RSFFHJT" outcome="Warning" timestamp="2025-05-01T21:13:16.4795152-04:00">
        <Text>2025-05-02T01:13:16.478Z pw:api   navigations have finished</Text>
      </RunInfo>
      <RunInfo computerName="DESKTOP-RSFFHJT" outcome="Warning" timestamp="2025-05-01T21:13:16.4843721-04:00">
        <Text>2025-05-02T01:13:16.483Z pw:api waiting for Locator("div[id='main-nav-tab'] a[id*='ember'][class$='nav-link'], div[id='main-nav-tab']  a[id*='ember'][class$='nav-link ']").First</Text>
      </RunInfo>
      <RunInfo computerName="DESKTOP-RSFFHJT" outcome="Warning" timestamp="2025-05-01T21:13:16.4856934-04:00">
        <Text>2025-05-02T01:13:16.484Z pw:api   locator resolved to &lt;a id="ember79" href="#/home" class="ember-view active ember-transitioning-out nav-link"&gt;ΓÇª&lt;/a&gt;</Text>
      </RunInfo>
      <RunInfo computerName="DESKTOP-RSFFHJT" outcome="Warning" timestamp="2025-05-01T21:13:16.4863918-04:00">
        <Text>2025-05-02T01:13:16.485Z pw:api waiting for Locator("div[id='main-nav-tab'] a[id*='ember'][class$='nav-link'], div[id='main-nav-tab']  a[id*='ember'][class$='nav-link ']").Nth(1)</Text>
      </RunInfo>
      <RunInfo computerName="DESKTOP-RSFFHJT" outcome="Warning" timestamp="2025-05-01T21:13:16.4878614-04:00">
        <Text>2025-05-02T01:13:16.486Z pw:api   locator resolved to &lt;a id="ember82" class="collapsed ember-view nav-link "&gt;ΓÇª&lt;/a&gt;</Text>
      </RunInfo>
      <RunInfo computerName="DESKTOP-RSFFHJT" outcome="Warning" timestamp="2025-05-01T21:13:16.4884129-04:00">
        <Text>2025-05-02T01:13:16.487Z pw:api waiting for Locator("div[id='main-nav-tab'] a[id*='ember'][class$='nav-link'], div[id='main-nav-tab']  a[id*='ember'][class$='nav-link ']").Nth(2)</Text>
      </RunInfo>
      <RunInfo computerName="DESKTOP-RSFFHJT" outcome="Warning" timestamp="2025-05-01T21:13:16.4901394-04:00">
        <Text>2025-05-02T01:13:16.489Z pw:api   locator resolved to &lt;a id="ember86" href="#/inventory/items" class="ember-view nav-link"&gt;ΓÇª&lt;/a&gt;</Text>
      </RunInfo>
      <RunInfo computerName="DESKTOP-RSFFHJT" outcome="Warning" timestamp="2025-05-01T21:13:16.4907389-04:00">
        <Text>2025-05-02T01:13:16.489Z pw:api waiting for Locator("div[id='main-nav-tab'] a[id*='ember'][class$='nav-link'], div[id='main-nav-tab']  a[id*='ember'][class$='nav-link ']").Nth(3)</Text>
      </RunInfo>
      <RunInfo computerName="DESKTOP-RSFFHJT" outcome="Warning" timestamp="2025-05-01T21:13:16.4923654-04:00">
        <Text>2025-05-02T01:13:16.491Z pw:api   locator resolved to &lt;a id="ember91" class="ember-view nav-link" href="#/inventory/itemgroups"&gt;ΓÇª&lt;/a&gt;</Text>
      </RunInfo>
      <RunInfo computerName="DESKTOP-RSFFHJT" outcome="Warning" timestamp="2025-05-01T21:13:16.4928618-04:00">
        <Text>2025-05-02T01:13:16.491Z pw:api waiting for Locator("div[id='main-nav-tab'] a[id*='ember'][class$='nav-link'], div[id='main-nav-tab']  a[id*='ember'][class$='nav-link ']").Nth(4)</Text>
      </RunInfo>
      <RunInfo computerName="DESKTOP-RSFFHJT" outcome="Warning" timestamp="2025-05-01T21:13:16.4943079-04:00">
        <Text>2025-05-02T01:13:16.493Z pw:api   locator resolved to &lt;a id="ember97" class="ember-view nav-link" href="#/inventory/adjustments"&gt;ΓÇª&lt;/a&gt;</Text>
      </RunInfo>
      <RunInfo computerName="DESKTOP-RSFFHJT" outcome="Warning" timestamp="2025-05-01T21:13:16.4946911-04:00">
        <Text>2025-05-02T01:13:16.493Z pw:api waiting for Locator("div[id='main-nav-tab'] a[id*='ember'][class$='nav-link'], div[id='main-nav-tab']  a[id*='ember'][class$='nav-link ']").Nth(5)</Text>
      </RunInfo>
      <RunInfo computerName="DESKTOP-RSFFHJT" outcome="Warning" timestamp="2025-05-01T21:13:16.4961595-04:00">
        <Text>2025-05-02T01:13:16.495Z pw:api   locator resolved to &lt;a id="ember104" class="collapsed ember-view nav-link "&gt;ΓÇª&lt;/a&gt;</Text>
      </RunInfo>
      <RunInfo computerName="DESKTOP-RSFFHJT" outcome="Warning" timestamp="2025-05-01T21:13:16.4973202-04:00">
        <Text>2025-05-02T01:13:16.496Z pw:api waiting for Locator("div[id='main-nav-tab'] a[id*='ember'][class$='nav-link'], div[id='main-nav-tab']  a[id*='ember'][class$='nav-link ']").Nth(6)</Text>
      </RunInfo>
      <RunInfo computerName="DESKTOP-RSFFHJT" outcome="Warning" timestamp="2025-05-01T21:13:16.4994731-04:00">
        <Text>2025-05-02T01:13:16.498Z pw:api   locator resolved to &lt;a id="ember108" href="#/contacts" class="ember-view ember-transitioning-in nav-link"&gt;ΓÇª&lt;/a&gt;</Text>
      </RunInfo>
      <RunInfo computerName="DESKTOP-RSFFHJT" outcome="Warning" timestamp="2025-05-01T21:13:16.5003268-04:00">
        <Text>2025-05-02T01:13:16.499Z pw:api waiting for Locator("div[id='main-nav-tab'] a[id*='ember'][class$='nav-link'], div[id='main-nav-tab']  a[id*='ember'][class$='nav-link ']").Nth(7)</Text>
      </RunInfo>
      <RunInfo computerName="DESKTOP-RSFFHJT" outcome="Warning" timestamp="2025-05-01T21:13:16.5018057-04:00">
        <Text>2025-05-02T01:13:16.500Z pw:api   locator resolved to &lt;a id="ember114" href="#/salesorders" class="ember-view nav-link"&gt;ΓÇª&lt;/a&gt;</Text>
      </RunInfo>
      <RunInfo computerName="DESKTOP-RSFFHJT" outcome="Warning" timestamp="2025-05-01T21:13:16.5022579-04:00">
        <Text>2025-05-02T01:13:16.501Z pw:api waiting for Locator("div[id='main-nav-tab'] a[id*='ember'][class$='nav-link'], div[id='main-nav-tab']  a[id*='ember'][class$='nav-link ']").Nth(8)</Text>
      </RunInfo>
      <RunInfo computerName="DESKTOP-RSFFHJT" outcome="Warning" timestamp="2025-05-01T21:13:16.5038795-04:00">
        <Text>2025-05-02T01:13:16.502Z pw:api   locator resolved to &lt;a id="ember121" href="#/packages" class="ember-view nav-link"&gt;ΓÇª&lt;/a&gt;</Text>
      </RunInfo>
      <RunInfo computerName="DESKTOP-RSFFHJT" outcome="Warning" timestamp="2025-05-01T21:13:16.5044887-04:00">
        <Text>2025-05-02T01:13:16.503Z pw:api waiting for Locator("div[id='main-nav-tab'] a[id*='ember'][class$='nav-link'], div[id='main-nav-tab']  a[id*='ember'][class$='nav-link ']").Nth(9)</Text>
      </RunInfo>
      <RunInfo computerName="DESKTOP-RSFFHJT" outcome="Warning" timestamp="2025-05-01T21:13:16.5058357-04:00">
        <Text>2025-05-02T01:13:16.504Z pw:api   locator resolved to &lt;a id="ember125" href="#/shipments" class="ember-view nav-link"&gt;ΓÇª&lt;/a&gt;</Text>
      </RunInfo>
      <RunInfo computerName="DESKTOP-RSFFHJT" outcome="Warning" timestamp="2025-05-01T21:13:16.5063071-04:00">
        <Text>2025-05-02T01:13:16.505Z pw:api waiting for Locator("div[id='main-nav-tab'] a[id*='ember'][class$='nav-link'], div[id='main-nav-tab']  a[id*='ember'][class$='nav-link ']").Nth(10)</Text>
      </RunInfo>
      <RunInfo computerName="DESKTOP-RSFFHJT" outcome="Warning" timestamp="2025-05-01T21:13:16.5076492-04:00">
        <Text>2025-05-02T01:13:16.506Z pw:api   locator resolved to &lt;a id="ember129" href="#/invoices" class="ember-view nav-link"&gt;ΓÇª&lt;/a&gt;</Text>
      </RunInfo>
      <RunInfo computerName="DESKTOP-RSFFHJT" outcome="Warning" timestamp="2025-05-01T21:13:16.5081552-04:00">
        <Text>2025-05-02T01:13:16.507Z pw:api waiting for Locator("div[id='main-nav-tab'] a[id*='ember'][class$='nav-link'], div[id='main-nav-tab']  a[id*='ember'][class$='nav-link ']").Nth(11)</Text>
      </RunInfo>
      <RunInfo computerName="DESKTOP-RSFFHJT" outcome="Warning" timestamp="2025-05-01T21:13:16.5097641-04:00">
        <Text>2025-05-02T01:13:16.508Z pw:api   locator resolved to &lt;a id="ember134" href="#/paymentsreceived" class="ember-view nav-link"&gt;ΓÇª&lt;/a&gt;</Text>
      </RunInfo>
      <RunInfo computerName="DESKTOP-RSFFHJT" outcome="Warning" timestamp="2025-05-01T21:13:16.5104628-04:00">
        <Text>2025-05-02T01:13:16.509Z pw:api waiting for Locator("div[id='main-nav-tab'] a[id*='ember'][class$='nav-link'], div[id='main-nav-tab']  a[id*='ember'][class$='nav-link ']").Nth(12)</Text>
      </RunInfo>
      <RunInfo computerName="DESKTOP-RSFFHJT" outcome="Warning" timestamp="2025-05-01T21:13:16.5125023-04:00">
        <Text>2025-05-02T01:13:16.511Z pw:api   locator resolved to &lt;a id="ember140" href="#/salesreturns" class="ember-view nav-link"&gt;ΓÇª&lt;/a&gt;</Text>
      </RunInfo>
      <RunInfo computerName="DESKTOP-RSFFHJT" outcome="Warning" timestamp="2025-05-01T21:13:16.5137685-04:00">
        <Text>2025-05-02T01:13:16.512Z pw:api waiting for Locator("div[id='main-nav-tab'] a[id*='ember'][class$='nav-link'], div[id='main-nav-tab']  a[id*='ember'][class$='nav-link ']").Nth(13)</Text>
      </RunInfo>
      <RunInfo computerName="DESKTOP-RSFFHJT" outcome="Warning" timestamp="2025-05-01T21:13:16.5167135-04:00">
        <Text>2025-05-02T01:13:16.515Z pw:api   locator resolved to &lt;a id="ember143" href="#/creditnotes" class="ember-view nav-link"&gt;ΓÇª&lt;/a&gt;</Text>
      </RunInfo>
      <RunInfo computerName="DESKTOP-RSFFHJT" outcome="Warning" timestamp="2025-05-01T21:13:16.5173844-04:00">
        <Text>2025-05-02T01:13:16.516Z pw:api waiting for Locator("div[id='main-nav-tab'] a[id*='ember'][class$='nav-link'], div[id='main-nav-tab']  a[id*='ember'][class$='nav-link ']").Nth(14)</Text>
      </RunInfo>
      <RunInfo computerName="DESKTOP-RSFFHJT" outcome="Warning" timestamp="2025-05-01T21:13:16.5190919-04:00">
        <Text>2025-05-02T01:13:16.518Z pw:api   locator resolved to &lt;a id="ember147" class="collapsed ember-view nav-link "&gt;ΓÇª&lt;/a&gt;</Text>
      </RunInfo>
      <RunInfo computerName="DESKTOP-RSFFHJT" outcome="Warning" timestamp="2025-05-01T21:13:16.5196962-04:00">
        <Text>2025-05-02T01:13:16.518Z pw:api waiting for Locator("div[id='main-nav-tab'] a[id*='ember'][class$='nav-link'], div[id='main-nav-tab']  a[id*='ember'][class$='nav-link ']").Nth(15)</Text>
      </RunInfo>
      <RunInfo computerName="DESKTOP-RSFFHJT" outcome="Warning" timestamp="2025-05-01T21:13:16.5217785-04:00">
        <Text>2025-05-02T01:13:16.520Z pw:api   locator resolved to &lt;a id="ember151" href="#/vendors" class="ember-view nav-link"&gt;ΓÇª&lt;/a&gt;</Text>
      </RunInfo>
      <RunInfo computerName="DESKTOP-RSFFHJT" outcome="Warning" timestamp="2025-05-01T21:13:16.5227471-04:00">
        <Text>2025-05-02T01:13:16.521Z pw:api waiting for Locator("div[id='main-nav-tab'] a[id*='ember'][class$='nav-link'], div[id='main-nav-tab']  a[id*='ember'][class$='nav-link ']").Nth(16)</Text>
      </RunInfo>
      <RunInfo computerName="DESKTOP-RSFFHJT" outcome="Warning" timestamp="2025-05-01T21:13:16.5248277-04:00">
        <Text>2025-05-02T01:13:16.523Z pw:api   locator resolved to &lt;a id="ember155" href="#/expenses" class="ember-view nav-link"&gt;ΓÇª&lt;/a&gt;</Text>
      </RunInfo>
      <RunInfo computerName="DESKTOP-RSFFHJT" outcome="Warning" timestamp="2025-05-01T21:13:16.5257408-04:00">
        <Text>2025-05-02T01:13:16.524Z pw:api waiting for Locator("div[id='main-nav-tab'] a[id*='ember'][class$='nav-link'], div[id='main-nav-tab']  a[id*='ember'][class$='nav-link ']").Nth(17)</Text>
      </RunInfo>
      <RunInfo computerName="DESKTOP-RSFFHJT" outcome="Warning" timestamp="2025-05-01T21:13:16.5275211-04:00">
        <Text>2025-05-02T01:13:16.526Z pw:api   locator resolved to &lt;a id="ember159" href="#/purchaseorders" class="ember-view nav-link"&gt;ΓÇª&lt;/a&gt;</Text>
      </RunInfo>
      <RunInfo computerName="DESKTOP-RSFFHJT" outcome="Warning" timestamp="2025-05-01T21:13:16.5280555-04:00">
        <Text>2025-05-02T01:13:16.527Z pw:api waiting for Locator("div[id='main-nav-tab'] a[id*='ember'][class$='nav-link'], div[id='main-nav-tab']  a[id*='ember'][class$='nav-link ']").Nth(18)</Text>
      </RunInfo>
      <RunInfo computerName="DESKTOP-RSFFHJT" outcome="Warning" timestamp="2025-05-01T21:13:16.5297364-04:00">
        <Text>2025-05-02T01:13:16.528Z pw:api   locator resolved to &lt;a id="ember163" href="#/purchasereceives" class="ember-view nav-link"&gt;ΓÇª&lt;/a&gt;</Text>
      </RunInfo>
      <RunInfo computerName="DESKTOP-RSFFHJT" outcome="Warning" timestamp="2025-05-01T21:13:16.5308730-04:00">
        <Text>2025-05-02T01:13:16.529Z pw:api waiting for Locator("div[id='main-nav-tab'] a[id*='ember'][class$='nav-link'], div[id='main-nav-tab']  a[id*='ember'][class$='nav-link ']").Nth(19)</Text>
      </RunInfo>
      <RunInfo computerName="DESKTOP-RSFFHJT" outcome="Warning" timestamp="2025-05-01T21:13:16.5330911-04:00">
        <Text>2025-05-02T01:13:16.532Z pw:api   locator resolved to &lt;a id="ember168" href="#/bills" class="ember-view nav-link"&gt;ΓÇª&lt;/a&gt;</Text>
      </RunInfo>
      <RunInfo computerName="DESKTOP-RSFFHJT" outcome="Warning" timestamp="2025-05-01T21:13:16.5339327-04:00">
        <Text>2025-05-02T01:13:16.532Z pw:api waiting for Locator("div[id='main-nav-tab'] a[id*='ember'][class$='nav-link'], div[id='main-nav-tab']  a[id*='ember'][class$='nav-link ']").Nth(20)</Text>
      </RunInfo>
      <RunInfo computerName="DESKTOP-RSFFHJT" outcome="Warning" timestamp="2025-05-01T21:13:16.5355551-04:00">
        <Text>2025-05-02T01:13:16.534Z pw:api   locator resolved to &lt;a id="ember172" href="#/paymentsmade" class="ember-view nav-link"&gt;ΓÇª&lt;/a&gt;</Text>
      </RunInfo>
      <RunInfo computerName="DESKTOP-RSFFHJT" outcome="Warning" timestamp="2025-05-01T21:13:16.5362872-04:00">
        <Text>2025-05-02T01:13:16.535Z pw:api waiting for Locator("div[id='main-nav-tab'] a[id*='ember'][class$='nav-link'], div[id='main-nav-tab']  a[id*='ember'][class$='nav-link ']").Nth(21)</Text>
      </RunInfo>
      <RunInfo computerName="DESKTOP-RSFFHJT" outcome="Warning" timestamp="2025-05-01T21:13:16.5377780-04:00">
        <Text>2025-05-02T01:13:16.536Z pw:api   locator resolved to &lt;a id="ember177" href="#/vendorcredits" class="ember-view nav-link"&gt;ΓÇª&lt;/a&gt;</Text>
      </RunInfo>
      <RunInfo computerName="DESKTOP-RSFFHJT" outcome="Warning" timestamp="2025-05-01T21:13:16.5384278-04:00">
        <Text>2025-05-02T01:13:16.537Z pw:api waiting for Locator("div[id='main-nav-tab'] a[id*='ember'][class$='nav-link'], div[id='main-nav-tab']  a[id*='ember'][class$='nav-link ']").Nth(22)</Text>
      </RunInfo>
      <RunInfo computerName="DESKTOP-RSFFHJT" outcome="Warning" timestamp="2025-05-01T21:13:16.5396281-04:00">
        <Text>2025-05-02T01:13:16.538Z pw:api   locator resolved to &lt;a id="ember181" class="ember-view nav-link" href="#/settings/integrations"&gt;ΓÇª&lt;/a&gt;</Text>
      </RunInfo>
      <RunInfo computerName="DESKTOP-RSFFHJT" outcome="Warning" timestamp="2025-05-01T21:13:16.5401141-04:00">
        <Text>2025-05-02T01:13:16.539Z pw:api waiting for Locator("div[id='main-nav-tab'] a[id*='ember'][class$='nav-link'], div[id='main-nav-tab']  a[id*='ember'][class$='nav-link ']").Nth(23)</Text>
      </RunInfo>
      <RunInfo computerName="DESKTOP-RSFFHJT" outcome="Warning" timestamp="2025-05-01T21:13:16.5414249-04:00">
        <Text>2025-05-02T01:13:16.540Z pw:api   locator resolved to &lt;a id="ember184" href="#/reports" class="ember-view nav-link"&gt;ΓÇª&lt;/a&gt;</Text>
      </RunInfo>
      <RunInfo computerName="DESKTOP-RSFFHJT" outcome="Warning" timestamp="2025-05-01T21:13:16.5419585-04:00">
        <Text>2025-05-02T01:13:16.541Z pw:api waiting for Locator("div[id='main-nav-tab'] a[id*='ember'][class$='nav-link'], div[id='main-nav-tab']  a[id*='ember'][class$='nav-link ']").Nth(24)</Text>
      </RunInfo>
      <RunInfo computerName="DESKTOP-RSFFHJT" outcome="Warning" timestamp="2025-05-01T21:13:16.5431104-04:00">
        <Text>2025-05-02T01:13:16.542Z pw:api   locator resolved to &lt;a id="ember187" href="#/documents/inbox" class="ember-view nav-link"&gt;ΓÇª&lt;/a&gt;</Text>
      </RunInfo>
      <RunInfo computerName="DESKTOP-RSFFHJT" outcome="Warning" timestamp="2025-05-01T21:13:16.5436892-04:00">
        <Text>2025-05-02T01:13:16.542Z pw:api waiting for Locator("div[id='main-nav-tab'] a[id*='ember'][class$='nav-link'], div[id='main-nav-tab']  a[id*='ember'][class$='nav-link ']").Nth(7)</Text>
      </RunInfo>
      <RunInfo computerName="DESKTOP-RSFFHJT" outcome="Warning" timestamp="2025-05-01T21:13:16.5457713-04:00">
        <Text>2025-05-02T01:13:16.544Z pw:api   locator resolved to &lt;a id="ember114" href="#/salesorders" class="ember-view nav-link"&gt;ΓÇª&lt;/a&gt;</Text>
      </RunInfo>
      <RunInfo computerName="DESKTOP-RSFFHJT" outcome="Warning" timestamp="2025-05-01T21:13:16.5465563-04:00">
        <Text>2025-05-02T01:13:16.545Z pw:api attempting click action</Text>
      </RunInfo>
      <RunInfo computerName="DESKTOP-RSFFHJT" outcome="Warning" timestamp="2025-05-01T21:13:16.5467267-04:00">
        <Text>2025-05-02T01:13:16.545Z pw:api   waiting for element to be visible, enabled and stable</Text>
      </RunInfo>
      <RunInfo computerName="DESKTOP-RSFFHJT" outcome="Warning" timestamp="2025-05-01T21:13:16.5813112-04:00">
        <Text>2025-05-02T01:13:16.580Z pw:api   element is visible, enabled and stable</Text>
      </RunInfo>
      <RunInfo computerName="DESKTOP-RSFFHJT" outcome="Warning" timestamp="2025-05-01T21:13:16.5813179-04:00">
        <Text>2025-05-02T01:13:16.580Z pw:api   scrolling into view if needed</Text>
      </RunInfo>
      <RunInfo computerName="DESKTOP-RSFFHJT" outcome="Warning" timestamp="2025-05-01T21:13:16.5816818-04:00">
        <Text>2025-05-02T01:13:16.580Z pw:api   done scrolling</Text>
      </RunInfo>
      <RunInfo computerName="DESKTOP-RSFFHJT" outcome="Warning" timestamp="2025-05-01T21:13:16.5832626-04:00">
        <Text>2025-05-02T01:13:16.582Z pw:api   performing click action</Text>
      </RunInfo>
      <RunInfo computerName="DESKTOP-RSFFHJT" outcome="Warning" timestamp="2025-05-01T21:13:16.6009538-04:00">
        <Text>2025-05-02T01:13:16.599Z pw:api   click action done</Text>
      </RunInfo>
      <RunInfo computerName="DESKTOP-RSFFHJT" outcome="Warning" timestamp="2025-05-01T21:13:16.6009613-04:00">
        <Text>2025-05-02T01:13:16.599Z pw:api   waiting for scheduled navigations to finish</Text>
      </RunInfo>
      <RunInfo computerName="DESKTOP-RSFFHJT" outcome="Warning" timestamp="2025-05-01T21:13:16.6012173-04:00">
        <Text>2025-05-02T01:13:16.600Z pw:api   navigations have finished</Text>
      </RunInfo>
      <RunInfo computerName="DESKTOP-RSFFHJT" outcome="Warning" timestamp="2025-05-01T21:13:16.6033949-04:00">
        <Text>2025-05-02T01:13:16.602Z pw:api waiting for Locator("div[id='main-nav-tab'] a[id*='ember'][class$='nav-link'], div[id='main-nav-tab']  a[id*='ember'][class$='nav-link ']").First</Text>
      </RunInfo>
      <RunInfo computerName="DESKTOP-RSFFHJT" outcome="Warning" timestamp="2025-05-01T21:13:16.6047386-04:00">
        <Text>2025-05-02T01:13:16.603Z pw:api   locator resolved to &lt;a id="ember79" href="#/home" class="ember-view active ember-transitioning-out nav-link"&gt;ΓÇª&lt;/a&gt;</Text>
      </RunInfo>
      <RunInfo computerName="DESKTOP-RSFFHJT" outcome="Warning" timestamp="2025-05-01T21:13:16.6055201-04:00">
        <Text>2025-05-02T01:13:16.604Z pw:api waiting for Locator("div[id='main-nav-tab'] a[id*='ember'][class$='nav-link'], div[id='main-nav-tab']  a[id*='ember'][class$='nav-link ']").Nth(1)</Text>
      </RunInfo>
      <RunInfo computerName="DESKTOP-RSFFHJT" outcome="Warning" timestamp="2025-05-01T21:13:16.6073923-04:00">
        <Text>2025-05-02T01:13:16.606Z pw:api   locator resolved to &lt;a id="ember82" class="collapsed ember-view nav-link "&gt;ΓÇª&lt;/a&gt;</Text>
      </RunInfo>
      <RunInfo computerName="DESKTOP-RSFFHJT" outcome="Warning" timestamp="2025-05-01T21:13:16.6078939-04:00">
        <Text>2025-05-02T01:13:16.606Z pw:api waiting for Locator("div[id='main-nav-tab'] a[id*='ember'][class$='nav-link'], div[id='main-nav-tab']  a[id*='ember'][class$='nav-link ']").Nth(2)</Text>
      </RunInfo>
      <RunInfo computerName="DESKTOP-RSFFHJT" outcome="Warning" timestamp="2025-05-01T21:13:16.6092884-04:00">
        <Text>2025-05-02T01:13:16.608Z pw:api   locator resolved to &lt;a id="ember86" href="#/inventory/items" class="ember-view nav-link"&gt;ΓÇª&lt;/a&gt;</Text>
      </RunInfo>
      <RunInfo computerName="DESKTOP-RSFFHJT" outcome="Warning" timestamp="2025-05-01T21:13:16.6097337-04:00">
        <Text>2025-05-02T01:13:16.608Z pw:api waiting for Locator("div[id='main-nav-tab'] a[id*='ember'][class$='nav-link'], div[id='main-nav-tab']  a[id*='ember'][class$='nav-link ']").Nth(3)</Text>
      </RunInfo>
      <RunInfo computerName="DESKTOP-RSFFHJT" outcome="Warning" timestamp="2025-05-01T21:13:16.6110097-04:00">
        <Text>2025-05-02T01:13:16.610Z pw:api   locator resolved to &lt;a id="ember91" class="ember-view nav-link" href="#/inventory/itemgroups"&gt;ΓÇª&lt;/a&gt;</Text>
      </RunInfo>
      <RunInfo computerName="DESKTOP-RSFFHJT" outcome="Warning" timestamp="2025-05-01T21:13:16.6113955-04:00">
        <Text>2025-05-02T01:13:16.610Z pw:api waiting for Locator("div[id='main-nav-tab'] a[id*='ember'][class$='nav-link'], div[id='main-nav-tab']  a[id*='ember'][class$='nav-link ']").Nth(4)</Text>
      </RunInfo>
      <RunInfo computerName="DESKTOP-RSFFHJT" outcome="Warning" timestamp="2025-05-01T21:13:16.6125534-04:00">
        <Text>2025-05-02T01:13:16.611Z pw:api   locator resolved to &lt;a id="ember97" class="ember-view nav-link" href="#/inventory/adjustments"&gt;ΓÇª&lt;/a&gt;</Text>
      </RunInfo>
      <RunInfo computerName="DESKTOP-RSFFHJT" outcome="Warning" timestamp="2025-05-01T21:13:16.6133011-04:00">
        <Text>2025-05-02T01:13:16.612Z pw:api waiting for Locator("div[id='main-nav-tab'] a[id*='ember'][class$='nav-link'], div[id='main-nav-tab']  a[id*='ember'][class$='nav-link ']").Nth(5)</Text>
      </RunInfo>
      <RunInfo computerName="DESKTOP-RSFFHJT" outcome="Warning" timestamp="2025-05-01T21:13:16.6150287-04:00">
        <Text>2025-05-02T01:13:16.614Z pw:api   locator resolved to &lt;a id="ember108" href="#/contacts" class="ember-view nav-link"&gt;ΓÇª&lt;/a&gt;</Text>
      </RunInfo>
      <RunInfo computerName="DESKTOP-RSFFHJT" outcome="Warning" timestamp="2025-05-01T21:13:16.6158125-04:00">
        <Text>2025-05-02T01:13:16.614Z pw:api waiting for Locator("div[id='main-nav-tab'] a[id*='ember'][class$='nav-link'], div[id='main-nav-tab']  a[id*='ember'][class$='nav-link ']").Nth(6)</Text>
      </RunInfo>
      <RunInfo computerName="DESKTOP-RSFFHJT" outcome="Warning" timestamp="2025-05-01T21:13:16.6171661-04:00">
        <Text>2025-05-02T01:13:16.616Z pw:api   locator resolved to &lt;a id="ember114" href="#/salesorders" class="ember-view ember-transitioning-in nav-link"&gt;ΓÇª&lt;/a&gt;</Text>
      </RunInfo>
      <RunInfo computerName="DESKTOP-RSFFHJT" outcome="Warning" timestamp="2025-05-01T21:13:16.6177015-04:00">
        <Text>2025-05-02T01:13:16.616Z pw:api waiting for Locator("div[id='main-nav-tab'] a[id*='ember'][class$='nav-link'], div[id='main-nav-tab']  a[id*='ember'][class$='nav-link ']").Nth(7)</Text>
      </RunInfo>
      <RunInfo computerName="DESKTOP-RSFFHJT" outcome="Warning" timestamp="2025-05-01T21:13:16.6189435-04:00">
        <Text>2025-05-02T01:13:16.618Z pw:api   locator resolved to &lt;a id="ember121" href="#/packages" class="ember-view nav-link"&gt;ΓÇª&lt;/a&gt;</Text>
      </RunInfo>
      <RunInfo computerName="DESKTOP-RSFFHJT" outcome="Warning" timestamp="2025-05-01T21:13:16.6193709-04:00">
        <Text>2025-05-02T01:13:16.618Z pw:api waiting for Locator("div[id='main-nav-tab'] a[id*='ember'][class$='nav-link'], div[id='main-nav-tab']  a[id*='ember'][class$='nav-link ']").Nth(8)</Text>
      </RunInfo>
      <RunInfo computerName="DESKTOP-RSFFHJT" outcome="Warning" timestamp="2025-05-01T21:13:16.6207602-04:00">
        <Text>2025-05-02T01:13:16.619Z pw:api   locator resolved to &lt;a id="ember125" href="#/shipments" class="ember-view nav-link"&gt;ΓÇª&lt;/a&gt;</Text>
      </RunInfo>
      <RunInfo computerName="DESKTOP-RSFFHJT" outcome="Warning" timestamp="2025-05-01T21:13:16.6212275-04:00">
        <Text>2025-05-02T01:13:16.620Z pw:api waiting for Locator("div[id='main-nav-tab'] a[id*='ember'][class$='nav-link'], div[id='main-nav-tab']  a[id*='ember'][class$='nav-link ']").Nth(9)</Text>
      </RunInfo>
      <RunInfo computerName="DESKTOP-RSFFHJT" outcome="Warning" timestamp="2025-05-01T21:13:16.6225450-04:00">
        <Text>2025-05-02T01:13:16.621Z pw:api   locator resolved to &lt;a id="ember129" href="#/invoices" class="ember-view nav-link"&gt;ΓÇª&lt;/a&gt;</Text>
      </RunInfo>
      <RunInfo computerName="DESKTOP-RSFFHJT" outcome="Warning" timestamp="2025-05-01T21:13:16.6230791-04:00">
        <Text>2025-05-02T01:13:16.622Z pw:api waiting for Locator("div[id='main-nav-tab'] a[id*='ember'][class$='nav-link'], div[id='main-nav-tab']  a[id*='ember'][class$='nav-link ']").Nth(10)</Text>
      </RunInfo>
      <RunInfo computerName="DESKTOP-RSFFHJT" outcome="Warning" timestamp="2025-05-01T21:13:16.6242652-04:00">
        <Text>2025-05-02T01:13:16.623Z pw:api   locator resolved to &lt;a id="ember134" href="#/paymentsreceived" class="ember-view nav-link"&gt;ΓÇª&lt;/a&gt;</Text>
      </RunInfo>
      <RunInfo computerName="DESKTOP-RSFFHJT" outcome="Warning" timestamp="2025-05-01T21:13:16.6247001-04:00">
        <Text>2025-05-02T01:13:16.623Z pw:api waiting for Locator("div[id='main-nav-tab'] a[id*='ember'][class$='nav-link'], div[id='main-nav-tab']  a[id*='ember'][class$='nav-link ']").Nth(11)</Text>
      </RunInfo>
      <RunInfo computerName="DESKTOP-RSFFHJT" outcome="Warning" timestamp="2025-05-01T21:13:16.6260385-04:00">
        <Text>2025-05-02T01:13:16.625Z pw:api   locator resolved to &lt;a id="ember140" href="#/salesreturns" class="ember-view nav-link"&gt;ΓÇª&lt;/a&gt;</Text>
      </RunInfo>
      <RunInfo computerName="DESKTOP-RSFFHJT" outcome="Warning" timestamp="2025-05-01T21:13:16.6264616-04:00">
        <Text>2025-05-02T01:13:16.625Z pw:api waiting for Locator("div[id='main-nav-tab'] a[id*='ember'][class$='nav-link'], div[id='main-nav-tab']  a[id*='ember'][class$='nav-link ']").Nth(12)</Text>
      </RunInfo>
      <RunInfo computerName="DESKTOP-RSFFHJT" outcome="Warning" timestamp="2025-05-01T21:13:16.6280392-04:00">
        <Text>2025-05-02T01:13:16.627Z pw:api   locator resolved to &lt;a id="ember143" href="#/creditnotes" class="ember-view nav-link"&gt;ΓÇª&lt;/a&gt;</Text>
      </RunInfo>
      <RunInfo computerName="DESKTOP-RSFFHJT" outcome="Warning" timestamp="2025-05-01T21:13:16.6284917-04:00">
        <Text>2025-05-02T01:13:16.627Z pw:api waiting for Locator("div[id='main-nav-tab'] a[id*='ember'][class$='nav-link'], div[id='main-nav-tab']  a[id*='ember'][class$='nav-link ']").Nth(13)</Text>
      </RunInfo>
      <RunInfo computerName="DESKTOP-RSFFHJT" outcome="Warning" timestamp="2025-05-01T21:13:16.6300874-04:00">
        <Text>2025-05-02T01:13:16.629Z pw:api   locator resolved to &lt;a id="ember147" class="collapsed ember-view nav-link "&gt;ΓÇª&lt;/a&gt;</Text>
      </RunInfo>
      <RunInfo computerName="DESKTOP-RSFFHJT" outcome="Warning" timestamp="2025-05-01T21:13:16.6305883-04:00">
        <Text>2025-05-02T01:13:16.629Z pw:api waiting for Locator("div[id='main-nav-tab'] a[id*='ember'][class$='nav-link'], div[id='main-nav-tab']  a[id*='ember'][class$='nav-link ']").Nth(14)</Text>
      </RunInfo>
      <RunInfo computerName="DESKTOP-RSFFHJT" outcome="Warning" timestamp="2025-05-01T21:13:16.6327262-04:00">
        <Text>2025-05-02T01:13:16.631Z pw:api   locator resolved to &lt;a id="ember151" href="#/vendors" class="ember-view nav-link"&gt;ΓÇª&lt;/a&gt;</Text>
      </RunInfo>
      <RunInfo computerName="DESKTOP-RSFFHJT" outcome="Warning" timestamp="2025-05-01T21:13:16.6333190-04:00">
        <Text>2025-05-02T01:13:16.632Z pw:api waiting for Locator("div[id='main-nav-tab'] a[id*='ember'][class$='nav-link'], div[id='main-nav-tab']  a[id*='ember'][class$='nav-link ']").Nth(15)</Text>
      </RunInfo>
      <RunInfo computerName="DESKTOP-RSFFHJT" outcome="Warning" timestamp="2025-05-01T21:13:16.6347444-04:00">
        <Text>2025-05-02T01:13:16.633Z pw:api   locator resolved to &lt;a id="ember155" href="#/expenses" class="ember-view nav-link"&gt;ΓÇª&lt;/a&gt;</Text>
      </RunInfo>
      <RunInfo computerName="DESKTOP-RSFFHJT" outcome="Warning" timestamp="2025-05-01T21:13:16.6352436-04:00">
        <Text>2025-05-02T01:13:16.634Z pw:api waiting for Locator("div[id='main-nav-tab'] a[id*='ember'][class$='nav-link'], div[id='main-nav-tab']  a[id*='ember'][class$='nav-link ']").Nth(16)</Text>
      </RunInfo>
      <RunInfo computerName="DESKTOP-RSFFHJT" outcome="Warning" timestamp="2025-05-01T21:13:16.6363909-04:00">
        <Text>2025-05-02T01:13:16.635Z pw:api   locator resolved to &lt;a id="ember159" href="#/purchaseorders" class="ember-view nav-link"&gt;ΓÇª&lt;/a&gt;</Text>
      </RunInfo>
      <RunInfo computerName="DESKTOP-RSFFHJT" outcome="Warning" timestamp="2025-05-01T21:13:16.6368048-04:00">
        <Text>2025-05-02T01:13:16.635Z pw:api waiting for Locator("div[id='main-nav-tab'] a[id*='ember'][class$='nav-link'], div[id='main-nav-tab']  a[id*='ember'][class$='nav-link ']").Nth(17)</Text>
      </RunInfo>
      <RunInfo computerName="DESKTOP-RSFFHJT" outcome="Warning" timestamp="2025-05-01T21:13:16.6378850-04:00">
        <Text>2025-05-02T01:13:16.636Z pw:api   locator resolved to &lt;a id="ember163" href="#/purchasereceives" class="ember-view nav-link"&gt;ΓÇª&lt;/a&gt;</Text>
      </RunInfo>
      <RunInfo computerName="DESKTOP-RSFFHJT" outcome="Warning" timestamp="2025-05-01T21:13:16.6382717-04:00">
        <Text>2025-05-02T01:13:16.637Z pw:api waiting for Locator("div[id='main-nav-tab'] a[id*='ember'][class$='nav-link'], div[id='main-nav-tab']  a[id*='ember'][class$='nav-link ']").Nth(18)</Text>
      </RunInfo>
      <RunInfo computerName="DESKTOP-RSFFHJT" outcome="Warning" timestamp="2025-05-01T21:13:16.6394539-04:00">
        <Text>2025-05-02T01:13:16.638Z pw:api   locator resolved to &lt;a id="ember168" href="#/bills" class="ember-view nav-link"&gt;ΓÇª&lt;/a&gt;</Text>
      </RunInfo>
      <RunInfo computerName="DESKTOP-RSFFHJT" outcome="Warning" timestamp="2025-05-01T21:13:16.6398064-04:00">
        <Text>2025-05-02T01:13:16.638Z pw:api waiting for Locator("div[id='main-nav-tab'] a[id*='ember'][class$='nav-link'], div[id='main-nav-tab']  a[id*='ember'][class$='nav-link ']").Nth(19)</Text>
      </RunInfo>
      <RunInfo computerName="DESKTOP-RSFFHJT" outcome="Warning" timestamp="2025-05-01T21:13:16.6409057-04:00">
        <Text>2025-05-02T01:13:16.639Z pw:api   locator resolved to &lt;a id="ember172" href="#/paymentsmade" class="ember-view nav-link"&gt;ΓÇª&lt;/a&gt;</Text>
      </RunInfo>
      <RunInfo computerName="DESKTOP-RSFFHJT" outcome="Warning" timestamp="2025-05-01T21:13:16.6412335-04:00">
        <Text>2025-05-02T01:13:16.640Z pw:api waiting for Locator("div[id='main-nav-tab'] a[id*='ember'][class$='nav-link'], div[id='main-nav-tab']  a[id*='ember'][class$='nav-link ']").Nth(20)</Text>
      </RunInfo>
      <RunInfo computerName="DESKTOP-RSFFHJT" outcome="Warning" timestamp="2025-05-01T21:13:16.6423164-04:00">
        <Text>2025-05-02T01:13:16.641Z pw:api   locator resolved to &lt;a id="ember177" href="#/vendorcredits" class="ember-view nav-link"&gt;ΓÇª&lt;/a&gt;</Text>
      </RunInfo>
      <RunInfo computerName="DESKTOP-RSFFHJT" outcome="Warning" timestamp="2025-05-01T21:13:16.6429964-04:00">
        <Text>2025-05-02T01:13:16.642Z pw:api waiting for Locator("div[id='main-nav-tab'] a[id*='ember'][class$='nav-link'], div[id='main-nav-tab']  a[id*='ember'][class$='nav-link ']").Nth(21)</Text>
      </RunInfo>
      <RunInfo computerName="DESKTOP-RSFFHJT" outcome="Warning" timestamp="2025-05-01T21:13:16.6445178-04:00">
        <Text>2025-05-02T01:13:16.643Z pw:api   locator resolved to &lt;a id="ember181" class="ember-view nav-link" href="#/settings/integrations"&gt;ΓÇª&lt;/a&gt;</Text>
      </RunInfo>
      <RunInfo computerName="DESKTOP-RSFFHJT" outcome="Warning" timestamp="2025-05-01T21:13:16.6450470-04:00">
        <Text>2025-05-02T01:13:16.644Z pw:api waiting for Locator("div[id='main-nav-tab'] a[id*='ember'][class$='nav-link'], div[id='main-nav-tab']  a[id*='ember'][class$='nav-link ']").Nth(22)</Text>
      </RunInfo>
      <RunInfo computerName="DESKTOP-RSFFHJT" outcome="Warning" timestamp="2025-05-01T21:13:16.6466465-04:00">
        <Text>2025-05-02T01:13:16.645Z pw:api   locator resolved to &lt;a id="ember184" href="#/reports" class="ember-view nav-link"&gt;ΓÇª&lt;/a&gt;</Text>
      </RunInfo>
      <RunInfo computerName="DESKTOP-RSFFHJT" outcome="Warning" timestamp="2025-05-01T21:13:16.6474224-04:00">
        <Text>2025-05-02T01:13:16.646Z pw:api waiting for Locator("div[id='main-nav-tab'] a[id*='ember'][class$='nav-link'], div[id='main-nav-tab']  a[id*='ember'][class$='nav-link ']").Nth(23)</Text>
      </RunInfo>
      <RunInfo computerName="DESKTOP-RSFFHJT" outcome="Warning" timestamp="2025-05-01T21:13:16.6496829-04:00">
        <Text>2025-05-02T01:13:16.648Z pw:api   locator resolved to &lt;a id="ember187" href="#/documents/inbox" class="ember-view nav-link"&gt;ΓÇª&lt;/a&gt;</Text>
      </RunInfo>
      <RunInfo computerName="DESKTOP-RSFFHJT" outcome="Warning" timestamp="2025-05-01T21:13:16.6504207-04:00">
        <Text>2025-05-02T01:13:16.649Z pw:api waiting for Locator("div[id='main-nav-tab'] a[id*='ember'][class$='nav-link'], div[id='main-nav-tab']  a[id*='ember'][class$='nav-link ']").Nth(7)</Text>
      </RunInfo>
      <RunInfo computerName="DESKTOP-RSFFHJT" outcome="Warning" timestamp="2025-05-01T21:13:16.6521351-04:00">
        <Text>2025-05-02T01:13:16.651Z pw:api   locator resolved to &lt;a id="ember121" href="#/packages" class="ember-view nav-link"&gt;ΓÇª&lt;/a&gt;</Text>
      </RunInfo>
      <RunInfo computerName="DESKTOP-RSFFHJT" outcome="Warning" timestamp="2025-05-01T21:13:16.6527183-04:00">
        <Text>2025-05-02T01:13:16.651Z pw:api attempting click action</Text>
      </RunInfo>
      <RunInfo computerName="DESKTOP-RSFFHJT" outcome="Warning" timestamp="2025-05-01T21:13:16.6527337-04:00">
        <Text>2025-05-02T01:13:16.651Z pw:api   waiting for element to be visible, enabled and stable</Text>
      </RunInfo>
      <RunInfo computerName="DESKTOP-RSFFHJT" outcome="Warning" timestamp="2025-05-01T21:13:16.6811750-04:00">
        <Text>2025-05-02T01:13:16.680Z pw:api   element is visible, enabled and stable</Text>
      </RunInfo>
      <RunInfo computerName="DESKTOP-RSFFHJT" outcome="Warning" timestamp="2025-05-01T21:13:16.6811809-04:00">
        <Text>2025-05-02T01:13:16.680Z pw:api   scrolling into view if needed</Text>
      </RunInfo>
      <RunInfo computerName="DESKTOP-RSFFHJT" outcome="Warning" timestamp="2025-05-01T21:13:16.6816798-04:00">
        <Text>2025-05-02T01:13:16.680Z pw:api   done scrolling</Text>
      </RunInfo>
      <RunInfo computerName="DESKTOP-RSFFHJT" outcome="Warning" timestamp="2025-05-01T21:13:16.6833354-04:00">
        <Text>2025-05-02T01:13:16.682Z pw:api   performing click action</Text>
      </RunInfo>
      <RunInfo computerName="DESKTOP-RSFFHJT" outcome="Warning" timestamp="2025-05-01T21:13:16.6996174-04:00">
        <Text>2025-05-02T01:13:16.698Z pw:api   click action done</Text>
      </RunInfo>
      <RunInfo computerName="DESKTOP-RSFFHJT" outcome="Warning" timestamp="2025-05-01T21:13:16.6996269-04:00">
        <Text>2025-05-02T01:13:16.698Z pw:api   waiting for scheduled navigations to finish</Text>
      </RunInfo>
      <RunInfo computerName="DESKTOP-RSFFHJT" outcome="Warning" timestamp="2025-05-01T21:13:16.6996331-04:00">
        <Text>2025-05-02T01:13:16.698Z pw:api   navigations have finished</Text>
      </RunInfo>
      <RunInfo computerName="DESKTOP-RSFFHJT" outcome="Warning" timestamp="2025-05-01T21:13:16.7022469-04:00">
        <Text>2025-05-02T01:13:16.701Z pw:api waiting for Locator("div[id='main-nav-tab'] a[id*='ember'][class$='nav-link'], div[id='main-nav-tab']  a[id*='ember'][class$='nav-link ']").First</Text>
      </RunInfo>
      <RunInfo computerName="DESKTOP-RSFFHJT" outcome="Warning" timestamp="2025-05-01T21:13:16.7035975-04:00">
        <Text>2025-05-02T01:13:16.702Z pw:api   locator resolved to &lt;a id="ember79" href="#/home" class="ember-view active ember-transitioning-out nav-link"&gt;ΓÇª&lt;/a&gt;</Text>
      </RunInfo>
      <RunInfo computerName="DESKTOP-RSFFHJT" outcome="Warning" timestamp="2025-05-01T21:13:16.7041591-04:00">
        <Text>2025-05-02T01:13:16.703Z pw:api waiting for Locator("div[id='main-nav-tab'] a[id*='ember'][class$='nav-link'], div[id='main-nav-tab']  a[id*='ember'][class$='nav-link ']").Nth(1)</Text>
      </RunInfo>
      <RunInfo computerName="DESKTOP-RSFFHJT" outcome="Warning" timestamp="2025-05-01T21:13:16.7053994-04:00">
        <Text>2025-05-02T01:13:16.704Z pw:api   locator resolved to &lt;a id="ember82" class="collapsed ember-view nav-link "&gt;ΓÇª&lt;/a&gt;</Text>
      </RunInfo>
      <RunInfo computerName="DESKTOP-RSFFHJT" outcome="Warning" timestamp="2025-05-01T21:13:16.7059289-04:00">
        <Text>2025-05-02T01:13:16.705Z pw:api waiting for Locator("div[id='main-nav-tab'] a[id*='ember'][class$='nav-link'], div[id='main-nav-tab']  a[id*='ember'][class$='nav-link ']").Nth(2)</Text>
      </RunInfo>
      <RunInfo computerName="DESKTOP-RSFFHJT" outcome="Warning" timestamp="2025-05-01T21:13:16.7073277-04:00">
        <Text>2025-05-02T01:13:16.706Z pw:api   locator resolved to &lt;a id="ember86" href="#/inventory/items" class="ember-view nav-link"&gt;ΓÇª&lt;/a&gt;</Text>
      </RunInfo>
      <RunInfo computerName="DESKTOP-RSFFHJT" outcome="Warning" timestamp="2025-05-01T21:13:16.7077871-04:00">
        <Text>2025-05-02T01:13:16.706Z pw:api waiting for Locator("div[id='main-nav-tab'] a[id*='ember'][class$='nav-link'], div[id='main-nav-tab']  a[id*='ember'][class$='nav-link ']").Nth(3)</Text>
      </RunInfo>
      <RunInfo computerName="DESKTOP-RSFFHJT" outcome="Warning" timestamp="2025-05-01T21:13:16.7090148-04:00">
        <Text>2025-05-02T01:13:16.708Z pw:api   locator resolved to &lt;a id="ember91" class="ember-view nav-link" href="#/inventory/itemgroups"&gt;ΓÇª&lt;/a&gt;</Text>
      </RunInfo>
      <RunInfo computerName="DESKTOP-RSFFHJT" outcome="Warning" timestamp="2025-05-01T21:13:16.7095253-04:00">
        <Text>2025-05-02T01:13:16.708Z pw:api waiting for Locator("div[id='main-nav-tab'] a[id*='ember'][class$='nav-link'], div[id='main-nav-tab']  a[id*='ember'][class$='nav-link ']").Nth(4)</Text>
      </RunInfo>
      <RunInfo computerName="DESKTOP-RSFFHJT" outcome="Warning" timestamp="2025-05-01T21:13:16.7109103-04:00">
        <Text>2025-05-02T01:13:16.709Z pw:api   locator resolved to &lt;a id="ember97" class="ember-view nav-link" href="#/inventory/adjustments"&gt;ΓÇª&lt;/a&gt;</Text>
      </RunInfo>
      <RunInfo computerName="DESKTOP-RSFFHJT" outcome="Warning" timestamp="2025-05-01T21:13:16.7133481-04:00">
        <Text>2025-05-02T01:13:16.712Z pw:api waiting for Locator("div[id='main-nav-tab'] a[id*='ember'][class$='nav-link'], div[id='main-nav-tab']  a[id*='ember'][class$='nav-link ']").Nth(5)</Text>
      </RunInfo>
      <RunInfo computerName="DESKTOP-RSFFHJT" outcome="Warning" timestamp="2025-05-01T21:13:16.7167966-04:00">
        <Text>2025-05-02T01:13:16.715Z pw:api   locator resolved to &lt;a id="ember108" href="#/contacts" class="ember-view nav-link"&gt;ΓÇª&lt;/a&gt;</Text>
      </RunInfo>
      <RunInfo computerName="DESKTOP-RSFFHJT" outcome="Warning" timestamp="2025-05-01T21:13:16.7174195-04:00">
        <Text>2025-05-02T01:13:16.716Z pw:api waiting for Locator("div[id='main-nav-tab'] a[id*='ember'][class$='nav-link'], div[id='main-nav-tab']  a[id*='ember'][class$='nav-link ']").Nth(6)</Text>
      </RunInfo>
      <RunInfo computerName="DESKTOP-RSFFHJT" outcome="Warning" timestamp="2025-05-01T21:13:16.7189715-04:00">
        <Text>2025-05-02T01:13:16.718Z pw:api   locator resolved to &lt;a id="ember114" href="#/salesorders" class="ember-view nav-link"&gt;ΓÇª&lt;/a&gt;</Text>
      </RunInfo>
      <RunInfo computerName="DESKTOP-RSFFHJT" outcome="Warning" timestamp="2025-05-01T21:13:16.7194077-04:00">
        <Text>2025-05-02T01:13:16.718Z pw:api waiting for Locator("div[id='main-nav-tab'] a[id*='ember'][class$='nav-link'], div[id='main-nav-tab']  a[id*='ember'][class$='nav-link ']").Nth(7)</Text>
      </RunInfo>
      <RunInfo computerName="DESKTOP-RSFFHJT" outcome="Warning" timestamp="2025-05-01T21:13:16.7208580-04:00">
        <Text>2025-05-02T01:13:16.719Z pw:api   locator resolved to &lt;a id="ember121" href="#/packages" class="ember-view ember-transitioning-in nav-link"&gt;ΓÇª&lt;/a&gt;</Text>
      </RunInfo>
      <RunInfo computerName="DESKTOP-RSFFHJT" outcome="Warning" timestamp="2025-05-01T21:13:16.7213423-04:00">
        <Text>2025-05-02T01:13:16.720Z pw:api waiting for Locator("div[id='main-nav-tab'] a[id*='ember'][class$='nav-link'], div[id='main-nav-tab']  a[id*='ember'][class$='nav-link ']").Nth(8)</Text>
      </RunInfo>
      <RunInfo computerName="DESKTOP-RSFFHJT" outcome="Warning" timestamp="2025-05-01T21:13:16.7225446-04:00">
        <Text>2025-05-02T01:13:16.721Z pw:api   locator resolved to &lt;a id="ember125" href="#/shipments" class="ember-view nav-link"&gt;ΓÇª&lt;/a&gt;</Text>
      </RunInfo>
      <RunInfo computerName="DESKTOP-RSFFHJT" outcome="Warning" timestamp="2025-05-01T21:13:16.7230457-04:00">
        <Text>2025-05-02T01:13:16.722Z pw:api waiting for Locator("div[id='main-nav-tab'] a[id*='ember'][class$='nav-link'], div[id='main-nav-tab']  a[id*='ember'][class$='nav-link ']").Nth(9)</Text>
      </RunInfo>
      <RunInfo computerName="DESKTOP-RSFFHJT" outcome="Warning" timestamp="2025-05-01T21:13:16.7244295-04:00">
        <Text>2025-05-02T01:13:16.723Z pw:api   locator resolved to &lt;a id="ember129" href="#/invoices" class="ember-view nav-link"&gt;ΓÇª&lt;/a&gt;</Text>
      </RunInfo>
      <RunInfo computerName="DESKTOP-RSFFHJT" outcome="Warning" timestamp="2025-05-01T21:13:16.7248385-04:00">
        <Text>2025-05-02T01:13:16.723Z pw:api waiting for Locator("div[id='main-nav-tab'] a[id*='ember'][class$='nav-link'], div[id='main-nav-tab']  a[id*='ember'][class$='nav-link ']").Nth(10)</Text>
      </RunInfo>
      <RunInfo computerName="DESKTOP-RSFFHJT" outcome="Warning" timestamp="2025-05-01T21:13:16.7260910-04:00">
        <Text>2025-05-02T01:13:16.725Z pw:api   locator resolved to &lt;a id="ember134" href="#/paymentsreceived" class="ember-view nav-link"&gt;ΓÇª&lt;/a&gt;</Text>
      </RunInfo>
      <RunInfo computerName="DESKTOP-RSFFHJT" outcome="Warning" timestamp="2025-05-01T21:13:16.7264618-04:00">
        <Text>2025-05-02T01:13:16.725Z pw:api waiting for Locator("div[id='main-nav-tab'] a[id*='ember'][class$='nav-link'], div[id='main-nav-tab']  a[id*='ember'][class$='nav-link ']").Nth(11)</Text>
      </RunInfo>
      <RunInfo computerName="DESKTOP-RSFFHJT" outcome="Warning" timestamp="2025-05-01T21:13:16.7276789-04:00">
        <Text>2025-05-02T01:13:16.726Z pw:api   locator resolved to &lt;a id="ember140" href="#/salesreturns" class="ember-view nav-link"&gt;ΓÇª&lt;/a&gt;</Text>
      </RunInfo>
      <RunInfo computerName="DESKTOP-RSFFHJT" outcome="Warning" timestamp="2025-05-01T21:13:16.7282080-04:00">
        <Text>2025-05-02T01:13:16.727Z pw:api waiting for Locator("div[id='main-nav-tab'] a[id*='ember'][class$='nav-link'], div[id='main-nav-tab']  a[id*='ember'][class$='nav-link ']").Nth(12)</Text>
      </RunInfo>
      <RunInfo computerName="DESKTOP-RSFFHJT" outcome="Warning" timestamp="2025-05-01T21:13:16.7297632-04:00">
        <Text>2025-05-02T01:13:16.728Z pw:api   locator resolved to &lt;a id="ember143" href="#/creditnotes" class="ember-view nav-link"&gt;ΓÇª&lt;/a&gt;</Text>
      </RunInfo>
      <RunInfo computerName="DESKTOP-RSFFHJT" outcome="Warning" timestamp="2025-05-01T21:13:16.7306356-04:00">
        <Text>2025-05-02T01:13:16.729Z pw:api waiting for Locator("div[id='main-nav-tab'] a[id*='ember'][class$='nav-link'], div[id='main-nav-tab']  a[id*='ember'][class$='nav-link ']").Nth(13)</Text>
      </RunInfo>
      <RunInfo computerName="DESKTOP-RSFFHJT" outcome="Warning" timestamp="2025-05-01T21:13:16.7326524-04:00">
        <Text>2025-05-02T01:13:16.731Z pw:api   locator resolved to &lt;a id="ember147" class="collapsed ember-view nav-link "&gt;ΓÇª&lt;/a&gt;</Text>
      </RunInfo>
      <RunInfo computerName="DESKTOP-RSFFHJT" outcome="Warning" timestamp="2025-05-01T21:13:16.7331706-04:00">
        <Text>2025-05-02T01:13:16.732Z pw:api waiting for Locator("div[id='main-nav-tab'] a[id*='ember'][class$='nav-link'], div[id='main-nav-tab']  a[id*='ember'][class$='nav-link ']").Nth(14)</Text>
      </RunInfo>
      <RunInfo computerName="DESKTOP-RSFFHJT" outcome="Warning" timestamp="2025-05-01T21:13:16.7346157-04:00">
        <Text>2025-05-02T01:13:16.733Z pw:api   locator resolved to &lt;a id="ember151" href="#/vendors" class="ember-view nav-link"&gt;ΓÇª&lt;/a&gt;</Text>
      </RunInfo>
      <RunInfo computerName="DESKTOP-RSFFHJT" outcome="Warning" timestamp="2025-05-01T21:13:16.7353417-04:00">
        <Text>2025-05-02T01:13:16.734Z pw:api waiting for Locator("div[id='main-nav-tab'] a[id*='ember'][class$='nav-link'], div[id='main-nav-tab']  a[id*='ember'][class$='nav-link ']").Nth(15)</Text>
      </RunInfo>
      <RunInfo computerName="DESKTOP-RSFFHJT" outcome="Warning" timestamp="2025-05-01T21:13:16.7365582-04:00">
        <Text>2025-05-02T01:13:16.735Z pw:api   locator resolved to &lt;a id="ember155" href="#/expenses" class="ember-view nav-link"&gt;ΓÇª&lt;/a&gt;</Text>
      </RunInfo>
      <RunInfo computerName="DESKTOP-RSFFHJT" outcome="Warning" timestamp="2025-05-01T21:13:16.7370550-04:00">
        <Text>2025-05-02T01:13:16.736Z pw:api waiting for Locator("div[id='main-nav-tab'] a[id*='ember'][class$='nav-link'], div[id='main-nav-tab']  a[id*='ember'][class$='nav-link ']").Nth(16)</Text>
      </RunInfo>
      <RunInfo computerName="DESKTOP-RSFFHJT" outcome="Warning" timestamp="2025-05-01T21:13:16.7382134-04:00">
        <Text>2025-05-02T01:13:16.737Z pw:api   locator resolved to &lt;a id="ember159" href="#/purchaseorders" class="ember-view nav-link"&gt;ΓÇª&lt;/a&gt;</Text>
      </RunInfo>
      <RunInfo computerName="DESKTOP-RSFFHJT" outcome="Warning" timestamp="2025-05-01T21:13:16.7388998-04:00">
        <Text>2025-05-02T01:13:16.737Z pw:api waiting for Locator("div[id='main-nav-tab'] a[id*='ember'][class$='nav-link'], div[id='main-nav-tab']  a[id*='ember'][class$='nav-link ']").Nth(17)</Text>
      </RunInfo>
      <RunInfo computerName="DESKTOP-RSFFHJT" outcome="Warning" timestamp="2025-05-01T21:13:16.7405536-04:00">
        <Text>2025-05-02T01:13:16.739Z pw:api   locator resolved to &lt;a id="ember163" href="#/purchasereceives" class="ember-view nav-link"&gt;ΓÇª&lt;/a&gt;</Text>
      </RunInfo>
      <RunInfo computerName="DESKTOP-RSFFHJT" outcome="Warning" timestamp="2025-05-01T21:13:16.7411074-04:00">
        <Text>2025-05-02T01:13:16.740Z pw:api waiting for Locator("div[id='main-nav-tab'] a[id*='ember'][class$='nav-link'], div[id='main-nav-tab']  a[id*='ember'][class$='nav-link ']").Nth(18)</Text>
      </RunInfo>
      <RunInfo computerName="DESKTOP-RSFFHJT" outcome="Warning" timestamp="2025-05-01T21:13:16.7423337-04:00">
        <Text>2025-05-02T01:13:16.741Z pw:api   locator resolved to &lt;a id="ember168" href="#/bills" class="ember-view nav-link"&gt;ΓÇª&lt;/a&gt;</Text>
      </RunInfo>
      <RunInfo computerName="DESKTOP-RSFFHJT" outcome="Warning" timestamp="2025-05-01T21:13:16.7427590-04:00">
        <Text>2025-05-02T01:13:16.741Z pw:api waiting for Locator("div[id='main-nav-tab'] a[id*='ember'][class$='nav-link'], div[id='main-nav-tab']  a[id*='ember'][class$='nav-link ']").Nth(19)</Text>
      </RunInfo>
      <RunInfo computerName="DESKTOP-RSFFHJT" outcome="Warning" timestamp="2025-05-01T21:13:16.7440416-04:00">
        <Text>2025-05-02T01:13:16.743Z pw:api   locator resolved to &lt;a id="ember172" href="#/paymentsmade" class="ember-view nav-link"&gt;ΓÇª&lt;/a&gt;</Text>
      </RunInfo>
      <RunInfo computerName="DESKTOP-RSFFHJT" outcome="Warning" timestamp="2025-05-01T21:13:16.7445660-04:00">
        <Text>2025-05-02T01:13:16.743Z pw:api waiting for Locator("div[id='main-nav-tab'] a[id*='ember'][class$='nav-link'], div[id='main-nav-tab']  a[id*='ember'][class$='nav-link ']").Nth(20)</Text>
      </RunInfo>
      <RunInfo computerName="DESKTOP-RSFFHJT" outcome="Warning" timestamp="2025-05-01T21:13:16.7460970-04:00">
        <Text>2025-05-02T01:13:16.745Z pw:api   locator resolved to &lt;a id="ember177" href="#/vendorcredits" class="ember-view nav-link"&gt;ΓÇª&lt;/a&gt;</Text>
      </RunInfo>
      <RunInfo computerName="DESKTOP-RSFFHJT" outcome="Warning" timestamp="2025-05-01T21:13:16.7468810-04:00">
        <Text>2025-05-02T01:13:16.745Z pw:api waiting for Locator("div[id='main-nav-tab'] a[id*='ember'][class$='nav-link'], div[id='main-nav-tab']  a[id*='ember'][class$='nav-link ']").Nth(21)</Text>
      </RunInfo>
      <RunInfo computerName="DESKTOP-RSFFHJT" outcome="Warning" timestamp="2025-05-01T21:13:16.7489379-04:00">
        <Text>2025-05-02T01:13:16.747Z pw:api   locator resolved to &lt;a id="ember181" class="ember-view nav-link" href="#/settings/integrations"&gt;ΓÇª&lt;/a&gt;</Text>
      </RunInfo>
      <RunInfo computerName="DESKTOP-RSFFHJT" outcome="Warning" timestamp="2025-05-01T21:13:16.7495557-04:00">
        <Text>2025-05-02T01:13:16.748Z pw:api waiting for Locator("div[id='main-nav-tab'] a[id*='ember'][class$='nav-link'], div[id='main-nav-tab']  a[id*='ember'][class$='nav-link ']").Nth(22)</Text>
      </RunInfo>
      <RunInfo computerName="DESKTOP-RSFFHJT" outcome="Warning" timestamp="2025-05-01T21:13:16.7509255-04:00">
        <Text>2025-05-02T01:13:16.750Z pw:api   locator resolved to &lt;a id="ember184" href="#/reports" class="ember-view nav-link"&gt;ΓÇª&lt;/a&gt;</Text>
      </RunInfo>
      <RunInfo computerName="DESKTOP-RSFFHJT" outcome="Warning" timestamp="2025-05-01T21:13:16.7515451-04:00">
        <Text>2025-05-02T01:13:16.750Z pw:api waiting for Locator("div[id='main-nav-tab'] a[id*='ember'][class$='nav-link'], div[id='main-nav-tab']  a[id*='ember'][class$='nav-link ']").Nth(23)</Text>
      </RunInfo>
      <RunInfo computerName="DESKTOP-RSFFHJT" outcome="Warning" timestamp="2025-05-01T21:13:16.7529842-04:00">
        <Text>2025-05-02T01:13:16.752Z pw:api   locator resolved to &lt;a id="ember187" href="#/documents/inbox" class="ember-view nav-link"&gt;ΓÇª&lt;/a&gt;</Text>
      </RunInfo>
      <RunInfo computerName="DESKTOP-RSFFHJT" outcome="Warning" timestamp="2025-05-01T21:13:16.7535210-04:00">
        <Text>2025-05-02T01:13:16.752Z pw:api waiting for Locator("div[id='main-nav-tab'] a[id*='ember'][class$='nav-link'], div[id='main-nav-tab']  a[id*='ember'][class$='nav-link ']").Nth(8)</Text>
      </RunInfo>
      <RunInfo computerName="DESKTOP-RSFFHJT" outcome="Warning" timestamp="2025-05-01T21:13:16.7553443-04:00">
        <Text>2025-05-02T01:13:16.754Z pw:api   locator resolved to &lt;a id="ember125" href="#/shipments" class="ember-view nav-link"&gt;ΓÇª&lt;/a&gt;</Text>
      </RunInfo>
      <RunInfo computerName="DESKTOP-RSFFHJT" outcome="Warning" timestamp="2025-05-01T21:13:16.7558926-04:00">
        <Text>2025-05-02T01:13:16.754Z pw:api attempting click action</Text>
      </RunInfo>
      <RunInfo computerName="DESKTOP-RSFFHJT" outcome="Warning" timestamp="2025-05-01T21:13:16.7559014-04:00">
        <Text>2025-05-02T01:13:16.755Z pw:api   waiting for element to be visible, enabled and stable</Text>
      </RunInfo>
      <RunInfo computerName="DESKTOP-RSFFHJT" outcome="Warning" timestamp="2025-05-01T21:13:16.7806167-04:00">
        <Text>2025-05-02T01:13:16.779Z pw:api   element is visible, enabled and stable</Text>
      </RunInfo>
      <RunInfo computerName="DESKTOP-RSFFHJT" outcome="Warning" timestamp="2025-05-01T21:13:16.7806246-04:00">
        <Text>2025-05-02T01:13:16.779Z pw:api   scrolling into view if needed</Text>
      </RunInfo>
      <RunInfo computerName="DESKTOP-RSFFHJT" outcome="Warning" timestamp="2025-05-01T21:13:16.7809755-04:00">
        <Text>2025-05-02T01:13:16.780Z pw:api   done scrolling</Text>
      </RunInfo>
      <RunInfo computerName="DESKTOP-RSFFHJT" outcome="Warning" timestamp="2025-05-01T21:13:16.7826375-04:00">
        <Text>2025-05-02T01:13:16.781Z pw:api   performing click action</Text>
      </RunInfo>
      <RunInfo computerName="DESKTOP-RSFFHJT" outcome="Warning" timestamp="2025-05-01T21:13:16.7966284-04:00">
        <Text>2025-05-02T01:13:16.795Z pw:api   click action done</Text>
      </RunInfo>
      <RunInfo computerName="DESKTOP-RSFFHJT" outcome="Warning" timestamp="2025-05-01T21:13:16.7966527-04:00">
        <Text>2025-05-02T01:13:16.795Z pw:api   waiting for scheduled navigations to finish</Text>
      </RunInfo>
      <RunInfo computerName="DESKTOP-RSFFHJT" outcome="Warning" timestamp="2025-05-01T21:13:16.7983983-04:00">
        <Text>2025-05-02T01:13:16.797Z pw:api   navigations have finished</Text>
      </RunInfo>
      <RunInfo computerName="DESKTOP-RSFFHJT" outcome="Warning" timestamp="2025-05-01T21:13:16.8012827-04:00">
        <Text>2025-05-02T01:13:16.800Z pw:api waiting for Locator("div[id='main-nav-tab'] a[id*='ember'][class$='nav-link'], div[id='main-nav-tab']  a[id*='ember'][class$='nav-link ']").First</Text>
      </RunInfo>
      <RunInfo computerName="DESKTOP-RSFFHJT" outcome="Warning" timestamp="2025-05-01T21:13:16.8028011-04:00">
        <Text>2025-05-02T01:13:16.801Z pw:api   locator resolved to &lt;a id="ember79" href="#/home" class="ember-view active ember-transitioning-out nav-link"&gt;ΓÇª&lt;/a&gt;</Text>
      </RunInfo>
      <RunInfo computerName="DESKTOP-RSFFHJT" outcome="Warning" timestamp="2025-05-01T21:13:16.8033147-04:00">
        <Text>2025-05-02T01:13:16.802Z pw:api waiting for Locator("div[id='main-nav-tab'] a[id*='ember'][class$='nav-link'], div[id='main-nav-tab']  a[id*='ember'][class$='nav-link ']").Nth(1)</Text>
      </RunInfo>
      <RunInfo computerName="DESKTOP-RSFFHJT" outcome="Warning" timestamp="2025-05-01T21:13:16.8046929-04:00">
        <Text>2025-05-02T01:13:16.803Z pw:api   locator resolved to &lt;a id="ember82" class="collapsed ember-view nav-link "&gt;ΓÇª&lt;/a&gt;</Text>
      </RunInfo>
      <RunInfo computerName="DESKTOP-RSFFHJT" outcome="Warning" timestamp="2025-05-01T21:13:16.8051609-04:00">
        <Text>2025-05-02T01:13:16.804Z pw:api waiting for Locator("div[id='main-nav-tab'] a[id*='ember'][class$='nav-link'], div[id='main-nav-tab']  a[id*='ember'][class$='nav-link ']").Nth(2)</Text>
      </RunInfo>
      <RunInfo computerName="DESKTOP-RSFFHJT" outcome="Warning" timestamp="2025-05-01T21:13:16.8064730-04:00">
        <Text>2025-05-02T01:13:16.805Z pw:api   locator resolved to &lt;a id="ember86" href="#/inventory/items" class="ember-view nav-link"&gt;ΓÇª&lt;/a&gt;</Text>
      </RunInfo>
      <RunInfo computerName="DESKTOP-RSFFHJT" outcome="Warning" timestamp="2025-05-01T21:13:16.8068893-04:00">
        <Text>2025-05-02T01:13:16.805Z pw:api waiting for Locator("div[id='main-nav-tab'] a[id*='ember'][class$='nav-link'], div[id='main-nav-tab']  a[id*='ember'][class$='nav-link ']").Nth(3)</Text>
      </RunInfo>
      <RunInfo computerName="DESKTOP-RSFFHJT" outcome="Warning" timestamp="2025-05-01T21:13:16.8083216-04:00">
        <Text>2025-05-02T01:13:16.807Z pw:api   locator resolved to &lt;a id="ember91" class="ember-view nav-link" href="#/inventory/itemgroups"&gt;ΓÇª&lt;/a&gt;</Text>
      </RunInfo>
      <RunInfo computerName="DESKTOP-RSFFHJT" outcome="Warning" timestamp="2025-05-01T21:13:16.8088878-04:00">
        <Text>2025-05-02T01:13:16.807Z pw:api waiting for Locator("div[id='main-nav-tab'] a[id*='ember'][class$='nav-link'], div[id='main-nav-tab']  a[id*='ember'][class$='nav-link ']").Nth(4)</Text>
      </RunInfo>
      <RunInfo computerName="DESKTOP-RSFFHJT" outcome="Warning" timestamp="2025-05-01T21:13:16.8102355-04:00">
        <Text>2025-05-02T01:13:16.809Z pw:api   locator resolved to &lt;a id="ember97" class="ember-view nav-link" href="#/inventory/adjustments"&gt;ΓÇª&lt;/a&gt;</Text>
      </RunInfo>
      <RunInfo computerName="DESKTOP-RSFFHJT" outcome="Warning" timestamp="2025-05-01T21:13:16.8106532-04:00">
        <Text>2025-05-02T01:13:16.809Z pw:api waiting for Locator("div[id='main-nav-tab'] a[id*='ember'][class$='nav-link'], div[id='main-nav-tab']  a[id*='ember'][class$='nav-link ']").Nth(5)</Text>
      </RunInfo>
      <RunInfo computerName="DESKTOP-RSFFHJT" outcome="Warning" timestamp="2025-05-01T21:13:16.8118399-04:00">
        <Text>2025-05-02T01:13:16.810Z pw:api   locator resolved to &lt;a id="ember108" href="#/contacts" class="ember-view nav-link"&gt;ΓÇª&lt;/a&gt;</Text>
      </RunInfo>
      <RunInfo computerName="DESKTOP-RSFFHJT" outcome="Warning" timestamp="2025-05-01T21:13:16.8122198-04:00">
        <Text>2025-05-02T01:13:16.811Z pw:api waiting for Locator("div[id='main-nav-tab'] a[id*='ember'][class$='nav-link'], div[id='main-nav-tab']  a[id*='ember'][class$='nav-link ']").Nth(6)</Text>
      </RunInfo>
      <RunInfo computerName="DESKTOP-RSFFHJT" outcome="Warning" timestamp="2025-05-01T21:13:16.8136852-04:00">
        <Text>2025-05-02T01:13:16.812Z pw:api   locator resolved to &lt;a id="ember114" href="#/salesorders" class="ember-view nav-link"&gt;ΓÇª&lt;/a&gt;</Text>
      </RunInfo>
      <RunInfo computerName="DESKTOP-RSFFHJT" outcome="Warning" timestamp="2025-05-01T21:13:16.8146472-04:00">
        <Text>2025-05-02T01:13:16.813Z pw:api waiting for Locator("div[id='main-nav-tab'] a[id*='ember'][class$='nav-link'], div[id='main-nav-tab']  a[id*='ember'][class$='nav-link ']").Nth(7)</Text>
      </RunInfo>
      <RunInfo computerName="DESKTOP-RSFFHJT" outcome="Warning" timestamp="2025-05-01T21:13:16.8162451-04:00">
        <Text>2025-05-02T01:13:16.815Z pw:api   locator resolved to &lt;a id="ember121" href="#/packages" class="ember-view nav-link"&gt;ΓÇª&lt;/a&gt;</Text>
      </RunInfo>
      <RunInfo computerName="DESKTOP-RSFFHJT" outcome="Warning" timestamp="2025-05-01T21:13:16.8169312-04:00">
        <Text>2025-05-02T01:13:16.816Z pw:api waiting for Locator("div[id='main-nav-tab'] a[id*='ember'][class$='nav-link'], div[id='main-nav-tab']  a[id*='ember'][class$='nav-link ']").Nth(8)</Text>
      </RunInfo>
      <RunInfo computerName="DESKTOP-RSFFHJT" outcome="Warning" timestamp="2025-05-01T21:13:16.8182076-04:00">
        <Text>2025-05-02T01:13:16.817Z pw:api   locator resolved to &lt;a id="ember125" href="#/shipments" class="ember-view ember-transitioning-in nav-link"&gt;ΓÇª&lt;/a&gt;</Text>
      </RunInfo>
      <RunInfo computerName="DESKTOP-RSFFHJT" outcome="Warning" timestamp="2025-05-01T21:13:16.8186040-04:00">
        <Text>2025-05-02T01:13:16.817Z pw:api waiting for Locator("div[id='main-nav-tab'] a[id*='ember'][class$='nav-link'], div[id='main-nav-tab']  a[id*='ember'][class$='nav-link ']").Nth(9)</Text>
      </RunInfo>
      <RunInfo computerName="DESKTOP-RSFFHJT" outcome="Warning" timestamp="2025-05-01T21:13:16.8197896-04:00">
        <Text>2025-05-02T01:13:16.818Z pw:api   locator resolved to &lt;a id="ember129" href="#/invoices" class="ember-view nav-link"&gt;ΓÇª&lt;/a&gt;</Text>
      </RunInfo>
      <RunInfo computerName="DESKTOP-RSFFHJT" outcome="Warning" timestamp="2025-05-01T21:13:16.8201484-04:00">
        <Text>2025-05-02T01:13:16.819Z pw:api waiting for Locator("div[id='main-nav-tab'] a[id*='ember'][class$='nav-link'], div[id='main-nav-tab']  a[id*='ember'][class$='nav-link ']").Nth(10)</Text>
      </RunInfo>
      <RunInfo computerName="DESKTOP-RSFFHJT" outcome="Warning" timestamp="2025-05-01T21:13:16.8216539-04:00">
        <Text>2025-05-02T01:13:16.820Z pw:api   locator resolved to &lt;a id="ember134" href="#/paymentsreceived" class="ember-view nav-link"&gt;ΓÇª&lt;/a&gt;</Text>
      </RunInfo>
      <RunInfo computerName="DESKTOP-RSFFHJT" outcome="Warning" timestamp="2025-05-01T21:13:16.8223038-04:00">
        <Text>2025-05-02T01:13:16.821Z pw:api waiting for Locator("div[id='main-nav-tab'] a[id*='ember'][class$='nav-link'], div[id='main-nav-tab']  a[id*='ember'][class$='nav-link ']").Nth(11)</Text>
      </RunInfo>
      <RunInfo computerName="DESKTOP-RSFFHJT" outcome="Warning" timestamp="2025-05-01T21:13:16.8238917-04:00">
        <Text>2025-05-02T01:13:16.822Z pw:api   locator resolved to &lt;a id="ember140" href="#/salesreturns" class="ember-view nav-link"&gt;ΓÇª&lt;/a&gt;</Text>
      </RunInfo>
      <RunInfo computerName="DESKTOP-RSFFHJT" outcome="Warning" timestamp="2025-05-01T21:13:16.8244272-04:00">
        <Text>2025-05-02T01:13:16.823Z pw:api waiting for Locator("div[id='main-nav-tab'] a[id*='ember'][class$='nav-link'], div[id='main-nav-tab']  a[id*='ember'][class$='nav-link ']").Nth(12)</Text>
      </RunInfo>
      <RunInfo computerName="DESKTOP-RSFFHJT" outcome="Warning" timestamp="2025-05-01T21:13:16.8257735-04:00">
        <Text>2025-05-02T01:13:16.824Z pw:api   locator resolved to &lt;a id="ember143" href="#/creditnotes" class="ember-view nav-link"&gt;ΓÇª&lt;/a&gt;</Text>
      </RunInfo>
      <RunInfo computerName="DESKTOP-RSFFHJT" outcome="Warning" timestamp="2025-05-01T21:13:16.8264675-04:00">
        <Text>2025-05-02T01:13:16.825Z pw:api waiting for Locator("div[id='main-nav-tab'] a[id*='ember'][class$='nav-link'], div[id='main-nav-tab']  a[id*='ember'][class$='nav-link ']").Nth(13)</Text>
      </RunInfo>
      <RunInfo computerName="DESKTOP-RSFFHJT" outcome="Warning" timestamp="2025-05-01T21:13:16.8283713-04:00">
        <Text>2025-05-02T01:13:16.827Z pw:api   locator resolved to &lt;a id="ember147" class="collapsed ember-view nav-link "&gt;ΓÇª&lt;/a&gt;</Text>
      </RunInfo>
      <RunInfo computerName="DESKTOP-RSFFHJT" outcome="Warning" timestamp="2025-05-01T21:13:16.8289993-04:00">
        <Text>2025-05-02T01:13:16.828Z pw:api waiting for Locator("div[id='main-nav-tab'] a[id*='ember'][class$='nav-link'], div[id='main-nav-tab']  a[id*='ember'][class$='nav-link ']").Nth(14)</Text>
      </RunInfo>
      <RunInfo computerName="DESKTOP-RSFFHJT" outcome="Warning" timestamp="2025-05-01T21:13:16.8306204-04:00">
        <Text>2025-05-02T01:13:16.829Z pw:api   locator resolved to &lt;a id="ember151" href="#/vendors" class="ember-view nav-link"&gt;ΓÇª&lt;/a&gt;</Text>
      </RunInfo>
      <RunInfo computerName="DESKTOP-RSFFHJT" outcome="Warning" timestamp="2025-05-01T21:13:16.8312636-04:00">
        <Text>2025-05-02T01:13:16.830Z pw:api waiting for Locator("div[id='main-nav-tab'] a[id*='ember'][class$='nav-link'], div[id='main-nav-tab']  a[id*='ember'][class$='nav-link ']").Nth(15)</Text>
      </RunInfo>
      <RunInfo computerName="DESKTOP-RSFFHJT" outcome="Warning" timestamp="2025-05-01T21:13:16.8328983-04:00">
        <Text>2025-05-02T01:13:16.831Z pw:api   locator resolved to &lt;a id="ember155" href="#/expenses" class="ember-view nav-link"&gt;ΓÇª&lt;/a&gt;</Text>
      </RunInfo>
      <RunInfo computerName="DESKTOP-RSFFHJT" outcome="Warning" timestamp="2025-05-01T21:13:16.8334200-04:00">
        <Text>2025-05-02T01:13:16.832Z pw:api waiting for Locator("div[id='main-nav-tab'] a[id*='ember'][class$='nav-link'], div[id='main-nav-tab']  a[id*='ember'][class$='nav-link ']").Nth(16)</Text>
      </RunInfo>
      <RunInfo computerName="DESKTOP-RSFFHJT" outcome="Warning" timestamp="2025-05-01T21:13:16.8347709-04:00">
        <Text>2025-05-02T01:13:16.833Z pw:api   locator resolved to &lt;a id="ember159" href="#/purchaseorders" class="ember-view nav-link"&gt;ΓÇª&lt;/a&gt;</Text>
      </RunInfo>
      <RunInfo computerName="DESKTOP-RSFFHJT" outcome="Warning" timestamp="2025-05-01T21:13:16.8351986-04:00">
        <Text>2025-05-02T01:13:16.834Z pw:api waiting for Locator("div[id='main-nav-tab'] a[id*='ember'][class$='nav-link'], div[id='main-nav-tab']  a[id*='ember'][class$='nav-link ']").Nth(17)</Text>
      </RunInfo>
      <RunInfo computerName="DESKTOP-RSFFHJT" outcome="Warning" timestamp="2025-05-01T21:13:16.8364563-04:00">
        <Text>2025-05-02T01:13:16.835Z pw:api   locator resolved to &lt;a id="ember163" href="#/purchasereceives" class="ember-view nav-link"&gt;ΓÇª&lt;/a&gt;</Text>
      </RunInfo>
      <RunInfo computerName="DESKTOP-RSFFHJT" outcome="Warning" timestamp="2025-05-01T21:13:16.8371929-04:00">
        <Text>2025-05-02T01:13:16.836Z pw:api waiting for Locator("div[id='main-nav-tab'] a[id*='ember'][class$='nav-link'], div[id='main-nav-tab']  a[id*='ember'][class$='nav-link ']").Nth(18)</Text>
      </RunInfo>
      <RunInfo computerName="DESKTOP-RSFFHJT" outcome="Warning" timestamp="2025-05-01T21:13:16.8386389-04:00">
        <Text>2025-05-02T01:13:16.837Z pw:api   locator resolved to &lt;a id="ember168" href="#/bills" class="ember-view nav-link"&gt;ΓÇª&lt;/a&gt;</Text>
      </RunInfo>
      <RunInfo computerName="DESKTOP-RSFFHJT" outcome="Warning" timestamp="2025-05-01T21:13:16.8391990-04:00">
        <Text>2025-05-02T01:13:16.838Z pw:api waiting for Locator("div[id='main-nav-tab'] a[id*='ember'][class$='nav-link'], div[id='main-nav-tab']  a[id*='ember'][class$='nav-link ']").Nth(19)</Text>
      </RunInfo>
      <RunInfo computerName="DESKTOP-RSFFHJT" outcome="Warning" timestamp="2025-05-01T21:13:16.8405680-04:00">
        <Text>2025-05-02T01:13:16.839Z pw:api   locator resolved to &lt;a id="ember172" href="#/paymentsmade" class="ember-view nav-link"&gt;ΓÇª&lt;/a&gt;</Text>
      </RunInfo>
      <RunInfo computerName="DESKTOP-RSFFHJT" outcome="Warning" timestamp="2025-05-01T21:13:16.8410335-04:00">
        <Text>2025-05-02T01:13:16.840Z pw:api waiting for Locator("div[id='main-nav-tab'] a[id*='ember'][class$='nav-link'], div[id='main-nav-tab']  a[id*='ember'][class$='nav-link ']").Nth(20)</Text>
      </RunInfo>
      <RunInfo computerName="DESKTOP-RSFFHJT" outcome="Warning" timestamp="2025-05-01T21:13:16.8421970-04:00">
        <Text>2025-05-02T01:13:16.841Z pw:api   locator resolved to &lt;a id="ember177" href="#/vendorcredits" class="ember-view nav-link"&gt;ΓÇª&lt;/a&gt;</Text>
      </RunInfo>
      <RunInfo computerName="DESKTOP-RSFFHJT" outcome="Warning" timestamp="2025-05-01T21:13:16.8426558-04:00">
        <Text>2025-05-02T01:13:16.841Z pw:api waiting for Locator("div[id='main-nav-tab'] a[id*='ember'][class$='nav-link'], div[id='main-nav-tab']  a[id*='ember'][class$='nav-link ']").Nth(21)</Text>
      </RunInfo>
      <RunInfo computerName="DESKTOP-RSFFHJT" outcome="Warning" timestamp="2025-05-01T21:13:16.8438896-04:00">
        <Text>2025-05-02T01:13:16.842Z pw:api   locator resolved to &lt;a id="ember181" class="ember-view nav-link" href="#/settings/integrations"&gt;ΓÇª&lt;/a&gt;</Text>
      </RunInfo>
      <RunInfo computerName="DESKTOP-RSFFHJT" outcome="Warning" timestamp="2025-05-01T21:13:16.8442956-04:00">
        <Text>2025-05-02T01:13:16.843Z pw:api waiting for Locator("div[id='main-nav-tab'] a[id*='ember'][class$='nav-link'], div[id='main-nav-tab']  a[id*='ember'][class$='nav-link ']").Nth(22)</Text>
      </RunInfo>
      <RunInfo computerName="DESKTOP-RSFFHJT" outcome="Warning" timestamp="2025-05-01T21:13:16.8457950-04:00">
        <Text>2025-05-02T01:13:16.844Z pw:api   locator resolved to &lt;a id="ember184" href="#/reports" class="ember-view nav-link"&gt;ΓÇª&lt;/a&gt;</Text>
      </RunInfo>
      <RunInfo computerName="DESKTOP-RSFFHJT" outcome="Warning" timestamp="2025-05-01T21:13:16.8463992-04:00">
        <Text>2025-05-02T01:13:16.845Z pw:api waiting for Locator("div[id='main-nav-tab'] a[id*='ember'][class$='nav-link'], div[id='main-nav-tab']  a[id*='ember'][class$='nav-link ']").Nth(23)</Text>
      </RunInfo>
      <RunInfo computerName="DESKTOP-RSFFHJT" outcome="Warning" timestamp="2025-05-01T21:13:16.8484844-04:00">
        <Text>2025-05-02T01:13:16.847Z pw:api   locator resolved to &lt;a id="ember187" href="#/documents/inbox" class="ember-view nav-link"&gt;ΓÇª&lt;/a&gt;</Text>
      </RunInfo>
      <RunInfo computerName="DESKTOP-RSFFHJT" outcome="Warning" timestamp="2025-05-01T21:13:16.8490507-04:00">
        <Text>2025-05-02T01:13:16.848Z pw:api waiting for Locator("div[id='main-nav-tab'] a[id*='ember'][class$='nav-link'], div[id='main-nav-tab']  a[id*='ember'][class$='nav-link ']").Nth(9)</Text>
      </RunInfo>
      <RunInfo computerName="DESKTOP-RSFFHJT" outcome="Warning" timestamp="2025-05-01T21:13:16.8512459-04:00">
        <Text>2025-05-02T01:13:16.850Z pw:api   locator resolved to &lt;a id="ember129" href="#/invoices" class="ember-view nav-link"&gt;ΓÇª&lt;/a&gt;</Text>
      </RunInfo>
      <RunInfo computerName="DESKTOP-RSFFHJT" outcome="Warning" timestamp="2025-05-01T21:13:16.8518201-04:00">
        <Text>2025-05-02T01:13:16.850Z pw:api attempting click action</Text>
      </RunInfo>
      <RunInfo computerName="DESKTOP-RSFFHJT" outcome="Warning" timestamp="2025-05-01T21:13:16.8518498-04:00">
        <Text>2025-05-02T01:13:16.850Z pw:api   waiting for element to be visible, enabled and stable</Text>
      </RunInfo>
      <RunInfo computerName="DESKTOP-RSFFHJT" outcome="Warning" timestamp="2025-05-01T21:13:16.8804442-04:00">
        <Text>2025-05-02T01:13:16.879Z pw:api   element is visible, enabled and stable</Text>
      </RunInfo>
      <RunInfo computerName="DESKTOP-RSFFHJT" outcome="Warning" timestamp="2025-05-01T21:13:16.8804519-04:00">
        <Text>2025-05-02T01:13:16.879Z pw:api   scrolling into view if needed</Text>
      </RunInfo>
      <RunInfo computerName="DESKTOP-RSFFHJT" outcome="Warning" timestamp="2025-05-01T21:13:16.8807437-04:00">
        <Text>2025-05-02T01:13:16.879Z pw:api   done scrolling</Text>
      </RunInfo>
      <RunInfo computerName="DESKTOP-RSFFHJT" outcome="Warning" timestamp="2025-05-01T21:13:16.8826043-04:00">
        <Text>2025-05-02T01:13:16.881Z pw:api   performing click action</Text>
      </RunInfo>
      <RunInfo computerName="DESKTOP-RSFFHJT" outcome="Warning" timestamp="2025-05-01T21:13:16.8943173-04:00">
        <Text>2025-05-02T01:13:16.893Z pw:api   click action done</Text>
      </RunInfo>
      <RunInfo computerName="DESKTOP-RSFFHJT" outcome="Warning" timestamp="2025-05-01T21:13:16.8943240-04:00">
        <Text>2025-05-02T01:13:16.893Z pw:api   waiting for scheduled navigations to finish</Text>
      </RunInfo>
      <RunInfo computerName="DESKTOP-RSFFHJT" outcome="Warning" timestamp="2025-05-01T21:13:16.8945163-04:00">
        <Text>2025-05-02T01:13:16.893Z pw:api   navigations have finished</Text>
      </RunInfo>
      <RunInfo computerName="DESKTOP-RSFFHJT" outcome="Warning" timestamp="2025-05-01T21:13:16.8976418-04:00">
        <Text>2025-05-02T01:13:16.896Z pw:api waiting for Locator("div[id='main-nav-tab'] a[id*='ember'][class$='nav-link'], div[id='main-nav-tab']  a[id*='ember'][class$='nav-link ']").First</Text>
      </RunInfo>
      <RunInfo computerName="DESKTOP-RSFFHJT" outcome="Warning" timestamp="2025-05-01T21:13:16.8992624-04:00">
        <Text>2025-05-02T01:13:16.898Z pw:api   locator resolved to &lt;a id="ember79" href="#/home" class="ember-view active ember-transitioning-out nav-link"&gt;ΓÇª&lt;/a&gt;</Text>
      </RunInfo>
      <RunInfo computerName="DESKTOP-RSFFHJT" outcome="Warning" timestamp="2025-05-01T21:13:16.8998017-04:00">
        <Text>2025-05-02T01:13:16.898Z pw:api waiting for Locator("div[id='main-nav-tab'] a[id*='ember'][class$='nav-link'], div[id='main-nav-tab']  a[id*='ember'][class$='nav-link ']").Nth(1)</Text>
      </RunInfo>
      <RunInfo computerName="DESKTOP-RSFFHJT" outcome="Warning" timestamp="2025-05-01T21:13:16.9008834-04:00">
        <Text>2025-05-02T01:13:16.899Z pw:api   locator resolved to &lt;a id="ember82" class="collapsed ember-view nav-link "&gt;ΓÇª&lt;/a&gt;</Text>
      </RunInfo>
      <RunInfo computerName="DESKTOP-RSFFHJT" outcome="Warning" timestamp="2025-05-01T21:13:16.9013299-04:00">
        <Text>2025-05-02T01:13:16.900Z pw:api waiting for Locator("div[id='main-nav-tab'] a[id*='ember'][class$='nav-link'], div[id='main-nav-tab']  a[id*='ember'][class$='nav-link ']").Nth(2)</Text>
      </RunInfo>
      <RunInfo computerName="DESKTOP-RSFFHJT" outcome="Warning" timestamp="2025-05-01T21:13:16.9023209-04:00">
        <Text>2025-05-02T01:13:16.901Z pw:api   locator resolved to &lt;a id="ember86" href="#/inventory/items" class="ember-view nav-link"&gt;ΓÇª&lt;/a&gt;</Text>
      </RunInfo>
      <RunInfo computerName="DESKTOP-RSFFHJT" outcome="Warning" timestamp="2025-05-01T21:13:16.9030048-04:00">
        <Text>2025-05-02T01:13:16.902Z pw:api waiting for Locator("div[id='main-nav-tab'] a[id*='ember'][class$='nav-link'], div[id='main-nav-tab']  a[id*='ember'][class$='nav-link ']").Nth(3)</Text>
      </RunInfo>
      <RunInfo computerName="DESKTOP-RSFFHJT" outcome="Warning" timestamp="2025-05-01T21:13:16.9044526-04:00">
        <Text>2025-05-02T01:13:16.903Z pw:api   locator resolved to &lt;a id="ember91" class="ember-view nav-link" href="#/inventory/itemgroups"&gt;ΓÇª&lt;/a&gt;</Text>
      </RunInfo>
      <RunInfo computerName="DESKTOP-RSFFHJT" outcome="Warning" timestamp="2025-05-01T21:13:16.9049123-04:00">
        <Text>2025-05-02T01:13:16.904Z pw:api waiting for Locator("div[id='main-nav-tab'] a[id*='ember'][class$='nav-link'], div[id='main-nav-tab']  a[id*='ember'][class$='nav-link ']").Nth(4)</Text>
      </RunInfo>
      <RunInfo computerName="DESKTOP-RSFFHJT" outcome="Warning" timestamp="2025-05-01T21:13:16.9062125-04:00">
        <Text>2025-05-02T01:13:16.905Z pw:api   locator resolved to &lt;a id="ember97" class="ember-view nav-link" href="#/inventory/adjustments"&gt;ΓÇª&lt;/a&gt;</Text>
      </RunInfo>
      <RunInfo computerName="DESKTOP-RSFFHJT" outcome="Warning" timestamp="2025-05-01T21:13:16.9068272-04:00">
        <Text>2025-05-02T01:13:16.905Z pw:api waiting for Locator("div[id='main-nav-tab'] a[id*='ember'][class$='nav-link'], div[id='main-nav-tab']  a[id*='ember'][class$='nav-link ']").Nth(5)</Text>
      </RunInfo>
      <RunInfo computerName="DESKTOP-RSFFHJT" outcome="Warning" timestamp="2025-05-01T21:13:16.9084023-04:00">
        <Text>2025-05-02T01:13:16.907Z pw:api   locator resolved to &lt;a id="ember108" href="#/contacts" class="ember-view nav-link"&gt;ΓÇª&lt;/a&gt;</Text>
      </RunInfo>
      <RunInfo computerName="DESKTOP-RSFFHJT" outcome="Warning" timestamp="2025-05-01T21:13:16.9088470-04:00">
        <Text>2025-05-02T01:13:16.907Z pw:api waiting for Locator("div[id='main-nav-tab'] a[id*='ember'][class$='nav-link'], div[id='main-nav-tab']  a[id*='ember'][class$='nav-link ']").Nth(6)</Text>
      </RunInfo>
      <RunInfo computerName="DESKTOP-RSFFHJT" outcome="Warning" timestamp="2025-05-01T21:13:16.9101046-04:00">
        <Text>2025-05-02T01:13:16.909Z pw:api   locator resolved to &lt;a id="ember114" href="#/salesorders" class="ember-view nav-link"&gt;ΓÇª&lt;/a&gt;</Text>
      </RunInfo>
      <RunInfo computerName="DESKTOP-RSFFHJT" outcome="Warning" timestamp="2025-05-01T21:13:16.9105213-04:00">
        <Text>2025-05-02T01:13:16.909Z pw:api waiting for Locator("div[id='main-nav-tab'] a[id*='ember'][class$='nav-link'], div[id='main-nav-tab']  a[id*='ember'][class$='nav-link ']").Nth(7)</Text>
      </RunInfo>
      <RunInfo computerName="DESKTOP-RSFFHJT" outcome="Warning" timestamp="2025-05-01T21:13:16.9115811-04:00">
        <Text>2025-05-02T01:13:16.910Z pw:api   locator resolved to &lt;a id="ember121" href="#/packages" class="ember-view nav-link"&gt;ΓÇª&lt;/a&gt;</Text>
      </RunInfo>
      <RunInfo computerName="DESKTOP-RSFFHJT" outcome="Warning" timestamp="2025-05-01T21:13:16.9119616-04:00">
        <Text>2025-05-02T01:13:16.911Z pw:api waiting for Locator("div[id='main-nav-tab'] a[id*='ember'][class$='nav-link'], div[id='main-nav-tab']  a[id*='ember'][class$='nav-link ']").Nth(8)</Text>
      </RunInfo>
      <RunInfo computerName="DESKTOP-RSFFHJT" outcome="Warning" timestamp="2025-05-01T21:13:16.9139912-04:00">
        <Text>2025-05-02T01:13:16.912Z pw:api   locator resolved to &lt;a id="ember125" href="#/shipments" class="ember-view nav-link"&gt;ΓÇª&lt;/a&gt;</Text>
      </RunInfo>
      <RunInfo computerName="DESKTOP-RSFFHJT" outcome="Warning" timestamp="2025-05-01T21:13:16.9145508-04:00">
        <Text>2025-05-02T01:13:16.913Z pw:api waiting for Locator("div[id='main-nav-tab'] a[id*='ember'][class$='nav-link'], div[id='main-nav-tab']  a[id*='ember'][class$='nav-link ']").Nth(9)</Text>
      </RunInfo>
      <RunInfo computerName="DESKTOP-RSFFHJT" outcome="Warning" timestamp="2025-05-01T21:13:16.9161022-04:00">
        <Text>2025-05-02T01:13:16.915Z pw:api   locator resolved to &lt;a id="ember129" href="#/invoices" class="ember-view ember-transitioning-in nav-link"&gt;ΓÇª&lt;/a&gt;</Text>
      </RunInfo>
      <RunInfo computerName="DESKTOP-RSFFHJT" outcome="Warning" timestamp="2025-05-01T21:13:16.9167937-04:00">
        <Text>2025-05-02T01:13:16.915Z pw:api waiting for Locator("div[id='main-nav-tab'] a[id*='ember'][class$='nav-link'], div[id='main-nav-tab']  a[id*='ember'][class$='nav-link ']").Nth(10)</Text>
      </RunInfo>
      <RunInfo computerName="DESKTOP-RSFFHJT" outcome="Warning" timestamp="2025-05-01T21:13:16.9182619-04:00">
        <Text>2025-05-02T01:13:16.917Z pw:api   locator resolved to &lt;a id="ember134" href="#/paymentsreceived" class="ember-view nav-link"&gt;ΓÇª&lt;/a&gt;</Text>
      </RunInfo>
      <RunInfo computerName="DESKTOP-RSFFHJT" outcome="Warning" timestamp="2025-05-01T21:13:16.9187310-04:00">
        <Text>2025-05-02T01:13:16.917Z pw:api waiting for Locator("div[id='main-nav-tab'] a[id*='ember'][class$='nav-link'], div[id='main-nav-tab']  a[id*='ember'][class$='nav-link ']").Nth(11)</Text>
      </RunInfo>
      <RunInfo computerName="DESKTOP-RSFFHJT" outcome="Warning" timestamp="2025-05-01T21:13:16.9200708-04:00">
        <Text>2025-05-02T01:13:16.919Z pw:api   locator resolved to &lt;a id="ember140" href="#/salesreturns" class="ember-view nav-link"&gt;ΓÇª&lt;/a&gt;</Text>
      </RunInfo>
      <RunInfo computerName="DESKTOP-RSFFHJT" outcome="Warning" timestamp="2025-05-01T21:13:16.9207595-04:00">
        <Text>2025-05-02T01:13:16.919Z pw:api waiting for Locator("div[id='main-nav-tab'] a[id*='ember'][class$='nav-link'], div[id='main-nav-tab']  a[id*='ember'][class$='nav-link ']").Nth(12)</Text>
      </RunInfo>
      <RunInfo computerName="DESKTOP-RSFFHJT" outcome="Warning" timestamp="2025-05-01T21:13:16.9219607-04:00">
        <Text>2025-05-02T01:13:16.921Z pw:api   locator resolved to &lt;a id="ember143" href="#/creditnotes" class="ember-view nav-link"&gt;ΓÇª&lt;/a&gt;</Text>
      </RunInfo>
      <RunInfo computerName="DESKTOP-RSFFHJT" outcome="Warning" timestamp="2025-05-01T21:13:16.9223897-04:00">
        <Text>2025-05-02T01:13:16.921Z pw:api waiting for Locator("div[id='main-nav-tab'] a[id*='ember'][class$='nav-link'], div[id='main-nav-tab']  a[id*='ember'][class$='nav-link ']").Nth(13)</Text>
      </RunInfo>
      <RunInfo computerName="DESKTOP-RSFFHJT" outcome="Warning" timestamp="2025-05-01T21:13:16.9237290-04:00">
        <Text>2025-05-02T01:13:16.922Z pw:api   locator resolved to &lt;a id="ember147" class="collapsed ember-view nav-link "&gt;ΓÇª&lt;/a&gt;</Text>
      </RunInfo>
      <RunInfo computerName="DESKTOP-RSFFHJT" outcome="Warning" timestamp="2025-05-01T21:13:16.9242544-04:00">
        <Text>2025-05-02T01:13:16.923Z pw:api waiting for Locator("div[id='main-nav-tab'] a[id*='ember'][class$='nav-link'], div[id='main-nav-tab']  a[id*='ember'][class$='nav-link ']").Nth(14)</Text>
      </RunInfo>
      <RunInfo computerName="DESKTOP-RSFFHJT" outcome="Warning" timestamp="2025-05-01T21:13:16.9254831-04:00">
        <Text>2025-05-02T01:13:16.924Z pw:api   locator resolved to &lt;a id="ember151" href="#/vendors" class="ember-view nav-link"&gt;ΓÇª&lt;/a&gt;</Text>
      </RunInfo>
      <RunInfo computerName="DESKTOP-RSFFHJT" outcome="Warning" timestamp="2025-05-01T21:13:16.9260204-04:00">
        <Text>2025-05-02T01:13:16.925Z pw:api waiting for Locator("div[id='main-nav-tab'] a[id*='ember'][class$='nav-link'], div[id='main-nav-tab']  a[id*='ember'][class$='nav-link ']").Nth(15)</Text>
      </RunInfo>
      <RunInfo computerName="DESKTOP-RSFFHJT" outcome="Warning" timestamp="2025-05-01T21:13:16.9273617-04:00">
        <Text>2025-05-02T01:13:16.926Z pw:api   locator resolved to &lt;a id="ember155" href="#/expenses" class="ember-view nav-link"&gt;ΓÇª&lt;/a&gt;</Text>
      </RunInfo>
      <RunInfo computerName="DESKTOP-RSFFHJT" outcome="Warning" timestamp="2025-05-01T21:13:16.9278578-04:00">
        <Text>2025-05-02T01:13:16.926Z pw:api waiting for Locator("div[id='main-nav-tab'] a[id*='ember'][class$='nav-link'], div[id='main-nav-tab']  a[id*='ember'][class$='nav-link ']").Nth(16)</Text>
      </RunInfo>
      <RunInfo computerName="DESKTOP-RSFFHJT" outcome="Warning" timestamp="2025-05-01T21:13:16.9293706-04:00">
        <Text>2025-05-02T01:13:16.928Z pw:api   locator resolved to &lt;a id="ember159" href="#/purchaseorders" class="ember-view nav-link"&gt;ΓÇª&lt;/a&gt;</Text>
      </RunInfo>
      <RunInfo computerName="DESKTOP-RSFFHJT" outcome="Warning" timestamp="2025-05-01T21:13:16.9299048-04:00">
        <Text>2025-05-02T01:13:16.928Z pw:api waiting for Locator("div[id='main-nav-tab'] a[id*='ember'][class$='nav-link'], div[id='main-nav-tab']  a[id*='ember'][class$='nav-link ']").Nth(17)</Text>
      </RunInfo>
      <RunInfo computerName="DESKTOP-RSFFHJT" outcome="Warning" timestamp="2025-05-01T21:13:16.9325215-04:00">
        <Text>2025-05-02T01:13:16.931Z pw:api   locator resolved to &lt;a id="ember163" href="#/purchasereceives" class="ember-view nav-link"&gt;ΓÇª&lt;/a&gt;</Text>
      </RunInfo>
      <RunInfo computerName="DESKTOP-RSFFHJT" outcome="Warning" timestamp="2025-05-01T21:13:16.9331374-04:00">
        <Text>2025-05-02T01:13:16.932Z pw:api waiting for Locator("div[id='main-nav-tab'] a[id*='ember'][class$='nav-link'], div[id='main-nav-tab']  a[id*='ember'][class$='nav-link ']").Nth(18)</Text>
      </RunInfo>
      <RunInfo computerName="DESKTOP-RSFFHJT" outcome="Warning" timestamp="2025-05-01T21:13:16.9348328-04:00">
        <Text>2025-05-02T01:13:16.933Z pw:api   locator resolved to &lt;a id="ember168" href="#/bills" class="ember-view nav-link"&gt;ΓÇª&lt;/a&gt;</Text>
      </RunInfo>
      <RunInfo computerName="DESKTOP-RSFFHJT" outcome="Warning" timestamp="2025-05-01T21:13:16.9370406-04:00">
        <Text>2025-05-02T01:13:16.936Z pw:api waiting for Locator("div[id='main-nav-tab'] a[id*='ember'][class$='nav-link'], div[id='main-nav-tab']  a[id*='ember'][class$='nav-link ']").Nth(19)</Text>
      </RunInfo>
      <RunInfo computerName="DESKTOP-RSFFHJT" outcome="Warning" timestamp="2025-05-01T21:13:16.9386042-04:00">
        <Text>2025-05-02T01:13:16.937Z pw:api   locator resolved to &lt;a id="ember172" href="#/paymentsmade" class="ember-view nav-link"&gt;ΓÇª&lt;/a&gt;</Text>
      </RunInfo>
      <RunInfo computerName="DESKTOP-RSFFHJT" outcome="Warning" timestamp="2025-05-01T21:13:16.9392000-04:00">
        <Text>2025-05-02T01:13:16.938Z pw:api waiting for Locator("div[id='main-nav-tab'] a[id*='ember'][class$='nav-link'], div[id='main-nav-tab']  a[id*='ember'][class$='nav-link ']").Nth(20)</Text>
      </RunInfo>
      <RunInfo computerName="DESKTOP-RSFFHJT" outcome="Warning" timestamp="2025-05-01T21:13:16.9402658-04:00">
        <Text>2025-05-02T01:13:16.939Z pw:api   locator resolved to &lt;a id="ember177" href="#/vendorcredits" class="ember-view nav-link"&gt;ΓÇª&lt;/a&gt;</Text>
      </RunInfo>
      <RunInfo computerName="DESKTOP-RSFFHJT" outcome="Warning" timestamp="2025-05-01T21:13:16.9406379-04:00">
        <Text>2025-05-02T01:13:16.939Z pw:api waiting for Locator("div[id='main-nav-tab'] a[id*='ember'][class$='nav-link'], div[id='main-nav-tab']  a[id*='ember'][class$='nav-link ']").Nth(21)</Text>
      </RunInfo>
      <RunInfo computerName="DESKTOP-RSFFHJT" outcome="Warning" timestamp="2025-05-01T21:13:16.9420123-04:00">
        <Text>2025-05-02T01:13:16.941Z pw:api   locator resolved to &lt;a id="ember181" class="ember-view nav-link" href="#/settings/integrations"&gt;ΓÇª&lt;/a&gt;</Text>
      </RunInfo>
      <RunInfo computerName="DESKTOP-RSFFHJT" outcome="Warning" timestamp="2025-05-01T21:13:16.9424551-04:00">
        <Text>2025-05-02T01:13:16.941Z pw:api waiting for Locator("div[id='main-nav-tab'] a[id*='ember'][class$='nav-link'], div[id='main-nav-tab']  a[id*='ember'][class$='nav-link ']").Nth(22)</Text>
      </RunInfo>
      <RunInfo computerName="DESKTOP-RSFFHJT" outcome="Warning" timestamp="2025-05-01T21:13:16.9436233-04:00">
        <Text>2025-05-02T01:13:16.942Z pw:api   locator resolved to &lt;a id="ember184" href="#/reports" class="ember-view nav-link"&gt;ΓÇª&lt;/a&gt;</Text>
      </RunInfo>
      <RunInfo computerName="DESKTOP-RSFFHJT" outcome="Warning" timestamp="2025-05-01T21:13:16.9440710-04:00">
        <Text>2025-05-02T01:13:16.943Z pw:api waiting for Locator("div[id='main-nav-tab'] a[id*='ember'][class$='nav-link'], div[id='main-nav-tab']  a[id*='ember'][class$='nav-link ']").Nth(23)</Text>
      </RunInfo>
      <RunInfo computerName="DESKTOP-RSFFHJT" outcome="Warning" timestamp="2025-05-01T21:13:16.9453164-04:00">
        <Text>2025-05-02T01:13:16.944Z pw:api   locator resolved to &lt;a id="ember187" href="#/documents/inbox" class="ember-view nav-link"&gt;ΓÇª&lt;/a&gt;</Text>
      </RunInfo>
      <RunInfo computerName="DESKTOP-RSFFHJT" outcome="Warning" timestamp="2025-05-01T21:13:16.9458293-04:00">
        <Text>2025-05-02T01:13:16.944Z pw:api waiting for Locator("div[id='main-nav-tab'] a[id*='ember'][class$='nav-link'], div[id='main-nav-tab']  a[id*='ember'][class$='nav-link ']").Nth(10)</Text>
      </RunInfo>
      <RunInfo computerName="DESKTOP-RSFFHJT" outcome="Warning" timestamp="2025-05-01T21:13:16.9492454-04:00">
        <Text>2025-05-02T01:13:16.948Z pw:api   locator resolved to &lt;a id="ember134" href="#/paymentsreceived" class="ember-view nav-link"&gt;ΓÇª&lt;/a&gt;</Text>
      </RunInfo>
      <RunInfo computerName="DESKTOP-RSFFHJT" outcome="Warning" timestamp="2025-05-01T21:13:16.9499540-04:00">
        <Text>2025-05-02T01:13:16.948Z pw:api attempting click action</Text>
      </RunInfo>
      <RunInfo computerName="DESKTOP-RSFFHJT" outcome="Warning" timestamp="2025-05-01T21:13:16.9499854-04:00">
        <Text>2025-05-02T01:13:16.949Z pw:api   waiting for element to be visible, enabled and stable</Text>
      </RunInfo>
      <RunInfo computerName="DESKTOP-RSFFHJT" outcome="Warning" timestamp="2025-05-01T21:13:16.9767309-04:00">
        <Text>2025-05-02T01:13:16.975Z pw:api   "networkidle" event fired</Text>
      </RunInfo>
      <RunInfo computerName="DESKTOP-RSFFHJT" outcome="Warning" timestamp="2025-05-01T21:13:16.9805657-04:00">
        <Text>2025-05-02T01:13:16.979Z pw:api   element is visible, enabled and stable</Text>
      </RunInfo>
      <RunInfo computerName="DESKTOP-RSFFHJT" outcome="Warning" timestamp="2025-05-01T21:13:16.9805748-04:00">
        <Text>2025-05-02T01:13:16.979Z pw:api   scrolling into view if needed</Text>
      </RunInfo>
      <RunInfo computerName="DESKTOP-RSFFHJT" outcome="Warning" timestamp="2025-05-01T21:13:16.9809248-04:00">
        <Text>2025-05-02T01:13:16.980Z pw:api   done scrolling</Text>
      </RunInfo>
      <RunInfo computerName="DESKTOP-RSFFHJT" outcome="Warning" timestamp="2025-05-01T21:13:16.9828021-04:00">
        <Text>2025-05-02T01:13:16.981Z pw:api   performing click action</Text>
      </RunInfo>
      <RunInfo computerName="DESKTOP-RSFFHJT" outcome="Warning" timestamp="2025-05-01T21:13:17.0151278-04:00">
        <Text>2025-05-02T01:13:17.013Z pw:api   click action done</Text>
      </RunInfo>
      <RunInfo computerName="DESKTOP-RSFFHJT" outcome="Warning" timestamp="2025-05-01T21:13:17.0151375-04:00">
        <Text>2025-05-02T01:13:17.014Z pw:api   waiting for scheduled navigations to finish</Text>
      </RunInfo>
      <RunInfo computerName="DESKTOP-RSFFHJT" outcome="Warning" timestamp="2025-05-01T21:13:17.0152976-04:00">
        <Text>2025-05-02T01:13:17.014Z pw:api   navigations have finished</Text>
      </RunInfo>
      <RunInfo computerName="DESKTOP-RSFFHJT" outcome="Warning" timestamp="2025-05-01T21:13:17.0181753-04:00">
        <Text>2025-05-02T01:13:17.017Z pw:api waiting for Locator("div[id='main-nav-tab'] a[id*='ember'][class$='nav-link'], div[id='main-nav-tab']  a[id*='ember'][class$='nav-link ']").First</Text>
      </RunInfo>
      <RunInfo computerName="DESKTOP-RSFFHJT" outcome="Warning" timestamp="2025-05-01T21:13:17.0197266-04:00">
        <Text>2025-05-02T01:13:17.018Z pw:api   locator resolved to &lt;a id="ember79" href="#/home" class="ember-view active ember-transitioning-out nav-link"&gt;ΓÇª&lt;/a&gt;</Text>
      </RunInfo>
      <RunInfo computerName="DESKTOP-RSFFHJT" outcome="Warning" timestamp="2025-05-01T21:13:17.0202783-04:00">
        <Text>2025-05-02T01:13:17.019Z pw:api waiting for Locator("div[id='main-nav-tab'] a[id*='ember'][class$='nav-link'], div[id='main-nav-tab']  a[id*='ember'][class$='nav-link ']").Nth(1)</Text>
      </RunInfo>
      <RunInfo computerName="DESKTOP-RSFFHJT" outcome="Warning" timestamp="2025-05-01T21:13:17.0215515-04:00">
        <Text>2025-05-02T01:13:17.020Z pw:api   locator resolved to &lt;a id="ember82" class="collapsed ember-view nav-link "&gt;ΓÇª&lt;/a&gt;</Text>
      </RunInfo>
      <RunInfo computerName="DESKTOP-RSFFHJT" outcome="Warning" timestamp="2025-05-01T21:13:17.0221383-04:00">
        <Text>2025-05-02T01:13:17.021Z pw:api waiting for Locator("div[id='main-nav-tab'] a[id*='ember'][class$='nav-link'], div[id='main-nav-tab']  a[id*='ember'][class$='nav-link ']").Nth(2)</Text>
      </RunInfo>
      <RunInfo computerName="DESKTOP-RSFFHJT" outcome="Warning" timestamp="2025-05-01T21:13:17.0234846-04:00">
        <Text>2025-05-02T01:13:17.022Z pw:api   locator resolved to &lt;a id="ember86" href="#/inventory/items" class="ember-view nav-link"&gt;ΓÇª&lt;/a&gt;</Text>
      </RunInfo>
      <RunInfo computerName="DESKTOP-RSFFHJT" outcome="Warning" timestamp="2025-05-01T21:13:17.0240671-04:00">
        <Text>2025-05-02T01:13:17.023Z pw:api waiting for Locator("div[id='main-nav-tab'] a[id*='ember'][class$='nav-link'], div[id='main-nav-tab']  a[id*='ember'][class$='nav-link ']").Nth(3)</Text>
      </RunInfo>
      <RunInfo computerName="DESKTOP-RSFFHJT" outcome="Warning" timestamp="2025-05-01T21:13:17.0254026-04:00">
        <Text>2025-05-02T01:13:17.024Z pw:api   locator resolved to &lt;a id="ember91" class="ember-view nav-link" href="#/inventory/itemgroups"&gt;ΓÇª&lt;/a&gt;</Text>
      </RunInfo>
      <RunInfo computerName="DESKTOP-RSFFHJT" outcome="Warning" timestamp="2025-05-01T21:13:17.0259645-04:00">
        <Text>2025-05-02T01:13:17.025Z pw:api waiting for Locator("div[id='main-nav-tab'] a[id*='ember'][class$='nav-link'], div[id='main-nav-tab']  a[id*='ember'][class$='nav-link ']").Nth(4)</Text>
      </RunInfo>
      <RunInfo computerName="DESKTOP-RSFFHJT" outcome="Warning" timestamp="2025-05-01T21:13:17.0272826-04:00">
        <Text>2025-05-02T01:13:17.026Z pw:api   locator resolved to &lt;a id="ember97" class="ember-view nav-link" href="#/inventory/adjustments"&gt;ΓÇª&lt;/a&gt;</Text>
      </RunInfo>
      <RunInfo computerName="DESKTOP-RSFFHJT" outcome="Warning" timestamp="2025-05-01T21:13:17.0276866-04:00">
        <Text>2025-05-02T01:13:17.026Z pw:api waiting for Locator("div[id='main-nav-tab'] a[id*='ember'][class$='nav-link'], div[id='main-nav-tab']  a[id*='ember'][class$='nav-link ']").Nth(5)</Text>
      </RunInfo>
      <RunInfo computerName="DESKTOP-RSFFHJT" outcome="Warning" timestamp="2025-05-01T21:13:17.0290679-04:00">
        <Text>2025-05-02T01:13:17.028Z pw:api   locator resolved to &lt;a id="ember108" href="#/contacts" class="ember-view nav-link"&gt;ΓÇª&lt;/a&gt;</Text>
      </RunInfo>
      <RunInfo computerName="DESKTOP-RSFFHJT" outcome="Warning" timestamp="2025-05-01T21:13:17.0296535-04:00">
        <Text>2025-05-02T01:13:17.028Z pw:api waiting for Locator("div[id='main-nav-tab'] a[id*='ember'][class$='nav-link'], div[id='main-nav-tab']  a[id*='ember'][class$='nav-link ']").Nth(6)</Text>
      </RunInfo>
      <RunInfo computerName="DESKTOP-RSFFHJT" outcome="Warning" timestamp="2025-05-01T21:13:17.0320552-04:00">
        <Text>2025-05-02T01:13:17.030Z pw:api   locator resolved to &lt;a id="ember114" href="#/salesorders" class="ember-view nav-link"&gt;ΓÇª&lt;/a&gt;</Text>
      </RunInfo>
      <RunInfo computerName="DESKTOP-RSFFHJT" outcome="Warning" timestamp="2025-05-01T21:13:17.0326552-04:00">
        <Text>2025-05-02T01:13:17.031Z pw:api waiting for Locator("div[id='main-nav-tab'] a[id*='ember'][class$='nav-link'], div[id='main-nav-tab']  a[id*='ember'][class$='nav-link ']").Nth(7)</Text>
      </RunInfo>
      <RunInfo computerName="DESKTOP-RSFFHJT" outcome="Warning" timestamp="2025-05-01T21:13:17.0341825-04:00">
        <Text>2025-05-02T01:13:17.033Z pw:api   locator resolved to &lt;a id="ember121" href="#/packages" class="ember-view nav-link"&gt;ΓÇª&lt;/a&gt;</Text>
      </RunInfo>
      <RunInfo computerName="DESKTOP-RSFFHJT" outcome="Warning" timestamp="2025-05-01T21:13:17.0345159-04:00">
        <Text>2025-05-02T01:13:17.033Z pw:api waiting for Locator("div[id='main-nav-tab'] a[id*='ember'][class$='nav-link'], div[id='main-nav-tab']  a[id*='ember'][class$='nav-link ']").Nth(8)</Text>
      </RunInfo>
      <RunInfo computerName="DESKTOP-RSFFHJT" outcome="Warning" timestamp="2025-05-01T21:13:17.0359658-04:00">
        <Text>2025-05-02T01:13:17.035Z pw:api   locator resolved to &lt;a id="ember125" href="#/shipments" class="ember-view nav-link"&gt;ΓÇª&lt;/a&gt;</Text>
      </RunInfo>
      <RunInfo computerName="DESKTOP-RSFFHJT" outcome="Warning" timestamp="2025-05-01T21:13:17.0364338-04:00">
        <Text>2025-05-02T01:13:17.035Z pw:api waiting for Locator("div[id='main-nav-tab'] a[id*='ember'][class$='nav-link'], div[id='main-nav-tab']  a[id*='ember'][class$='nav-link ']").Nth(9)</Text>
      </RunInfo>
      <RunInfo computerName="DESKTOP-RSFFHJT" outcome="Warning" timestamp="2025-05-01T21:13:17.0376513-04:00">
        <Text>2025-05-02T01:13:17.036Z pw:api   locator resolved to &lt;a id="ember129" href="#/invoices" class="ember-view nav-link"&gt;ΓÇª&lt;/a&gt;</Text>
      </RunInfo>
      <RunInfo computerName="DESKTOP-RSFFHJT" outcome="Warning" timestamp="2025-05-01T21:13:17.0380743-04:00">
        <Text>2025-05-02T01:13:17.037Z pw:api waiting for Locator("div[id='main-nav-tab'] a[id*='ember'][class$='nav-link'], div[id='main-nav-tab']  a[id*='ember'][class$='nav-link ']").Nth(10)</Text>
      </RunInfo>
      <RunInfo computerName="DESKTOP-RSFFHJT" outcome="Warning" timestamp="2025-05-01T21:13:17.0397523-04:00">
        <Text>2025-05-02T01:13:17.038Z pw:api   locator resolved to &lt;a id="ember134" href="#/paymentsreceived" class="ember-view ember-transitioning-in nav-link"&gt;ΓÇª&lt;/a&gt;</Text>
      </RunInfo>
      <RunInfo computerName="DESKTOP-RSFFHJT" outcome="Warning" timestamp="2025-05-01T21:13:17.0404306-04:00">
        <Text>2025-05-02T01:13:17.039Z pw:api waiting for Locator("div[id='main-nav-tab'] a[id*='ember'][class$='nav-link'], div[id='main-nav-tab']  a[id*='ember'][class$='nav-link ']").Nth(11)</Text>
      </RunInfo>
      <RunInfo computerName="DESKTOP-RSFFHJT" outcome="Warning" timestamp="2025-05-01T21:13:17.0418693-04:00">
        <Text>2025-05-02T01:13:17.040Z pw:api   locator resolved to &lt;a id="ember140" href="#/salesreturns" class="ember-view nav-link"&gt;ΓÇª&lt;/a&gt;</Text>
      </RunInfo>
      <RunInfo computerName="DESKTOP-RSFFHJT" outcome="Warning" timestamp="2025-05-01T21:13:17.0425604-04:00">
        <Text>2025-05-02T01:13:17.041Z pw:api waiting for Locator("div[id='main-nav-tab'] a[id*='ember'][class$='nav-link'], div[id='main-nav-tab']  a[id*='ember'][class$='nav-link ']").Nth(12)</Text>
      </RunInfo>
      <RunInfo computerName="DESKTOP-RSFFHJT" outcome="Warning" timestamp="2025-05-01T21:13:17.0472397-04:00">
        <Text>2025-05-02T01:13:17.045Z pw:api   locator resolved to &lt;a id="ember143" href="#/creditnotes" class="ember-view nav-link"&gt;ΓÇª&lt;/a&gt;</Text>
      </RunInfo>
      <RunInfo computerName="DESKTOP-RSFFHJT" outcome="Warning" timestamp="2025-05-01T21:13:17.0479908-04:00">
        <Text>2025-05-02T01:13:17.047Z pw:api waiting for Locator("div[id='main-nav-tab'] a[id*='ember'][class$='nav-link'], div[id='main-nav-tab']  a[id*='ember'][class$='nav-link ']").Nth(13)</Text>
      </RunInfo>
      <RunInfo computerName="DESKTOP-RSFFHJT" outcome="Warning" timestamp="2025-05-01T21:13:17.0495649-04:00">
        <Text>2025-05-02T01:13:17.048Z pw:api   locator resolved to &lt;a id="ember147" class="collapsed ember-view nav-link "&gt;ΓÇª&lt;/a&gt;</Text>
      </RunInfo>
      <RunInfo computerName="DESKTOP-RSFFHJT" outcome="Warning" timestamp="2025-05-01T21:13:17.0500390-04:00">
        <Text>2025-05-02T01:13:17.049Z pw:api waiting for Locator("div[id='main-nav-tab'] a[id*='ember'][class$='nav-link'], div[id='main-nav-tab']  a[id*='ember'][class$='nav-link ']").Nth(14)</Text>
      </RunInfo>
      <RunInfo computerName="DESKTOP-RSFFHJT" outcome="Warning" timestamp="2025-05-01T21:13:17.0515159-04:00">
        <Text>2025-05-02T01:13:17.050Z pw:api   locator resolved to &lt;a id="ember151" href="#/vendors" class="ember-view nav-link"&gt;ΓÇª&lt;/a&gt;</Text>
      </RunInfo>
      <RunInfo computerName="DESKTOP-RSFFHJT" outcome="Warning" timestamp="2025-05-01T21:13:17.0521664-04:00">
        <Text>2025-05-02T01:13:17.051Z pw:api waiting for Locator("div[id='main-nav-tab'] a[id*='ember'][class$='nav-link'], div[id='main-nav-tab']  a[id*='ember'][class$='nav-link ']").Nth(15)</Text>
      </RunInfo>
      <RunInfo computerName="DESKTOP-RSFFHJT" outcome="Warning" timestamp="2025-05-01T21:13:17.0535571-04:00">
        <Text>2025-05-02T01:13:17.052Z pw:api   locator resolved to &lt;a id="ember155" href="#/expenses" class="ember-view nav-link"&gt;ΓÇª&lt;/a&gt;</Text>
      </RunInfo>
      <RunInfo computerName="DESKTOP-RSFFHJT" outcome="Warning" timestamp="2025-05-01T21:13:17.0539291-04:00">
        <Text>2025-05-02T01:13:17.053Z pw:api waiting for Locator("div[id='main-nav-tab'] a[id*='ember'][class$='nav-link'], div[id='main-nav-tab']  a[id*='ember'][class$='nav-link ']").Nth(16)</Text>
      </RunInfo>
      <RunInfo computerName="DESKTOP-RSFFHJT" outcome="Warning" timestamp="2025-05-01T21:13:17.0552191-04:00">
        <Text>2025-05-02T01:13:17.054Z pw:api   locator resolved to &lt;a id="ember159" href="#/purchaseorders" class="ember-view nav-link"&gt;ΓÇª&lt;/a&gt;</Text>
      </RunInfo>
      <RunInfo computerName="DESKTOP-RSFFHJT" outcome="Warning" timestamp="2025-05-01T21:13:17.0556981-04:00">
        <Text>2025-05-02T01:13:17.054Z pw:api waiting for Locator("div[id='main-nav-tab'] a[id*='ember'][class$='nav-link'], div[id='main-nav-tab']  a[id*='ember'][class$='nav-link ']").Nth(17)</Text>
      </RunInfo>
      <RunInfo computerName="DESKTOP-RSFFHJT" outcome="Warning" timestamp="2025-05-01T21:13:17.0569051-04:00">
        <Text>2025-05-02T01:13:17.056Z pw:api   locator resolved to &lt;a id="ember163" href="#/purchasereceives" class="ember-view nav-link"&gt;ΓÇª&lt;/a&gt;</Text>
      </RunInfo>
      <RunInfo computerName="DESKTOP-RSFFHJT" outcome="Warning" timestamp="2025-05-01T21:13:17.0574406-04:00">
        <Text>2025-05-02T01:13:17.056Z pw:api waiting for Locator("div[id='main-nav-tab'] a[id*='ember'][class$='nav-link'], div[id='main-nav-tab']  a[id*='ember'][class$='nav-link ']").Nth(18)</Text>
      </RunInfo>
      <RunInfo computerName="DESKTOP-RSFFHJT" outcome="Warning" timestamp="2025-05-01T21:13:17.0588012-04:00">
        <Text>2025-05-02T01:13:17.057Z pw:api   locator resolved to &lt;a id="ember168" href="#/bills" class="ember-view nav-link"&gt;ΓÇª&lt;/a&gt;</Text>
      </RunInfo>
      <RunInfo computerName="DESKTOP-RSFFHJT" outcome="Warning" timestamp="2025-05-01T21:13:17.0593745-04:00">
        <Text>2025-05-02T01:13:17.058Z pw:api waiting for Locator("div[id='main-nav-tab'] a[id*='ember'][class$='nav-link'], div[id='main-nav-tab']  a[id*='ember'][class$='nav-link ']").Nth(19)</Text>
      </RunInfo>
      <RunInfo computerName="DESKTOP-RSFFHJT" outcome="Warning" timestamp="2025-05-01T21:13:17.0606752-04:00">
        <Text>2025-05-02T01:13:17.059Z pw:api   locator resolved to &lt;a id="ember172" href="#/paymentsmade" class="ember-view nav-link"&gt;ΓÇª&lt;/a&gt;</Text>
      </RunInfo>
      <RunInfo computerName="DESKTOP-RSFFHJT" outcome="Warning" timestamp="2025-05-01T21:13:17.0611032-04:00">
        <Text>2025-05-02T01:13:17.060Z pw:api waiting for Locator("div[id='main-nav-tab'] a[id*='ember'][class$='nav-link'], div[id='main-nav-tab']  a[id*='ember'][class$='nav-link ']").Nth(20)</Text>
      </RunInfo>
      <RunInfo computerName="DESKTOP-RSFFHJT" outcome="Warning" timestamp="2025-05-01T21:13:17.0623025-04:00">
        <Text>2025-05-02T01:13:17.061Z pw:api   locator resolved to &lt;a id="ember177" href="#/vendorcredits" class="ember-view nav-link"&gt;ΓÇª&lt;/a&gt;</Text>
      </RunInfo>
      <RunInfo computerName="DESKTOP-RSFFHJT" outcome="Warning" timestamp="2025-05-01T21:13:17.0627927-04:00">
        <Text>2025-05-02T01:13:17.061Z pw:api waiting for Locator("div[id='main-nav-tab'] a[id*='ember'][class$='nav-link'], div[id='main-nav-tab']  a[id*='ember'][class$='nav-link ']").Nth(21)</Text>
      </RunInfo>
      <RunInfo computerName="DESKTOP-RSFFHJT" outcome="Warning" timestamp="2025-05-01T21:13:17.0654599-04:00">
        <Text>2025-05-02T01:13:17.064Z pw:api   locator resolved to &lt;a id="ember181" class="ember-view nav-link" href="#/settings/integrations"&gt;ΓÇª&lt;/a&gt;</Text>
      </RunInfo>
      <RunInfo computerName="DESKTOP-RSFFHJT" outcome="Warning" timestamp="2025-05-01T21:13:17.0660399-04:00">
        <Text>2025-05-02T01:13:17.065Z pw:api waiting for Locator("div[id='main-nav-tab'] a[id*='ember'][class$='nav-link'], div[id='main-nav-tab']  a[id*='ember'][class$='nav-link ']").Nth(22)</Text>
      </RunInfo>
      <RunInfo computerName="DESKTOP-RSFFHJT" outcome="Warning" timestamp="2025-05-01T21:13:17.0673255-04:00">
        <Text>2025-05-02T01:13:17.066Z pw:api   locator resolved to &lt;a id="ember184" href="#/reports" class="ember-view nav-link"&gt;ΓÇª&lt;/a&gt;</Text>
      </RunInfo>
      <RunInfo computerName="DESKTOP-RSFFHJT" outcome="Warning" timestamp="2025-05-01T21:13:17.0677646-04:00">
        <Text>2025-05-02T01:13:17.066Z pw:api waiting for Locator("div[id='main-nav-tab'] a[id*='ember'][class$='nav-link'], div[id='main-nav-tab']  a[id*='ember'][class$='nav-link ']").Nth(23)</Text>
      </RunInfo>
      <RunInfo computerName="DESKTOP-RSFFHJT" outcome="Warning" timestamp="2025-05-01T21:13:17.0692448-04:00">
        <Text>2025-05-02T01:13:17.068Z pw:api   locator resolved to &lt;a id="ember187" href="#/documents/inbox" class="ember-view nav-link"&gt;ΓÇª&lt;/a&gt;</Text>
      </RunInfo>
      <RunInfo computerName="DESKTOP-RSFFHJT" outcome="Warning" timestamp="2025-05-01T21:13:17.0696480-04:00">
        <Text>2025-05-02T01:13:17.068Z pw:api waiting for Locator("div[id='main-nav-tab'] a[id*='ember'][class$='nav-link'], div[id='main-nav-tab']  a[id*='ember'][class$='nav-link ']").Nth(10)</Text>
      </RunInfo>
      <RunInfo computerName="DESKTOP-RSFFHJT" outcome="Warning" timestamp="2025-05-01T21:13:17.0714839-04:00">
        <Text>2025-05-02T01:13:17.070Z pw:api   locator resolved to &lt;a id="ember134" href="#/paymentsreceived" class="ember-view ember-transitioning-in nav-link"&gt;ΓÇª&lt;/a&gt;</Text>
      </RunInfo>
      <RunInfo computerName="DESKTOP-RSFFHJT" outcome="Warning" timestamp="2025-05-01T21:13:17.0720445-04:00">
        <Text>2025-05-02T01:13:17.071Z pw:api attempting click action</Text>
      </RunInfo>
      <RunInfo computerName="DESKTOP-RSFFHJT" outcome="Warning" timestamp="2025-05-01T21:13:17.0720606-04:00">
        <Text>2025-05-02T01:13:17.071Z pw:api   waiting for element to be visible, enabled and stable</Text>
      </RunInfo>
      <RunInfo computerName="DESKTOP-RSFFHJT" outcome="Warning" timestamp="2025-05-01T21:13:17.1038021-04:00">
        <Text>2025-05-02T01:13:17.102Z pw:api   element is visible, enabled and stable</Text>
      </RunInfo>
      <RunInfo computerName="DESKTOP-RSFFHJT" outcome="Warning" timestamp="2025-05-01T21:13:17.1038120-04:00">
        <Text>2025-05-02T01:13:17.102Z pw:api   scrolling into view if needed</Text>
      </RunInfo>
      <RunInfo computerName="DESKTOP-RSFFHJT" outcome="Warning" timestamp="2025-05-01T21:13:17.1039755-04:00">
        <Text>2025-05-02T01:13:17.103Z pw:api   done scrolling</Text>
      </RunInfo>
      <RunInfo computerName="DESKTOP-RSFFHJT" outcome="Warning" timestamp="2025-05-01T21:13:17.1052927-04:00">
        <Text>2025-05-02T01:13:17.104Z pw:api   performing click action</Text>
      </RunInfo>
      <RunInfo computerName="DESKTOP-RSFFHJT" outcome="Warning" timestamp="2025-05-01T21:13:17.1098173-04:00">
        <Text>2025-05-02T01:13:17.108Z pw:api   click action done</Text>
      </RunInfo>
      <RunInfo computerName="DESKTOP-RSFFHJT" outcome="Warning" timestamp="2025-05-01T21:13:17.1098239-04:00">
        <Text>2025-05-02T01:13:17.108Z pw:api   waiting for scheduled navigations to finish</Text>
      </RunInfo>
      <RunInfo computerName="DESKTOP-RSFFHJT" outcome="Warning" timestamp="2025-05-01T21:13:17.1100304-04:00">
        <Text>2025-05-02T01:13:17.109Z pw:api   navigations have finished</Text>
      </RunInfo>
      <RunInfo computerName="DESKTOP-RSFFHJT" outcome="Warning" timestamp="2025-05-01T21:13:17.1122917-04:00">
        <Text>2025-05-02T01:13:17.111Z pw:api waiting for Locator("div[id='main-nav-tab'] a[id*='ember'][class$='nav-link'], div[id='main-nav-tab']  a[id*='ember'][class$='nav-link ']").First</Text>
      </RunInfo>
      <RunInfo computerName="DESKTOP-RSFFHJT" outcome="Warning" timestamp="2025-05-01T21:13:17.1141482-04:00">
        <Text>2025-05-02T01:13:17.113Z pw:api   locator resolved to &lt;a id="ember79" href="#/home" class="ember-view active ember-transitioning-out nav-link"&gt;ΓÇª&lt;/a&gt;</Text>
      </RunInfo>
      <RunInfo computerName="DESKTOP-RSFFHJT" outcome="Warning" timestamp="2025-05-01T21:13:17.1149250-04:00">
        <Text>2025-05-02T01:13:17.113Z pw:api waiting for Locator("div[id='main-nav-tab'] a[id*='ember'][class$='nav-link'], div[id='main-nav-tab']  a[id*='ember'][class$='nav-link ']").Nth(1)</Text>
      </RunInfo>
      <RunInfo computerName="DESKTOP-RSFFHJT" outcome="Warning" timestamp="2025-05-01T21:13:17.1164958-04:00">
        <Text>2025-05-02T01:13:17.115Z pw:api   locator resolved to &lt;a id="ember82" class="collapsed ember-view nav-link "&gt;ΓÇª&lt;/a&gt;</Text>
      </RunInfo>
      <RunInfo computerName="DESKTOP-RSFFHJT" outcome="Warning" timestamp="2025-05-01T21:13:17.1171656-04:00">
        <Text>2025-05-02T01:13:17.116Z pw:api waiting for Locator("div[id='main-nav-tab'] a[id*='ember'][class$='nav-link'], div[id='main-nav-tab']  a[id*='ember'][class$='nav-link ']").Nth(2)</Text>
      </RunInfo>
      <RunInfo computerName="DESKTOP-RSFFHJT" outcome="Warning" timestamp="2025-05-01T21:13:17.1185621-04:00">
        <Text>2025-05-02T01:13:17.117Z pw:api   locator resolved to &lt;a id="ember86" href="#/inventory/items" class="ember-view nav-link"&gt;ΓÇª&lt;/a&gt;</Text>
      </RunInfo>
      <RunInfo computerName="DESKTOP-RSFFHJT" outcome="Warning" timestamp="2025-05-01T21:13:17.1190766-04:00">
        <Text>2025-05-02T01:13:17.118Z pw:api waiting for Locator("div[id='main-nav-tab'] a[id*='ember'][class$='nav-link'], div[id='main-nav-tab']  a[id*='ember'][class$='nav-link ']").Nth(3)</Text>
      </RunInfo>
      <RunInfo computerName="DESKTOP-RSFFHJT" outcome="Warning" timestamp="2025-05-01T21:13:17.1203663-04:00">
        <Text>2025-05-02T01:13:17.119Z pw:api   locator resolved to &lt;a id="ember91" class="ember-view nav-link" href="#/inventory/itemgroups"&gt;ΓÇª&lt;/a&gt;</Text>
      </RunInfo>
      <RunInfo computerName="DESKTOP-RSFFHJT" outcome="Warning" timestamp="2025-05-01T21:13:17.1209442-04:00">
        <Text>2025-05-02T01:13:17.119Z pw:api waiting for Locator("div[id='main-nav-tab'] a[id*='ember'][class$='nav-link'], div[id='main-nav-tab']  a[id*='ember'][class$='nav-link ']").Nth(4)</Text>
      </RunInfo>
      <RunInfo computerName="DESKTOP-RSFFHJT" outcome="Warning" timestamp="2025-05-01T21:13:17.1226783-04:00">
        <Text>2025-05-02T01:13:17.121Z pw:api   locator resolved to &lt;a id="ember97" class="ember-view nav-link" href="#/inventory/adjustments"&gt;ΓÇª&lt;/a&gt;</Text>
      </RunInfo>
      <RunInfo computerName="DESKTOP-RSFFHJT" outcome="Warning" timestamp="2025-05-01T21:13:17.1231407-04:00">
        <Text>2025-05-02T01:13:17.122Z pw:api waiting for Locator("div[id='main-nav-tab'] a[id*='ember'][class$='nav-link'], div[id='main-nav-tab']  a[id*='ember'][class$='nav-link ']").Nth(5)</Text>
      </RunInfo>
      <RunInfo computerName="DESKTOP-RSFFHJT" outcome="Warning" timestamp="2025-05-01T21:13:17.1244257-04:00">
        <Text>2025-05-02T01:13:17.123Z pw:api   locator resolved to &lt;a id="ember108" href="#/contacts" class="ember-view nav-link"&gt;ΓÇª&lt;/a&gt;</Text>
      </RunInfo>
      <RunInfo computerName="DESKTOP-RSFFHJT" outcome="Warning" timestamp="2025-05-01T21:13:17.1248848-04:00">
        <Text>2025-05-02T01:13:17.123Z pw:api waiting for Locator("div[id='main-nav-tab'] a[id*='ember'][class$='nav-link'], div[id='main-nav-tab']  a[id*='ember'][class$='nav-link ']").Nth(6)</Text>
      </RunInfo>
      <RunInfo computerName="DESKTOP-RSFFHJT" outcome="Warning" timestamp="2025-05-01T21:13:17.1260300-04:00">
        <Text>2025-05-02T01:13:17.125Z pw:api   locator resolved to &lt;a id="ember114" href="#/salesorders" class="ember-view nav-link"&gt;ΓÇª&lt;/a&gt;</Text>
      </RunInfo>
      <RunInfo computerName="DESKTOP-RSFFHJT" outcome="Warning" timestamp="2025-05-01T21:13:17.1266817-04:00">
        <Text>2025-05-02T01:13:17.125Z pw:api waiting for Locator("div[id='main-nav-tab'] a[id*='ember'][class$='nav-link'], div[id='main-nav-tab']  a[id*='ember'][class$='nav-link ']").Nth(7)</Text>
      </RunInfo>
      <RunInfo computerName="DESKTOP-RSFFHJT" outcome="Warning" timestamp="2025-05-01T21:13:17.1278850-04:00">
        <Text>2025-05-02T01:13:17.126Z pw:api   locator resolved to &lt;a id="ember121" href="#/packages" class="ember-view nav-link"&gt;ΓÇª&lt;/a&gt;</Text>
      </RunInfo>
      <RunInfo computerName="DESKTOP-RSFFHJT" outcome="Warning" timestamp="2025-05-01T21:13:17.1283386-04:00">
        <Text>2025-05-02T01:13:17.127Z pw:api waiting for Locator("div[id='main-nav-tab'] a[id*='ember'][class$='nav-link'], div[id='main-nav-tab']  a[id*='ember'][class$='nav-link ']").Nth(8)</Text>
      </RunInfo>
      <RunInfo computerName="DESKTOP-RSFFHJT" outcome="Warning" timestamp="2025-05-01T21:13:17.1301381-04:00">
        <Text>2025-05-02T01:13:17.129Z pw:api   locator resolved to &lt;a id="ember125" href="#/shipments" class="ember-view nav-link"&gt;ΓÇª&lt;/a&gt;</Text>
      </RunInfo>
      <RunInfo computerName="DESKTOP-RSFFHJT" outcome="Warning" timestamp="2025-05-01T21:13:17.1308118-04:00">
        <Text>2025-05-02T01:13:17.129Z pw:api waiting for Locator("div[id='main-nav-tab'] a[id*='ember'][class$='nav-link'], div[id='main-nav-tab']  a[id*='ember'][class$='nav-link ']").Nth(9)</Text>
      </RunInfo>
      <RunInfo computerName="DESKTOP-RSFFHJT" outcome="Warning" timestamp="2025-05-01T21:13:17.1323393-04:00">
        <Text>2025-05-02T01:13:17.131Z pw:api   locator resolved to &lt;a id="ember129" href="#/invoices" class="ember-view nav-link"&gt;ΓÇª&lt;/a&gt;</Text>
      </RunInfo>
      <RunInfo computerName="DESKTOP-RSFFHJT" outcome="Warning" timestamp="2025-05-01T21:13:17.1328380-04:00">
        <Text>2025-05-02T01:13:17.131Z pw:api waiting for Locator("div[id='main-nav-tab'] a[id*='ember'][class$='nav-link'], div[id='main-nav-tab']  a[id*='ember'][class$='nav-link ']").Nth(10)</Text>
      </RunInfo>
      <RunInfo computerName="DESKTOP-RSFFHJT" outcome="Warning" timestamp="2025-05-01T21:13:17.1341898-04:00">
        <Text>2025-05-02T01:13:17.133Z pw:api   locator resolved to &lt;a id="ember134" href="#/paymentsreceived" class="ember-view ember-transitioning-in nav-link"&gt;ΓÇª&lt;/a&gt;</Text>
      </RunInfo>
      <RunInfo computerName="DESKTOP-RSFFHJT" outcome="Warning" timestamp="2025-05-01T21:13:17.1345727-04:00">
        <Text>2025-05-02T01:13:17.133Z pw:api waiting for Locator("div[id='main-nav-tab'] a[id*='ember'][class$='nav-link'], div[id='main-nav-tab']  a[id*='ember'][class$='nav-link ']").Nth(11)</Text>
      </RunInfo>
      <RunInfo computerName="DESKTOP-RSFFHJT" outcome="Warning" timestamp="2025-05-01T21:13:17.1360408-04:00">
        <Text>2025-05-02T01:13:17.135Z pw:api   locator resolved to &lt;a id="ember140" href="#/salesreturns" class="ember-view nav-link"&gt;ΓÇª&lt;/a&gt;</Text>
      </RunInfo>
      <RunInfo computerName="DESKTOP-RSFFHJT" outcome="Warning" timestamp="2025-05-01T21:13:17.1365958-04:00">
        <Text>2025-05-02T01:13:17.135Z pw:api waiting for Locator("div[id='main-nav-tab'] a[id*='ember'][class$='nav-link'], div[id='main-nav-tab']  a[id*='ember'][class$='nav-link ']").Nth(12)</Text>
      </RunInfo>
      <RunInfo computerName="DESKTOP-RSFFHJT" outcome="Warning" timestamp="2025-05-01T21:13:17.1378990-04:00">
        <Text>2025-05-02T01:13:17.136Z pw:api   locator resolved to &lt;a id="ember143" href="#/creditnotes" class="ember-view nav-link"&gt;ΓÇª&lt;/a&gt;</Text>
      </RunInfo>
      <RunInfo computerName="DESKTOP-RSFFHJT" outcome="Warning" timestamp="2025-05-01T21:13:17.1382523-04:00">
        <Text>2025-05-02T01:13:17.137Z pw:api waiting for Locator("div[id='main-nav-tab'] a[id*='ember'][class$='nav-link'], div[id='main-nav-tab']  a[id*='ember'][class$='nav-link ']").Nth(13)</Text>
      </RunInfo>
      <RunInfo computerName="DESKTOP-RSFFHJT" outcome="Warning" timestamp="2025-05-01T21:13:17.1393899-04:00">
        <Text>2025-05-02T01:13:17.138Z pw:api   locator resolved to &lt;a id="ember147" class="collapsed ember-view nav-link "&gt;ΓÇª&lt;/a&gt;</Text>
      </RunInfo>
      <RunInfo computerName="DESKTOP-RSFFHJT" outcome="Warning" timestamp="2025-05-01T21:13:17.1397562-04:00">
        <Text>2025-05-02T01:13:17.138Z pw:api waiting for Locator("div[id='main-nav-tab'] a[id*='ember'][class$='nav-link'], div[id='main-nav-tab']  a[id*='ember'][class$='nav-link ']").Nth(14)</Text>
      </RunInfo>
      <RunInfo computerName="DESKTOP-RSFFHJT" outcome="Warning" timestamp="2025-05-01T21:13:17.1407822-04:00">
        <Text>2025-05-02T01:13:17.139Z pw:api   locator resolved to &lt;a id="ember151" href="#/vendors" class="ember-view nav-link"&gt;ΓÇª&lt;/a&gt;</Text>
      </RunInfo>
      <RunInfo computerName="DESKTOP-RSFFHJT" outcome="Warning" timestamp="2025-05-01T21:13:17.1413588-04:00">
        <Text>2025-05-02T01:13:17.140Z pw:api waiting for Locator("div[id='main-nav-tab'] a[id*='ember'][class$='nav-link'], div[id='main-nav-tab']  a[id*='ember'][class$='nav-link ']").Nth(15)</Text>
      </RunInfo>
      <RunInfo computerName="DESKTOP-RSFFHJT" outcome="Warning" timestamp="2025-05-01T21:13:17.1429634-04:00">
        <Text>2025-05-02T01:13:17.142Z pw:api   locator resolved to &lt;a id="ember155" href="#/expenses" class="ember-view nav-link"&gt;ΓÇª&lt;/a&gt;</Text>
      </RunInfo>
      <RunInfo computerName="DESKTOP-RSFFHJT" outcome="Warning" timestamp="2025-05-01T21:13:17.1434276-04:00">
        <Text>2025-05-02T01:13:17.142Z pw:api waiting for Locator("div[id='main-nav-tab'] a[id*='ember'][class$='nav-link'], div[id='main-nav-tab']  a[id*='ember'][class$='nav-link ']").Nth(16)</Text>
      </RunInfo>
      <RunInfo computerName="DESKTOP-RSFFHJT" outcome="Warning" timestamp="2025-05-01T21:13:17.1446387-04:00">
        <Text>2025-05-02T01:13:17.143Z pw:api   locator resolved to &lt;a id="ember159" href="#/purchaseorders" class="ember-view nav-link"&gt;ΓÇª&lt;/a&gt;</Text>
      </RunInfo>
      <RunInfo computerName="DESKTOP-RSFFHJT" outcome="Warning" timestamp="2025-05-01T21:13:17.1450100-04:00">
        <Text>2025-05-02T01:13:17.144Z pw:api waiting for Locator("div[id='main-nav-tab'] a[id*='ember'][class$='nav-link'], div[id='main-nav-tab']  a[id*='ember'][class$='nav-link ']").Nth(17)</Text>
      </RunInfo>
      <RunInfo computerName="DESKTOP-RSFFHJT" outcome="Warning" timestamp="2025-05-01T21:13:17.1468204-04:00">
        <Text>2025-05-02T01:13:17.145Z pw:api   locator resolved to &lt;a id="ember163" href="#/purchasereceives" class="ember-view nav-link"&gt;ΓÇª&lt;/a&gt;</Text>
      </RunInfo>
      <RunInfo computerName="DESKTOP-RSFFHJT" outcome="Warning" timestamp="2025-05-01T21:13:17.1479673-04:00">
        <Text>2025-05-02T01:13:17.146Z pw:api waiting for Locator("div[id='main-nav-tab'] a[id*='ember'][class$='nav-link'], div[id='main-nav-tab']  a[id*='ember'][class$='nav-link ']").Nth(18)</Text>
      </RunInfo>
      <RunInfo computerName="DESKTOP-RSFFHJT" outcome="Warning" timestamp="2025-05-01T21:13:17.1510779-04:00">
        <Text>2025-05-02T01:13:17.148Z pw:api   locator resolved to &lt;a id="ember168" href="#/bills" class="ember-view nav-link"&gt;ΓÇª&lt;/a&gt;</Text>
      </RunInfo>
      <RunInfo computerName="DESKTOP-RSFFHJT" outcome="Warning" timestamp="2025-05-01T21:13:17.1511292-04:00">
        <Text>2025-05-02T01:13:17.149Z pw:api waiting for Locator("div[id='main-nav-tab'] a[id*='ember'][class$='nav-link'], div[id='main-nav-tab']  a[id*='ember'][class$='nav-link ']").Nth(19)</Text>
      </RunInfo>
      <RunInfo computerName="DESKTOP-RSFFHJT" outcome="Warning" timestamp="2025-05-01T21:13:17.1514560-04:00">
        <Text>2025-05-02T01:13:17.150Z pw:api   locator resolved to &lt;a id="ember172" href="#/paymentsmade" class="ember-view nav-link"&gt;ΓÇª&lt;/a&gt;</Text>
      </RunInfo>
      <RunInfo computerName="DESKTOP-RSFFHJT" outcome="Warning" timestamp="2025-05-01T21:13:17.1520723-04:00">
        <Text>2025-05-02T01:13:17.151Z pw:api waiting for Locator("div[id='main-nav-tab'] a[id*='ember'][class$='nav-link'], div[id='main-nav-tab']  a[id*='ember'][class$='nav-link ']").Nth(20)</Text>
      </RunInfo>
      <RunInfo computerName="DESKTOP-RSFFHJT" outcome="Warning" timestamp="2025-05-01T21:13:17.1537173-04:00">
        <Text>2025-05-02T01:13:17.152Z pw:api   locator resolved to &lt;a id="ember177" href="#/vendorcredits" class="ember-view nav-link"&gt;ΓÇª&lt;/a&gt;</Text>
      </RunInfo>
      <RunInfo computerName="DESKTOP-RSFFHJT" outcome="Warning" timestamp="2025-05-01T21:13:17.1543340-04:00">
        <Text>2025-05-02T01:13:17.153Z pw:api waiting for Locator("div[id='main-nav-tab'] a[id*='ember'][class$='nav-link'], div[id='main-nav-tab']  a[id*='ember'][class$='nav-link ']").Nth(21)</Text>
      </RunInfo>
      <RunInfo computerName="DESKTOP-RSFFHJT" outcome="Warning" timestamp="2025-05-01T21:13:17.1557713-04:00">
        <Text>2025-05-02T01:13:17.154Z pw:api   locator resolved to &lt;a id="ember181" class="ember-view nav-link" href="#/settings/integrations"&gt;ΓÇª&lt;/a&gt;</Text>
      </RunInfo>
      <RunInfo computerName="DESKTOP-RSFFHJT" outcome="Warning" timestamp="2025-05-01T21:13:17.1564651-04:00">
        <Text>2025-05-02T01:13:17.155Z pw:api waiting for Locator("div[id='main-nav-tab'] a[id*='ember'][class$='nav-link'], div[id='main-nav-tab']  a[id*='ember'][class$='nav-link ']").Nth(22)</Text>
      </RunInfo>
      <RunInfo computerName="DESKTOP-RSFFHJT" outcome="Warning" timestamp="2025-05-01T21:13:17.1577327-04:00">
        <Text>2025-05-02T01:13:17.156Z pw:api   locator resolved to &lt;a id="ember184" href="#/reports" class="ember-view nav-link"&gt;ΓÇª&lt;/a&gt;</Text>
      </RunInfo>
      <RunInfo computerName="DESKTOP-RSFFHJT" outcome="Warning" timestamp="2025-05-01T21:13:17.1582849-04:00">
        <Text>2025-05-02T01:13:17.157Z pw:api waiting for Locator("div[id='main-nav-tab'] a[id*='ember'][class$='nav-link'], div[id='main-nav-tab']  a[id*='ember'][class$='nav-link ']").Nth(23)</Text>
      </RunInfo>
      <RunInfo computerName="DESKTOP-RSFFHJT" outcome="Warning" timestamp="2025-05-01T21:13:17.1595263-04:00">
        <Text>2025-05-02T01:13:17.158Z pw:api   locator resolved to &lt;a id="ember187" href="#/documents/inbox" class="ember-view nav-link"&gt;ΓÇª&lt;/a&gt;</Text>
      </RunInfo>
      <RunInfo computerName="DESKTOP-RSFFHJT" outcome="Warning" timestamp="2025-05-01T21:13:17.1599316-04:00">
        <Text>2025-05-02T01:13:17.159Z pw:api waiting for Locator("div[id='main-nav-tab'] a[id*='ember'][class$='nav-link'], div[id='main-nav-tab']  a[id*='ember'][class$='nav-link ']").Nth(11)</Text>
      </RunInfo>
      <RunInfo computerName="DESKTOP-RSFFHJT" outcome="Warning" timestamp="2025-05-01T21:13:17.1616605-04:00">
        <Text>2025-05-02T01:13:17.160Z pw:api   locator resolved to &lt;a id="ember140" href="#/salesreturns" class="ember-view nav-link"&gt;ΓÇª&lt;/a&gt;</Text>
      </RunInfo>
      <RunInfo computerName="DESKTOP-RSFFHJT" outcome="Warning" timestamp="2025-05-01T21:13:17.1622346-04:00">
        <Text>2025-05-02T01:13:17.161Z pw:api attempting click action</Text>
      </RunInfo>
      <RunInfo computerName="DESKTOP-RSFFHJT" outcome="Warning" timestamp="2025-05-01T21:13:17.1622522-04:00">
        <Text>2025-05-02T01:13:17.161Z pw:api   waiting for element to be visible, enabled and stable</Text>
      </RunInfo>
      <RunInfo computerName="DESKTOP-RSFFHJT" outcome="Warning" timestamp="2025-05-01T21:13:17.1805175-04:00">
        <Text>2025-05-02T01:13:17.179Z pw:api   element is visible, enabled and stable</Text>
      </RunInfo>
      <RunInfo computerName="DESKTOP-RSFFHJT" outcome="Warning" timestamp="2025-05-01T21:13:17.1805292-04:00">
        <Text>2025-05-02T01:13:17.179Z pw:api   scrolling into view if needed</Text>
      </RunInfo>
      <RunInfo computerName="DESKTOP-RSFFHJT" outcome="Warning" timestamp="2025-05-01T21:13:17.1808527-04:00">
        <Text>2025-05-02T01:13:17.179Z pw:api   done scrolling</Text>
      </RunInfo>
      <RunInfo computerName="DESKTOP-RSFFHJT" outcome="Warning" timestamp="2025-05-01T21:13:17.1827495-04:00">
        <Text>2025-05-02T01:13:17.181Z pw:api   performing click action</Text>
      </RunInfo>
      <RunInfo computerName="DESKTOP-RSFFHJT" outcome="Warning" timestamp="2025-05-01T21:13:17.2023486-04:00">
        <Text>2025-05-02T01:13:17.201Z pw:api   click action done</Text>
      </RunInfo>
      <RunInfo computerName="DESKTOP-RSFFHJT" outcome="Warning" timestamp="2025-05-01T21:13:17.2023580-04:00">
        <Text>2025-05-02T01:13:17.201Z pw:api   waiting for scheduled navigations to finish</Text>
      </RunInfo>
      <RunInfo computerName="DESKTOP-RSFFHJT" outcome="Warning" timestamp="2025-05-01T21:13:17.2025851-04:00">
        <Text>2025-05-02T01:13:17.201Z pw:api   navigations have finished</Text>
      </RunInfo>
      <RunInfo computerName="DESKTOP-RSFFHJT" outcome="Warning" timestamp="2025-05-01T21:13:17.2055707-04:00">
        <Text>2025-05-02T01:13:17.204Z pw:api waiting for Locator("div[id='main-nav-tab'] a[id*='ember'][class$='nav-link'], div[id='main-nav-tab']  a[id*='ember'][class$='nav-link ']").First</Text>
      </RunInfo>
      <RunInfo computerName="DESKTOP-RSFFHJT" outcome="Warning" timestamp="2025-05-01T21:13:17.2068823-04:00">
        <Text>2025-05-02T01:13:17.205Z pw:api   locator resolved to &lt;a id="ember79" href="#/home" class="ember-view active ember-transitioning-out nav-link"&gt;ΓÇª&lt;/a&gt;</Text>
      </RunInfo>
      <RunInfo computerName="DESKTOP-RSFFHJT" outcome="Warning" timestamp="2025-05-01T21:13:17.2072792-04:00">
        <Text>2025-05-02T01:13:17.206Z pw:api waiting for Locator("div[id='main-nav-tab'] a[id*='ember'][class$='nav-link'], div[id='main-nav-tab']  a[id*='ember'][class$='nav-link ']").Nth(1)</Text>
      </RunInfo>
      <RunInfo computerName="DESKTOP-RSFFHJT" outcome="Warning" timestamp="2025-05-01T21:13:17.2086800-04:00">
        <Text>2025-05-02T01:13:17.207Z pw:api   locator resolved to &lt;a id="ember82" class="collapsed ember-view nav-link "&gt;ΓÇª&lt;/a&gt;</Text>
      </RunInfo>
      <RunInfo computerName="DESKTOP-RSFFHJT" outcome="Warning" timestamp="2025-05-01T21:13:17.2092135-04:00">
        <Text>2025-05-02T01:13:17.208Z pw:api waiting for Locator("div[id='main-nav-tab'] a[id*='ember'][class$='nav-link'], div[id='main-nav-tab']  a[id*='ember'][class$='nav-link ']").Nth(2)</Text>
      </RunInfo>
      <RunInfo computerName="DESKTOP-RSFFHJT" outcome="Warning" timestamp="2025-05-01T21:13:17.2104511-04:00">
        <Text>2025-05-02T01:13:17.209Z pw:api   locator resolved to &lt;a id="ember86" href="#/inventory/items" class="ember-view nav-link"&gt;ΓÇª&lt;/a&gt;</Text>
      </RunInfo>
      <RunInfo computerName="DESKTOP-RSFFHJT" outcome="Warning" timestamp="2025-05-01T21:13:17.2108135-04:00">
        <Text>2025-05-02T01:13:17.209Z pw:api waiting for Locator("div[id='main-nav-tab'] a[id*='ember'][class$='nav-link'], div[id='main-nav-tab']  a[id*='ember'][class$='nav-link ']").Nth(3)</Text>
      </RunInfo>
      <RunInfo computerName="DESKTOP-RSFFHJT" outcome="Warning" timestamp="2025-05-01T21:13:17.2139246-04:00">
        <Text>2025-05-02T01:13:17.211Z pw:api   locator resolved to &lt;a id="ember91" class="ember-view nav-link" href="#/inventory/itemgroups"&gt;ΓÇª&lt;/a&gt;</Text>
      </RunInfo>
      <RunInfo computerName="DESKTOP-RSFFHJT" outcome="Warning" timestamp="2025-05-01T21:13:17.2146256-04:00">
        <Text>2025-05-02T01:13:17.213Z pw:api waiting for Locator("div[id='main-nav-tab'] a[id*='ember'][class$='nav-link'], div[id='main-nav-tab']  a[id*='ember'][class$='nav-link ']").Nth(4)</Text>
      </RunInfo>
      <RunInfo computerName="DESKTOP-RSFFHJT" outcome="Warning" timestamp="2025-05-01T21:13:17.2164002-04:00">
        <Text>2025-05-02T01:13:17.215Z pw:api   locator resolved to &lt;a id="ember97" class="ember-view nav-link" href="#/inventory/adjustments"&gt;ΓÇª&lt;/a&gt;</Text>
      </RunInfo>
      <RunInfo computerName="DESKTOP-RSFFHJT" outcome="Warning" timestamp="2025-05-01T21:13:17.2168652-04:00">
        <Text>2025-05-02T01:13:17.215Z pw:api waiting for Locator("div[id='main-nav-tab'] a[id*='ember'][class$='nav-link'], div[id='main-nav-tab']  a[id*='ember'][class$='nav-link ']").Nth(5)</Text>
      </RunInfo>
      <RunInfo computerName="DESKTOP-RSFFHJT" outcome="Warning" timestamp="2025-05-01T21:13:17.2181578-04:00">
        <Text>2025-05-02T01:13:17.217Z pw:api   locator resolved to &lt;a id="ember108" href="#/contacts" class="ember-view nav-link"&gt;ΓÇª&lt;/a&gt;</Text>
      </RunInfo>
      <RunInfo computerName="DESKTOP-RSFFHJT" outcome="Warning" timestamp="2025-05-01T21:13:17.2187710-04:00">
        <Text>2025-05-02T01:13:17.217Z pw:api waiting for Locator("div[id='main-nav-tab'] a[id*='ember'][class$='nav-link'], div[id='main-nav-tab']  a[id*='ember'][class$='nav-link ']").Nth(6)</Text>
      </RunInfo>
      <RunInfo computerName="DESKTOP-RSFFHJT" outcome="Warning" timestamp="2025-05-01T21:13:17.2200537-04:00">
        <Text>2025-05-02T01:13:17.219Z pw:api   locator resolved to &lt;a id="ember114" href="#/salesorders" class="ember-view nav-link"&gt;ΓÇª&lt;/a&gt;</Text>
      </RunInfo>
      <RunInfo computerName="DESKTOP-RSFFHJT" outcome="Warning" timestamp="2025-05-01T21:13:17.2206045-04:00">
        <Text>2025-05-02T01:13:17.219Z pw:api waiting for Locator("div[id='main-nav-tab'] a[id*='ember'][class$='nav-link'], div[id='main-nav-tab']  a[id*='ember'][class$='nav-link ']").Nth(7)</Text>
      </RunInfo>
      <RunInfo computerName="DESKTOP-RSFFHJT" outcome="Warning" timestamp="2025-05-01T21:13:17.2219709-04:00">
        <Text>2025-05-02T01:13:17.221Z pw:api   locator resolved to &lt;a id="ember121" href="#/packages" class="ember-view nav-link"&gt;ΓÇª&lt;/a&gt;</Text>
      </RunInfo>
      <RunInfo computerName="DESKTOP-RSFFHJT" outcome="Warning" timestamp="2025-05-01T21:13:17.2223930-04:00">
        <Text>2025-05-02T01:13:17.221Z pw:api waiting for Locator("div[id='main-nav-tab'] a[id*='ember'][class$='nav-link'], div[id='main-nav-tab']  a[id*='ember'][class$='nav-link ']").Nth(8)</Text>
      </RunInfo>
      <RunInfo computerName="DESKTOP-RSFFHJT" outcome="Warning" timestamp="2025-05-01T21:13:17.2236683-04:00">
        <Text>2025-05-02T01:13:17.222Z pw:api   locator resolved to &lt;a id="ember125" href="#/shipments" class="ember-view nav-link"&gt;ΓÇª&lt;/a&gt;</Text>
      </RunInfo>
      <RunInfo computerName="DESKTOP-RSFFHJT" outcome="Warning" timestamp="2025-05-01T21:13:17.2243267-04:00">
        <Text>2025-05-02T01:13:17.223Z pw:api waiting for Locator("div[id='main-nav-tab'] a[id*='ember'][class$='nav-link'], div[id='main-nav-tab']  a[id*='ember'][class$='nav-link ']").Nth(9)</Text>
      </RunInfo>
      <RunInfo computerName="DESKTOP-RSFFHJT" outcome="Warning" timestamp="2025-05-01T21:13:17.2258310-04:00">
        <Text>2025-05-02T01:13:17.224Z pw:api   locator resolved to &lt;a id="ember129" href="#/invoices" class="ember-view nav-link"&gt;ΓÇª&lt;/a&gt;</Text>
      </RunInfo>
      <RunInfo computerName="DESKTOP-RSFFHJT" outcome="Warning" timestamp="2025-05-01T21:13:17.2262644-04:00">
        <Text>2025-05-02T01:13:17.225Z pw:api waiting for Locator("div[id='main-nav-tab'] a[id*='ember'][class$='nav-link'], div[id='main-nav-tab']  a[id*='ember'][class$='nav-link ']").Nth(10)</Text>
      </RunInfo>
      <RunInfo computerName="DESKTOP-RSFFHJT" outcome="Warning" timestamp="2025-05-01T21:13:17.2274412-04:00">
        <Text>2025-05-02T01:13:17.226Z pw:api   locator resolved to &lt;a id="ember134" href="#/paymentsreceived" class="ember-view nav-link"&gt;ΓÇª&lt;/a&gt;</Text>
      </RunInfo>
      <RunInfo computerName="DESKTOP-RSFFHJT" outcome="Warning" timestamp="2025-05-01T21:13:17.2278169-04:00">
        <Text>2025-05-02T01:13:17.226Z pw:api waiting for Locator("div[id='main-nav-tab'] a[id*='ember'][class$='nav-link'], div[id='main-nav-tab']  a[id*='ember'][class$='nav-link ']").Nth(11)</Text>
      </RunInfo>
      <RunInfo computerName="DESKTOP-RSFFHJT" outcome="Warning" timestamp="2025-05-01T21:13:17.2290199-04:00">
        <Text>2025-05-02T01:13:17.228Z pw:api   locator resolved to &lt;a id="ember140" href="#/salesreturns" class="ember-view ember-transitioning-in nav-link"&gt;ΓÇª&lt;/a&gt;</Text>
      </RunInfo>
      <RunInfo computerName="DESKTOP-RSFFHJT" outcome="Warning" timestamp="2025-05-01T21:13:17.2295962-04:00">
        <Text>2025-05-02T01:13:17.228Z pw:api waiting for Locator("div[id='main-nav-tab'] a[id*='ember'][class$='nav-link'], div[id='main-nav-tab']  a[id*='ember'][class$='nav-link ']").Nth(12)</Text>
      </RunInfo>
      <RunInfo computerName="DESKTOP-RSFFHJT" outcome="Warning" timestamp="2025-05-01T21:13:17.2321575-04:00">
        <Text>2025-05-02T01:13:17.231Z pw:api   locator resolved to &lt;a id="ember143" href="#/creditnotes" class="ember-view nav-link"&gt;ΓÇª&lt;/a&gt;</Text>
      </RunInfo>
      <RunInfo computerName="DESKTOP-RSFFHJT" outcome="Warning" timestamp="2025-05-01T21:13:17.2329186-04:00">
        <Text>2025-05-02T01:13:17.231Z pw:api waiting for Locator("div[id='main-nav-tab'] a[id*='ember'][class$='nav-link'], div[id='main-nav-tab']  a[id*='ember'][class$='nav-link ']").Nth(13)</Text>
      </RunInfo>
      <RunInfo computerName="DESKTOP-RSFFHJT" outcome="Warning" timestamp="2025-05-01T21:13:17.2343944-04:00">
        <Text>2025-05-02T01:13:17.233Z pw:api   locator resolved to &lt;a id="ember147" class="collapsed ember-view nav-link "&gt;ΓÇª&lt;/a&gt;</Text>
      </RunInfo>
      <RunInfo computerName="DESKTOP-RSFFHJT" outcome="Warning" timestamp="2025-05-01T21:13:17.2349741-04:00">
        <Text>2025-05-02T01:13:17.234Z pw:api waiting for Locator("div[id='main-nav-tab'] a[id*='ember'][class$='nav-link'], div[id='main-nav-tab']  a[id*='ember'][class$='nav-link ']").Nth(14)</Text>
      </RunInfo>
      <RunInfo computerName="DESKTOP-RSFFHJT" outcome="Warning" timestamp="2025-05-01T21:13:17.2363245-04:00">
        <Text>2025-05-02T01:13:17.235Z pw:api   locator resolved to &lt;a id="ember151" href="#/vendors" class="ember-view nav-link"&gt;ΓÇª&lt;/a&gt;</Text>
      </RunInfo>
      <RunInfo computerName="DESKTOP-RSFFHJT" outcome="Warning" timestamp="2025-05-01T21:13:17.2369294-04:00">
        <Text>2025-05-02T01:13:17.236Z pw:api waiting for Locator("div[id='main-nav-tab'] a[id*='ember'][class$='nav-link'], div[id='main-nav-tab']  a[id*='ember'][class$='nav-link ']").Nth(15)</Text>
      </RunInfo>
      <RunInfo computerName="DESKTOP-RSFFHJT" outcome="Warning" timestamp="2025-05-01T21:13:17.2381921-04:00">
        <Text>2025-05-02T01:13:17.237Z pw:api   locator resolved to &lt;a id="ember155" href="#/expenses" class="ember-view nav-link"&gt;ΓÇª&lt;/a&gt;</Text>
      </RunInfo>
      <RunInfo computerName="DESKTOP-RSFFHJT" outcome="Warning" timestamp="2025-05-01T21:13:17.2386125-04:00">
        <Text>2025-05-02T01:13:17.237Z pw:api waiting for Locator("div[id='main-nav-tab'] a[id*='ember'][class$='nav-link'], div[id='main-nav-tab']  a[id*='ember'][class$='nav-link ']").Nth(16)</Text>
      </RunInfo>
      <RunInfo computerName="DESKTOP-RSFFHJT" outcome="Warning" timestamp="2025-05-01T21:13:17.2396936-04:00">
        <Text>2025-05-02T01:13:17.238Z pw:api   locator resolved to &lt;a id="ember159" href="#/purchaseorders" class="ember-view nav-link"&gt;ΓÇª&lt;/a&gt;</Text>
      </RunInfo>
      <RunInfo computerName="DESKTOP-RSFFHJT" outcome="Warning" timestamp="2025-05-01T21:13:17.2400596-04:00">
        <Text>2025-05-02T01:13:17.239Z pw:api waiting for Locator("div[id='main-nav-tab'] a[id*='ember'][class$='nav-link'], div[id='main-nav-tab']  a[id*='ember'][class$='nav-link ']").Nth(17)</Text>
      </RunInfo>
      <RunInfo computerName="DESKTOP-RSFFHJT" outcome="Warning" timestamp="2025-05-01T21:13:17.2414645-04:00">
        <Text>2025-05-02T01:13:17.240Z pw:api   locator resolved to &lt;a id="ember163" href="#/purchasereceives" class="ember-view nav-link"&gt;ΓÇª&lt;/a&gt;</Text>
      </RunInfo>
      <RunInfo computerName="DESKTOP-RSFFHJT" outcome="Warning" timestamp="2025-05-01T21:13:17.2420365-04:00">
        <Text>2025-05-02T01:13:17.241Z pw:api waiting for Locator("div[id='main-nav-tab'] a[id*='ember'][class$='nav-link'], div[id='main-nav-tab']  a[id*='ember'][class$='nav-link ']").Nth(18)</Text>
      </RunInfo>
      <RunInfo computerName="DESKTOP-RSFFHJT" outcome="Warning" timestamp="2025-05-01T21:13:17.2431977-04:00">
        <Text>2025-05-02T01:13:17.242Z pw:api   locator resolved to &lt;a id="ember168" href="#/bills" class="ember-view nav-link"&gt;ΓÇª&lt;/a&gt;</Text>
      </RunInfo>
      <RunInfo computerName="DESKTOP-RSFFHJT" outcome="Warning" timestamp="2025-05-01T21:13:17.2436428-04:00">
        <Text>2025-05-02T01:13:17.242Z pw:api waiting for Locator("div[id='main-nav-tab'] a[id*='ember'][class$='nav-link'], div[id='main-nav-tab']  a[id*='ember'][class$='nav-link ']").Nth(19)</Text>
      </RunInfo>
      <RunInfo computerName="DESKTOP-RSFFHJT" outcome="Warning" timestamp="2025-05-01T21:13:17.2447298-04:00">
        <Text>2025-05-02T01:13:17.243Z pw:api   locator resolved to &lt;a id="ember172" href="#/paymentsmade" class="ember-view nav-link"&gt;ΓÇª&lt;/a&gt;</Text>
      </RunInfo>
      <RunInfo computerName="DESKTOP-RSFFHJT" outcome="Warning" timestamp="2025-05-01T21:13:17.2451104-04:00">
        <Text>2025-05-02T01:13:17.244Z pw:api waiting for Locator("div[id='main-nav-tab'] a[id*='ember'][class$='nav-link'], div[id='main-nav-tab']  a[id*='ember'][class$='nav-link ']").Nth(20)</Text>
      </RunInfo>
      <RunInfo computerName="DESKTOP-RSFFHJT" outcome="Warning" timestamp="2025-05-01T21:13:17.2465945-04:00">
        <Text>2025-05-02T01:13:17.245Z pw:api   locator resolved to &lt;a id="ember177" href="#/vendorcredits" class="ember-view nav-link"&gt;ΓÇª&lt;/a&gt;</Text>
      </RunInfo>
      <RunInfo computerName="DESKTOP-RSFFHJT" outcome="Warning" timestamp="2025-05-01T21:13:17.2471941-04:00">
        <Text>2025-05-02T01:13:17.246Z pw:api waiting for Locator("div[id='main-nav-tab'] a[id*='ember'][class$='nav-link'], div[id='main-nav-tab']  a[id*='ember'][class$='nav-link ']").Nth(21)</Text>
      </RunInfo>
      <RunInfo computerName="DESKTOP-RSFFHJT" outcome="Warning" timestamp="2025-05-01T21:13:17.2488880-04:00">
        <Text>2025-05-02T01:13:17.247Z pw:api   locator resolved to &lt;a id="ember181" class="ember-view nav-link" href="#/settings/integrations"&gt;ΓÇª&lt;/a&gt;</Text>
      </RunInfo>
      <RunInfo computerName="DESKTOP-RSFFHJT" outcome="Warning" timestamp="2025-05-01T21:13:17.2495036-04:00">
        <Text>2025-05-02T01:13:17.248Z pw:api waiting for Locator("div[id='main-nav-tab'] a[id*='ember'][class$='nav-link'], div[id='main-nav-tab']  a[id*='ember'][class$='nav-link ']").Nth(22)</Text>
      </RunInfo>
      <RunInfo computerName="DESKTOP-RSFFHJT" outcome="Warning" timestamp="2025-05-01T21:13:17.2507223-04:00">
        <Text>2025-05-02T01:13:17.249Z pw:api   locator resolved to &lt;a id="ember184" href="#/reports" class="ember-view nav-link"&gt;ΓÇª&lt;/a&gt;</Text>
      </RunInfo>
      <RunInfo computerName="DESKTOP-RSFFHJT" outcome="Warning" timestamp="2025-05-01T21:13:17.2511414-04:00">
        <Text>2025-05-02T01:13:17.250Z pw:api waiting for Locator("div[id='main-nav-tab'] a[id*='ember'][class$='nav-link'], div[id='main-nav-tab']  a[id*='ember'][class$='nav-link ']").Nth(23)</Text>
      </RunInfo>
      <RunInfo computerName="DESKTOP-RSFFHJT" outcome="Warning" timestamp="2025-05-01T21:13:17.2523219-04:00">
        <Text>2025-05-02T01:13:17.251Z pw:api   locator resolved to &lt;a id="ember187" href="#/documents/inbox" class="ember-view nav-link"&gt;ΓÇª&lt;/a&gt;</Text>
      </RunInfo>
      <RunInfo computerName="DESKTOP-RSFFHJT" outcome="Warning" timestamp="2025-05-01T21:13:17.2527650-04:00">
        <Text>2025-05-02T01:13:17.251Z pw:api waiting for Locator("div[id='main-nav-tab'] a[id*='ember'][class$='nav-link'], div[id='main-nav-tab']  a[id*='ember'][class$='nav-link ']").Nth(12)</Text>
      </RunInfo>
      <RunInfo computerName="DESKTOP-RSFFHJT" outcome="Warning" timestamp="2025-05-01T21:13:17.2544617-04:00">
        <Text>2025-05-02T01:13:17.253Z pw:api   locator resolved to &lt;a id="ember143" href="#/creditnotes" class="ember-view nav-link"&gt;ΓÇª&lt;/a&gt;</Text>
      </RunInfo>
      <RunInfo computerName="DESKTOP-RSFFHJT" outcome="Warning" timestamp="2025-05-01T21:13:17.2550063-04:00">
        <Text>2025-05-02T01:13:17.254Z pw:api attempting click action</Text>
      </RunInfo>
      <RunInfo computerName="DESKTOP-RSFFHJT" outcome="Warning" timestamp="2025-05-01T21:13:17.2550297-04:00">
        <Text>2025-05-02T01:13:17.254Z pw:api   waiting for element to be visible, enabled and stable</Text>
      </RunInfo>
      <RunInfo computerName="DESKTOP-RSFFHJT" outcome="Warning" timestamp="2025-05-01T21:13:17.2804159-04:00">
        <Text>2025-05-02T01:13:17.279Z pw:api   element is visible, enabled and stable</Text>
      </RunInfo>
      <RunInfo computerName="DESKTOP-RSFFHJT" outcome="Warning" timestamp="2025-05-01T21:13:17.2804220-04:00">
        <Text>2025-05-02T01:13:17.279Z pw:api   scrolling into view if needed</Text>
      </RunInfo>
      <RunInfo computerName="DESKTOP-RSFFHJT" outcome="Warning" timestamp="2025-05-01T21:13:17.2806234-04:00">
        <Text>2025-05-02T01:13:17.279Z pw:api   done scrolling</Text>
      </RunInfo>
      <RunInfo computerName="DESKTOP-RSFFHJT" outcome="Warning" timestamp="2025-05-01T21:13:17.2823945-04:00">
        <Text>2025-05-02T01:13:17.281Z pw:api   performing click action</Text>
      </RunInfo>
      <RunInfo computerName="DESKTOP-RSFFHJT" outcome="Warning" timestamp="2025-05-01T21:13:17.2958262-04:00">
        <Text>2025-05-02T01:13:17.294Z pw:api   click action done</Text>
      </RunInfo>
      <RunInfo computerName="DESKTOP-RSFFHJT" outcome="Warning" timestamp="2025-05-01T21:13:17.2958349-04:00">
        <Text>2025-05-02T01:13:17.294Z pw:api   waiting for scheduled navigations to finish</Text>
      </RunInfo>
      <RunInfo computerName="DESKTOP-RSFFHJT" outcome="Warning" timestamp="2025-05-01T21:13:17.2959951-04:00">
        <Text>2025-05-02T01:13:17.294Z pw:api   navigations have finished</Text>
      </RunInfo>
      <RunInfo computerName="DESKTOP-RSFFHJT" outcome="Warning" timestamp="2025-05-01T21:13:17.3846548-04:00">
        <Text>2025-05-02T01:13:17.383Z pw:api navigating to "https://www.zoho.com/ca/inventory/inventory-software-demo/#/home/inventory-dashboard", waiting until "load"</Text>
      </RunInfo>
      <RunInfo computerName="DESKTOP-RSFFHJT" outcome="Warning" timestamp="2025-05-01T21:13:17.5180088-04:00">
        <Text>2025-05-02T01:13:17.516Z pw:api   "commit" event fired</Text>
      </RunInfo>
      <RunInfo computerName="DESKTOP-RSFFHJT" outcome="Warning" timestamp="2025-05-01T21:13:17.5180157-04:00">
        <Text>2025-05-02T01:13:17.516Z pw:api   navigated to "https://www.zoho.com/ca/inventory/inventory-software-demo/#/home/inventory-dashboard"</Text>
      </RunInfo>
      <RunInfo computerName="DESKTOP-RSFFHJT" outcome="Warning" timestamp="2025-05-01T21:13:19.2357073-04:00">
        <Text>2025-05-02T01:13:19.234Z pw:api   "networkidle" event fired</Text>
      </RunInfo>
      <RunInfo computerName="DESKTOP-RSFFHJT" outcome="Warning" timestamp="2025-05-01T21:13:19.6505944-04:00">
        <Text>2025-05-02T01:13:19.649Z pw:api   "domcontentloaded" event fired</Text>
      </RunInfo>
      <RunInfo computerName="DESKTOP-RSFFHJT" outcome="Warning" timestamp="2025-05-01T21:13:20.3846306-04:00">
        <Text>2025-05-02T01:13:20.383Z pw:api   "load" event fired</Text>
      </RunInfo>
      <RunInfo computerName="DESKTOP-RSFFHJT" outcome="Warning" timestamp="2025-05-01T21:13:20.4034810-04:00">
        <Text>2025-05-02T01:13:20.402Z pw:api waiting for Locator("div[id='main-nav-tab'] a[id*='ember'][class$='nav-link'], div[id='main-nav-tab']  a[id*='ember'][class$='nav-link ']").First</Text>
      </RunInfo>
      <RunInfo computerName="DESKTOP-RSFFHJT" outcome="Warning" timestamp="2025-05-01T21:13:20.4057905-04:00">
        <Text>2025-05-02T01:13:20.404Z pw:api   locator resolved to &lt;a id="ember79" href="#/home" class="ember-view active nav-link"&gt;ΓÇª&lt;/a&gt;</Text>
      </RunInfo>
      <RunInfo computerName="DESKTOP-RSFFHJT" outcome="Warning" timestamp="2025-05-01T21:13:20.4064651-04:00">
        <Text>2025-05-02T01:13:20.405Z pw:api waiting for Locator("div[id='main-nav-tab'] a[id*='ember'][class$='nav-link'], div[id='main-nav-tab']  a[id*='ember'][class$='nav-link ']").Nth(1)</Text>
      </RunInfo>
      <RunInfo computerName="DESKTOP-RSFFHJT" outcome="Warning" timestamp="2025-05-01T21:13:20.4085032-04:00">
        <Text>2025-05-02T01:13:20.407Z pw:api   locator resolved to &lt;a id="ember82" class="collapsed ember-view nav-link "&gt;ΓÇª&lt;/a&gt;</Text>
      </RunInfo>
      <RunInfo computerName="DESKTOP-RSFFHJT" outcome="Warning" timestamp="2025-05-01T21:13:20.4090049-04:00">
        <Text>2025-05-02T01:13:20.408Z pw:api waiting for Locator("div[id='main-nav-tab'] a[id*='ember'][class$='nav-link'], div[id='main-nav-tab']  a[id*='ember'][class$='nav-link ']").Nth(2)</Text>
      </RunInfo>
      <RunInfo computerName="DESKTOP-RSFFHJT" outcome="Warning" timestamp="2025-05-01T21:13:20.4109552-04:00">
        <Text>2025-05-02T01:13:20.410Z pw:api   locator resolved to &lt;a id="ember86" href="#/inventory/items" class="ember-view nav-link"&gt;ΓÇª&lt;/a&gt;</Text>
      </RunInfo>
      <RunInfo computerName="DESKTOP-RSFFHJT" outcome="Warning" timestamp="2025-05-01T21:13:20.4114190-04:00">
        <Text>2025-05-02T01:13:20.410Z pw:api waiting for Locator("div[id='main-nav-tab'] a[id*='ember'][class$='nav-link'], div[id='main-nav-tab']  a[id*='ember'][class$='nav-link ']").Nth(3)</Text>
      </RunInfo>
      <RunInfo computerName="DESKTOP-RSFFHJT" outcome="Warning" timestamp="2025-05-01T21:13:20.4136023-04:00">
        <Text>2025-05-02T01:13:20.412Z pw:api   locator resolved to &lt;a id="ember91" class="ember-view nav-link" href="#/inventory/itemgroups"&gt;ΓÇª&lt;/a&gt;</Text>
      </RunInfo>
      <RunInfo computerName="DESKTOP-RSFFHJT" outcome="Warning" timestamp="2025-05-01T21:13:20.4142917-04:00">
        <Text>2025-05-02T01:13:20.413Z pw:api waiting for Locator("div[id='main-nav-tab'] a[id*='ember'][class$='nav-link'], div[id='main-nav-tab']  a[id*='ember'][class$='nav-link ']").Nth(4)</Text>
      </RunInfo>
      <RunInfo computerName="DESKTOP-RSFFHJT" outcome="Warning" timestamp="2025-05-01T21:13:20.4162894-04:00">
        <Text>2025-05-02T01:13:20.415Z pw:api   locator resolved to &lt;a id="ember97" class="ember-view nav-link" href="#/inventory/adjustments"&gt;ΓÇª&lt;/a&gt;</Text>
      </RunInfo>
      <RunInfo computerName="DESKTOP-RSFFHJT" outcome="Warning" timestamp="2025-05-01T21:13:20.4168595-04:00">
        <Text>2025-05-02T01:13:20.415Z pw:api waiting for Locator("div[id='main-nav-tab'] a[id*='ember'][class$='nav-link'], div[id='main-nav-tab']  a[id*='ember'][class$='nav-link ']").Nth(5)</Text>
      </RunInfo>
      <RunInfo computerName="DESKTOP-RSFFHJT" outcome="Warning" timestamp="2025-05-01T21:13:20.4185303-04:00">
        <Text>2025-05-02T01:13:20.417Z pw:api   locator resolved to &lt;a id="ember104" class="collapsed ember-view nav-link "&gt;ΓÇª&lt;/a&gt;</Text>
      </RunInfo>
      <RunInfo computerName="DESKTOP-RSFFHJT" outcome="Warning" timestamp="2025-05-01T21:13:20.4190372-04:00">
        <Text>2025-05-02T01:13:20.418Z pw:api waiting for Locator("div[id='main-nav-tab'] a[id*='ember'][class$='nav-link'], div[id='main-nav-tab']  a[id*='ember'][class$='nav-link ']").Nth(6)</Text>
      </RunInfo>
      <RunInfo computerName="DESKTOP-RSFFHJT" outcome="Warning" timestamp="2025-05-01T21:13:20.4207100-04:00">
        <Text>2025-05-02T01:13:20.419Z pw:api   locator resolved to &lt;a id="ember108" href="#/contacts" class="ember-view nav-link"&gt;ΓÇª&lt;/a&gt;</Text>
      </RunInfo>
      <RunInfo computerName="DESKTOP-RSFFHJT" outcome="Warning" timestamp="2025-05-01T21:13:20.4213302-04:00">
        <Text>2025-05-02T01:13:20.420Z pw:api waiting for Locator("div[id='main-nav-tab'] a[id*='ember'][class$='nav-link'], div[id='main-nav-tab']  a[id*='ember'][class$='nav-link ']").Nth(7)</Text>
      </RunInfo>
      <RunInfo computerName="DESKTOP-RSFFHJT" outcome="Warning" timestamp="2025-05-01T21:13:20.4228909-04:00">
        <Text>2025-05-02T01:13:20.421Z pw:api   locator resolved to &lt;a id="ember114" href="#/salesorders" class="ember-view nav-link"&gt;ΓÇª&lt;/a&gt;</Text>
      </RunInfo>
      <RunInfo computerName="DESKTOP-RSFFHJT" outcome="Warning" timestamp="2025-05-01T21:13:20.4233981-04:00">
        <Text>2025-05-02T01:13:20.422Z pw:api waiting for Locator("div[id='main-nav-tab'] a[id*='ember'][class$='nav-link'], div[id='main-nav-tab']  a[id*='ember'][class$='nav-link ']").Nth(8)</Text>
      </RunInfo>
      <RunInfo computerName="DESKTOP-RSFFHJT" outcome="Warning" timestamp="2025-05-01T21:13:20.4248842-04:00">
        <Text>2025-05-02T01:13:20.423Z pw:api   locator resolved to &lt;a id="ember121" href="#/packages" class="ember-view nav-link"&gt;ΓÇª&lt;/a&gt;</Text>
      </RunInfo>
      <RunInfo computerName="DESKTOP-RSFFHJT" outcome="Warning" timestamp="2025-05-01T21:13:20.4253009-04:00">
        <Text>2025-05-02T01:13:20.424Z pw:api waiting for Locator("div[id='main-nav-tab'] a[id*='ember'][class$='nav-link'], div[id='main-nav-tab']  a[id*='ember'][class$='nav-link ']").Nth(9)</Text>
      </RunInfo>
      <RunInfo computerName="DESKTOP-RSFFHJT" outcome="Warning" timestamp="2025-05-01T21:13:20.4268527-04:00">
        <Text>2025-05-02T01:13:20.425Z pw:api   locator resolved to &lt;a id="ember125" href="#/shipments" class="ember-view nav-link"&gt;ΓÇª&lt;/a&gt;</Text>
      </RunInfo>
      <RunInfo computerName="DESKTOP-RSFFHJT" outcome="Warning" timestamp="2025-05-01T21:13:20.4272576-04:00">
        <Text>2025-05-02T01:13:20.426Z pw:api waiting for Locator("div[id='main-nav-tab'] a[id*='ember'][class$='nav-link'], div[id='main-nav-tab']  a[id*='ember'][class$='nav-link ']").Nth(10)</Text>
      </RunInfo>
      <RunInfo computerName="DESKTOP-RSFFHJT" outcome="Warning" timestamp="2025-05-01T21:13:20.4290828-04:00">
        <Text>2025-05-02T01:13:20.428Z pw:api   locator resolved to &lt;a id="ember129" href="#/invoices" class="ember-view nav-link"&gt;ΓÇª&lt;/a&gt;</Text>
      </RunInfo>
      <RunInfo computerName="DESKTOP-RSFFHJT" outcome="Warning" timestamp="2025-05-01T21:13:20.4297758-04:00">
        <Text>2025-05-02T01:13:20.428Z pw:api waiting for Locator("div[id='main-nav-tab'] a[id*='ember'][class$='nav-link'], div[id='main-nav-tab']  a[id*='ember'][class$='nav-link ']").Nth(11)</Text>
      </RunInfo>
      <RunInfo computerName="DESKTOP-RSFFHJT" outcome="Warning" timestamp="2025-05-01T21:13:20.4322071-04:00">
        <Text>2025-05-02T01:13:20.431Z pw:api   locator resolved to &lt;a id="ember134" href="#/paymentsreceived" class="ember-view nav-link"&gt;ΓÇª&lt;/a&gt;</Text>
      </RunInfo>
      <RunInfo computerName="DESKTOP-RSFFHJT" outcome="Warning" timestamp="2025-05-01T21:13:20.4329091-04:00">
        <Text>2025-05-02T01:13:20.431Z pw:api waiting for Locator("div[id='main-nav-tab'] a[id*='ember'][class$='nav-link'], div[id='main-nav-tab']  a[id*='ember'][class$='nav-link ']").Nth(12)</Text>
      </RunInfo>
      <RunInfo computerName="DESKTOP-RSFFHJT" outcome="Warning" timestamp="2025-05-01T21:13:20.4346164-04:00">
        <Text>2025-05-02T01:13:20.433Z pw:api   locator resolved to &lt;a id="ember140" href="#/salesreturns" class="ember-view nav-link"&gt;ΓÇª&lt;/a&gt;</Text>
      </RunInfo>
      <RunInfo computerName="DESKTOP-RSFFHJT" outcome="Warning" timestamp="2025-05-01T21:13:20.4351860-04:00">
        <Text>2025-05-02T01:13:20.434Z pw:api waiting for Locator("div[id='main-nav-tab'] a[id*='ember'][class$='nav-link'], div[id='main-nav-tab']  a[id*='ember'][class$='nav-link ']").Nth(13)</Text>
      </RunInfo>
      <RunInfo computerName="DESKTOP-RSFFHJT" outcome="Warning" timestamp="2025-05-01T21:13:20.4370406-04:00">
        <Text>2025-05-02T01:13:20.436Z pw:api   locator resolved to &lt;a id="ember143" href="#/creditnotes" class="ember-view nav-link"&gt;ΓÇª&lt;/a&gt;</Text>
      </RunInfo>
      <RunInfo computerName="DESKTOP-RSFFHJT" outcome="Warning" timestamp="2025-05-01T21:13:20.4373746-04:00">
        <Text>2025-05-02T01:13:20.436Z pw:api waiting for Locator("div[id='main-nav-tab'] a[id*='ember'][class$='nav-link'], div[id='main-nav-tab']  a[id*='ember'][class$='nav-link ']").Nth(14)</Text>
      </RunInfo>
      <RunInfo computerName="DESKTOP-RSFFHJT" outcome="Warning" timestamp="2025-05-01T21:13:20.4387161-04:00">
        <Text>2025-05-02T01:13:20.437Z pw:api   locator resolved to &lt;a id="ember147" class="collapsed ember-view nav-link "&gt;ΓÇª&lt;/a&gt;</Text>
      </RunInfo>
      <RunInfo computerName="DESKTOP-RSFFHJT" outcome="Warning" timestamp="2025-05-01T21:13:20.4393266-04:00">
        <Text>2025-05-02T01:13:20.438Z pw:api waiting for Locator("div[id='main-nav-tab'] a[id*='ember'][class$='nav-link'], div[id='main-nav-tab']  a[id*='ember'][class$='nav-link ']").Nth(15)</Text>
      </RunInfo>
      <RunInfo computerName="DESKTOP-RSFFHJT" outcome="Warning" timestamp="2025-05-01T21:13:20.4408460-04:00">
        <Text>2025-05-02T01:13:20.439Z pw:api   locator resolved to &lt;a id="ember151" href="#/vendors" class="ember-view nav-link"&gt;ΓÇª&lt;/a&gt;</Text>
      </RunInfo>
      <RunInfo computerName="DESKTOP-RSFFHJT" outcome="Warning" timestamp="2025-05-01T21:13:20.4413442-04:00">
        <Text>2025-05-02T01:13:20.440Z pw:api waiting for Locator("div[id='main-nav-tab'] a[id*='ember'][class$='nav-link'], div[id='main-nav-tab']  a[id*='ember'][class$='nav-link ']").Nth(16)</Text>
      </RunInfo>
      <RunInfo computerName="DESKTOP-RSFFHJT" outcome="Warning" timestamp="2025-05-01T21:13:20.4498741-04:00">
        <Text>2025-05-02T01:13:20.448Z pw:api   locator resolved to &lt;a id="ember155" href="#/expenses" class="ember-view nav-link"&gt;ΓÇª&lt;/a&gt;</Text>
      </RunInfo>
      <RunInfo computerName="DESKTOP-RSFFHJT" outcome="Warning" timestamp="2025-05-01T21:13:20.4503973-04:00">
        <Text>2025-05-02T01:13:20.449Z pw:api waiting for Locator("div[id='main-nav-tab'] a[id*='ember'][class$='nav-link'], div[id='main-nav-tab']  a[id*='ember'][class$='nav-link ']").Nth(17)</Text>
      </RunInfo>
      <RunInfo computerName="DESKTOP-RSFFHJT" outcome="Warning" timestamp="2025-05-01T21:13:20.4770697-04:00">
        <Text>2025-05-02T01:13:20.475Z pw:api   locator resolved to &lt;a id="ember159" href="#/purchaseorders" class="ember-view nav-link"&gt;ΓÇª&lt;/a&gt;</Text>
      </RunInfo>
      <RunInfo computerName="DESKTOP-RSFFHJT" outcome="Warning" timestamp="2025-05-01T21:13:20.4775666-04:00">
        <Text>2025-05-02T01:13:20.476Z pw:api waiting for Locator("div[id='main-nav-tab'] a[id*='ember'][class$='nav-link'], div[id='main-nav-tab']  a[id*='ember'][class$='nav-link ']").Nth(18)</Text>
      </RunInfo>
      <RunInfo computerName="DESKTOP-RSFFHJT" outcome="Warning" timestamp="2025-05-01T21:13:20.4985376-04:00">
        <Text>2025-05-02T01:13:20.497Z pw:api   locator resolved to &lt;a id="ember163" href="#/purchasereceives" class="ember-view nav-link"&gt;ΓÇª&lt;/a&gt;</Text>
      </RunInfo>
      <RunInfo computerName="DESKTOP-RSFFHJT" outcome="Warning" timestamp="2025-05-01T21:13:20.4990988-04:00">
        <Text>2025-05-02T01:13:20.498Z pw:api waiting for Locator("div[id='main-nav-tab'] a[id*='ember'][class$='nav-link'], div[id='main-nav-tab']  a[id*='ember'][class$='nav-link ']").Nth(19)</Text>
      </RunInfo>
      <RunInfo computerName="DESKTOP-RSFFHJT" outcome="Warning" timestamp="2025-05-01T21:13:20.5050488-04:00">
        <Text>2025-05-02T01:13:20.503Z pw:api   locator resolved to &lt;a id="ember168" href="#/bills" class="ember-view nav-link"&gt;ΓÇª&lt;/a&gt;</Text>
      </RunInfo>
      <RunInfo computerName="DESKTOP-RSFFHJT" outcome="Warning" timestamp="2025-05-01T21:13:20.5057226-04:00">
        <Text>2025-05-02T01:13:20.504Z pw:api waiting for Locator("div[id='main-nav-tab'] a[id*='ember'][class$='nav-link'], div[id='main-nav-tab']  a[id*='ember'][class$='nav-link ']").Nth(20)</Text>
      </RunInfo>
      <RunInfo computerName="DESKTOP-RSFFHJT" outcome="Warning" timestamp="2025-05-01T21:13:20.5071869-04:00">
        <Text>2025-05-02T01:13:20.506Z pw:api   locator resolved to &lt;a id="ember172" href="#/paymentsmade" class="ember-view nav-link"&gt;ΓÇª&lt;/a&gt;</Text>
      </RunInfo>
      <RunInfo computerName="DESKTOP-RSFFHJT" outcome="Warning" timestamp="2025-05-01T21:13:20.5076567-04:00">
        <Text>2025-05-02T01:13:20.506Z pw:api waiting for Locator("div[id='main-nav-tab'] a[id*='ember'][class$='nav-link'], div[id='main-nav-tab']  a[id*='ember'][class$='nav-link ']").Nth(21)</Text>
      </RunInfo>
      <RunInfo computerName="DESKTOP-RSFFHJT" outcome="Warning" timestamp="2025-05-01T21:13:20.5090262-04:00">
        <Text>2025-05-02T01:13:20.508Z pw:api   locator resolved to &lt;a id="ember177" href="#/vendorcredits" class="ember-view nav-link"&gt;ΓÇª&lt;/a&gt;</Text>
      </RunInfo>
      <RunInfo computerName="DESKTOP-RSFFHJT" outcome="Warning" timestamp="2025-05-01T21:13:20.5094784-04:00">
        <Text>2025-05-02T01:13:20.508Z pw:api waiting for Locator("div[id='main-nav-tab'] a[id*='ember'][class$='nav-link'], div[id='main-nav-tab']  a[id*='ember'][class$='nav-link ']").Nth(22)</Text>
      </RunInfo>
      <RunInfo computerName="DESKTOP-RSFFHJT" outcome="Warning" timestamp="2025-05-01T21:13:20.5113336-04:00">
        <Text>2025-05-02T01:13:20.510Z pw:api   locator resolved to &lt;a id="ember181" class="ember-view nav-link" href="#/settings/integrations"&gt;ΓÇª&lt;/a&gt;</Text>
      </RunInfo>
      <RunInfo computerName="DESKTOP-RSFFHJT" outcome="Warning" timestamp="2025-05-01T21:13:20.5120062-04:00">
        <Text>2025-05-02T01:13:20.511Z pw:api waiting for Locator("div[id='main-nav-tab'] a[id*='ember'][class$='nav-link'], div[id='main-nav-tab']  a[id*='ember'][class$='nav-link ']").Nth(23)</Text>
      </RunInfo>
      <RunInfo computerName="DESKTOP-RSFFHJT" outcome="Warning" timestamp="2025-05-01T21:13:20.5140978-04:00">
        <Text>2025-05-02T01:13:20.512Z pw:api   locator resolved to &lt;a id="ember184" href="#/reports" class="ember-view nav-link"&gt;ΓÇª&lt;/a&gt;</Text>
      </RunInfo>
      <RunInfo computerName="DESKTOP-RSFFHJT" outcome="Warning" timestamp="2025-05-01T21:13:20.5147798-04:00">
        <Text>2025-05-02T01:13:20.513Z pw:api waiting for Locator("div[id='main-nav-tab'] a[id*='ember'][class$='nav-link'], div[id='main-nav-tab']  a[id*='ember'][class$='nav-link ']").Nth(24)</Text>
      </RunInfo>
      <RunInfo computerName="DESKTOP-RSFFHJT" outcome="Warning" timestamp="2025-05-01T21:13:20.5168355-04:00">
        <Text>2025-05-02T01:13:20.515Z pw:api   locator resolved to &lt;a id="ember187" href="#/documents/inbox" class="ember-view nav-link"&gt;ΓÇª&lt;/a&gt;</Text>
      </RunInfo>
      <RunInfo computerName="DESKTOP-RSFFHJT" outcome="Warning" timestamp="2025-05-01T21:13:20.5172774-04:00">
        <Text>2025-05-02T01:13:20.516Z pw:api waiting for Locator("div[id='main-nav-tab'] a[id*='ember'][class$='nav-link'], div[id='main-nav-tab']  a[id*='ember'][class$='nav-link ']").Nth(14)</Text>
      </RunInfo>
      <RunInfo computerName="DESKTOP-RSFFHJT" outcome="Warning" timestamp="2025-05-01T21:13:20.5252660-04:00">
        <Text>2025-05-02T01:13:20.524Z pw:api   locator resolved to &lt;a id="ember147" class="collapsed ember-view nav-link "&gt;ΓÇª&lt;/a&gt;</Text>
      </RunInfo>
      <RunInfo computerName="DESKTOP-RSFFHJT" outcome="Warning" timestamp="2025-05-01T21:13:20.5262406-04:00">
        <Text>2025-05-02T01:13:20.525Z pw:api attempting click action</Text>
      </RunInfo>
      <RunInfo computerName="DESKTOP-RSFFHJT" outcome="Warning" timestamp="2025-05-01T21:13:20.5262490-04:00">
        <Text>2025-05-02T01:13:20.525Z pw:api   waiting for element to be visible, enabled and stable</Text>
      </RunInfo>
      <RunInfo computerName="DESKTOP-RSFFHJT" outcome="Warning" timestamp="2025-05-01T21:13:20.5473024-04:00">
        <Text>2025-05-02T01:13:20.546Z pw:api   element is visible, enabled and stable</Text>
      </RunInfo>
      <RunInfo computerName="DESKTOP-RSFFHJT" outcome="Warning" timestamp="2025-05-01T21:13:20.5473089-04:00">
        <Text>2025-05-02T01:13:20.546Z pw:api   scrolling into view if needed</Text>
      </RunInfo>
      <RunInfo computerName="DESKTOP-RSFFHJT" outcome="Warning" timestamp="2025-05-01T21:13:20.5477370-04:00">
        <Text>2025-05-02T01:13:20.546Z pw:api   done scrolling</Text>
      </RunInfo>
      <RunInfo computerName="DESKTOP-RSFFHJT" outcome="Warning" timestamp="2025-05-01T21:13:20.5497190-04:00">
        <Text>2025-05-02T01:13:20.548Z pw:api   performing click action</Text>
      </RunInfo>
      <RunInfo computerName="DESKTOP-RSFFHJT" outcome="Warning" timestamp="2025-05-01T21:13:20.5580594-04:00">
        <Text>2025-05-02T01:13:20.556Z pw:api   click action done</Text>
      </RunInfo>
      <RunInfo computerName="DESKTOP-RSFFHJT" outcome="Warning" timestamp="2025-05-01T21:13:20.5580669-04:00">
        <Text>2025-05-02T01:13:20.556Z pw:api   waiting for scheduled navigations to finish</Text>
      </RunInfo>
      <RunInfo computerName="DESKTOP-RSFFHJT" outcome="Warning" timestamp="2025-05-01T21:13:20.5581724-04:00">
        <Text>2025-05-02T01:13:20.557Z pw:api   navigations have finished</Text>
      </RunInfo>
      <RunInfo computerName="DESKTOP-RSFFHJT" outcome="Warning" timestamp="2025-05-01T21:13:20.5610702-04:00">
        <Text>2025-05-02T01:13:20.560Z pw:api waiting for Locator("div[id='main-nav-tab'] a[id*='ember'][class$='nav-link'], div[id='main-nav-tab']  a[id*='ember'][class$='nav-link ']").First</Text>
      </RunInfo>
      <RunInfo computerName="DESKTOP-RSFFHJT" outcome="Warning" timestamp="2025-05-01T21:13:20.5627621-04:00">
        <Text>2025-05-02T01:13:20.561Z pw:api   locator resolved to &lt;a id="ember79" href="#/home" class="ember-view active nav-link"&gt;ΓÇª&lt;/a&gt;</Text>
      </RunInfo>
      <RunInfo computerName="DESKTOP-RSFFHJT" outcome="Warning" timestamp="2025-05-01T21:13:20.5637005-04:00">
        <Text>2025-05-02T01:13:20.562Z pw:api waiting for Locator("div[id='main-nav-tab'] a[id*='ember'][class$='nav-link'], div[id='main-nav-tab']  a[id*='ember'][class$='nav-link ']").Nth(1)</Text>
      </RunInfo>
      <RunInfo computerName="DESKTOP-RSFFHJT" outcome="Warning" timestamp="2025-05-01T21:13:20.5664653-04:00">
        <Text>2025-05-02T01:13:20.565Z pw:api   locator resolved to &lt;a id="ember82" class="collapsed ember-view nav-link "&gt;ΓÇª&lt;/a&gt;</Text>
      </RunInfo>
      <RunInfo computerName="DESKTOP-RSFFHJT" outcome="Warning" timestamp="2025-05-01T21:13:20.5672001-04:00">
        <Text>2025-05-02T01:13:20.566Z pw:api waiting for Locator("div[id='main-nav-tab'] a[id*='ember'][class$='nav-link'], div[id='main-nav-tab']  a[id*='ember'][class$='nav-link ']").Nth(2)</Text>
      </RunInfo>
      <RunInfo computerName="DESKTOP-RSFFHJT" outcome="Warning" timestamp="2025-05-01T21:13:20.5693502-04:00">
        <Text>2025-05-02T01:13:20.568Z pw:api   locator resolved to &lt;a id="ember86" href="#/inventory/items" class="ember-view nav-link"&gt;ΓÇª&lt;/a&gt;</Text>
      </RunInfo>
      <RunInfo computerName="DESKTOP-RSFFHJT" outcome="Warning" timestamp="2025-05-01T21:13:20.5698748-04:00">
        <Text>2025-05-02T01:13:20.568Z pw:api waiting for Locator("div[id='main-nav-tab'] a[id*='ember'][class$='nav-link'], div[id='main-nav-tab']  a[id*='ember'][class$='nav-link ']").Nth(3)</Text>
      </RunInfo>
      <RunInfo computerName="DESKTOP-RSFFHJT" outcome="Warning" timestamp="2025-05-01T21:13:20.5716249-04:00">
        <Text>2025-05-02T01:13:20.570Z pw:api   locator resolved to &lt;a id="ember91" class="ember-view nav-link" href="#/inventory/itemgroups"&gt;ΓÇª&lt;/a&gt;</Text>
      </RunInfo>
      <RunInfo computerName="DESKTOP-RSFFHJT" outcome="Warning" timestamp="2025-05-01T21:13:20.5720362-04:00">
        <Text>2025-05-02T01:13:20.571Z pw:api waiting for Locator("div[id='main-nav-tab'] a[id*='ember'][class$='nav-link'], div[id='main-nav-tab']  a[id*='ember'][class$='nav-link ']").Nth(4)</Text>
      </RunInfo>
      <RunInfo computerName="DESKTOP-RSFFHJT" outcome="Warning" timestamp="2025-05-01T21:13:20.5734048-04:00">
        <Text>2025-05-02T01:13:20.572Z pw:api   locator resolved to &lt;a id="ember97" class="ember-view nav-link" href="#/inventory/adjustments"&gt;ΓÇª&lt;/a&gt;</Text>
      </RunInfo>
      <RunInfo computerName="DESKTOP-RSFFHJT" outcome="Warning" timestamp="2025-05-01T21:13:20.5739670-04:00">
        <Text>2025-05-02T01:13:20.573Z pw:api waiting for Locator("div[id='main-nav-tab'] a[id*='ember'][class$='nav-link'], div[id='main-nav-tab']  a[id*='ember'][class$='nav-link ']").Nth(5)</Text>
      </RunInfo>
      <RunInfo computerName="DESKTOP-RSFFHJT" outcome="Warning" timestamp="2025-05-01T21:13:20.5758715-04:00">
        <Text>2025-05-02T01:13:20.574Z pw:api   locator resolved to &lt;a id="ember104" class="collapsed ember-view nav-link "&gt;ΓÇª&lt;/a&gt;</Text>
      </RunInfo>
      <RunInfo computerName="DESKTOP-RSFFHJT" outcome="Warning" timestamp="2025-05-01T21:13:20.5763203-04:00">
        <Text>2025-05-02T01:13:20.575Z pw:api waiting for Locator("div[id='main-nav-tab'] a[id*='ember'][class$='nav-link'], div[id='main-nav-tab']  a[id*='ember'][class$='nav-link ']").Nth(6)</Text>
      </RunInfo>
      <RunInfo computerName="DESKTOP-RSFFHJT" outcome="Warning" timestamp="2025-05-01T21:13:20.5783764-04:00">
        <Text>2025-05-02T01:13:20.577Z pw:api   locator resolved to &lt;a id="ember108" href="#/contacts" class="ember-view nav-link"&gt;ΓÇª&lt;/a&gt;</Text>
      </RunInfo>
      <RunInfo computerName="DESKTOP-RSFFHJT" outcome="Warning" timestamp="2025-05-01T21:13:20.5788160-04:00">
        <Text>2025-05-02T01:13:20.577Z pw:api waiting for Locator("div[id='main-nav-tab'] a[id*='ember'][class$='nav-link'], div[id='main-nav-tab']  a[id*='ember'][class$='nav-link ']").Nth(7)</Text>
      </RunInfo>
      <RunInfo computerName="DESKTOP-RSFFHJT" outcome="Warning" timestamp="2025-05-01T21:13:20.5808592-04:00">
        <Text>2025-05-02T01:13:20.579Z pw:api   locator resolved to &lt;a id="ember114" href="#/salesorders" class="ember-view nav-link"&gt;ΓÇª&lt;/a&gt;</Text>
      </RunInfo>
      <RunInfo computerName="DESKTOP-RSFFHJT" outcome="Warning" timestamp="2025-05-01T21:13:20.5813929-04:00">
        <Text>2025-05-02T01:13:20.580Z pw:api waiting for Locator("div[id='main-nav-tab'] a[id*='ember'][class$='nav-link'], div[id='main-nav-tab']  a[id*='ember'][class$='nav-link ']").Nth(8)</Text>
      </RunInfo>
      <RunInfo computerName="DESKTOP-RSFFHJT" outcome="Warning" timestamp="2025-05-01T21:13:20.5846064-04:00">
        <Text>2025-05-02T01:13:20.583Z pw:api   locator resolved to &lt;a id="ember121" href="#/packages" class="ember-view nav-link"&gt;ΓÇª&lt;/a&gt;</Text>
      </RunInfo>
      <RunInfo computerName="DESKTOP-RSFFHJT" outcome="Warning" timestamp="2025-05-01T21:13:20.5869472-04:00">
        <Text>2025-05-02T01:13:20.584Z pw:api waiting for Locator("div[id='main-nav-tab'] a[id*='ember'][class$='nav-link'], div[id='main-nav-tab']  a[id*='ember'][class$='nav-link ']").Nth(9)</Text>
      </RunInfo>
      <RunInfo computerName="DESKTOP-RSFFHJT" outcome="Warning" timestamp="2025-05-01T21:13:20.5869564-04:00">
        <Text>2025-05-02T01:13:20.585Z pw:api   locator resolved to &lt;a id="ember125" href="#/shipments" class="ember-view nav-link"&gt;ΓÇª&lt;/a&gt;</Text>
      </RunInfo>
      <RunInfo computerName="DESKTOP-RSFFHJT" outcome="Warning" timestamp="2025-05-01T21:13:20.5874253-04:00">
        <Text>2025-05-02T01:13:20.586Z pw:api waiting for Locator("div[id='main-nav-tab'] a[id*='ember'][class$='nav-link'], div[id='main-nav-tab']  a[id*='ember'][class$='nav-link ']").Nth(10)</Text>
      </RunInfo>
      <RunInfo computerName="DESKTOP-RSFFHJT" outcome="Warning" timestamp="2025-05-01T21:13:20.5890298-04:00">
        <Text>2025-05-02T01:13:20.588Z pw:api   locator resolved to &lt;a id="ember129" href="#/invoices" class="ember-view nav-link"&gt;ΓÇª&lt;/a&gt;</Text>
      </RunInfo>
      <RunInfo computerName="DESKTOP-RSFFHJT" outcome="Warning" timestamp="2025-05-01T21:13:20.5895071-04:00">
        <Text>2025-05-02T01:13:20.588Z pw:api waiting for Locator("div[id='main-nav-tab'] a[id*='ember'][class$='nav-link'], div[id='main-nav-tab']  a[id*='ember'][class$='nav-link ']").Nth(11)</Text>
      </RunInfo>
      <RunInfo computerName="DESKTOP-RSFFHJT" outcome="Warning" timestamp="2025-05-01T21:13:20.5912586-04:00">
        <Text>2025-05-02T01:13:20.590Z pw:api   locator resolved to &lt;a id="ember134" href="#/paymentsreceived" class="ember-view nav-link"&gt;ΓÇª&lt;/a&gt;</Text>
      </RunInfo>
      <RunInfo computerName="DESKTOP-RSFFHJT" outcome="Warning" timestamp="2025-05-01T21:13:20.5917344-04:00">
        <Text>2025-05-02T01:13:20.590Z pw:api waiting for Locator("div[id='main-nav-tab'] a[id*='ember'][class$='nav-link'], div[id='main-nav-tab']  a[id*='ember'][class$='nav-link ']").Nth(12)</Text>
      </RunInfo>
      <RunInfo computerName="DESKTOP-RSFFHJT" outcome="Warning" timestamp="2025-05-01T21:13:20.5931065-04:00">
        <Text>2025-05-02T01:13:20.592Z pw:api   locator resolved to &lt;a id="ember140" href="#/salesreturns" class="ember-view nav-link"&gt;ΓÇª&lt;/a&gt;</Text>
      </RunInfo>
      <RunInfo computerName="DESKTOP-RSFFHJT" outcome="Warning" timestamp="2025-05-01T21:13:20.5934752-04:00">
        <Text>2025-05-02T01:13:20.592Z pw:api waiting for Locator("div[id='main-nav-tab'] a[id*='ember'][class$='nav-link'], div[id='main-nav-tab']  a[id*='ember'][class$='nav-link ']").Nth(13)</Text>
      </RunInfo>
      <RunInfo computerName="DESKTOP-RSFFHJT" outcome="Warning" timestamp="2025-05-01T21:13:20.5947615-04:00">
        <Text>2025-05-02T01:13:20.593Z pw:api   locator resolved to &lt;a id="ember143" href="#/creditnotes" class="ember-view nav-link"&gt;ΓÇª&lt;/a&gt;</Text>
      </RunInfo>
      <RunInfo computerName="DESKTOP-RSFFHJT" outcome="Warning" timestamp="2025-05-01T21:13:20.5951379-04:00">
        <Text>2025-05-02T01:13:20.594Z pw:api waiting for Locator("div[id='main-nav-tab'] a[id*='ember'][class$='nav-link'], div[id='main-nav-tab']  a[id*='ember'][class$='nav-link ']").Nth(14)</Text>
      </RunInfo>
      <RunInfo computerName="DESKTOP-RSFFHJT" outcome="Warning" timestamp="2025-05-01T21:13:20.5973079-04:00">
        <Text>2025-05-02T01:13:20.596Z pw:api   locator resolved to &lt;a id="ember147" class="ember-view nav-link "&gt;ΓÇª&lt;/a&gt;</Text>
      </RunInfo>
      <RunInfo computerName="DESKTOP-RSFFHJT" outcome="Warning" timestamp="2025-05-01T21:13:20.5978737-04:00">
        <Text>2025-05-02T01:13:20.596Z pw:api waiting for Locator("div[id='main-nav-tab'] a[id*='ember'][class$='nav-link'], div[id='main-nav-tab']  a[id*='ember'][class$='nav-link ']").Nth(15)</Text>
      </RunInfo>
      <RunInfo computerName="DESKTOP-RSFFHJT" outcome="Warning" timestamp="2025-05-01T21:13:20.6008460-04:00">
        <Text>2025-05-02T01:13:20.599Z pw:api   locator resolved to &lt;a id="ember151" href="#/vendors" class="ember-view nav-link"&gt;ΓÇª&lt;/a&gt;</Text>
      </RunInfo>
      <RunInfo computerName="DESKTOP-RSFFHJT" outcome="Warning" timestamp="2025-05-01T21:13:20.6014585-04:00">
        <Text>2025-05-02T01:13:20.600Z pw:api waiting for Locator("div[id='main-nav-tab'] a[id*='ember'][class$='nav-link'], div[id='main-nav-tab']  a[id*='ember'][class$='nav-link ']").Nth(16)</Text>
      </RunInfo>
      <RunInfo computerName="DESKTOP-RSFFHJT" outcome="Warning" timestamp="2025-05-01T21:13:20.6033467-04:00">
        <Text>2025-05-02T01:13:20.602Z pw:api   locator resolved to &lt;a id="ember155" href="#/expenses" class="ember-view nav-link"&gt;ΓÇª&lt;/a&gt;</Text>
      </RunInfo>
      <RunInfo computerName="DESKTOP-RSFFHJT" outcome="Warning" timestamp="2025-05-01T21:13:20.6038045-04:00">
        <Text>2025-05-02T01:13:20.602Z pw:api waiting for Locator("div[id='main-nav-tab'] a[id*='ember'][class$='nav-link'], div[id='main-nav-tab']  a[id*='ember'][class$='nav-link ']").Nth(17)</Text>
      </RunInfo>
      <RunInfo computerName="DESKTOP-RSFFHJT" outcome="Warning" timestamp="2025-05-01T21:13:20.6057772-04:00">
        <Text>2025-05-02T01:13:20.604Z pw:api   locator resolved to &lt;a id="ember159" href="#/purchaseorders" class="ember-view nav-link"&gt;ΓÇª&lt;/a&gt;</Text>
      </RunInfo>
      <RunInfo computerName="DESKTOP-RSFFHJT" outcome="Warning" timestamp="2025-05-01T21:13:20.6062618-04:00">
        <Text>2025-05-02T01:13:20.605Z pw:api waiting for Locator("div[id='main-nav-tab'] a[id*='ember'][class$='nav-link'], div[id='main-nav-tab']  a[id*='ember'][class$='nav-link ']").Nth(18)</Text>
      </RunInfo>
      <RunInfo computerName="DESKTOP-RSFFHJT" outcome="Warning" timestamp="2025-05-01T21:13:20.6077800-04:00">
        <Text>2025-05-02T01:13:20.606Z pw:api   locator resolved to &lt;a id="ember163" href="#/purchasereceives" class="ember-view nav-link"&gt;ΓÇª&lt;/a&gt;</Text>
      </RunInfo>
      <RunInfo computerName="DESKTOP-RSFFHJT" outcome="Warning" timestamp="2025-05-01T21:13:20.6082010-04:00">
        <Text>2025-05-02T01:13:20.607Z pw:api waiting for Locator("div[id='main-nav-tab'] a[id*='ember'][class$='nav-link'], div[id='main-nav-tab']  a[id*='ember'][class$='nav-link ']").Nth(19)</Text>
      </RunInfo>
      <RunInfo computerName="DESKTOP-RSFFHJT" outcome="Warning" timestamp="2025-05-01T21:13:20.6096136-04:00">
        <Text>2025-05-02T01:13:20.608Z pw:api   locator resolved to &lt;a id="ember168" href="#/bills" class="ember-view nav-link"&gt;ΓÇª&lt;/a&gt;</Text>
      </RunInfo>
      <RunInfo computerName="DESKTOP-RSFFHJT" outcome="Warning" timestamp="2025-05-01T21:13:20.6101717-04:00">
        <Text>2025-05-02T01:13:20.609Z pw:api waiting for Locator("div[id='main-nav-tab'] a[id*='ember'][class$='nav-link'], div[id='main-nav-tab']  a[id*='ember'][class$='nav-link ']").Nth(20)</Text>
      </RunInfo>
      <RunInfo computerName="DESKTOP-RSFFHJT" outcome="Warning" timestamp="2025-05-01T21:13:20.6117997-04:00">
        <Text>2025-05-02T01:13:20.610Z pw:api   locator resolved to &lt;a id="ember172" href="#/paymentsmade" class="ember-view nav-link"&gt;ΓÇª&lt;/a&gt;</Text>
      </RunInfo>
      <RunInfo computerName="DESKTOP-RSFFHJT" outcome="Warning" timestamp="2025-05-01T21:13:20.6122981-04:00">
        <Text>2025-05-02T01:13:20.611Z pw:api waiting for Locator("div[id='main-nav-tab'] a[id*='ember'][class$='nav-link'], div[id='main-nav-tab']  a[id*='ember'][class$='nav-link ']").Nth(21)</Text>
      </RunInfo>
      <RunInfo computerName="DESKTOP-RSFFHJT" outcome="Warning" timestamp="2025-05-01T21:13:20.6166276-04:00">
        <Text>2025-05-02T01:13:20.615Z pw:api   locator resolved to &lt;a id="ember177" href="#/vendorcredits" class="ember-view nav-link"&gt;ΓÇª&lt;/a&gt;</Text>
      </RunInfo>
      <RunInfo computerName="DESKTOP-RSFFHJT" outcome="Warning" timestamp="2025-05-01T21:13:20.6171603-04:00">
        <Text>2025-05-02T01:13:20.616Z pw:api waiting for Locator("div[id='main-nav-tab'] a[id*='ember'][class$='nav-link'], div[id='main-nav-tab']  a[id*='ember'][class$='nav-link ']").Nth(22)</Text>
      </RunInfo>
      <RunInfo computerName="DESKTOP-RSFFHJT" outcome="Warning" timestamp="2025-05-01T21:13:20.6189975-04:00">
        <Text>2025-05-02T01:13:20.618Z pw:api   locator resolved to &lt;a id="ember181" class="ember-view nav-link" href="#/settings/integrations"&gt;ΓÇª&lt;/a&gt;</Text>
      </RunInfo>
      <RunInfo computerName="DESKTOP-RSFFHJT" outcome="Warning" timestamp="2025-05-01T21:13:20.6193194-04:00">
        <Text>2025-05-02T01:13:20.618Z pw:api waiting for Locator("div[id='main-nav-tab'] a[id*='ember'][class$='nav-link'], div[id='main-nav-tab']  a[id*='ember'][class$='nav-link ']").Nth(23)</Text>
      </RunInfo>
      <RunInfo computerName="DESKTOP-RSFFHJT" outcome="Warning" timestamp="2025-05-01T21:13:20.6206560-04:00">
        <Text>2025-05-02T01:13:20.619Z pw:api   locator resolved to &lt;a id="ember184" href="#/reports" class="ember-view nav-link"&gt;ΓÇª&lt;/a&gt;</Text>
      </RunInfo>
      <RunInfo computerName="DESKTOP-RSFFHJT" outcome="Warning" timestamp="2025-05-01T21:13:20.6210057-04:00">
        <Text>2025-05-02T01:13:20.620Z pw:api waiting for Locator("div[id='main-nav-tab'] a[id*='ember'][class$='nav-link'], div[id='main-nav-tab']  a[id*='ember'][class$='nav-link ']").Nth(24)</Text>
      </RunInfo>
      <RunInfo computerName="DESKTOP-RSFFHJT" outcome="Warning" timestamp="2025-05-01T21:13:20.6223525-04:00">
        <Text>2025-05-02T01:13:20.621Z pw:api   locator resolved to &lt;a id="ember187" href="#/documents/inbox" class="ember-view nav-link"&gt;ΓÇª&lt;/a&gt;</Text>
      </RunInfo>
      <RunInfo computerName="DESKTOP-RSFFHJT" outcome="Warning" timestamp="2025-05-01T21:13:20.6230704-04:00">
        <Text>2025-05-02T01:13:20.622Z pw:api waiting for Locator("div[id='main-nav-tab'] a[id*='ember'][class$='nav-link'], div[id='main-nav-tab']  a[id*='ember'][class$='nav-link ']").Nth(15)</Text>
      </RunInfo>
      <RunInfo computerName="DESKTOP-RSFFHJT" outcome="Warning" timestamp="2025-05-01T21:13:20.6252923-04:00">
        <Text>2025-05-02T01:13:20.624Z pw:api   locator resolved to &lt;a id="ember151" href="#/vendors" class="ember-view nav-link"&gt;ΓÇª&lt;/a&gt;</Text>
      </RunInfo>
      <RunInfo computerName="DESKTOP-RSFFHJT" outcome="Warning" timestamp="2025-05-01T21:13:20.6258341-04:00">
        <Text>2025-05-02T01:13:20.624Z pw:api attempting click action</Text>
      </RunInfo>
      <RunInfo computerName="DESKTOP-RSFFHJT" outcome="Warning" timestamp="2025-05-01T21:13:20.6258535-04:00">
        <Text>2025-05-02T01:13:20.624Z pw:api   waiting for element to be visible, enabled and stable</Text>
      </RunInfo>
      <RunInfo computerName="DESKTOP-RSFFHJT" outcome="Warning" timestamp="2025-05-01T21:13:20.6477884-04:00">
        <Text>2025-05-02T01:13:20.646Z pw:api   element is visible, enabled and stable</Text>
      </RunInfo>
      <RunInfo computerName="DESKTOP-RSFFHJT" outcome="Warning" timestamp="2025-05-01T21:13:20.6478005-04:00">
        <Text>2025-05-02T01:13:20.646Z pw:api   scrolling into view if needed</Text>
      </RunInfo>
      <RunInfo computerName="DESKTOP-RSFFHJT" outcome="Warning" timestamp="2025-05-01T21:13:20.6485470-04:00">
        <Text>2025-05-02T01:13:20.647Z pw:api   done scrolling</Text>
      </RunInfo>
      <RunInfo computerName="DESKTOP-RSFFHJT" outcome="Warning" timestamp="2025-05-01T21:13:20.6504226-04:00">
        <Text>2025-05-02T01:13:20.649Z pw:api   performing click action</Text>
      </RunInfo>
      <RunInfo computerName="DESKTOP-RSFFHJT" outcome="Warning" timestamp="2025-05-01T21:13:20.6688754-04:00">
        <Text>2025-05-02T01:13:20.667Z pw:api   click action done</Text>
      </RunInfo>
      <RunInfo computerName="DESKTOP-RSFFHJT" outcome="Warning" timestamp="2025-05-01T21:13:20.6688818-04:00">
        <Text>2025-05-02T01:13:20.667Z pw:api   waiting for scheduled navigations to finish</Text>
      </RunInfo>
      <RunInfo computerName="DESKTOP-RSFFHJT" outcome="Warning" timestamp="2025-05-01T21:13:20.6690333-04:00">
        <Text>2025-05-02T01:13:20.668Z pw:api   navigations have finished</Text>
      </RunInfo>
      <RunInfo computerName="DESKTOP-RSFFHJT" outcome="Warning" timestamp="2025-05-01T21:13:20.6718310-04:00">
        <Text>2025-05-02T01:13:20.670Z pw:api waiting for Locator("div[id='main-nav-tab'] a[id*='ember'][class$='nav-link'], div[id='main-nav-tab']  a[id*='ember'][class$='nav-link ']").First</Text>
      </RunInfo>
      <RunInfo computerName="DESKTOP-RSFFHJT" outcome="Warning" timestamp="2025-05-01T21:13:20.6730680-04:00">
        <Text>2025-05-02T01:13:20.672Z pw:api   locator resolved to &lt;a id="ember79" href="#/home" class="ember-view active ember-transitioning-out nav-link"&gt;ΓÇª&lt;/a&gt;</Text>
      </RunInfo>
      <RunInfo computerName="DESKTOP-RSFFHJT" outcome="Warning" timestamp="2025-05-01T21:13:20.6736230-04:00">
        <Text>2025-05-02T01:13:20.672Z pw:api waiting for Locator("div[id='main-nav-tab'] a[id*='ember'][class$='nav-link'], div[id='main-nav-tab']  a[id*='ember'][class$='nav-link ']").Nth(1)</Text>
      </RunInfo>
      <RunInfo computerName="DESKTOP-RSFFHJT" outcome="Warning" timestamp="2025-05-01T21:13:20.6749674-04:00">
        <Text>2025-05-02T01:13:20.674Z pw:api   locator resolved to &lt;a id="ember82" class="collapsed ember-view nav-link "&gt;ΓÇª&lt;/a&gt;</Text>
      </RunInfo>
      <RunInfo computerName="DESKTOP-RSFFHJT" outcome="Warning" timestamp="2025-05-01T21:13:20.6756025-04:00">
        <Text>2025-05-02T01:13:20.674Z pw:api waiting for Locator("div[id='main-nav-tab'] a[id*='ember'][class$='nav-link'], div[id='main-nav-tab']  a[id*='ember'][class$='nav-link ']").Nth(2)</Text>
      </RunInfo>
      <RunInfo computerName="DESKTOP-RSFFHJT" outcome="Warning" timestamp="2025-05-01T21:13:20.6771156-04:00">
        <Text>2025-05-02T01:13:20.676Z pw:api   locator resolved to &lt;a id="ember86" href="#/inventory/items" class="ember-view nav-link"&gt;ΓÇª&lt;/a&gt;</Text>
      </RunInfo>
      <RunInfo computerName="DESKTOP-RSFFHJT" outcome="Warning" timestamp="2025-05-01T21:13:20.6776022-04:00">
        <Text>2025-05-02T01:13:20.676Z pw:api waiting for Locator("div[id='main-nav-tab'] a[id*='ember'][class$='nav-link'], div[id='main-nav-tab']  a[id*='ember'][class$='nav-link ']").Nth(3)</Text>
      </RunInfo>
      <RunInfo computerName="DESKTOP-RSFFHJT" outcome="Warning" timestamp="2025-05-01T21:13:20.6788641-04:00">
        <Text>2025-05-02T01:13:20.677Z pw:api   locator resolved to &lt;a id="ember91" class="ember-view nav-link" href="#/inventory/itemgroups"&gt;ΓÇª&lt;/a&gt;</Text>
      </RunInfo>
      <RunInfo computerName="DESKTOP-RSFFHJT" outcome="Warning" timestamp="2025-05-01T21:13:20.6794566-04:00">
        <Text>2025-05-02T01:13:20.678Z pw:api waiting for Locator("div[id='main-nav-tab'] a[id*='ember'][class$='nav-link'], div[id='main-nav-tab']  a[id*='ember'][class$='nav-link ']").Nth(4)</Text>
      </RunInfo>
      <RunInfo computerName="DESKTOP-RSFFHJT" outcome="Warning" timestamp="2025-05-01T21:13:20.6814094-04:00">
        <Text>2025-05-02T01:13:20.680Z pw:api   locator resolved to &lt;a id="ember97" class="ember-view nav-link" href="#/inventory/adjustments"&gt;ΓÇª&lt;/a&gt;</Text>
      </RunInfo>
      <RunInfo computerName="DESKTOP-RSFFHJT" outcome="Warning" timestamp="2025-05-01T21:13:20.6822568-04:00">
        <Text>2025-05-02T01:13:20.681Z pw:api waiting for Locator("div[id='main-nav-tab'] a[id*='ember'][class$='nav-link'], div[id='main-nav-tab']  a[id*='ember'][class$='nav-link ']").Nth(5)</Text>
      </RunInfo>
      <RunInfo computerName="DESKTOP-RSFFHJT" outcome="Warning" timestamp="2025-05-01T21:13:20.6893982-04:00">
        <Text>2025-05-02T01:13:20.688Z pw:api   locator resolved to &lt;a id="ember104" class="collapsed ember-view nav-link "&gt;ΓÇª&lt;/a&gt;</Text>
      </RunInfo>
      <RunInfo computerName="DESKTOP-RSFFHJT" outcome="Warning" timestamp="2025-05-01T21:13:20.6900014-04:00">
        <Text>2025-05-02T01:13:20.689Z pw:api waiting for Locator("div[id='main-nav-tab'] a[id*='ember'][class$='nav-link'], div[id='main-nav-tab']  a[id*='ember'][class$='nav-link ']").Nth(6)</Text>
      </RunInfo>
      <RunInfo computerName="DESKTOP-RSFFHJT" outcome="Warning" timestamp="2025-05-01T21:13:20.6912908-04:00">
        <Text>2025-05-02T01:13:20.690Z pw:api   locator resolved to &lt;a id="ember108" href="#/contacts" class="ember-view nav-link"&gt;ΓÇª&lt;/a&gt;</Text>
      </RunInfo>
      <RunInfo computerName="DESKTOP-RSFFHJT" outcome="Warning" timestamp="2025-05-01T21:13:20.6918360-04:00">
        <Text>2025-05-02T01:13:20.690Z pw:api waiting for Locator("div[id='main-nav-tab'] a[id*='ember'][class$='nav-link'], div[id='main-nav-tab']  a[id*='ember'][class$='nav-link ']").Nth(7)</Text>
      </RunInfo>
      <RunInfo computerName="DESKTOP-RSFFHJT" outcome="Warning" timestamp="2025-05-01T21:13:20.6932538-04:00">
        <Text>2025-05-02T01:13:20.692Z pw:api   locator resolved to &lt;a id="ember114" href="#/salesorders" class="ember-view nav-link"&gt;ΓÇª&lt;/a&gt;</Text>
      </RunInfo>
      <RunInfo computerName="DESKTOP-RSFFHJT" outcome="Warning" timestamp="2025-05-01T21:13:20.6937138-04:00">
        <Text>2025-05-02T01:13:20.692Z pw:api waiting for Locator("div[id='main-nav-tab'] a[id*='ember'][class$='nav-link'], div[id='main-nav-tab']  a[id*='ember'][class$='nav-link ']").Nth(8)</Text>
      </RunInfo>
      <RunInfo computerName="DESKTOP-RSFFHJT" outcome="Warning" timestamp="2025-05-01T21:13:20.6948999-04:00">
        <Text>2025-05-02T01:13:20.693Z pw:api   locator resolved to &lt;a id="ember121" href="#/packages" class="ember-view nav-link"&gt;ΓÇª&lt;/a&gt;</Text>
      </RunInfo>
      <RunInfo computerName="DESKTOP-RSFFHJT" outcome="Warning" timestamp="2025-05-01T21:13:20.6952942-04:00">
        <Text>2025-05-02T01:13:20.694Z pw:api waiting for Locator("div[id='main-nav-tab'] a[id*='ember'][class$='nav-link'], div[id='main-nav-tab']  a[id*='ember'][class$='nav-link ']").Nth(9)</Text>
      </RunInfo>
      <RunInfo computerName="DESKTOP-RSFFHJT" outcome="Warning" timestamp="2025-05-01T21:13:20.6967362-04:00">
        <Text>2025-05-02T01:13:20.695Z pw:api   locator resolved to &lt;a id="ember125" href="#/shipments" class="ember-view nav-link"&gt;ΓÇª&lt;/a&gt;</Text>
      </RunInfo>
      <RunInfo computerName="DESKTOP-RSFFHJT" outcome="Warning" timestamp="2025-05-01T21:13:20.6972204-04:00">
        <Text>2025-05-02T01:13:20.696Z pw:api waiting for Locator("div[id='main-nav-tab'] a[id*='ember'][class$='nav-link'], div[id='main-nav-tab']  a[id*='ember'][class$='nav-link ']").Nth(10)</Text>
      </RunInfo>
      <RunInfo computerName="DESKTOP-RSFFHJT" outcome="Warning" timestamp="2025-05-01T21:13:20.6992086-04:00">
        <Text>2025-05-02T01:13:20.698Z pw:api   locator resolved to &lt;a id="ember129" href="#/invoices" class="ember-view nav-link"&gt;ΓÇª&lt;/a&gt;</Text>
      </RunInfo>
      <RunInfo computerName="DESKTOP-RSFFHJT" outcome="Warning" timestamp="2025-05-01T21:13:20.6997673-04:00">
        <Text>2025-05-02T01:13:20.698Z pw:api waiting for Locator("div[id='main-nav-tab'] a[id*='ember'][class$='nav-link'], div[id='main-nav-tab']  a[id*='ember'][class$='nav-link ']").Nth(11)</Text>
      </RunInfo>
      <RunInfo computerName="DESKTOP-RSFFHJT" outcome="Warning" timestamp="2025-05-01T21:13:20.7021365-04:00">
        <Text>2025-05-02T01:13:20.701Z pw:api   locator resolved to &lt;a id="ember134" href="#/paymentsreceived" class="ember-view nav-link"&gt;ΓÇª&lt;/a&gt;</Text>
      </RunInfo>
      <RunInfo computerName="DESKTOP-RSFFHJT" outcome="Warning" timestamp="2025-05-01T21:13:20.7026721-04:00">
        <Text>2025-05-02T01:13:20.701Z pw:api waiting for Locator("div[id='main-nav-tab'] a[id*='ember'][class$='nav-link'], div[id='main-nav-tab']  a[id*='ember'][class$='nav-link ']").Nth(12)</Text>
      </RunInfo>
      <RunInfo computerName="DESKTOP-RSFFHJT" outcome="Warning" timestamp="2025-05-01T21:13:20.7041024-04:00">
        <Text>2025-05-02T01:13:20.703Z pw:api   locator resolved to &lt;a id="ember140" href="#/salesreturns" class="ember-view nav-link"&gt;ΓÇª&lt;/a&gt;</Text>
      </RunInfo>
      <RunInfo computerName="DESKTOP-RSFFHJT" outcome="Warning" timestamp="2025-05-01T21:13:20.7045289-04:00">
        <Text>2025-05-02T01:13:20.703Z pw:api waiting for Locator("div[id='main-nav-tab'] a[id*='ember'][class$='nav-link'], div[id='main-nav-tab']  a[id*='ember'][class$='nav-link ']").Nth(13)</Text>
      </RunInfo>
      <RunInfo computerName="DESKTOP-RSFFHJT" outcome="Warning" timestamp="2025-05-01T21:13:20.7058561-04:00">
        <Text>2025-05-02T01:13:20.704Z pw:api   locator resolved to &lt;a id="ember143" href="#/creditnotes" class="ember-view nav-link"&gt;ΓÇª&lt;/a&gt;</Text>
      </RunInfo>
      <RunInfo computerName="DESKTOP-RSFFHJT" outcome="Warning" timestamp="2025-05-01T21:13:20.7063049-04:00">
        <Text>2025-05-02T01:13:20.705Z pw:api waiting for Locator("div[id='main-nav-tab'] a[id*='ember'][class$='nav-link'], div[id='main-nav-tab']  a[id*='ember'][class$='nav-link ']").Nth(14)</Text>
      </RunInfo>
      <RunInfo computerName="DESKTOP-RSFFHJT" outcome="Warning" timestamp="2025-05-01T21:13:20.7077952-04:00">
        <Text>2025-05-02T01:13:20.706Z pw:api   locator resolved to &lt;a id="ember147" class="collapsed ember-view nav-link "&gt;ΓÇª&lt;/a&gt;</Text>
      </RunInfo>
      <RunInfo computerName="DESKTOP-RSFFHJT" outcome="Warning" timestamp="2025-05-01T21:13:20.7084443-04:00">
        <Text>2025-05-02T01:13:20.707Z pw:api waiting for Locator("div[id='main-nav-tab'] a[id*='ember'][class$='nav-link'], div[id='main-nav-tab']  a[id*='ember'][class$='nav-link ']").Nth(15)</Text>
      </RunInfo>
      <RunInfo computerName="DESKTOP-RSFFHJT" outcome="Warning" timestamp="2025-05-01T21:13:20.7098713-04:00">
        <Text>2025-05-02T01:13:20.708Z pw:api   locator resolved to &lt;a id="ember151" href="#/vendors" class="ember-view ember-transitioning-in nav-link"&gt;ΓÇª&lt;/a&gt;</Text>
      </RunInfo>
      <RunInfo computerName="DESKTOP-RSFFHJT" outcome="Warning" timestamp="2025-05-01T21:13:20.7103345-04:00">
        <Text>2025-05-02T01:13:20.709Z pw:api waiting for Locator("div[id='main-nav-tab'] a[id*='ember'][class$='nav-link'], div[id='main-nav-tab']  a[id*='ember'][class$='nav-link ']").Nth(16)</Text>
      </RunInfo>
      <RunInfo computerName="DESKTOP-RSFFHJT" outcome="Warning" timestamp="2025-05-01T21:13:20.7115044-04:00">
        <Text>2025-05-02T01:13:20.710Z pw:api   locator resolved to &lt;a id="ember155" href="#/expenses" class="ember-view nav-link"&gt;ΓÇª&lt;/a&gt;</Text>
      </RunInfo>
      <RunInfo computerName="DESKTOP-RSFFHJT" outcome="Warning" timestamp="2025-05-01T21:13:20.7119261-04:00">
        <Text>2025-05-02T01:13:20.710Z pw:api waiting for Locator("div[id='main-nav-tab'] a[id*='ember'][class$='nav-link'], div[id='main-nav-tab']  a[id*='ember'][class$='nav-link ']").Nth(17)</Text>
      </RunInfo>
      <RunInfo computerName="DESKTOP-RSFFHJT" outcome="Warning" timestamp="2025-05-01T21:13:20.7136579-04:00">
        <Text>2025-05-02T01:13:20.712Z pw:api   locator resolved to &lt;a id="ember159" href="#/purchaseorders" class="ember-view nav-link"&gt;ΓÇª&lt;/a&gt;</Text>
      </RunInfo>
      <RunInfo computerName="DESKTOP-RSFFHJT" outcome="Warning" timestamp="2025-05-01T21:13:20.7140856-04:00">
        <Text>2025-05-02T01:13:20.713Z pw:api waiting for Locator("div[id='main-nav-tab'] a[id*='ember'][class$='nav-link'], div[id='main-nav-tab']  a[id*='ember'][class$='nav-link ']").Nth(18)</Text>
      </RunInfo>
      <RunInfo computerName="DESKTOP-RSFFHJT" outcome="Warning" timestamp="2025-05-01T21:13:20.7164134-04:00">
        <Text>2025-05-02T01:13:20.715Z pw:api   locator resolved to &lt;a id="ember163" href="#/purchasereceives" class="ember-view nav-link"&gt;ΓÇª&lt;/a&gt;</Text>
      </RunInfo>
      <RunInfo computerName="DESKTOP-RSFFHJT" outcome="Warning" timestamp="2025-05-01T21:13:20.7169116-04:00">
        <Text>2025-05-02T01:13:20.716Z pw:api waiting for Locator("div[id='main-nav-tab'] a[id*='ember'][class$='nav-link'], div[id='main-nav-tab']  a[id*='ember'][class$='nav-link ']").Nth(19)</Text>
      </RunInfo>
      <RunInfo computerName="DESKTOP-RSFFHJT" outcome="Warning" timestamp="2025-05-01T21:13:20.7182556-04:00">
        <Text>2025-05-02T01:13:20.717Z pw:api   locator resolved to &lt;a id="ember168" href="#/bills" class="ember-view nav-link"&gt;ΓÇª&lt;/a&gt;</Text>
      </RunInfo>
      <RunInfo computerName="DESKTOP-RSFFHJT" outcome="Warning" timestamp="2025-05-01T21:13:20.7188283-04:00">
        <Text>2025-05-02T01:13:20.717Z pw:api waiting for Locator("div[id='main-nav-tab'] a[id*='ember'][class$='nav-link'], div[id='main-nav-tab']  a[id*='ember'][class$='nav-link ']").Nth(20)</Text>
      </RunInfo>
      <RunInfo computerName="DESKTOP-RSFFHJT" outcome="Warning" timestamp="2025-05-01T21:13:20.7201663-04:00">
        <Text>2025-05-02T01:13:20.719Z pw:api   locator resolved to &lt;a id="ember172" href="#/paymentsmade" class="ember-view nav-link"&gt;ΓÇª&lt;/a&gt;</Text>
      </RunInfo>
      <RunInfo computerName="DESKTOP-RSFFHJT" outcome="Warning" timestamp="2025-05-01T21:13:20.7206424-04:00">
        <Text>2025-05-02T01:13:20.719Z pw:api waiting for Locator("div[id='main-nav-tab'] a[id*='ember'][class$='nav-link'], div[id='main-nav-tab']  a[id*='ember'][class$='nav-link ']").Nth(21)</Text>
      </RunInfo>
      <RunInfo computerName="DESKTOP-RSFFHJT" outcome="Warning" timestamp="2025-05-01T21:13:20.7286850-04:00">
        <Text>2025-05-02T01:13:20.727Z pw:api   locator resolved to &lt;a id="ember177" href="#/vendorcredits" class="ember-view nav-link"&gt;ΓÇª&lt;/a&gt;</Text>
      </RunInfo>
      <RunInfo computerName="DESKTOP-RSFFHJT" outcome="Warning" timestamp="2025-05-01T21:13:20.7295756-04:00">
        <Text>2025-05-02T01:13:20.728Z pw:api waiting for Locator("div[id='main-nav-tab'] a[id*='ember'][class$='nav-link'], div[id='main-nav-tab']  a[id*='ember'][class$='nav-link ']").Nth(22)</Text>
      </RunInfo>
      <RunInfo computerName="DESKTOP-RSFFHJT" outcome="Warning" timestamp="2025-05-01T21:13:20.7339609-04:00">
        <Text>2025-05-02T01:13:20.732Z pw:api   locator resolved to &lt;a id="ember181" class="ember-view nav-link" href="#/settings/integrations"&gt;ΓÇª&lt;/a&gt;</Text>
      </RunInfo>
      <RunInfo computerName="DESKTOP-RSFFHJT" outcome="Warning" timestamp="2025-05-01T21:13:20.7344769-04:00">
        <Text>2025-05-02T01:13:20.733Z pw:api waiting for Locator("div[id='main-nav-tab'] a[id*='ember'][class$='nav-link'], div[id='main-nav-tab']  a[id*='ember'][class$='nav-link ']").Nth(23)</Text>
      </RunInfo>
      <RunInfo computerName="DESKTOP-RSFFHJT" outcome="Warning" timestamp="2025-05-01T21:13:20.7358663-04:00">
        <Text>2025-05-02T01:13:20.734Z pw:api   locator resolved to &lt;a id="ember184" href="#/reports" class="ember-view nav-link"&gt;ΓÇª&lt;/a&gt;</Text>
      </RunInfo>
      <RunInfo computerName="DESKTOP-RSFFHJT" outcome="Warning" timestamp="2025-05-01T21:13:20.7364574-04:00">
        <Text>2025-05-02T01:13:20.735Z pw:api waiting for Locator("div[id='main-nav-tab'] a[id*='ember'][class$='nav-link'], div[id='main-nav-tab']  a[id*='ember'][class$='nav-link ']").Nth(24)</Text>
      </RunInfo>
      <RunInfo computerName="DESKTOP-RSFFHJT" outcome="Warning" timestamp="2025-05-01T21:13:20.7376969-04:00">
        <Text>2025-05-02T01:13:20.736Z pw:api   locator resolved to &lt;a id="ember187" href="#/documents/inbox" class="ember-view nav-link"&gt;ΓÇª&lt;/a&gt;</Text>
      </RunInfo>
      <RunInfo computerName="DESKTOP-RSFFHJT" outcome="Warning" timestamp="2025-05-01T21:13:20.7382036-04:00">
        <Text>2025-05-02T01:13:20.737Z pw:api waiting for Locator("div[id='main-nav-tab'] a[id*='ember'][class$='nav-link'], div[id='main-nav-tab']  a[id*='ember'][class$='nav-link ']").Nth(16)</Text>
      </RunInfo>
      <RunInfo computerName="DESKTOP-RSFFHJT" outcome="Warning" timestamp="2025-05-01T21:13:20.7402078-04:00">
        <Text>2025-05-02T01:13:20.739Z pw:api   locator resolved to &lt;a id="ember155" href="#/expenses" class="ember-view nav-link"&gt;ΓÇª&lt;/a&gt;</Text>
      </RunInfo>
      <RunInfo computerName="DESKTOP-RSFFHJT" outcome="Warning" timestamp="2025-05-01T21:13:20.7408086-04:00">
        <Text>2025-05-02T01:13:20.739Z pw:api attempting click action</Text>
      </RunInfo>
      <RunInfo computerName="DESKTOP-RSFFHJT" outcome="Warning" timestamp="2025-05-01T21:13:20.7408292-04:00">
        <Text>2025-05-02T01:13:20.739Z pw:api   waiting for element to be visible, enabled and stable</Text>
      </RunInfo>
      <RunInfo computerName="DESKTOP-RSFFHJT" outcome="Warning" timestamp="2025-05-01T21:13:20.7639393-04:00">
        <Text>2025-05-02T01:13:20.762Z pw:api   element is visible, enabled and stable</Text>
      </RunInfo>
      <RunInfo computerName="DESKTOP-RSFFHJT" outcome="Warning" timestamp="2025-05-01T21:13:20.7639458-04:00">
        <Text>2025-05-02T01:13:20.762Z pw:api   scrolling into view if needed</Text>
      </RunInfo>
      <RunInfo computerName="DESKTOP-RSFFHJT" outcome="Warning" timestamp="2025-05-01T21:13:20.7643586-04:00">
        <Text>2025-05-02T01:13:20.763Z pw:api   done scrolling</Text>
      </RunInfo>
      <RunInfo computerName="DESKTOP-RSFFHJT" outcome="Warning" timestamp="2025-05-01T21:13:20.7663368-04:00">
        <Text>2025-05-02T01:13:20.765Z pw:api   performing click action</Text>
      </RunInfo>
      <RunInfo computerName="DESKTOP-RSFFHJT" outcome="Warning" timestamp="2025-05-01T21:13:20.7827476-04:00">
        <Text>2025-05-02T01:13:20.781Z pw:api   click action done</Text>
      </RunInfo>
      <RunInfo computerName="DESKTOP-RSFFHJT" outcome="Warning" timestamp="2025-05-01T21:13:20.7827547-04:00">
        <Text>2025-05-02T01:13:20.781Z pw:api   waiting for scheduled navigations to finish</Text>
      </RunInfo>
      <RunInfo computerName="DESKTOP-RSFFHJT" outcome="Warning" timestamp="2025-05-01T21:13:20.7828590-04:00">
        <Text>2025-05-02T01:13:20.781Z pw:api   navigations have finished</Text>
      </RunInfo>
      <RunInfo computerName="DESKTOP-RSFFHJT" outcome="Warning" timestamp="2025-05-01T21:13:20.7853202-04:00">
        <Text>2025-05-02T01:13:20.784Z pw:api waiting for Locator("div[id='main-nav-tab'] a[id*='ember'][class$='nav-link'], div[id='main-nav-tab']  a[id*='ember'][class$='nav-link ']").First</Text>
      </RunInfo>
      <RunInfo computerName="DESKTOP-RSFFHJT" outcome="Warning" timestamp="2025-05-01T21:13:20.7866410-04:00">
        <Text>2025-05-02T01:13:20.785Z pw:api   locator resolved to &lt;a id="ember79" href="#/home" class="ember-view active ember-transitioning-out nav-link"&gt;ΓÇª&lt;/a&gt;</Text>
      </RunInfo>
      <RunInfo computerName="DESKTOP-RSFFHJT" outcome="Warning" timestamp="2025-05-01T21:13:20.7870708-04:00">
        <Text>2025-05-02T01:13:20.786Z pw:api waiting for Locator("div[id='main-nav-tab'] a[id*='ember'][class$='nav-link'], div[id='main-nav-tab']  a[id*='ember'][class$='nav-link ']").Nth(1)</Text>
      </RunInfo>
      <RunInfo computerName="DESKTOP-RSFFHJT" outcome="Warning" timestamp="2025-05-01T21:13:20.7884037-04:00">
        <Text>2025-05-02T01:13:20.787Z pw:api   locator resolved to &lt;a id="ember82" class="collapsed ember-view nav-link "&gt;ΓÇª&lt;/a&gt;</Text>
      </RunInfo>
      <RunInfo computerName="DESKTOP-RSFFHJT" outcome="Warning" timestamp="2025-05-01T21:13:20.7888399-04:00">
        <Text>2025-05-02T01:13:20.787Z pw:api waiting for Locator("div[id='main-nav-tab'] a[id*='ember'][class$='nav-link'], div[id='main-nav-tab']  a[id*='ember'][class$='nav-link ']").Nth(2)</Text>
      </RunInfo>
      <RunInfo computerName="DESKTOP-RSFFHJT" outcome="Warning" timestamp="2025-05-01T21:13:20.7901244-04:00">
        <Text>2025-05-02T01:13:20.789Z pw:api   locator resolved to &lt;a id="ember86" href="#/inventory/items" class="ember-view nav-link"&gt;ΓÇª&lt;/a&gt;</Text>
      </RunInfo>
      <RunInfo computerName="DESKTOP-RSFFHJT" outcome="Warning" timestamp="2025-05-01T21:13:20.7905550-04:00">
        <Text>2025-05-02T01:13:20.789Z pw:api waiting for Locator("div[id='main-nav-tab'] a[id*='ember'][class$='nav-link'], div[id='main-nav-tab']  a[id*='ember'][class$='nav-link ']").Nth(3)</Text>
      </RunInfo>
      <RunInfo computerName="DESKTOP-RSFFHJT" outcome="Warning" timestamp="2025-05-01T21:13:20.7918677-04:00">
        <Text>2025-05-02T01:13:20.790Z pw:api   locator resolved to &lt;a id="ember91" class="ember-view nav-link" href="#/inventory/itemgroups"&gt;ΓÇª&lt;/a&gt;</Text>
      </RunInfo>
      <RunInfo computerName="DESKTOP-RSFFHJT" outcome="Warning" timestamp="2025-05-01T21:13:20.7922411-04:00">
        <Text>2025-05-02T01:13:20.791Z pw:api waiting for Locator("div[id='main-nav-tab'] a[id*='ember'][class$='nav-link'], div[id='main-nav-tab']  a[id*='ember'][class$='nav-link ']").Nth(4)</Text>
      </RunInfo>
      <RunInfo computerName="DESKTOP-RSFFHJT" outcome="Warning" timestamp="2025-05-01T21:13:20.7933771-04:00">
        <Text>2025-05-02T01:13:20.792Z pw:api   locator resolved to &lt;a id="ember97" class="ember-view nav-link" href="#/inventory/adjustments"&gt;ΓÇª&lt;/a&gt;</Text>
      </RunInfo>
      <RunInfo computerName="DESKTOP-RSFFHJT" outcome="Warning" timestamp="2025-05-01T21:13:20.7938024-04:00">
        <Text>2025-05-02T01:13:20.792Z pw:api waiting for Locator("div[id='main-nav-tab'] a[id*='ember'][class$='nav-link'], div[id='main-nav-tab']  a[id*='ember'][class$='nav-link ']").Nth(5)</Text>
      </RunInfo>
      <RunInfo computerName="DESKTOP-RSFFHJT" outcome="Warning" timestamp="2025-05-01T21:13:20.7953197-04:00">
        <Text>2025-05-02T01:13:20.794Z pw:api   locator resolved to &lt;a id="ember104" class="collapsed ember-view nav-link "&gt;ΓÇª&lt;/a&gt;</Text>
      </RunInfo>
      <RunInfo computerName="DESKTOP-RSFFHJT" outcome="Warning" timestamp="2025-05-01T21:13:20.7958796-04:00">
        <Text>2025-05-02T01:13:20.794Z pw:api waiting for Locator("div[id='main-nav-tab'] a[id*='ember'][class$='nav-link'], div[id='main-nav-tab']  a[id*='ember'][class$='nav-link ']").Nth(6)</Text>
      </RunInfo>
      <RunInfo computerName="DESKTOP-RSFFHJT" outcome="Warning" timestamp="2025-05-01T21:13:20.7980527-04:00">
        <Text>2025-05-02T01:13:20.796Z pw:api   locator resolved to &lt;a id="ember108" href="#/contacts" class="ember-view nav-link"&gt;ΓÇª&lt;/a&gt;</Text>
      </RunInfo>
      <RunInfo computerName="DESKTOP-RSFFHJT" outcome="Warning" timestamp="2025-05-01T21:13:20.7987545-04:00">
        <Text>2025-05-02T01:13:20.797Z pw:api waiting for Locator("div[id='main-nav-tab'] a[id*='ember'][class$='nav-link'], div[id='main-nav-tab']  a[id*='ember'][class$='nav-link ']").Nth(7)</Text>
      </RunInfo>
      <RunInfo computerName="DESKTOP-RSFFHJT" outcome="Warning" timestamp="2025-05-01T21:13:20.8002922-04:00">
        <Text>2025-05-02T01:13:20.799Z pw:api   locator resolved to &lt;a id="ember114" href="#/salesorders" class="ember-view nav-link"&gt;ΓÇª&lt;/a&gt;</Text>
      </RunInfo>
      <RunInfo computerName="DESKTOP-RSFFHJT" outcome="Warning" timestamp="2025-05-01T21:13:20.8008119-04:00">
        <Text>2025-05-02T01:13:20.799Z pw:api waiting for Locator("div[id='main-nav-tab'] a[id*='ember'][class$='nav-link'], div[id='main-nav-tab']  a[id*='ember'][class$='nav-link ']").Nth(8)</Text>
      </RunInfo>
      <RunInfo computerName="DESKTOP-RSFFHJT" outcome="Warning" timestamp="2025-05-01T21:13:20.8021579-04:00">
        <Text>2025-05-02T01:13:20.801Z pw:api   locator resolved to &lt;a id="ember121" href="#/packages" class="ember-view nav-link"&gt;ΓÇª&lt;/a&gt;</Text>
      </RunInfo>
      <RunInfo computerName="DESKTOP-RSFFHJT" outcome="Warning" timestamp="2025-05-01T21:13:20.8026771-04:00">
        <Text>2025-05-02T01:13:20.801Z pw:api waiting for Locator("div[id='main-nav-tab'] a[id*='ember'][class$='nav-link'], div[id='main-nav-tab']  a[id*='ember'][class$='nav-link ']").Nth(9)</Text>
      </RunInfo>
      <RunInfo computerName="DESKTOP-RSFFHJT" outcome="Warning" timestamp="2025-05-01T21:13:20.8040415-04:00">
        <Text>2025-05-02T01:13:20.803Z pw:api   locator resolved to &lt;a id="ember125" href="#/shipments" class="ember-view nav-link"&gt;ΓÇª&lt;/a&gt;</Text>
      </RunInfo>
      <RunInfo computerName="DESKTOP-RSFFHJT" outcome="Warning" timestamp="2025-05-01T21:13:20.8045281-04:00">
        <Text>2025-05-02T01:13:20.803Z pw:api waiting for Locator("div[id='main-nav-tab'] a[id*='ember'][class$='nav-link'], div[id='main-nav-tab']  a[id*='ember'][class$='nav-link ']").Nth(10)</Text>
      </RunInfo>
      <RunInfo computerName="DESKTOP-RSFFHJT" outcome="Warning" timestamp="2025-05-01T21:13:20.8056434-04:00">
        <Text>2025-05-02T01:13:20.804Z pw:api   locator resolved to &lt;a id="ember129" href="#/invoices" class="ember-view nav-link"&gt;ΓÇª&lt;/a&gt;</Text>
      </RunInfo>
      <RunInfo computerName="DESKTOP-RSFFHJT" outcome="Warning" timestamp="2025-05-01T21:13:20.8060646-04:00">
        <Text>2025-05-02T01:13:20.805Z pw:api waiting for Locator("div[id='main-nav-tab'] a[id*='ember'][class$='nav-link'], div[id='main-nav-tab']  a[id*='ember'][class$='nav-link ']").Nth(11)</Text>
      </RunInfo>
      <RunInfo computerName="DESKTOP-RSFFHJT" outcome="Warning" timestamp="2025-05-01T21:13:20.8074300-04:00">
        <Text>2025-05-02T01:13:20.806Z pw:api   locator resolved to &lt;a id="ember134" href="#/paymentsreceived" class="ember-view nav-link"&gt;ΓÇª&lt;/a&gt;</Text>
      </RunInfo>
      <RunInfo computerName="DESKTOP-RSFFHJT" outcome="Warning" timestamp="2025-05-01T21:13:20.8078709-04:00">
        <Text>2025-05-02T01:13:20.806Z pw:api waiting for Locator("div[id='main-nav-tab'] a[id*='ember'][class$='nav-link'], div[id='main-nav-tab']  a[id*='ember'][class$='nav-link ']").Nth(12)</Text>
      </RunInfo>
      <RunInfo computerName="DESKTOP-RSFFHJT" outcome="Warning" timestamp="2025-05-01T21:13:20.8090523-04:00">
        <Text>2025-05-02T01:13:20.808Z pw:api   locator resolved to &lt;a id="ember140" href="#/salesreturns" class="ember-view nav-link"&gt;ΓÇª&lt;/a&gt;</Text>
      </RunInfo>
      <RunInfo computerName="DESKTOP-RSFFHJT" outcome="Warning" timestamp="2025-05-01T21:13:20.8096449-04:00">
        <Text>2025-05-02T01:13:20.808Z pw:api waiting for Locator("div[id='main-nav-tab'] a[id*='ember'][class$='nav-link'], div[id='main-nav-tab']  a[id*='ember'][class$='nav-link ']").Nth(13)</Text>
      </RunInfo>
      <RunInfo computerName="DESKTOP-RSFFHJT" outcome="Warning" timestamp="2025-05-01T21:13:20.8110298-04:00">
        <Text>2025-05-02T01:13:20.810Z pw:api   locator resolved to &lt;a id="ember143" href="#/creditnotes" class="ember-view nav-link"&gt;ΓÇª&lt;/a&gt;</Text>
      </RunInfo>
      <RunInfo computerName="DESKTOP-RSFFHJT" outcome="Warning" timestamp="2025-05-01T21:13:20.8114622-04:00">
        <Text>2025-05-02T01:13:20.810Z pw:api waiting for Locator("div[id='main-nav-tab'] a[id*='ember'][class$='nav-link'], div[id='main-nav-tab']  a[id*='ember'][class$='nav-link ']").Nth(14)</Text>
      </RunInfo>
      <RunInfo computerName="DESKTOP-RSFFHJT" outcome="Warning" timestamp="2025-05-01T21:13:20.8130143-04:00">
        <Text>2025-05-02T01:13:20.811Z pw:api   locator resolved to &lt;a id="ember151" href="#/vendors" class="ember-view nav-link"&gt;ΓÇª&lt;/a&gt;</Text>
      </RunInfo>
      <RunInfo computerName="DESKTOP-RSFFHJT" outcome="Warning" timestamp="2025-05-01T21:13:20.8135519-04:00">
        <Text>2025-05-02T01:13:20.812Z pw:api waiting for Locator("div[id='main-nav-tab'] a[id*='ember'][class$='nav-link'], div[id='main-nav-tab']  a[id*='ember'][class$='nav-link ']").Nth(15)</Text>
      </RunInfo>
      <RunInfo computerName="DESKTOP-RSFFHJT" outcome="Warning" timestamp="2025-05-01T21:13:20.8155290-04:00">
        <Text>2025-05-02T01:13:20.814Z pw:api   locator resolved to &lt;a id="ember155" href="#/expenses" class="ember-view ember-transitioning-in nav-link"&gt;ΓÇª&lt;/a&gt;</Text>
      </RunInfo>
      <RunInfo computerName="DESKTOP-RSFFHJT" outcome="Warning" timestamp="2025-05-01T21:13:20.8160422-04:00">
        <Text>2025-05-02T01:13:20.815Z pw:api waiting for Locator("div[id='main-nav-tab'] a[id*='ember'][class$='nav-link'], div[id='main-nav-tab']  a[id*='ember'][class$='nav-link ']").Nth(16)</Text>
      </RunInfo>
      <RunInfo computerName="DESKTOP-RSFFHJT" outcome="Warning" timestamp="2025-05-01T21:13:20.8177006-04:00">
        <Text>2025-05-02T01:13:20.816Z pw:api   locator resolved to &lt;a id="ember159" href="#/purchaseorders" class="ember-view nav-link"&gt;ΓÇª&lt;/a&gt;</Text>
      </RunInfo>
      <RunInfo computerName="DESKTOP-RSFFHJT" outcome="Warning" timestamp="2025-05-01T21:13:20.8182254-04:00">
        <Text>2025-05-02T01:13:20.817Z pw:api waiting for Locator("div[id='main-nav-tab'] a[id*='ember'][class$='nav-link'], div[id='main-nav-tab']  a[id*='ember'][class$='nav-link ']").Nth(17)</Text>
      </RunInfo>
      <RunInfo computerName="DESKTOP-RSFFHJT" outcome="Warning" timestamp="2025-05-01T21:13:20.8196319-04:00">
        <Text>2025-05-02T01:13:20.818Z pw:api   locator resolved to &lt;a id="ember163" href="#/purchasereceives" class="ember-view nav-link"&gt;ΓÇª&lt;/a&gt;</Text>
      </RunInfo>
      <RunInfo computerName="DESKTOP-RSFFHJT" outcome="Warning" timestamp="2025-05-01T21:13:20.8201856-04:00">
        <Text>2025-05-02T01:13:20.819Z pw:api waiting for Locator("div[id='main-nav-tab'] a[id*='ember'][class$='nav-link'], div[id='main-nav-tab']  a[id*='ember'][class$='nav-link ']").Nth(18)</Text>
      </RunInfo>
      <RunInfo computerName="DESKTOP-RSFFHJT" outcome="Warning" timestamp="2025-05-01T21:13:20.8214722-04:00">
        <Text>2025-05-02T01:13:20.820Z pw:api   locator resolved to &lt;a id="ember168" href="#/bills" class="ember-view nav-link"&gt;ΓÇª&lt;/a&gt;</Text>
      </RunInfo>
      <RunInfo computerName="DESKTOP-RSFFHJT" outcome="Warning" timestamp="2025-05-01T21:13:20.8221451-04:00">
        <Text>2025-05-02T01:13:20.821Z pw:api waiting for Locator("div[id='main-nav-tab'] a[id*='ember'][class$='nav-link'], div[id='main-nav-tab']  a[id*='ember'][class$='nav-link ']").Nth(19)</Text>
      </RunInfo>
      <RunInfo computerName="DESKTOP-RSFFHJT" outcome="Warning" timestamp="2025-05-01T21:13:20.8235010-04:00">
        <Text>2025-05-02T01:13:20.822Z pw:api   locator resolved to &lt;a id="ember172" href="#/paymentsmade" class="ember-view nav-link"&gt;ΓÇª&lt;/a&gt;</Text>
      </RunInfo>
      <RunInfo computerName="DESKTOP-RSFFHJT" outcome="Warning" timestamp="2025-05-01T21:13:20.8239654-04:00">
        <Text>2025-05-02T01:13:20.823Z pw:api waiting for Locator("div[id='main-nav-tab'] a[id*='ember'][class$='nav-link'], div[id='main-nav-tab']  a[id*='ember'][class$='nav-link ']").Nth(20)</Text>
      </RunInfo>
      <RunInfo computerName="DESKTOP-RSFFHJT" outcome="Warning" timestamp="2025-05-01T21:13:20.8251965-04:00">
        <Text>2025-05-02T01:13:20.824Z pw:api   locator resolved to &lt;a id="ember177" href="#/vendorcredits" class="ember-view nav-link"&gt;ΓÇª&lt;/a&gt;</Text>
      </RunInfo>
      <RunInfo computerName="DESKTOP-RSFFHJT" outcome="Warning" timestamp="2025-05-01T21:13:20.8275043-04:00">
        <Text>2025-05-02T01:13:20.825Z pw:api waiting for Locator("div[id='main-nav-tab'] a[id*='ember'][class$='nav-link'], div[id='main-nav-tab']  a[id*='ember'][class$='nav-link ']").Nth(21)</Text>
      </RunInfo>
      <RunInfo computerName="DESKTOP-RSFFHJT" outcome="Warning" timestamp="2025-05-01T21:13:20.8275258-04:00">
        <Text>2025-05-02T01:13:20.826Z pw:api   locator resolved to &lt;a id="ember181" class="ember-view nav-link" href="#/settings/integrations"&gt;ΓÇª&lt;/a&gt;</Text>
      </RunInfo>
      <RunInfo computerName="DESKTOP-RSFFHJT" outcome="Warning" timestamp="2025-05-01T21:13:20.8280614-04:00">
        <Text>2025-05-02T01:13:20.827Z pw:api waiting for Locator("div[id='main-nav-tab'] a[id*='ember'][class$='nav-link'], div[id='main-nav-tab']  a[id*='ember'][class$='nav-link ']").Nth(22)</Text>
      </RunInfo>
      <RunInfo computerName="DESKTOP-RSFFHJT" outcome="Warning" timestamp="2025-05-01T21:13:20.8295646-04:00">
        <Text>2025-05-02T01:13:20.828Z pw:api   locator resolved to &lt;a id="ember184" href="#/reports" class="ember-view nav-link"&gt;ΓÇª&lt;/a&gt;</Text>
      </RunInfo>
      <RunInfo computerName="DESKTOP-RSFFHJT" outcome="Warning" timestamp="2025-05-01T21:13:20.8303028-04:00">
        <Text>2025-05-02T01:13:20.829Z pw:api waiting for Locator("div[id='main-nav-tab'] a[id*='ember'][class$='nav-link'], div[id='main-nav-tab']  a[id*='ember'][class$='nav-link ']").Nth(23)</Text>
      </RunInfo>
      <RunInfo computerName="DESKTOP-RSFFHJT" outcome="Warning" timestamp="2025-05-01T21:13:20.8327155-04:00">
        <Text>2025-05-02T01:13:20.831Z pw:api   locator resolved to &lt;a id="ember187" href="#/documents/inbox" class="ember-view nav-link"&gt;ΓÇª&lt;/a&gt;</Text>
      </RunInfo>
      <RunInfo computerName="DESKTOP-RSFFHJT" outcome="Warning" timestamp="2025-05-01T21:13:20.8334806-04:00">
        <Text>2025-05-02T01:13:20.832Z pw:api waiting for Locator("div[id='main-nav-tab'] a[id*='ember'][class$='nav-link'], div[id='main-nav-tab']  a[id*='ember'][class$='nav-link ']").Nth(16)</Text>
      </RunInfo>
      <RunInfo computerName="DESKTOP-RSFFHJT" outcome="Warning" timestamp="2025-05-01T21:13:20.8352384-04:00">
        <Text>2025-05-02T01:13:20.834Z pw:api   locator resolved to &lt;a id="ember159" href="#/purchaseorders" class="ember-view nav-link"&gt;ΓÇª&lt;/a&gt;</Text>
      </RunInfo>
      <RunInfo computerName="DESKTOP-RSFFHJT" outcome="Warning" timestamp="2025-05-01T21:13:20.8358474-04:00">
        <Text>2025-05-02T01:13:20.834Z pw:api attempting click action</Text>
      </RunInfo>
      <RunInfo computerName="DESKTOP-RSFFHJT" outcome="Warning" timestamp="2025-05-01T21:13:20.8358606-04:00">
        <Text>2025-05-02T01:13:20.834Z pw:api   waiting for element to be visible, enabled and stable</Text>
      </RunInfo>
      <RunInfo computerName="DESKTOP-RSFFHJT" outcome="Warning" timestamp="2025-05-01T21:13:20.8639891-04:00">
        <Text>2025-05-02T01:13:20.862Z pw:api   element is visible, enabled and stable</Text>
      </RunInfo>
      <RunInfo computerName="DESKTOP-RSFFHJT" outcome="Warning" timestamp="2025-05-01T21:13:20.8639968-04:00">
        <Text>2025-05-02T01:13:20.862Z pw:api   scrolling into view if needed</Text>
      </RunInfo>
      <RunInfo computerName="DESKTOP-RSFFHJT" outcome="Warning" timestamp="2025-05-01T21:13:20.8643322-04:00">
        <Text>2025-05-02T01:13:20.863Z pw:api   done scrolling</Text>
      </RunInfo>
      <RunInfo computerName="DESKTOP-RSFFHJT" outcome="Warning" timestamp="2025-05-01T21:13:20.8662367-04:00">
        <Text>2025-05-02T01:13:20.865Z pw:api   performing click action</Text>
      </RunInfo>
      <RunInfo computerName="DESKTOP-RSFFHJT" outcome="Warning" timestamp="2025-05-01T21:13:20.8825552-04:00">
        <Text>2025-05-02T01:13:20.881Z pw:api   click action done</Text>
      </RunInfo>
      <RunInfo computerName="DESKTOP-RSFFHJT" outcome="Warning" timestamp="2025-05-01T21:13:20.8825632-04:00">
        <Text>2025-05-02T01:13:20.881Z pw:api   waiting for scheduled navigations to finish</Text>
      </RunInfo>
      <RunInfo computerName="DESKTOP-RSFFHJT" outcome="Warning" timestamp="2025-05-01T21:13:20.8827894-04:00">
        <Text>2025-05-02T01:13:20.881Z pw:api   navigations have finished</Text>
      </RunInfo>
      <RunInfo computerName="DESKTOP-RSFFHJT" outcome="Warning" timestamp="2025-05-01T21:13:20.8851719-04:00">
        <Text>2025-05-02T01:13:20.884Z pw:api waiting for Locator("div[id='main-nav-tab'] a[id*='ember'][class$='nav-link'], div[id='main-nav-tab']  a[id*='ember'][class$='nav-link ']").First</Text>
      </RunInfo>
      <RunInfo computerName="DESKTOP-RSFFHJT" outcome="Warning" timestamp="2025-05-01T21:13:20.8867015-04:00">
        <Text>2025-05-02T01:13:20.885Z pw:api   locator resolved to &lt;a id="ember79" href="#/home" class="ember-view active ember-transitioning-out nav-link"&gt;ΓÇª&lt;/a&gt;</Text>
      </RunInfo>
      <RunInfo computerName="DESKTOP-RSFFHJT" outcome="Warning" timestamp="2025-05-01T21:13:20.8874059-04:00">
        <Text>2025-05-02T01:13:20.886Z pw:api waiting for Locator("div[id='main-nav-tab'] a[id*='ember'][class$='nav-link'], div[id='main-nav-tab']  a[id*='ember'][class$='nav-link ']").Nth(1)</Text>
      </RunInfo>
      <RunInfo computerName="DESKTOP-RSFFHJT" outcome="Warning" timestamp="2025-05-01T21:13:20.8891680-04:00">
        <Text>2025-05-02T01:13:20.888Z pw:api   locator resolved to &lt;a id="ember82" class="collapsed ember-view nav-link "&gt;ΓÇª&lt;/a&gt;</Text>
      </RunInfo>
      <RunInfo computerName="DESKTOP-RSFFHJT" outcome="Warning" timestamp="2025-05-01T21:13:20.8899262-04:00">
        <Text>2025-05-02T01:13:20.888Z pw:api waiting for Locator("div[id='main-nav-tab'] a[id*='ember'][class$='nav-link'], div[id='main-nav-tab']  a[id*='ember'][class$='nav-link ']").Nth(2)</Text>
      </RunInfo>
      <RunInfo computerName="DESKTOP-RSFFHJT" outcome="Warning" timestamp="2025-05-01T21:13:20.8914145-04:00">
        <Text>2025-05-02T01:13:20.890Z pw:api   locator resolved to &lt;a id="ember86" href="#/inventory/items" class="ember-view nav-link"&gt;ΓÇª&lt;/a&gt;</Text>
      </RunInfo>
      <RunInfo computerName="DESKTOP-RSFFHJT" outcome="Warning" timestamp="2025-05-01T21:13:20.8919598-04:00">
        <Text>2025-05-02T01:13:20.891Z pw:api waiting for Locator("div[id='main-nav-tab'] a[id*='ember'][class$='nav-link'], div[id='main-nav-tab']  a[id*='ember'][class$='nav-link ']").Nth(3)</Text>
      </RunInfo>
      <RunInfo computerName="DESKTOP-RSFFHJT" outcome="Warning" timestamp="2025-05-01T21:13:20.8932342-04:00">
        <Text>2025-05-02T01:13:20.892Z pw:api   locator resolved to &lt;a id="ember91" class="ember-view nav-link" href="#/inventory/itemgroups"&gt;ΓÇª&lt;/a&gt;</Text>
      </RunInfo>
      <RunInfo computerName="DESKTOP-RSFFHJT" outcome="Warning" timestamp="2025-05-01T21:13:20.8938951-04:00">
        <Text>2025-05-02T01:13:20.892Z pw:api waiting for Locator("div[id='main-nav-tab'] a[id*='ember'][class$='nav-link'], div[id='main-nav-tab']  a[id*='ember'][class$='nav-link ']").Nth(4)</Text>
      </RunInfo>
      <RunInfo computerName="DESKTOP-RSFFHJT" outcome="Warning" timestamp="2025-05-01T21:13:20.8951799-04:00">
        <Text>2025-05-02T01:13:20.894Z pw:api   locator resolved to &lt;a id="ember97" class="ember-view nav-link" href="#/inventory/adjustments"&gt;ΓÇª&lt;/a&gt;</Text>
      </RunInfo>
      <RunInfo computerName="DESKTOP-RSFFHJT" outcome="Warning" timestamp="2025-05-01T21:13:20.8956542-04:00">
        <Text>2025-05-02T01:13:20.894Z pw:api waiting for Locator("div[id='main-nav-tab'] a[id*='ember'][class$='nav-link'], div[id='main-nav-tab']  a[id*='ember'][class$='nav-link ']").Nth(5)</Text>
      </RunInfo>
      <RunInfo computerName="DESKTOP-RSFFHJT" outcome="Warning" timestamp="2025-05-01T21:13:20.8973950-04:00">
        <Text>2025-05-02T01:13:20.896Z pw:api   locator resolved to &lt;a id="ember104" class="collapsed ember-view nav-link "&gt;ΓÇª&lt;/a&gt;</Text>
      </RunInfo>
      <RunInfo computerName="DESKTOP-RSFFHJT" outcome="Warning" timestamp="2025-05-01T21:13:20.8979922-04:00">
        <Text>2025-05-02T01:13:20.897Z pw:api waiting for Locator("div[id='main-nav-tab'] a[id*='ember'][class$='nav-link'], div[id='main-nav-tab']  a[id*='ember'][class$='nav-link ']").Nth(6)</Text>
      </RunInfo>
      <RunInfo computerName="DESKTOP-RSFFHJT" outcome="Warning" timestamp="2025-05-01T21:13:20.8998249-04:00">
        <Text>2025-05-02T01:13:20.898Z pw:api   locator resolved to &lt;a id="ember108" href="#/contacts" class="ember-view nav-link"&gt;ΓÇª&lt;/a&gt;</Text>
      </RunInfo>
      <RunInfo computerName="DESKTOP-RSFFHJT" outcome="Warning" timestamp="2025-05-01T21:13:20.9003248-04:00">
        <Text>2025-05-02T01:13:20.899Z pw:api waiting for Locator("div[id='main-nav-tab'] a[id*='ember'][class$='nav-link'], div[id='main-nav-tab']  a[id*='ember'][class$='nav-link ']").Nth(7)</Text>
      </RunInfo>
      <RunInfo computerName="DESKTOP-RSFFHJT" outcome="Warning" timestamp="2025-05-01T21:13:20.9014101-04:00">
        <Text>2025-05-02T01:13:20.900Z pw:api   locator resolved to &lt;a id="ember114" href="#/salesorders" class="ember-view nav-link"&gt;ΓÇª&lt;/a&gt;</Text>
      </RunInfo>
      <RunInfo computerName="DESKTOP-RSFFHJT" outcome="Warning" timestamp="2025-05-01T21:13:20.9018316-04:00">
        <Text>2025-05-02T01:13:20.900Z pw:api waiting for Locator("div[id='main-nav-tab'] a[id*='ember'][class$='nav-link'], div[id='main-nav-tab']  a[id*='ember'][class$='nav-link ']").Nth(8)</Text>
      </RunInfo>
      <RunInfo computerName="DESKTOP-RSFFHJT" outcome="Warning" timestamp="2025-05-01T21:13:20.9035199-04:00">
        <Text>2025-05-02T01:13:20.902Z pw:api   locator resolved to &lt;a id="ember121" href="#/packages" class="ember-view nav-link"&gt;ΓÇª&lt;/a&gt;</Text>
      </RunInfo>
      <RunInfo computerName="DESKTOP-RSFFHJT" outcome="Warning" timestamp="2025-05-01T21:13:20.9041022-04:00">
        <Text>2025-05-02T01:13:20.903Z pw:api waiting for Locator("div[id='main-nav-tab'] a[id*='ember'][class$='nav-link'], div[id='main-nav-tab']  a[id*='ember'][class$='nav-link ']").Nth(9)</Text>
      </RunInfo>
      <RunInfo computerName="DESKTOP-RSFFHJT" outcome="Warning" timestamp="2025-05-01T21:13:20.9052519-04:00">
        <Text>2025-05-02T01:13:20.904Z pw:api   locator resolved to &lt;a id="ember125" href="#/shipments" class="ember-view nav-link"&gt;ΓÇª&lt;/a&gt;</Text>
      </RunInfo>
      <RunInfo computerName="DESKTOP-RSFFHJT" outcome="Warning" timestamp="2025-05-01T21:13:20.9058277-04:00">
        <Text>2025-05-02T01:13:20.904Z pw:api waiting for Locator("div[id='main-nav-tab'] a[id*='ember'][class$='nav-link'], div[id='main-nav-tab']  a[id*='ember'][class$='nav-link ']").Nth(10)</Text>
      </RunInfo>
      <RunInfo computerName="DESKTOP-RSFFHJT" outcome="Warning" timestamp="2025-05-01T21:13:20.9070400-04:00">
        <Text>2025-05-02T01:13:20.906Z pw:api   locator resolved to &lt;a id="ember129" href="#/invoices" class="ember-view nav-link"&gt;ΓÇª&lt;/a&gt;</Text>
      </RunInfo>
      <RunInfo computerName="DESKTOP-RSFFHJT" outcome="Warning" timestamp="2025-05-01T21:13:20.9075112-04:00">
        <Text>2025-05-02T01:13:20.906Z pw:api waiting for Locator("div[id='main-nav-tab'] a[id*='ember'][class$='nav-link'], div[id='main-nav-tab']  a[id*='ember'][class$='nav-link ']").Nth(11)</Text>
      </RunInfo>
      <RunInfo computerName="DESKTOP-RSFFHJT" outcome="Warning" timestamp="2025-05-01T21:13:20.9089099-04:00">
        <Text>2025-05-02T01:13:20.907Z pw:api   locator resolved to &lt;a id="ember134" href="#/paymentsreceived" class="ember-view nav-link"&gt;ΓÇª&lt;/a&gt;</Text>
      </RunInfo>
      <RunInfo computerName="DESKTOP-RSFFHJT" outcome="Warning" timestamp="2025-05-01T21:13:20.9094311-04:00">
        <Text>2025-05-02T01:13:20.908Z pw:api waiting for Locator("div[id='main-nav-tab'] a[id*='ember'][class$='nav-link'], div[id='main-nav-tab']  a[id*='ember'][class$='nav-link ']").Nth(12)</Text>
      </RunInfo>
      <RunInfo computerName="DESKTOP-RSFFHJT" outcome="Warning" timestamp="2025-05-01T21:13:20.9105897-04:00">
        <Text>2025-05-02T01:13:20.909Z pw:api   locator resolved to &lt;a id="ember140" href="#/salesreturns" class="ember-view nav-link"&gt;ΓÇª&lt;/a&gt;</Text>
      </RunInfo>
      <RunInfo computerName="DESKTOP-RSFFHJT" outcome="Warning" timestamp="2025-05-01T21:13:20.9111475-04:00">
        <Text>2025-05-02T01:13:20.910Z pw:api waiting for Locator("div[id='main-nav-tab'] a[id*='ember'][class$='nav-link'], div[id='main-nav-tab']  a[id*='ember'][class$='nav-link ']").Nth(13)</Text>
      </RunInfo>
      <RunInfo computerName="DESKTOP-RSFFHJT" outcome="Warning" timestamp="2025-05-01T21:13:20.9124786-04:00">
        <Text>2025-05-02T01:13:20.911Z pw:api   locator resolved to &lt;a id="ember143" href="#/creditnotes" class="ember-view nav-link"&gt;ΓÇª&lt;/a&gt;</Text>
      </RunInfo>
      <RunInfo computerName="DESKTOP-RSFFHJT" outcome="Warning" timestamp="2025-05-01T21:13:20.9130610-04:00">
        <Text>2025-05-02T01:13:20.912Z pw:api waiting for Locator("div[id='main-nav-tab'] a[id*='ember'][class$='nav-link'], div[id='main-nav-tab']  a[id*='ember'][class$='nav-link ']").Nth(14)</Text>
      </RunInfo>
      <RunInfo computerName="DESKTOP-RSFFHJT" outcome="Warning" timestamp="2025-05-01T21:13:20.9167626-04:00">
        <Text>2025-05-02T01:13:20.915Z pw:api   locator resolved to &lt;a id="ember151" href="#/vendors" class="ember-view nav-link"&gt;ΓÇª&lt;/a&gt;</Text>
      </RunInfo>
      <RunInfo computerName="DESKTOP-RSFFHJT" outcome="Warning" timestamp="2025-05-01T21:13:20.9172752-04:00">
        <Text>2025-05-02T01:13:20.916Z pw:api waiting for Locator("div[id='main-nav-tab'] a[id*='ember'][class$='nav-link'], div[id='main-nav-tab']  a[id*='ember'][class$='nav-link ']").Nth(15)</Text>
      </RunInfo>
      <RunInfo computerName="DESKTOP-RSFFHJT" outcome="Warning" timestamp="2025-05-01T21:13:20.9187879-04:00">
        <Text>2025-05-02T01:13:20.917Z pw:api   locator resolved to &lt;a id="ember155" href="#/expenses" class="ember-view nav-link"&gt;ΓÇª&lt;/a&gt;</Text>
      </RunInfo>
      <RunInfo computerName="DESKTOP-RSFFHJT" outcome="Warning" timestamp="2025-05-01T21:13:20.9192201-04:00">
        <Text>2025-05-02T01:13:20.918Z pw:api waiting for Locator("div[id='main-nav-tab'] a[id*='ember'][class$='nav-link'], div[id='main-nav-tab']  a[id*='ember'][class$='nav-link ']").Nth(16)</Text>
      </RunInfo>
      <RunInfo computerName="DESKTOP-RSFFHJT" outcome="Warning" timestamp="2025-05-01T21:13:20.9207544-04:00">
        <Text>2025-05-02T01:13:20.919Z pw:api   locator resolved to &lt;a id="ember159" href="#/purchaseorders" class="ember-view ember-transitioning-in nav-link"&gt;ΓÇª&lt;/a&gt;</Text>
      </RunInfo>
      <RunInfo computerName="DESKTOP-RSFFHJT" outcome="Warning" timestamp="2025-05-01T21:13:20.9213303-04:00">
        <Text>2025-05-02T01:13:20.920Z pw:api waiting for Locator("div[id='main-nav-tab'] a[id*='ember'][class$='nav-link'], div[id='main-nav-tab']  a[id*='ember'][class$='nav-link ']").Nth(17)</Text>
      </RunInfo>
      <RunInfo computerName="DESKTOP-RSFFHJT" outcome="Warning" timestamp="2025-05-01T21:13:20.9229922-04:00">
        <Text>2025-05-02T01:13:20.921Z pw:api   locator resolved to &lt;a id="ember163" href="#/purchasereceives" class="ember-view nav-link"&gt;ΓÇª&lt;/a&gt;</Text>
      </RunInfo>
      <RunInfo computerName="DESKTOP-RSFFHJT" outcome="Warning" timestamp="2025-05-01T21:13:20.9235272-04:00">
        <Text>2025-05-02T01:13:20.922Z pw:api waiting for Locator("div[id='main-nav-tab'] a[id*='ember'][class$='nav-link'], div[id='main-nav-tab']  a[id*='ember'][class$='nav-link ']").Nth(18)</Text>
      </RunInfo>
      <RunInfo computerName="DESKTOP-RSFFHJT" outcome="Warning" timestamp="2025-05-01T21:13:20.9250078-04:00">
        <Text>2025-05-02T01:13:20.924Z pw:api   locator resolved to &lt;a id="ember168" href="#/bills" class="ember-view nav-link"&gt;ΓÇª&lt;/a&gt;</Text>
      </RunInfo>
      <RunInfo computerName="DESKTOP-RSFFHJT" outcome="Warning" timestamp="2025-05-01T21:13:20.9259313-04:00">
        <Text>2025-05-02T01:13:20.924Z pw:api waiting for Locator("div[id='main-nav-tab'] a[id*='ember'][class$='nav-link'], div[id='main-nav-tab']  a[id*='ember'][class$='nav-link ']").Nth(19)</Text>
      </RunInfo>
      <RunInfo computerName="DESKTOP-RSFFHJT" outcome="Warning" timestamp="2025-05-01T21:13:20.9282408-04:00">
        <Text>2025-05-02T01:13:20.927Z pw:api   locator resolved to &lt;a id="ember172" href="#/paymentsmade" class="ember-view nav-link"&gt;ΓÇª&lt;/a&gt;</Text>
      </RunInfo>
      <RunInfo computerName="DESKTOP-RSFFHJT" outcome="Warning" timestamp="2025-05-01T21:13:20.9287979-04:00">
        <Text>2025-05-02T01:13:20.927Z pw:api waiting for Locator("div[id='main-nav-tab'] a[id*='ember'][class$='nav-link'], div[id='main-nav-tab']  a[id*='ember'][class$='nav-link ']").Nth(20)</Text>
      </RunInfo>
      <RunInfo computerName="DESKTOP-RSFFHJT" outcome="Warning" timestamp="2025-05-01T21:13:20.9311765-04:00">
        <Text>2025-05-02T01:13:20.929Z pw:api   locator resolved to &lt;a id="ember177" href="#/vendorcredits" class="ember-view nav-link"&gt;ΓÇª&lt;/a&gt;</Text>
      </RunInfo>
      <RunInfo computerName="DESKTOP-RSFFHJT" outcome="Warning" timestamp="2025-05-01T21:13:20.9321165-04:00">
        <Text>2025-05-02T01:13:20.931Z pw:api waiting for Locator("div[id='main-nav-tab'] a[id*='ember'][class$='nav-link'], div[id='main-nav-tab']  a[id*='ember'][class$='nav-link ']").Nth(21)</Text>
      </RunInfo>
      <RunInfo computerName="DESKTOP-RSFFHJT" outcome="Warning" timestamp="2025-05-01T21:13:20.9340791-04:00">
        <Text>2025-05-02T01:13:20.933Z pw:api   locator resolved to &lt;a id="ember181" class="ember-view nav-link" href="#/settings/integrations"&gt;ΓÇª&lt;/a&gt;</Text>
      </RunInfo>
      <RunInfo computerName="DESKTOP-RSFFHJT" outcome="Warning" timestamp="2025-05-01T21:13:20.9346989-04:00">
        <Text>2025-05-02T01:13:20.933Z pw:api waiting for Locator("div[id='main-nav-tab'] a[id*='ember'][class$='nav-link'], div[id='main-nav-tab']  a[id*='ember'][class$='nav-link ']").Nth(22)</Text>
      </RunInfo>
      <RunInfo computerName="DESKTOP-RSFFHJT" outcome="Warning" timestamp="2025-05-01T21:13:20.9362765-04:00">
        <Text>2025-05-02T01:13:20.935Z pw:api   locator resolved to &lt;a id="ember184" href="#/reports" class="ember-view nav-link"&gt;ΓÇª&lt;/a&gt;</Text>
      </RunInfo>
      <RunInfo computerName="DESKTOP-RSFFHJT" outcome="Warning" timestamp="2025-05-01T21:13:20.9368171-04:00">
        <Text>2025-05-02T01:13:20.935Z pw:api waiting for Locator("div[id='main-nav-tab'] a[id*='ember'][class$='nav-link'], div[id='main-nav-tab']  a[id*='ember'][class$='nav-link ']").Nth(23)</Text>
      </RunInfo>
      <RunInfo computerName="DESKTOP-RSFFHJT" outcome="Warning" timestamp="2025-05-01T21:13:20.9382966-04:00">
        <Text>2025-05-02T01:13:20.937Z pw:api   locator resolved to &lt;a id="ember187" href="#/documents/inbox" class="ember-view nav-link"&gt;ΓÇª&lt;/a&gt;</Text>
      </RunInfo>
      <RunInfo computerName="DESKTOP-RSFFHJT" outcome="Warning" timestamp="2025-05-01T21:13:20.9389064-04:00">
        <Text>2025-05-02T01:13:20.937Z pw:api waiting for Locator("div[id='main-nav-tab'] a[id*='ember'][class$='nav-link'], div[id='main-nav-tab']  a[id*='ember'][class$='nav-link ']").Nth(17)</Text>
      </RunInfo>
      <RunInfo computerName="DESKTOP-RSFFHJT" outcome="Warning" timestamp="2025-05-01T21:13:20.9406957-04:00">
        <Text>2025-05-02T01:13:20.939Z pw:api   locator resolved to &lt;a id="ember163" href="#/purchasereceives" class="ember-view nav-link"&gt;ΓÇª&lt;/a&gt;</Text>
      </RunInfo>
      <RunInfo computerName="DESKTOP-RSFFHJT" outcome="Warning" timestamp="2025-05-01T21:13:20.9412720-04:00">
        <Text>2025-05-02T01:13:20.940Z pw:api attempting click action</Text>
      </RunInfo>
      <RunInfo computerName="DESKTOP-RSFFHJT" outcome="Warning" timestamp="2025-05-01T21:13:20.9412948-04:00">
        <Text>2025-05-02T01:13:20.940Z pw:api   waiting for element to be visible, enabled and stable</Text>
      </RunInfo>
      <RunInfo computerName="DESKTOP-RSFFHJT" outcome="Warning" timestamp="2025-05-01T21:13:20.9637586-04:00">
        <Text>2025-05-02T01:13:20.962Z pw:api   element is visible, enabled and stable</Text>
      </RunInfo>
      <RunInfo computerName="DESKTOP-RSFFHJT" outcome="Warning" timestamp="2025-05-01T21:13:20.9637737-04:00">
        <Text>2025-05-02T01:13:20.962Z pw:api   scrolling into view if needed</Text>
      </RunInfo>
      <RunInfo computerName="DESKTOP-RSFFHJT" outcome="Warning" timestamp="2025-05-01T21:13:20.9640740-04:00">
        <Text>2025-05-02T01:13:20.963Z pw:api   done scrolling</Text>
      </RunInfo>
      <RunInfo computerName="DESKTOP-RSFFHJT" outcome="Warning" timestamp="2025-05-01T21:13:20.9658538-04:00">
        <Text>2025-05-02T01:13:20.964Z pw:api   performing click action</Text>
      </RunInfo>
      <RunInfo computerName="DESKTOP-RSFFHJT" outcome="Warning" timestamp="2025-05-01T21:13:20.9781839-04:00">
        <Text>2025-05-02T01:13:20.977Z pw:api   click action done</Text>
      </RunInfo>
      <RunInfo computerName="DESKTOP-RSFFHJT" outcome="Warning" timestamp="2025-05-01T21:13:20.9781904-04:00">
        <Text>2025-05-02T01:13:20.977Z pw:api   waiting for scheduled navigations to finish</Text>
      </RunInfo>
      <RunInfo computerName="DESKTOP-RSFFHJT" outcome="Warning" timestamp="2025-05-01T21:13:20.9783464-04:00">
        <Text>2025-05-02T01:13:20.977Z pw:api   navigations have finished</Text>
      </RunInfo>
      <RunInfo computerName="DESKTOP-RSFFHJT" outcome="Warning" timestamp="2025-05-01T21:13:20.9815244-04:00">
        <Text>2025-05-02T01:13:20.980Z pw:api waiting for Locator("div[id='main-nav-tab'] a[id*='ember'][class$='nav-link'], div[id='main-nav-tab']  a[id*='ember'][class$='nav-link ']").First</Text>
      </RunInfo>
      <RunInfo computerName="DESKTOP-RSFFHJT" outcome="Warning" timestamp="2025-05-01T21:13:20.9829562-04:00">
        <Text>2025-05-02T01:13:20.981Z pw:api   locator resolved to &lt;a id="ember79" href="#/home" class="ember-view active ember-transitioning-out nav-link"&gt;ΓÇª&lt;/a&gt;</Text>
      </RunInfo>
      <RunInfo computerName="DESKTOP-RSFFHJT" outcome="Warning" timestamp="2025-05-01T21:13:20.9835151-04:00">
        <Text>2025-05-02T01:13:20.982Z pw:api waiting for Locator("div[id='main-nav-tab'] a[id*='ember'][class$='nav-link'], div[id='main-nav-tab']  a[id*='ember'][class$='nav-link ']").Nth(1)</Text>
      </RunInfo>
      <RunInfo computerName="DESKTOP-RSFFHJT" outcome="Warning" timestamp="2025-05-01T21:13:20.9845962-04:00">
        <Text>2025-05-02T01:13:20.983Z pw:api   locator resolved to &lt;a id="ember82" class="collapsed ember-view nav-link "&gt;ΓÇª&lt;/a&gt;</Text>
      </RunInfo>
      <RunInfo computerName="DESKTOP-RSFFHJT" outcome="Warning" timestamp="2025-05-01T21:13:20.9850731-04:00">
        <Text>2025-05-02T01:13:20.984Z pw:api waiting for Locator("div[id='main-nav-tab'] a[id*='ember'][class$='nav-link'], div[id='main-nav-tab']  a[id*='ember'][class$='nav-link ']").Nth(2)</Text>
      </RunInfo>
      <RunInfo computerName="DESKTOP-RSFFHJT" outcome="Warning" timestamp="2025-05-01T21:13:20.9862835-04:00">
        <Text>2025-05-02T01:13:20.985Z pw:api   locator resolved to &lt;a id="ember86" href="#/inventory/items" class="ember-view nav-link"&gt;ΓÇª&lt;/a&gt;</Text>
      </RunInfo>
      <RunInfo computerName="DESKTOP-RSFFHJT" outcome="Warning" timestamp="2025-05-01T21:13:20.9869249-04:00">
        <Text>2025-05-02T01:13:20.985Z pw:api waiting for Locator("div[id='main-nav-tab'] a[id*='ember'][class$='nav-link'], div[id='main-nav-tab']  a[id*='ember'][class$='nav-link ']").Nth(3)</Text>
      </RunInfo>
      <RunInfo computerName="DESKTOP-RSFFHJT" outcome="Warning" timestamp="2025-05-01T21:13:20.9882002-04:00">
        <Text>2025-05-02T01:13:20.987Z pw:api   locator resolved to &lt;a id="ember91" class="ember-view nav-link" href="#/inventory/itemgroups"&gt;ΓÇª&lt;/a&gt;</Text>
      </RunInfo>
      <RunInfo computerName="DESKTOP-RSFFHJT" outcome="Warning" timestamp="2025-05-01T21:13:20.9886043-04:00">
        <Text>2025-05-02T01:13:20.987Z pw:api waiting for Locator("div[id='main-nav-tab'] a[id*='ember'][class$='nav-link'], div[id='main-nav-tab']  a[id*='ember'][class$='nav-link ']").Nth(4)</Text>
      </RunInfo>
      <RunInfo computerName="DESKTOP-RSFFHJT" outcome="Warning" timestamp="2025-05-01T21:13:20.9899852-04:00">
        <Text>2025-05-02T01:13:20.989Z pw:api   locator resolved to &lt;a id="ember97" class="ember-view nav-link" href="#/inventory/adjustments"&gt;ΓÇª&lt;/a&gt;</Text>
      </RunInfo>
      <RunInfo computerName="DESKTOP-RSFFHJT" outcome="Warning" timestamp="2025-05-01T21:13:20.9905097-04:00">
        <Text>2025-05-02T01:13:20.989Z pw:api waiting for Locator("div[id='main-nav-tab'] a[id*='ember'][class$='nav-link'], div[id='main-nav-tab']  a[id*='ember'][class$='nav-link ']").Nth(5)</Text>
      </RunInfo>
      <RunInfo computerName="DESKTOP-RSFFHJT" outcome="Warning" timestamp="2025-05-01T21:13:20.9916670-04:00">
        <Text>2025-05-02T01:13:20.990Z pw:api   locator resolved to &lt;a id="ember104" class="collapsed ember-view nav-link "&gt;ΓÇª&lt;/a&gt;</Text>
      </RunInfo>
      <RunInfo computerName="DESKTOP-RSFFHJT" outcome="Warning" timestamp="2025-05-01T21:13:20.9921742-04:00">
        <Text>2025-05-02T01:13:20.991Z pw:api waiting for Locator("div[id='main-nav-tab'] a[id*='ember'][class$='nav-link'], div[id='main-nav-tab']  a[id*='ember'][class$='nav-link ']").Nth(6)</Text>
      </RunInfo>
      <RunInfo computerName="DESKTOP-RSFFHJT" outcome="Warning" timestamp="2025-05-01T21:13:20.9935705-04:00">
        <Text>2025-05-02T01:13:20.992Z pw:api   locator resolved to &lt;a id="ember108" href="#/contacts" class="ember-view nav-link"&gt;ΓÇª&lt;/a&gt;</Text>
      </RunInfo>
      <RunInfo computerName="DESKTOP-RSFFHJT" outcome="Warning" timestamp="2025-05-01T21:13:20.9939436-04:00">
        <Text>2025-05-02T01:13:20.993Z pw:api waiting for Locator("div[id='main-nav-tab'] a[id*='ember'][class$='nav-link'], div[id='main-nav-tab']  a[id*='ember'][class$='nav-link ']").Nth(7)</Text>
      </RunInfo>
      <RunInfo computerName="DESKTOP-RSFFHJT" outcome="Warning" timestamp="2025-05-01T21:13:20.9950676-04:00">
        <Text>2025-05-02T01:13:20.994Z pw:api   locator resolved to &lt;a id="ember114" href="#/salesorders" class="ember-view nav-link"&gt;ΓÇª&lt;/a&gt;</Text>
      </RunInfo>
      <RunInfo computerName="DESKTOP-RSFFHJT" outcome="Warning" timestamp="2025-05-01T21:13:20.9956363-04:00">
        <Text>2025-05-02T01:13:20.994Z pw:api waiting for Locator("div[id='main-nav-tab'] a[id*='ember'][class$='nav-link'], div[id='main-nav-tab']  a[id*='ember'][class$='nav-link ']").Nth(8)</Text>
      </RunInfo>
      <RunInfo computerName="DESKTOP-RSFFHJT" outcome="Warning" timestamp="2025-05-01T21:13:20.9973290-04:00">
        <Text>2025-05-02T01:13:20.996Z pw:api   locator resolved to &lt;a id="ember121" href="#/packages" class="ember-view nav-link"&gt;ΓÇª&lt;/a&gt;</Text>
      </RunInfo>
      <RunInfo computerName="DESKTOP-RSFFHJT" outcome="Warning" timestamp="2025-05-01T21:13:20.9978175-04:00">
        <Text>2025-05-02T01:13:20.996Z pw:api waiting for Locator("div[id='main-nav-tab'] a[id*='ember'][class$='nav-link'], div[id='main-nav-tab']  a[id*='ember'][class$='nav-link ']").Nth(9)</Text>
      </RunInfo>
      <RunInfo computerName="DESKTOP-RSFFHJT" outcome="Warning" timestamp="2025-05-01T21:13:20.9995153-04:00">
        <Text>2025-05-02T01:13:20.998Z pw:api   locator resolved to &lt;a id="ember125" href="#/shipments" class="ember-view nav-link"&gt;ΓÇª&lt;/a&gt;</Text>
      </RunInfo>
      <RunInfo computerName="DESKTOP-RSFFHJT" outcome="Warning" timestamp="2025-05-01T21:13:20.9999496-04:00">
        <Text>2025-05-02T01:13:20.999Z pw:api waiting for Locator("div[id='main-nav-tab'] a[id*='ember'][class$='nav-link'], div[id='main-nav-tab']  a[id*='ember'][class$='nav-link ']").Nth(10)</Text>
      </RunInfo>
      <RunInfo computerName="DESKTOP-RSFFHJT" outcome="Warning" timestamp="2025-05-01T21:13:21.0014365-04:00">
        <Text>2025-05-02T01:13:21.000Z pw:api   locator resolved to &lt;a id="ember129" href="#/invoices" class="ember-view nav-link"&gt;ΓÇª&lt;/a&gt;</Text>
      </RunInfo>
      <RunInfo computerName="DESKTOP-RSFFHJT" outcome="Warning" timestamp="2025-05-01T21:13:21.0020375-04:00">
        <Text>2025-05-02T01:13:21.001Z pw:api waiting for Locator("div[id='main-nav-tab'] a[id*='ember'][class$='nav-link'], div[id='main-nav-tab']  a[id*='ember'][class$='nav-link ']").Nth(11)</Text>
      </RunInfo>
      <RunInfo computerName="DESKTOP-RSFFHJT" outcome="Warning" timestamp="2025-05-01T21:13:21.0032915-04:00">
        <Text>2025-05-02T01:13:21.002Z pw:api   locator resolved to &lt;a id="ember134" href="#/paymentsreceived" class="ember-view nav-link"&gt;ΓÇª&lt;/a&gt;</Text>
      </RunInfo>
      <RunInfo computerName="DESKTOP-RSFFHJT" outcome="Warning" timestamp="2025-05-01T21:13:21.0038138-04:00">
        <Text>2025-05-02T01:13:21.002Z pw:api waiting for Locator("div[id='main-nav-tab'] a[id*='ember'][class$='nav-link'], div[id='main-nav-tab']  a[id*='ember'][class$='nav-link ']").Nth(12)</Text>
      </RunInfo>
      <RunInfo computerName="DESKTOP-RSFFHJT" outcome="Warning" timestamp="2025-05-01T21:13:21.0051415-04:00">
        <Text>2025-05-02T01:13:21.004Z pw:api   locator resolved to &lt;a id="ember140" href="#/salesreturns" class="ember-view nav-link"&gt;ΓÇª&lt;/a&gt;</Text>
      </RunInfo>
      <RunInfo computerName="DESKTOP-RSFFHJT" outcome="Warning" timestamp="2025-05-01T21:13:21.0056269-04:00">
        <Text>2025-05-02T01:13:21.004Z pw:api waiting for Locator("div[id='main-nav-tab'] a[id*='ember'][class$='nav-link'], div[id='main-nav-tab']  a[id*='ember'][class$='nav-link ']").Nth(13)</Text>
      </RunInfo>
      <RunInfo computerName="DESKTOP-RSFFHJT" outcome="Warning" timestamp="2025-05-01T21:13:21.0069234-04:00">
        <Text>2025-05-02T01:13:21.005Z pw:api   locator resolved to &lt;a id="ember143" href="#/creditnotes" class="ember-view nav-link"&gt;ΓÇª&lt;/a&gt;</Text>
      </RunInfo>
      <RunInfo computerName="DESKTOP-RSFFHJT" outcome="Warning" timestamp="2025-05-01T21:13:21.0073598-04:00">
        <Text>2025-05-02T01:13:21.006Z pw:api waiting for Locator("div[id='main-nav-tab'] a[id*='ember'][class$='nav-link'], div[id='main-nav-tab']  a[id*='ember'][class$='nav-link ']").Nth(14)</Text>
      </RunInfo>
      <RunInfo computerName="DESKTOP-RSFFHJT" outcome="Warning" timestamp="2025-05-01T21:13:21.0090068-04:00">
        <Text>2025-05-02T01:13:21.008Z pw:api   locator resolved to &lt;a id="ember151" href="#/vendors" class="ember-view nav-link"&gt;ΓÇª&lt;/a&gt;</Text>
      </RunInfo>
      <RunInfo computerName="DESKTOP-RSFFHJT" outcome="Warning" timestamp="2025-05-01T21:13:21.0096968-04:00">
        <Text>2025-05-02T01:13:21.008Z pw:api waiting for Locator("div[id='main-nav-tab'] a[id*='ember'][class$='nav-link'], div[id='main-nav-tab']  a[id*='ember'][class$='nav-link ']").Nth(15)</Text>
      </RunInfo>
      <RunInfo computerName="DESKTOP-RSFFHJT" outcome="Warning" timestamp="2025-05-01T21:13:21.0111025-04:00">
        <Text>2025-05-02T01:13:21.010Z pw:api   locator resolved to &lt;a id="ember155" href="#/expenses" class="ember-view nav-link"&gt;ΓÇª&lt;/a&gt;</Text>
      </RunInfo>
      <RunInfo computerName="DESKTOP-RSFFHJT" outcome="Warning" timestamp="2025-05-01T21:13:21.0117056-04:00">
        <Text>2025-05-02T01:13:21.010Z pw:api waiting for Locator("div[id='main-nav-tab'] a[id*='ember'][class$='nav-link'], div[id='main-nav-tab']  a[id*='ember'][class$='nav-link ']").Nth(16)</Text>
      </RunInfo>
      <RunInfo computerName="DESKTOP-RSFFHJT" outcome="Warning" timestamp="2025-05-01T21:13:21.0132001-04:00">
        <Text>2025-05-02T01:13:21.012Z pw:api   locator resolved to &lt;a id="ember159" href="#/purchaseorders" class="ember-view nav-link"&gt;ΓÇª&lt;/a&gt;</Text>
      </RunInfo>
      <RunInfo computerName="DESKTOP-RSFFHJT" outcome="Warning" timestamp="2025-05-01T21:13:21.0142166-04:00">
        <Text>2025-05-02T01:13:21.013Z pw:api waiting for Locator("div[id='main-nav-tab'] a[id*='ember'][class$='nav-link'], div[id='main-nav-tab']  a[id*='ember'][class$='nav-link ']").Nth(17)</Text>
      </RunInfo>
      <RunInfo computerName="DESKTOP-RSFFHJT" outcome="Warning" timestamp="2025-05-01T21:13:21.0156335-04:00">
        <Text>2025-05-02T01:13:21.014Z pw:api   locator resolved to &lt;a id="ember163" href="#/purchasereceives" class="ember-view ember-transitioning-in nav-link"&gt;ΓÇª&lt;/a&gt;</Text>
      </RunInfo>
      <RunInfo computerName="DESKTOP-RSFFHJT" outcome="Warning" timestamp="2025-05-01T21:13:21.0161070-04:00">
        <Text>2025-05-02T01:13:21.015Z pw:api waiting for Locator("div[id='main-nav-tab'] a[id*='ember'][class$='nav-link'], div[id='main-nav-tab']  a[id*='ember'][class$='nav-link ']").Nth(18)</Text>
      </RunInfo>
      <RunInfo computerName="DESKTOP-RSFFHJT" outcome="Warning" timestamp="2025-05-01T21:13:21.0175162-04:00">
        <Text>2025-05-02T01:13:21.016Z pw:api   locator resolved to &lt;a id="ember168" href="#/bills" class="ember-view nav-link"&gt;ΓÇª&lt;/a&gt;</Text>
      </RunInfo>
      <RunInfo computerName="DESKTOP-RSFFHJT" outcome="Warning" timestamp="2025-05-01T21:13:21.0181598-04:00">
        <Text>2025-05-02T01:13:21.017Z pw:api waiting for Locator("div[id='main-nav-tab'] a[id*='ember'][class$='nav-link'], div[id='main-nav-tab']  a[id*='ember'][class$='nav-link ']").Nth(19)</Text>
      </RunInfo>
      <RunInfo computerName="DESKTOP-RSFFHJT" outcome="Warning" timestamp="2025-05-01T21:13:21.0195602-04:00">
        <Text>2025-05-02T01:13:21.018Z pw:api   locator resolved to &lt;a id="ember172" href="#/paymentsmade" class="ember-view nav-link"&gt;ΓÇª&lt;/a&gt;</Text>
      </RunInfo>
      <RunInfo computerName="DESKTOP-RSFFHJT" outcome="Warning" timestamp="2025-05-01T21:13:21.0200627-04:00">
        <Text>2025-05-02T01:13:21.019Z pw:api waiting for Locator("div[id='main-nav-tab'] a[id*='ember'][class$='nav-link'], div[id='main-nav-tab']  a[id*='ember'][class$='nav-link ']").Nth(20)</Text>
      </RunInfo>
      <RunInfo computerName="DESKTOP-RSFFHJT" outcome="Warning" timestamp="2025-05-01T21:13:21.0214614-04:00">
        <Text>2025-05-02T01:13:21.020Z pw:api   locator resolved to &lt;a id="ember177" href="#/vendorcredits" class="ember-view nav-link"&gt;ΓÇª&lt;/a&gt;</Text>
      </RunInfo>
      <RunInfo computerName="DESKTOP-RSFFHJT" outcome="Warning" timestamp="2025-05-01T21:13:21.0218964-04:00">
        <Text>2025-05-02T01:13:21.020Z pw:api waiting for Locator("div[id='main-nav-tab'] a[id*='ember'][class$='nav-link'], div[id='main-nav-tab']  a[id*='ember'][class$='nav-link ']").Nth(21)</Text>
      </RunInfo>
      <RunInfo computerName="DESKTOP-RSFFHJT" outcome="Warning" timestamp="2025-05-01T21:13:21.0232098-04:00">
        <Text>2025-05-02T01:13:21.022Z pw:api   locator resolved to &lt;a id="ember181" class="ember-view nav-link" href="#/settings/integrations"&gt;ΓÇª&lt;/a&gt;</Text>
      </RunInfo>
      <RunInfo computerName="DESKTOP-RSFFHJT" outcome="Warning" timestamp="2025-05-01T21:13:21.0237712-04:00">
        <Text>2025-05-02T01:13:21.022Z pw:api waiting for Locator("div[id='main-nav-tab'] a[id*='ember'][class$='nav-link'], div[id='main-nav-tab']  a[id*='ember'][class$='nav-link ']").Nth(22)</Text>
      </RunInfo>
      <RunInfo computerName="DESKTOP-RSFFHJT" outcome="Warning" timestamp="2025-05-01T21:13:21.0251176-04:00">
        <Text>2025-05-02T01:13:21.024Z pw:api   locator resolved to &lt;a id="ember184" href="#/reports" class="ember-view nav-link"&gt;ΓÇª&lt;/a&gt;</Text>
      </RunInfo>
      <RunInfo computerName="DESKTOP-RSFFHJT" outcome="Warning" timestamp="2025-05-01T21:13:21.0257242-04:00">
        <Text>2025-05-02T01:13:21.024Z pw:api waiting for Locator("div[id='main-nav-tab'] a[id*='ember'][class$='nav-link'], div[id='main-nav-tab']  a[id*='ember'][class$='nav-link ']").Nth(23)</Text>
      </RunInfo>
      <RunInfo computerName="DESKTOP-RSFFHJT" outcome="Warning" timestamp="2025-05-01T21:13:21.0269582-04:00">
        <Text>2025-05-02T01:13:21.026Z pw:api   locator resolved to &lt;a id="ember187" href="#/documents/inbox" class="ember-view nav-link"&gt;ΓÇª&lt;/a&gt;</Text>
      </RunInfo>
      <RunInfo computerName="DESKTOP-RSFFHJT" outcome="Warning" timestamp="2025-05-01T21:13:21.0274355-04:00">
        <Text>2025-05-02T01:13:21.026Z pw:api waiting for Locator("div[id='main-nav-tab'] a[id*='ember'][class$='nav-link'], div[id='main-nav-tab']  a[id*='ember'][class$='nav-link ']").Nth(18)</Text>
      </RunInfo>
      <RunInfo computerName="DESKTOP-RSFFHJT" outcome="Warning" timestamp="2025-05-01T21:13:21.0293118-04:00">
        <Text>2025-05-02T01:13:21.028Z pw:api   locator resolved to &lt;a id="ember168" href="#/bills" class="ember-view nav-link"&gt;ΓÇª&lt;/a&gt;</Text>
      </RunInfo>
      <RunInfo computerName="DESKTOP-RSFFHJT" outcome="Warning" timestamp="2025-05-01T21:13:21.0297586-04:00">
        <Text>2025-05-02T01:13:21.028Z pw:api attempting click action</Text>
      </RunInfo>
      <RunInfo computerName="DESKTOP-RSFFHJT" outcome="Warning" timestamp="2025-05-01T21:13:21.0297913-04:00">
        <Text>2025-05-02T01:13:21.028Z pw:api   waiting for element to be visible, enabled and stable</Text>
      </RunInfo>
      <RunInfo computerName="DESKTOP-RSFFHJT" outcome="Warning" timestamp="2025-05-01T21:13:21.0639013-04:00">
        <Text>2025-05-02T01:13:21.062Z pw:api   element is visible, enabled and stable</Text>
      </RunInfo>
      <RunInfo computerName="DESKTOP-RSFFHJT" outcome="Warning" timestamp="2025-05-01T21:13:21.0639094-04:00">
        <Text>2025-05-02T01:13:21.062Z pw:api   scrolling into view if needed</Text>
      </RunInfo>
      <RunInfo computerName="DESKTOP-RSFFHJT" outcome="Warning" timestamp="2025-05-01T21:13:21.0657730-04:00">
        <Text>2025-05-02T01:13:21.064Z pw:api   done scrolling</Text>
      </RunInfo>
      <RunInfo computerName="DESKTOP-RSFFHJT" outcome="Warning" timestamp="2025-05-01T21:13:21.0673237-04:00">
        <Text>2025-05-02T01:13:21.066Z pw:api   performing click action</Text>
      </RunInfo>
      <RunInfo computerName="DESKTOP-RSFFHJT" outcome="Warning" timestamp="2025-05-01T21:13:21.0830796-04:00">
        <Text>2025-05-02T01:13:21.081Z pw:api   click action done</Text>
      </RunInfo>
      <RunInfo computerName="DESKTOP-RSFFHJT" outcome="Warning" timestamp="2025-05-01T21:13:21.0830896-04:00">
        <Text>2025-05-02T01:13:21.081Z pw:api   waiting for scheduled navigations to finish</Text>
      </RunInfo>
      <RunInfo computerName="DESKTOP-RSFFHJT" outcome="Warning" timestamp="2025-05-01T21:13:21.0831707-04:00">
        <Text>2025-05-02T01:13:21.082Z pw:api   navigations have finished</Text>
      </RunInfo>
      <RunInfo computerName="DESKTOP-RSFFHJT" outcome="Warning" timestamp="2025-05-01T21:13:21.0858935-04:00">
        <Text>2025-05-02T01:13:21.084Z pw:api waiting for Locator("div[id='main-nav-tab'] a[id*='ember'][class$='nav-link'], div[id='main-nav-tab']  a[id*='ember'][class$='nav-link ']").First</Text>
      </RunInfo>
      <RunInfo computerName="DESKTOP-RSFFHJT" outcome="Warning" timestamp="2025-05-01T21:13:21.0871923-04:00">
        <Text>2025-05-02T01:13:21.086Z pw:api   locator resolved to &lt;a id="ember79" href="#/home" class="ember-view active ember-transitioning-out nav-link"&gt;ΓÇª&lt;/a&gt;</Text>
      </RunInfo>
      <RunInfo computerName="DESKTOP-RSFFHJT" outcome="Warning" timestamp="2025-05-01T21:13:21.0876382-04:00">
        <Text>2025-05-02T01:13:21.086Z pw:api waiting for Locator("div[id='main-nav-tab'] a[id*='ember'][class$='nav-link'], div[id='main-nav-tab']  a[id*='ember'][class$='nav-link ']").Nth(1)</Text>
      </RunInfo>
      <RunInfo computerName="DESKTOP-RSFFHJT" outcome="Warning" timestamp="2025-05-01T21:13:21.0889716-04:00">
        <Text>2025-05-02T01:13:21.088Z pw:api   locator resolved to &lt;a id="ember82" class="collapsed ember-view nav-link "&gt;ΓÇª&lt;/a&gt;</Text>
      </RunInfo>
      <RunInfo computerName="DESKTOP-RSFFHJT" outcome="Warning" timestamp="2025-05-01T21:13:21.0894437-04:00">
        <Text>2025-05-02T01:13:21.088Z pw:api waiting for Locator("div[id='main-nav-tab'] a[id*='ember'][class$='nav-link'], div[id='main-nav-tab']  a[id*='ember'][class$='nav-link ']").Nth(2)</Text>
      </RunInfo>
      <RunInfo computerName="DESKTOP-RSFFHJT" outcome="Warning" timestamp="2025-05-01T21:13:21.0906556-04:00">
        <Text>2025-05-02T01:13:21.089Z pw:api   locator resolved to &lt;a id="ember86" href="#/inventory/items" class="ember-view nav-link"&gt;ΓÇª&lt;/a&gt;</Text>
      </RunInfo>
      <RunInfo computerName="DESKTOP-RSFFHJT" outcome="Warning" timestamp="2025-05-01T21:13:21.0912632-04:00">
        <Text>2025-05-02T01:13:21.090Z pw:api waiting for Locator("div[id='main-nav-tab'] a[id*='ember'][class$='nav-link'], div[id='main-nav-tab']  a[id*='ember'][class$='nav-link ']").Nth(3)</Text>
      </RunInfo>
      <RunInfo computerName="DESKTOP-RSFFHJT" outcome="Warning" timestamp="2025-05-01T21:13:21.0925173-04:00">
        <Text>2025-05-02T01:13:21.091Z pw:api   locator resolved to &lt;a id="ember91" class="ember-view nav-link" href="#/inventory/itemgroups"&gt;ΓÇª&lt;/a&gt;</Text>
      </RunInfo>
      <RunInfo computerName="DESKTOP-RSFFHJT" outcome="Warning" timestamp="2025-05-01T21:13:21.0931209-04:00">
        <Text>2025-05-02T01:13:21.092Z pw:api waiting for Locator("div[id='main-nav-tab'] a[id*='ember'][class$='nav-link'], div[id='main-nav-tab']  a[id*='ember'][class$='nav-link ']").Nth(4)</Text>
      </RunInfo>
      <RunInfo computerName="DESKTOP-RSFFHJT" outcome="Warning" timestamp="2025-05-01T21:13:21.0945543-04:00">
        <Text>2025-05-02T01:13:21.093Z pw:api   locator resolved to &lt;a id="ember97" class="ember-view nav-link" href="#/inventory/adjustments"&gt;ΓÇª&lt;/a&gt;</Text>
      </RunInfo>
      <RunInfo computerName="DESKTOP-RSFFHJT" outcome="Warning" timestamp="2025-05-01T21:13:21.0950162-04:00">
        <Text>2025-05-02T01:13:21.094Z pw:api waiting for Locator("div[id='main-nav-tab'] a[id*='ember'][class$='nav-link'], div[id='main-nav-tab']  a[id*='ember'][class$='nav-link ']").Nth(5)</Text>
      </RunInfo>
      <RunInfo computerName="DESKTOP-RSFFHJT" outcome="Warning" timestamp="2025-05-01T21:13:21.0966777-04:00">
        <Text>2025-05-02T01:13:21.095Z pw:api   locator resolved to &lt;a id="ember104" class="collapsed ember-view nav-link "&gt;ΓÇª&lt;/a&gt;</Text>
      </RunInfo>
      <RunInfo computerName="DESKTOP-RSFFHJT" outcome="Warning" timestamp="2025-05-01T21:13:21.0990709-04:00">
        <Text>2025-05-02T01:13:21.096Z pw:api waiting for Locator("div[id='main-nav-tab'] a[id*='ember'][class$='nav-link'], div[id='main-nav-tab']  a[id*='ember'][class$='nav-link ']").Nth(6)</Text>
      </RunInfo>
      <RunInfo computerName="DESKTOP-RSFFHJT" outcome="Warning" timestamp="2025-05-01T21:13:21.0990785-04:00">
        <Text>2025-05-02T01:13:21.097Z pw:api   locator resolved to &lt;a id="ember108" href="#/contacts" class="ember-view nav-link"&gt;ΓÇª&lt;/a&gt;</Text>
      </RunInfo>
      <RunInfo computerName="DESKTOP-RSFFHJT" outcome="Warning" timestamp="2025-05-01T21:13:21.0994500-04:00">
        <Text>2025-05-02T01:13:21.098Z pw:api waiting for Locator("div[id='main-nav-tab'] a[id*='ember'][class$='nav-link'], div[id='main-nav-tab']  a[id*='ember'][class$='nav-link ']").Nth(7)</Text>
      </RunInfo>
      <RunInfo computerName="DESKTOP-RSFFHJT" outcome="Warning" timestamp="2025-05-01T21:13:21.1008341-04:00">
        <Text>2025-05-02T01:13:21.099Z pw:api   locator resolved to &lt;a id="ember114" href="#/salesorders" class="ember-view nav-link"&gt;ΓÇª&lt;/a&gt;</Text>
      </RunInfo>
      <RunInfo computerName="DESKTOP-RSFFHJT" outcome="Warning" timestamp="2025-05-01T21:13:21.1013336-04:00">
        <Text>2025-05-02T01:13:21.100Z pw:api waiting for Locator("div[id='main-nav-tab'] a[id*='ember'][class$='nav-link'], div[id='main-nav-tab']  a[id*='ember'][class$='nav-link ']").Nth(8)</Text>
      </RunInfo>
      <RunInfo computerName="DESKTOP-RSFFHJT" outcome="Warning" timestamp="2025-05-01T21:13:21.1026230-04:00">
        <Text>2025-05-02T01:13:21.101Z pw:api   locator resolved to &lt;a id="ember121" href="#/packages" class="ember-view nav-link"&gt;ΓÇª&lt;/a&gt;</Text>
      </RunInfo>
      <RunInfo computerName="DESKTOP-RSFFHJT" outcome="Warning" timestamp="2025-05-01T21:13:21.1033241-04:00">
        <Text>2025-05-02T01:13:21.102Z pw:api waiting for Locator("div[id='main-nav-tab'] a[id*='ember'][class$='nav-link'], div[id='main-nav-tab']  a[id*='ember'][class$='nav-link ']").Nth(9)</Text>
      </RunInfo>
      <RunInfo computerName="DESKTOP-RSFFHJT" outcome="Warning" timestamp="2025-05-01T21:13:21.1046396-04:00">
        <Text>2025-05-02T01:13:21.103Z pw:api   locator resolved to &lt;a id="ember125" href="#/shipments" class="ember-view nav-link"&gt;ΓÇª&lt;/a&gt;</Text>
      </RunInfo>
      <RunInfo computerName="DESKTOP-RSFFHJT" outcome="Warning" timestamp="2025-05-01T21:13:21.1050089-04:00">
        <Text>2025-05-02T01:13:21.104Z pw:api waiting for Locator("div[id='main-nav-tab'] a[id*='ember'][class$='nav-link'], div[id='main-nav-tab']  a[id*='ember'][class$='nav-link ']").Nth(10)</Text>
      </RunInfo>
      <RunInfo computerName="DESKTOP-RSFFHJT" outcome="Warning" timestamp="2025-05-01T21:13:21.1061314-04:00">
        <Text>2025-05-02T01:13:21.105Z pw:api   locator resolved to &lt;a id="ember129" href="#/invoices" class="ember-view nav-link"&gt;ΓÇª&lt;/a&gt;</Text>
      </RunInfo>
      <RunInfo computerName="DESKTOP-RSFFHJT" outcome="Warning" timestamp="2025-05-01T21:13:21.1066835-04:00">
        <Text>2025-05-02T01:13:21.105Z pw:api waiting for Locator("div[id='main-nav-tab'] a[id*='ember'][class$='nav-link'], div[id='main-nav-tab']  a[id*='ember'][class$='nav-link ']").Nth(11)</Text>
      </RunInfo>
      <RunInfo computerName="DESKTOP-RSFFHJT" outcome="Warning" timestamp="2025-05-01T21:13:21.1079556-04:00">
        <Text>2025-05-02T01:13:21.107Z pw:api   locator resolved to &lt;a id="ember134" href="#/paymentsreceived" class="ember-view nav-link"&gt;ΓÇª&lt;/a&gt;</Text>
      </RunInfo>
      <RunInfo computerName="DESKTOP-RSFFHJT" outcome="Warning" timestamp="2025-05-01T21:13:21.1084163-04:00">
        <Text>2025-05-02T01:13:21.107Z pw:api waiting for Locator("div[id='main-nav-tab'] a[id*='ember'][class$='nav-link'], div[id='main-nav-tab']  a[id*='ember'][class$='nav-link ']").Nth(12)</Text>
      </RunInfo>
      <RunInfo computerName="DESKTOP-RSFFHJT" outcome="Warning" timestamp="2025-05-01T21:13:21.1096965-04:00">
        <Text>2025-05-02T01:13:21.108Z pw:api   locator resolved to &lt;a id="ember140" href="#/salesreturns" class="ember-view nav-link"&gt;ΓÇª&lt;/a&gt;</Text>
      </RunInfo>
      <RunInfo computerName="DESKTOP-RSFFHJT" outcome="Warning" timestamp="2025-05-01T21:13:21.1101735-04:00">
        <Text>2025-05-02T01:13:21.109Z pw:api waiting for Locator("div[id='main-nav-tab'] a[id*='ember'][class$='nav-link'], div[id='main-nav-tab']  a[id*='ember'][class$='nav-link ']").Nth(13)</Text>
      </RunInfo>
      <RunInfo computerName="DESKTOP-RSFFHJT" outcome="Warning" timestamp="2025-05-01T21:13:21.1114933-04:00">
        <Text>2025-05-02T01:13:21.110Z pw:api   locator resolved to &lt;a id="ember143" href="#/creditnotes" class="ember-view nav-link"&gt;ΓÇª&lt;/a&gt;</Text>
      </RunInfo>
      <RunInfo computerName="DESKTOP-RSFFHJT" outcome="Warning" timestamp="2025-05-01T21:13:21.1118746-04:00">
        <Text>2025-05-02T01:13:21.110Z pw:api waiting for Locator("div[id='main-nav-tab'] a[id*='ember'][class$='nav-link'], div[id='main-nav-tab']  a[id*='ember'][class$='nav-link ']").Nth(14)</Text>
      </RunInfo>
      <RunInfo computerName="DESKTOP-RSFFHJT" outcome="Warning" timestamp="2025-05-01T21:13:21.1132429-04:00">
        <Text>2025-05-02T01:13:21.112Z pw:api   locator resolved to &lt;a id="ember151" href="#/vendors" class="ember-view nav-link"&gt;ΓÇª&lt;/a&gt;</Text>
      </RunInfo>
      <RunInfo computerName="DESKTOP-RSFFHJT" outcome="Warning" timestamp="2025-05-01T21:13:21.1141575-04:00">
        <Text>2025-05-02T01:13:21.113Z pw:api waiting for Locator("div[id='main-nav-tab'] a[id*='ember'][class$='nav-link'], div[id='main-nav-tab']  a[id*='ember'][class$='nav-link ']").Nth(15)</Text>
      </RunInfo>
      <RunInfo computerName="DESKTOP-RSFFHJT" outcome="Warning" timestamp="2025-05-01T21:13:21.1157321-04:00">
        <Text>2025-05-02T01:13:21.114Z pw:api   locator resolved to &lt;a id="ember155" href="#/expenses" class="ember-view nav-link"&gt;ΓÇª&lt;/a&gt;</Text>
      </RunInfo>
      <RunInfo computerName="DESKTOP-RSFFHJT" outcome="Warning" timestamp="2025-05-01T21:13:21.1161590-04:00">
        <Text>2025-05-02T01:13:21.115Z pw:api waiting for Locator("div[id='main-nav-tab'] a[id*='ember'][class$='nav-link'], div[id='main-nav-tab']  a[id*='ember'][class$='nav-link ']").Nth(16)</Text>
      </RunInfo>
      <RunInfo computerName="DESKTOP-RSFFHJT" outcome="Warning" timestamp="2025-05-01T21:13:21.1173775-04:00">
        <Text>2025-05-02T01:13:21.116Z pw:api   locator resolved to &lt;a id="ember159" href="#/purchaseorders" class="ember-view nav-link"&gt;ΓÇª&lt;/a&gt;</Text>
      </RunInfo>
      <RunInfo computerName="DESKTOP-RSFFHJT" outcome="Warning" timestamp="2025-05-01T21:13:21.1178580-04:00">
        <Text>2025-05-02T01:13:21.116Z pw:api waiting for Locator("div[id='main-nav-tab'] a[id*='ember'][class$='nav-link'], div[id='main-nav-tab']  a[id*='ember'][class$='nav-link ']").Nth(17)</Text>
      </RunInfo>
      <RunInfo computerName="DESKTOP-RSFFHJT" outcome="Warning" timestamp="2025-05-01T21:13:21.1190740-04:00">
        <Text>2025-05-02T01:13:21.118Z pw:api   locator resolved to &lt;a id="ember163" href="#/purchasereceives" class="ember-view nav-link"&gt;ΓÇª&lt;/a&gt;</Text>
      </RunInfo>
      <RunInfo computerName="DESKTOP-RSFFHJT" outcome="Warning" timestamp="2025-05-01T21:13:21.1195344-04:00">
        <Text>2025-05-02T01:13:21.118Z pw:api waiting for Locator("div[id='main-nav-tab'] a[id*='ember'][class$='nav-link'], div[id='main-nav-tab']  a[id*='ember'][class$='nav-link ']").Nth(18)</Text>
      </RunInfo>
      <RunInfo computerName="DESKTOP-RSFFHJT" outcome="Warning" timestamp="2025-05-01T21:13:21.1209143-04:00">
        <Text>2025-05-02T01:13:21.119Z pw:api   locator resolved to &lt;a id="ember168" href="#/bills" class="ember-view ember-transitioning-in nav-link"&gt;ΓÇª&lt;/a&gt;</Text>
      </RunInfo>
      <RunInfo computerName="DESKTOP-RSFFHJT" outcome="Warning" timestamp="2025-05-01T21:13:21.1213613-04:00">
        <Text>2025-05-02T01:13:21.120Z pw:api waiting for Locator("div[id='main-nav-tab'] a[id*='ember'][class$='nav-link'], div[id='main-nav-tab']  a[id*='ember'][class$='nav-link ']").Nth(19)</Text>
      </RunInfo>
      <RunInfo computerName="DESKTOP-RSFFHJT" outcome="Warning" timestamp="2025-05-01T21:13:21.1227099-04:00">
        <Text>2025-05-02T01:13:21.121Z pw:api   locator resolved to &lt;a id="ember172" href="#/paymentsmade" class="ember-view nav-link"&gt;ΓÇª&lt;/a&gt;</Text>
      </RunInfo>
      <RunInfo computerName="DESKTOP-RSFFHJT" outcome="Warning" timestamp="2025-05-01T21:13:21.1230713-04:00">
        <Text>2025-05-02T01:13:21.122Z pw:api waiting for Locator("div[id='main-nav-tab'] a[id*='ember'][class$='nav-link'], div[id='main-nav-tab']  a[id*='ember'][class$='nav-link ']").Nth(20)</Text>
      </RunInfo>
      <RunInfo computerName="DESKTOP-RSFFHJT" outcome="Warning" timestamp="2025-05-01T21:13:21.1242071-04:00">
        <Text>2025-05-02T01:13:21.123Z pw:api   locator resolved to &lt;a id="ember177" href="#/vendorcredits" class="ember-view nav-link"&gt;ΓÇª&lt;/a&gt;</Text>
      </RunInfo>
      <RunInfo computerName="DESKTOP-RSFFHJT" outcome="Warning" timestamp="2025-05-01T21:13:21.1245663-04:00">
        <Text>2025-05-02T01:13:21.123Z pw:api waiting for Locator("div[id='main-nav-tab'] a[id*='ember'][class$='nav-link'], div[id='main-nav-tab']  a[id*='ember'][class$='nav-link ']").Nth(21)</Text>
      </RunInfo>
      <RunInfo computerName="DESKTOP-RSFFHJT" outcome="Warning" timestamp="2025-05-01T21:13:21.1258328-04:00">
        <Text>2025-05-02T01:13:21.124Z pw:api   locator resolved to &lt;a id="ember181" class="ember-view nav-link" href="#/settings/integrations"&gt;ΓÇª&lt;/a&gt;</Text>
      </RunInfo>
      <RunInfo computerName="DESKTOP-RSFFHJT" outcome="Warning" timestamp="2025-05-01T21:13:21.1264398-04:00">
        <Text>2025-05-02T01:13:21.125Z pw:api waiting for Locator("div[id='main-nav-tab'] a[id*='ember'][class$='nav-link'], div[id='main-nav-tab']  a[id*='ember'][class$='nav-link ']").Nth(22)</Text>
      </RunInfo>
      <RunInfo computerName="DESKTOP-RSFFHJT" outcome="Warning" timestamp="2025-05-01T21:13:21.1277277-04:00">
        <Text>2025-05-02T01:13:21.126Z pw:api   locator resolved to &lt;a id="ember184" href="#/reports" class="ember-view nav-link"&gt;ΓÇª&lt;/a&gt;</Text>
      </RunInfo>
      <RunInfo computerName="DESKTOP-RSFFHJT" outcome="Warning" timestamp="2025-05-01T21:13:21.1282765-04:00">
        <Text>2025-05-02T01:13:21.127Z pw:api waiting for Locator("div[id='main-nav-tab'] a[id*='ember'][class$='nav-link'], div[id='main-nav-tab']  a[id*='ember'][class$='nav-link ']").Nth(23)</Text>
      </RunInfo>
      <RunInfo computerName="DESKTOP-RSFFHJT" outcome="Warning" timestamp="2025-05-01T21:13:21.1297117-04:00">
        <Text>2025-05-02T01:13:21.128Z pw:api   locator resolved to &lt;a id="ember187" href="#/documents/inbox" class="ember-view nav-link"&gt;ΓÇª&lt;/a&gt;</Text>
      </RunInfo>
      <RunInfo computerName="DESKTOP-RSFFHJT" outcome="Warning" timestamp="2025-05-01T21:13:21.1304600-04:00">
        <Text>2025-05-02T01:13:21.129Z pw:api waiting for Locator("div[id='main-nav-tab'] a[id*='ember'][class$='nav-link'], div[id='main-nav-tab']  a[id*='ember'][class$='nav-link ']").Nth(19)</Text>
      </RunInfo>
      <RunInfo computerName="DESKTOP-RSFFHJT" outcome="Warning" timestamp="2025-05-01T21:13:21.1326506-04:00">
        <Text>2025-05-02T01:13:21.131Z pw:api   locator resolved to &lt;a id="ember172" href="#/paymentsmade" class="ember-view nav-link"&gt;ΓÇª&lt;/a&gt;</Text>
      </RunInfo>
      <RunInfo computerName="DESKTOP-RSFFHJT" outcome="Warning" timestamp="2025-05-01T21:13:21.1333159-04:00">
        <Text>2025-05-02T01:13:21.132Z pw:api attempting click action</Text>
      </RunInfo>
      <RunInfo computerName="DESKTOP-RSFFHJT" outcome="Warning" timestamp="2025-05-01T21:13:21.1333361-04:00">
        <Text>2025-05-02T01:13:21.132Z pw:api   waiting for element to be visible, enabled and stable</Text>
      </RunInfo>
      <RunInfo computerName="DESKTOP-RSFFHJT" outcome="Warning" timestamp="2025-05-01T21:13:21.1636005-04:00">
        <Text>2025-05-02T01:13:21.162Z pw:api   element is visible, enabled and stable</Text>
      </RunInfo>
      <RunInfo computerName="DESKTOP-RSFFHJT" outcome="Warning" timestamp="2025-05-01T21:13:21.1636075-04:00">
        <Text>2025-05-02T01:13:21.162Z pw:api   scrolling into view if needed</Text>
      </RunInfo>
      <RunInfo computerName="DESKTOP-RSFFHJT" outcome="Warning" timestamp="2025-05-01T21:13:21.1639518-04:00">
        <Text>2025-05-02T01:13:21.162Z pw:api   done scrolling</Text>
      </RunInfo>
      <RunInfo computerName="DESKTOP-RSFFHJT" outcome="Warning" timestamp="2025-05-01T21:13:21.1655278-04:00">
        <Text>2025-05-02T01:13:21.164Z pw:api   performing click action</Text>
      </RunInfo>
      <RunInfo computerName="DESKTOP-RSFFHJT" outcome="Warning" timestamp="2025-05-01T21:13:21.1785714-04:00">
        <Text>2025-05-02T01:13:21.177Z pw:api   click action done</Text>
      </RunInfo>
      <RunInfo computerName="DESKTOP-RSFFHJT" outcome="Warning" timestamp="2025-05-01T21:13:21.1785777-04:00">
        <Text>2025-05-02T01:13:21.177Z pw:api   waiting for scheduled navigations to finish</Text>
      </RunInfo>
      <RunInfo computerName="DESKTOP-RSFFHJT" outcome="Warning" timestamp="2025-05-01T21:13:21.1821043-04:00">
        <Text>2025-05-02T01:13:21.180Z pw:api   navigations have finished</Text>
      </RunInfo>
      <RunInfo computerName="DESKTOP-RSFFHJT" outcome="Warning" timestamp="2025-05-01T21:13:21.1844562-04:00">
        <Text>2025-05-02T01:13:21.183Z pw:api waiting for Locator("div[id='main-nav-tab'] a[id*='ember'][class$='nav-link'], div[id='main-nav-tab']  a[id*='ember'][class$='nav-link ']").First</Text>
      </RunInfo>
      <RunInfo computerName="DESKTOP-RSFFHJT" outcome="Warning" timestamp="2025-05-01T21:13:21.1857829-04:00">
        <Text>2025-05-02T01:13:21.184Z pw:api   locator resolved to &lt;a id="ember79" href="#/home" class="ember-view active ember-transitioning-out nav-link"&gt;ΓÇª&lt;/a&gt;</Text>
      </RunInfo>
      <RunInfo computerName="DESKTOP-RSFFHJT" outcome="Warning" timestamp="2025-05-01T21:13:21.1863154-04:00">
        <Text>2025-05-02T01:13:21.185Z pw:api waiting for Locator("div[id='main-nav-tab'] a[id*='ember'][class$='nav-link'], div[id='main-nav-tab']  a[id*='ember'][class$='nav-link ']").Nth(1)</Text>
      </RunInfo>
      <RunInfo computerName="DESKTOP-RSFFHJT" outcome="Warning" timestamp="2025-05-01T21:13:21.1875018-04:00">
        <Text>2025-05-02T01:13:21.186Z pw:api   locator resolved to &lt;a id="ember82" class="collapsed ember-view nav-link "&gt;ΓÇª&lt;/a&gt;</Text>
      </RunInfo>
      <RunInfo computerName="DESKTOP-RSFFHJT" outcome="Warning" timestamp="2025-05-01T21:13:21.1880422-04:00">
        <Text>2025-05-02T01:13:21.187Z pw:api waiting for Locator("div[id='main-nav-tab'] a[id*='ember'][class$='nav-link'], div[id='main-nav-tab']  a[id*='ember'][class$='nav-link ']").Nth(2)</Text>
      </RunInfo>
      <RunInfo computerName="DESKTOP-RSFFHJT" outcome="Warning" timestamp="2025-05-01T21:13:21.1895873-04:00">
        <Text>2025-05-02T01:13:21.188Z pw:api   locator resolved to &lt;a id="ember86" href="#/inventory/items" class="ember-view nav-link"&gt;ΓÇª&lt;/a&gt;</Text>
      </RunInfo>
      <RunInfo computerName="DESKTOP-RSFFHJT" outcome="Warning" timestamp="2025-05-01T21:13:21.1899411-04:00">
        <Text>2025-05-02T01:13:21.189Z pw:api waiting for Locator("div[id='main-nav-tab'] a[id*='ember'][class$='nav-link'], div[id='main-nav-tab']  a[id*='ember'][class$='nav-link ']").Nth(3)</Text>
      </RunInfo>
      <RunInfo computerName="DESKTOP-RSFFHJT" outcome="Warning" timestamp="2025-05-01T21:13:21.1910073-04:00">
        <Text>2025-05-02T01:13:21.190Z pw:api   locator resolved to &lt;a id="ember91" class="ember-view nav-link" href="#/inventory/itemgroups"&gt;ΓÇª&lt;/a&gt;</Text>
      </RunInfo>
      <RunInfo computerName="DESKTOP-RSFFHJT" outcome="Warning" timestamp="2025-05-01T21:13:21.1913818-04:00">
        <Text>2025-05-02T01:13:21.190Z pw:api waiting for Locator("div[id='main-nav-tab'] a[id*='ember'][class$='nav-link'], div[id='main-nav-tab']  a[id*='ember'][class$='nav-link ']").Nth(4)</Text>
      </RunInfo>
      <RunInfo computerName="DESKTOP-RSFFHJT" outcome="Warning" timestamp="2025-05-01T21:13:21.1925638-04:00">
        <Text>2025-05-02T01:13:21.191Z pw:api   locator resolved to &lt;a id="ember97" class="ember-view nav-link" href="#/inventory/adjustments"&gt;ΓÇª&lt;/a&gt;</Text>
      </RunInfo>
      <RunInfo computerName="DESKTOP-RSFFHJT" outcome="Warning" timestamp="2025-05-01T21:13:21.1931417-04:00">
        <Text>2025-05-02T01:13:21.192Z pw:api waiting for Locator("div[id='main-nav-tab'] a[id*='ember'][class$='nav-link'], div[id='main-nav-tab']  a[id*='ember'][class$='nav-link ']").Nth(5)</Text>
      </RunInfo>
      <RunInfo computerName="DESKTOP-RSFFHJT" outcome="Warning" timestamp="2025-05-01T21:13:21.1946294-04:00">
        <Text>2025-05-02T01:13:21.193Z pw:api   locator resolved to &lt;a id="ember104" class="collapsed ember-view nav-link "&gt;ΓÇª&lt;/a&gt;</Text>
      </RunInfo>
      <RunInfo computerName="DESKTOP-RSFFHJT" outcome="Warning" timestamp="2025-05-01T21:13:21.1950615-04:00">
        <Text>2025-05-02T01:13:21.194Z pw:api waiting for Locator("div[id='main-nav-tab'] a[id*='ember'][class$='nav-link'], div[id='main-nav-tab']  a[id*='ember'][class$='nav-link ']").Nth(6)</Text>
      </RunInfo>
      <RunInfo computerName="DESKTOP-RSFFHJT" outcome="Warning" timestamp="2025-05-01T21:13:21.1964204-04:00">
        <Text>2025-05-02T01:13:21.195Z pw:api   locator resolved to &lt;a id="ember108" href="#/contacts" class="ember-view nav-link"&gt;ΓÇª&lt;/a&gt;</Text>
      </RunInfo>
      <RunInfo computerName="DESKTOP-RSFFHJT" outcome="Warning" timestamp="2025-05-01T21:13:21.1969504-04:00">
        <Text>2025-05-02T01:13:21.195Z pw:api waiting for Locator("div[id='main-nav-tab'] a[id*='ember'][class$='nav-link'], div[id='main-nav-tab']  a[id*='ember'][class$='nav-link ']").Nth(7)</Text>
      </RunInfo>
      <RunInfo computerName="DESKTOP-RSFFHJT" outcome="Warning" timestamp="2025-05-01T21:13:21.1986656-04:00">
        <Text>2025-05-02T01:13:21.197Z pw:api   locator resolved to &lt;a id="ember114" href="#/salesorders" class="ember-view nav-link"&gt;ΓÇª&lt;/a&gt;</Text>
      </RunInfo>
      <RunInfo computerName="DESKTOP-RSFFHJT" outcome="Warning" timestamp="2025-05-01T21:13:21.1993251-04:00">
        <Text>2025-05-02T01:13:21.198Z pw:api waiting for Locator("div[id='main-nav-tab'] a[id*='ember'][class$='nav-link'], div[id='main-nav-tab']  a[id*='ember'][class$='nav-link ']").Nth(8)</Text>
      </RunInfo>
      <RunInfo computerName="DESKTOP-RSFFHJT" outcome="Warning" timestamp="2025-05-01T21:13:21.2008640-04:00">
        <Text>2025-05-02T01:13:21.199Z pw:api   locator resolved to &lt;a id="ember121" href="#/packages" class="ember-view nav-link"&gt;ΓÇª&lt;/a&gt;</Text>
      </RunInfo>
      <RunInfo computerName="DESKTOP-RSFFHJT" outcome="Warning" timestamp="2025-05-01T21:13:21.2014045-04:00">
        <Text>2025-05-02T01:13:21.200Z pw:api waiting for Locator("div[id='main-nav-tab'] a[id*='ember'][class$='nav-link'], div[id='main-nav-tab']  a[id*='ember'][class$='nav-link ']").Nth(9)</Text>
      </RunInfo>
      <RunInfo computerName="DESKTOP-RSFFHJT" outcome="Warning" timestamp="2025-05-01T21:13:21.2027687-04:00">
        <Text>2025-05-02T01:13:21.201Z pw:api   locator resolved to &lt;a id="ember125" href="#/shipments" class="ember-view nav-link"&gt;ΓÇª&lt;/a&gt;</Text>
      </RunInfo>
      <RunInfo computerName="DESKTOP-RSFFHJT" outcome="Warning" timestamp="2025-05-01T21:13:21.2033021-04:00">
        <Text>2025-05-02T01:13:21.202Z pw:api waiting for Locator("div[id='main-nav-tab'] a[id*='ember'][class$='nav-link'], div[id='main-nav-tab']  a[id*='ember'][class$='nav-link ']").Nth(10)</Text>
      </RunInfo>
      <RunInfo computerName="DESKTOP-RSFFHJT" outcome="Warning" timestamp="2025-05-01T21:13:21.2046401-04:00">
        <Text>2025-05-02T01:13:21.203Z pw:api   locator resolved to &lt;a id="ember129" href="#/invoices" class="ember-view nav-link"&gt;ΓÇª&lt;/a&gt;</Text>
      </RunInfo>
      <RunInfo computerName="DESKTOP-RSFFHJT" outcome="Warning" timestamp="2025-05-01T21:13:21.2050733-04:00">
        <Text>2025-05-02T01:13:21.204Z pw:api waiting for Locator("div[id='main-nav-tab'] a[id*='ember'][class$='nav-link'], div[id='main-nav-tab']  a[id*='ember'][class$='nav-link ']").Nth(11)</Text>
      </RunInfo>
      <RunInfo computerName="DESKTOP-RSFFHJT" outcome="Warning" timestamp="2025-05-01T21:13:21.2062017-04:00">
        <Text>2025-05-02T01:13:21.205Z pw:api   locator resolved to &lt;a id="ember134" href="#/paymentsreceived" class="ember-view nav-link"&gt;ΓÇª&lt;/a&gt;</Text>
      </RunInfo>
      <RunInfo computerName="DESKTOP-RSFFHJT" outcome="Warning" timestamp="2025-05-01T21:13:21.2065253-04:00">
        <Text>2025-05-02T01:13:21.205Z pw:api waiting for Locator("div[id='main-nav-tab'] a[id*='ember'][class$='nav-link'], div[id='main-nav-tab']  a[id*='ember'][class$='nav-link ']").Nth(12)</Text>
      </RunInfo>
      <RunInfo computerName="DESKTOP-RSFFHJT" outcome="Warning" timestamp="2025-05-01T21:13:21.2077158-04:00">
        <Text>2025-05-02T01:13:21.206Z pw:api   locator resolved to &lt;a id="ember140" href="#/salesreturns" class="ember-view nav-link"&gt;ΓÇª&lt;/a&gt;</Text>
      </RunInfo>
      <RunInfo computerName="DESKTOP-RSFFHJT" outcome="Warning" timestamp="2025-05-01T21:13:21.2081887-04:00">
        <Text>2025-05-02T01:13:21.207Z pw:api waiting for Locator("div[id='main-nav-tab'] a[id*='ember'][class$='nav-link'], div[id='main-nav-tab']  a[id*='ember'][class$='nav-link ']").Nth(13)</Text>
      </RunInfo>
      <RunInfo computerName="DESKTOP-RSFFHJT" outcome="Warning" timestamp="2025-05-01T21:13:21.2136281-04:00">
        <Text>2025-05-02T01:13:21.212Z pw:api   locator resolved to &lt;a id="ember143" href="#/creditnotes" class="ember-view nav-link"&gt;ΓÇª&lt;/a&gt;</Text>
      </RunInfo>
      <RunInfo computerName="DESKTOP-RSFFHJT" outcome="Warning" timestamp="2025-05-01T21:13:21.2143611-04:00">
        <Text>2025-05-02T01:13:21.213Z pw:api waiting for Locator("div[id='main-nav-tab'] a[id*='ember'][class$='nav-link'], div[id='main-nav-tab']  a[id*='ember'][class$='nav-link ']").Nth(14)</Text>
      </RunInfo>
      <RunInfo computerName="DESKTOP-RSFFHJT" outcome="Warning" timestamp="2025-05-01T21:13:21.2159877-04:00">
        <Text>2025-05-02T01:13:21.215Z pw:api   locator resolved to &lt;a id="ember151" href="#/vendors" class="ember-view nav-link"&gt;ΓÇª&lt;/a&gt;</Text>
      </RunInfo>
      <RunInfo computerName="DESKTOP-RSFFHJT" outcome="Warning" timestamp="2025-05-01T21:13:21.2166899-04:00">
        <Text>2025-05-02T01:13:21.215Z pw:api waiting for Locator("div[id='main-nav-tab'] a[id*='ember'][class$='nav-link'], div[id='main-nav-tab']  a[id*='ember'][class$='nav-link ']").Nth(15)</Text>
      </RunInfo>
      <RunInfo computerName="DESKTOP-RSFFHJT" outcome="Warning" timestamp="2025-05-01T21:13:21.2180689-04:00">
        <Text>2025-05-02T01:13:21.217Z pw:api   locator resolved to &lt;a id="ember155" href="#/expenses" class="ember-view nav-link"&gt;ΓÇª&lt;/a&gt;</Text>
      </RunInfo>
      <RunInfo computerName="DESKTOP-RSFFHJT" outcome="Warning" timestamp="2025-05-01T21:13:21.2184963-04:00">
        <Text>2025-05-02T01:13:21.217Z pw:api waiting for Locator("div[id='main-nav-tab'] a[id*='ember'][class$='nav-link'], div[id='main-nav-tab']  a[id*='ember'][class$='nav-link ']").Nth(16)</Text>
      </RunInfo>
      <RunInfo computerName="DESKTOP-RSFFHJT" outcome="Warning" timestamp="2025-05-01T21:13:21.2197004-04:00">
        <Text>2025-05-02T01:13:21.218Z pw:api   locator resolved to &lt;a id="ember159" href="#/purchaseorders" class="ember-view nav-link"&gt;ΓÇª&lt;/a&gt;</Text>
      </RunInfo>
      <RunInfo computerName="DESKTOP-RSFFHJT" outcome="Warning" timestamp="2025-05-01T21:13:21.2203028-04:00">
        <Text>2025-05-02T01:13:21.219Z pw:api waiting for Locator("div[id='main-nav-tab'] a[id*='ember'][class$='nav-link'], div[id='main-nav-tab']  a[id*='ember'][class$='nav-link ']").Nth(17)</Text>
      </RunInfo>
      <RunInfo computerName="DESKTOP-RSFFHJT" outcome="Warning" timestamp="2025-05-01T21:13:21.2217208-04:00">
        <Text>2025-05-02T01:13:21.220Z pw:api   locator resolved to &lt;a id="ember163" href="#/purchasereceives" class="ember-view nav-link"&gt;ΓÇª&lt;/a&gt;</Text>
      </RunInfo>
      <RunInfo computerName="DESKTOP-RSFFHJT" outcome="Warning" timestamp="2025-05-01T21:13:21.2218399-04:00">
        <Text>2025-05-02T01:13:21.220Z pw:api   "networkidle" event fired</Text>
      </RunInfo>
      <RunInfo computerName="DESKTOP-RSFFHJT" outcome="Warning" timestamp="2025-05-01T21:13:21.2222192-04:00">
        <Text>2025-05-02T01:13:21.221Z pw:api waiting for Locator("div[id='main-nav-tab'] a[id*='ember'][class$='nav-link'], div[id='main-nav-tab']  a[id*='ember'][class$='nav-link ']").Nth(18)</Text>
      </RunInfo>
      <RunInfo computerName="DESKTOP-RSFFHJT" outcome="Warning" timestamp="2025-05-01T21:13:21.2235508-04:00">
        <Text>2025-05-02T01:13:21.222Z pw:api   locator resolved to &lt;a id="ember168" href="#/bills" class="ember-view nav-link"&gt;ΓÇª&lt;/a&gt;</Text>
      </RunInfo>
      <RunInfo computerName="DESKTOP-RSFFHJT" outcome="Warning" timestamp="2025-05-01T21:13:21.2240969-04:00">
        <Text>2025-05-02T01:13:21.223Z pw:api waiting for Locator("div[id='main-nav-tab'] a[id*='ember'][class$='nav-link'], div[id='main-nav-tab']  a[id*='ember'][class$='nav-link ']").Nth(19)</Text>
      </RunInfo>
      <RunInfo computerName="DESKTOP-RSFFHJT" outcome="Warning" timestamp="2025-05-01T21:13:21.2256519-04:00">
        <Text>2025-05-02T01:13:21.224Z pw:api   locator resolved to &lt;a id="ember172" href="#/paymentsmade" class="ember-view ember-transitioning-in nav-link"&gt;ΓÇª&lt;/a&gt;</Text>
      </RunInfo>
      <RunInfo computerName="DESKTOP-RSFFHJT" outcome="Warning" timestamp="2025-05-01T21:13:21.2261756-04:00">
        <Text>2025-05-02T01:13:21.225Z pw:api waiting for Locator("div[id='main-nav-tab'] a[id*='ember'][class$='nav-link'], div[id='main-nav-tab']  a[id*='ember'][class$='nav-link ']").Nth(20)</Text>
      </RunInfo>
      <RunInfo computerName="DESKTOP-RSFFHJT" outcome="Warning" timestamp="2025-05-01T21:13:21.2275766-04:00">
        <Text>2025-05-02T01:13:21.226Z pw:api   locator resolved to &lt;a id="ember177" href="#/vendorcredits" class="ember-view nav-link"&gt;ΓÇª&lt;/a&gt;</Text>
      </RunInfo>
      <RunInfo computerName="DESKTOP-RSFFHJT" outcome="Warning" timestamp="2025-05-01T21:13:21.2281915-04:00">
        <Text>2025-05-02T01:13:21.227Z pw:api waiting for Locator("div[id='main-nav-tab'] a[id*='ember'][class$='nav-link'], div[id='main-nav-tab']  a[id*='ember'][class$='nav-link ']").Nth(21)</Text>
      </RunInfo>
      <RunInfo computerName="DESKTOP-RSFFHJT" outcome="Warning" timestamp="2025-05-01T21:13:21.2297152-04:00">
        <Text>2025-05-02T01:13:21.228Z pw:api   locator resolved to &lt;a id="ember181" class="ember-view nav-link" href="#/settings/integrations"&gt;ΓÇª&lt;/a&gt;</Text>
      </RunInfo>
      <RunInfo computerName="DESKTOP-RSFFHJT" outcome="Warning" timestamp="2025-05-01T21:13:21.2304709-04:00">
        <Text>2025-05-02T01:13:21.229Z pw:api waiting for Locator("div[id='main-nav-tab'] a[id*='ember'][class$='nav-link'], div[id='main-nav-tab']  a[id*='ember'][class$='nav-link ']").Nth(22)</Text>
      </RunInfo>
      <RunInfo computerName="DESKTOP-RSFFHJT" outcome="Warning" timestamp="2025-05-01T21:13:21.2321137-04:00">
        <Text>2025-05-02T01:13:21.231Z pw:api   locator resolved to &lt;a id="ember184" href="#/reports" class="ember-view nav-link"&gt;ΓÇª&lt;/a&gt;</Text>
      </RunInfo>
      <RunInfo computerName="DESKTOP-RSFFHJT" outcome="Warning" timestamp="2025-05-01T21:13:21.2327693-04:00">
        <Text>2025-05-02T01:13:21.231Z pw:api waiting for Locator("div[id='main-nav-tab'] a[id*='ember'][class$='nav-link'], div[id='main-nav-tab']  a[id*='ember'][class$='nav-link ']").Nth(23)</Text>
      </RunInfo>
      <RunInfo computerName="DESKTOP-RSFFHJT" outcome="Warning" timestamp="2025-05-01T21:13:21.2341224-04:00">
        <Text>2025-05-02T01:13:21.233Z pw:api   locator resolved to &lt;a id="ember187" href="#/documents/inbox" class="ember-view nav-link"&gt;ΓÇª&lt;/a&gt;</Text>
      </RunInfo>
      <RunInfo computerName="DESKTOP-RSFFHJT" outcome="Warning" timestamp="2025-05-01T21:13:21.2348284-04:00">
        <Text>2025-05-02T01:13:21.233Z pw:api waiting for Locator("div[id='main-nav-tab'] a[id*='ember'][class$='nav-link'], div[id='main-nav-tab']  a[id*='ember'][class$='nav-link ']").Nth(20)</Text>
      </RunInfo>
      <RunInfo computerName="DESKTOP-RSFFHJT" outcome="Warning" timestamp="2025-05-01T21:13:21.2368294-04:00">
        <Text>2025-05-02T01:13:21.235Z pw:api   locator resolved to &lt;a id="ember177" href="#/vendorcredits" class="ember-view nav-link"&gt;ΓÇª&lt;/a&gt;</Text>
      </RunInfo>
      <RunInfo computerName="DESKTOP-RSFFHJT" outcome="Warning" timestamp="2025-05-01T21:13:21.2374306-04:00">
        <Text>2025-05-02T01:13:21.236Z pw:api attempting click action</Text>
      </RunInfo>
      <RunInfo computerName="DESKTOP-RSFFHJT" outcome="Warning" timestamp="2025-05-01T21:13:21.2374519-04:00">
        <Text>2025-05-02T01:13:21.236Z pw:api   waiting for element to be visible, enabled and stable</Text>
      </RunInfo>
      <RunInfo computerName="DESKTOP-RSFFHJT" outcome="Warning" timestamp="2025-05-01T21:13:21.2637657-04:00">
        <Text>2025-05-02T01:13:21.262Z pw:api   element is visible, enabled and stable</Text>
      </RunInfo>
      <RunInfo computerName="DESKTOP-RSFFHJT" outcome="Warning" timestamp="2025-05-01T21:13:21.2637741-04:00">
        <Text>2025-05-02T01:13:21.262Z pw:api   scrolling into view if needed</Text>
      </RunInfo>
      <RunInfo computerName="DESKTOP-RSFFHJT" outcome="Warning" timestamp="2025-05-01T21:13:21.2639912-04:00">
        <Text>2025-05-02T01:13:21.263Z pw:api   done scrolling</Text>
      </RunInfo>
      <RunInfo computerName="DESKTOP-RSFFHJT" outcome="Warning" timestamp="2025-05-01T21:13:21.2656053-04:00">
        <Text>2025-05-02T01:13:21.264Z pw:api   performing click action</Text>
      </RunInfo>
      <RunInfo computerName="DESKTOP-RSFFHJT" outcome="Warning" timestamp="2025-05-01T21:13:21.2777357-04:00">
        <Text>2025-05-02T01:13:21.276Z pw:api   click action done</Text>
      </RunInfo>
      <RunInfo computerName="DESKTOP-RSFFHJT" outcome="Warning" timestamp="2025-05-01T21:13:21.2777423-04:00">
        <Text>2025-05-02T01:13:21.276Z pw:api   waiting for scheduled navigations to finish</Text>
      </RunInfo>
      <RunInfo computerName="DESKTOP-RSFFHJT" outcome="Warning" timestamp="2025-05-01T21:13:21.2778548-04:00">
        <Text>2025-05-02T01:13:21.276Z pw:api   navigations have finished</Text>
      </RunInfo>
      <RunInfo computerName="DESKTOP-RSFFHJT" outcome="Warning" timestamp="2025-05-01T21:13:21.3761363-04:00">
        <Text>2025-05-02T01:13:21.374Z pw:api navigating to "https://www.zoho.com/ca/inventory/inventory-software-demo/#/home/inventory-dashboard", waiting until "load"</Text>
      </RunInfo>
      <RunInfo computerName="DESKTOP-RSFFHJT" outcome="Warning" timestamp="2025-05-01T21:13:21.5952222-04:00">
        <Text>2025-05-02T01:13:21.594Z pw:api   "commit" event fired</Text>
      </RunInfo>
      <RunInfo computerName="DESKTOP-RSFFHJT" outcome="Warning" timestamp="2025-05-01T21:13:21.5952304-04:00">
        <Text>2025-05-02T01:13:21.594Z pw:api   navigated to "https://www.zoho.com/ca/inventory/inventory-software-demo/#/home/inventory-dashboard"</Text>
      </RunInfo>
      <RunInfo computerName="DESKTOP-RSFFHJT" outcome="Warning" timestamp="2025-05-01T21:13:23.6060208-04:00">
        <Text>2025-05-02T01:13:23.604Z pw:api   "networkidle" event fired</Text>
      </RunInfo>
      <RunInfo computerName="DESKTOP-RSFFHJT" outcome="Warning" timestamp="2025-05-01T21:13:24.0157404-04:00">
        <Text>2025-05-02T01:13:24.014Z pw:api   "domcontentloaded" event fired</Text>
      </RunInfo>
      <RunInfo computerName="DESKTOP-RSFFHJT" outcome="Warning" timestamp="2025-05-01T21:13:24.7543692-04:00">
        <Text>2025-05-02T01:13:24.753Z pw:api   "load" event fired</Text>
      </RunInfo>
      <RunInfo computerName="DESKTOP-RSFFHJT" outcome="Warning" timestamp="2025-05-01T21:13:24.7731091-04:00">
        <Text>2025-05-02T01:13:24.772Z pw:api waiting for Locator("div[id='main-nav-tab'] a[id*='ember'][class$='nav-link'], div[id='main-nav-tab']  a[id*='ember'][class$='nav-link ']").First</Text>
      </RunInfo>
      <RunInfo computerName="DESKTOP-RSFFHJT" outcome="Warning" timestamp="2025-05-01T21:13:24.7752214-04:00">
        <Text>2025-05-02T01:13:24.774Z pw:api   locator resolved to &lt;a id="ember79" href="#/home" class="ember-view active nav-link"&gt;ΓÇª&lt;/a&gt;</Text>
      </RunInfo>
      <RunInfo computerName="DESKTOP-RSFFHJT" outcome="Warning" timestamp="2025-05-01T21:13:24.7758019-04:00">
        <Text>2025-05-02T01:13:24.774Z pw:api waiting for Locator("div[id='main-nav-tab'] a[id*='ember'][class$='nav-link'], div[id='main-nav-tab']  a[id*='ember'][class$='nav-link ']").Nth(1)</Text>
      </RunInfo>
      <RunInfo computerName="DESKTOP-RSFFHJT" outcome="Warning" timestamp="2025-05-01T21:13:24.7781088-04:00">
        <Text>2025-05-02T01:13:24.777Z pw:api   locator resolved to &lt;a id="ember82" class="collapsed ember-view nav-link "&gt;ΓÇª&lt;/a&gt;</Text>
      </RunInfo>
      <RunInfo computerName="DESKTOP-RSFFHJT" outcome="Warning" timestamp="2025-05-01T21:13:24.7786896-04:00">
        <Text>2025-05-02T01:13:24.777Z pw:api waiting for Locator("div[id='main-nav-tab'] a[id*='ember'][class$='nav-link'], div[id='main-nav-tab']  a[id*='ember'][class$='nav-link ']").Nth(2)</Text>
      </RunInfo>
      <RunInfo computerName="DESKTOP-RSFFHJT" outcome="Warning" timestamp="2025-05-01T21:13:24.7808003-04:00">
        <Text>2025-05-02T01:13:24.779Z pw:api   locator resolved to &lt;a id="ember86" href="#/inventory/items" class="ember-view nav-link"&gt;ΓÇª&lt;/a&gt;</Text>
      </RunInfo>
      <RunInfo computerName="DESKTOP-RSFFHJT" outcome="Warning" timestamp="2025-05-01T21:13:24.7813769-04:00">
        <Text>2025-05-02T01:13:24.780Z pw:api waiting for Locator("div[id='main-nav-tab'] a[id*='ember'][class$='nav-link'], div[id='main-nav-tab']  a[id*='ember'][class$='nav-link ']").Nth(3)</Text>
      </RunInfo>
      <RunInfo computerName="DESKTOP-RSFFHJT" outcome="Warning" timestamp="2025-05-01T21:13:24.7833583-04:00">
        <Text>2025-05-02T01:13:24.782Z pw:api   locator resolved to &lt;a id="ember91" class="ember-view nav-link" href="#/inventory/itemgroups"&gt;ΓÇª&lt;/a&gt;</Text>
      </RunInfo>
      <RunInfo computerName="DESKTOP-RSFFHJT" outcome="Warning" timestamp="2025-05-01T21:13:24.7838407-04:00">
        <Text>2025-05-02T01:13:24.782Z pw:api waiting for Locator("div[id='main-nav-tab'] a[id*='ember'][class$='nav-link'], div[id='main-nav-tab']  a[id*='ember'][class$='nav-link ']").Nth(4)</Text>
      </RunInfo>
      <RunInfo computerName="DESKTOP-RSFFHJT" outcome="Warning" timestamp="2025-05-01T21:13:24.7851799-04:00">
        <Text>2025-05-02T01:13:24.784Z pw:api   locator resolved to &lt;a id="ember97" class="ember-view nav-link" href="#/inventory/adjustments"&gt;ΓÇª&lt;/a&gt;</Text>
      </RunInfo>
      <RunInfo computerName="DESKTOP-RSFFHJT" outcome="Warning" timestamp="2025-05-01T21:13:24.7857646-04:00">
        <Text>2025-05-02T01:13:24.784Z pw:api waiting for Locator("div[id='main-nav-tab'] a[id*='ember'][class$='nav-link'], div[id='main-nav-tab']  a[id*='ember'][class$='nav-link ']").Nth(5)</Text>
      </RunInfo>
      <RunInfo computerName="DESKTOP-RSFFHJT" outcome="Warning" timestamp="2025-05-01T21:13:24.7874468-04:00">
        <Text>2025-05-02T01:13:24.786Z pw:api   locator resolved to &lt;a id="ember104" class="collapsed ember-view nav-link "&gt;ΓÇª&lt;/a&gt;</Text>
      </RunInfo>
      <RunInfo computerName="DESKTOP-RSFFHJT" outcome="Warning" timestamp="2025-05-01T21:13:24.7881337-04:00">
        <Text>2025-05-02T01:13:24.787Z pw:api waiting for Locator("div[id='main-nav-tab'] a[id*='ember'][class$='nav-link'], div[id='main-nav-tab']  a[id*='ember'][class$='nav-link ']").Nth(6)</Text>
      </RunInfo>
      <RunInfo computerName="DESKTOP-RSFFHJT" outcome="Warning" timestamp="2025-05-01T21:13:24.7899271-04:00">
        <Text>2025-05-02T01:13:24.788Z pw:api   locator resolved to &lt;a id="ember108" href="#/contacts" class="ember-view nav-link"&gt;ΓÇª&lt;/a&gt;</Text>
      </RunInfo>
      <RunInfo computerName="DESKTOP-RSFFHJT" outcome="Warning" timestamp="2025-05-01T21:13:24.7904710-04:00">
        <Text>2025-05-02T01:13:24.789Z pw:api waiting for Locator("div[id='main-nav-tab'] a[id*='ember'][class$='nav-link'], div[id='main-nav-tab']  a[id*='ember'][class$='nav-link ']").Nth(7)</Text>
      </RunInfo>
      <RunInfo computerName="DESKTOP-RSFFHJT" outcome="Warning" timestamp="2025-05-01T21:13:24.7922254-04:00">
        <Text>2025-05-02T01:13:24.791Z pw:api   locator resolved to &lt;a id="ember114" href="#/salesorders" class="ember-view nav-link"&gt;ΓÇª&lt;/a&gt;</Text>
      </RunInfo>
      <RunInfo computerName="DESKTOP-RSFFHJT" outcome="Warning" timestamp="2025-05-01T21:13:24.7926331-04:00">
        <Text>2025-05-02T01:13:24.791Z pw:api waiting for Locator("div[id='main-nav-tab'] a[id*='ember'][class$='nav-link'], div[id='main-nav-tab']  a[id*='ember'][class$='nav-link ']").Nth(8)</Text>
      </RunInfo>
      <RunInfo computerName="DESKTOP-RSFFHJT" outcome="Warning" timestamp="2025-05-01T21:13:24.7942918-04:00">
        <Text>2025-05-02T01:13:24.793Z pw:api   locator resolved to &lt;a id="ember121" href="#/packages" class="ember-view nav-link"&gt;ΓÇª&lt;/a&gt;</Text>
      </RunInfo>
      <RunInfo computerName="DESKTOP-RSFFHJT" outcome="Warning" timestamp="2025-05-01T21:13:24.7946794-04:00">
        <Text>2025-05-02T01:13:24.793Z pw:api waiting for Locator("div[id='main-nav-tab'] a[id*='ember'][class$='nav-link'], div[id='main-nav-tab']  a[id*='ember'][class$='nav-link ']").Nth(9)</Text>
      </RunInfo>
      <RunInfo computerName="DESKTOP-RSFFHJT" outcome="Warning" timestamp="2025-05-01T21:13:24.7969214-04:00">
        <Text>2025-05-02T01:13:24.795Z pw:api   locator resolved to &lt;a id="ember125" href="#/shipments" class="ember-view nav-link"&gt;ΓÇª&lt;/a&gt;</Text>
      </RunInfo>
      <RunInfo computerName="DESKTOP-RSFFHJT" outcome="Warning" timestamp="2025-05-01T21:13:24.7976740-04:00">
        <Text>2025-05-02T01:13:24.796Z pw:api waiting for Locator("div[id='main-nav-tab'] a[id*='ember'][class$='nav-link'], div[id='main-nav-tab']  a[id*='ember'][class$='nav-link ']").Nth(10)</Text>
      </RunInfo>
      <RunInfo computerName="DESKTOP-RSFFHJT" outcome="Warning" timestamp="2025-05-01T21:13:24.8014836-04:00">
        <Text>2025-05-02T01:13:24.798Z pw:api   locator resolved to &lt;a id="ember129" href="#/invoices" class="ember-view nav-link"&gt;ΓÇª&lt;/a&gt;</Text>
      </RunInfo>
      <RunInfo computerName="DESKTOP-RSFFHJT" outcome="Warning" timestamp="2025-05-01T21:13:24.8020001-04:00">
        <Text>2025-05-02T01:13:24.801Z pw:api waiting for Locator("div[id='main-nav-tab'] a[id*='ember'][class$='nav-link'], div[id='main-nav-tab']  a[id*='ember'][class$='nav-link ']").Nth(11)</Text>
      </RunInfo>
      <RunInfo computerName="DESKTOP-RSFFHJT" outcome="Warning" timestamp="2025-05-01T21:13:24.8037183-04:00">
        <Text>2025-05-02T01:13:24.802Z pw:api   locator resolved to &lt;a id="ember134" href="#/paymentsreceived" class="ember-view nav-link"&gt;ΓÇª&lt;/a&gt;</Text>
      </RunInfo>
      <RunInfo computerName="DESKTOP-RSFFHJT" outcome="Warning" timestamp="2025-05-01T21:13:24.8043117-04:00">
        <Text>2025-05-02T01:13:24.803Z pw:api waiting for Locator("div[id='main-nav-tab'] a[id*='ember'][class$='nav-link'], div[id='main-nav-tab']  a[id*='ember'][class$='nav-link ']").Nth(12)</Text>
      </RunInfo>
      <RunInfo computerName="DESKTOP-RSFFHJT" outcome="Warning" timestamp="2025-05-01T21:13:24.8059086-04:00">
        <Text>2025-05-02T01:13:24.804Z pw:api   locator resolved to &lt;a id="ember140" href="#/salesreturns" class="ember-view nav-link"&gt;ΓÇª&lt;/a&gt;</Text>
      </RunInfo>
      <RunInfo computerName="DESKTOP-RSFFHJT" outcome="Warning" timestamp="2025-05-01T21:13:24.8063781-04:00">
        <Text>2025-05-02T01:13:24.805Z pw:api waiting for Locator("div[id='main-nav-tab'] a[id*='ember'][class$='nav-link'], div[id='main-nav-tab']  a[id*='ember'][class$='nav-link ']").Nth(13)</Text>
      </RunInfo>
      <RunInfo computerName="DESKTOP-RSFFHJT" outcome="Warning" timestamp="2025-05-01T21:13:24.8080874-04:00">
        <Text>2025-05-02T01:13:24.807Z pw:api   locator resolved to &lt;a id="ember143" href="#/creditnotes" class="ember-view nav-link"&gt;ΓÇª&lt;/a&gt;</Text>
      </RunInfo>
      <RunInfo computerName="DESKTOP-RSFFHJT" outcome="Warning" timestamp="2025-05-01T21:13:24.8087148-04:00">
        <Text>2025-05-02T01:13:24.807Z pw:api waiting for Locator("div[id='main-nav-tab'] a[id*='ember'][class$='nav-link'], div[id='main-nav-tab']  a[id*='ember'][class$='nav-link ']").Nth(14)</Text>
      </RunInfo>
      <RunInfo computerName="DESKTOP-RSFFHJT" outcome="Warning" timestamp="2025-05-01T21:13:24.8103131-04:00">
        <Text>2025-05-02T01:13:24.809Z pw:api   locator resolved to &lt;a id="ember147" class="collapsed ember-view nav-link "&gt;ΓÇª&lt;/a&gt;</Text>
      </RunInfo>
      <RunInfo computerName="DESKTOP-RSFFHJT" outcome="Warning" timestamp="2025-05-01T21:13:24.8108342-04:00">
        <Text>2025-05-02T01:13:24.809Z pw:api waiting for Locator("div[id='main-nav-tab'] a[id*='ember'][class$='nav-link'], div[id='main-nav-tab']  a[id*='ember'][class$='nav-link ']").Nth(15)</Text>
      </RunInfo>
      <RunInfo computerName="DESKTOP-RSFFHJT" outcome="Warning" timestamp="2025-05-01T21:13:24.8187355-04:00">
        <Text>2025-05-02T01:13:24.817Z pw:api   locator resolved to &lt;a id="ember151" href="#/vendors" class="ember-view nav-link"&gt;ΓÇª&lt;/a&gt;</Text>
      </RunInfo>
      <RunInfo computerName="DESKTOP-RSFFHJT" outcome="Warning" timestamp="2025-05-01T21:13:24.8195526-04:00">
        <Text>2025-05-02T01:13:24.818Z pw:api waiting for Locator("div[id='main-nav-tab'] a[id*='ember'][class$='nav-link'], div[id='main-nav-tab']  a[id*='ember'][class$='nav-link ']").Nth(16)</Text>
      </RunInfo>
      <RunInfo computerName="DESKTOP-RSFFHJT" outcome="Warning" timestamp="2025-05-01T21:13:24.8461208-04:00">
        <Text>2025-05-02T01:13:24.844Z pw:api   locator resolved to &lt;a id="ember155" href="#/expenses" class="ember-view nav-link"&gt;ΓÇª&lt;/a&gt;</Text>
      </RunInfo>
      <RunInfo computerName="DESKTOP-RSFFHJT" outcome="Warning" timestamp="2025-05-01T21:13:24.8470422-04:00">
        <Text>2025-05-02T01:13:24.845Z pw:api waiting for Locator("div[id='main-nav-tab'] a[id*='ember'][class$='nav-link'], div[id='main-nav-tab']  a[id*='ember'][class$='nav-link ']").Nth(17)</Text>
      </RunInfo>
      <RunInfo computerName="DESKTOP-RSFFHJT" outcome="Warning" timestamp="2025-05-01T21:13:24.8681513-04:00">
        <Text>2025-05-02T01:13:24.867Z pw:api   locator resolved to &lt;a id="ember159" href="#/purchaseorders" class="ember-view nav-link"&gt;ΓÇª&lt;/a&gt;</Text>
      </RunInfo>
      <RunInfo computerName="DESKTOP-RSFFHJT" outcome="Warning" timestamp="2025-05-01T21:13:24.8687891-04:00">
        <Text>2025-05-02T01:13:24.867Z pw:api waiting for Locator("div[id='main-nav-tab'] a[id*='ember'][class$='nav-link'], div[id='main-nav-tab']  a[id*='ember'][class$='nav-link ']").Nth(18)</Text>
      </RunInfo>
      <RunInfo computerName="DESKTOP-RSFFHJT" outcome="Warning" timestamp="2025-05-01T21:13:24.8748318-04:00">
        <Text>2025-05-02T01:13:24.873Z pw:api   locator resolved to &lt;a id="ember163" href="#/purchasereceives" class="ember-view nav-link"&gt;ΓÇª&lt;/a&gt;</Text>
      </RunInfo>
      <RunInfo computerName="DESKTOP-RSFFHJT" outcome="Warning" timestamp="2025-05-01T21:13:24.8752636-04:00">
        <Text>2025-05-02T01:13:24.874Z pw:api waiting for Locator("div[id='main-nav-tab'] a[id*='ember'][class$='nav-link'], div[id='main-nav-tab']  a[id*='ember'][class$='nav-link ']").Nth(19)</Text>
      </RunInfo>
      <RunInfo computerName="DESKTOP-RSFFHJT" outcome="Warning" timestamp="2025-05-01T21:13:24.8766385-04:00">
        <Text>2025-05-02T01:13:24.875Z pw:api   locator resolved to &lt;a id="ember168" href="#/bills" class="ember-view nav-link"&gt;ΓÇª&lt;/a&gt;</Text>
      </RunInfo>
      <RunInfo computerName="DESKTOP-RSFFHJT" outcome="Warning" timestamp="2025-05-01T21:13:24.8770817-04:00">
        <Text>2025-05-02T01:13:24.876Z pw:api waiting for Locator("div[id='main-nav-tab'] a[id*='ember'][class$='nav-link'], div[id='main-nav-tab']  a[id*='ember'][class$='nav-link ']").Nth(20)</Text>
      </RunInfo>
      <RunInfo computerName="DESKTOP-RSFFHJT" outcome="Warning" timestamp="2025-05-01T21:13:24.8789049-04:00">
        <Text>2025-05-02T01:13:24.877Z pw:api   locator resolved to &lt;a id="ember172" href="#/paymentsmade" class="ember-view nav-link"&gt;ΓÇª&lt;/a&gt;</Text>
      </RunInfo>
      <RunInfo computerName="DESKTOP-RSFFHJT" outcome="Warning" timestamp="2025-05-01T21:13:24.8795358-04:00">
        <Text>2025-05-02T01:13:24.878Z pw:api waiting for Locator("div[id='main-nav-tab'] a[id*='ember'][class$='nav-link'], div[id='main-nav-tab']  a[id*='ember'][class$='nav-link ']").Nth(21)</Text>
      </RunInfo>
      <RunInfo computerName="DESKTOP-RSFFHJT" outcome="Warning" timestamp="2025-05-01T21:13:24.8819780-04:00">
        <Text>2025-05-02T01:13:24.880Z pw:api   locator resolved to &lt;a id="ember177" href="#/vendorcredits" class="ember-view nav-link"&gt;ΓÇª&lt;/a&gt;</Text>
      </RunInfo>
      <RunInfo computerName="DESKTOP-RSFFHJT" outcome="Warning" timestamp="2025-05-01T21:13:24.8825058-04:00">
        <Text>2025-05-02T01:13:24.881Z pw:api waiting for Locator("div[id='main-nav-tab'] a[id*='ember'][class$='nav-link'], div[id='main-nav-tab']  a[id*='ember'][class$='nav-link ']").Nth(22)</Text>
      </RunInfo>
      <RunInfo computerName="DESKTOP-RSFFHJT" outcome="Warning" timestamp="2025-05-01T21:13:24.8839009-04:00">
        <Text>2025-05-02T01:13:24.882Z pw:api   locator resolved to &lt;a id="ember181" class="ember-view nav-link" href="#/settings/integrations"&gt;ΓÇª&lt;/a&gt;</Text>
      </RunInfo>
      <RunInfo computerName="DESKTOP-RSFFHJT" outcome="Warning" timestamp="2025-05-01T21:13:24.8845368-04:00">
        <Text>2025-05-02T01:13:24.883Z pw:api waiting for Locator("div[id='main-nav-tab'] a[id*='ember'][class$='nav-link'], div[id='main-nav-tab']  a[id*='ember'][class$='nav-link ']").Nth(23)</Text>
      </RunInfo>
      <RunInfo computerName="DESKTOP-RSFFHJT" outcome="Warning" timestamp="2025-05-01T21:13:24.8862546-04:00">
        <Text>2025-05-02T01:13:24.885Z pw:api   locator resolved to &lt;a id="ember184" href="#/reports" class="ember-view nav-link"&gt;ΓÇª&lt;/a&gt;</Text>
      </RunInfo>
      <RunInfo computerName="DESKTOP-RSFFHJT" outcome="Warning" timestamp="2025-05-01T21:13:24.8866932-04:00">
        <Text>2025-05-02T01:13:24.885Z pw:api waiting for Locator("div[id='main-nav-tab'] a[id*='ember'][class$='nav-link'], div[id='main-nav-tab']  a[id*='ember'][class$='nav-link ']").Nth(24)</Text>
      </RunInfo>
      <RunInfo computerName="DESKTOP-RSFFHJT" outcome="Warning" timestamp="2025-05-01T21:13:24.8882732-04:00">
        <Text>2025-05-02T01:13:24.887Z pw:api   locator resolved to &lt;a id="ember187" href="#/documents/inbox" class="ember-view nav-link"&gt;ΓÇª&lt;/a&gt;</Text>
      </RunInfo>
      <RunInfo computerName="DESKTOP-RSFFHJT" outcome="Warning" timestamp="2025-05-01T21:13:24.8887832-04:00">
        <Text>2025-05-02T01:13:24.887Z pw:api waiting for Locator("div[id='main-nav-tab'] a[id*='ember'][class$='nav-link'], div[id='main-nav-tab']  a[id*='ember'][class$='nav-link ']").Nth(1)</Text>
      </RunInfo>
      <RunInfo computerName="DESKTOP-RSFFHJT" outcome="Warning" timestamp="2025-05-01T21:13:24.8907656-04:00">
        <Text>2025-05-02T01:13:24.889Z pw:api   locator resolved to &lt;a id="ember82" class="collapsed ember-view nav-link "&gt;ΓÇª&lt;/a&gt;</Text>
      </RunInfo>
      <RunInfo computerName="DESKTOP-RSFFHJT" outcome="Warning" timestamp="2025-05-01T21:13:24.8913746-04:00">
        <Text>2025-05-02T01:13:24.890Z pw:api attempting click action</Text>
      </RunInfo>
      <RunInfo computerName="DESKTOP-RSFFHJT" outcome="Warning" timestamp="2025-05-01T21:13:24.8913921-04:00">
        <Text>2025-05-02T01:13:24.890Z pw:api   waiting for element to be visible, enabled and stable</Text>
      </RunInfo>
      <RunInfo computerName="DESKTOP-RSFFHJT" outcome="Warning" timestamp="2025-05-01T21:13:24.9139479-04:00">
        <Text>2025-05-02T01:13:24.912Z pw:api   element is visible, enabled and stable</Text>
      </RunInfo>
      <RunInfo computerName="DESKTOP-RSFFHJT" outcome="Warning" timestamp="2025-05-01T21:13:24.9139548-04:00">
        <Text>2025-05-02T01:13:24.912Z pw:api   scrolling into view if needed</Text>
      </RunInfo>
      <RunInfo computerName="DESKTOP-RSFFHJT" outcome="Warning" timestamp="2025-05-01T21:13:24.9145559-04:00">
        <Text>2025-05-02T01:13:24.913Z pw:api   done scrolling</Text>
      </RunInfo>
      <RunInfo computerName="DESKTOP-RSFFHJT" outcome="Warning" timestamp="2025-05-01T21:13:24.9165907-04:00">
        <Text>2025-05-02T01:13:24.915Z pw:api   performing click action</Text>
      </RunInfo>
      <RunInfo computerName="DESKTOP-RSFFHJT" outcome="Warning" timestamp="2025-05-01T21:13:24.9326003-04:00">
        <Text>2025-05-02T01:13:24.931Z pw:api   click action done</Text>
      </RunInfo>
      <RunInfo computerName="DESKTOP-RSFFHJT" outcome="Warning" timestamp="2025-05-01T21:13:24.9326071-04:00">
        <Text>2025-05-02T01:13:24.931Z pw:api   waiting for scheduled navigations to finish</Text>
      </RunInfo>
      <RunInfo computerName="DESKTOP-RSFFHJT" outcome="Warning" timestamp="2025-05-01T21:13:24.9327441-04:00">
        <Text>2025-05-02T01:13:24.931Z pw:api   navigations have finished</Text>
      </RunInfo>
      <RunInfo computerName="DESKTOP-RSFFHJT" outcome="Warning" timestamp="2025-05-01T21:13:24.9360518-04:00">
        <Text>2025-05-02T01:13:24.935Z pw:api waiting for Locator("div[id='main-nav-tab'] a[id*='ember'][class$='nav-link'], div[id='main-nav-tab']  a[id*='ember'][class$='nav-link ']").First</Text>
      </RunInfo>
      <RunInfo computerName="DESKTOP-RSFFHJT" outcome="Warning" timestamp="2025-05-01T21:13:24.9383583-04:00">
        <Text>2025-05-02T01:13:24.937Z pw:api   locator resolved to &lt;a id="ember79" href="#/home" class="ember-view active nav-link"&gt;ΓÇª&lt;/a&gt;</Text>
      </RunInfo>
      <RunInfo computerName="DESKTOP-RSFFHJT" outcome="Warning" timestamp="2025-05-01T21:13:24.9389574-04:00">
        <Text>2025-05-02T01:13:24.938Z pw:api waiting for Locator("div[id='main-nav-tab'] a[id*='ember'][class$='nav-link'], div[id='main-nav-tab']  a[id*='ember'][class$='nav-link ']").Nth(1)</Text>
      </RunInfo>
      <RunInfo computerName="DESKTOP-RSFFHJT" outcome="Warning" timestamp="2025-05-01T21:13:24.9406008-04:00">
        <Text>2025-05-02T01:13:24.939Z pw:api   locator resolved to &lt;a id="ember82" class="ember-view nav-link "&gt;ΓÇª&lt;/a&gt;</Text>
      </RunInfo>
      <RunInfo computerName="DESKTOP-RSFFHJT" outcome="Warning" timestamp="2025-05-01T21:13:24.9409549-04:00">
        <Text>2025-05-02T01:13:24.940Z pw:api waiting for Locator("div[id='main-nav-tab'] a[id*='ember'][class$='nav-link'], div[id='main-nav-tab']  a[id*='ember'][class$='nav-link ']").Nth(2)</Text>
      </RunInfo>
      <RunInfo computerName="DESKTOP-RSFFHJT" outcome="Warning" timestamp="2025-05-01T21:13:24.9425944-04:00">
        <Text>2025-05-02T01:13:24.941Z pw:api   locator resolved to &lt;a id="ember86" href="#/inventory/items" class="ember-view nav-link"&gt;ΓÇª&lt;/a&gt;</Text>
      </RunInfo>
      <RunInfo computerName="DESKTOP-RSFFHJT" outcome="Warning" timestamp="2025-05-01T21:13:24.9431536-04:00">
        <Text>2025-05-02T01:13:24.942Z pw:api waiting for Locator("div[id='main-nav-tab'] a[id*='ember'][class$='nav-link'], div[id='main-nav-tab']  a[id*='ember'][class$='nav-link ']").Nth(3)</Text>
      </RunInfo>
      <RunInfo computerName="DESKTOP-RSFFHJT" outcome="Warning" timestamp="2025-05-01T21:13:24.9447666-04:00">
        <Text>2025-05-02T01:13:24.943Z pw:api   locator resolved to &lt;a id="ember91" class="ember-view nav-link" href="#/inventory/itemgroups"&gt;ΓÇª&lt;/a&gt;</Text>
      </RunInfo>
      <RunInfo computerName="DESKTOP-RSFFHJT" outcome="Warning" timestamp="2025-05-01T21:13:24.9451586-04:00">
        <Text>2025-05-02T01:13:24.944Z pw:api waiting for Locator("div[id='main-nav-tab'] a[id*='ember'][class$='nav-link'], div[id='main-nav-tab']  a[id*='ember'][class$='nav-link ']").Nth(4)</Text>
      </RunInfo>
      <RunInfo computerName="DESKTOP-RSFFHJT" outcome="Warning" timestamp="2025-05-01T21:13:24.9474576-04:00">
        <Text>2025-05-02T01:13:24.946Z pw:api   locator resolved to &lt;a id="ember97" class="ember-view nav-link" href="#/inventory/adjustments"&gt;ΓÇª&lt;/a&gt;</Text>
      </RunInfo>
      <RunInfo computerName="DESKTOP-RSFFHJT" outcome="Warning" timestamp="2025-05-01T21:13:24.9481086-04:00">
        <Text>2025-05-02T01:13:24.947Z pw:api waiting for Locator("div[id='main-nav-tab'] a[id*='ember'][class$='nav-link'], div[id='main-nav-tab']  a[id*='ember'][class$='nav-link ']").Nth(5)</Text>
      </RunInfo>
      <RunInfo computerName="DESKTOP-RSFFHJT" outcome="Warning" timestamp="2025-05-01T21:13:24.9511004-04:00">
        <Text>2025-05-02T01:13:24.950Z pw:api   locator resolved to &lt;a id="ember104" class="collapsed ember-view nav-link "&gt;ΓÇª&lt;/a&gt;</Text>
      </RunInfo>
      <RunInfo computerName="DESKTOP-RSFFHJT" outcome="Warning" timestamp="2025-05-01T21:13:24.9515665-04:00">
        <Text>2025-05-02T01:13:24.950Z pw:api waiting for Locator("div[id='main-nav-tab'] a[id*='ember'][class$='nav-link'], div[id='main-nav-tab']  a[id*='ember'][class$='nav-link ']").Nth(6)</Text>
      </RunInfo>
      <RunInfo computerName="DESKTOP-RSFFHJT" outcome="Warning" timestamp="2025-05-01T21:13:24.9532282-04:00">
        <Text>2025-05-02T01:13:24.952Z pw:api   locator resolved to &lt;a id="ember108" href="#/contacts" class="ember-view nav-link"&gt;ΓÇª&lt;/a&gt;</Text>
      </RunInfo>
      <RunInfo computerName="DESKTOP-RSFFHJT" outcome="Warning" timestamp="2025-05-01T21:13:24.9537708-04:00">
        <Text>2025-05-02T01:13:24.952Z pw:api waiting for Locator("div[id='main-nav-tab'] a[id*='ember'][class$='nav-link'], div[id='main-nav-tab']  a[id*='ember'][class$='nav-link ']").Nth(7)</Text>
      </RunInfo>
      <RunInfo computerName="DESKTOP-RSFFHJT" outcome="Warning" timestamp="2025-05-01T21:13:24.9553052-04:00">
        <Text>2025-05-02T01:13:24.954Z pw:api   locator resolved to &lt;a id="ember114" href="#/salesorders" class="ember-view nav-link"&gt;ΓÇª&lt;/a&gt;</Text>
      </RunInfo>
      <RunInfo computerName="DESKTOP-RSFFHJT" outcome="Warning" timestamp="2025-05-01T21:13:24.9556745-04:00">
        <Text>2025-05-02T01:13:24.954Z pw:api waiting for Locator("div[id='main-nav-tab'] a[id*='ember'][class$='nav-link'], div[id='main-nav-tab']  a[id*='ember'][class$='nav-link ']").Nth(8)</Text>
      </RunInfo>
      <RunInfo computerName="DESKTOP-RSFFHJT" outcome="Warning" timestamp="2025-05-01T21:13:24.9573629-04:00">
        <Text>2025-05-02T01:13:24.956Z pw:api   locator resolved to &lt;a id="ember121" href="#/packages" class="ember-view nav-link"&gt;ΓÇª&lt;/a&gt;</Text>
      </RunInfo>
      <RunInfo computerName="DESKTOP-RSFFHJT" outcome="Warning" timestamp="2025-05-01T21:13:24.9579022-04:00">
        <Text>2025-05-02T01:13:24.957Z pw:api waiting for Locator("div[id='main-nav-tab'] a[id*='ember'][class$='nav-link'], div[id='main-nav-tab']  a[id*='ember'][class$='nav-link ']").Nth(9)</Text>
      </RunInfo>
      <RunInfo computerName="DESKTOP-RSFFHJT" outcome="Warning" timestamp="2025-05-01T21:13:24.9593480-04:00">
        <Text>2025-05-02T01:13:24.958Z pw:api   locator resolved to &lt;a id="ember125" href="#/shipments" class="ember-view nav-link"&gt;ΓÇª&lt;/a&gt;</Text>
      </RunInfo>
      <RunInfo computerName="DESKTOP-RSFFHJT" outcome="Warning" timestamp="2025-05-01T21:13:24.9597380-04:00">
        <Text>2025-05-02T01:13:24.958Z pw:api waiting for Locator("div[id='main-nav-tab'] a[id*='ember'][class$='nav-link'], div[id='main-nav-tab']  a[id*='ember'][class$='nav-link ']").Nth(10)</Text>
      </RunInfo>
      <RunInfo computerName="DESKTOP-RSFFHJT" outcome="Warning" timestamp="2025-05-01T21:13:24.9611122-04:00">
        <Text>2025-05-02T01:13:24.960Z pw:api   locator resolved to &lt;a id="ember129" href="#/invoices" class="ember-view nav-link"&gt;ΓÇª&lt;/a&gt;</Text>
      </RunInfo>
      <RunInfo computerName="DESKTOP-RSFFHJT" outcome="Warning" timestamp="2025-05-01T21:13:24.9616297-04:00">
        <Text>2025-05-02T01:13:24.960Z pw:api waiting for Locator("div[id='main-nav-tab'] a[id*='ember'][class$='nav-link'], div[id='main-nav-tab']  a[id*='ember'][class$='nav-link ']").Nth(11)</Text>
      </RunInfo>
      <RunInfo computerName="DESKTOP-RSFFHJT" outcome="Warning" timestamp="2025-05-01T21:13:24.9639420-04:00">
        <Text>2025-05-02T01:13:24.962Z pw:api   locator resolved to &lt;a id="ember134" href="#/paymentsreceived" class="ember-view nav-link"&gt;ΓÇª&lt;/a&gt;</Text>
      </RunInfo>
      <RunInfo computerName="DESKTOP-RSFFHJT" outcome="Warning" timestamp="2025-05-01T21:13:24.9645180-04:00">
        <Text>2025-05-02T01:13:24.963Z pw:api waiting for Locator("div[id='main-nav-tab'] a[id*='ember'][class$='nav-link'], div[id='main-nav-tab']  a[id*='ember'][class$='nav-link ']").Nth(12)</Text>
      </RunInfo>
      <RunInfo computerName="DESKTOP-RSFFHJT" outcome="Warning" timestamp="2025-05-01T21:13:24.9671636-04:00">
        <Text>2025-05-02T01:13:24.966Z pw:api   locator resolved to &lt;a id="ember140" href="#/salesreturns" class="ember-view nav-link"&gt;ΓÇª&lt;/a&gt;</Text>
      </RunInfo>
      <RunInfo computerName="DESKTOP-RSFFHJT" outcome="Warning" timestamp="2025-05-01T21:13:24.9678605-04:00">
        <Text>2025-05-02T01:13:24.966Z pw:api waiting for Locator("div[id='main-nav-tab'] a[id*='ember'][class$='nav-link'], div[id='main-nav-tab']  a[id*='ember'][class$='nav-link ']").Nth(13)</Text>
      </RunInfo>
      <RunInfo computerName="DESKTOP-RSFFHJT" outcome="Warning" timestamp="2025-05-01T21:13:24.9697073-04:00">
        <Text>2025-05-02T01:13:24.968Z pw:api   locator resolved to &lt;a id="ember143" href="#/creditnotes" class="ember-view nav-link"&gt;ΓÇª&lt;/a&gt;</Text>
      </RunInfo>
      <RunInfo computerName="DESKTOP-RSFFHJT" outcome="Warning" timestamp="2025-05-01T21:13:24.9702730-04:00">
        <Text>2025-05-02T01:13:24.969Z pw:api waiting for Locator("div[id='main-nav-tab'] a[id*='ember'][class$='nav-link'], div[id='main-nav-tab']  a[id*='ember'][class$='nav-link ']").Nth(14)</Text>
      </RunInfo>
      <RunInfo computerName="DESKTOP-RSFFHJT" outcome="Warning" timestamp="2025-05-01T21:13:24.9717987-04:00">
        <Text>2025-05-02T01:13:24.970Z pw:api   locator resolved to &lt;a id="ember147" class="collapsed ember-view nav-link "&gt;ΓÇª&lt;/a&gt;</Text>
      </RunInfo>
      <RunInfo computerName="DESKTOP-RSFFHJT" outcome="Warning" timestamp="2025-05-01T21:13:24.9721957-04:00">
        <Text>2025-05-02T01:13:24.971Z pw:api waiting for Locator("div[id='main-nav-tab'] a[id*='ember'][class$='nav-link'], div[id='main-nav-tab']  a[id*='ember'][class$='nav-link ']").Nth(15)</Text>
      </RunInfo>
      <RunInfo computerName="DESKTOP-RSFFHJT" outcome="Warning" timestamp="2025-05-01T21:13:24.9736539-04:00">
        <Text>2025-05-02T01:13:24.972Z pw:api   locator resolved to &lt;a id="ember151" href="#/vendors" class="ember-view nav-link"&gt;ΓÇª&lt;/a&gt;</Text>
      </RunInfo>
      <RunInfo computerName="DESKTOP-RSFFHJT" outcome="Warning" timestamp="2025-05-01T21:13:24.9741793-04:00">
        <Text>2025-05-02T01:13:24.973Z pw:api waiting for Locator("div[id='main-nav-tab'] a[id*='ember'][class$='nav-link'], div[id='main-nav-tab']  a[id*='ember'][class$='nav-link ']").Nth(16)</Text>
      </RunInfo>
      <RunInfo computerName="DESKTOP-RSFFHJT" outcome="Warning" timestamp="2025-05-01T21:13:24.9756337-04:00">
        <Text>2025-05-02T01:13:24.974Z pw:api   locator resolved to &lt;a id="ember155" href="#/expenses" class="ember-view nav-link"&gt;ΓÇª&lt;/a&gt;</Text>
      </RunInfo>
      <RunInfo computerName="DESKTOP-RSFFHJT" outcome="Warning" timestamp="2025-05-01T21:13:24.9760654-04:00">
        <Text>2025-05-02T01:13:24.975Z pw:api waiting for Locator("div[id='main-nav-tab'] a[id*='ember'][class$='nav-link'], div[id='main-nav-tab']  a[id*='ember'][class$='nav-link ']").Nth(17)</Text>
      </RunInfo>
      <RunInfo computerName="DESKTOP-RSFFHJT" outcome="Warning" timestamp="2025-05-01T21:13:24.9776711-04:00">
        <Text>2025-05-02T01:13:24.976Z pw:api   locator resolved to &lt;a id="ember159" href="#/purchaseorders" class="ember-view nav-link"&gt;ΓÇª&lt;/a&gt;</Text>
      </RunInfo>
      <RunInfo computerName="DESKTOP-RSFFHJT" outcome="Warning" timestamp="2025-05-01T21:13:24.9780154-04:00">
        <Text>2025-05-02T01:13:24.977Z pw:api waiting for Locator("div[id='main-nav-tab'] a[id*='ember'][class$='nav-link'], div[id='main-nav-tab']  a[id*='ember'][class$='nav-link ']").Nth(18)</Text>
      </RunInfo>
      <RunInfo computerName="DESKTOP-RSFFHJT" outcome="Warning" timestamp="2025-05-01T21:13:24.9797076-04:00">
        <Text>2025-05-02T01:13:24.978Z pw:api   locator resolved to &lt;a id="ember163" href="#/purchasereceives" class="ember-view nav-link"&gt;ΓÇª&lt;/a&gt;</Text>
      </RunInfo>
      <RunInfo computerName="DESKTOP-RSFFHJT" outcome="Warning" timestamp="2025-05-01T21:13:24.9804327-04:00">
        <Text>2025-05-02T01:13:24.979Z pw:api waiting for Locator("div[id='main-nav-tab'] a[id*='ember'][class$='nav-link'], div[id='main-nav-tab']  a[id*='ember'][class$='nav-link ']").Nth(19)</Text>
      </RunInfo>
      <RunInfo computerName="DESKTOP-RSFFHJT" outcome="Warning" timestamp="2025-05-01T21:13:24.9836231-04:00">
        <Text>2025-05-02T01:13:24.982Z pw:api   locator resolved to &lt;a id="ember168" href="#/bills" class="ember-view nav-link"&gt;ΓÇª&lt;/a&gt;</Text>
      </RunInfo>
      <RunInfo computerName="DESKTOP-RSFFHJT" outcome="Warning" timestamp="2025-05-01T21:13:24.9842896-04:00">
        <Text>2025-05-02T01:13:24.983Z pw:api waiting for Locator("div[id='main-nav-tab'] a[id*='ember'][class$='nav-link'], div[id='main-nav-tab']  a[id*='ember'][class$='nav-link ']").Nth(20)</Text>
      </RunInfo>
      <RunInfo computerName="DESKTOP-RSFFHJT" outcome="Warning" timestamp="2025-05-01T21:13:24.9859450-04:00">
        <Text>2025-05-02T01:13:24.985Z pw:api   locator resolved to &lt;a id="ember172" href="#/paymentsmade" class="ember-view nav-link"&gt;ΓÇª&lt;/a&gt;</Text>
      </RunInfo>
      <RunInfo computerName="DESKTOP-RSFFHJT" outcome="Warning" timestamp="2025-05-01T21:13:24.9865433-04:00">
        <Text>2025-05-02T01:13:24.985Z pw:api waiting for Locator("div[id='main-nav-tab'] a[id*='ember'][class$='nav-link'], div[id='main-nav-tab']  a[id*='ember'][class$='nav-link ']").Nth(21)</Text>
      </RunInfo>
      <RunInfo computerName="DESKTOP-RSFFHJT" outcome="Warning" timestamp="2025-05-01T21:13:24.9880338-04:00">
        <Text>2025-05-02T01:13:24.987Z pw:api   locator resolved to &lt;a id="ember177" href="#/vendorcredits" class="ember-view nav-link"&gt;ΓÇª&lt;/a&gt;</Text>
      </RunInfo>
      <RunInfo computerName="DESKTOP-RSFFHJT" outcome="Warning" timestamp="2025-05-01T21:13:24.9884501-04:00">
        <Text>2025-05-02T01:13:24.987Z pw:api waiting for Locator("div[id='main-nav-tab'] a[id*='ember'][class$='nav-link'], div[id='main-nav-tab']  a[id*='ember'][class$='nav-link ']").Nth(22)</Text>
      </RunInfo>
      <RunInfo computerName="DESKTOP-RSFFHJT" outcome="Warning" timestamp="2025-05-01T21:13:24.9898171-04:00">
        <Text>2025-05-02T01:13:24.988Z pw:api   locator resolved to &lt;a id="ember181" class="ember-view nav-link" href="#/settings/integrations"&gt;ΓÇª&lt;/a&gt;</Text>
      </RunInfo>
      <RunInfo computerName="DESKTOP-RSFFHJT" outcome="Warning" timestamp="2025-05-01T21:13:24.9903408-04:00">
        <Text>2025-05-02T01:13:24.989Z pw:api waiting for Locator("div[id='main-nav-tab'] a[id*='ember'][class$='nav-link'], div[id='main-nav-tab']  a[id*='ember'][class$='nav-link ']").Nth(23)</Text>
      </RunInfo>
      <RunInfo computerName="DESKTOP-RSFFHJT" outcome="Warning" timestamp="2025-05-01T21:13:24.9919542-04:00">
        <Text>2025-05-02T01:13:24.991Z pw:api   locator resolved to &lt;a id="ember184" href="#/reports" class="ember-view nav-link"&gt;ΓÇª&lt;/a&gt;</Text>
      </RunInfo>
      <RunInfo computerName="DESKTOP-RSFFHJT" outcome="Warning" timestamp="2025-05-01T21:13:24.9923746-04:00">
        <Text>2025-05-02T01:13:24.991Z pw:api waiting for Locator("div[id='main-nav-tab'] a[id*='ember'][class$='nav-link'], div[id='main-nav-tab']  a[id*='ember'][class$='nav-link ']").Nth(24)</Text>
      </RunInfo>
      <RunInfo computerName="DESKTOP-RSFFHJT" outcome="Warning" timestamp="2025-05-01T21:13:24.9940698-04:00">
        <Text>2025-05-02T01:13:24.993Z pw:api   locator resolved to &lt;a id="ember187" href="#/documents/inbox" class="ember-view nav-link"&gt;ΓÇª&lt;/a&gt;</Text>
      </RunInfo>
      <RunInfo computerName="DESKTOP-RSFFHJT" outcome="Warning" timestamp="2025-05-01T21:13:24.9945305-04:00">
        <Text>2025-05-02T01:13:24.993Z pw:api waiting for Locator("div[id='main-nav-tab'] a[id*='ember'][class$='nav-link'], div[id='main-nav-tab']  a[id*='ember'][class$='nav-link ']").Nth(2)</Text>
      </RunInfo>
      <RunInfo computerName="DESKTOP-RSFFHJT" outcome="Warning" timestamp="2025-05-01T21:13:24.9992349-04:00">
        <Text>2025-05-02T01:13:24.998Z pw:api   locator resolved to &lt;a id="ember86" href="#/inventory/items" class="ember-view nav-link"&gt;ΓÇª&lt;/a&gt;</Text>
      </RunInfo>
      <RunInfo computerName="DESKTOP-RSFFHJT" outcome="Warning" timestamp="2025-05-01T21:13:24.9999773-04:00">
        <Text>2025-05-02T01:13:24.999Z pw:api attempting click action</Text>
      </RunInfo>
      <RunInfo computerName="DESKTOP-RSFFHJT" outcome="Warning" timestamp="2025-05-01T21:13:25.0000098-04:00">
        <Text>2025-05-02T01:13:24.999Z pw:api   waiting for element to be visible, enabled and stable</Text>
      </RunInfo>
      <RunInfo computerName="DESKTOP-RSFFHJT" outcome="Warning" timestamp="2025-05-01T21:13:25.0310977-04:00">
        <Text>2025-05-02T01:13:25.029Z pw:api   element is visible, enabled and stable</Text>
      </RunInfo>
      <RunInfo computerName="DESKTOP-RSFFHJT" outcome="Warning" timestamp="2025-05-01T21:13:25.0311110-04:00">
        <Text>2025-05-02T01:13:25.029Z pw:api   scrolling into view if needed</Text>
      </RunInfo>
      <RunInfo computerName="DESKTOP-RSFFHJT" outcome="Warning" timestamp="2025-05-01T21:13:25.0313877-04:00">
        <Text>2025-05-02T01:13:25.030Z pw:api   done scrolling</Text>
      </RunInfo>
      <RunInfo computerName="DESKTOP-RSFFHJT" outcome="Warning" timestamp="2025-05-01T21:13:25.0331384-04:00">
        <Text>2025-05-02T01:13:25.032Z pw:api   performing click action</Text>
      </RunInfo>
      <RunInfo computerName="DESKTOP-RSFFHJT" outcome="Warning" timestamp="2025-05-01T21:13:25.0543589-04:00">
        <Text>2025-05-02T01:13:25.053Z pw:api   click action done</Text>
      </RunInfo>
      <RunInfo computerName="DESKTOP-RSFFHJT" outcome="Warning" timestamp="2025-05-01T21:13:25.0543674-04:00">
        <Text>2025-05-02T01:13:25.053Z pw:api   waiting for scheduled navigations to finish</Text>
      </RunInfo>
      <RunInfo computerName="DESKTOP-RSFFHJT" outcome="Warning" timestamp="2025-05-01T21:13:25.0544609-04:00">
        <Text>2025-05-02T01:13:25.053Z pw:api   navigations have finished</Text>
      </RunInfo>
      <RunInfo computerName="DESKTOP-RSFFHJT" outcome="Warning" timestamp="2025-05-01T21:13:25.0569748-04:00">
        <Text>2025-05-02T01:13:25.056Z pw:api waiting for Locator("table[id='vertically-scrolled-table']") to be visible</Text>
      </RunInfo>
      <RunInfo computerName="DESKTOP-RSFFHJT" outcome="Warning" timestamp="2025-05-01T21:13:25.4702466-04:00">
        <Text>2025-05-02T01:13:25.469Z pw:api   navigated to "https://www.zoho.com/ca/inventory/inventory-software-demo/#/inventory/items"</Text>
      </RunInfo>
      <RunInfo computerName="DESKTOP-RSFFHJT" outcome="Warning" timestamp="2025-05-01T21:13:25.8797705-04:00">
        <Text>2025-05-02T01:13:25.878Z pw:api   locator resolved to visible &lt;table id="vertically-scrolled-table" class="table zi-table table-hover     header-fixed"&gt;ΓÇª&lt;/table&gt;</Text>
      </RunInfo>
      <RunInfo computerName="DESKTOP-RSFFHJT" outcome="Warning" timestamp="2025-05-01T21:13:25.8829433-04:00">
        <Text>2025-05-02T01:13:25.881Z pw:api waiting for Locator("table[id='vertically-scrolled-table']").Locator("tbody tr").First.Locator("a")</Text>
      </RunInfo>
      <RunInfo computerName="DESKTOP-RSFFHJT" outcome="Warning" timestamp="2025-05-01T21:13:25.8844480-04:00">
        <Text>2025-05-02T01:13:25.883Z pw:api   locator resolved to &lt;a id="ember310" class="ember-view text-break " href="#/inventory/items/6620000005381000"&gt;Dining Table and Chairs Set&lt;/a&gt;</Text>
      </RunInfo>
      <RunInfo computerName="DESKTOP-RSFFHJT" outcome="Warning" timestamp="2025-05-01T21:13:25.8854713-04:00">
        <Text>2025-05-02T01:13:25.884Z pw:api waiting for Locator("table[id='vertically-scrolled-table']").Locator("tbody tr").First.Locator("td:nth-child(3)")</Text>
      </RunInfo>
      <RunInfo computerName="DESKTOP-RSFFHJT" outcome="Warning" timestamp="2025-05-01T21:13:25.8870109-04:00">
        <Text>2025-05-02T01:13:25.886Z pw:api   locator resolved to &lt;td class=" "&gt;Item 1 sku&lt;/td&gt;</Text>
      </RunInfo>
      <RunInfo computerName="DESKTOP-RSFFHJT" outcome="Warning" timestamp="2025-05-01T21:13:25.8875857-04:00">
        <Text>2025-05-02T01:13:25.886Z pw:api waiting for Locator("table[id='vertically-scrolled-table']").Locator("tbody tr").First.Locator("td:nth-child(4)")</Text>
      </RunInfo>
      <RunInfo computerName="DESKTOP-RSFFHJT" outcome="Warning" timestamp="2025-05-01T21:13:25.8888365-04:00">
        <Text>2025-05-02T01:13:25.887Z pw:api   locator resolved to &lt;td class=" "&gt;Service&lt;/td&gt;</Text>
      </RunInfo>
      <RunInfo computerName="DESKTOP-RSFFHJT" outcome="Warning" timestamp="2025-05-01T21:13:25.8894558-04:00">
        <Text>2025-05-02T01:13:25.888Z pw:api waiting for Locator("table[id='vertically-scrolled-table']").Locator("tbody tr").First.Locator("td span[class='text-ellipsis']")</Text>
      </RunInfo>
      <RunInfo computerName="DESKTOP-RSFFHJT" outcome="Warning" timestamp="2025-05-01T21:13:25.8910252-04:00">
        <Text>2025-05-02T01:13:25.890Z pw:api   locator resolved to &lt;span id="a9744f39e" class="text-ellipsis"&gt;A stylish dining set with a table and four chairs.&lt;/span&gt;</Text>
      </RunInfo>
      <RunInfo computerName="DESKTOP-RSFFHJT" outcome="Warning" timestamp="2025-05-01T21:13:25.8915091-04:00">
        <Text>2025-05-02T01:13:25.890Z pw:api waiting for Locator("table[id='vertically-scrolled-table']").Locator("tbody tr").First.Locator("td[class='  text-end']")</Text>
      </RunInfo>
      <RunInfo computerName="DESKTOP-RSFFHJT" outcome="Warning" timestamp="2025-05-01T21:13:25.8929458-04:00">
        <Text>2025-05-02T01:13:25.892Z pw:api   locator resolved to &lt;td class="  text-end"&gt;$7980.00&lt;/td&gt;</Text>
      </RunInfo>
      <RunInfo computerName="DESKTOP-RSFFHJT" outcome="Warning" timestamp="2025-05-01T21:13:25.8936884-04:00">
        <Text>2025-05-02T01:13:25.892Z pw:api waiting for Locator("table[id='vertically-scrolled-table']").Locator("tbody tr").Nth(1).Locator("a")</Text>
      </RunInfo>
      <RunInfo computerName="DESKTOP-RSFFHJT" outcome="Warning" timestamp="2025-05-01T21:13:25.8950410-04:00">
        <Text>2025-05-02T01:13:25.894Z pw:api   locator resolved to &lt;a id="ember316" class="ember-view text-break " href="#/inventory/items/6620000005381001"&gt;Coffee Table&lt;/a&gt;</Text>
      </RunInfo>
      <RunInfo computerName="DESKTOP-RSFFHJT" outcome="Warning" timestamp="2025-05-01T21:13:25.8954527-04:00">
        <Text>2025-05-02T01:13:25.894Z pw:api waiting for Locator("table[id='vertically-scrolled-table']").Locator("tbody tr").Nth(1).Locator("td:nth-child(3)")</Text>
      </RunInfo>
      <RunInfo computerName="DESKTOP-RSFFHJT" outcome="Warning" timestamp="2025-05-01T21:13:25.8975429-04:00">
        <Text>2025-05-02T01:13:25.896Z pw:api   locator resolved to &lt;td class=" "&gt;Item 2 sku&lt;/td&gt;</Text>
      </RunInfo>
      <RunInfo computerName="DESKTOP-RSFFHJT" outcome="Warning" timestamp="2025-05-01T21:13:25.8980671-04:00">
        <Text>2025-05-02T01:13:25.897Z pw:api waiting for Locator("table[id='vertically-scrolled-table']").Locator("tbody tr").Nth(1).Locator("td:nth-child(4)")</Text>
      </RunInfo>
      <RunInfo computerName="DESKTOP-RSFFHJT" outcome="Warning" timestamp="2025-05-01T21:13:25.8997529-04:00">
        <Text>2025-05-02T01:13:25.898Z pw:api   locator resolved to &lt;td class=" "&gt;Service&lt;/td&gt;</Text>
      </RunInfo>
      <RunInfo computerName="DESKTOP-RSFFHJT" outcome="Warning" timestamp="2025-05-01T21:13:25.9003899-04:00">
        <Text>2025-05-02T01:13:25.899Z pw:api waiting for Locator("table[id='vertically-scrolled-table']").Locator("tbody tr").Nth(1).Locator("td span[class='text-ellipsis']")</Text>
      </RunInfo>
      <RunInfo computerName="DESKTOP-RSFFHJT" outcome="Warning" timestamp="2025-05-01T21:13:25.9018165-04:00">
        <Text>2025-05-02T01:13:25.900Z pw:api   locator resolved to &lt;span id="aad45f50f" class="text-ellipsis"&gt;A sleek, modern coffee table with a glass top.&lt;/span&gt;</Text>
      </RunInfo>
      <RunInfo computerName="DESKTOP-RSFFHJT" outcome="Warning" timestamp="2025-05-01T21:13:25.9022553-04:00">
        <Text>2025-05-02T01:13:25.901Z pw:api waiting for Locator("table[id='vertically-scrolled-table']").Locator("tbody tr").Nth(1).Locator("td[class='  text-end']")</Text>
      </RunInfo>
      <RunInfo computerName="DESKTOP-RSFFHJT" outcome="Warning" timestamp="2025-05-01T21:13:25.9038914-04:00">
        <Text>2025-05-02T01:13:25.902Z pw:api   locator resolved to &lt;td class="  text-end"&gt;$3841.00&lt;/td&gt;</Text>
      </RunInfo>
      <RunInfo computerName="DESKTOP-RSFFHJT" outcome="Warning" timestamp="2025-05-01T21:13:25.9043907-04:00">
        <Text>2025-05-02T01:13:25.903Z pw:api waiting for Locator("table[id='vertically-scrolled-table']").Locator("tbody tr").Nth(2).Locator("a")</Text>
      </RunInfo>
      <RunInfo computerName="DESKTOP-RSFFHJT" outcome="Warning" timestamp="2025-05-01T21:13:25.9056965-04:00">
        <Text>2025-05-02T01:13:25.904Z pw:api   locator resolved to &lt;a id="ember322" class="ember-view text-break " href="#/inventory/items/6620000005381002"&gt;Dining Table and Chairs Set&lt;/a&gt;</Text>
      </RunInfo>
      <RunInfo computerName="DESKTOP-RSFFHJT" outcome="Warning" timestamp="2025-05-01T21:13:25.9061442-04:00">
        <Text>2025-05-02T01:13:25.905Z pw:api waiting for Locator("table[id='vertically-scrolled-table']").Locator("tbody tr").Nth(2).Locator("td:nth-child(3)")</Text>
      </RunInfo>
      <RunInfo computerName="DESKTOP-RSFFHJT" outcome="Warning" timestamp="2025-05-01T21:13:25.9074322-04:00">
        <Text>2025-05-02T01:13:25.906Z pw:api   locator resolved to &lt;td class=" "&gt;Item 3 sku&lt;/td&gt;</Text>
      </RunInfo>
      <RunInfo computerName="DESKTOP-RSFFHJT" outcome="Warning" timestamp="2025-05-01T21:13:25.9079956-04:00">
        <Text>2025-05-02T01:13:25.907Z pw:api waiting for Locator("table[id='vertically-scrolled-table']").Locator("tbody tr").Nth(2).Locator("td:nth-child(4)")</Text>
      </RunInfo>
      <RunInfo computerName="DESKTOP-RSFFHJT" outcome="Warning" timestamp="2025-05-01T21:13:25.9095087-04:00">
        <Text>2025-05-02T01:13:25.908Z pw:api   locator resolved to &lt;td class=" "&gt;Service&lt;/td&gt;</Text>
      </RunInfo>
      <RunInfo computerName="DESKTOP-RSFFHJT" outcome="Warning" timestamp="2025-05-01T21:13:25.9099487-04:00">
        <Text>2025-05-02T01:13:25.909Z pw:api waiting for Locator("table[id='vertically-scrolled-table']").Locator("tbody tr").Nth(2).Locator("td span[class='text-ellipsis']")</Text>
      </RunInfo>
      <RunInfo computerName="DESKTOP-RSFFHJT" outcome="Warning" timestamp="2025-05-01T21:13:25.9112629-04:00">
        <Text>2025-05-02T01:13:25.910Z pw:api   locator resolved to &lt;span id="aa91272c0" class="text-ellipsis"&gt;&lt;/span&gt;</Text>
      </RunInfo>
      <RunInfo computerName="DESKTOP-RSFFHJT" outcome="Warning" timestamp="2025-05-01T21:13:25.9117893-04:00">
        <Text>2025-05-02T01:13:25.910Z pw:api waiting for Locator("table[id='vertically-scrolled-table']").Locator("tbody tr").Nth(2).Locator("td[class='  text-end']")</Text>
      </RunInfo>
      <RunInfo computerName="DESKTOP-RSFFHJT" outcome="Warning" timestamp="2025-05-01T21:13:25.9132211-04:00">
        <Text>2025-05-02T01:13:25.912Z pw:api   locator resolved to &lt;td class="  text-end"&gt;&lt;/td&gt;</Text>
      </RunInfo>
      <RunInfo computerName="DESKTOP-RSFFHJT" outcome="Warning" timestamp="2025-05-01T21:13:25.9138879-04:00">
        <Text>2025-05-02T01:13:25.912Z pw:api waiting for Locator("table[id='vertically-scrolled-table']").Locator("tbody tr").Nth(3).Locator("a")</Text>
      </RunInfo>
      <RunInfo computerName="DESKTOP-RSFFHJT" outcome="Warning" timestamp="2025-05-01T21:13:25.9152381-04:00">
        <Text>2025-05-02T01:13:25.914Z pw:api   locator resolved to &lt;a id="ember328" class="ember-view text-break " href="#/inventory/items/6620000005381003"&gt;Storage Cabinet&lt;/a&gt;</Text>
      </RunInfo>
      <RunInfo computerName="DESKTOP-RSFFHJT" outcome="Warning" timestamp="2025-05-01T21:13:25.9158828-04:00">
        <Text>2025-05-02T01:13:25.914Z pw:api waiting for Locator("table[id='vertically-scrolled-table']").Locator("tbody tr").Nth(3).Locator("td:nth-child(3)")</Text>
      </RunInfo>
      <RunInfo computerName="DESKTOP-RSFFHJT" outcome="Warning" timestamp="2025-05-01T21:13:25.9175613-04:00">
        <Text>2025-05-02T01:13:25.916Z pw:api   locator resolved to &lt;td class=" "&gt;Item 4 sku&lt;/td&gt;</Text>
      </RunInfo>
      <RunInfo computerName="DESKTOP-RSFFHJT" outcome="Warning" timestamp="2025-05-01T21:13:25.9179495-04:00">
        <Text>2025-05-02T01:13:25.917Z pw:api waiting for Locator("table[id='vertically-scrolled-table']").Locator("tbody tr").Nth(3).Locator("td:nth-child(4)")</Text>
      </RunInfo>
      <RunInfo computerName="DESKTOP-RSFFHJT" outcome="Warning" timestamp="2025-05-01T21:13:25.9193660-04:00">
        <Text>2025-05-02T01:13:25.918Z pw:api   locator resolved to &lt;td class=" "&gt;Service&lt;/td&gt;</Text>
      </RunInfo>
      <RunInfo computerName="DESKTOP-RSFFHJT" outcome="Warning" timestamp="2025-05-01T21:13:25.9197073-04:00">
        <Text>2025-05-02T01:13:25.918Z pw:api waiting for Locator("table[id='vertically-scrolled-table']").Locator("tbody tr").Nth(3).Locator("td span[class='text-ellipsis']")</Text>
      </RunInfo>
      <RunInfo computerName="DESKTOP-RSFFHJT" outcome="Warning" timestamp="2025-05-01T21:13:25.9210023-04:00">
        <Text>2025-05-02T01:13:25.920Z pw:api   locator resolved to &lt;span id="a772ccdf3" class="text-ellipsis"&gt;&lt;/span&gt;</Text>
      </RunInfo>
      <RunInfo computerName="DESKTOP-RSFFHJT" outcome="Warning" timestamp="2025-05-01T21:13:25.9216565-04:00">
        <Text>2025-05-02T01:13:25.920Z pw:api waiting for Locator("table[id='vertically-scrolled-table']").Locator("tbody tr").Nth(3).Locator("td[class='  text-end']")</Text>
      </RunInfo>
      <RunInfo computerName="DESKTOP-RSFFHJT" outcome="Warning" timestamp="2025-05-01T21:13:25.9229723-04:00">
        <Text>2025-05-02T01:13:25.922Z pw:api   locator resolved to &lt;td class="  text-end"&gt;&lt;/td&gt;</Text>
      </RunInfo>
      <RunInfo computerName="DESKTOP-RSFFHJT" outcome="Warning" timestamp="2025-05-01T21:13:25.9234422-04:00">
        <Text>2025-05-02T01:13:25.922Z pw:api waiting for Locator("table[id='vertically-scrolled-table']").Locator("tbody tr").Nth(4).Locator("a")</Text>
      </RunInfo>
      <RunInfo computerName="DESKTOP-RSFFHJT" outcome="Warning" timestamp="2025-05-01T21:13:25.9266486-04:00">
        <Text>2025-05-02T01:13:25.923Z pw:api   locator resolved to &lt;a id="ember334" class="ember-view text-break " href="#/inventory/items/6620000005381004"&gt;Queen Size Bed&lt;/a&gt;</Text>
      </RunInfo>
      <RunInfo computerName="DESKTOP-RSFFHJT" outcome="Warning" timestamp="2025-05-01T21:13:25.9271530-04:00">
        <Text>2025-05-02T01:13:25.926Z pw:api waiting for Locator("table[id='vertically-scrolled-table']").Locator("tbody tr").Nth(4).Locator("td:nth-child(3)")</Text>
      </RunInfo>
      <RunInfo computerName="DESKTOP-RSFFHJT" outcome="Warning" timestamp="2025-05-01T21:13:25.9285944-04:00">
        <Text>2025-05-02T01:13:25.927Z pw:api   locator resolved to &lt;td class=" "&gt;Item 5 sku&lt;/td&gt;</Text>
      </RunInfo>
      <RunInfo computerName="DESKTOP-RSFFHJT" outcome="Warning" timestamp="2025-05-01T21:13:25.9291657-04:00">
        <Text>2025-05-02T01:13:25.928Z pw:api waiting for Locator("table[id='vertically-scrolled-table']").Locator("tbody tr").Nth(4).Locator("td:nth-child(4)")</Text>
      </RunInfo>
      <RunInfo computerName="DESKTOP-RSFFHJT" outcome="Warning" timestamp="2025-05-01T21:13:25.9309045-04:00">
        <Text>2025-05-02T01:13:25.929Z pw:api   locator resolved to &lt;td class=" "&gt;Service&lt;/td&gt;</Text>
      </RunInfo>
      <RunInfo computerName="DESKTOP-RSFFHJT" outcome="Warning" timestamp="2025-05-01T21:13:25.9314312-04:00">
        <Text>2025-05-02T01:13:25.930Z pw:api waiting for Locator("table[id='vertically-scrolled-table']").Locator("tbody tr").Nth(4).Locator("td span[class='text-ellipsis']")</Text>
      </RunInfo>
      <RunInfo computerName="DESKTOP-RSFFHJT" outcome="Warning" timestamp="2025-05-01T21:13:25.9330376-04:00">
        <Text>2025-05-02T01:13:25.932Z pw:api   locator resolved to &lt;span id="a286ecac8" class="text-ellipsis"&gt;Mid-century wooden double bed. Scandinavian-styleΓÇª&lt;/span&gt;</Text>
      </RunInfo>
      <RunInfo computerName="DESKTOP-RSFFHJT" outcome="Warning" timestamp="2025-05-01T21:13:25.9334769-04:00">
        <Text>2025-05-02T01:13:25.932Z pw:api waiting for Locator("table[id='vertically-scrolled-table']").Locator("tbody tr").Nth(4).Locator("td[class='  text-end']")</Text>
      </RunInfo>
      <RunInfo computerName="DESKTOP-RSFFHJT" outcome="Warning" timestamp="2025-05-01T21:13:25.9347476-04:00">
        <Text>2025-05-02T01:13:25.933Z pw:api   locator resolved to &lt;td class="  text-end"&gt;$9046.00&lt;/td&gt;</Text>
      </RunInfo>
      <RunInfo computerName="DESKTOP-RSFFHJT" outcome="Warning" timestamp="2025-05-01T21:13:25.9352918-04:00">
        <Text>2025-05-02T01:13:25.934Z pw:api waiting for Locator("table[id='vertically-scrolled-table']").Locator("tbody tr").Nth(5).Locator("a")</Text>
      </RunInfo>
      <RunInfo computerName="DESKTOP-RSFFHJT" outcome="Warning" timestamp="2025-05-01T21:13:25.9366758-04:00">
        <Text>2025-05-02T01:13:25.935Z pw:api   locator resolved to &lt;a id="ember340" class="ember-view text-break " href="#/inventory/items/6620000005381005"&gt;Dining Table and Chairs Set&lt;/a&gt;</Text>
      </RunInfo>
      <RunInfo computerName="DESKTOP-RSFFHJT" outcome="Warning" timestamp="2025-05-01T21:13:25.9371152-04:00">
        <Text>2025-05-02T01:13:25.936Z pw:api waiting for Locator("table[id='vertically-scrolled-table']").Locator("tbody tr").Nth(5).Locator("td:nth-child(3)")</Text>
      </RunInfo>
      <RunInfo computerName="DESKTOP-RSFFHJT" outcome="Warning" timestamp="2025-05-01T21:13:25.9386001-04:00">
        <Text>2025-05-02T01:13:25.937Z pw:api   locator resolved to &lt;td class=" "&gt;Item 6 sku&lt;/td&gt;</Text>
      </RunInfo>
      <RunInfo computerName="DESKTOP-RSFFHJT" outcome="Warning" timestamp="2025-05-01T21:13:25.9389497-04:00">
        <Text>2025-05-02T01:13:25.938Z pw:api waiting for Locator("table[id='vertically-scrolled-table']").Locator("tbody tr").Nth(5).Locator("td:nth-child(4)")</Text>
      </RunInfo>
      <RunInfo computerName="DESKTOP-RSFFHJT" outcome="Warning" timestamp="2025-05-01T21:13:25.9404612-04:00">
        <Text>2025-05-02T01:13:25.939Z pw:api   locator resolved to &lt;td class=" "&gt;Service&lt;/td&gt;</Text>
      </RunInfo>
      <RunInfo computerName="DESKTOP-RSFFHJT" outcome="Warning" timestamp="2025-05-01T21:13:25.9410057-04:00">
        <Text>2025-05-02T01:13:25.940Z pw:api waiting for Locator("table[id='vertically-scrolled-table']").Locator("tbody tr").Nth(5).Locator("td span[class='text-ellipsis']")</Text>
      </RunInfo>
      <RunInfo computerName="DESKTOP-RSFFHJT" outcome="Warning" timestamp="2025-05-01T21:13:25.9421828-04:00">
        <Text>2025-05-02T01:13:25.941Z pw:api   locator resolved to &lt;span id="a06ed3c97" class="text-ellipsis"&gt;A stylish dining set with a table and four chairs.&lt;/span&gt;</Text>
      </RunInfo>
      <RunInfo computerName="DESKTOP-RSFFHJT" outcome="Warning" timestamp="2025-05-01T21:13:25.9425927-04:00">
        <Text>2025-05-02T01:13:25.941Z pw:api waiting for Locator("table[id='vertically-scrolled-table']").Locator("tbody tr").Nth(5).Locator("td[class='  text-end']")</Text>
      </RunInfo>
      <RunInfo computerName="DESKTOP-RSFFHJT" outcome="Warning" timestamp="2025-05-01T21:13:25.9437956-04:00">
        <Text>2025-05-02T01:13:25.942Z pw:api   locator resolved to &lt;td class="  text-end"&gt;$164.00&lt;/td&gt;</Text>
      </RunInfo>
      <RunInfo computerName="DESKTOP-RSFFHJT" outcome="Warning" timestamp="2025-05-01T21:13:25.9443606-04:00">
        <Text>2025-05-02T01:13:25.943Z pw:api waiting for Locator("table[id='vertically-scrolled-table']").Locator("tbody tr").Nth(6).Locator("a")</Text>
      </RunInfo>
      <RunInfo computerName="DESKTOP-RSFFHJT" outcome="Warning" timestamp="2025-05-01T21:13:25.9459582-04:00">
        <Text>2025-05-02T01:13:25.944Z pw:api   locator resolved to &lt;a id="ember346" class="ember-view text-break " href="#/inventory/items/6620000005381006"&gt;Queen Size Bed&lt;/a&gt;</Text>
      </RunInfo>
      <RunInfo computerName="DESKTOP-RSFFHJT" outcome="Warning" timestamp="2025-05-01T21:13:25.9466050-04:00">
        <Text>2025-05-02T01:13:25.945Z pw:api waiting for Locator("table[id='vertically-scrolled-table']").Locator("tbody tr").Nth(6).Locator("td:nth-child(3)")</Text>
      </RunInfo>
      <RunInfo computerName="DESKTOP-RSFFHJT" outcome="Warning" timestamp="2025-05-01T21:13:25.9482155-04:00">
        <Text>2025-05-02T01:13:25.947Z pw:api   locator resolved to &lt;td class=" "&gt;Item 7 sku&lt;/td&gt;</Text>
      </RunInfo>
      <RunInfo computerName="DESKTOP-RSFFHJT" outcome="Warning" timestamp="2025-05-01T21:13:25.9488376-04:00">
        <Text>2025-05-02T01:13:25.947Z pw:api waiting for Locator("table[id='vertically-scrolled-table']").Locator("tbody tr").Nth(6).Locator("td:nth-child(4)")</Text>
      </RunInfo>
      <RunInfo computerName="DESKTOP-RSFFHJT" outcome="Warning" timestamp="2025-05-01T21:13:25.9503534-04:00">
        <Text>2025-05-02T01:13:25.949Z pw:api   locator resolved to &lt;td class=" "&gt;Goods&lt;/td&gt;</Text>
      </RunInfo>
      <RunInfo computerName="DESKTOP-RSFFHJT" outcome="Warning" timestamp="2025-05-01T21:13:25.9508059-04:00">
        <Text>2025-05-02T01:13:25.949Z pw:api waiting for Locator("table[id='vertically-scrolled-table']").Locator("tbody tr").Nth(6).Locator("td span[class='text-ellipsis']")</Text>
      </RunInfo>
      <RunInfo computerName="DESKTOP-RSFFHJT" outcome="Warning" timestamp="2025-05-01T21:13:25.9522271-04:00">
        <Text>2025-05-02T01:13:25.951Z pw:api   locator resolved to &lt;span id="a5c3fb81b" class="text-ellipsis"&gt;Mid-century wooden double bed. Scandinavian-styleΓÇª&lt;/span&gt;</Text>
      </RunInfo>
      <RunInfo computerName="DESKTOP-RSFFHJT" outcome="Warning" timestamp="2025-05-01T21:13:25.9526898-04:00">
        <Text>2025-05-02T01:13:25.951Z pw:api waiting for Locator("table[id='vertically-scrolled-table']").Locator("tbody tr").Nth(6).Locator("td[class='  text-end']")</Text>
      </RunInfo>
      <RunInfo computerName="DESKTOP-RSFFHJT" outcome="Warning" timestamp="2025-05-01T21:13:25.9539223-04:00">
        <Text>2025-05-02T01:13:25.953Z pw:api   locator resolved to &lt;td class="  text-end"&gt;$4182.00&lt;/td&gt;</Text>
      </RunInfo>
      <RunInfo computerName="DESKTOP-RSFFHJT" outcome="Warning" timestamp="2025-05-01T21:13:25.9543642-04:00">
        <Text>2025-05-02T01:13:25.953Z pw:api waiting for Locator("table[id='vertically-scrolled-table']").Locator("tbody tr").Nth(7).Locator("a")</Text>
      </RunInfo>
      <RunInfo computerName="DESKTOP-RSFFHJT" outcome="Warning" timestamp="2025-05-01T21:13:25.9557808-04:00">
        <Text>2025-05-02T01:13:25.954Z pw:api   locator resolved to &lt;a id="ember352" class="ember-view text-break " href="#/inventory/items/6620000005381007"&gt;Storage Cabinet&lt;/a&gt;</Text>
      </RunInfo>
      <RunInfo computerName="DESKTOP-RSFFHJT" outcome="Warning" timestamp="2025-05-01T21:13:25.9562186-04:00">
        <Text>2025-05-02T01:13:25.955Z pw:api waiting for Locator("table[id='vertically-scrolled-table']").Locator("tbody tr").Nth(7).Locator("td:nth-child(3)")</Text>
      </RunInfo>
      <RunInfo computerName="DESKTOP-RSFFHJT" outcome="Warning" timestamp="2025-05-01T21:13:25.9576190-04:00">
        <Text>2025-05-02T01:13:25.956Z pw:api   locator resolved to &lt;td class=" "&gt;Item 8 sku&lt;/td&gt;</Text>
      </RunInfo>
      <RunInfo computerName="DESKTOP-RSFFHJT" outcome="Warning" timestamp="2025-05-01T21:13:25.9581071-04:00">
        <Text>2025-05-02T01:13:25.957Z pw:api waiting for Locator("table[id='vertically-scrolled-table']").Locator("tbody tr").Nth(7).Locator("td:nth-child(4)")</Text>
      </RunInfo>
      <RunInfo computerName="DESKTOP-RSFFHJT" outcome="Warning" timestamp="2025-05-01T21:13:25.9592651-04:00">
        <Text>2025-05-02T01:13:25.958Z pw:api   locator resolved to &lt;td class=" "&gt;Goods&lt;/td&gt;</Text>
      </RunInfo>
      <RunInfo computerName="DESKTOP-RSFFHJT" outcome="Warning" timestamp="2025-05-01T21:13:25.9598058-04:00">
        <Text>2025-05-02T01:13:25.958Z pw:api waiting for Locator("table[id='vertically-scrolled-table']").Locator("tbody tr").Nth(7).Locator("td span[class='text-ellipsis']")</Text>
      </RunInfo>
      <RunInfo computerName="DESKTOP-RSFFHJT" outcome="Warning" timestamp="2025-05-01T21:13:25.9613406-04:00">
        <Text>2025-05-02T01:13:25.960Z pw:api   locator resolved to &lt;span id="a5c6a0adc" class="text-ellipsis"&gt;A versatile storage cabinet with adjustable shelvΓÇª&lt;/span&gt;</Text>
      </RunInfo>
      <RunInfo computerName="DESKTOP-RSFFHJT" outcome="Warning" timestamp="2025-05-01T21:13:25.9619392-04:00">
        <Text>2025-05-02T01:13:25.960Z pw:api waiting for Locator("table[id='vertically-scrolled-table']").Locator("tbody tr").Nth(7).Locator("td[class='  text-end']")</Text>
      </RunInfo>
      <RunInfo computerName="DESKTOP-RSFFHJT" outcome="Warning" timestamp="2025-05-01T21:13:25.9636771-04:00">
        <Text>2025-05-02T01:13:25.962Z pw:api   locator resolved to &lt;td class="  text-end"&gt;$8743.00&lt;/td&gt;</Text>
      </RunInfo>
      <RunInfo computerName="DESKTOP-RSFFHJT" outcome="Warning" timestamp="2025-05-01T21:13:25.9642755-04:00">
        <Text>2025-05-02T01:13:25.963Z pw:api waiting for Locator("table[id='vertically-scrolled-table']").Locator("tbody tr").Nth(8).Locator("a")</Text>
      </RunInfo>
      <RunInfo computerName="DESKTOP-RSFFHJT" outcome="Warning" timestamp="2025-05-01T21:13:25.9658314-04:00">
        <Text>2025-05-02T01:13:25.964Z pw:api   locator resolved to &lt;a id="ember358" class="ember-view text-break " href="#/inventory/items/6620000005381008"&gt;Composite Item 0&lt;/a&gt;</Text>
      </RunInfo>
      <RunInfo computerName="DESKTOP-RSFFHJT" outcome="Warning" timestamp="2025-05-01T21:13:25.9663440-04:00">
        <Text>2025-05-02T01:13:25.965Z pw:api waiting for Locator("table[id='vertically-scrolled-table']").Locator("tbody tr").Nth(8).Locator("td:nth-child(3)")</Text>
      </RunInfo>
      <RunInfo computerName="DESKTOP-RSFFHJT" outcome="Warning" timestamp="2025-05-01T21:13:25.9677276-04:00">
        <Text>2025-05-02T01:13:25.966Z pw:api   locator resolved to &lt;td class=" "&gt;43042&lt;/td&gt;</Text>
      </RunInfo>
      <RunInfo computerName="DESKTOP-RSFFHJT" outcome="Warning" timestamp="2025-05-01T21:13:25.9681908-04:00">
        <Text>2025-05-02T01:13:25.967Z pw:api waiting for Locator("table[id='vertically-scrolled-table']").Locator("tbody tr").Nth(8).Locator("td:nth-child(4)")</Text>
      </RunInfo>
      <RunInfo computerName="DESKTOP-RSFFHJT" outcome="Warning" timestamp="2025-05-01T21:13:25.9695729-04:00">
        <Text>2025-05-02T01:13:25.968Z pw:api   locator resolved to &lt;td class=" "&gt;Goods&lt;/td&gt;</Text>
      </RunInfo>
      <RunInfo computerName="DESKTOP-RSFFHJT" outcome="Warning" timestamp="2025-05-01T21:13:25.9700542-04:00">
        <Text>2025-05-02T01:13:25.969Z pw:api waiting for Locator("table[id='vertically-scrolled-table']").Locator("tbody tr").Nth(8).Locator("td span[class='text-ellipsis']")</Text>
      </RunInfo>
      <RunInfo computerName="DESKTOP-RSFFHJT" outcome="Warning" timestamp="2025-05-01T21:13:25.9715735-04:00">
        <Text>2025-05-02T01:13:25.970Z pw:api   locator resolved to &lt;span id="a4afe5364" class="text-ellipsis"&gt;Deserunt magni in repellendus atque dignissimos nΓÇª&lt;/span&gt;</Text>
      </RunInfo>
      <RunInfo computerName="DESKTOP-RSFFHJT" outcome="Warning" timestamp="2025-05-01T21:13:25.9721009-04:00">
        <Text>2025-05-02T01:13:25.971Z pw:api waiting for Locator("table[id='vertically-scrolled-table']").Locator("tbody tr").Nth(8).Locator("td[class='  text-end']")</Text>
      </RunInfo>
      <RunInfo computerName="DESKTOP-RSFFHJT" outcome="Warning" timestamp="2025-05-01T21:13:25.9737027-04:00">
        <Text>2025-05-02T01:13:25.972Z pw:api   locator resolved to &lt;td class="  text-end"&gt;$62.00&lt;/td&gt;</Text>
      </RunInfo>
      <RunInfo computerName="DESKTOP-RSFFHJT" outcome="Warning" timestamp="2025-05-01T21:13:25.9742569-04:00">
        <Text>2025-05-02T01:13:25.973Z pw:api waiting for Locator("table[id='vertically-scrolled-table']").Locator("tbody tr").Nth(9).Locator("a")</Text>
      </RunInfo>
      <RunInfo computerName="DESKTOP-RSFFHJT" outcome="Warning" timestamp="2025-05-01T21:13:25.9759285-04:00">
        <Text>2025-05-02T01:13:25.975Z pw:api   locator resolved to &lt;a id="ember364" class="ember-view text-break " href="#/inventory/items/6620000005381009"&gt;Composite Item 1&lt;/a&gt;</Text>
      </RunInfo>
      <RunInfo computerName="DESKTOP-RSFFHJT" outcome="Warning" timestamp="2025-05-01T21:13:25.9764781-04:00">
        <Text>2025-05-02T01:13:25.975Z pw:api waiting for Locator("table[id='vertically-scrolled-table']").Locator("tbody tr").Nth(9).Locator("td:nth-child(3)")</Text>
      </RunInfo>
      <RunInfo computerName="DESKTOP-RSFFHJT" outcome="Warning" timestamp="2025-05-01T21:13:25.9777239-04:00">
        <Text>2025-05-02T01:13:25.976Z pw:api   locator resolved to &lt;td class=" "&gt;43042&lt;/td&gt;</Text>
      </RunInfo>
      <RunInfo computerName="DESKTOP-RSFFHJT" outcome="Warning" timestamp="2025-05-01T21:13:25.9782321-04:00">
        <Text>2025-05-02T01:13:25.977Z pw:api waiting for Locator("table[id='vertically-scrolled-table']").Locator("tbody tr").Nth(9).Locator("td:nth-child(4)")</Text>
      </RunInfo>
      <RunInfo computerName="DESKTOP-RSFFHJT" outcome="Warning" timestamp="2025-05-01T21:13:25.9794412-04:00">
        <Text>2025-05-02T01:13:25.978Z pw:api   locator resolved to &lt;td class=" "&gt;Goods&lt;/td&gt;</Text>
      </RunInfo>
      <RunInfo computerName="DESKTOP-RSFFHJT" outcome="Warning" timestamp="2025-05-01T21:13:25.9799406-04:00">
        <Text>2025-05-02T01:13:25.979Z pw:api waiting for Locator("table[id='vertically-scrolled-table']").Locator("tbody tr").Nth(9).Locator("td span[class='text-ellipsis']")</Text>
      </RunInfo>
      <RunInfo computerName="DESKTOP-RSFFHJT" outcome="Warning" timestamp="2025-05-01T21:13:25.9814902-04:00">
        <Text>2025-05-02T01:13:25.980Z pw:api   locator resolved to &lt;span id="a03ee8762" class="text-ellipsis"&gt;Deserunt magni in repellendus atque dignissimos nΓÇª&lt;/span&gt;</Text>
      </RunInfo>
      <RunInfo computerName="DESKTOP-RSFFHJT" outcome="Warning" timestamp="2025-05-01T21:13:25.9820625-04:00">
        <Text>2025-05-02T01:13:25.981Z pw:api waiting for Locator("table[id='vertically-scrolled-table']").Locator("tbody tr").Nth(9).Locator("td[class='  text-end']")</Text>
      </RunInfo>
      <RunInfo computerName="DESKTOP-RSFFHJT" outcome="Warning" timestamp="2025-05-01T21:13:25.9834974-04:00">
        <Text>2025-05-02T01:13:25.982Z pw:api   locator resolved to &lt;td class="  text-end"&gt;$365.00&lt;/td&gt;</Text>
      </RunInfo>
      <RunInfo computerName="DESKTOP-RSFFHJT" outcome="Warning" timestamp="2025-05-01T21:13:25.9840552-04:00">
        <Text>2025-05-02T01:13:25.983Z pw:api waiting for Locator("table[id='vertically-scrolled-table']").Locator("tbody tr").Nth(10).Locator("a")</Text>
      </RunInfo>
      <RunInfo computerName="DESKTOP-RSFFHJT" outcome="Warning" timestamp="2025-05-01T21:13:25.9854363-04:00">
        <Text>2025-05-02T01:13:25.984Z pw:api   locator resolved to &lt;a id="ember370" class="ember-view text-break " href="#/inventory/items/6620000005381010"&gt;Composite Item 2&lt;/a&gt;</Text>
      </RunInfo>
      <RunInfo computerName="DESKTOP-RSFFHJT" outcome="Warning" timestamp="2025-05-01T21:13:25.9861284-04:00">
        <Text>2025-05-02T01:13:25.985Z pw:api waiting for Locator("table[id='vertically-scrolled-table']").Locator("tbody tr").Nth(10).Locator("td:nth-child(3)")</Text>
      </RunInfo>
      <RunInfo computerName="DESKTOP-RSFFHJT" outcome="Warning" timestamp="2025-05-01T21:13:25.9877559-04:00">
        <Text>2025-05-02T01:13:25.986Z pw:api   locator resolved to &lt;td class=" "&gt;43042&lt;/td&gt;</Text>
      </RunInfo>
      <RunInfo computerName="DESKTOP-RSFFHJT" outcome="Warning" timestamp="2025-05-01T21:13:25.9883808-04:00">
        <Text>2025-05-02T01:13:25.987Z pw:api waiting for Locator("table[id='vertically-scrolled-table']").Locator("tbody tr").Nth(10).Locator("td:nth-child(4)")</Text>
      </RunInfo>
      <RunInfo computerName="DESKTOP-RSFFHJT" outcome="Warning" timestamp="2025-05-01T21:13:25.9899073-04:00">
        <Text>2025-05-02T01:13:25.988Z pw:api   locator resolved to &lt;td class=" "&gt;Goods&lt;/td&gt;</Text>
      </RunInfo>
      <RunInfo computerName="DESKTOP-RSFFHJT" outcome="Warning" timestamp="2025-05-01T21:13:25.9903824-04:00">
        <Text>2025-05-02T01:13:25.989Z pw:api waiting for Locator("table[id='vertically-scrolled-table']").Locator("tbody tr").Nth(10).Locator("td span[class='text-ellipsis']")</Text>
      </RunInfo>
      <RunInfo computerName="DESKTOP-RSFFHJT" outcome="Warning" timestamp="2025-05-01T21:13:25.9918976-04:00">
        <Text>2025-05-02T01:13:25.990Z pw:api   locator resolved to &lt;span id="a9b8901d4" class="text-ellipsis"&gt;Deserunt magni in repellendus atque dignissimos nΓÇª&lt;/span&gt;</Text>
      </RunInfo>
      <RunInfo computerName="DESKTOP-RSFFHJT" outcome="Warning" timestamp="2025-05-01T21:13:25.9924702-04:00">
        <Text>2025-05-02T01:13:25.991Z pw:api waiting for Locator("table[id='vertically-scrolled-table']").Locator("tbody tr").Nth(10).Locator("td[class='  text-end']")</Text>
      </RunInfo>
      <RunInfo computerName="DESKTOP-RSFFHJT" outcome="Warning" timestamp="2025-05-01T21:13:25.9939035-04:00">
        <Text>2025-05-02T01:13:25.993Z pw:api   locator resolved to &lt;td class="  text-end"&gt;$577.00&lt;/td&gt;</Text>
      </RunInfo>
      <RunInfo computerName="DESKTOP-RSFFHJT" outcome="Warning" timestamp="2025-05-01T21:13:25.9944816-04:00">
        <Text>2025-05-02T01:13:25.993Z pw:api waiting for Locator("table[id='vertically-scrolled-table']").Locator("tbody tr").Nth(11).Locator("a")</Text>
      </RunInfo>
      <RunInfo computerName="DESKTOP-RSFFHJT" outcome="Warning" timestamp="2025-05-01T21:13:25.9960033-04:00">
        <Text>2025-05-02T01:13:25.995Z pw:api   locator resolved to &lt;a id="ember376" class="ember-view text-break " href="#/inventory/items/6620000005381011"&gt;Composite Item 3&lt;/a&gt;</Text>
      </RunInfo>
      <RunInfo computerName="DESKTOP-RSFFHJT" outcome="Warning" timestamp="2025-05-01T21:13:25.9966548-04:00">
        <Text>2025-05-02T01:13:25.995Z pw:api waiting for Locator("table[id='vertically-scrolled-table']").Locator("tbody tr").Nth(11).Locator("td:nth-child(3)")</Text>
      </RunInfo>
      <RunInfo computerName="DESKTOP-RSFFHJT" outcome="Warning" timestamp="2025-05-01T21:13:25.9983093-04:00">
        <Text>2025-05-02T01:13:25.997Z pw:api   locator resolved to &lt;td class=" "&gt;43042&lt;/td&gt;</Text>
      </RunInfo>
      <RunInfo computerName="DESKTOP-RSFFHJT" outcome="Warning" timestamp="2025-05-01T21:13:25.9988414-04:00">
        <Text>2025-05-02T01:13:25.997Z pw:api waiting for Locator("table[id='vertically-scrolled-table']").Locator("tbody tr").Nth(11).Locator("td:nth-child(4)")</Text>
      </RunInfo>
      <RunInfo computerName="DESKTOP-RSFFHJT" outcome="Warning" timestamp="2025-05-01T21:13:26.0004017-04:00">
        <Text>2025-05-02T01:13:25.999Z pw:api   locator resolved to &lt;td class=" "&gt;Goods&lt;/td&gt;</Text>
      </RunInfo>
      <RunInfo computerName="DESKTOP-RSFFHJT" outcome="Warning" timestamp="2025-05-01T21:13:26.0008785-04:00">
        <Text>2025-05-02T01:13:25.999Z pw:api waiting for Locator("table[id='vertically-scrolled-table']").Locator("tbody tr").Nth(11).Locator("td span[class='text-ellipsis']")</Text>
      </RunInfo>
      <RunInfo computerName="DESKTOP-RSFFHJT" outcome="Warning" timestamp="2025-05-01T21:13:26.0024892-04:00">
        <Text>2025-05-02T01:13:26.001Z pw:api   locator resolved to &lt;span id="abb5d5b9f" class="text-ellipsis"&gt;Deserunt magni in repellendus atque dignissimos nΓÇª&lt;/span&gt;</Text>
      </RunInfo>
      <RunInfo computerName="DESKTOP-RSFFHJT" outcome="Warning" timestamp="2025-05-01T21:13:26.0029442-04:00">
        <Text>2025-05-02T01:13:26.002Z pw:api waiting for Locator("table[id='vertically-scrolled-table']").Locator("tbody tr").Nth(11).Locator("td[class='  text-end']")</Text>
      </RunInfo>
      <RunInfo computerName="DESKTOP-RSFFHJT" outcome="Warning" timestamp="2025-05-01T21:13:26.0042017-04:00">
        <Text>2025-05-02T01:13:26.003Z pw:api   locator resolved to &lt;td class="  text-end"&gt;$474.00&lt;/td&gt;</Text>
      </RunInfo>
      <RunInfo computerName="DESKTOP-RSFFHJT" outcome="Warning" timestamp="2025-05-01T21:13:26.0047333-04:00">
        <Text>2025-05-02T01:13:26.003Z pw:api waiting for Locator("table[id='vertically-scrolled-table']").Locator("tbody tr").Nth(12).Locator("a")</Text>
      </RunInfo>
      <RunInfo computerName="DESKTOP-RSFFHJT" outcome="Warning" timestamp="2025-05-01T21:13:26.0062199-04:00">
        <Text>2025-05-02T01:13:26.005Z pw:api   locator resolved to &lt;a id="ember382" class="ember-view text-break " href="#/inventory/items/6620000005381012"&gt;Composite Item 4&lt;/a&gt;</Text>
      </RunInfo>
      <RunInfo computerName="DESKTOP-RSFFHJT" outcome="Warning" timestamp="2025-05-01T21:13:26.0066982-04:00">
        <Text>2025-05-02T01:13:26.005Z pw:api waiting for Locator("table[id='vertically-scrolled-table']").Locator("tbody tr").Nth(12).Locator("td:nth-child(3)")</Text>
      </RunInfo>
      <RunInfo computerName="DESKTOP-RSFFHJT" outcome="Warning" timestamp="2025-05-01T21:13:26.0081343-04:00">
        <Text>2025-05-02T01:13:26.007Z pw:api   locator resolved to &lt;td class=" "&gt;43042&lt;/td&gt;</Text>
      </RunInfo>
      <RunInfo computerName="DESKTOP-RSFFHJT" outcome="Warning" timestamp="2025-05-01T21:13:26.0087029-04:00">
        <Text>2025-05-02T01:13:26.007Z pw:api waiting for Locator("table[id='vertically-scrolled-table']").Locator("tbody tr").Nth(12).Locator("td:nth-child(4)")</Text>
      </RunInfo>
      <RunInfo computerName="DESKTOP-RSFFHJT" outcome="Warning" timestamp="2025-05-01T21:13:26.0099669-04:00">
        <Text>2025-05-02T01:13:26.009Z pw:api   locator resolved to &lt;td class=" "&gt;Goods&lt;/td&gt;</Text>
      </RunInfo>
      <RunInfo computerName="DESKTOP-RSFFHJT" outcome="Warning" timestamp="2025-05-01T21:13:26.0105927-04:00">
        <Text>2025-05-02T01:13:26.009Z pw:api waiting for Locator("table[id='vertically-scrolled-table']").Locator("tbody tr").Nth(12).Locator("td span[class='text-ellipsis']")</Text>
      </RunInfo>
      <RunInfo computerName="DESKTOP-RSFFHJT" outcome="Warning" timestamp="2025-05-01T21:13:26.0121036-04:00">
        <Text>2025-05-02T01:13:26.011Z pw:api   locator resolved to &lt;span id="a4e3c0c52" class="text-ellipsis"&gt;Deserunt magni in repellendus atque dignissimos nΓÇª&lt;/span&gt;</Text>
      </RunInfo>
      <RunInfo computerName="DESKTOP-RSFFHJT" outcome="Warning" timestamp="2025-05-01T21:13:26.0126167-04:00">
        <Text>2025-05-02T01:13:26.011Z pw:api waiting for Locator("table[id='vertically-scrolled-table']").Locator("tbody tr").Nth(12).Locator("td[class='  text-end']")</Text>
      </RunInfo>
      <RunInfo computerName="DESKTOP-RSFFHJT" outcome="Warning" timestamp="2025-05-01T21:13:26.0145383-04:00">
        <Text>2025-05-02T01:13:26.013Z pw:api   locator resolved to &lt;td class="  text-end"&gt;$496.00&lt;/td&gt;</Text>
      </RunInfo>
      <RunInfo computerName="DESKTOP-RSFFHJT" outcome="Warning" timestamp="2025-05-01T21:13:26.0155110-04:00">
        <Text>2025-05-02T01:13:26.014Z pw:api waiting for Locator("button[class='btn btn-primary']")</Text>
      </RunInfo>
      <RunInfo computerName="DESKTOP-RSFFHJT" outcome="Warning" timestamp="2025-05-01T21:13:26.0170299-04:00">
        <Text>2025-05-02T01:13:26.016Z pw:api   locator resolved to &lt;button data-ember-action="" class="btn btn-primary" data-ember-action-260="260"&gt;ΓÇª&lt;/button&gt;</Text>
      </RunInfo>
      <RunInfo computerName="DESKTOP-RSFFHJT" outcome="Warning" timestamp="2025-05-01T21:13:26.0175029-04:00">
        <Text>2025-05-02T01:13:26.016Z pw:api attempting click action</Text>
      </RunInfo>
      <RunInfo computerName="DESKTOP-RSFFHJT" outcome="Warning" timestamp="2025-05-01T21:13:26.0175692-04:00">
        <Text>2025-05-02T01:13:26.016Z pw:api   waiting for element to be visible, enabled and stable</Text>
      </RunInfo>
      <RunInfo computerName="DESKTOP-RSFFHJT" outcome="Warning" timestamp="2025-05-01T21:13:26.0301959-04:00">
        <Text>2025-05-02T01:13:26.029Z pw:api   element is visible, enabled and stable</Text>
      </RunInfo>
      <RunInfo computerName="DESKTOP-RSFFHJT" outcome="Warning" timestamp="2025-05-01T21:13:26.0302041-04:00">
        <Text>2025-05-02T01:13:26.029Z pw:api   scrolling into view if needed</Text>
      </RunInfo>
      <RunInfo computerName="DESKTOP-RSFFHJT" outcome="Warning" timestamp="2025-05-01T21:13:26.0303461-04:00">
        <Text>2025-05-02T01:13:26.029Z pw:api   done scrolling</Text>
      </RunInfo>
      <RunInfo computerName="DESKTOP-RSFFHJT" outcome="Warning" timestamp="2025-05-01T21:13:26.0322731-04:00">
        <Text>2025-05-02T01:13:26.031Z pw:api   performing click action</Text>
      </RunInfo>
      <RunInfo computerName="DESKTOP-RSFFHJT" outcome="Warning" timestamp="2025-05-01T21:13:26.0484334-04:00">
        <Text>2025-05-02T01:13:26.047Z pw:api   click action done</Text>
      </RunInfo>
      <RunInfo computerName="DESKTOP-RSFFHJT" outcome="Warning" timestamp="2025-05-01T21:13:26.0484422-04:00">
        <Text>2025-05-02T01:13:26.047Z pw:api   waiting for scheduled navigations to finish</Text>
      </RunInfo>
      <RunInfo computerName="DESKTOP-RSFFHJT" outcome="Warning" timestamp="2025-05-01T21:13:26.0484580-04:00">
        <Text>2025-05-02T01:13:26.047Z pw:api   navigations have finished</Text>
      </RunInfo>
      <RunInfo computerName="DESKTOP-RSFFHJT" outcome="Warning" timestamp="2025-05-01T21:13:26.0500887-04:00">
        <Text>2025-05-02T01:13:26.049Z pw:api waiting for Locator("input[value='goods']")</Text>
      </RunInfo>
      <RunInfo computerName="DESKTOP-RSFFHJT" outcome="Warning" timestamp="2025-05-01T21:13:26.0800034-04:00">
        <Text>2025-05-02T01:13:26.078Z pw:api   "networkidle" event fired</Text>
      </RunInfo>
      <RunInfo computerName="DESKTOP-RSFFHJT" outcome="Warning" timestamp="2025-05-01T21:13:26.4513159-04:00">
        <Text>2025-05-02T01:13:26.450Z pw:api   navigated to "https://www.zoho.com/ca/inventory/inventory-software-demo/#/inventory/items/new"</Text>
      </RunInfo>
      <RunInfo computerName="DESKTOP-RSFFHJT" outcome="Warning" timestamp="2025-05-01T21:13:26.8711676-04:00">
        <Text>2025-05-02T01:13:26.870Z pw:api   locator resolved to &lt;input type="radio" value="goods" id="a2d536b0e" name="productType" class="ember-view form-check-input"/&gt;</Text>
      </RunInfo>
      <RunInfo computerName="DESKTOP-RSFFHJT" outcome="Warning" timestamp="2025-05-01T21:13:26.8716508-04:00">
        <Text>2025-05-02T01:13:26.870Z pw:api attempting click action</Text>
      </RunInfo>
      <RunInfo computerName="DESKTOP-RSFFHJT" outcome="Warning" timestamp="2025-05-01T21:13:26.8716769-04:00">
        <Text>2025-05-02T01:13:26.870Z pw:api   waiting for element to be visible, enabled and stable</Text>
      </RunInfo>
      <RunInfo computerName="DESKTOP-RSFFHJT" outcome="Warning" timestamp="2025-05-01T21:13:26.8799198-04:00">
        <Text>2025-05-02T01:13:26.878Z pw:api   element is visible, enabled and stable</Text>
      </RunInfo>
      <RunInfo computerName="DESKTOP-RSFFHJT" outcome="Warning" timestamp="2025-05-01T21:13:26.8799327-04:00">
        <Text>2025-05-02T01:13:26.878Z pw:api   scrolling into view if needed</Text>
      </RunInfo>
      <RunInfo computerName="DESKTOP-RSFFHJT" outcome="Warning" timestamp="2025-05-01T21:13:26.8802272-04:00">
        <Text>2025-05-02T01:13:26.879Z pw:api   done scrolling</Text>
      </RunInfo>
      <RunInfo computerName="DESKTOP-RSFFHJT" outcome="Warning" timestamp="2025-05-01T21:13:26.8820813-04:00">
        <Text>2025-05-02T01:13:26.881Z pw:api   performing click action</Text>
      </RunInfo>
      <RunInfo computerName="DESKTOP-RSFFHJT" outcome="Warning" timestamp="2025-05-01T21:13:26.8884065-04:00">
        <Text>2025-05-02T01:13:26.887Z pw:api   click action done</Text>
      </RunInfo>
      <RunInfo computerName="DESKTOP-RSFFHJT" outcome="Warning" timestamp="2025-05-01T21:13:26.8884229-04:00">
        <Text>2025-05-02T01:13:26.887Z pw:api   waiting for scheduled navigations to finish</Text>
      </RunInfo>
      <RunInfo computerName="DESKTOP-RSFFHJT" outcome="Warning" timestamp="2025-05-01T21:13:26.8886743-04:00">
        <Text>2025-05-02T01:13:26.887Z pw:api   navigations have finished</Text>
      </RunInfo>
      <RunInfo computerName="DESKTOP-RSFFHJT" outcome="Warning" timestamp="2025-05-01T21:13:26.8903889-04:00">
        <Text>2025-05-02T01:13:26.889Z pw:api waiting for Locator("div[class='form-group'] input")</Text>
      </RunInfo>
      <RunInfo computerName="DESKTOP-RSFFHJT" outcome="Warning" timestamp="2025-05-01T21:13:26.8922491-04:00">
        <Text>2025-05-02T01:13:26.891Z pw:api   locator resolved to &lt;input type="text" autofocus="" id="ember390" class="form-control ember-text-field ember-view"/&gt;</Text>
      </RunInfo>
      <RunInfo computerName="DESKTOP-RSFFHJT" outcome="Warning" timestamp="2025-05-01T21:13:26.8929195-04:00">
        <Text>2025-05-02T01:13:26.892Z pw:api   fill("TemporaryName")</Text>
      </RunInfo>
      <RunInfo computerName="DESKTOP-RSFFHJT" outcome="Warning" timestamp="2025-05-01T21:13:26.8929327-04:00">
        <Text>2025-05-02T01:13:26.892Z pw:api attempting fill action</Text>
      </RunInfo>
      <RunInfo computerName="DESKTOP-RSFFHJT" outcome="Warning" timestamp="2025-05-01T21:13:26.8930806-04:00">
        <Text>2025-05-02T01:13:26.892Z pw:api   waiting for element to be visible, enabled and editable</Text>
      </RunInfo>
      <RunInfo computerName="DESKTOP-RSFFHJT" outcome="Warning" timestamp="2025-05-01T21:13:26.8994444-04:00">
        <Text>2025-05-02T01:13:26.898Z pw:api waiting for Locator("//label[@class='col-lg-3 col-form-label' and contains(string(), 'SKU')]//following-sibling::div//descendant::input")</Text>
      </RunInfo>
      <RunInfo computerName="DESKTOP-RSFFHJT" outcome="Warning" timestamp="2025-05-01T21:13:26.9016716-04:00">
        <Text>2025-05-02T01:13:26.900Z pw:api   locator resolved to &lt;input type="text" id="ember391" class="ember-text-field ember-view form-control"/&gt;</Text>
      </RunInfo>
      <RunInfo computerName="DESKTOP-RSFFHJT" outcome="Warning" timestamp="2025-05-01T21:13:26.9021278-04:00">
        <Text>2025-05-02T01:13:26.901Z pw:api   fill("item 99 sku")</Text>
      </RunInfo>
      <RunInfo computerName="DESKTOP-RSFFHJT" outcome="Warning" timestamp="2025-05-01T21:13:26.9021367-04:00">
        <Text>2025-05-02T01:13:26.901Z pw:api attempting fill action</Text>
      </RunInfo>
      <RunInfo computerName="DESKTOP-RSFFHJT" outcome="Warning" timestamp="2025-05-01T21:13:26.9021509-04:00">
        <Text>2025-05-02T01:13:26.901Z pw:api   waiting for element to be visible, enabled and editable</Text>
      </RunInfo>
      <RunInfo computerName="DESKTOP-RSFFHJT" outcome="Warning" timestamp="2025-05-01T21:13:26.9088486-04:00">
        <Text>2025-05-02T01:13:26.907Z pw:api waiting for Locator("//label[@class='col-lg-3 col-form-label' and contains(string(), 'Unit')]//following-sibling::div")</Text>
      </RunInfo>
      <RunInfo computerName="DESKTOP-RSFFHJT" outcome="Warning" timestamp="2025-05-01T21:13:26.9102192-04:00">
        <Text>2025-05-02T01:13:26.909Z pw:api   locator resolved to &lt;div class="col-lg-8"&gt;ΓÇª&lt;/div&gt;</Text>
      </RunInfo>
      <RunInfo computerName="DESKTOP-RSFFHJT" outcome="Warning" timestamp="2025-05-01T21:13:26.9109367-04:00">
        <Text>2025-05-02T01:13:26.909Z pw:api attempting click action</Text>
      </RunInfo>
      <RunInfo computerName="DESKTOP-RSFFHJT" outcome="Warning" timestamp="2025-05-01T21:13:26.9109435-04:00">
        <Text>2025-05-02T01:13:26.910Z pw:api   waiting for element to be visible, enabled and stable</Text>
      </RunInfo>
      <RunInfo computerName="DESKTOP-RSFFHJT" outcome="Warning" timestamp="2025-05-01T21:13:26.9302382-04:00">
        <Text>2025-05-02T01:13:26.929Z pw:api   element is visible, enabled and stable</Text>
      </RunInfo>
      <RunInfo computerName="DESKTOP-RSFFHJT" outcome="Warning" timestamp="2025-05-01T21:13:26.9302460-04:00">
        <Text>2025-05-02T01:13:26.929Z pw:api   scrolling into view if needed</Text>
      </RunInfo>
      <RunInfo computerName="DESKTOP-RSFFHJT" outcome="Warning" timestamp="2025-05-01T21:13:26.9309674-04:00">
        <Text>2025-05-02T01:13:26.929Z pw:api   done scrolling</Text>
      </RunInfo>
      <RunInfo computerName="DESKTOP-RSFFHJT" outcome="Warning" timestamp="2025-05-01T21:13:26.9328872-04:00">
        <Text>2025-05-02T01:13:26.931Z pw:api   performing click action</Text>
      </RunInfo>
      <RunInfo computerName="DESKTOP-RSFFHJT" outcome="Warning" timestamp="2025-05-01T21:13:26.9452914-04:00">
        <Text>2025-05-02T01:13:26.944Z pw:api   click action done</Text>
      </RunInfo>
      <RunInfo computerName="DESKTOP-RSFFHJT" outcome="Warning" timestamp="2025-05-01T21:13:26.9452996-04:00">
        <Text>2025-05-02T01:13:26.944Z pw:api   waiting for scheduled navigations to finish</Text>
      </RunInfo>
      <RunInfo computerName="DESKTOP-RSFFHJT" outcome="Warning" timestamp="2025-05-01T21:13:26.9454389-04:00">
        <Text>2025-05-02T01:13:26.944Z pw:api   navigations have finished</Text>
      </RunInfo>
      <RunInfo computerName="DESKTOP-RSFFHJT" outcome="Warning" timestamp="2025-05-01T21:13:26.9467273-04:00">
        <Text>2025-05-02T01:13:26.945Z pw:api waiting for Locator("div[title='PAIRS']")</Text>
      </RunInfo>
      <RunInfo computerName="DESKTOP-RSFFHJT" outcome="Warning" timestamp="2025-05-01T21:13:26.9500088-04:00">
        <Text>2025-05-02T01:13:26.948Z pw:api   locator resolved to &lt;div title="PAIRS" class="over-flow"&gt;ΓÇª&lt;/div&gt;</Text>
      </RunInfo>
      <RunInfo computerName="DESKTOP-RSFFHJT" outcome="Warning" timestamp="2025-05-01T21:13:26.9505538-04:00">
        <Text>2025-05-02T01:13:26.949Z pw:api attempting click action</Text>
      </RunInfo>
      <RunInfo computerName="DESKTOP-RSFFHJT" outcome="Warning" timestamp="2025-05-01T21:13:26.9505934-04:00">
        <Text>2025-05-02T01:13:26.949Z pw:api   waiting for element to be visible, enabled and stable</Text>
      </RunInfo>
      <RunInfo computerName="DESKTOP-RSFFHJT" outcome="Warning" timestamp="2025-05-01T21:13:26.9804380-04:00">
        <Text>2025-05-02T01:13:26.979Z pw:api   element is visible, enabled and stable</Text>
      </RunInfo>
      <RunInfo computerName="DESKTOP-RSFFHJT" outcome="Warning" timestamp="2025-05-01T21:13:26.9804457-04:00">
        <Text>2025-05-02T01:13:26.979Z pw:api   scrolling into view if needed</Text>
      </RunInfo>
      <RunInfo computerName="DESKTOP-RSFFHJT" outcome="Warning" timestamp="2025-05-01T21:13:26.9813292-04:00">
        <Text>2025-05-02T01:13:26.980Z pw:api   done scrolling</Text>
      </RunInfo>
      <RunInfo computerName="DESKTOP-RSFFHJT" outcome="Warning" timestamp="2025-05-01T21:13:26.9835009-04:00">
        <Text>2025-05-02T01:13:26.982Z pw:api   performing click action</Text>
      </RunInfo>
      <RunInfo computerName="DESKTOP-RSFFHJT" outcome="Warning" timestamp="2025-05-01T21:13:26.9950780-04:00">
        <Text>2025-05-02T01:13:26.993Z pw:api   click action done</Text>
      </RunInfo>
      <RunInfo computerName="DESKTOP-RSFFHJT" outcome="Warning" timestamp="2025-05-01T21:13:26.9951207-04:00">
        <Text>2025-05-02T01:13:26.993Z pw:api   waiting for scheduled navigations to finish</Text>
      </RunInfo>
      <RunInfo computerName="DESKTOP-RSFFHJT" outcome="Warning" timestamp="2025-05-01T21:13:26.9952758-04:00">
        <Text>2025-05-02T01:13:26.994Z pw:api   navigations have finished</Text>
      </RunInfo>
      <RunInfo computerName="DESKTOP-RSFFHJT" outcome="Warning" timestamp="2025-05-01T21:13:26.9975122-04:00">
        <Text>2025-05-02T01:13:26.996Z pw:api waiting for Locator("xpath=(//div[@class='input-group-prepend']//following-sibling::input)[1]")</Text>
      </RunInfo>
      <RunInfo computerName="DESKTOP-RSFFHJT" outcome="Warning" timestamp="2025-05-01T21:13:27.0008749-04:00">
        <Text>2025-05-02T01:13:26.999Z pw:api   locator resolved to &lt;input type="text" id="ember417" class="ember-text-field text-start ember-view form-control"/&gt;</Text>
      </RunInfo>
      <RunInfo computerName="DESKTOP-RSFFHJT" outcome="Warning" timestamp="2025-05-01T21:13:27.0017341-04:00">
        <Text>2025-05-02T01:13:27.000Z pw:api   fill("205")</Text>
      </RunInfo>
      <RunInfo computerName="DESKTOP-RSFFHJT" outcome="Warning" timestamp="2025-05-01T21:13:27.0017432-04:00">
        <Text>2025-05-02T01:13:27.000Z pw:api attempting fill action</Text>
      </RunInfo>
      <RunInfo computerName="DESKTOP-RSFFHJT" outcome="Warning" timestamp="2025-05-01T21:13:27.0017771-04:00">
        <Text>2025-05-02T01:13:27.000Z pw:api   waiting for element to be visible, enabled and editable</Text>
      </RunInfo>
      <RunInfo computerName="DESKTOP-RSFFHJT" outcome="Warning" timestamp="2025-05-01T21:13:27.0085063-04:00">
        <Text>2025-05-02T01:13:27.007Z pw:api waiting for Locator("xpath=(//div[@class='input-group-prepend']//following-sibling::input)[2]")</Text>
      </RunInfo>
      <RunInfo computerName="DESKTOP-RSFFHJT" outcome="Warning" timestamp="2025-05-01T21:13:27.0102662-04:00">
        <Text>2025-05-02T01:13:27.009Z pw:api   locator resolved to &lt;input type="text" id="ember422" class="ember-text-field text-start ember-view form-control"/&gt;</Text>
      </RunInfo>
      <RunInfo computerName="DESKTOP-RSFFHJT" outcome="Warning" timestamp="2025-05-01T21:13:27.0108344-04:00">
        <Text>2025-05-02T01:13:27.009Z pw:api   fill("150")</Text>
      </RunInfo>
      <RunInfo computerName="DESKTOP-RSFFHJT" outcome="Warning" timestamp="2025-05-01T21:13:27.0108723-04:00">
        <Text>2025-05-02T01:13:27.009Z pw:api attempting fill action</Text>
      </RunInfo>
      <RunInfo computerName="DESKTOP-RSFFHJT" outcome="Warning" timestamp="2025-05-01T21:13:27.0108791-04:00">
        <Text>2025-05-02T01:13:27.009Z pw:api   waiting for element to be visible, enabled and editable</Text>
      </RunInfo>
      <RunInfo computerName="DESKTOP-RSFFHJT" outcome="Warning" timestamp="2025-05-01T21:13:27.0212312-04:00">
        <Text>2025-05-02T01:13:27.020Z pw:api waiting for Locator("button[type='submit']")</Text>
      </RunInfo>
      <RunInfo computerName="DESKTOP-RSFFHJT" outcome="Warning" timestamp="2025-05-01T21:13:27.0227766-04:00">
        <Text>2025-05-02T01:13:27.021Z pw:api   locator resolved to &lt;button id="ember434" type="submit" class="btn btn-primary ember-view"&gt;ΓÇª&lt;/button&gt;</Text>
      </RunInfo>
      <RunInfo computerName="DESKTOP-RSFFHJT" outcome="Warning" timestamp="2025-05-01T21:13:27.0233858-04:00">
        <Text>2025-05-02T01:13:27.022Z pw:api attempting click action</Text>
      </RunInfo>
      <RunInfo computerName="DESKTOP-RSFFHJT" outcome="Warning" timestamp="2025-05-01T21:13:27.0233927-04:00">
        <Text>2025-05-02T01:13:27.022Z pw:api   waiting for element to be visible, enabled and stable</Text>
      </RunInfo>
      <RunInfo computerName="DESKTOP-RSFFHJT" outcome="Warning" timestamp="2025-05-01T21:13:27.0470980-04:00">
        <Text>2025-05-02T01:13:27.045Z pw:api   element is visible, enabled and stable</Text>
      </RunInfo>
      <RunInfo computerName="DESKTOP-RSFFHJT" outcome="Warning" timestamp="2025-05-01T21:13:27.0471077-04:00">
        <Text>2025-05-02T01:13:27.045Z pw:api   scrolling into view if needed</Text>
      </RunInfo>
      <RunInfo computerName="DESKTOP-RSFFHJT" outcome="Warning" timestamp="2025-05-01T21:13:27.0474668-04:00">
        <Text>2025-05-02T01:13:27.046Z pw:api   done scrolling</Text>
      </RunInfo>
      <RunInfo computerName="DESKTOP-RSFFHJT" outcome="Warning" timestamp="2025-05-01T21:13:27.0493263-04:00">
        <Text>2025-05-02T01:13:27.048Z pw:api   performing click action</Text>
      </RunInfo>
      <RunInfo computerName="DESKTOP-RSFFHJT" outcome="Warning" timestamp="2025-05-01T21:13:27.0611083-04:00">
        <Text>2025-05-02T01:13:27.059Z pw:api   click action done</Text>
      </RunInfo>
      <RunInfo computerName="DESKTOP-RSFFHJT" outcome="Warning" timestamp="2025-05-01T21:13:27.0611167-04:00">
        <Text>2025-05-02T01:13:27.059Z pw:api   waiting for scheduled navigations to finish</Text>
      </RunInfo>
      <RunInfo computerName="DESKTOP-RSFFHJT" outcome="Warning" timestamp="2025-05-01T21:13:27.0613354-04:00">
        <Text>2025-05-02T01:13:27.060Z pw:api   navigations have finished</Text>
      </RunInfo>
      <RunInfo computerName="DESKTOP-RSFFHJT" outcome="Warning" timestamp="2025-05-01T21:13:27.0628470-04:00">
        <Text>2025-05-02T01:13:27.061Z pw:api waiting for Locator("span[class='close-entity close-details ms-4'] path")</Text>
      </RunInfo>
      <RunInfo computerName="DESKTOP-RSFFHJT" outcome="Warning" timestamp="2025-05-01T21:13:27.8891281-04:00">
        <Text>2025-05-02T01:13:27.887Z pw:api   navigated to "https://www.zoho.com/ca/inventory/inventory-software-demo/#/inventory/items/66200000053810013?filter_by=Status.Active&amp;sort_column=created_time&amp;sort_order=D"</Text>
      </RunInfo>
      <RunInfo computerName="DESKTOP-RSFFHJT" outcome="Warning" timestamp="2025-05-01T21:13:27.9495067-04:00">
        <Text>2025-05-02T01:13:27.948Z pw:api   locator resolved to &lt;path d="M455.2 9.2L256 208.4 56.8 9.2C44.5-3.1 24.6-3.1 12.2 9.2l-2.9 2.9C-3 24.4-3 44.4 9.3 56.7L208.4 256 9.2 455.2c-12.3 12.3-12.3 32.3 0 44.6l2.9 2.9c12.3 12.3 32.3 12.3 44.6 0L256 303.6l199.2 199.2c12.3 12.3 32.3 12.3 44.6 0l2.9-2.9c12.3-12.3 12.3-32.3 0-44.6L303.6 256 502.8 56.8c12.3-12.3 12.3-32.3 0-44.6l-2.9-2.9c-12.5-12.4-32.4-12.4-44.7-.1z"&gt;&lt;/path&gt;</Text>
      </RunInfo>
      <RunInfo computerName="DESKTOP-RSFFHJT" outcome="Warning" timestamp="2025-05-01T21:13:27.9498467-04:00">
        <Text>2025-05-02T01:13:27.948Z pw:api attempting click action</Text>
      </RunInfo>
      <RunInfo computerName="DESKTOP-RSFFHJT" outcome="Warning" timestamp="2025-05-01T21:13:27.9498874-04:00">
        <Text>2025-05-02T01:13:27.948Z pw:api   waiting for element to be visible, enabled and stable</Text>
      </RunInfo>
      <RunInfo computerName="DESKTOP-RSFFHJT" outcome="Warning" timestamp="2025-05-01T21:13:27.9804122-04:00">
        <Text>2025-05-02T01:13:27.979Z pw:api   element is visible, enabled and stable</Text>
      </RunInfo>
      <RunInfo computerName="DESKTOP-RSFFHJT" outcome="Warning" timestamp="2025-05-01T21:13:27.9804234-04:00">
        <Text>2025-05-02T01:13:27.979Z pw:api   scrolling into view if needed</Text>
      </RunInfo>
      <RunInfo computerName="DESKTOP-RSFFHJT" outcome="Warning" timestamp="2025-05-01T21:13:27.9806274-04:00">
        <Text>2025-05-02T01:13:27.979Z pw:api   done scrolling</Text>
      </RunInfo>
      <RunInfo computerName="DESKTOP-RSFFHJT" outcome="Warning" timestamp="2025-05-01T21:13:27.9825483-04:00">
        <Text>2025-05-02T01:13:27.981Z pw:api   performing click action</Text>
      </RunInfo>
      <RunInfo computerName="DESKTOP-RSFFHJT" outcome="Warning" timestamp="2025-05-01T21:13:27.9888650-04:00">
        <Text>2025-05-02T01:13:27.987Z pw:api   navigated to "https://www.zoho.com/ca/inventory/inventory-software-demo/#/inventory/items?filter_by=Status.Active&amp;sort_column=created_time&amp;sort_order=D"</Text>
      </RunInfo>
      <RunInfo computerName="DESKTOP-RSFFHJT" outcome="Warning" timestamp="2025-05-01T21:13:28.0268993-04:00">
        <Text>2025-05-02T01:13:28.025Z pw:api   click action done</Text>
      </RunInfo>
      <RunInfo computerName="DESKTOP-RSFFHJT" outcome="Warning" timestamp="2025-05-01T21:13:28.0269076-04:00">
        <Text>2025-05-02T01:13:28.025Z pw:api   waiting for scheduled navigations to finish</Text>
      </RunInfo>
      <RunInfo computerName="DESKTOP-RSFFHJT" outcome="Warning" timestamp="2025-05-01T21:13:28.0276635-04:00">
        <Text>2025-05-02T01:13:28.026Z pw:api   navigations have finished</Text>
      </RunInfo>
      <RunInfo computerName="DESKTOP-RSFFHJT" outcome="Warning" timestamp="2025-05-01T21:13:28.0287231-04:00">
        <Text>2025-05-02T01:13:28.027Z pw:api waiting for Locator("table[id='vertically-scrolled-table']") to be visible</Text>
      </RunInfo>
      <RunInfo computerName="DESKTOP-RSFFHJT" outcome="Warning" timestamp="2025-05-01T21:13:28.0320866-04:00">
        <Text>2025-05-02T01:13:28.030Z pw:api   locator resolved to visible &lt;table id="vertically-scrolled-table" class="table zi-table table-hover     header-fixed"&gt;ΓÇª&lt;/table&gt;</Text>
      </RunInfo>
      <RunInfo computerName="DESKTOP-RSFFHJT" outcome="Warning" timestamp="2025-05-01T21:13:28.0344486-04:00">
        <Text>2025-05-02T01:13:28.033Z pw:api waiting for Locator("table[id='vertically-scrolled-table']").Locator("tbody tr").First.Locator("a")</Text>
      </RunInfo>
      <RunInfo computerName="DESKTOP-RSFFHJT" outcome="Warning" timestamp="2025-05-01T21:13:28.0357711-04:00">
        <Text>2025-05-02T01:13:28.034Z pw:api   locator resolved to &lt;a id="ember621" class="ember-view text-break " href="#/inventory/items/6620000005381000?filter_by=Status.Active&amp;sort_column=created_time&amp;sort_order=D"&gt;Dining Table and Chairs Set&lt;/a&gt;</Text>
      </RunInfo>
      <RunInfo computerName="DESKTOP-RSFFHJT" outcome="Warning" timestamp="2025-05-01T21:13:28.0361615-04:00">
        <Text>2025-05-02T01:13:28.035Z pw:api waiting for Locator("table[id='vertically-scrolled-table']").Locator("tbody tr").First.Locator("td:nth-child(3)")</Text>
      </RunInfo>
      <RunInfo computerName="DESKTOP-RSFFHJT" outcome="Warning" timestamp="2025-05-01T21:13:28.0373699-04:00">
        <Text>2025-05-02T01:13:28.036Z pw:api   locator resolved to &lt;td class=" "&gt;Item 1 sku&lt;/td&gt;</Text>
      </RunInfo>
      <RunInfo computerName="DESKTOP-RSFFHJT" outcome="Warning" timestamp="2025-05-01T21:13:28.0378254-04:00">
        <Text>2025-05-02T01:13:28.036Z pw:api waiting for Locator("table[id='vertically-scrolled-table']").Locator("tbody tr").First.Locator("td:nth-child(4)")</Text>
      </RunInfo>
      <RunInfo computerName="DESKTOP-RSFFHJT" outcome="Warning" timestamp="2025-05-01T21:13:28.0389019-04:00">
        <Text>2025-05-02T01:13:28.037Z pw:api   locator resolved to &lt;td class=" "&gt;Service&lt;/td&gt;</Text>
      </RunInfo>
      <RunInfo computerName="DESKTOP-RSFFHJT" outcome="Warning" timestamp="2025-05-01T21:13:28.0393002-04:00">
        <Text>2025-05-02T01:13:28.038Z pw:api waiting for Locator("table[id='vertically-scrolled-table']").Locator("tbody tr").First.Locator("td span[class='text-ellipsis']")</Text>
      </RunInfo>
      <RunInfo computerName="DESKTOP-RSFFHJT" outcome="Warning" timestamp="2025-05-01T21:13:28.0406744-04:00">
        <Text>2025-05-02T01:13:28.039Z pw:api   locator resolved to &lt;span id="a540c4fe8" class="text-ellipsis"&gt;A stylish dining set with a table and four chairs.&lt;/span&gt;</Text>
      </RunInfo>
      <RunInfo computerName="DESKTOP-RSFFHJT" outcome="Warning" timestamp="2025-05-01T21:13:28.0412821-04:00">
        <Text>2025-05-02T01:13:28.040Z pw:api waiting for Locator("table[id='vertically-scrolled-table']").Locator("tbody tr").First.Locator("td[class='  text-end']")</Text>
      </RunInfo>
      <RunInfo computerName="DESKTOP-RSFFHJT" outcome="Warning" timestamp="2025-05-01T21:13:28.0426494-04:00">
        <Text>2025-05-02T01:13:28.041Z pw:api   locator resolved to &lt;td class="  text-end"&gt;$7980.00&lt;/td&gt;</Text>
      </RunInfo>
      <RunInfo computerName="DESKTOP-RSFFHJT" outcome="Warning" timestamp="2025-05-01T21:13:28.0431283-04:00">
        <Text>2025-05-02T01:13:28.042Z pw:api waiting for Locator("table[id='vertically-scrolled-table']").Locator("tbody tr").Nth(1).Locator("a")</Text>
      </RunInfo>
      <RunInfo computerName="DESKTOP-RSFFHJT" outcome="Warning" timestamp="2025-05-01T21:13:28.0449190-04:00">
        <Text>2025-05-02T01:13:28.044Z pw:api   locator resolved to &lt;a id="ember623" class="ember-view text-break " href="#/inventory/items/6620000005381001?filter_by=Status.Active&amp;sort_column=created_time&amp;sort_order=D"&gt;Coffee Table&lt;/a&gt;</Text>
      </RunInfo>
      <RunInfo computerName="DESKTOP-RSFFHJT" outcome="Warning" timestamp="2025-05-01T21:13:28.0454294-04:00">
        <Text>2025-05-02T01:13:28.044Z pw:api waiting for Locator("table[id='vertically-scrolled-table']").Locator("tbody tr").Nth(1).Locator("td:nth-child(3)")</Text>
      </RunInfo>
      <RunInfo computerName="DESKTOP-RSFFHJT" outcome="Warning" timestamp="2025-05-01T21:13:28.0471598-04:00">
        <Text>2025-05-02T01:13:28.046Z pw:api   locator resolved to &lt;td class=" "&gt;Item 2 sku&lt;/td&gt;</Text>
      </RunInfo>
      <RunInfo computerName="DESKTOP-RSFFHJT" outcome="Warning" timestamp="2025-05-01T21:13:28.0479465-04:00">
        <Text>2025-05-02T01:13:28.046Z pw:api waiting for Locator("table[id='vertically-scrolled-table']").Locator("tbody tr").Nth(1).Locator("td:nth-child(4)")</Text>
      </RunInfo>
      <RunInfo computerName="DESKTOP-RSFFHJT" outcome="Warning" timestamp="2025-05-01T21:13:28.0497316-04:00">
        <Text>2025-05-02T01:13:28.048Z pw:api   locator resolved to &lt;td class=" "&gt;Service&lt;/td&gt;</Text>
      </RunInfo>
      <RunInfo computerName="DESKTOP-RSFFHJT" outcome="Warning" timestamp="2025-05-01T21:13:28.0503277-04:00">
        <Text>2025-05-02T01:13:28.049Z pw:api waiting for Locator("table[id='vertically-scrolled-table']").Locator("tbody tr").Nth(1).Locator("td span[class='text-ellipsis']")</Text>
      </RunInfo>
      <RunInfo computerName="DESKTOP-RSFFHJT" outcome="Warning" timestamp="2025-05-01T21:13:28.0517348-04:00">
        <Text>2025-05-02T01:13:28.050Z pw:api   locator resolved to &lt;span id="ae4c5d891" class="text-ellipsis"&gt;A sleek, modern coffee table with a glass top.&lt;/span&gt;</Text>
      </RunInfo>
      <RunInfo computerName="DESKTOP-RSFFHJT" outcome="Warning" timestamp="2025-05-01T21:13:28.0524102-04:00">
        <Text>2025-05-02T01:13:28.051Z pw:api waiting for Locator("table[id='vertically-scrolled-table']").Locator("tbody tr").Nth(1).Locator("td[class='  text-end']")</Text>
      </RunInfo>
      <RunInfo computerName="DESKTOP-RSFFHJT" outcome="Warning" timestamp="2025-05-01T21:13:28.0541410-04:00">
        <Text>2025-05-02T01:13:28.053Z pw:api   locator resolved to &lt;td class="  text-end"&gt;$3841.00&lt;/td&gt;</Text>
      </RunInfo>
      <RunInfo computerName="DESKTOP-RSFFHJT" outcome="Warning" timestamp="2025-05-01T21:13:28.0546182-04:00">
        <Text>2025-05-02T01:13:28.053Z pw:api waiting for Locator("table[id='vertically-scrolled-table']").Locator("tbody tr").Nth(2).Locator("a")</Text>
      </RunInfo>
      <RunInfo computerName="DESKTOP-RSFFHJT" outcome="Warning" timestamp="2025-05-01T21:13:28.0562276-04:00">
        <Text>2025-05-02T01:13:28.055Z pw:api   locator resolved to &lt;a id="ember625" class="ember-view text-break " href="#/inventory/items/6620000005381002?filter_by=Status.Active&amp;sort_column=created_time&amp;sort_order=D"&gt;Dining Table and Chairs Set&lt;/a&gt;</Text>
      </RunInfo>
      <RunInfo computerName="DESKTOP-RSFFHJT" outcome="Warning" timestamp="2025-05-01T21:13:28.0567447-04:00">
        <Text>2025-05-02T01:13:28.055Z pw:api waiting for Locator("table[id='vertically-scrolled-table']").Locator("tbody tr").Nth(2).Locator("td:nth-child(3)")</Text>
      </RunInfo>
      <RunInfo computerName="DESKTOP-RSFFHJT" outcome="Warning" timestamp="2025-05-01T21:13:28.0579123-04:00">
        <Text>2025-05-02T01:13:28.056Z pw:api   locator resolved to &lt;td class=" "&gt;Item 3 sku&lt;/td&gt;</Text>
      </RunInfo>
      <RunInfo computerName="DESKTOP-RSFFHJT" outcome="Warning" timestamp="2025-05-01T21:13:28.0585684-04:00">
        <Text>2025-05-02T01:13:28.057Z pw:api waiting for Locator("table[id='vertically-scrolled-table']").Locator("tbody tr").Nth(2).Locator("td:nth-child(4)")</Text>
      </RunInfo>
      <RunInfo computerName="DESKTOP-RSFFHJT" outcome="Warning" timestamp="2025-05-01T21:13:28.0600605-04:00">
        <Text>2025-05-02T01:13:28.059Z pw:api   locator resolved to &lt;td class=" "&gt;Service&lt;/td&gt;</Text>
      </RunInfo>
      <RunInfo computerName="DESKTOP-RSFFHJT" outcome="Warning" timestamp="2025-05-01T21:13:28.0605334-04:00">
        <Text>2025-05-02T01:13:28.059Z pw:api waiting for Locator("table[id='vertically-scrolled-table']").Locator("tbody tr").Nth(2).Locator("td span[class='text-ellipsis']")</Text>
      </RunInfo>
      <RunInfo computerName="DESKTOP-RSFFHJT" outcome="Warning" timestamp="2025-05-01T21:13:28.0621740-04:00">
        <Text>2025-05-02T01:13:28.061Z pw:api   locator resolved to &lt;span id="ac079e340" class="text-ellipsis"&gt;&lt;/span&gt;</Text>
      </RunInfo>
      <RunInfo computerName="DESKTOP-RSFFHJT" outcome="Warning" timestamp="2025-05-01T21:13:28.0630076-04:00">
        <Text>2025-05-02T01:13:28.062Z pw:api waiting for Locator("table[id='vertically-scrolled-table']").Locator("tbody tr").Nth(2).Locator("td[class='  text-end']")</Text>
      </RunInfo>
      <RunInfo computerName="DESKTOP-RSFFHJT" outcome="Warning" timestamp="2025-05-01T21:13:28.0653956-04:00">
        <Text>2025-05-02T01:13:28.064Z pw:api   locator resolved to &lt;td class="  text-end"&gt;&lt;/td&gt;</Text>
      </RunInfo>
      <RunInfo computerName="DESKTOP-RSFFHJT" outcome="Warning" timestamp="2025-05-01T21:13:28.0660078-04:00">
        <Text>2025-05-02T01:13:28.065Z pw:api waiting for Locator("table[id='vertically-scrolled-table']").Locator("tbody tr").Nth(3).Locator("a")</Text>
      </RunInfo>
      <RunInfo computerName="DESKTOP-RSFFHJT" outcome="Warning" timestamp="2025-05-01T21:13:28.0673259-04:00">
        <Text>2025-05-02T01:13:28.066Z pw:api   locator resolved to &lt;a id="ember627" class="ember-view text-break " href="#/inventory/items/6620000005381003?filter_by=Status.Active&amp;sort_column=created_time&amp;sort_order=D"&gt;Storage Cabinet&lt;/a&gt;</Text>
      </RunInfo>
      <RunInfo computerName="DESKTOP-RSFFHJT" outcome="Warning" timestamp="2025-05-01T21:13:28.0677720-04:00">
        <Text>2025-05-02T01:13:28.066Z pw:api waiting for Locator("table[id='vertically-scrolled-table']").Locator("tbody tr").Nth(3).Locator("td:nth-child(3)")</Text>
      </RunInfo>
      <RunInfo computerName="DESKTOP-RSFFHJT" outcome="Warning" timestamp="2025-05-01T21:13:28.0691850-04:00">
        <Text>2025-05-02T01:13:28.068Z pw:api   locator resolved to &lt;td class=" "&gt;Item 4 sku&lt;/td&gt;</Text>
      </RunInfo>
      <RunInfo computerName="DESKTOP-RSFFHJT" outcome="Warning" timestamp="2025-05-01T21:13:28.0696580-04:00">
        <Text>2025-05-02T01:13:28.068Z pw:api waiting for Locator("table[id='vertically-scrolled-table']").Locator("tbody tr").Nth(3).Locator("td:nth-child(4)")</Text>
      </RunInfo>
      <RunInfo computerName="DESKTOP-RSFFHJT" outcome="Warning" timestamp="2025-05-01T21:13:28.0709315-04:00">
        <Text>2025-05-02T01:13:28.070Z pw:api   locator resolved to &lt;td class=" "&gt;Service&lt;/td&gt;</Text>
      </RunInfo>
      <RunInfo computerName="DESKTOP-RSFFHJT" outcome="Warning" timestamp="2025-05-01T21:13:28.0714753-04:00">
        <Text>2025-05-02T01:13:28.070Z pw:api waiting for Locator("table[id='vertically-scrolled-table']").Locator("tbody tr").Nth(3).Locator("td span[class='text-ellipsis']")</Text>
      </RunInfo>
      <RunInfo computerName="DESKTOP-RSFFHJT" outcome="Warning" timestamp="2025-05-01T21:13:28.0730734-04:00">
        <Text>2025-05-02T01:13:28.072Z pw:api   locator resolved to &lt;span id="a708130ca" class="text-ellipsis"&gt;&lt;/span&gt;</Text>
      </RunInfo>
      <RunInfo computerName="DESKTOP-RSFFHJT" outcome="Warning" timestamp="2025-05-01T21:13:28.0735588-04:00">
        <Text>2025-05-02T01:13:28.072Z pw:api waiting for Locator("table[id='vertically-scrolled-table']").Locator("tbody tr").Nth(3).Locator("td[class='  text-end']")</Text>
      </RunInfo>
      <RunInfo computerName="DESKTOP-RSFFHJT" outcome="Warning" timestamp="2025-05-01T21:13:28.0748207-04:00">
        <Text>2025-05-02T01:13:28.073Z pw:api   locator resolved to &lt;td class="  text-end"&gt;&lt;/td&gt;</Text>
      </RunInfo>
      <RunInfo computerName="DESKTOP-RSFFHJT" outcome="Warning" timestamp="2025-05-01T21:13:28.0752360-04:00">
        <Text>2025-05-02T01:13:28.074Z pw:api waiting for Locator("table[id='vertically-scrolled-table']").Locator("tbody tr").Nth(4).Locator("a")</Text>
      </RunInfo>
      <RunInfo computerName="DESKTOP-RSFFHJT" outcome="Warning" timestamp="2025-05-01T21:13:28.0765305-04:00">
        <Text>2025-05-02T01:13:28.075Z pw:api   locator resolved to &lt;a id="ember629" class="ember-view text-break " href="#/inventory/items/6620000005381004?filter_by=Status.Active&amp;sort_column=created_time&amp;sort_order=D"&gt;Queen Size Bed&lt;/a&gt;</Text>
      </RunInfo>
      <RunInfo computerName="DESKTOP-RSFFHJT" outcome="Warning" timestamp="2025-05-01T21:13:28.0771130-04:00">
        <Text>2025-05-02T01:13:28.076Z pw:api waiting for Locator("table[id='vertically-scrolled-table']").Locator("tbody tr").Nth(4).Locator("td:nth-child(3)")</Text>
      </RunInfo>
      <RunInfo computerName="DESKTOP-RSFFHJT" outcome="Warning" timestamp="2025-05-01T21:13:28.0788809-04:00">
        <Text>2025-05-02T01:13:28.077Z pw:api   locator resolved to &lt;td class=" "&gt;Item 5 sku&lt;/td&gt;</Text>
      </RunInfo>
      <RunInfo computerName="DESKTOP-RSFFHJT" outcome="Warning" timestamp="2025-05-01T21:13:28.0796497-04:00">
        <Text>2025-05-02T01:13:28.078Z pw:api waiting for Locator("table[id='vertically-scrolled-table']").Locator("tbody tr").Nth(4).Locator("td:nth-child(4)")</Text>
      </RunInfo>
      <RunInfo computerName="DESKTOP-RSFFHJT" outcome="Warning" timestamp="2025-05-01T21:13:28.0812985-04:00">
        <Text>2025-05-02T01:13:28.080Z pw:api   locator resolved to &lt;td class=" "&gt;Service&lt;/td&gt;</Text>
      </RunInfo>
      <RunInfo computerName="DESKTOP-RSFFHJT" outcome="Warning" timestamp="2025-05-01T21:13:28.0818146-04:00">
        <Text>2025-05-02T01:13:28.080Z pw:api waiting for Locator("table[id='vertically-scrolled-table']").Locator("tbody tr").Nth(4).Locator("td span[class='text-ellipsis']")</Text>
      </RunInfo>
      <RunInfo computerName="DESKTOP-RSFFHJT" outcome="Warning" timestamp="2025-05-01T21:13:28.0830838-04:00">
        <Text>2025-05-02T01:13:28.082Z pw:api   locator resolved to &lt;span id="acf9fa55f" class="text-ellipsis"&gt;Mid-century wooden double bed. Scandinavian-styleΓÇª&lt;/span&gt;</Text>
      </RunInfo>
      <RunInfo computerName="DESKTOP-RSFFHJT" outcome="Warning" timestamp="2025-05-01T21:13:28.0837743-04:00">
        <Text>2025-05-02T01:13:28.082Z pw:api waiting for Locator("table[id='vertically-scrolled-table']").Locator("tbody tr").Nth(4).Locator("td[class='  text-end']")</Text>
      </RunInfo>
      <RunInfo computerName="DESKTOP-RSFFHJT" outcome="Warning" timestamp="2025-05-01T21:13:28.0856486-04:00">
        <Text>2025-05-02T01:13:28.084Z pw:api   locator resolved to &lt;td class="  text-end"&gt;$9046.00&lt;/td&gt;</Text>
      </RunInfo>
      <RunInfo computerName="DESKTOP-RSFFHJT" outcome="Warning" timestamp="2025-05-01T21:13:28.0861649-04:00">
        <Text>2025-05-02T01:13:28.085Z pw:api waiting for Locator("table[id='vertically-scrolled-table']").Locator("tbody tr").Nth(5).Locator("a")</Text>
      </RunInfo>
      <RunInfo computerName="DESKTOP-RSFFHJT" outcome="Warning" timestamp="2025-05-01T21:13:28.0876639-04:00">
        <Text>2025-05-02T01:13:28.086Z pw:api   locator resolved to &lt;a id="ember631" class="ember-view text-break " href="#/inventory/items/6620000005381005?filter_by=Status.Active&amp;sort_column=created_time&amp;sort_order=D"&gt;Dining Table and Chairs Set&lt;/a&gt;</Text>
      </RunInfo>
      <RunInfo computerName="DESKTOP-RSFFHJT" outcome="Warning" timestamp="2025-05-01T21:13:28.0882700-04:00">
        <Text>2025-05-02T01:13:28.087Z pw:api waiting for Locator("table[id='vertically-scrolled-table']").Locator("tbody tr").Nth(5).Locator("td:nth-child(3)")</Text>
      </RunInfo>
      <RunInfo computerName="DESKTOP-RSFFHJT" outcome="Warning" timestamp="2025-05-01T21:13:28.0896861-04:00">
        <Text>2025-05-02T01:13:28.088Z pw:api   locator resolved to &lt;td class=" "&gt;Item 6 sku&lt;/td&gt;</Text>
      </RunInfo>
      <RunInfo computerName="DESKTOP-RSFFHJT" outcome="Warning" timestamp="2025-05-01T21:13:28.0901908-04:00">
        <Text>2025-05-02T01:13:28.089Z pw:api waiting for Locator("table[id='vertically-scrolled-table']").Locator("tbody tr").Nth(5).Locator("td:nth-child(4)")</Text>
      </RunInfo>
      <RunInfo computerName="DESKTOP-RSFFHJT" outcome="Warning" timestamp="2025-05-01T21:13:28.0914868-04:00">
        <Text>2025-05-02T01:13:28.090Z pw:api   locator resolved to &lt;td class=" "&gt;Service&lt;/td&gt;</Text>
      </RunInfo>
      <RunInfo computerName="DESKTOP-RSFFHJT" outcome="Warning" timestamp="2025-05-01T21:13:28.0919375-04:00">
        <Text>2025-05-02T01:13:28.090Z pw:api waiting for Locator("table[id='vertically-scrolled-table']").Locator("tbody tr").Nth(5).Locator("td span[class='text-ellipsis']")</Text>
      </RunInfo>
      <RunInfo computerName="DESKTOP-RSFFHJT" outcome="Warning" timestamp="2025-05-01T21:13:28.1028035-04:00">
        <Text>2025-05-02T01:13:28.101Z pw:api   locator resolved to &lt;span id="a196d23aa" class="text-ellipsis"&gt;A stylish dining set with a table and four chairs.&lt;/span&gt;</Text>
      </RunInfo>
      <RunInfo computerName="DESKTOP-RSFFHJT" outcome="Warning" timestamp="2025-05-01T21:13:28.1036209-04:00">
        <Text>2025-05-02T01:13:28.102Z pw:api waiting for Locator("table[id='vertically-scrolled-table']").Locator("tbody tr").Nth(5).Locator("td[class='  text-end']")</Text>
      </RunInfo>
      <RunInfo computerName="DESKTOP-RSFFHJT" outcome="Warning" timestamp="2025-05-01T21:13:28.1061896-04:00">
        <Text>2025-05-02T01:13:28.105Z pw:api   locator resolved to &lt;td class="  text-end"&gt;$164.00&lt;/td&gt;</Text>
      </RunInfo>
      <RunInfo computerName="DESKTOP-RSFFHJT" outcome="Warning" timestamp="2025-05-01T21:13:28.1069517-04:00">
        <Text>2025-05-02T01:13:28.105Z pw:api waiting for Locator("table[id='vertically-scrolled-table']").Locator("tbody tr").Nth(6).Locator("a")</Text>
      </RunInfo>
      <RunInfo computerName="DESKTOP-RSFFHJT" outcome="Warning" timestamp="2025-05-01T21:13:28.1093520-04:00">
        <Text>2025-05-02T01:13:28.108Z pw:api   locator resolved to &lt;a id="ember633" class="ember-view text-break " href="#/inventory/items/6620000005381006?filter_by=Status.Active&amp;sort_column=created_time&amp;sort_order=D"&gt;Queen Size Bed&lt;/a&gt;</Text>
      </RunInfo>
      <RunInfo computerName="DESKTOP-RSFFHJT" outcome="Warning" timestamp="2025-05-01T21:13:28.1102355-04:00">
        <Text>2025-05-02T01:13:28.109Z pw:api waiting for Locator("table[id='vertically-scrolled-table']").Locator("tbody tr").Nth(6).Locator("td:nth-child(3)")</Text>
      </RunInfo>
      <RunInfo computerName="DESKTOP-RSFFHJT" outcome="Warning" timestamp="2025-05-01T21:13:28.1123452-04:00">
        <Text>2025-05-02T01:13:28.111Z pw:api   locator resolved to &lt;td class=" "&gt;Item 7 sku&lt;/td&gt;</Text>
      </RunInfo>
      <RunInfo computerName="DESKTOP-RSFFHJT" outcome="Warning" timestamp="2025-05-01T21:13:28.1138219-04:00">
        <Text>2025-05-02T01:13:28.112Z pw:api waiting for Locator("table[id='vertically-scrolled-table']").Locator("tbody tr").Nth(6).Locator("td:nth-child(4)")</Text>
      </RunInfo>
      <RunInfo computerName="DESKTOP-RSFFHJT" outcome="Warning" timestamp="2025-05-01T21:13:28.1161457-04:00">
        <Text>2025-05-02T01:13:28.114Z pw:api   locator resolved to &lt;td class=" "&gt;Goods&lt;/td&gt;</Text>
      </RunInfo>
      <RunInfo computerName="DESKTOP-RSFFHJT" outcome="Warning" timestamp="2025-05-01T21:13:28.1167537-04:00">
        <Text>2025-05-02T01:13:28.115Z pw:api waiting for Locator("table[id='vertically-scrolled-table']").Locator("tbody tr").Nth(6).Locator("td span[class='text-ellipsis']")</Text>
      </RunInfo>
      <RunInfo computerName="DESKTOP-RSFFHJT" outcome="Warning" timestamp="2025-05-01T21:13:28.1193152-04:00">
        <Text>2025-05-02T01:13:28.118Z pw:api   locator resolved to &lt;span id="a62762da9" class="text-ellipsis"&gt;Mid-century wooden double bed. Scandinavian-styleΓÇª&lt;/span&gt;</Text>
      </RunInfo>
      <RunInfo computerName="DESKTOP-RSFFHJT" outcome="Warning" timestamp="2025-05-01T21:13:28.1201614-04:00">
        <Text>2025-05-02T01:13:28.119Z pw:api waiting for Locator("table[id='vertically-scrolled-table']").Locator("tbody tr").Nth(6).Locator("td[class='  text-end']")</Text>
      </RunInfo>
      <RunInfo computerName="DESKTOP-RSFFHJT" outcome="Warning" timestamp="2025-05-01T21:13:28.1227360-04:00">
        <Text>2025-05-02T01:13:28.121Z pw:api   locator resolved to &lt;td class="  text-end"&gt;$4182.00&lt;/td&gt;</Text>
      </RunInfo>
      <RunInfo computerName="DESKTOP-RSFFHJT" outcome="Warning" timestamp="2025-05-01T21:13:28.1235977-04:00">
        <Text>2025-05-02T01:13:28.122Z pw:api waiting for Locator("table[id='vertically-scrolled-table']").Locator("tbody tr").Nth(7).Locator("a")</Text>
      </RunInfo>
      <RunInfo computerName="DESKTOP-RSFFHJT" outcome="Warning" timestamp="2025-05-01T21:13:28.1259436-04:00">
        <Text>2025-05-02T01:13:28.124Z pw:api   locator resolved to &lt;a id="ember635" class="ember-view text-break " href="#/inventory/items/6620000005381007?filter_by=Status.Active&amp;sort_column=created_time&amp;sort_order=D"&gt;Storage Cabinet&lt;/a&gt;</Text>
      </RunInfo>
      <RunInfo computerName="DESKTOP-RSFFHJT" outcome="Warning" timestamp="2025-05-01T21:13:28.1268700-04:00">
        <Text>2025-05-02T01:13:28.125Z pw:api waiting for Locator("table[id='vertically-scrolled-table']").Locator("tbody tr").Nth(7).Locator("td:nth-child(3)")</Text>
      </RunInfo>
      <RunInfo computerName="DESKTOP-RSFFHJT" outcome="Warning" timestamp="2025-05-01T21:13:28.1291679-04:00">
        <Text>2025-05-02T01:13:28.128Z pw:api   locator resolved to &lt;td class=" "&gt;Item 8 sku&lt;/td&gt;</Text>
      </RunInfo>
      <RunInfo computerName="DESKTOP-RSFFHJT" outcome="Warning" timestamp="2025-05-01T21:13:28.1302953-04:00">
        <Text>2025-05-02T01:13:28.129Z pw:api waiting for Locator("table[id='vertically-scrolled-table']").Locator("tbody tr").Nth(7).Locator("td:nth-child(4)")</Text>
      </RunInfo>
      <RunInfo computerName="DESKTOP-RSFFHJT" outcome="Warning" timestamp="2025-05-01T21:13:28.1324759-04:00">
        <Text>2025-05-02T01:13:28.131Z pw:api   locator resolved to &lt;td class=" "&gt;Goods&lt;/td&gt;</Text>
      </RunInfo>
      <RunInfo computerName="DESKTOP-RSFFHJT" outcome="Warning" timestamp="2025-05-01T21:13:28.1333729-04:00">
        <Text>2025-05-02T01:13:28.132Z pw:api waiting for Locator("table[id='vertically-scrolled-table']").Locator("tbody tr").Nth(7).Locator("td span[class='text-ellipsis']")</Text>
      </RunInfo>
      <RunInfo computerName="DESKTOP-RSFFHJT" outcome="Warning" timestamp="2025-05-01T21:13:28.1488593-04:00">
        <Text>2025-05-02T01:13:28.147Z pw:api   locator resolved to &lt;span id="a6e2d85f5" class="text-ellipsis"&gt;A versatile storage cabinet with adjustable shelvΓÇª&lt;/span&gt;</Text>
      </RunInfo>
      <RunInfo computerName="DESKTOP-RSFFHJT" outcome="Warning" timestamp="2025-05-01T21:13:28.1501832-04:00">
        <Text>2025-05-02T01:13:28.148Z pw:api waiting for Locator("table[id='vertically-scrolled-table']").Locator("tbody tr").Nth(7).Locator("td[class='  text-end']")</Text>
      </RunInfo>
      <RunInfo computerName="DESKTOP-RSFFHJT" outcome="Warning" timestamp="2025-05-01T21:13:28.1552821-04:00">
        <Text>2025-05-02T01:13:28.154Z pw:api   locator resolved to &lt;td class="  text-end"&gt;$8743.00&lt;/td&gt;</Text>
      </RunInfo>
      <RunInfo computerName="DESKTOP-RSFFHJT" outcome="Warning" timestamp="2025-05-01T21:13:28.1559307-04:00">
        <Text>2025-05-02T01:13:28.154Z pw:api waiting for Locator("table[id='vertically-scrolled-table']").Locator("tbody tr").Nth(8).Locator("a")</Text>
      </RunInfo>
      <RunInfo computerName="DESKTOP-RSFFHJT" outcome="Warning" timestamp="2025-05-01T21:13:28.1571277-04:00">
        <Text>2025-05-02T01:13:28.156Z pw:api   locator resolved to &lt;a id="ember637" class="ember-view text-break " href="#/inventory/items/6620000005381008?filter_by=Status.Active&amp;sort_column=created_time&amp;sort_order=D"&gt;Composite Item 0&lt;/a&gt;</Text>
      </RunInfo>
      <RunInfo computerName="DESKTOP-RSFFHJT" outcome="Warning" timestamp="2025-05-01T21:13:28.1578769-04:00">
        <Text>2025-05-02T01:13:28.156Z pw:api waiting for Locator("table[id='vertically-scrolled-table']").Locator("tbody tr").Nth(8).Locator("td:nth-child(3)")</Text>
      </RunInfo>
      <RunInfo computerName="DESKTOP-RSFFHJT" outcome="Warning" timestamp="2025-05-01T21:13:28.1592914-04:00">
        <Text>2025-05-02T01:13:28.158Z pw:api   locator resolved to &lt;td class=" "&gt;43042&lt;/td&gt;</Text>
      </RunInfo>
      <RunInfo computerName="DESKTOP-RSFFHJT" outcome="Warning" timestamp="2025-05-01T21:13:28.1596826-04:00">
        <Text>2025-05-02T01:13:28.158Z pw:api waiting for Locator("table[id='vertically-scrolled-table']").Locator("tbody tr").Nth(8).Locator("td:nth-child(4)")</Text>
      </RunInfo>
      <RunInfo computerName="DESKTOP-RSFFHJT" outcome="Warning" timestamp="2025-05-01T21:13:28.1607800-04:00">
        <Text>2025-05-02T01:13:28.159Z pw:api   locator resolved to &lt;td class=" "&gt;Goods&lt;/td&gt;</Text>
      </RunInfo>
      <RunInfo computerName="DESKTOP-RSFFHJT" outcome="Warning" timestamp="2025-05-01T21:13:28.1612280-04:00">
        <Text>2025-05-02T01:13:28.160Z pw:api waiting for Locator("table[id='vertically-scrolled-table']").Locator("tbody tr").Nth(8).Locator("td span[class='text-ellipsis']")</Text>
      </RunInfo>
      <RunInfo computerName="DESKTOP-RSFFHJT" outcome="Warning" timestamp="2025-05-01T21:13:28.1631343-04:00">
        <Text>2025-05-02T01:13:28.162Z pw:api   locator resolved to &lt;span id="ad4db1353" class="text-ellipsis"&gt;Deserunt magni in repellendus atque dignissimos nΓÇª&lt;/span&gt;</Text>
      </RunInfo>
      <RunInfo computerName="DESKTOP-RSFFHJT" outcome="Warning" timestamp="2025-05-01T21:13:28.1637297-04:00">
        <Text>2025-05-02T01:13:28.162Z pw:api waiting for Locator("table[id='vertically-scrolled-table']").Locator("tbody tr").Nth(8).Locator("td[class='  text-end']")</Text>
      </RunInfo>
      <RunInfo computerName="DESKTOP-RSFFHJT" outcome="Warning" timestamp="2025-05-01T21:13:28.1653033-04:00">
        <Text>2025-05-02T01:13:28.164Z pw:api   locator resolved to &lt;td class="  text-end"&gt;$62.00&lt;/td&gt;</Text>
      </RunInfo>
      <RunInfo computerName="DESKTOP-RSFFHJT" outcome="Warning" timestamp="2025-05-01T21:13:28.1657727-04:00">
        <Text>2025-05-02T01:13:28.164Z pw:api waiting for Locator("table[id='vertically-scrolled-table']").Locator("tbody tr").Nth(9).Locator("a")</Text>
      </RunInfo>
      <RunInfo computerName="DESKTOP-RSFFHJT" outcome="Warning" timestamp="2025-05-01T21:13:28.1670172-04:00">
        <Text>2025-05-02T01:13:28.166Z pw:api   locator resolved to &lt;a id="ember639" class="ember-view text-break " href="#/inventory/items/6620000005381009?filter_by=Status.Active&amp;sort_column=created_time&amp;sort_order=D"&gt;Composite Item 1&lt;/a&gt;</Text>
      </RunInfo>
      <RunInfo computerName="DESKTOP-RSFFHJT" outcome="Warning" timestamp="2025-05-01T21:13:28.1673991-04:00">
        <Text>2025-05-02T01:13:28.166Z pw:api waiting for Locator("table[id='vertically-scrolled-table']").Locator("tbody tr").Nth(9).Locator("td:nth-child(3)")</Text>
      </RunInfo>
      <RunInfo computerName="DESKTOP-RSFFHJT" outcome="Warning" timestamp="2025-05-01T21:13:28.1686441-04:00">
        <Text>2025-05-02T01:13:28.167Z pw:api   locator resolved to &lt;td class=" "&gt;43042&lt;/td&gt;</Text>
      </RunInfo>
      <RunInfo computerName="DESKTOP-RSFFHJT" outcome="Warning" timestamp="2025-05-01T21:13:28.1690173-04:00">
        <Text>2025-05-02T01:13:28.168Z pw:api waiting for Locator("table[id='vertically-scrolled-table']").Locator("tbody tr").Nth(9).Locator("td:nth-child(4)")</Text>
      </RunInfo>
      <RunInfo computerName="DESKTOP-RSFFHJT" outcome="Warning" timestamp="2025-05-01T21:13:28.1711265-04:00">
        <Text>2025-05-02T01:13:28.170Z pw:api   locator resolved to &lt;td class=" "&gt;Goods&lt;/td&gt;</Text>
      </RunInfo>
      <RunInfo computerName="DESKTOP-RSFFHJT" outcome="Warning" timestamp="2025-05-01T21:13:28.1715706-04:00">
        <Text>2025-05-02T01:13:28.170Z pw:api waiting for Locator("table[id='vertically-scrolled-table']").Locator("tbody tr").Nth(9).Locator("td span[class='text-ellipsis']")</Text>
      </RunInfo>
      <RunInfo computerName="DESKTOP-RSFFHJT" outcome="Warning" timestamp="2025-05-01T21:13:28.1729716-04:00">
        <Text>2025-05-02T01:13:28.172Z pw:api   locator resolved to &lt;span id="a3736987f" class="text-ellipsis"&gt;Deserunt magni in repellendus atque dignissimos nΓÇª&lt;/span&gt;</Text>
      </RunInfo>
      <RunInfo computerName="DESKTOP-RSFFHJT" outcome="Warning" timestamp="2025-05-01T21:13:28.1734286-04:00">
        <Text>2025-05-02T01:13:28.172Z pw:api waiting for Locator("table[id='vertically-scrolled-table']").Locator("tbody tr").Nth(9).Locator("td[class='  text-end']")</Text>
      </RunInfo>
      <RunInfo computerName="DESKTOP-RSFFHJT" outcome="Warning" timestamp="2025-05-01T21:13:28.1750817-04:00">
        <Text>2025-05-02T01:13:28.174Z pw:api   locator resolved to &lt;td class="  text-end"&gt;$365.00&lt;/td&gt;</Text>
      </RunInfo>
      <RunInfo computerName="DESKTOP-RSFFHJT" outcome="Warning" timestamp="2025-05-01T21:13:28.1759107-04:00">
        <Text>2025-05-02T01:13:28.174Z pw:api waiting for Locator("table[id='vertically-scrolled-table']").Locator("tbody tr").Nth(10).Locator("a")</Text>
      </RunInfo>
      <RunInfo computerName="DESKTOP-RSFFHJT" outcome="Warning" timestamp="2025-05-01T21:13:28.1772278-04:00">
        <Text>2025-05-02T01:13:28.176Z pw:api   locator resolved to &lt;a id="ember641" class="ember-view text-break " href="#/inventory/items/6620000005381010?filter_by=Status.Active&amp;sort_column=created_time&amp;sort_order=D"&gt;Composite Item 2&lt;/a&gt;</Text>
      </RunInfo>
      <RunInfo computerName="DESKTOP-RSFFHJT" outcome="Warning" timestamp="2025-05-01T21:13:28.1777033-04:00">
        <Text>2025-05-02T01:13:28.176Z pw:api waiting for Locator("table[id='vertically-scrolled-table']").Locator("tbody tr").Nth(10).Locator("td:nth-child(3)")</Text>
      </RunInfo>
      <RunInfo computerName="DESKTOP-RSFFHJT" outcome="Warning" timestamp="2025-05-01T21:13:28.1790270-04:00">
        <Text>2025-05-02T01:13:28.178Z pw:api   locator resolved to &lt;td class=" "&gt;43042&lt;/td&gt;</Text>
      </RunInfo>
      <RunInfo computerName="DESKTOP-RSFFHJT" outcome="Warning" timestamp="2025-05-01T21:13:28.1796690-04:00">
        <Text>2025-05-02T01:13:28.178Z pw:api waiting for Locator("table[id='vertically-scrolled-table']").Locator("tbody tr").Nth(10).Locator("td:nth-child(4)")</Text>
      </RunInfo>
      <RunInfo computerName="DESKTOP-RSFFHJT" outcome="Warning" timestamp="2025-05-01T21:13:28.1813994-04:00">
        <Text>2025-05-02T01:13:28.180Z pw:api   locator resolved to &lt;td class=" "&gt;Goods&lt;/td&gt;</Text>
      </RunInfo>
      <RunInfo computerName="DESKTOP-RSFFHJT" outcome="Warning" timestamp="2025-05-01T21:13:28.1820548-04:00">
        <Text>2025-05-02T01:13:28.181Z pw:api waiting for Locator("table[id='vertically-scrolled-table']").Locator("tbody tr").Nth(10).Locator("td span[class='text-ellipsis']")</Text>
      </RunInfo>
      <RunInfo computerName="DESKTOP-RSFFHJT" outcome="Warning" timestamp="2025-05-01T21:13:28.1837437-04:00">
        <Text>2025-05-02T01:13:28.182Z pw:api   locator resolved to &lt;span id="a5a6880ac" class="text-ellipsis"&gt;Deserunt magni in repellendus atque dignissimos nΓÇª&lt;/span&gt;</Text>
      </RunInfo>
      <RunInfo computerName="DESKTOP-RSFFHJT" outcome="Warning" timestamp="2025-05-01T21:13:28.1843085-04:00">
        <Text>2025-05-02T01:13:28.183Z pw:api waiting for Locator("table[id='vertically-scrolled-table']").Locator("tbody tr").Nth(10).Locator("td[class='  text-end']")</Text>
      </RunInfo>
      <RunInfo computerName="DESKTOP-RSFFHJT" outcome="Warning" timestamp="2025-05-01T21:13:28.1855978-04:00">
        <Text>2025-05-02T01:13:28.184Z pw:api   locator resolved to &lt;td class="  text-end"&gt;$577.00&lt;/td&gt;</Text>
      </RunInfo>
      <RunInfo computerName="DESKTOP-RSFFHJT" outcome="Warning" timestamp="2025-05-01T21:13:28.1860954-04:00">
        <Text>2025-05-02T01:13:28.185Z pw:api waiting for Locator("table[id='vertically-scrolled-table']").Locator("tbody tr").Nth(11).Locator("a")</Text>
      </RunInfo>
      <RunInfo computerName="DESKTOP-RSFFHJT" outcome="Warning" timestamp="2025-05-01T21:13:28.1874613-04:00">
        <Text>2025-05-02T01:13:28.186Z pw:api   locator resolved to &lt;a id="ember643" class="ember-view text-break " href="#/inventory/items/6620000005381011?filter_by=Status.Active&amp;sort_column=created_time&amp;sort_order=D"&gt;Composite Item 3&lt;/a&gt;</Text>
      </RunInfo>
      <RunInfo computerName="DESKTOP-RSFFHJT" outcome="Warning" timestamp="2025-05-01T21:13:28.1878143-04:00">
        <Text>2025-05-02T01:13:28.186Z pw:api waiting for Locator("table[id='vertically-scrolled-table']").Locator("tbody tr").Nth(11).Locator("td:nth-child(3)")</Text>
      </RunInfo>
      <RunInfo computerName="DESKTOP-RSFFHJT" outcome="Warning" timestamp="2025-05-01T21:13:28.1890895-04:00">
        <Text>2025-05-02T01:13:28.188Z pw:api   locator resolved to &lt;td class=" "&gt;43042&lt;/td&gt;</Text>
      </RunInfo>
      <RunInfo computerName="DESKTOP-RSFFHJT" outcome="Warning" timestamp="2025-05-01T21:13:28.1895550-04:00">
        <Text>2025-05-02T01:13:28.188Z pw:api waiting for Locator("table[id='vertically-scrolled-table']").Locator("tbody tr").Nth(11).Locator("td:nth-child(4)")</Text>
      </RunInfo>
      <RunInfo computerName="DESKTOP-RSFFHJT" outcome="Warning" timestamp="2025-05-01T21:13:28.1907426-04:00">
        <Text>2025-05-02T01:13:28.189Z pw:api   locator resolved to &lt;td class=" "&gt;Goods&lt;/td&gt;</Text>
      </RunInfo>
      <RunInfo computerName="DESKTOP-RSFFHJT" outcome="Warning" timestamp="2025-05-01T21:13:28.1911653-04:00">
        <Text>2025-05-02T01:13:28.190Z pw:api waiting for Locator("table[id='vertically-scrolled-table']").Locator("tbody tr").Nth(11).Locator("td span[class='text-ellipsis']")</Text>
      </RunInfo>
      <RunInfo computerName="DESKTOP-RSFFHJT" outcome="Warning" timestamp="2025-05-01T21:13:28.1926593-04:00">
        <Text>2025-05-02T01:13:28.191Z pw:api   locator resolved to &lt;span id="afd62aac5" class="text-ellipsis"&gt;Deserunt magni in repellendus atque dignissimos nΓÇª&lt;/span&gt;</Text>
      </RunInfo>
      <RunInfo computerName="DESKTOP-RSFFHJT" outcome="Warning" timestamp="2025-05-01T21:13:28.1931307-04:00">
        <Text>2025-05-02T01:13:28.192Z pw:api waiting for Locator("table[id='vertically-scrolled-table']").Locator("tbody tr").Nth(11).Locator("td[class='  text-end']")</Text>
      </RunInfo>
      <RunInfo computerName="DESKTOP-RSFFHJT" outcome="Warning" timestamp="2025-05-01T21:13:28.1944088-04:00">
        <Text>2025-05-02T01:13:28.193Z pw:api   locator resolved to &lt;td class="  text-end"&gt;$474.00&lt;/td&gt;</Text>
      </RunInfo>
      <RunInfo computerName="DESKTOP-RSFFHJT" outcome="Warning" timestamp="2025-05-01T21:13:28.2074424-04:00">
        <Text>2025-05-02T01:13:28.206Z pw:api waiting for Locator("table[id='vertically-scrolled-table']").Locator("tbody tr").Nth(12).Locator("a")</Text>
      </RunInfo>
      <RunInfo computerName="DESKTOP-RSFFHJT" outcome="Warning" timestamp="2025-05-01T21:13:28.2093113-04:00">
        <Text>2025-05-02T01:13:28.208Z pw:api   locator resolved to &lt;a id="ember645" class="ember-view text-break " href="#/inventory/items/6620000005381012?filter_by=Status.Active&amp;sort_column=created_time&amp;sort_order=D"&gt;Composite Item 4&lt;/a&gt;</Text>
      </RunInfo>
      <RunInfo computerName="DESKTOP-RSFFHJT" outcome="Warning" timestamp="2025-05-01T21:13:28.2096589-04:00">
        <Text>2025-05-02T01:13:28.208Z pw:api waiting for Locator("table[id='vertically-scrolled-table']").Locator("tbody tr").Nth(12).Locator("td:nth-child(3)")</Text>
      </RunInfo>
      <RunInfo computerName="DESKTOP-RSFFHJT" outcome="Warning" timestamp="2025-05-01T21:13:28.2109362-04:00">
        <Text>2025-05-02T01:13:28.210Z pw:api   locator resolved to &lt;td class=" "&gt;43042&lt;/td&gt;</Text>
      </RunInfo>
      <RunInfo computerName="DESKTOP-RSFFHJT" outcome="Warning" timestamp="2025-05-01T21:13:28.2115986-04:00">
        <Text>2025-05-02T01:13:28.210Z pw:api waiting for Locator("table[id='vertically-scrolled-table']").Locator("tbody tr").Nth(12).Locator("td:nth-child(4)")</Text>
      </RunInfo>
      <RunInfo computerName="DESKTOP-RSFFHJT" outcome="Warning" timestamp="2025-05-01T21:13:28.2132767-04:00">
        <Text>2025-05-02T01:13:28.212Z pw:api   locator resolved to &lt;td class=" "&gt;Goods&lt;/td&gt;</Text>
      </RunInfo>
      <RunInfo computerName="DESKTOP-RSFFHJT" outcome="Warning" timestamp="2025-05-01T21:13:28.2140904-04:00">
        <Text>2025-05-02T01:13:28.213Z pw:api waiting for Locator("table[id='vertically-scrolled-table']").Locator("tbody tr").Nth(12).Locator("td span[class='text-ellipsis']")</Text>
      </RunInfo>
      <RunInfo computerName="DESKTOP-RSFFHJT" outcome="Warning" timestamp="2025-05-01T21:13:28.2158029-04:00">
        <Text>2025-05-02T01:13:28.214Z pw:api   locator resolved to &lt;span id="aa4087b3c" class="text-ellipsis"&gt;Deserunt magni in repellendus atque dignissimos nΓÇª&lt;/span&gt;</Text>
      </RunInfo>
      <RunInfo computerName="DESKTOP-RSFFHJT" outcome="Warning" timestamp="2025-05-01T21:13:28.2164190-04:00">
        <Text>2025-05-02T01:13:28.215Z pw:api waiting for Locator("table[id='vertically-scrolled-table']").Locator("tbody tr").Nth(12).Locator("td[class='  text-end']")</Text>
      </RunInfo>
      <RunInfo computerName="DESKTOP-RSFFHJT" outcome="Warning" timestamp="2025-05-01T21:13:28.2176545-04:00">
        <Text>2025-05-02T01:13:28.216Z pw:api   locator resolved to &lt;td class="  text-end"&gt;$496.00&lt;/td&gt;</Text>
      </RunInfo>
      <RunInfo computerName="DESKTOP-RSFFHJT" outcome="Warning" timestamp="2025-05-01T21:13:28.2182046-04:00">
        <Text>2025-05-02T01:13:28.217Z pw:api waiting for Locator("table[id='vertically-scrolled-table']").Locator("tbody tr").Nth(13).Locator("a")</Text>
      </RunInfo>
      <RunInfo computerName="DESKTOP-RSFFHJT" outcome="Warning" timestamp="2025-05-01T21:13:28.2195643-04:00">
        <Text>2025-05-02T01:13:28.218Z pw:api   locator resolved to &lt;a id="ember647" class="ember-view text-break " href="#/inventory/items/66200000053810013?filter_by=Status.Active&amp;sort_column=created_time&amp;sort_order=D"&gt;TemporaryName&lt;/a&gt;</Text>
      </RunInfo>
      <RunInfo computerName="DESKTOP-RSFFHJT" outcome="Warning" timestamp="2025-05-01T21:13:28.2199854-04:00">
        <Text>2025-05-02T01:13:28.219Z pw:api waiting for Locator("table[id='vertically-scrolled-table']").Locator("tbody tr").Nth(13).Locator("td:nth-child(3)")</Text>
      </RunInfo>
      <RunInfo computerName="DESKTOP-RSFFHJT" outcome="Warning" timestamp="2025-05-01T21:13:28.2211969-04:00">
        <Text>2025-05-02T01:13:28.220Z pw:api   locator resolved to &lt;td class=" "&gt;item 99 sku&lt;/td&gt;</Text>
      </RunInfo>
      <RunInfo computerName="DESKTOP-RSFFHJT" outcome="Warning" timestamp="2025-05-01T21:13:28.2215258-04:00">
        <Text>2025-05-02T01:13:28.220Z pw:api waiting for Locator("table[id='vertically-scrolled-table']").Locator("tbody tr").Nth(13).Locator("td:nth-child(4)")</Text>
      </RunInfo>
      <RunInfo computerName="DESKTOP-RSFFHJT" outcome="Warning" timestamp="2025-05-01T21:13:28.2225843-04:00">
        <Text>2025-05-02T01:13:28.221Z pw:api   locator resolved to &lt;td class=" "&gt;Goods&lt;/td&gt;</Text>
      </RunInfo>
      <RunInfo computerName="DESKTOP-RSFFHJT" outcome="Warning" timestamp="2025-05-01T21:13:28.2230116-04:00">
        <Text>2025-05-02T01:13:28.222Z pw:api waiting for Locator("table[id='vertically-scrolled-table']").Locator("tbody tr").Nth(13).Locator("td span[class='text-ellipsis']")</Text>
      </RunInfo>
      <RunInfo computerName="DESKTOP-RSFFHJT" outcome="Warning" timestamp="2025-05-01T21:13:28.2245331-04:00">
        <Text>2025-05-02T01:13:28.223Z pw:api   locator resolved to &lt;span id="aa3c58ab7" class="text-ellipsis"&gt;&lt;/span&gt;</Text>
      </RunInfo>
      <RunInfo computerName="DESKTOP-RSFFHJT" outcome="Warning" timestamp="2025-05-01T21:13:28.2249410-04:00">
        <Text>2025-05-02T01:13:28.224Z pw:api waiting for Locator("table[id='vertically-scrolled-table']").Locator("tbody tr").Nth(13).Locator("td[class='  text-end']")</Text>
      </RunInfo>
      <RunInfo computerName="DESKTOP-RSFFHJT" outcome="Warning" timestamp="2025-05-01T21:13:28.2261503-04:00">
        <Text>2025-05-02T01:13:28.225Z pw:api   locator resolved to &lt;td class="  text-end"&gt;$205&lt;/td&gt;</Text>
      </RunInfo>
      <RunInfo computerName="DESKTOP-RSFFHJT" outcome="Warning" timestamp="2025-05-01T21:13:28.3113909-04:00">
        <Text>2025-05-02T01:13:28.310Z pw:api navigating to "https://www.zoho.com/ca/inventory/inventory-software-demo/#/home/inventory-dashboard", waiting until "load"</Text>
      </RunInfo>
      <RunInfo computerName="DESKTOP-RSFFHJT" outcome="Warning" timestamp="2025-05-01T21:13:28.5465553-04:00">
        <Text>2025-05-02T01:13:28.545Z pw:api   "commit" event fired</Text>
      </RunInfo>
      <RunInfo computerName="DESKTOP-RSFFHJT" outcome="Warning" timestamp="2025-05-01T21:13:28.5465634-04:00">
        <Text>2025-05-02T01:13:28.545Z pw:api   navigated to "https://www.zoho.com/ca/inventory/inventory-software-demo/#/home/inventory-dashboard"</Text>
      </RunInfo>
      <RunInfo computerName="DESKTOP-RSFFHJT" outcome="Warning" timestamp="2025-05-01T21:13:30.5412059-04:00">
        <Text>2025-05-02T01:13:30.540Z pw:api   "networkidle" event fired</Text>
      </RunInfo>
      <RunInfo computerName="DESKTOP-RSFFHJT" outcome="Warning" timestamp="2025-05-01T21:13:30.9718844-04:00">
        <Text>2025-05-02T01:13:30.970Z pw:api   "domcontentloaded" event fired</Text>
      </RunInfo>
      <RunInfo computerName="DESKTOP-RSFFHJT" outcome="Warning" timestamp="2025-05-01T21:13:32.0840921-04:00">
        <Text>2025-05-02T01:13:32.082Z pw:api   "load" event fired</Text>
      </RunInfo>
      <RunInfo computerName="DESKTOP-RSFFHJT" outcome="Warning" timestamp="2025-05-01T21:13:32.1040700-04:00">
        <Text>2025-05-02T01:13:32.103Z pw:api waiting for Locator("div[id='main-nav-tab'] a[id*='ember'][class$='nav-link'], div[id='main-nav-tab']  a[id*='ember'][class$='nav-link ']").First</Text>
      </RunInfo>
      <RunInfo computerName="DESKTOP-RSFFHJT" outcome="Warning" timestamp="2025-05-01T21:13:32.1061381-04:00">
        <Text>2025-05-02T01:13:32.105Z pw:api   locator resolved to &lt;a id="ember79" href="#/home" class="ember-view active nav-link"&gt;ΓÇª&lt;/a&gt;</Text>
      </RunInfo>
      <RunInfo computerName="DESKTOP-RSFFHJT" outcome="Warning" timestamp="2025-05-01T21:13:32.1067248-04:00">
        <Text>2025-05-02T01:13:32.105Z pw:api waiting for Locator("div[id='main-nav-tab'] a[id*='ember'][class$='nav-link'], div[id='main-nav-tab']  a[id*='ember'][class$='nav-link ']").Nth(1)</Text>
      </RunInfo>
      <RunInfo computerName="DESKTOP-RSFFHJT" outcome="Warning" timestamp="2025-05-01T21:13:32.1089847-04:00">
        <Text>2025-05-02T01:13:32.108Z pw:api   locator resolved to &lt;a id="ember82" class="collapsed ember-view nav-link "&gt;ΓÇª&lt;/a&gt;</Text>
      </RunInfo>
      <RunInfo computerName="DESKTOP-RSFFHJT" outcome="Warning" timestamp="2025-05-01T21:13:32.1095305-04:00">
        <Text>2025-05-02T01:13:32.108Z pw:api waiting for Locator("div[id='main-nav-tab'] a[id*='ember'][class$='nav-link'], div[id='main-nav-tab']  a[id*='ember'][class$='nav-link ']").Nth(2)</Text>
      </RunInfo>
      <RunInfo computerName="DESKTOP-RSFFHJT" outcome="Warning" timestamp="2025-05-01T21:13:32.1115388-04:00">
        <Text>2025-05-02T01:13:32.110Z pw:api   locator resolved to &lt;a id="ember86" href="#/inventory/items" class="ember-view nav-link"&gt;ΓÇª&lt;/a&gt;</Text>
      </RunInfo>
      <RunInfo computerName="DESKTOP-RSFFHJT" outcome="Warning" timestamp="2025-05-01T21:13:32.1122165-04:00">
        <Text>2025-05-02T01:13:32.111Z pw:api waiting for Locator("div[id='main-nav-tab'] a[id*='ember'][class$='nav-link'], div[id='main-nav-tab']  a[id*='ember'][class$='nav-link ']").Nth(3)</Text>
      </RunInfo>
      <RunInfo computerName="DESKTOP-RSFFHJT" outcome="Warning" timestamp="2025-05-01T21:13:32.1161920-04:00">
        <Text>2025-05-02T01:13:32.115Z pw:api   locator resolved to &lt;a id="ember91" class="ember-view nav-link" href="#/inventory/itemgroups"&gt;ΓÇª&lt;/a&gt;</Text>
      </RunInfo>
      <RunInfo computerName="DESKTOP-RSFFHJT" outcome="Warning" timestamp="2025-05-01T21:13:32.1166705-04:00">
        <Text>2025-05-02T01:13:32.115Z pw:api waiting for Locator("div[id='main-nav-tab'] a[id*='ember'][class$='nav-link'], div[id='main-nav-tab']  a[id*='ember'][class$='nav-link ']").Nth(4)</Text>
      </RunInfo>
      <RunInfo computerName="DESKTOP-RSFFHJT" outcome="Warning" timestamp="2025-05-01T21:13:32.1182477-04:00">
        <Text>2025-05-02T01:13:32.117Z pw:api   locator resolved to &lt;a id="ember97" class="ember-view nav-link" href="#/inventory/adjustments"&gt;ΓÇª&lt;/a&gt;</Text>
      </RunInfo>
      <RunInfo computerName="DESKTOP-RSFFHJT" outcome="Warning" timestamp="2025-05-01T21:13:32.1187067-04:00">
        <Text>2025-05-02T01:13:32.117Z pw:api waiting for Locator("div[id='main-nav-tab'] a[id*='ember'][class$='nav-link'], div[id='main-nav-tab']  a[id*='ember'][class$='nav-link ']").Nth(5)</Text>
      </RunInfo>
      <RunInfo computerName="DESKTOP-RSFFHJT" outcome="Warning" timestamp="2025-05-01T21:13:32.1207496-04:00">
        <Text>2025-05-02T01:13:32.119Z pw:api   locator resolved to &lt;a id="ember104" class="collapsed ember-view nav-link "&gt;ΓÇª&lt;/a&gt;</Text>
      </RunInfo>
      <RunInfo computerName="DESKTOP-RSFFHJT" outcome="Warning" timestamp="2025-05-01T21:13:32.1213409-04:00">
        <Text>2025-05-02T01:13:32.120Z pw:api waiting for Locator("div[id='main-nav-tab'] a[id*='ember'][class$='nav-link'], div[id='main-nav-tab']  a[id*='ember'][class$='nav-link ']").Nth(6)</Text>
      </RunInfo>
      <RunInfo computerName="DESKTOP-RSFFHJT" outcome="Warning" timestamp="2025-05-01T21:13:32.1230996-04:00">
        <Text>2025-05-02T01:13:32.122Z pw:api   locator resolved to &lt;a id="ember108" href="#/contacts" class="ember-view nav-link"&gt;ΓÇª&lt;/a&gt;</Text>
      </RunInfo>
      <RunInfo computerName="DESKTOP-RSFFHJT" outcome="Warning" timestamp="2025-05-01T21:13:32.1237445-04:00">
        <Text>2025-05-02T01:13:32.122Z pw:api waiting for Locator("div[id='main-nav-tab'] a[id*='ember'][class$='nav-link'], div[id='main-nav-tab']  a[id*='ember'][class$='nav-link ']").Nth(7)</Text>
      </RunInfo>
      <RunInfo computerName="DESKTOP-RSFFHJT" outcome="Warning" timestamp="2025-05-01T21:13:32.1252911-04:00">
        <Text>2025-05-02T01:13:32.124Z pw:api   locator resolved to &lt;a id="ember114" href="#/salesorders" class="ember-view nav-link"&gt;ΓÇª&lt;/a&gt;</Text>
      </RunInfo>
      <RunInfo computerName="DESKTOP-RSFFHJT" outcome="Warning" timestamp="2025-05-01T21:13:32.1260117-04:00">
        <Text>2025-05-02T01:13:32.125Z pw:api waiting for Locator("div[id='main-nav-tab'] a[id*='ember'][class$='nav-link'], div[id='main-nav-tab']  a[id*='ember'][class$='nav-link ']").Nth(8)</Text>
      </RunInfo>
      <RunInfo computerName="DESKTOP-RSFFHJT" outcome="Warning" timestamp="2025-05-01T21:13:32.1281305-04:00">
        <Text>2025-05-02T01:13:32.127Z pw:api   locator resolved to &lt;a id="ember121" href="#/packages" class="ember-view nav-link"&gt;ΓÇª&lt;/a&gt;</Text>
      </RunInfo>
      <RunInfo computerName="DESKTOP-RSFFHJT" outcome="Warning" timestamp="2025-05-01T21:13:32.1287249-04:00">
        <Text>2025-05-02T01:13:32.127Z pw:api waiting for Locator("div[id='main-nav-tab'] a[id*='ember'][class$='nav-link'], div[id='main-nav-tab']  a[id*='ember'][class$='nav-link ']").Nth(9)</Text>
      </RunInfo>
      <RunInfo computerName="DESKTOP-RSFFHJT" outcome="Warning" timestamp="2025-05-01T21:13:32.1327919-04:00">
        <Text>2025-05-02T01:13:32.131Z pw:api   locator resolved to &lt;a id="ember125" href="#/shipments" class="ember-view nav-link"&gt;ΓÇª&lt;/a&gt;</Text>
      </RunInfo>
      <RunInfo computerName="DESKTOP-RSFFHJT" outcome="Warning" timestamp="2025-05-01T21:13:32.1335772-04:00">
        <Text>2025-05-02T01:13:32.132Z pw:api waiting for Locator("div[id='main-nav-tab'] a[id*='ember'][class$='nav-link'], div[id='main-nav-tab']  a[id*='ember'][class$='nav-link ']").Nth(10)</Text>
      </RunInfo>
      <RunInfo computerName="DESKTOP-RSFFHJT" outcome="Warning" timestamp="2025-05-01T21:13:32.1352235-04:00">
        <Text>2025-05-02T01:13:32.134Z pw:api   locator resolved to &lt;a id="ember129" href="#/invoices" class="ember-view nav-link"&gt;ΓÇª&lt;/a&gt;</Text>
      </RunInfo>
      <RunInfo computerName="DESKTOP-RSFFHJT" outcome="Warning" timestamp="2025-05-01T21:13:32.1357094-04:00">
        <Text>2025-05-02T01:13:32.134Z pw:api waiting for Locator("div[id='main-nav-tab'] a[id*='ember'][class$='nav-link'], div[id='main-nav-tab']  a[id*='ember'][class$='nav-link ']").Nth(11)</Text>
      </RunInfo>
      <RunInfo computerName="DESKTOP-RSFFHJT" outcome="Warning" timestamp="2025-05-01T21:13:32.1374492-04:00">
        <Text>2025-05-02T01:13:32.136Z pw:api   locator resolved to &lt;a id="ember134" href="#/paymentsreceived" class="ember-view nav-link"&gt;ΓÇª&lt;/a&gt;</Text>
      </RunInfo>
      <RunInfo computerName="DESKTOP-RSFFHJT" outcome="Warning" timestamp="2025-05-01T21:13:32.1381415-04:00">
        <Text>2025-05-02T01:13:32.137Z pw:api waiting for Locator("div[id='main-nav-tab'] a[id*='ember'][class$='nav-link'], div[id='main-nav-tab']  a[id*='ember'][class$='nav-link ']").Nth(12)</Text>
      </RunInfo>
      <RunInfo computerName="DESKTOP-RSFFHJT" outcome="Warning" timestamp="2025-05-01T21:13:32.1401513-04:00">
        <Text>2025-05-02T01:13:32.139Z pw:api   locator resolved to &lt;a id="ember140" href="#/salesreturns" class="ember-view nav-link"&gt;ΓÇª&lt;/a&gt;</Text>
      </RunInfo>
      <RunInfo computerName="DESKTOP-RSFFHJT" outcome="Warning" timestamp="2025-05-01T21:13:32.1405620-04:00">
        <Text>2025-05-02T01:13:32.139Z pw:api waiting for Locator("div[id='main-nav-tab'] a[id*='ember'][class$='nav-link'], div[id='main-nav-tab']  a[id*='ember'][class$='nav-link ']").Nth(13)</Text>
      </RunInfo>
      <RunInfo computerName="DESKTOP-RSFFHJT" outcome="Warning" timestamp="2025-05-01T21:13:32.1420275-04:00">
        <Text>2025-05-02T01:13:32.141Z pw:api   locator resolved to &lt;a id="ember143" href="#/creditnotes" class="ember-view nav-link"&gt;ΓÇª&lt;/a&gt;</Text>
      </RunInfo>
      <RunInfo computerName="DESKTOP-RSFFHJT" outcome="Warning" timestamp="2025-05-01T21:13:32.1425541-04:00">
        <Text>2025-05-02T01:13:32.141Z pw:api waiting for Locator("div[id='main-nav-tab'] a[id*='ember'][class$='nav-link'], div[id='main-nav-tab']  a[id*='ember'][class$='nav-link ']").Nth(14)</Text>
      </RunInfo>
      <RunInfo computerName="DESKTOP-RSFFHJT" outcome="Warning" timestamp="2025-05-01T21:13:32.1440864-04:00">
        <Text>2025-05-02T01:13:32.143Z pw:api   locator resolved to &lt;a id="ember147" class="collapsed ember-view nav-link "&gt;ΓÇª&lt;/a&gt;</Text>
      </RunInfo>
      <RunInfo computerName="DESKTOP-RSFFHJT" outcome="Warning" timestamp="2025-05-01T21:13:32.1445136-04:00">
        <Text>2025-05-02T01:13:32.143Z pw:api waiting for Locator("div[id='main-nav-tab'] a[id*='ember'][class$='nav-link'], div[id='main-nav-tab']  a[id*='ember'][class$='nav-link ']").Nth(15)</Text>
      </RunInfo>
      <RunInfo computerName="DESKTOP-RSFFHJT" outcome="Warning" timestamp="2025-05-01T21:13:32.1466679-04:00">
        <Text>2025-05-02T01:13:32.145Z pw:api   locator resolved to &lt;a id="ember151" href="#/vendors" class="ember-view nav-link"&gt;ΓÇª&lt;/a&gt;</Text>
      </RunInfo>
      <RunInfo computerName="DESKTOP-RSFFHJT" outcome="Warning" timestamp="2025-05-01T21:13:32.1473101-04:00">
        <Text>2025-05-02T01:13:32.146Z pw:api waiting for Locator("div[id='main-nav-tab'] a[id*='ember'][class$='nav-link'], div[id='main-nav-tab']  a[id*='ember'][class$='nav-link ']").Nth(16)</Text>
      </RunInfo>
      <RunInfo computerName="DESKTOP-RSFFHJT" outcome="Warning" timestamp="2025-05-01T21:13:32.1574008-04:00">
        <Text>2025-05-02T01:13:32.156Z pw:api   locator resolved to &lt;a id="ember155" href="#/expenses" class="ember-view nav-link"&gt;ΓÇª&lt;/a&gt;</Text>
      </RunInfo>
      <RunInfo computerName="DESKTOP-RSFFHJT" outcome="Warning" timestamp="2025-05-01T21:13:32.1579416-04:00">
        <Text>2025-05-02T01:13:32.156Z pw:api waiting for Locator("div[id='main-nav-tab'] a[id*='ember'][class$='nav-link'], div[id='main-nav-tab']  a[id*='ember'][class$='nav-link ']").Nth(17)</Text>
      </RunInfo>
      <RunInfo computerName="DESKTOP-RSFFHJT" outcome="Warning" timestamp="2025-05-01T21:13:32.1707261-04:00">
        <Text>2025-05-02T01:13:32.169Z pw:api   locator resolved to &lt;a id="ember159" href="#/purchaseorders" class="ember-view nav-link"&gt;ΓÇª&lt;/a&gt;</Text>
      </RunInfo>
      <RunInfo computerName="DESKTOP-RSFFHJT" outcome="Warning" timestamp="2025-05-01T21:13:32.1712231-04:00">
        <Text>2025-05-02T01:13:32.170Z pw:api waiting for Locator("div[id='main-nav-tab'] a[id*='ember'][class$='nav-link'], div[id='main-nav-tab']  a[id*='ember'][class$='nav-link ']").Nth(18)</Text>
      </RunInfo>
      <RunInfo computerName="DESKTOP-RSFFHJT" outcome="Warning" timestamp="2025-05-01T21:13:32.1751810-04:00">
        <Text>2025-05-02T01:13:32.174Z pw:api   locator resolved to &lt;a id="ember163" href="#/purchasereceives" class="ember-view nav-link"&gt;ΓÇª&lt;/a&gt;</Text>
      </RunInfo>
      <RunInfo computerName="DESKTOP-RSFFHJT" outcome="Warning" timestamp="2025-05-01T21:13:32.1756355-04:00">
        <Text>2025-05-02T01:13:32.174Z pw:api waiting for Locator("div[id='main-nav-tab'] a[id*='ember'][class$='nav-link'], div[id='main-nav-tab']  a[id*='ember'][class$='nav-link ']").Nth(19)</Text>
      </RunInfo>
      <RunInfo computerName="DESKTOP-RSFFHJT" outcome="Warning" timestamp="2025-05-01T21:13:32.1773622-04:00">
        <Text>2025-05-02T01:13:32.176Z pw:api   locator resolved to &lt;a id="ember168" href="#/bills" class="ember-view nav-link"&gt;ΓÇª&lt;/a&gt;</Text>
      </RunInfo>
      <RunInfo computerName="DESKTOP-RSFFHJT" outcome="Warning" timestamp="2025-05-01T21:13:32.1781782-04:00">
        <Text>2025-05-02T01:13:32.177Z pw:api waiting for Locator("div[id='main-nav-tab'] a[id*='ember'][class$='nav-link'], div[id='main-nav-tab']  a[id*='ember'][class$='nav-link ']").Nth(20)</Text>
      </RunInfo>
      <RunInfo computerName="DESKTOP-RSFFHJT" outcome="Warning" timestamp="2025-05-01T21:13:32.1808378-04:00">
        <Text>2025-05-02T01:13:32.179Z pw:api   locator resolved to &lt;a id="ember172" href="#/paymentsmade" class="ember-view nav-link"&gt;ΓÇª&lt;/a&gt;</Text>
      </RunInfo>
      <RunInfo computerName="DESKTOP-RSFFHJT" outcome="Warning" timestamp="2025-05-01T21:13:32.1815328-04:00">
        <Text>2025-05-02T01:13:32.180Z pw:api waiting for Locator("div[id='main-nav-tab'] a[id*='ember'][class$='nav-link'], div[id='main-nav-tab']  a[id*='ember'][class$='nav-link ']").Nth(21)</Text>
      </RunInfo>
      <RunInfo computerName="DESKTOP-RSFFHJT" outcome="Warning" timestamp="2025-05-01T21:13:32.1836784-04:00">
        <Text>2025-05-02T01:13:32.182Z pw:api   locator resolved to &lt;a id="ember177" href="#/vendorcredits" class="ember-view nav-link"&gt;ΓÇª&lt;/a&gt;</Text>
      </RunInfo>
      <RunInfo computerName="DESKTOP-RSFFHJT" outcome="Warning" timestamp="2025-05-01T21:13:32.1841877-04:00">
        <Text>2025-05-02T01:13:32.183Z pw:api waiting for Locator("div[id='main-nav-tab'] a[id*='ember'][class$='nav-link'], div[id='main-nav-tab']  a[id*='ember'][class$='nav-link ']").Nth(22)</Text>
      </RunInfo>
      <RunInfo computerName="DESKTOP-RSFFHJT" outcome="Warning" timestamp="2025-05-01T21:13:32.1859249-04:00">
        <Text>2025-05-02T01:13:32.184Z pw:api   locator resolved to &lt;a id="ember181" class="ember-view nav-link" href="#/settings/integrations"&gt;ΓÇª&lt;/a&gt;</Text>
      </RunInfo>
      <RunInfo computerName="DESKTOP-RSFFHJT" outcome="Warning" timestamp="2025-05-01T21:13:32.1865912-04:00">
        <Text>2025-05-02T01:13:32.185Z pw:api waiting for Locator("div[id='main-nav-tab'] a[id*='ember'][class$='nav-link'], div[id='main-nav-tab']  a[id*='ember'][class$='nav-link ']").Nth(23)</Text>
      </RunInfo>
      <RunInfo computerName="DESKTOP-RSFFHJT" outcome="Warning" timestamp="2025-05-01T21:13:32.1881463-04:00">
        <Text>2025-05-02T01:13:32.187Z pw:api   locator resolved to &lt;a id="ember184" href="#/reports" class="ember-view nav-link"&gt;ΓÇª&lt;/a&gt;</Text>
      </RunInfo>
      <RunInfo computerName="DESKTOP-RSFFHJT" outcome="Warning" timestamp="2025-05-01T21:13:32.1887191-04:00">
        <Text>2025-05-02T01:13:32.187Z pw:api waiting for Locator("div[id='main-nav-tab'] a[id*='ember'][class$='nav-link'], div[id='main-nav-tab']  a[id*='ember'][class$='nav-link ']").Nth(24)</Text>
      </RunInfo>
      <RunInfo computerName="DESKTOP-RSFFHJT" outcome="Warning" timestamp="2025-05-01T21:13:32.1903807-04:00">
        <Text>2025-05-02T01:13:32.189Z pw:api   locator resolved to &lt;a id="ember187" href="#/documents/inbox" class="ember-view nav-link"&gt;ΓÇª&lt;/a&gt;</Text>
      </RunInfo>
      <RunInfo computerName="DESKTOP-RSFFHJT" outcome="Warning" timestamp="2025-05-01T21:13:32.1911014-04:00">
        <Text>2025-05-02T01:13:32.190Z pw:api waiting for Locator("div[id='main-nav-tab'] a[id*='ember'][class$='nav-link'], div[id='main-nav-tab']  a[id*='ember'][class$='nav-link ']").Nth(1)</Text>
      </RunInfo>
      <RunInfo computerName="DESKTOP-RSFFHJT" outcome="Warning" timestamp="2025-05-01T21:13:32.1934026-04:00">
        <Text>2025-05-02T01:13:32.192Z pw:api   locator resolved to &lt;a id="ember82" class="collapsed ember-view nav-link "&gt;ΓÇª&lt;/a&gt;</Text>
      </RunInfo>
      <RunInfo computerName="DESKTOP-RSFFHJT" outcome="Warning" timestamp="2025-05-01T21:13:32.1939302-04:00">
        <Text>2025-05-02T01:13:32.192Z pw:api attempting click action</Text>
      </RunInfo>
      <RunInfo computerName="DESKTOP-RSFFHJT" outcome="Warning" timestamp="2025-05-01T21:13:32.1940265-04:00">
        <Text>2025-05-02T01:13:32.193Z pw:api   waiting for element to be visible, enabled and stable</Text>
      </RunInfo>
      <RunInfo computerName="DESKTOP-RSFFHJT" outcome="Warning" timestamp="2025-05-01T21:13:32.2153395-04:00">
        <Text>2025-05-02T01:13:32.214Z pw:api   element is visible, enabled and stable</Text>
      </RunInfo>
      <RunInfo computerName="DESKTOP-RSFFHJT" outcome="Warning" timestamp="2025-05-01T21:13:32.2153479-04:00">
        <Text>2025-05-02T01:13:32.214Z pw:api   scrolling into view if needed</Text>
      </RunInfo>
      <RunInfo computerName="DESKTOP-RSFFHJT" outcome="Warning" timestamp="2025-05-01T21:13:32.2155221-04:00">
        <Text>2025-05-02T01:13:32.214Z pw:api   done scrolling</Text>
      </RunInfo>
      <RunInfo computerName="DESKTOP-RSFFHJT" outcome="Warning" timestamp="2025-05-01T21:13:32.2175626-04:00">
        <Text>2025-05-02T01:13:32.216Z pw:api   performing click action</Text>
      </RunInfo>
      <RunInfo computerName="DESKTOP-RSFFHJT" outcome="Warning" timestamp="2025-05-01T21:13:32.2262460-04:00">
        <Text>2025-05-02T01:13:32.225Z pw:api   click action done</Text>
      </RunInfo>
      <RunInfo computerName="DESKTOP-RSFFHJT" outcome="Warning" timestamp="2025-05-01T21:13:32.2262523-04:00">
        <Text>2025-05-02T01:13:32.225Z pw:api   waiting for scheduled navigations to finish</Text>
      </RunInfo>
      <RunInfo computerName="DESKTOP-RSFFHJT" outcome="Warning" timestamp="2025-05-01T21:13:32.2264600-04:00">
        <Text>2025-05-02T01:13:32.225Z pw:api   navigations have finished</Text>
      </RunInfo>
      <RunInfo computerName="DESKTOP-RSFFHJT" outcome="Warning" timestamp="2025-05-01T21:13:32.2295406-04:00">
        <Text>2025-05-02T01:13:32.228Z pw:api waiting for Locator("div[id='main-nav-tab'] a[id*='ember'][class$='nav-link'], div[id='main-nav-tab']  a[id*='ember'][class$='nav-link ']").First</Text>
      </RunInfo>
      <RunInfo computerName="DESKTOP-RSFFHJT" outcome="Warning" timestamp="2025-05-01T21:13:32.2338930-04:00">
        <Text>2025-05-02T01:13:32.232Z pw:api   locator resolved to &lt;a id="ember79" href="#/home" class="ember-view active nav-link"&gt;ΓÇª&lt;/a&gt;</Text>
      </RunInfo>
      <RunInfo computerName="DESKTOP-RSFFHJT" outcome="Warning" timestamp="2025-05-01T21:13:32.2345962-04:00">
        <Text>2025-05-02T01:13:32.233Z pw:api waiting for Locator("div[id='main-nav-tab'] a[id*='ember'][class$='nav-link'], div[id='main-nav-tab']  a[id*='ember'][class$='nav-link ']").Nth(1)</Text>
      </RunInfo>
      <RunInfo computerName="DESKTOP-RSFFHJT" outcome="Warning" timestamp="2025-05-01T21:13:32.2364101-04:00">
        <Text>2025-05-02T01:13:32.235Z pw:api   locator resolved to &lt;a id="ember82" class="ember-view nav-link "&gt;ΓÇª&lt;/a&gt;</Text>
      </RunInfo>
      <RunInfo computerName="DESKTOP-RSFFHJT" outcome="Warning" timestamp="2025-05-01T21:13:32.2370303-04:00">
        <Text>2025-05-02T01:13:32.236Z pw:api waiting for Locator("div[id='main-nav-tab'] a[id*='ember'][class$='nav-link'], div[id='main-nav-tab']  a[id*='ember'][class$='nav-link ']").Nth(2)</Text>
      </RunInfo>
      <RunInfo computerName="DESKTOP-RSFFHJT" outcome="Warning" timestamp="2025-05-01T21:13:32.2390175-04:00">
        <Text>2025-05-02T01:13:32.238Z pw:api   locator resolved to &lt;a id="ember86" href="#/inventory/items" class="ember-view nav-link"&gt;ΓÇª&lt;/a&gt;</Text>
      </RunInfo>
      <RunInfo computerName="DESKTOP-RSFFHJT" outcome="Warning" timestamp="2025-05-01T21:13:32.2395619-04:00">
        <Text>2025-05-02T01:13:32.238Z pw:api waiting for Locator("div[id='main-nav-tab'] a[id*='ember'][class$='nav-link'], div[id='main-nav-tab']  a[id*='ember'][class$='nav-link ']").Nth(3)</Text>
      </RunInfo>
      <RunInfo computerName="DESKTOP-RSFFHJT" outcome="Warning" timestamp="2025-05-01T21:13:32.2412516-04:00">
        <Text>2025-05-02T01:13:32.240Z pw:api   locator resolved to &lt;a id="ember91" class="ember-view nav-link" href="#/inventory/itemgroups"&gt;ΓÇª&lt;/a&gt;</Text>
      </RunInfo>
      <RunInfo computerName="DESKTOP-RSFFHJT" outcome="Warning" timestamp="2025-05-01T21:13:32.2417618-04:00">
        <Text>2025-05-02T01:13:32.240Z pw:api waiting for Locator("div[id='main-nav-tab'] a[id*='ember'][class$='nav-link'], div[id='main-nav-tab']  a[id*='ember'][class$='nav-link ']").Nth(4)</Text>
      </RunInfo>
      <RunInfo computerName="DESKTOP-RSFFHJT" outcome="Warning" timestamp="2025-05-01T21:13:32.2432155-04:00">
        <Text>2025-05-02T01:13:32.242Z pw:api   locator resolved to &lt;a id="ember97" class="ember-view nav-link" href="#/inventory/adjustments"&gt;ΓÇª&lt;/a&gt;</Text>
      </RunInfo>
      <RunInfo computerName="DESKTOP-RSFFHJT" outcome="Warning" timestamp="2025-05-01T21:13:32.2436343-04:00">
        <Text>2025-05-02T01:13:32.242Z pw:api waiting for Locator("div[id='main-nav-tab'] a[id*='ember'][class$='nav-link'], div[id='main-nav-tab']  a[id*='ember'][class$='nav-link ']").Nth(5)</Text>
      </RunInfo>
      <RunInfo computerName="DESKTOP-RSFFHJT" outcome="Warning" timestamp="2025-05-01T21:13:32.2454219-04:00">
        <Text>2025-05-02T01:13:32.244Z pw:api   locator resolved to &lt;a id="ember104" class="collapsed ember-view nav-link "&gt;ΓÇª&lt;/a&gt;</Text>
      </RunInfo>
      <RunInfo computerName="DESKTOP-RSFFHJT" outcome="Warning" timestamp="2025-05-01T21:13:32.2459967-04:00">
        <Text>2025-05-02T01:13:32.245Z pw:api waiting for Locator("div[id='main-nav-tab'] a[id*='ember'][class$='nav-link'], div[id='main-nav-tab']  a[id*='ember'][class$='nav-link ']").Nth(6)</Text>
      </RunInfo>
      <RunInfo computerName="DESKTOP-RSFFHJT" outcome="Warning" timestamp="2025-05-01T21:13:32.2509138-04:00">
        <Text>2025-05-02T01:13:32.249Z pw:api   locator resolved to &lt;a id="ember108" href="#/contacts" class="ember-view nav-link"&gt;ΓÇª&lt;/a&gt;</Text>
      </RunInfo>
      <RunInfo computerName="DESKTOP-RSFFHJT" outcome="Warning" timestamp="2025-05-01T21:13:32.2514425-04:00">
        <Text>2025-05-02T01:13:32.250Z pw:api waiting for Locator("div[id='main-nav-tab'] a[id*='ember'][class$='nav-link'], div[id='main-nav-tab']  a[id*='ember'][class$='nav-link ']").Nth(7)</Text>
      </RunInfo>
      <RunInfo computerName="DESKTOP-RSFFHJT" outcome="Warning" timestamp="2025-05-01T21:13:32.2530702-04:00">
        <Text>2025-05-02T01:13:32.252Z pw:api   locator resolved to &lt;a id="ember114" href="#/salesorders" class="ember-view nav-link"&gt;ΓÇª&lt;/a&gt;</Text>
      </RunInfo>
      <RunInfo computerName="DESKTOP-RSFFHJT" outcome="Warning" timestamp="2025-05-01T21:13:32.2539348-04:00">
        <Text>2025-05-02T01:13:32.252Z pw:api waiting for Locator("div[id='main-nav-tab'] a[id*='ember'][class$='nav-link'], div[id='main-nav-tab']  a[id*='ember'][class$='nav-link ']").Nth(8)</Text>
      </RunInfo>
      <RunInfo computerName="DESKTOP-RSFFHJT" outcome="Warning" timestamp="2025-05-01T21:13:32.2559054-04:00">
        <Text>2025-05-02T01:13:32.254Z pw:api   locator resolved to &lt;a id="ember121" href="#/packages" class="ember-view nav-link"&gt;ΓÇª&lt;/a&gt;</Text>
      </RunInfo>
      <RunInfo computerName="DESKTOP-RSFFHJT" outcome="Warning" timestamp="2025-05-01T21:13:32.2563811-04:00">
        <Text>2025-05-02T01:13:32.255Z pw:api waiting for Locator("div[id='main-nav-tab'] a[id*='ember'][class$='nav-link'], div[id='main-nav-tab']  a[id*='ember'][class$='nav-link ']").Nth(9)</Text>
      </RunInfo>
      <RunInfo computerName="DESKTOP-RSFFHJT" outcome="Warning" timestamp="2025-05-01T21:13:32.2581532-04:00">
        <Text>2025-05-02T01:13:32.257Z pw:api   locator resolved to &lt;a id="ember125" href="#/shipments" class="ember-view nav-link"&gt;ΓÇª&lt;/a&gt;</Text>
      </RunInfo>
      <RunInfo computerName="DESKTOP-RSFFHJT" outcome="Warning" timestamp="2025-05-01T21:13:32.2588221-04:00">
        <Text>2025-05-02T01:13:32.257Z pw:api waiting for Locator("div[id='main-nav-tab'] a[id*='ember'][class$='nav-link'], div[id='main-nav-tab']  a[id*='ember'][class$='nav-link ']").Nth(10)</Text>
      </RunInfo>
      <RunInfo computerName="DESKTOP-RSFFHJT" outcome="Warning" timestamp="2025-05-01T21:13:32.2603523-04:00">
        <Text>2025-05-02T01:13:32.259Z pw:api   locator resolved to &lt;a id="ember129" href="#/invoices" class="ember-view nav-link"&gt;ΓÇª&lt;/a&gt;</Text>
      </RunInfo>
      <RunInfo computerName="DESKTOP-RSFFHJT" outcome="Warning" timestamp="2025-05-01T21:13:32.2608807-04:00">
        <Text>2025-05-02T01:13:32.259Z pw:api waiting for Locator("div[id='main-nav-tab'] a[id*='ember'][class$='nav-link'], div[id='main-nav-tab']  a[id*='ember'][class$='nav-link ']").Nth(11)</Text>
      </RunInfo>
      <RunInfo computerName="DESKTOP-RSFFHJT" outcome="Warning" timestamp="2025-05-01T21:13:32.2625338-04:00">
        <Text>2025-05-02T01:13:32.261Z pw:api   locator resolved to &lt;a id="ember134" href="#/paymentsreceived" class="ember-view nav-link"&gt;ΓÇª&lt;/a&gt;</Text>
      </RunInfo>
      <RunInfo computerName="DESKTOP-RSFFHJT" outcome="Warning" timestamp="2025-05-01T21:13:32.2632251-04:00">
        <Text>2025-05-02T01:13:32.262Z pw:api waiting for Locator("div[id='main-nav-tab'] a[id*='ember'][class$='nav-link'], div[id='main-nav-tab']  a[id*='ember'][class$='nav-link ']").Nth(12)</Text>
      </RunInfo>
      <RunInfo computerName="DESKTOP-RSFFHJT" outcome="Warning" timestamp="2025-05-01T21:13:32.2677897-04:00">
        <Text>2025-05-02T01:13:32.266Z pw:api   locator resolved to &lt;a id="ember140" href="#/salesreturns" class="ember-view nav-link"&gt;ΓÇª&lt;/a&gt;</Text>
      </RunInfo>
      <RunInfo computerName="DESKTOP-RSFFHJT" outcome="Warning" timestamp="2025-05-01T21:13:32.2682786-04:00">
        <Text>2025-05-02T01:13:32.267Z pw:api waiting for Locator("div[id='main-nav-tab'] a[id*='ember'][class$='nav-link'], div[id='main-nav-tab']  a[id*='ember'][class$='nav-link ']").Nth(13)</Text>
      </RunInfo>
      <RunInfo computerName="DESKTOP-RSFFHJT" outcome="Warning" timestamp="2025-05-01T21:13:32.2700115-04:00">
        <Text>2025-05-02T01:13:32.268Z pw:api   locator resolved to &lt;a id="ember143" href="#/creditnotes" class="ember-view nav-link"&gt;ΓÇª&lt;/a&gt;</Text>
      </RunInfo>
      <RunInfo computerName="DESKTOP-RSFFHJT" outcome="Warning" timestamp="2025-05-01T21:13:32.2707135-04:00">
        <Text>2025-05-02T01:13:32.269Z pw:api waiting for Locator("div[id='main-nav-tab'] a[id*='ember'][class$='nav-link'], div[id='main-nav-tab']  a[id*='ember'][class$='nav-link ']").Nth(14)</Text>
      </RunInfo>
      <RunInfo computerName="DESKTOP-RSFFHJT" outcome="Warning" timestamp="2025-05-01T21:13:32.2731017-04:00">
        <Text>2025-05-02T01:13:32.272Z pw:api   locator resolved to &lt;a id="ember147" class="collapsed ember-view nav-link "&gt;ΓÇª&lt;/a&gt;</Text>
      </RunInfo>
      <RunInfo computerName="DESKTOP-RSFFHJT" outcome="Warning" timestamp="2025-05-01T21:13:32.2737047-04:00">
        <Text>2025-05-02T01:13:32.272Z pw:api waiting for Locator("div[id='main-nav-tab'] a[id*='ember'][class$='nav-link'], div[id='main-nav-tab']  a[id*='ember'][class$='nav-link ']").Nth(15)</Text>
      </RunInfo>
      <RunInfo computerName="DESKTOP-RSFFHJT" outcome="Warning" timestamp="2025-05-01T21:13:32.2753837-04:00">
        <Text>2025-05-02T01:13:32.274Z pw:api   locator resolved to &lt;a id="ember151" href="#/vendors" class="ember-view nav-link"&gt;ΓÇª&lt;/a&gt;</Text>
      </RunInfo>
      <RunInfo computerName="DESKTOP-RSFFHJT" outcome="Warning" timestamp="2025-05-01T21:13:32.2759479-04:00">
        <Text>2025-05-02T01:13:32.274Z pw:api waiting for Locator("div[id='main-nav-tab'] a[id*='ember'][class$='nav-link'], div[id='main-nav-tab']  a[id*='ember'][class$='nav-link ']").Nth(16)</Text>
      </RunInfo>
      <RunInfo computerName="DESKTOP-RSFFHJT" outcome="Warning" timestamp="2025-05-01T21:13:32.2775572-04:00">
        <Text>2025-05-02T01:13:32.276Z pw:api   locator resolved to &lt;a id="ember155" href="#/expenses" class="ember-view nav-link"&gt;ΓÇª&lt;/a&gt;</Text>
      </RunInfo>
      <RunInfo computerName="DESKTOP-RSFFHJT" outcome="Warning" timestamp="2025-05-01T21:13:32.2780864-04:00">
        <Text>2025-05-02T01:13:32.277Z pw:api waiting for Locator("div[id='main-nav-tab'] a[id*='ember'][class$='nav-link'], div[id='main-nav-tab']  a[id*='ember'][class$='nav-link ']").Nth(17)</Text>
      </RunInfo>
      <RunInfo computerName="DESKTOP-RSFFHJT" outcome="Warning" timestamp="2025-05-01T21:13:32.2799005-04:00">
        <Text>2025-05-02T01:13:32.278Z pw:api   locator resolved to &lt;a id="ember159" href="#/purchaseorders" class="ember-view nav-link"&gt;ΓÇª&lt;/a&gt;</Text>
      </RunInfo>
      <RunInfo computerName="DESKTOP-RSFFHJT" outcome="Warning" timestamp="2025-05-01T21:13:32.2807205-04:00">
        <Text>2025-05-02T01:13:32.279Z pw:api waiting for Locator("div[id='main-nav-tab'] a[id*='ember'][class$='nav-link'], div[id='main-nav-tab']  a[id*='ember'][class$='nav-link ']").Nth(18)</Text>
      </RunInfo>
      <RunInfo computerName="DESKTOP-RSFFHJT" outcome="Warning" timestamp="2025-05-01T21:13:32.2844061-04:00">
        <Text>2025-05-02T01:13:32.283Z pw:api   locator resolved to &lt;a id="ember163" href="#/purchasereceives" class="ember-view nav-link"&gt;ΓÇª&lt;/a&gt;</Text>
      </RunInfo>
      <RunInfo computerName="DESKTOP-RSFFHJT" outcome="Warning" timestamp="2025-05-01T21:13:32.2849867-04:00">
        <Text>2025-05-02T01:13:32.284Z pw:api waiting for Locator("div[id='main-nav-tab'] a[id*='ember'][class$='nav-link'], div[id='main-nav-tab']  a[id*='ember'][class$='nav-link ']").Nth(19)</Text>
      </RunInfo>
      <RunInfo computerName="DESKTOP-RSFFHJT" outcome="Warning" timestamp="2025-05-01T21:13:32.2866074-04:00">
        <Text>2025-05-02T01:13:32.285Z pw:api   locator resolved to &lt;a id="ember168" href="#/bills" class="ember-view nav-link"&gt;ΓÇª&lt;/a&gt;</Text>
      </RunInfo>
      <RunInfo computerName="DESKTOP-RSFFHJT" outcome="Warning" timestamp="2025-05-01T21:13:32.2872180-04:00">
        <Text>2025-05-02T01:13:32.286Z pw:api waiting for Locator("div[id='main-nav-tab'] a[id*='ember'][class$='nav-link'], div[id='main-nav-tab']  a[id*='ember'][class$='nav-link ']").Nth(20)</Text>
      </RunInfo>
      <RunInfo computerName="DESKTOP-RSFFHJT" outcome="Warning" timestamp="2025-05-01T21:13:32.2887382-04:00">
        <Text>2025-05-02T01:13:32.287Z pw:api   locator resolved to &lt;a id="ember172" href="#/paymentsmade" class="ember-view nav-link"&gt;ΓÇª&lt;/a&gt;</Text>
      </RunInfo>
      <RunInfo computerName="DESKTOP-RSFFHJT" outcome="Warning" timestamp="2025-05-01T21:13:32.2892219-04:00">
        <Text>2025-05-02T01:13:32.288Z pw:api waiting for Locator("div[id='main-nav-tab'] a[id*='ember'][class$='nav-link'], div[id='main-nav-tab']  a[id*='ember'][class$='nav-link ']").Nth(21)</Text>
      </RunInfo>
      <RunInfo computerName="DESKTOP-RSFFHJT" outcome="Warning" timestamp="2025-05-01T21:13:32.2908040-04:00">
        <Text>2025-05-02T01:13:32.289Z pw:api   locator resolved to &lt;a id="ember177" href="#/vendorcredits" class="ember-view nav-link"&gt;ΓÇª&lt;/a&gt;</Text>
      </RunInfo>
      <RunInfo computerName="DESKTOP-RSFFHJT" outcome="Warning" timestamp="2025-05-01T21:13:32.2914598-04:00">
        <Text>2025-05-02T01:13:32.290Z pw:api waiting for Locator("div[id='main-nav-tab'] a[id*='ember'][class$='nav-link'], div[id='main-nav-tab']  a[id*='ember'][class$='nav-link ']").Nth(22)</Text>
      </RunInfo>
      <RunInfo computerName="DESKTOP-RSFFHJT" outcome="Warning" timestamp="2025-05-01T21:13:32.2931087-04:00">
        <Text>2025-05-02T01:13:32.292Z pw:api   locator resolved to &lt;a id="ember181" class="ember-view nav-link" href="#/settings/integrations"&gt;ΓÇª&lt;/a&gt;</Text>
      </RunInfo>
      <RunInfo computerName="DESKTOP-RSFFHJT" outcome="Warning" timestamp="2025-05-01T21:13:32.2955212-04:00">
        <Text>2025-05-02T01:13:32.292Z pw:api waiting for Locator("div[id='main-nav-tab'] a[id*='ember'][class$='nav-link'], div[id='main-nav-tab']  a[id*='ember'][class$='nav-link ']").Nth(23)</Text>
      </RunInfo>
      <RunInfo computerName="DESKTOP-RSFFHJT" outcome="Warning" timestamp="2025-05-01T21:13:32.2955412-04:00">
        <Text>2025-05-02T01:13:32.294Z pw:api   locator resolved to &lt;a id="ember184" href="#/reports" class="ember-view nav-link"&gt;ΓÇª&lt;/a&gt;</Text>
      </RunInfo>
      <RunInfo computerName="DESKTOP-RSFFHJT" outcome="Warning" timestamp="2025-05-01T21:13:32.2962152-04:00">
        <Text>2025-05-02T01:13:32.295Z pw:api waiting for Locator("div[id='main-nav-tab'] a[id*='ember'][class$='nav-link'], div[id='main-nav-tab']  a[id*='ember'][class$='nav-link ']").Nth(24)</Text>
      </RunInfo>
      <RunInfo computerName="DESKTOP-RSFFHJT" outcome="Warning" timestamp="2025-05-01T21:13:32.3011728-04:00">
        <Text>2025-05-02T01:13:32.300Z pw:api   locator resolved to &lt;a id="ember187" href="#/documents/inbox" class="ember-view nav-link"&gt;ΓÇª&lt;/a&gt;</Text>
      </RunInfo>
      <RunInfo computerName="DESKTOP-RSFFHJT" outcome="Warning" timestamp="2025-05-01T21:13:32.3018199-04:00">
        <Text>2025-05-02T01:13:32.300Z pw:api waiting for Locator("div[id='main-nav-tab'] a[id*='ember'][class$='nav-link'], div[id='main-nav-tab']  a[id*='ember'][class$='nav-link ']").Nth(4)</Text>
      </RunInfo>
      <RunInfo computerName="DESKTOP-RSFFHJT" outcome="Warning" timestamp="2025-05-01T21:13:32.3039777-04:00">
        <Text>2025-05-02T01:13:32.303Z pw:api   locator resolved to &lt;a id="ember97" class="ember-view nav-link" href="#/inventory/adjustments"&gt;ΓÇª&lt;/a&gt;</Text>
      </RunInfo>
      <RunInfo computerName="DESKTOP-RSFFHJT" outcome="Warning" timestamp="2025-05-01T21:13:32.3044705-04:00">
        <Text>2025-05-02T01:13:32.303Z pw:api attempting click action</Text>
      </RunInfo>
      <RunInfo computerName="DESKTOP-RSFFHJT" outcome="Warning" timestamp="2025-05-01T21:13:32.3044977-04:00">
        <Text>2025-05-02T01:13:32.303Z pw:api   waiting for element to be visible, enabled and stable</Text>
      </RunInfo>
      <RunInfo computerName="DESKTOP-RSFFHJT" outcome="Warning" timestamp="2025-05-01T21:13:32.3318976-04:00">
        <Text>2025-05-02T01:13:32.330Z pw:api   element is visible, enabled and stable</Text>
      </RunInfo>
      <RunInfo computerName="DESKTOP-RSFFHJT" outcome="Warning" timestamp="2025-05-01T21:13:32.3319041-04:00">
        <Text>2025-05-02T01:13:32.330Z pw:api   scrolling into view if needed</Text>
      </RunInfo>
      <RunInfo computerName="DESKTOP-RSFFHJT" outcome="Warning" timestamp="2025-05-01T21:13:32.3327838-04:00">
        <Text>2025-05-02T01:13:32.331Z pw:api   done scrolling</Text>
      </RunInfo>
      <RunInfo computerName="DESKTOP-RSFFHJT" outcome="Warning" timestamp="2025-05-01T21:13:32.3347036-04:00">
        <Text>2025-05-02T01:13:32.333Z pw:api   performing click action</Text>
      </RunInfo>
      <RunInfo computerName="DESKTOP-RSFFHJT" outcome="Warning" timestamp="2025-05-01T21:13:32.3561486-04:00">
        <Text>2025-05-02T01:13:32.355Z pw:api   click action done</Text>
      </RunInfo>
      <RunInfo computerName="DESKTOP-RSFFHJT" outcome="Warning" timestamp="2025-05-01T21:13:32.3561554-04:00">
        <Text>2025-05-02T01:13:32.355Z pw:api   waiting for scheduled navigations to finish</Text>
      </RunInfo>
      <RunInfo computerName="DESKTOP-RSFFHJT" outcome="Warning" timestamp="2025-05-01T21:13:32.3561653-04:00">
        <Text>2025-05-02T01:13:32.355Z pw:api   navigations have finished</Text>
      </RunInfo>
      <RunInfo computerName="DESKTOP-RSFFHJT" outcome="Warning" timestamp="2025-05-01T21:13:32.3586184-04:00">
        <Text>2025-05-02T01:13:32.357Z pw:api waiting for Locator("table[id='vertically-scrolled-table']") to be visible</Text>
      </RunInfo>
      <RunInfo computerName="DESKTOP-RSFFHJT" outcome="Warning" timestamp="2025-05-01T21:13:32.6585294-04:00">
        <Text>2025-05-02T01:13:32.657Z pw:api   "networkidle" event fired</Text>
      </RunInfo>
      <RunInfo computerName="DESKTOP-RSFFHJT" outcome="Warning" timestamp="2025-05-01T21:13:32.7710234-04:00">
        <Text>2025-05-02T01:13:32.769Z pw:api   navigated to "https://www.zoho.com/ca/inventory/inventory-software-demo/#/inventory/adjustments?filter_by=AdjustmentDate.All%2CAdjustmentType.All&amp;per_page=50"</Text>
      </RunInfo>
      <RunInfo computerName="DESKTOP-RSFFHJT" outcome="Warning" timestamp="2025-05-01T21:13:33.1848260-04:00">
        <Text>2025-05-02T01:13:33.183Z pw:api   locator resolved to visible &lt;table id="vertically-scrolled-table" class="table zi-table table-hover    "&gt;ΓÇª&lt;/table&gt;</Text>
      </RunInfo>
      <RunInfo computerName="DESKTOP-RSFFHJT" outcome="Warning" timestamp="2025-05-01T21:13:33.1878365-04:00">
        <Text>2025-05-02T01:13:33.186Z pw:api waiting for Locator("table[id='vertically-scrolled-table']").Locator("tbody tr").First.Locator("td:nth-child(2)")</Text>
      </RunInfo>
      <RunInfo computerName="DESKTOP-RSFFHJT" outcome="Warning" timestamp="2025-05-01T21:13:33.1891375-04:00">
        <Text>2025-05-02T01:13:33.188Z pw:api   locator resolved to &lt;td&gt;21 Aug 2024&lt;/td&gt;</Text>
      </RunInfo>
      <RunInfo computerName="DESKTOP-RSFFHJT" outcome="Warning" timestamp="2025-05-01T21:13:33.1895615-04:00">
        <Text>2025-05-02T01:13:33.188Z pw:api waiting for Locator("table[id='vertically-scrolled-table']").Locator("tbody tr").First.Locator("td:nth-child(3)")</Text>
      </RunInfo>
      <RunInfo computerName="DESKTOP-RSFFHJT" outcome="Warning" timestamp="2025-05-01T21:13:33.1907242-04:00">
        <Text>2025-05-02T01:13:33.189Z pw:api   locator resolved to &lt;td&gt;ΓÇª&lt;/td&gt;</Text>
      </RunInfo>
      <RunInfo computerName="DESKTOP-RSFFHJT" outcome="Warning" timestamp="2025-05-01T21:13:33.1911249-04:00">
        <Text>2025-05-02T01:13:33.190Z pw:api waiting for Locator("table[id='vertically-scrolled-table']").Locator("tbody tr").First.Locator("td:nth-child(4)")</Text>
      </RunInfo>
      <RunInfo computerName="DESKTOP-RSFFHJT" outcome="Warning" timestamp="2025-05-01T21:13:33.1924141-04:00">
        <Text>2025-05-02T01:13:33.191Z pw:api   locator resolved to &lt;td class="text-uppercase font-small"&gt;ΓÇª&lt;/td&gt;</Text>
      </RunInfo>
      <RunInfo computerName="DESKTOP-RSFFHJT" outcome="Warning" timestamp="2025-05-01T21:13:33.1928772-04:00">
        <Text>2025-05-02T01:13:33.191Z pw:api waiting for Locator("table[id='vertically-scrolled-table']").Locator("tbody tr").First.Locator("td:nth-child(5)")</Text>
      </RunInfo>
      <RunInfo computerName="DESKTOP-RSFFHJT" outcome="Warning" timestamp="2025-05-01T21:13:33.1941924-04:00">
        <Text>2025-05-02T01:13:33.193Z pw:api   locator resolved to &lt;td&gt;ADJ-0&lt;/td&gt;</Text>
      </RunInfo>
      <RunInfo computerName="DESKTOP-RSFFHJT" outcome="Warning" timestamp="2025-05-01T21:13:33.1946296-04:00">
        <Text>2025-05-02T01:13:33.193Z pw:api waiting for Locator("table[id='vertically-scrolled-table']").Locator("tbody tr").First.Locator("td:nth-child(6)")</Text>
      </RunInfo>
      <RunInfo computerName="DESKTOP-RSFFHJT" outcome="Warning" timestamp="2025-05-01T21:13:33.1959617-04:00">
        <Text>2025-05-02T01:13:33.194Z pw:api   locator resolved to &lt;td&gt;quantity&lt;/td&gt;</Text>
      </RunInfo>
      <RunInfo computerName="DESKTOP-RSFFHJT" outcome="Warning" timestamp="2025-05-01T21:13:33.1963357-04:00">
        <Text>2025-05-02T01:13:33.195Z pw:api waiting for Locator("table[id='vertically-scrolled-table']").Locator("tbody tr").First.Locator("td:nth-child(7)")</Text>
      </RunInfo>
      <RunInfo computerName="DESKTOP-RSFFHJT" outcome="Warning" timestamp="2025-05-01T21:13:33.1978353-04:00">
        <Text>2025-05-02T01:13:33.196Z pw:api   locator resolved to &lt;td&gt;demouser&lt;/td&gt;</Text>
      </RunInfo>
      <RunInfo computerName="DESKTOP-RSFFHJT" outcome="Warning" timestamp="2025-05-01T21:13:33.1982708-04:00">
        <Text>2025-05-02T01:13:33.197Z pw:api waiting for Locator("table[id='vertically-scrolled-table']").Locator("tbody tr").First.Locator("td:nth-child(8)")</Text>
      </RunInfo>
      <RunInfo computerName="DESKTOP-RSFFHJT" outcome="Warning" timestamp="2025-05-01T21:13:33.1995074-04:00">
        <Text>2025-05-02T01:13:33.198Z pw:api   locator resolved to &lt;td&gt;&lt;/td&gt;</Text>
      </RunInfo>
      <RunInfo computerName="DESKTOP-RSFFHJT" outcome="Warning" timestamp="2025-05-01T21:13:33.2000632-04:00">
        <Text>2025-05-02T01:13:33.199Z pw:api waiting for Locator("table[id='vertically-scrolled-table']").Locator("tbody tr").First.Locator("td:nth-child(9)")</Text>
      </RunInfo>
      <RunInfo computerName="DESKTOP-RSFFHJT" outcome="Warning" timestamp="2025-05-01T21:13:33.2013089-04:00">
        <Text>2025-05-02T01:13:33.200Z pw:api   locator resolved to &lt;td&gt;&lt;/td&gt;</Text>
      </RunInfo>
      <RunInfo computerName="DESKTOP-RSFFHJT" outcome="Warning" timestamp="2025-05-01T21:13:33.2016685-04:00">
        <Text>2025-05-02T01:13:33.200Z pw:api waiting for Locator("table[id='vertically-scrolled-table']").Locator("tbody tr").First.Locator("td:nth-child(10)")</Text>
      </RunInfo>
      <RunInfo computerName="DESKTOP-RSFFHJT" outcome="Warning" timestamp="2025-05-01T21:13:33.2027231-04:00">
        <Text>2025-05-02T01:13:33.201Z pw:api   locator resolved to &lt;td&gt;&lt;/td&gt;</Text>
      </RunInfo>
      <RunInfo computerName="DESKTOP-RSFFHJT" outcome="Warning" timestamp="2025-05-01T21:13:33.2033652-04:00">
        <Text>2025-05-02T01:13:33.202Z pw:api waiting for Locator("table[id='vertically-scrolled-table']").Locator("tbody tr").Nth(1).Locator("td:nth-child(2)")</Text>
      </RunInfo>
      <RunInfo computerName="DESKTOP-RSFFHJT" outcome="Warning" timestamp="2025-05-01T21:13:33.2044636-04:00">
        <Text>2025-05-02T01:13:33.203Z pw:api   locator resolved to &lt;td&gt;21 Aug 2024&lt;/td&gt;</Text>
      </RunInfo>
      <RunInfo computerName="DESKTOP-RSFFHJT" outcome="Warning" timestamp="2025-05-01T21:13:33.2049476-04:00">
        <Text>2025-05-02T01:13:33.204Z pw:api waiting for Locator("table[id='vertically-scrolled-table']").Locator("tbody tr").Nth(1).Locator("td:nth-child(3)")</Text>
      </RunInfo>
      <RunInfo computerName="DESKTOP-RSFFHJT" outcome="Warning" timestamp="2025-05-01T21:13:33.2060679-04:00">
        <Text>2025-05-02T01:13:33.205Z pw:api   locator resolved to &lt;td&gt;ΓÇª&lt;/td&gt;</Text>
      </RunInfo>
      <RunInfo computerName="DESKTOP-RSFFHJT" outcome="Warning" timestamp="2025-05-01T21:13:33.2065084-04:00">
        <Text>2025-05-02T01:13:33.205Z pw:api waiting for Locator("table[id='vertically-scrolled-table']").Locator("tbody tr").Nth(1).Locator("td:nth-child(4)")</Text>
      </RunInfo>
      <RunInfo computerName="DESKTOP-RSFFHJT" outcome="Warning" timestamp="2025-05-01T21:13:33.2076417-04:00">
        <Text>2025-05-02T01:13:33.206Z pw:api   locator resolved to &lt;td class="text-uppercase font-small"&gt;ΓÇª&lt;/td&gt;</Text>
      </RunInfo>
      <RunInfo computerName="DESKTOP-RSFFHJT" outcome="Warning" timestamp="2025-05-01T21:13:33.2081015-04:00">
        <Text>2025-05-02T01:13:33.207Z pw:api waiting for Locator("table[id='vertically-scrolled-table']").Locator("tbody tr").Nth(1).Locator("td:nth-child(5)")</Text>
      </RunInfo>
      <RunInfo computerName="DESKTOP-RSFFHJT" outcome="Warning" timestamp="2025-05-01T21:13:33.2097628-04:00">
        <Text>2025-05-02T01:13:33.208Z pw:api   locator resolved to &lt;td&gt;ADJ-1&lt;/td&gt;</Text>
      </RunInfo>
      <RunInfo computerName="DESKTOP-RSFFHJT" outcome="Warning" timestamp="2025-05-01T21:13:33.2101186-04:00">
        <Text>2025-05-02T01:13:33.209Z pw:api waiting for Locator("table[id='vertically-scrolled-table']").Locator("tbody tr").Nth(1).Locator("td:nth-child(6)")</Text>
      </RunInfo>
      <RunInfo computerName="DESKTOP-RSFFHJT" outcome="Warning" timestamp="2025-05-01T21:13:33.2113134-04:00">
        <Text>2025-05-02T01:13:33.210Z pw:api   locator resolved to &lt;td&gt;quantity&lt;/td&gt;</Text>
      </RunInfo>
      <RunInfo computerName="DESKTOP-RSFFHJT" outcome="Warning" timestamp="2025-05-01T21:13:33.2117395-04:00">
        <Text>2025-05-02T01:13:33.210Z pw:api waiting for Locator("table[id='vertically-scrolled-table']").Locator("tbody tr").Nth(1).Locator("td:nth-child(7)")</Text>
      </RunInfo>
      <RunInfo computerName="DESKTOP-RSFFHJT" outcome="Warning" timestamp="2025-05-01T21:13:33.2128829-04:00">
        <Text>2025-05-02T01:13:33.211Z pw:api   locator resolved to &lt;td&gt;demouser&lt;/td&gt;</Text>
      </RunInfo>
      <RunInfo computerName="DESKTOP-RSFFHJT" outcome="Warning" timestamp="2025-05-01T21:13:33.2135896-04:00">
        <Text>2025-05-02T01:13:33.212Z pw:api waiting for Locator("table[id='vertically-scrolled-table']").Locator("tbody tr").Nth(1).Locator("td:nth-child(8)")</Text>
      </RunInfo>
      <RunInfo computerName="DESKTOP-RSFFHJT" outcome="Warning" timestamp="2025-05-01T21:13:33.2151247-04:00">
        <Text>2025-05-02T01:13:33.214Z pw:api   locator resolved to &lt;td&gt;&lt;/td&gt;</Text>
      </RunInfo>
      <RunInfo computerName="DESKTOP-RSFFHJT" outcome="Warning" timestamp="2025-05-01T21:13:33.2156179-04:00">
        <Text>2025-05-02T01:13:33.214Z pw:api waiting for Locator("table[id='vertically-scrolled-table']").Locator("tbody tr").Nth(1).Locator("td:nth-child(9)")</Text>
      </RunInfo>
      <RunInfo computerName="DESKTOP-RSFFHJT" outcome="Warning" timestamp="2025-05-01T21:13:33.2169715-04:00">
        <Text>2025-05-02T01:13:33.216Z pw:api   locator resolved to &lt;td&gt;&lt;/td&gt;</Text>
      </RunInfo>
      <RunInfo computerName="DESKTOP-RSFFHJT" outcome="Warning" timestamp="2025-05-01T21:13:33.2174162-04:00">
        <Text>2025-05-02T01:13:33.216Z pw:api waiting for Locator("table[id='vertically-scrolled-table']").Locator("tbody tr").Nth(1).Locator("td:nth-child(10)")</Text>
      </RunInfo>
      <RunInfo computerName="DESKTOP-RSFFHJT" outcome="Warning" timestamp="2025-05-01T21:13:33.2186062-04:00">
        <Text>2025-05-02T01:13:33.217Z pw:api   locator resolved to &lt;td&gt;&lt;/td&gt;</Text>
      </RunInfo>
      <RunInfo computerName="DESKTOP-RSFFHJT" outcome="Warning" timestamp="2025-05-01T21:13:33.2190906-04:00">
        <Text>2025-05-02T01:13:33.218Z pw:api waiting for Locator("table[id='vertically-scrolled-table']").Locator("tbody tr").Nth(2).Locator("td:nth-child(2)")</Text>
      </RunInfo>
      <RunInfo computerName="DESKTOP-RSFFHJT" outcome="Warning" timestamp="2025-05-01T21:13:33.2201642-04:00">
        <Text>2025-05-02T01:13:33.219Z pw:api   locator resolved to &lt;td&gt;21 Aug 2024&lt;/td&gt;</Text>
      </RunInfo>
      <RunInfo computerName="DESKTOP-RSFFHJT" outcome="Warning" timestamp="2025-05-01T21:13:33.2205882-04:00">
        <Text>2025-05-02T01:13:33.219Z pw:api waiting for Locator("table[id='vertically-scrolled-table']").Locator("tbody tr").Nth(2).Locator("td:nth-child(3)")</Text>
      </RunInfo>
      <RunInfo computerName="DESKTOP-RSFFHJT" outcome="Warning" timestamp="2025-05-01T21:13:33.2219188-04:00">
        <Text>2025-05-02T01:13:33.221Z pw:api   locator resolved to &lt;td&gt;ΓÇª&lt;/td&gt;</Text>
      </RunInfo>
      <RunInfo computerName="DESKTOP-RSFFHJT" outcome="Warning" timestamp="2025-05-01T21:13:33.2236505-04:00">
        <Text>2025-05-02T01:13:33.221Z pw:api waiting for Locator("table[id='vertically-scrolled-table']").Locator("tbody tr").Nth(2).Locator("td:nth-child(4)")</Text>
      </RunInfo>
      <RunInfo computerName="DESKTOP-RSFFHJT" outcome="Warning" timestamp="2025-05-01T21:13:33.2237098-04:00">
        <Text>2025-05-02T01:13:33.222Z pw:api   locator resolved to &lt;td class="text-uppercase font-small"&gt;ΓÇª&lt;/td&gt;</Text>
      </RunInfo>
      <RunInfo computerName="DESKTOP-RSFFHJT" outcome="Warning" timestamp="2025-05-01T21:13:33.2239962-04:00">
        <Text>2025-05-02T01:13:33.223Z pw:api waiting for Locator("table[id='vertically-scrolled-table']").Locator("tbody tr").Nth(2).Locator("td:nth-child(5)")</Text>
      </RunInfo>
      <RunInfo computerName="DESKTOP-RSFFHJT" outcome="Warning" timestamp="2025-05-01T21:13:33.2251859-04:00">
        <Text>2025-05-02T01:13:33.224Z pw:api   locator resolved to &lt;td&gt;ADJ-2&lt;/td&gt;</Text>
      </RunInfo>
      <RunInfo computerName="DESKTOP-RSFFHJT" outcome="Warning" timestamp="2025-05-01T21:13:33.2255483-04:00">
        <Text>2025-05-02T01:13:33.224Z pw:api waiting for Locator("table[id='vertically-scrolled-table']").Locator("tbody tr").Nth(2).Locator("td:nth-child(6)")</Text>
      </RunInfo>
      <RunInfo computerName="DESKTOP-RSFFHJT" outcome="Warning" timestamp="2025-05-01T21:13:33.2267732-04:00">
        <Text>2025-05-02T01:13:33.225Z pw:api   locator resolved to &lt;td&gt;quantity&lt;/td&gt;</Text>
      </RunInfo>
      <RunInfo computerName="DESKTOP-RSFFHJT" outcome="Warning" timestamp="2025-05-01T21:13:33.2270892-04:00">
        <Text>2025-05-02T01:13:33.226Z pw:api waiting for Locator("table[id='vertically-scrolled-table']").Locator("tbody tr").Nth(2).Locator("td:nth-child(7)")</Text>
      </RunInfo>
      <RunInfo computerName="DESKTOP-RSFFHJT" outcome="Warning" timestamp="2025-05-01T21:13:33.2284510-04:00">
        <Text>2025-05-02T01:13:33.227Z pw:api   locator resolved to &lt;td&gt;demouser&lt;/td&gt;</Text>
      </RunInfo>
      <RunInfo computerName="DESKTOP-RSFFHJT" outcome="Warning" timestamp="2025-05-01T21:13:33.2289845-04:00">
        <Text>2025-05-02T01:13:33.228Z pw:api waiting for Locator("table[id='vertically-scrolled-table']").Locator("tbody tr").Nth(2).Locator("td:nth-child(8)")</Text>
      </RunInfo>
      <RunInfo computerName="DESKTOP-RSFFHJT" outcome="Warning" timestamp="2025-05-01T21:13:33.2304550-04:00">
        <Text>2025-05-02T01:13:33.229Z pw:api   locator resolved to &lt;td&gt;&lt;/td&gt;</Text>
      </RunInfo>
      <RunInfo computerName="DESKTOP-RSFFHJT" outcome="Warning" timestamp="2025-05-01T21:13:33.2312112-04:00">
        <Text>2025-05-02T01:13:33.230Z pw:api waiting for Locator("table[id='vertically-scrolled-table']").Locator("tbody tr").Nth(2).Locator("td:nth-child(9)")</Text>
      </RunInfo>
      <RunInfo computerName="DESKTOP-RSFFHJT" outcome="Warning" timestamp="2025-05-01T21:13:33.2324197-04:00">
        <Text>2025-05-02T01:13:33.231Z pw:api   locator resolved to &lt;td&gt;&lt;/td&gt;</Text>
      </RunInfo>
      <RunInfo computerName="DESKTOP-RSFFHJT" outcome="Warning" timestamp="2025-05-01T21:13:33.2330036-04:00">
        <Text>2025-05-02T01:13:33.232Z pw:api waiting for Locator("table[id='vertically-scrolled-table']").Locator("tbody tr").Nth(2).Locator("td:nth-child(10)")</Text>
      </RunInfo>
      <RunInfo computerName="DESKTOP-RSFFHJT" outcome="Warning" timestamp="2025-05-01T21:13:33.2340425-04:00">
        <Text>2025-05-02T01:13:33.233Z pw:api   locator resolved to &lt;td&gt;&lt;/td&gt;</Text>
      </RunInfo>
      <RunInfo computerName="DESKTOP-RSFFHJT" outcome="Warning" timestamp="2025-05-01T21:13:33.3179564-04:00">
        <Text>2025-05-02T01:13:33.316Z pw:api navigating to "https://www.zoho.com/ca/inventory/inventory-software-demo/#/home/inventory-dashboard", waiting until "load"</Text>
      </RunInfo>
      <RunInfo computerName="DESKTOP-RSFFHJT" outcome="Warning" timestamp="2025-05-01T21:13:33.6044461-04:00">
        <Text>2025-05-02T01:13:33.603Z pw:api   "commit" event fired</Text>
      </RunInfo>
      <RunInfo computerName="DESKTOP-RSFFHJT" outcome="Warning" timestamp="2025-05-01T21:13:33.6044540-04:00">
        <Text>2025-05-02T01:13:33.603Z pw:api   navigated to "https://www.zoho.com/ca/inventory/inventory-software-demo/#/home/inventory-dashboard"</Text>
      </RunInfo>
      <RunInfo computerName="DESKTOP-RSFFHJT" outcome="Warning" timestamp="2025-05-01T21:13:35.7654196-04:00">
        <Text>2025-05-02T01:13:35.764Z pw:api   "networkidle" event fired</Text>
      </RunInfo>
      <RunInfo computerName="DESKTOP-RSFFHJT" outcome="Warning" timestamp="2025-05-01T21:13:36.1812979-04:00">
        <Text>2025-05-02T01:13:36.179Z pw:api   "domcontentloaded" event fired</Text>
      </RunInfo>
      <RunInfo computerName="DESKTOP-RSFFHJT" outcome="Warning" timestamp="2025-05-01T21:13:36.9187074-04:00">
        <Text>2025-05-02T01:13:36.917Z pw:api   "load" event fired</Text>
      </RunInfo>
      <RunInfo computerName="DESKTOP-RSFFHJT" outcome="Warning" timestamp="2025-05-01T21:13:36.9372614-04:00">
        <Text>2025-05-02T01:13:36.936Z pw:api waiting for Locator("div[id='main-nav-tab'] a[id*='ember'][class$='nav-link'], div[id='main-nav-tab']  a[id*='ember'][class$='nav-link ']").First</Text>
      </RunInfo>
      <RunInfo computerName="DESKTOP-RSFFHJT" outcome="Warning" timestamp="2025-05-01T21:13:36.9395741-04:00">
        <Text>2025-05-02T01:13:36.938Z pw:api   locator resolved to &lt;a id="ember79" href="#/home" class="ember-view active nav-link"&gt;ΓÇª&lt;/a&gt;</Text>
      </RunInfo>
      <RunInfo computerName="DESKTOP-RSFFHJT" outcome="Warning" timestamp="2025-05-01T21:13:36.9403083-04:00">
        <Text>2025-05-02T01:13:36.939Z pw:api waiting for Locator("div[id='main-nav-tab'] a[id*='ember'][class$='nav-link'], div[id='main-nav-tab']  a[id*='ember'][class$='nav-link ']").Nth(1)</Text>
      </RunInfo>
      <RunInfo computerName="DESKTOP-RSFFHJT" outcome="Warning" timestamp="2025-05-01T21:13:36.9422122-04:00">
        <Text>2025-05-02T01:13:36.941Z pw:api   locator resolved to &lt;a id="ember82" class="collapsed ember-view nav-link "&gt;ΓÇª&lt;/a&gt;</Text>
      </RunInfo>
      <RunInfo computerName="DESKTOP-RSFFHJT" outcome="Warning" timestamp="2025-05-01T21:13:36.9426878-04:00">
        <Text>2025-05-02T01:13:36.941Z pw:api waiting for Locator("div[id='main-nav-tab'] a[id*='ember'][class$='nav-link'], div[id='main-nav-tab']  a[id*='ember'][class$='nav-link ']").Nth(2)</Text>
      </RunInfo>
      <RunInfo computerName="DESKTOP-RSFFHJT" outcome="Warning" timestamp="2025-05-01T21:13:36.9443617-04:00">
        <Text>2025-05-02T01:13:36.943Z pw:api   locator resolved to &lt;a id="ember86" href="#/inventory/items" class="ember-view nav-link"&gt;ΓÇª&lt;/a&gt;</Text>
      </RunInfo>
      <RunInfo computerName="DESKTOP-RSFFHJT" outcome="Warning" timestamp="2025-05-01T21:13:36.9449591-04:00">
        <Text>2025-05-02T01:13:36.944Z pw:api waiting for Locator("div[id='main-nav-tab'] a[id*='ember'][class$='nav-link'], div[id='main-nav-tab']  a[id*='ember'][class$='nav-link ']").Nth(3)</Text>
      </RunInfo>
      <RunInfo computerName="DESKTOP-RSFFHJT" outcome="Warning" timestamp="2025-05-01T21:13:36.9476132-04:00">
        <Text>2025-05-02T01:13:36.946Z pw:api   locator resolved to &lt;a id="ember91" class="ember-view nav-link" href="#/inventory/itemgroups"&gt;ΓÇª&lt;/a&gt;</Text>
      </RunInfo>
      <RunInfo computerName="DESKTOP-RSFFHJT" outcome="Warning" timestamp="2025-05-01T21:13:36.9483368-04:00">
        <Text>2025-05-02T01:13:36.947Z pw:api waiting for Locator("div[id='main-nav-tab'] a[id*='ember'][class$='nav-link'], div[id='main-nav-tab']  a[id*='ember'][class$='nav-link ']").Nth(4)</Text>
      </RunInfo>
      <RunInfo computerName="DESKTOP-RSFFHJT" outcome="Warning" timestamp="2025-05-01T21:13:36.9505661-04:00">
        <Text>2025-05-02T01:13:36.949Z pw:api   locator resolved to &lt;a id="ember97" class="ember-view nav-link" href="#/inventory/adjustments"&gt;ΓÇª&lt;/a&gt;</Text>
      </RunInfo>
      <RunInfo computerName="DESKTOP-RSFFHJT" outcome="Warning" timestamp="2025-05-01T21:13:36.9512161-04:00">
        <Text>2025-05-02T01:13:36.950Z pw:api waiting for Locator("div[id='main-nav-tab'] a[id*='ember'][class$='nav-link'], div[id='main-nav-tab']  a[id*='ember'][class$='nav-link ']").Nth(5)</Text>
      </RunInfo>
      <RunInfo computerName="DESKTOP-RSFFHJT" outcome="Warning" timestamp="2025-05-01T21:13:36.9532856-04:00">
        <Text>2025-05-02T01:13:36.952Z pw:api   locator resolved to &lt;a id="ember104" class="collapsed ember-view nav-link "&gt;ΓÇª&lt;/a&gt;</Text>
      </RunInfo>
      <RunInfo computerName="DESKTOP-RSFFHJT" outcome="Warning" timestamp="2025-05-01T21:13:36.9537611-04:00">
        <Text>2025-05-02T01:13:36.952Z pw:api waiting for Locator("div[id='main-nav-tab'] a[id*='ember'][class$='nav-link'], div[id='main-nav-tab']  a[id*='ember'][class$='nav-link ']").Nth(6)</Text>
      </RunInfo>
      <RunInfo computerName="DESKTOP-RSFFHJT" outcome="Warning" timestamp="2025-05-01T21:13:36.9551134-04:00">
        <Text>2025-05-02T01:13:36.954Z pw:api   locator resolved to &lt;a id="ember108" href="#/contacts" class="ember-view nav-link"&gt;ΓÇª&lt;/a&gt;</Text>
      </RunInfo>
      <RunInfo computerName="DESKTOP-RSFFHJT" outcome="Warning" timestamp="2025-05-01T21:13:36.9554656-04:00">
        <Text>2025-05-02T01:13:36.954Z pw:api waiting for Locator("div[id='main-nav-tab'] a[id*='ember'][class$='nav-link'], div[id='main-nav-tab']  a[id*='ember'][class$='nav-link ']").Nth(7)</Text>
      </RunInfo>
      <RunInfo computerName="DESKTOP-RSFFHJT" outcome="Warning" timestamp="2025-05-01T21:13:36.9570853-04:00">
        <Text>2025-05-02T01:13:36.956Z pw:api   locator resolved to &lt;a id="ember114" href="#/salesorders" class="ember-view nav-link"&gt;ΓÇª&lt;/a&gt;</Text>
      </RunInfo>
      <RunInfo computerName="DESKTOP-RSFFHJT" outcome="Warning" timestamp="2025-05-01T21:13:36.9576457-04:00">
        <Text>2025-05-02T01:13:36.956Z pw:api waiting for Locator("div[id='main-nav-tab'] a[id*='ember'][class$='nav-link'], div[id='main-nav-tab']  a[id*='ember'][class$='nav-link ']").Nth(8)</Text>
      </RunInfo>
      <RunInfo computerName="DESKTOP-RSFFHJT" outcome="Warning" timestamp="2025-05-01T21:13:36.9590661-04:00">
        <Text>2025-05-02T01:13:36.958Z pw:api   locator resolved to &lt;a id="ember121" href="#/packages" class="ember-view nav-link"&gt;ΓÇª&lt;/a&gt;</Text>
      </RunInfo>
      <RunInfo computerName="DESKTOP-RSFFHJT" outcome="Warning" timestamp="2025-05-01T21:13:36.9596780-04:00">
        <Text>2025-05-02T01:13:36.958Z pw:api waiting for Locator("div[id='main-nav-tab'] a[id*='ember'][class$='nav-link'], div[id='main-nav-tab']  a[id*='ember'][class$='nav-link ']").Nth(9)</Text>
      </RunInfo>
      <RunInfo computerName="DESKTOP-RSFFHJT" outcome="Warning" timestamp="2025-05-01T21:13:36.9611810-04:00">
        <Text>2025-05-02T01:13:36.960Z pw:api   locator resolved to &lt;a id="ember125" href="#/shipments" class="ember-view nav-link"&gt;ΓÇª&lt;/a&gt;</Text>
      </RunInfo>
      <RunInfo computerName="DESKTOP-RSFFHJT" outcome="Warning" timestamp="2025-05-01T21:13:36.9615563-04:00">
        <Text>2025-05-02T01:13:36.960Z pw:api waiting for Locator("div[id='main-nav-tab'] a[id*='ember'][class$='nav-link'], div[id='main-nav-tab']  a[id*='ember'][class$='nav-link ']").Nth(10)</Text>
      </RunInfo>
      <RunInfo computerName="DESKTOP-RSFFHJT" outcome="Warning" timestamp="2025-05-01T21:13:36.9631537-04:00">
        <Text>2025-05-02T01:13:36.962Z pw:api   locator resolved to &lt;a id="ember129" href="#/invoices" class="ember-view nav-link"&gt;ΓÇª&lt;/a&gt;</Text>
      </RunInfo>
      <RunInfo computerName="DESKTOP-RSFFHJT" outcome="Warning" timestamp="2025-05-01T21:13:36.9638777-04:00">
        <Text>2025-05-02T01:13:36.962Z pw:api waiting for Locator("div[id='main-nav-tab'] a[id*='ember'][class$='nav-link'], div[id='main-nav-tab']  a[id*='ember'][class$='nav-link ']").Nth(11)</Text>
      </RunInfo>
      <RunInfo computerName="DESKTOP-RSFFHJT" outcome="Warning" timestamp="2025-05-01T21:13:36.9656819-04:00">
        <Text>2025-05-02T01:13:36.964Z pw:api   locator resolved to &lt;a id="ember134" href="#/paymentsreceived" class="ember-view nav-link"&gt;ΓÇª&lt;/a&gt;</Text>
      </RunInfo>
      <RunInfo computerName="DESKTOP-RSFFHJT" outcome="Warning" timestamp="2025-05-01T21:13:36.9663646-04:00">
        <Text>2025-05-02T01:13:36.965Z pw:api waiting for Locator("div[id='main-nav-tab'] a[id*='ember'][class$='nav-link'], div[id='main-nav-tab']  a[id*='ember'][class$='nav-link ']").Nth(12)</Text>
      </RunInfo>
      <RunInfo computerName="DESKTOP-RSFFHJT" outcome="Warning" timestamp="2025-05-01T21:13:36.9678451-04:00">
        <Text>2025-05-02T01:13:36.966Z pw:api   locator resolved to &lt;a id="ember140" href="#/salesreturns" class="ember-view nav-link"&gt;ΓÇª&lt;/a&gt;</Text>
      </RunInfo>
      <RunInfo computerName="DESKTOP-RSFFHJT" outcome="Warning" timestamp="2025-05-01T21:13:36.9683489-04:00">
        <Text>2025-05-02T01:13:36.967Z pw:api waiting for Locator("div[id='main-nav-tab'] a[id*='ember'][class$='nav-link'], div[id='main-nav-tab']  a[id*='ember'][class$='nav-link ']").Nth(13)</Text>
      </RunInfo>
      <RunInfo computerName="DESKTOP-RSFFHJT" outcome="Warning" timestamp="2025-05-01T21:13:36.9698133-04:00">
        <Text>2025-05-02T01:13:36.968Z pw:api   locator resolved to &lt;a id="ember143" href="#/creditnotes" class="ember-view nav-link"&gt;ΓÇª&lt;/a&gt;</Text>
      </RunInfo>
      <RunInfo computerName="DESKTOP-RSFFHJT" outcome="Warning" timestamp="2025-05-01T21:13:36.9703952-04:00">
        <Text>2025-05-02T01:13:36.969Z pw:api waiting for Locator("div[id='main-nav-tab'] a[id*='ember'][class$='nav-link'], div[id='main-nav-tab']  a[id*='ember'][class$='nav-link ']").Nth(14)</Text>
      </RunInfo>
      <RunInfo computerName="DESKTOP-RSFFHJT" outcome="Warning" timestamp="2025-05-01T21:13:36.9781607-04:00">
        <Text>2025-05-02T01:13:36.977Z pw:api   locator resolved to &lt;a id="ember147" class="collapsed ember-view nav-link "&gt;ΓÇª&lt;/a&gt;</Text>
      </RunInfo>
      <RunInfo computerName="DESKTOP-RSFFHJT" outcome="Warning" timestamp="2025-05-01T21:13:36.9788216-04:00">
        <Text>2025-05-02T01:13:36.977Z pw:api waiting for Locator("div[id='main-nav-tab'] a[id*='ember'][class$='nav-link'], div[id='main-nav-tab']  a[id*='ember'][class$='nav-link ']").Nth(15)</Text>
      </RunInfo>
      <RunInfo computerName="DESKTOP-RSFFHJT" outcome="Warning" timestamp="2025-05-01T21:13:36.9893311-04:00">
        <Text>2025-05-02T01:13:36.988Z pw:api   locator resolved to &lt;a id="ember151" href="#/vendors" class="ember-view nav-link"&gt;ΓÇª&lt;/a&gt;</Text>
      </RunInfo>
      <RunInfo computerName="DESKTOP-RSFFHJT" outcome="Warning" timestamp="2025-05-01T21:13:36.9897977-04:00">
        <Text>2025-05-02T01:13:36.988Z pw:api waiting for Locator("div[id='main-nav-tab'] a[id*='ember'][class$='nav-link'], div[id='main-nav-tab']  a[id*='ember'][class$='nav-link ']").Nth(16)</Text>
      </RunInfo>
      <RunInfo computerName="DESKTOP-RSFFHJT" outcome="Warning" timestamp="2025-05-01T21:13:37.0112566-04:00">
        <Text>2025-05-02T01:13:37.010Z pw:api   locator resolved to &lt;a id="ember155" href="#/expenses" class="ember-view nav-link"&gt;ΓÇª&lt;/a&gt;</Text>
      </RunInfo>
      <RunInfo computerName="DESKTOP-RSFFHJT" outcome="Warning" timestamp="2025-05-01T21:13:37.0120928-04:00">
        <Text>2025-05-02T01:13:37.011Z pw:api waiting for Locator("div[id='main-nav-tab'] a[id*='ember'][class$='nav-link'], div[id='main-nav-tab']  a[id*='ember'][class$='nav-link ']").Nth(17)</Text>
      </RunInfo>
      <RunInfo computerName="DESKTOP-RSFFHJT" outcome="Warning" timestamp="2025-05-01T21:13:37.0319336-04:00">
        <Text>2025-05-02T01:13:37.030Z pw:api   locator resolved to &lt;a id="ember159" href="#/purchaseorders" class="ember-view nav-link"&gt;ΓÇª&lt;/a&gt;</Text>
      </RunInfo>
      <RunInfo computerName="DESKTOP-RSFFHJT" outcome="Warning" timestamp="2025-05-01T21:13:37.0326595-04:00">
        <Text>2025-05-02T01:13:37.031Z pw:api waiting for Locator("div[id='main-nav-tab'] a[id*='ember'][class$='nav-link'], div[id='main-nav-tab']  a[id*='ember'][class$='nav-link ']").Nth(18)</Text>
      </RunInfo>
      <RunInfo computerName="DESKTOP-RSFFHJT" outcome="Warning" timestamp="2025-05-01T21:13:37.0345070-04:00">
        <Text>2025-05-02T01:13:37.033Z pw:api   locator resolved to &lt;a id="ember163" href="#/purchasereceives" class="ember-view nav-link"&gt;ΓÇª&lt;/a&gt;</Text>
      </RunInfo>
      <RunInfo computerName="DESKTOP-RSFFHJT" outcome="Warning" timestamp="2025-05-01T21:13:37.0349823-04:00">
        <Text>2025-05-02T01:13:37.034Z pw:api waiting for Locator("div[id='main-nav-tab'] a[id*='ember'][class$='nav-link'], div[id='main-nav-tab']  a[id*='ember'][class$='nav-link ']").Nth(19)</Text>
      </RunInfo>
      <RunInfo computerName="DESKTOP-RSFFHJT" outcome="Warning" timestamp="2025-05-01T21:13:37.0377043-04:00">
        <Text>2025-05-02T01:13:37.036Z pw:api   locator resolved to &lt;a id="ember168" href="#/bills" class="ember-view nav-link"&gt;ΓÇª&lt;/a&gt;</Text>
      </RunInfo>
      <RunInfo computerName="DESKTOP-RSFFHJT" outcome="Warning" timestamp="2025-05-01T21:13:37.0383860-04:00">
        <Text>2025-05-02T01:13:37.037Z pw:api waiting for Locator("div[id='main-nav-tab'] a[id*='ember'][class$='nav-link'], div[id='main-nav-tab']  a[id*='ember'][class$='nav-link ']").Nth(20)</Text>
      </RunInfo>
      <RunInfo computerName="DESKTOP-RSFFHJT" outcome="Warning" timestamp="2025-05-01T21:13:37.0399657-04:00">
        <Text>2025-05-02T01:13:37.039Z pw:api   locator resolved to &lt;a id="ember172" href="#/paymentsmade" class="ember-view nav-link"&gt;ΓÇª&lt;/a&gt;</Text>
      </RunInfo>
      <RunInfo computerName="DESKTOP-RSFFHJT" outcome="Warning" timestamp="2025-05-01T21:13:37.0404753-04:00">
        <Text>2025-05-02T01:13:37.039Z pw:api waiting for Locator("div[id='main-nav-tab'] a[id*='ember'][class$='nav-link'], div[id='main-nav-tab']  a[id*='ember'][class$='nav-link ']").Nth(21)</Text>
      </RunInfo>
      <RunInfo computerName="DESKTOP-RSFFHJT" outcome="Warning" timestamp="2025-05-01T21:13:37.0417937-04:00">
        <Text>2025-05-02T01:13:37.040Z pw:api   locator resolved to &lt;a id="ember177" href="#/vendorcredits" class="ember-view nav-link"&gt;ΓÇª&lt;/a&gt;</Text>
      </RunInfo>
      <RunInfo computerName="DESKTOP-RSFFHJT" outcome="Warning" timestamp="2025-05-01T21:13:37.0423337-04:00">
        <Text>2025-05-02T01:13:37.041Z pw:api waiting for Locator("div[id='main-nav-tab'] a[id*='ember'][class$='nav-link'], div[id='main-nav-tab']  a[id*='ember'][class$='nav-link ']").Nth(22)</Text>
      </RunInfo>
      <RunInfo computerName="DESKTOP-RSFFHJT" outcome="Warning" timestamp="2025-05-01T21:13:37.0438361-04:00">
        <Text>2025-05-02T01:13:37.042Z pw:api   locator resolved to &lt;a id="ember181" class="ember-view nav-link" href="#/settings/integrations"&gt;ΓÇª&lt;/a&gt;</Text>
      </RunInfo>
      <RunInfo computerName="DESKTOP-RSFFHJT" outcome="Warning" timestamp="2025-05-01T21:13:37.0443578-04:00">
        <Text>2025-05-02T01:13:37.043Z pw:api waiting for Locator("div[id='main-nav-tab'] a[id*='ember'][class$='nav-link'], div[id='main-nav-tab']  a[id*='ember'][class$='nav-link ']").Nth(23)</Text>
      </RunInfo>
      <RunInfo computerName="DESKTOP-RSFFHJT" outcome="Warning" timestamp="2025-05-01T21:13:37.0458892-04:00">
        <Text>2025-05-02T01:13:37.044Z pw:api   locator resolved to &lt;a id="ember184" href="#/reports" class="ember-view nav-link"&gt;ΓÇª&lt;/a&gt;</Text>
      </RunInfo>
      <RunInfo computerName="DESKTOP-RSFFHJT" outcome="Warning" timestamp="2025-05-01T21:13:37.0463362-04:00">
        <Text>2025-05-02T01:13:37.045Z pw:api waiting for Locator("div[id='main-nav-tab'] a[id*='ember'][class$='nav-link'], div[id='main-nav-tab']  a[id*='ember'][class$='nav-link ']").Nth(24)</Text>
      </RunInfo>
      <RunInfo computerName="DESKTOP-RSFFHJT" outcome="Warning" timestamp="2025-05-01T21:13:37.0490376-04:00">
        <Text>2025-05-02T01:13:37.048Z pw:api   locator resolved to &lt;a id="ember187" href="#/documents/inbox" class="ember-view nav-link"&gt;ΓÇª&lt;/a&gt;</Text>
      </RunInfo>
      <RunInfo computerName="DESKTOP-RSFFHJT" outcome="Warning" timestamp="2025-05-01T21:13:37.0500942-04:00">
        <Text>2025-05-02T01:13:37.049Z pw:api waiting for Locator("div[id='main-nav-tab'] a[id*='ember'][class$='nav-link'], div[id='main-nav-tab']  a[id*='ember'][class$='nav-link ']").Nth(1)</Text>
      </RunInfo>
      <RunInfo computerName="DESKTOP-RSFFHJT" outcome="Warning" timestamp="2025-05-01T21:13:37.0521701-04:00">
        <Text>2025-05-02T01:13:37.051Z pw:api   locator resolved to &lt;a id="ember82" class="collapsed ember-view nav-link "&gt;ΓÇª&lt;/a&gt;</Text>
      </RunInfo>
      <RunInfo computerName="DESKTOP-RSFFHJT" outcome="Warning" timestamp="2025-05-01T21:13:37.0527508-04:00">
        <Text>2025-05-02T01:13:37.051Z pw:api attempting click action</Text>
      </RunInfo>
      <RunInfo computerName="DESKTOP-RSFFHJT" outcome="Warning" timestamp="2025-05-01T21:13:37.0527583-04:00">
        <Text>2025-05-02T01:13:37.051Z pw:api   waiting for element to be visible, enabled and stable</Text>
      </RunInfo>
      <RunInfo computerName="DESKTOP-RSFFHJT" outcome="Warning" timestamp="2025-05-01T21:13:37.0811498-04:00">
        <Text>2025-05-02T01:13:37.080Z pw:api   element is visible, enabled and stable</Text>
      </RunInfo>
      <RunInfo computerName="DESKTOP-RSFFHJT" outcome="Warning" timestamp="2025-05-01T21:13:37.0811564-04:00">
        <Text>2025-05-02T01:13:37.080Z pw:api   scrolling into view if needed</Text>
      </RunInfo>
      <RunInfo computerName="DESKTOP-RSFFHJT" outcome="Warning" timestamp="2025-05-01T21:13:37.0816054-04:00">
        <Text>2025-05-02T01:13:37.080Z pw:api   done scrolling</Text>
      </RunInfo>
      <RunInfo computerName="DESKTOP-RSFFHJT" outcome="Warning" timestamp="2025-05-01T21:13:37.0835351-04:00">
        <Text>2025-05-02T01:13:37.082Z pw:api   performing click action</Text>
      </RunInfo>
      <RunInfo computerName="DESKTOP-RSFFHJT" outcome="Warning" timestamp="2025-05-01T21:13:37.0929569-04:00">
        <Text>2025-05-02T01:13:37.090Z pw:api   click action done</Text>
      </RunInfo>
      <RunInfo computerName="DESKTOP-RSFFHJT" outcome="Warning" timestamp="2025-05-01T21:13:37.0929661-04:00">
        <Text>2025-05-02T01:13:37.090Z pw:api   waiting for scheduled navigations to finish</Text>
      </RunInfo>
      <RunInfo computerName="DESKTOP-RSFFHJT" outcome="Warning" timestamp="2025-05-01T21:13:37.0929697-04:00">
        <Text>2025-05-02T01:13:37.090Z pw:api   navigations have finished</Text>
      </RunInfo>
      <RunInfo computerName="DESKTOP-RSFFHJT" outcome="Warning" timestamp="2025-05-01T21:13:37.0956114-04:00">
        <Text>2025-05-02T01:13:37.094Z pw:api waiting for Locator("div[id='main-nav-tab'] a[id*='ember'][class$='nav-link'], div[id='main-nav-tab']  a[id*='ember'][class$='nav-link ']").First</Text>
      </RunInfo>
      <RunInfo computerName="DESKTOP-RSFFHJT" outcome="Warning" timestamp="2025-05-01T21:13:37.1002603-04:00">
        <Text>2025-05-02T01:13:37.099Z pw:api   locator resolved to &lt;a id="ember79" href="#/home" class="ember-view active nav-link"&gt;ΓÇª&lt;/a&gt;</Text>
      </RunInfo>
      <RunInfo computerName="DESKTOP-RSFFHJT" outcome="Warning" timestamp="2025-05-01T21:13:37.1006705-04:00">
        <Text>2025-05-02T01:13:37.099Z pw:api waiting for Locator("div[id='main-nav-tab'] a[id*='ember'][class$='nav-link'], div[id='main-nav-tab']  a[id*='ember'][class$='nav-link ']").Nth(1)</Text>
      </RunInfo>
      <RunInfo computerName="DESKTOP-RSFFHJT" outcome="Warning" timestamp="2025-05-01T21:13:37.1021949-04:00">
        <Text>2025-05-02T01:13:37.101Z pw:api   locator resolved to &lt;a id="ember82" class="ember-view nav-link "&gt;ΓÇª&lt;/a&gt;</Text>
      </RunInfo>
      <RunInfo computerName="DESKTOP-RSFFHJT" outcome="Warning" timestamp="2025-05-01T21:13:37.1028391-04:00">
        <Text>2025-05-02T01:13:37.101Z pw:api waiting for Locator("div[id='main-nav-tab'] a[id*='ember'][class$='nav-link'], div[id='main-nav-tab']  a[id*='ember'][class$='nav-link ']").Nth(2)</Text>
      </RunInfo>
      <RunInfo computerName="DESKTOP-RSFFHJT" outcome="Warning" timestamp="2025-05-01T21:13:37.1045727-04:00">
        <Text>2025-05-02T01:13:37.103Z pw:api   locator resolved to &lt;a id="ember86" href="#/inventory/items" class="ember-view nav-link"&gt;ΓÇª&lt;/a&gt;</Text>
      </RunInfo>
      <RunInfo computerName="DESKTOP-RSFFHJT" outcome="Warning" timestamp="2025-05-01T21:13:37.1050532-04:00">
        <Text>2025-05-02T01:13:37.104Z pw:api waiting for Locator("div[id='main-nav-tab'] a[id*='ember'][class$='nav-link'], div[id='main-nav-tab']  a[id*='ember'][class$='nav-link ']").Nth(3)</Text>
      </RunInfo>
      <RunInfo computerName="DESKTOP-RSFFHJT" outcome="Warning" timestamp="2025-05-01T21:13:37.1065015-04:00">
        <Text>2025-05-02T01:13:37.105Z pw:api   locator resolved to &lt;a id="ember91" class="ember-view nav-link" href="#/inventory/itemgroups"&gt;ΓÇª&lt;/a&gt;</Text>
      </RunInfo>
      <RunInfo computerName="DESKTOP-RSFFHJT" outcome="Warning" timestamp="2025-05-01T21:13:37.1069655-04:00">
        <Text>2025-05-02T01:13:37.106Z pw:api waiting for Locator("div[id='main-nav-tab'] a[id*='ember'][class$='nav-link'], div[id='main-nav-tab']  a[id*='ember'][class$='nav-link ']").Nth(4)</Text>
      </RunInfo>
      <RunInfo computerName="DESKTOP-RSFFHJT" outcome="Warning" timestamp="2025-05-01T21:13:37.1084636-04:00">
        <Text>2025-05-02T01:13:37.107Z pw:api   locator resolved to &lt;a id="ember97" class="ember-view nav-link" href="#/inventory/adjustments"&gt;ΓÇª&lt;/a&gt;</Text>
      </RunInfo>
      <RunInfo computerName="DESKTOP-RSFFHJT" outcome="Warning" timestamp="2025-05-01T21:13:37.1092001-04:00">
        <Text>2025-05-02T01:13:37.108Z pw:api waiting for Locator("div[id='main-nav-tab'] a[id*='ember'][class$='nav-link'], div[id='main-nav-tab']  a[id*='ember'][class$='nav-link ']").Nth(5)</Text>
      </RunInfo>
      <RunInfo computerName="DESKTOP-RSFFHJT" outcome="Warning" timestamp="2025-05-01T21:13:37.1183487-04:00">
        <Text>2025-05-02T01:13:37.117Z pw:api   locator resolved to &lt;a id="ember104" class="collapsed ember-view nav-link "&gt;ΓÇª&lt;/a&gt;</Text>
      </RunInfo>
      <RunInfo computerName="DESKTOP-RSFFHJT" outcome="Warning" timestamp="2025-05-01T21:13:37.1191047-04:00">
        <Text>2025-05-02T01:13:37.118Z pw:api waiting for Locator("div[id='main-nav-tab'] a[id*='ember'][class$='nav-link'], div[id='main-nav-tab']  a[id*='ember'][class$='nav-link ']").Nth(6)</Text>
      </RunInfo>
      <RunInfo computerName="DESKTOP-RSFFHJT" outcome="Warning" timestamp="2025-05-01T21:13:37.1207205-04:00">
        <Text>2025-05-02T01:13:37.119Z pw:api   locator resolved to &lt;a id="ember108" href="#/contacts" class="ember-view nav-link"&gt;ΓÇª&lt;/a&gt;</Text>
      </RunInfo>
      <RunInfo computerName="DESKTOP-RSFFHJT" outcome="Warning" timestamp="2025-05-01T21:13:37.1213039-04:00">
        <Text>2025-05-02T01:13:37.120Z pw:api waiting for Locator("div[id='main-nav-tab'] a[id*='ember'][class$='nav-link'], div[id='main-nav-tab']  a[id*='ember'][class$='nav-link ']").Nth(7)</Text>
      </RunInfo>
      <RunInfo computerName="DESKTOP-RSFFHJT" outcome="Warning" timestamp="2025-05-01T21:13:37.1227169-04:00">
        <Text>2025-05-02T01:13:37.121Z pw:api   locator resolved to &lt;a id="ember114" href="#/salesorders" class="ember-view nav-link"&gt;ΓÇª&lt;/a&gt;</Text>
      </RunInfo>
      <RunInfo computerName="DESKTOP-RSFFHJT" outcome="Warning" timestamp="2025-05-01T21:13:37.1231390-04:00">
        <Text>2025-05-02T01:13:37.122Z pw:api waiting for Locator("div[id='main-nav-tab'] a[id*='ember'][class$='nav-link'], div[id='main-nav-tab']  a[id*='ember'][class$='nav-link ']").Nth(8)</Text>
      </RunInfo>
      <RunInfo computerName="DESKTOP-RSFFHJT" outcome="Warning" timestamp="2025-05-01T21:13:37.1245747-04:00">
        <Text>2025-05-02T01:13:37.123Z pw:api   locator resolved to &lt;a id="ember121" href="#/packages" class="ember-view nav-link"&gt;ΓÇª&lt;/a&gt;</Text>
      </RunInfo>
      <RunInfo computerName="DESKTOP-RSFFHJT" outcome="Warning" timestamp="2025-05-01T21:13:37.1250421-04:00">
        <Text>2025-05-02T01:13:37.124Z pw:api waiting for Locator("div[id='main-nav-tab'] a[id*='ember'][class$='nav-link'], div[id='main-nav-tab']  a[id*='ember'][class$='nav-link ']").Nth(9)</Text>
      </RunInfo>
      <RunInfo computerName="DESKTOP-RSFFHJT" outcome="Warning" timestamp="2025-05-01T21:13:37.1265190-04:00">
        <Text>2025-05-02T01:13:37.125Z pw:api   locator resolved to &lt;a id="ember125" href="#/shipments" class="ember-view nav-link"&gt;ΓÇª&lt;/a&gt;</Text>
      </RunInfo>
      <RunInfo computerName="DESKTOP-RSFFHJT" outcome="Warning" timestamp="2025-05-01T21:13:37.1269292-04:00">
        <Text>2025-05-02T01:13:37.126Z pw:api waiting for Locator("div[id='main-nav-tab'] a[id*='ember'][class$='nav-link'], div[id='main-nav-tab']  a[id*='ember'][class$='nav-link ']").Nth(10)</Text>
      </RunInfo>
      <RunInfo computerName="DESKTOP-RSFFHJT" outcome="Warning" timestamp="2025-05-01T21:13:37.1286774-04:00">
        <Text>2025-05-02T01:13:37.127Z pw:api   locator resolved to &lt;a id="ember129" href="#/invoices" class="ember-view nav-link"&gt;ΓÇª&lt;/a&gt;</Text>
      </RunInfo>
      <RunInfo computerName="DESKTOP-RSFFHJT" outcome="Warning" timestamp="2025-05-01T21:13:37.1293985-04:00">
        <Text>2025-05-02T01:13:37.128Z pw:api waiting for Locator("div[id='main-nav-tab'] a[id*='ember'][class$='nav-link'], div[id='main-nav-tab']  a[id*='ember'][class$='nav-link ']").Nth(11)</Text>
      </RunInfo>
      <RunInfo computerName="DESKTOP-RSFFHJT" outcome="Warning" timestamp="2025-05-01T21:13:37.1318368-04:00">
        <Text>2025-05-02T01:13:37.130Z pw:api   locator resolved to &lt;a id="ember134" href="#/paymentsreceived" class="ember-view nav-link"&gt;ΓÇª&lt;/a&gt;</Text>
      </RunInfo>
      <RunInfo computerName="DESKTOP-RSFFHJT" outcome="Warning" timestamp="2025-05-01T21:13:37.1324573-04:00">
        <Text>2025-05-02T01:13:37.131Z pw:api waiting for Locator("div[id='main-nav-tab'] a[id*='ember'][class$='nav-link'], div[id='main-nav-tab']  a[id*='ember'][class$='nav-link ']").Nth(12)</Text>
      </RunInfo>
      <RunInfo computerName="DESKTOP-RSFFHJT" outcome="Warning" timestamp="2025-05-01T21:13:37.1352250-04:00">
        <Text>2025-05-02T01:13:37.134Z pw:api   locator resolved to &lt;a id="ember140" href="#/salesreturns" class="ember-view nav-link"&gt;ΓÇª&lt;/a&gt;</Text>
      </RunInfo>
      <RunInfo computerName="DESKTOP-RSFFHJT" outcome="Warning" timestamp="2025-05-01T21:13:37.1359042-04:00">
        <Text>2025-05-02T01:13:37.134Z pw:api waiting for Locator("div[id='main-nav-tab'] a[id*='ember'][class$='nav-link'], div[id='main-nav-tab']  a[id*='ember'][class$='nav-link ']").Nth(13)</Text>
      </RunInfo>
      <RunInfo computerName="DESKTOP-RSFFHJT" outcome="Warning" timestamp="2025-05-01T21:13:37.1373882-04:00">
        <Text>2025-05-02T01:13:37.136Z pw:api   locator resolved to &lt;a id="ember143" href="#/creditnotes" class="ember-view nav-link"&gt;ΓÇª&lt;/a&gt;</Text>
      </RunInfo>
      <RunInfo computerName="DESKTOP-RSFFHJT" outcome="Warning" timestamp="2025-05-01T21:13:37.1378973-04:00">
        <Text>2025-05-02T01:13:37.136Z pw:api waiting for Locator("div[id='main-nav-tab'] a[id*='ember'][class$='nav-link'], div[id='main-nav-tab']  a[id*='ember'][class$='nav-link ']").Nth(14)</Text>
      </RunInfo>
      <RunInfo computerName="DESKTOP-RSFFHJT" outcome="Warning" timestamp="2025-05-01T21:13:37.1392272-04:00">
        <Text>2025-05-02T01:13:37.138Z pw:api   locator resolved to &lt;a id="ember147" class="collapsed ember-view nav-link "&gt;ΓÇª&lt;/a&gt;</Text>
      </RunInfo>
      <RunInfo computerName="DESKTOP-RSFFHJT" outcome="Warning" timestamp="2025-05-01T21:13:37.1396112-04:00">
        <Text>2025-05-02T01:13:37.138Z pw:api waiting for Locator("div[id='main-nav-tab'] a[id*='ember'][class$='nav-link'], div[id='main-nav-tab']  a[id*='ember'][class$='nav-link ']").Nth(15)</Text>
      </RunInfo>
      <RunInfo computerName="DESKTOP-RSFFHJT" outcome="Warning" timestamp="2025-05-01T21:13:37.1409589-04:00">
        <Text>2025-05-02T01:13:37.140Z pw:api   locator resolved to &lt;a id="ember151" href="#/vendors" class="ember-view nav-link"&gt;ΓÇª&lt;/a&gt;</Text>
      </RunInfo>
      <RunInfo computerName="DESKTOP-RSFFHJT" outcome="Warning" timestamp="2025-05-01T21:13:37.1414904-04:00">
        <Text>2025-05-02T01:13:37.140Z pw:api waiting for Locator("div[id='main-nav-tab'] a[id*='ember'][class$='nav-link'], div[id='main-nav-tab']  a[id*='ember'][class$='nav-link ']").Nth(16)</Text>
      </RunInfo>
      <RunInfo computerName="DESKTOP-RSFFHJT" outcome="Warning" timestamp="2025-05-01T21:13:37.1429274-04:00">
        <Text>2025-05-02T01:13:37.142Z pw:api   locator resolved to &lt;a id="ember155" href="#/expenses" class="ember-view nav-link"&gt;ΓÇª&lt;/a&gt;</Text>
      </RunInfo>
      <RunInfo computerName="DESKTOP-RSFFHJT" outcome="Warning" timestamp="2025-05-01T21:13:37.1433606-04:00">
        <Text>2025-05-02T01:13:37.142Z pw:api waiting for Locator("div[id='main-nav-tab'] a[id*='ember'][class$='nav-link'], div[id='main-nav-tab']  a[id*='ember'][class$='nav-link ']").Nth(17)</Text>
      </RunInfo>
      <RunInfo computerName="DESKTOP-RSFFHJT" outcome="Warning" timestamp="2025-05-01T21:13:37.1447499-04:00">
        <Text>2025-05-02T01:13:37.143Z pw:api   locator resolved to &lt;a id="ember159" href="#/purchaseorders" class="ember-view nav-link"&gt;ΓÇª&lt;/a&gt;</Text>
      </RunInfo>
      <RunInfo computerName="DESKTOP-RSFFHJT" outcome="Warning" timestamp="2025-05-01T21:13:37.1451978-04:00">
        <Text>2025-05-02T01:13:37.144Z pw:api waiting for Locator("div[id='main-nav-tab'] a[id*='ember'][class$='nav-link'], div[id='main-nav-tab']  a[id*='ember'][class$='nav-link ']").Nth(18)</Text>
      </RunInfo>
      <RunInfo computerName="DESKTOP-RSFFHJT" outcome="Warning" timestamp="2025-05-01T21:13:37.1472399-04:00">
        <Text>2025-05-02T01:13:37.146Z pw:api   locator resolved to &lt;a id="ember163" href="#/purchasereceives" class="ember-view nav-link"&gt;ΓÇª&lt;/a&gt;</Text>
      </RunInfo>
      <RunInfo computerName="DESKTOP-RSFFHJT" outcome="Warning" timestamp="2025-05-01T21:13:37.1478249-04:00">
        <Text>2025-05-02T01:13:37.146Z pw:api waiting for Locator("div[id='main-nav-tab'] a[id*='ember'][class$='nav-link'], div[id='main-nav-tab']  a[id*='ember'][class$='nav-link ']").Nth(19)</Text>
      </RunInfo>
      <RunInfo computerName="DESKTOP-RSFFHJT" outcome="Warning" timestamp="2025-05-01T21:13:37.1508971-04:00">
        <Text>2025-05-02T01:13:37.149Z pw:api   locator resolved to &lt;a id="ember168" href="#/bills" class="ember-view nav-link"&gt;ΓÇª&lt;/a&gt;</Text>
      </RunInfo>
      <RunInfo computerName="DESKTOP-RSFFHJT" outcome="Warning" timestamp="2025-05-01T21:13:37.1514387-04:00">
        <Text>2025-05-02T01:13:37.150Z pw:api waiting for Locator("div[id='main-nav-tab'] a[id*='ember'][class$='nav-link'], div[id='main-nav-tab']  a[id*='ember'][class$='nav-link ']").Nth(20)</Text>
      </RunInfo>
      <RunInfo computerName="DESKTOP-RSFFHJT" outcome="Warning" timestamp="2025-05-01T21:13:37.1532929-04:00">
        <Text>2025-05-02T01:13:37.152Z pw:api   locator resolved to &lt;a id="ember172" href="#/paymentsmade" class="ember-view nav-link"&gt;ΓÇª&lt;/a&gt;</Text>
      </RunInfo>
      <RunInfo computerName="DESKTOP-RSFFHJT" outcome="Warning" timestamp="2025-05-01T21:13:37.1538752-04:00">
        <Text>2025-05-02T01:13:37.152Z pw:api waiting for Locator("div[id='main-nav-tab'] a[id*='ember'][class$='nav-link'], div[id='main-nav-tab']  a[id*='ember'][class$='nav-link ']").Nth(21)</Text>
      </RunInfo>
      <RunInfo computerName="DESKTOP-RSFFHJT" outcome="Warning" timestamp="2025-05-01T21:13:37.1552149-04:00">
        <Text>2025-05-02T01:13:37.154Z pw:api   locator resolved to &lt;a id="ember177" href="#/vendorcredits" class="ember-view nav-link"&gt;ΓÇª&lt;/a&gt;</Text>
      </RunInfo>
      <RunInfo computerName="DESKTOP-RSFFHJT" outcome="Warning" timestamp="2025-05-01T21:13:37.1557110-04:00">
        <Text>2025-05-02T01:13:37.154Z pw:api waiting for Locator("div[id='main-nav-tab'] a[id*='ember'][class$='nav-link'], div[id='main-nav-tab']  a[id*='ember'][class$='nav-link ']").Nth(22)</Text>
      </RunInfo>
      <RunInfo computerName="DESKTOP-RSFFHJT" outcome="Warning" timestamp="2025-05-01T21:13:37.1573259-04:00">
        <Text>2025-05-02T01:13:37.156Z pw:api   locator resolved to &lt;a id="ember181" class="ember-view nav-link" href="#/settings/integrations"&gt;ΓÇª&lt;/a&gt;</Text>
      </RunInfo>
      <RunInfo computerName="DESKTOP-RSFFHJT" outcome="Warning" timestamp="2025-05-01T21:13:37.1577637-04:00">
        <Text>2025-05-02T01:13:37.156Z pw:api waiting for Locator("div[id='main-nav-tab'] a[id*='ember'][class$='nav-link'], div[id='main-nav-tab']  a[id*='ember'][class$='nav-link ']").Nth(23)</Text>
      </RunInfo>
      <RunInfo computerName="DESKTOP-RSFFHJT" outcome="Warning" timestamp="2025-05-01T21:13:37.1592562-04:00">
        <Text>2025-05-02T01:13:37.158Z pw:api   locator resolved to &lt;a id="ember184" href="#/reports" class="ember-view nav-link"&gt;ΓÇª&lt;/a&gt;</Text>
      </RunInfo>
      <RunInfo computerName="DESKTOP-RSFFHJT" outcome="Warning" timestamp="2025-05-01T21:13:37.1596854-04:00">
        <Text>2025-05-02T01:13:37.158Z pw:api waiting for Locator("div[id='main-nav-tab'] a[id*='ember'][class$='nav-link'], div[id='main-nav-tab']  a[id*='ember'][class$='nav-link ']").Nth(24)</Text>
      </RunInfo>
      <RunInfo computerName="DESKTOP-RSFFHJT" outcome="Warning" timestamp="2025-05-01T21:13:37.1611380-04:00">
        <Text>2025-05-02T01:13:37.160Z pw:api   locator resolved to &lt;a id="ember187" href="#/documents/inbox" class="ember-view nav-link"&gt;ΓÇª&lt;/a&gt;</Text>
      </RunInfo>
      <RunInfo computerName="DESKTOP-RSFFHJT" outcome="Warning" timestamp="2025-05-01T21:13:37.1619168-04:00">
        <Text>2025-05-02T01:13:37.161Z pw:api waiting for Locator("div[id='main-nav-tab'] a[id*='ember'][class$='nav-link'], div[id='main-nav-tab']  a[id*='ember'][class$='nav-link ']").Nth(3)</Text>
      </RunInfo>
      <RunInfo computerName="DESKTOP-RSFFHJT" outcome="Warning" timestamp="2025-05-01T21:13:37.1666766-04:00">
        <Text>2025-05-02T01:13:37.165Z pw:api   locator resolved to &lt;a id="ember91" class="ember-view nav-link" href="#/inventory/itemgroups"&gt;ΓÇª&lt;/a&gt;</Text>
      </RunInfo>
      <RunInfo computerName="DESKTOP-RSFFHJT" outcome="Warning" timestamp="2025-05-01T21:13:37.1671228-04:00">
        <Text>2025-05-02T01:13:37.166Z pw:api attempting click action</Text>
      </RunInfo>
      <RunInfo computerName="DESKTOP-RSFFHJT" outcome="Warning" timestamp="2025-05-01T21:13:37.1672337-04:00">
        <Text>2025-05-02T01:13:37.166Z pw:api   waiting for element to be visible, enabled and stable</Text>
      </RunInfo>
      <RunInfo computerName="DESKTOP-RSFFHJT" outcome="Warning" timestamp="2025-05-01T21:13:37.2028011-04:00">
        <Text>2025-05-02T01:13:37.201Z pw:api   element is visible, enabled and stable</Text>
      </RunInfo>
      <RunInfo computerName="DESKTOP-RSFFHJT" outcome="Warning" timestamp="2025-05-01T21:13:37.2028073-04:00">
        <Text>2025-05-02T01:13:37.201Z pw:api   scrolling into view if needed</Text>
      </RunInfo>
      <RunInfo computerName="DESKTOP-RSFFHJT" outcome="Warning" timestamp="2025-05-01T21:13:37.2042043-04:00">
        <Text>2025-05-02T01:13:37.203Z pw:api   done scrolling</Text>
      </RunInfo>
      <RunInfo computerName="DESKTOP-RSFFHJT" outcome="Warning" timestamp="2025-05-01T21:13:37.2059695-04:00">
        <Text>2025-05-02T01:13:37.204Z pw:api   performing click action</Text>
      </RunInfo>
      <RunInfo computerName="DESKTOP-RSFFHJT" outcome="Warning" timestamp="2025-05-01T21:13:37.2273909-04:00">
        <Text>2025-05-02T01:13:37.226Z pw:api   click action done</Text>
      </RunInfo>
      <RunInfo computerName="DESKTOP-RSFFHJT" outcome="Warning" timestamp="2025-05-01T21:13:37.2274008-04:00">
        <Text>2025-05-02T01:13:37.226Z pw:api   waiting for scheduled navigations to finish</Text>
      </RunInfo>
      <RunInfo computerName="DESKTOP-RSFFHJT" outcome="Warning" timestamp="2025-05-01T21:13:37.2275064-04:00">
        <Text>2025-05-02T01:13:37.226Z pw:api   navigations have finished</Text>
      </RunInfo>
      <RunInfo computerName="DESKTOP-RSFFHJT" outcome="Warning" timestamp="2025-05-01T21:13:37.2338920-04:00">
        <Text>2025-05-02T01:13:37.232Z pw:api waiting for Locator("table[id='vertically-scrolled-table']") to be visible</Text>
      </RunInfo>
      <RunInfo computerName="DESKTOP-RSFFHJT" outcome="Warning" timestamp="2025-05-01T21:13:37.6343793-04:00">
        <Text>2025-05-02T01:13:37.633Z pw:api   navigated to "https://www.zoho.com/ca/inventory/inventory-software-demo/#/inventory/itemgroups"</Text>
      </RunInfo>
      <RunInfo computerName="DESKTOP-RSFFHJT" outcome="Warning" timestamp="2025-05-01T21:13:38.2037651-04:00">
        <Text>2025-05-02T01:13:38.202Z pw:api   "networkidle" event fired</Text>
      </RunInfo>
      <RunInfo computerName="DESKTOP-RSFFHJT" outcome="Warning" timestamp="2025-05-01T21:13:40.2515317-04:00">
        <Text>2025-05-02T01:13:40.250Z pw:api waiting for Locator("a[class='dropdown-toggle ember-view     no-caret']")</Text>
      </RunInfo>
      <RunInfo computerName="DESKTOP-RSFFHJT" outcome="Warning" timestamp="2025-05-01T21:13:40.2536504-04:00">
        <Text>2025-05-02T01:13:40.252Z pw:api   locator resolved to &lt;a id="ember276" class="dropdown-toggle ember-view     no-caret"&gt;ΓÇª&lt;/a&gt;</Text>
      </RunInfo>
      <RunInfo computerName="DESKTOP-RSFFHJT" outcome="Warning" timestamp="2025-05-01T21:13:40.2541318-04:00">
        <Text>2025-05-02T01:13:40.253Z pw:api attempting click action</Text>
      </RunInfo>
      <RunInfo computerName="DESKTOP-RSFFHJT" outcome="Warning" timestamp="2025-05-01T21:13:40.2541494-04:00">
        <Text>2025-05-02T01:13:40.253Z pw:api   waiting for element to be visible, enabled and stable</Text>
      </RunInfo>
      <RunInfo computerName="DESKTOP-RSFFHJT" outcome="Warning" timestamp="2025-05-01T21:13:40.2631693-04:00">
        <Text>2025-05-02T01:13:40.262Z pw:api   element is visible, enabled and stable</Text>
      </RunInfo>
      <RunInfo computerName="DESKTOP-RSFFHJT" outcome="Warning" timestamp="2025-05-01T21:13:40.2631757-04:00">
        <Text>2025-05-02T01:13:40.262Z pw:api   scrolling into view if needed</Text>
      </RunInfo>
      <RunInfo computerName="DESKTOP-RSFFHJT" outcome="Warning" timestamp="2025-05-01T21:13:40.2634361-04:00">
        <Text>2025-05-02T01:13:40.262Z pw:api   done scrolling</Text>
      </RunInfo>
      <RunInfo computerName="DESKTOP-RSFFHJT" outcome="Warning" timestamp="2025-05-01T21:13:40.2651422-04:00">
        <Text>2025-05-02T01:13:40.264Z pw:api   performing click action</Text>
      </RunInfo>
      <RunInfo computerName="DESKTOP-RSFFHJT" outcome="Warning" timestamp="2025-05-01T21:13:40.2717963-04:00">
        <Text>2025-05-02T01:13:40.270Z pw:api   click action done</Text>
      </RunInfo>
      <RunInfo computerName="DESKTOP-RSFFHJT" outcome="Warning" timestamp="2025-05-01T21:13:40.2718053-04:00">
        <Text>2025-05-02T01:13:40.270Z pw:api   waiting for scheduled navigations to finish</Text>
      </RunInfo>
      <RunInfo computerName="DESKTOP-RSFFHJT" outcome="Warning" timestamp="2025-05-01T21:13:40.2719098-04:00">
        <Text>2025-05-02T01:13:40.271Z pw:api   navigations have finished</Text>
      </RunInfo>
      <RunInfo computerName="DESKTOP-RSFFHJT" outcome="Warning" timestamp="2025-05-01T21:13:40.2747562-04:00">
        <Text>2025-05-02T01:13:40.273Z pw:api waiting for Locator("div[class='dropdown-menu show  scrollmenu listview-filter'] button[class^='dropdown-item']").First</Text>
      </RunInfo>
      <RunInfo computerName="DESKTOP-RSFFHJT" outcome="Warning" timestamp="2025-05-01T21:13:40.2758575-04:00">
        <Text>2025-05-02T01:13:40.274Z pw:api   locator resolved to &lt;button type="button" data-ember-action="" data-ember-action-277="277" class="dropdown-item item-focus"&gt;All Item Groups&lt;/button&gt;</Text>
      </RunInfo>
      <RunInfo computerName="DESKTOP-RSFFHJT" outcome="Warning" timestamp="2025-05-01T21:13:40.2763511-04:00">
        <Text>2025-05-02T01:13:40.275Z pw:api waiting for Locator("div[class='dropdown-menu show  scrollmenu listview-filter'] button[class^='dropdown-item']").Nth(1)</Text>
      </RunInfo>
      <RunInfo computerName="DESKTOP-RSFFHJT" outcome="Warning" timestamp="2025-05-01T21:13:40.2773322-04:00">
        <Text>2025-05-02T01:13:40.276Z pw:api   locator resolved to &lt;button type="button" data-ember-action="" class="dropdown-item" data-ember-action-278="278"&gt;Active Item Groups&lt;/button&gt;</Text>
      </RunInfo>
      <RunInfo computerName="DESKTOP-RSFFHJT" outcome="Warning" timestamp="2025-05-01T21:13:40.2778337-04:00">
        <Text>2025-05-02T01:13:40.276Z pw:api waiting for Locator("div[class='dropdown-menu show  scrollmenu listview-filter'] button[class^='dropdown-item']").Nth(2)</Text>
      </RunInfo>
      <RunInfo computerName="DESKTOP-RSFFHJT" outcome="Warning" timestamp="2025-05-01T21:13:40.2791442-04:00">
        <Text>2025-05-02T01:13:40.278Z pw:api   locator resolved to &lt;button type="button" data-ember-action="" class="dropdown-item" data-ember-action-279="279"&gt;Inactive Item Groups&lt;/button&gt;</Text>
      </RunInfo>
      <RunInfo computerName="DESKTOP-RSFFHJT" outcome="Warning" timestamp="2025-05-01T21:13:40.2797612-04:00">
        <Text>2025-05-02T01:13:40.278Z pw:api waiting for Locator("div[class='dropdown-menu show  scrollmenu listview-filter'] button[class^='dropdown-item']").Nth(2)</Text>
      </RunInfo>
      <RunInfo computerName="DESKTOP-RSFFHJT" outcome="Warning" timestamp="2025-05-01T21:13:40.2821911-04:00">
        <Text>2025-05-02T01:13:40.281Z pw:api   locator resolved to &lt;button type="button" data-ember-action="" class="dropdown-item" data-ember-action-279="279"&gt;Inactive Item Groups&lt;/button&gt;</Text>
      </RunInfo>
      <RunInfo computerName="DESKTOP-RSFFHJT" outcome="Warning" timestamp="2025-05-01T21:13:40.2826887-04:00">
        <Text>2025-05-02T01:13:40.281Z pw:api attempting click action</Text>
      </RunInfo>
      <RunInfo computerName="DESKTOP-RSFFHJT" outcome="Warning" timestamp="2025-05-01T21:13:40.2826959-04:00">
        <Text>2025-05-02T01:13:40.281Z pw:api   waiting for element to be visible, enabled and stable</Text>
      </RunInfo>
      <RunInfo computerName="DESKTOP-RSFFHJT" outcome="Warning" timestamp="2025-05-01T21:13:40.3134900-04:00">
        <Text>2025-05-02T01:13:40.312Z pw:api   element is visible, enabled and stable</Text>
      </RunInfo>
      <RunInfo computerName="DESKTOP-RSFFHJT" outcome="Warning" timestamp="2025-05-01T21:13:40.3134981-04:00">
        <Text>2025-05-02T01:13:40.312Z pw:api   scrolling into view if needed</Text>
      </RunInfo>
      <RunInfo computerName="DESKTOP-RSFFHJT" outcome="Warning" timestamp="2025-05-01T21:13:40.3136358-04:00">
        <Text>2025-05-02T01:13:40.312Z pw:api   done scrolling</Text>
      </RunInfo>
      <RunInfo computerName="DESKTOP-RSFFHJT" outcome="Warning" timestamp="2025-05-01T21:13:40.3155389-04:00">
        <Text>2025-05-02T01:13:40.314Z pw:api   performing click action</Text>
      </RunInfo>
      <RunInfo computerName="DESKTOP-RSFFHJT" outcome="Warning" timestamp="2025-05-01T21:13:40.3312273-04:00">
        <Text>2025-05-02T01:13:40.330Z pw:api   navigated to "https://www.zoho.com/ca/inventory/inventory-software-demo/#/inventory/itemgroups?filter_by=Status.Inactive"</Text>
      </RunInfo>
      <RunInfo computerName="DESKTOP-RSFFHJT" outcome="Warning" timestamp="2025-05-01T21:13:40.3478337-04:00">
        <Text>2025-05-02T01:13:40.346Z pw:api   click action done</Text>
      </RunInfo>
      <RunInfo computerName="DESKTOP-RSFFHJT" outcome="Warning" timestamp="2025-05-01T21:13:40.3478422-04:00">
        <Text>2025-05-02T01:13:40.346Z pw:api   waiting for scheduled navigations to finish</Text>
      </RunInfo>
      <RunInfo computerName="DESKTOP-RSFFHJT" outcome="Warning" timestamp="2025-05-01T21:13:40.3482224-04:00">
        <Text>2025-05-02T01:13:40.347Z pw:api   navigations have finished</Text>
      </RunInfo>
      <RunInfo computerName="DESKTOP-RSFFHJT" outcome="Warning" timestamp="2025-05-01T21:13:40.4339869-04:00">
        <Text>2025-05-02T01:13:40.432Z pw:api navigating to "https://www.zoho.com/ca/inventory/inventory-software-demo/#/home/inventory-dashboard", waiting until "load"</Text>
      </RunInfo>
      <RunInfo computerName="DESKTOP-RSFFHJT" outcome="Warning" timestamp="2025-05-01T21:13:40.8576974-04:00">
        <Text>2025-05-02T01:13:40.856Z pw:api   "commit" event fired</Text>
      </RunInfo>
      <RunInfo computerName="DESKTOP-RSFFHJT" outcome="Warning" timestamp="2025-05-01T21:13:40.8577080-04:00">
        <Text>2025-05-02T01:13:40.856Z pw:api   navigated to "https://www.zoho.com/ca/inventory/inventory-software-demo/#/home/inventory-dashboard"</Text>
      </RunInfo>
      <RunInfo computerName="DESKTOP-RSFFHJT" outcome="Warning" timestamp="2025-05-01T21:13:42.9366332-04:00">
        <Text>2025-05-02T01:13:42.935Z pw:api   "networkidle" event fired</Text>
      </RunInfo>
      <RunInfo computerName="DESKTOP-RSFFHJT" outcome="Warning" timestamp="2025-05-01T21:13:43.3433848-04:00">
        <Text>2025-05-02T01:13:43.342Z pw:api   "domcontentloaded" event fired</Text>
      </RunInfo>
      <RunInfo computerName="DESKTOP-RSFFHJT" outcome="Warning" timestamp="2025-05-01T21:13:44.0915194-04:00">
        <Text>2025-05-02T01:13:44.090Z pw:api   "load" event fired</Text>
      </RunInfo>
      <RunInfo computerName="DESKTOP-RSFFHJT" outcome="Warning" timestamp="2025-05-01T21:13:44.1089756-04:00">
        <Text>2025-05-02T01:13:44.107Z pw:api waiting for Locator("div[id='main-nav-tab'] a[id*='ember'][class$='nav-link'], div[id='main-nav-tab']  a[id*='ember'][class$='nav-link ']").First</Text>
      </RunInfo>
      <RunInfo computerName="DESKTOP-RSFFHJT" outcome="Warning" timestamp="2025-05-01T21:13:44.1108835-04:00">
        <Text>2025-05-02T01:13:44.109Z pw:api   locator resolved to &lt;a id="ember79" href="#/home" class="ember-view active nav-link"&gt;ΓÇª&lt;/a&gt;</Text>
      </RunInfo>
      <RunInfo computerName="DESKTOP-RSFFHJT" outcome="Warning" timestamp="2025-05-01T21:13:44.1114766-04:00">
        <Text>2025-05-02T01:13:44.110Z pw:api waiting for Locator("div[id='main-nav-tab'] a[id*='ember'][class$='nav-link'], div[id='main-nav-tab']  a[id*='ember'][class$='nav-link ']").Nth(1)</Text>
      </RunInfo>
      <RunInfo computerName="DESKTOP-RSFFHJT" outcome="Warning" timestamp="2025-05-01T21:13:44.1141607-04:00">
        <Text>2025-05-02T01:13:44.113Z pw:api   locator resolved to &lt;a id="ember82" class="collapsed ember-view nav-link "&gt;ΓÇª&lt;/a&gt;</Text>
      </RunInfo>
      <RunInfo computerName="DESKTOP-RSFFHJT" outcome="Warning" timestamp="2025-05-01T21:13:44.1149624-04:00">
        <Text>2025-05-02T01:13:44.113Z pw:api waiting for Locator("div[id='main-nav-tab'] a[id*='ember'][class$='nav-link'], div[id='main-nav-tab']  a[id*='ember'][class$='nav-link ']").Nth(2)</Text>
      </RunInfo>
      <RunInfo computerName="DESKTOP-RSFFHJT" outcome="Warning" timestamp="2025-05-01T21:13:44.1170624-04:00">
        <Text>2025-05-02T01:13:44.116Z pw:api   locator resolved to &lt;a id="ember86" href="#/inventory/items" class="ember-view nav-link"&gt;ΓÇª&lt;/a&gt;</Text>
      </RunInfo>
      <RunInfo computerName="DESKTOP-RSFFHJT" outcome="Warning" timestamp="2025-05-01T21:13:44.1177357-04:00">
        <Text>2025-05-02T01:13:44.116Z pw:api waiting for Locator("div[id='main-nav-tab'] a[id*='ember'][class$='nav-link'], div[id='main-nav-tab']  a[id*='ember'][class$='nav-link ']").Nth(3)</Text>
      </RunInfo>
      <RunInfo computerName="DESKTOP-RSFFHJT" outcome="Warning" timestamp="2025-05-01T21:13:44.1195528-04:00">
        <Text>2025-05-02T01:13:44.118Z pw:api   locator resolved to &lt;a id="ember91" class="ember-view nav-link" href="#/inventory/itemgroups"&gt;ΓÇª&lt;/a&gt;</Text>
      </RunInfo>
      <RunInfo computerName="DESKTOP-RSFFHJT" outcome="Warning" timestamp="2025-05-01T21:13:44.1200298-04:00">
        <Text>2025-05-02T01:13:44.119Z pw:api waiting for Locator("div[id='main-nav-tab'] a[id*='ember'][class$='nav-link'], div[id='main-nav-tab']  a[id*='ember'][class$='nav-link ']").Nth(4)</Text>
      </RunInfo>
      <RunInfo computerName="DESKTOP-RSFFHJT" outcome="Warning" timestamp="2025-05-01T21:13:44.1219045-04:00">
        <Text>2025-05-02T01:13:44.120Z pw:api   locator resolved to &lt;a id="ember97" class="ember-view nav-link" href="#/inventory/adjustments"&gt;ΓÇª&lt;/a&gt;</Text>
      </RunInfo>
      <RunInfo computerName="DESKTOP-RSFFHJT" outcome="Warning" timestamp="2025-05-01T21:13:44.1225821-04:00">
        <Text>2025-05-02T01:13:44.121Z pw:api waiting for Locator("div[id='main-nav-tab'] a[id*='ember'][class$='nav-link'], div[id='main-nav-tab']  a[id*='ember'][class$='nav-link ']").Nth(5)</Text>
      </RunInfo>
      <RunInfo computerName="DESKTOP-RSFFHJT" outcome="Warning" timestamp="2025-05-01T21:13:44.1242702-04:00">
        <Text>2025-05-02T01:13:44.123Z pw:api   locator resolved to &lt;a id="ember104" class="collapsed ember-view nav-link "&gt;ΓÇª&lt;/a&gt;</Text>
      </RunInfo>
      <RunInfo computerName="DESKTOP-RSFFHJT" outcome="Warning" timestamp="2025-05-01T21:13:44.1247062-04:00">
        <Text>2025-05-02T01:13:44.123Z pw:api waiting for Locator("div[id='main-nav-tab'] a[id*='ember'][class$='nav-link'], div[id='main-nav-tab']  a[id*='ember'][class$='nav-link ']").Nth(6)</Text>
      </RunInfo>
      <RunInfo computerName="DESKTOP-RSFFHJT" outcome="Warning" timestamp="2025-05-01T21:13:44.1263734-04:00">
        <Text>2025-05-02T01:13:44.125Z pw:api   locator resolved to &lt;a id="ember108" href="#/contacts" class="ember-view nav-link"&gt;ΓÇª&lt;/a&gt;</Text>
      </RunInfo>
      <RunInfo computerName="DESKTOP-RSFFHJT" outcome="Warning" timestamp="2025-05-01T21:13:44.1270470-04:00">
        <Text>2025-05-02T01:13:44.126Z pw:api waiting for Locator("div[id='main-nav-tab'] a[id*='ember'][class$='nav-link'], div[id='main-nav-tab']  a[id*='ember'][class$='nav-link ']").Nth(7)</Text>
      </RunInfo>
      <RunInfo computerName="DESKTOP-RSFFHJT" outcome="Warning" timestamp="2025-05-01T21:13:44.1287781-04:00">
        <Text>2025-05-02T01:13:44.127Z pw:api   locator resolved to &lt;a id="ember114" href="#/salesorders" class="ember-view nav-link"&gt;ΓÇª&lt;/a&gt;</Text>
      </RunInfo>
      <RunInfo computerName="DESKTOP-RSFFHJT" outcome="Warning" timestamp="2025-05-01T21:13:44.1294442-04:00">
        <Text>2025-05-02T01:13:44.128Z pw:api waiting for Locator("div[id='main-nav-tab'] a[id*='ember'][class$='nav-link'], div[id='main-nav-tab']  a[id*='ember'][class$='nav-link ']").Nth(8)</Text>
      </RunInfo>
      <RunInfo computerName="DESKTOP-RSFFHJT" outcome="Warning" timestamp="2025-05-01T21:13:44.1320605-04:00">
        <Text>2025-05-02T01:13:44.130Z pw:api   locator resolved to &lt;a id="ember121" href="#/packages" class="ember-view nav-link"&gt;ΓÇª&lt;/a&gt;</Text>
      </RunInfo>
      <RunInfo computerName="DESKTOP-RSFFHJT" outcome="Warning" timestamp="2025-05-01T21:13:44.1327306-04:00">
        <Text>2025-05-02T01:13:44.131Z pw:api waiting for Locator("div[id='main-nav-tab'] a[id*='ember'][class$='nav-link'], div[id='main-nav-tab']  a[id*='ember'][class$='nav-link ']").Nth(9)</Text>
      </RunInfo>
      <RunInfo computerName="DESKTOP-RSFFHJT" outcome="Warning" timestamp="2025-05-01T21:13:44.1343831-04:00">
        <Text>2025-05-02T01:13:44.133Z pw:api   locator resolved to &lt;a id="ember125" href="#/shipments" class="ember-view nav-link"&gt;ΓÇª&lt;/a&gt;</Text>
      </RunInfo>
      <RunInfo computerName="DESKTOP-RSFFHJT" outcome="Warning" timestamp="2025-05-01T21:13:44.1349875-04:00">
        <Text>2025-05-02T01:13:44.134Z pw:api waiting for Locator("div[id='main-nav-tab'] a[id*='ember'][class$='nav-link'], div[id='main-nav-tab']  a[id*='ember'][class$='nav-link ']").Nth(10)</Text>
      </RunInfo>
      <RunInfo computerName="DESKTOP-RSFFHJT" outcome="Warning" timestamp="2025-05-01T21:13:44.1363112-04:00">
        <Text>2025-05-02T01:13:44.135Z pw:api   locator resolved to &lt;a id="ember129" href="#/invoices" class="ember-view nav-link"&gt;ΓÇª&lt;/a&gt;</Text>
      </RunInfo>
      <RunInfo computerName="DESKTOP-RSFFHJT" outcome="Warning" timestamp="2025-05-01T21:13:44.1367313-04:00">
        <Text>2025-05-02T01:13:44.135Z pw:api waiting for Locator("div[id='main-nav-tab'] a[id*='ember'][class$='nav-link'], div[id='main-nav-tab']  a[id*='ember'][class$='nav-link ']").Nth(11)</Text>
      </RunInfo>
      <RunInfo computerName="DESKTOP-RSFFHJT" outcome="Warning" timestamp="2025-05-01T21:13:44.1381941-04:00">
        <Text>2025-05-02T01:13:44.137Z pw:api   locator resolved to &lt;a id="ember134" href="#/paymentsreceived" class="ember-view nav-link"&gt;ΓÇª&lt;/a&gt;</Text>
      </RunInfo>
      <RunInfo computerName="DESKTOP-RSFFHJT" outcome="Warning" timestamp="2025-05-01T21:13:44.1388529-04:00">
        <Text>2025-05-02T01:13:44.137Z pw:api waiting for Locator("div[id='main-nav-tab'] a[id*='ember'][class$='nav-link'], div[id='main-nav-tab']  a[id*='ember'][class$='nav-link ']").Nth(12)</Text>
      </RunInfo>
      <RunInfo computerName="DESKTOP-RSFFHJT" outcome="Warning" timestamp="2025-05-01T21:13:44.1472502-04:00">
        <Text>2025-05-02T01:13:44.146Z pw:api   locator resolved to &lt;a id="ember140" href="#/salesreturns" class="ember-view nav-link"&gt;ΓÇª&lt;/a&gt;</Text>
      </RunInfo>
      <RunInfo computerName="DESKTOP-RSFFHJT" outcome="Warning" timestamp="2025-05-01T21:13:44.1480314-04:00">
        <Text>2025-05-02T01:13:44.147Z pw:api waiting for Locator("div[id='main-nav-tab'] a[id*='ember'][class$='nav-link'], div[id='main-nav-tab']  a[id*='ember'][class$='nav-link ']").Nth(13)</Text>
      </RunInfo>
      <RunInfo computerName="DESKTOP-RSFFHJT" outcome="Warning" timestamp="2025-05-01T21:13:44.1749215-04:00">
        <Text>2025-05-02T01:13:44.173Z pw:api   locator resolved to &lt;a id="ember143" href="#/creditnotes" class="ember-view nav-link"&gt;ΓÇª&lt;/a&gt;</Text>
      </RunInfo>
      <RunInfo computerName="DESKTOP-RSFFHJT" outcome="Warning" timestamp="2025-05-01T21:13:44.1755378-04:00">
        <Text>2025-05-02T01:13:44.174Z pw:api waiting for Locator("div[id='main-nav-tab'] a[id*='ember'][class$='nav-link'], div[id='main-nav-tab']  a[id*='ember'][class$='nav-link ']").Nth(14)</Text>
      </RunInfo>
      <RunInfo computerName="DESKTOP-RSFFHJT" outcome="Warning" timestamp="2025-05-01T21:13:44.1966819-04:00">
        <Text>2025-05-02T01:13:44.195Z pw:api   locator resolved to &lt;a id="ember147" class="collapsed ember-view nav-link "&gt;ΓÇª&lt;/a&gt;</Text>
      </RunInfo>
      <RunInfo computerName="DESKTOP-RSFFHJT" outcome="Warning" timestamp="2025-05-01T21:13:44.1974127-04:00">
        <Text>2025-05-02T01:13:44.196Z pw:api waiting for Locator("div[id='main-nav-tab'] a[id*='ember'][class$='nav-link'], div[id='main-nav-tab']  a[id*='ember'][class$='nav-link ']").Nth(15)</Text>
      </RunInfo>
      <RunInfo computerName="DESKTOP-RSFFHJT" outcome="Warning" timestamp="2025-05-01T21:13:44.2025925-04:00">
        <Text>2025-05-02T01:13:44.201Z pw:api   locator resolved to &lt;a id="ember151" href="#/vendors" class="ember-view nav-link"&gt;ΓÇª&lt;/a&gt;</Text>
      </RunInfo>
      <RunInfo computerName="DESKTOP-RSFFHJT" outcome="Warning" timestamp="2025-05-01T21:13:44.2047317-04:00">
        <Text>2025-05-02T01:13:44.203Z pw:api waiting for Locator("div[id='main-nav-tab'] a[id*='ember'][class$='nav-link'], div[id='main-nav-tab']  a[id*='ember'][class$='nav-link ']").Nth(16)</Text>
      </RunInfo>
      <RunInfo computerName="DESKTOP-RSFFHJT" outcome="Warning" timestamp="2025-05-01T21:13:44.2064599-04:00">
        <Text>2025-05-02T01:13:44.205Z pw:api   locator resolved to &lt;a id="ember155" href="#/expenses" class="ember-view nav-link"&gt;ΓÇª&lt;/a&gt;</Text>
      </RunInfo>
      <RunInfo computerName="DESKTOP-RSFFHJT" outcome="Warning" timestamp="2025-05-01T21:13:44.2070876-04:00">
        <Text>2025-05-02T01:13:44.206Z pw:api waiting for Locator("div[id='main-nav-tab'] a[id*='ember'][class$='nav-link'], div[id='main-nav-tab']  a[id*='ember'][class$='nav-link ']").Nth(17)</Text>
      </RunInfo>
      <RunInfo computerName="DESKTOP-RSFFHJT" outcome="Warning" timestamp="2025-05-01T21:13:44.2083958-04:00">
        <Text>2025-05-02T01:13:44.207Z pw:api   locator resolved to &lt;a id="ember159" href="#/purchaseorders" class="ember-view nav-link"&gt;ΓÇª&lt;/a&gt;</Text>
      </RunInfo>
      <RunInfo computerName="DESKTOP-RSFFHJT" outcome="Warning" timestamp="2025-05-01T21:13:44.2088674-04:00">
        <Text>2025-05-02T01:13:44.207Z pw:api waiting for Locator("div[id='main-nav-tab'] a[id*='ember'][class$='nav-link'], div[id='main-nav-tab']  a[id*='ember'][class$='nav-link ']").Nth(18)</Text>
      </RunInfo>
      <RunInfo computerName="DESKTOP-RSFFHJT" outcome="Warning" timestamp="2025-05-01T21:13:44.2102593-04:00">
        <Text>2025-05-02T01:13:44.209Z pw:api   locator resolved to &lt;a id="ember163" href="#/purchasereceives" class="ember-view nav-link"&gt;ΓÇª&lt;/a&gt;</Text>
      </RunInfo>
      <RunInfo computerName="DESKTOP-RSFFHJT" outcome="Warning" timestamp="2025-05-01T21:13:44.2105943-04:00">
        <Text>2025-05-02T01:13:44.209Z pw:api waiting for Locator("div[id='main-nav-tab'] a[id*='ember'][class$='nav-link'], div[id='main-nav-tab']  a[id*='ember'][class$='nav-link ']").Nth(19)</Text>
      </RunInfo>
      <RunInfo computerName="DESKTOP-RSFFHJT" outcome="Warning" timestamp="2025-05-01T21:13:44.2122070-04:00">
        <Text>2025-05-02T01:13:44.211Z pw:api   locator resolved to &lt;a id="ember168" href="#/bills" class="ember-view nav-link"&gt;ΓÇª&lt;/a&gt;</Text>
      </RunInfo>
      <RunInfo computerName="DESKTOP-RSFFHJT" outcome="Warning" timestamp="2025-05-01T21:13:44.2126721-04:00">
        <Text>2025-05-02T01:13:44.211Z pw:api waiting for Locator("div[id='main-nav-tab'] a[id*='ember'][class$='nav-link'], div[id='main-nav-tab']  a[id*='ember'][class$='nav-link ']").Nth(20)</Text>
      </RunInfo>
      <RunInfo computerName="DESKTOP-RSFFHJT" outcome="Warning" timestamp="2025-05-01T21:13:44.2149118-04:00">
        <Text>2025-05-02T01:13:44.213Z pw:api   locator resolved to &lt;a id="ember172" href="#/paymentsmade" class="ember-view nav-link"&gt;ΓÇª&lt;/a&gt;</Text>
      </RunInfo>
      <RunInfo computerName="DESKTOP-RSFFHJT" outcome="Warning" timestamp="2025-05-01T21:13:44.2153706-04:00">
        <Text>2025-05-02T01:13:44.214Z pw:api waiting for Locator("div[id='main-nav-tab'] a[id*='ember'][class$='nav-link'], div[id='main-nav-tab']  a[id*='ember'][class$='nav-link ']").Nth(21)</Text>
      </RunInfo>
      <RunInfo computerName="DESKTOP-RSFFHJT" outcome="Warning" timestamp="2025-05-01T21:13:44.2167552-04:00">
        <Text>2025-05-02T01:13:44.215Z pw:api   locator resolved to &lt;a id="ember177" href="#/vendorcredits" class="ember-view nav-link"&gt;ΓÇª&lt;/a&gt;</Text>
      </RunInfo>
      <RunInfo computerName="DESKTOP-RSFFHJT" outcome="Warning" timestamp="2025-05-01T21:13:44.2172127-04:00">
        <Text>2025-05-02T01:13:44.216Z pw:api waiting for Locator("div[id='main-nav-tab'] a[id*='ember'][class$='nav-link'], div[id='main-nav-tab']  a[id*='ember'][class$='nav-link ']").Nth(22)</Text>
      </RunInfo>
      <RunInfo computerName="DESKTOP-RSFFHJT" outcome="Warning" timestamp="2025-05-01T21:13:44.2187212-04:00">
        <Text>2025-05-02T01:13:44.217Z pw:api   locator resolved to &lt;a id="ember181" class="ember-view nav-link" href="#/settings/integrations"&gt;ΓÇª&lt;/a&gt;</Text>
      </RunInfo>
      <RunInfo computerName="DESKTOP-RSFFHJT" outcome="Warning" timestamp="2025-05-01T21:13:44.2192122-04:00">
        <Text>2025-05-02T01:13:44.218Z pw:api waiting for Locator("div[id='main-nav-tab'] a[id*='ember'][class$='nav-link'], div[id='main-nav-tab']  a[id*='ember'][class$='nav-link ']").Nth(23)</Text>
      </RunInfo>
      <RunInfo computerName="DESKTOP-RSFFHJT" outcome="Warning" timestamp="2025-05-01T21:13:44.2209602-04:00">
        <Text>2025-05-02T01:13:44.220Z pw:api   locator resolved to &lt;a id="ember184" href="#/reports" class="ember-view nav-link"&gt;ΓÇª&lt;/a&gt;</Text>
      </RunInfo>
      <RunInfo computerName="DESKTOP-RSFFHJT" outcome="Warning" timestamp="2025-05-01T21:13:44.2215709-04:00">
        <Text>2025-05-02T01:13:44.220Z pw:api waiting for Locator("div[id='main-nav-tab'] a[id*='ember'][class$='nav-link'], div[id='main-nav-tab']  a[id*='ember'][class$='nav-link ']").Nth(24)</Text>
      </RunInfo>
      <RunInfo computerName="DESKTOP-RSFFHJT" outcome="Warning" timestamp="2025-05-01T21:13:44.2232035-04:00">
        <Text>2025-05-02T01:13:44.222Z pw:api   locator resolved to &lt;a id="ember187" href="#/documents/inbox" class="ember-view nav-link"&gt;ΓÇª&lt;/a&gt;</Text>
      </RunInfo>
      <RunInfo computerName="DESKTOP-RSFFHJT" outcome="Warning" timestamp="2025-05-01T21:13:44.2237157-04:00">
        <Text>2025-05-02T01:13:44.222Z pw:api waiting for Locator("div[id='main-nav-tab'] a[id*='ember'][class$='nav-link'], div[id='main-nav-tab']  a[id*='ember'][class$='nav-link ']").Nth(1)</Text>
      </RunInfo>
      <RunInfo computerName="DESKTOP-RSFFHJT" outcome="Warning" timestamp="2025-05-01T21:13:44.2258830-04:00">
        <Text>2025-05-02T01:13:44.224Z pw:api   locator resolved to &lt;a id="ember82" class="collapsed ember-view nav-link "&gt;ΓÇª&lt;/a&gt;</Text>
      </RunInfo>
      <RunInfo computerName="DESKTOP-RSFFHJT" outcome="Warning" timestamp="2025-05-01T21:13:44.2265163-04:00">
        <Text>2025-05-02T01:13:44.225Z pw:api attempting click action</Text>
      </RunInfo>
      <RunInfo computerName="DESKTOP-RSFFHJT" outcome="Warning" timestamp="2025-05-01T21:13:44.2265356-04:00">
        <Text>2025-05-02T01:13:44.225Z pw:api   waiting for element to be visible, enabled and stable</Text>
      </RunInfo>
      <RunInfo computerName="DESKTOP-RSFFHJT" outcome="Warning" timestamp="2025-05-01T21:13:44.2471520-04:00">
        <Text>2025-05-02T01:13:44.245Z pw:api   element is visible, enabled and stable</Text>
      </RunInfo>
      <RunInfo computerName="DESKTOP-RSFFHJT" outcome="Warning" timestamp="2025-05-01T21:13:44.2471609-04:00">
        <Text>2025-05-02T01:13:44.246Z pw:api   scrolling into view if needed</Text>
      </RunInfo>
      <RunInfo computerName="DESKTOP-RSFFHJT" outcome="Warning" timestamp="2025-05-01T21:13:44.2476012-04:00">
        <Text>2025-05-02T01:13:44.246Z pw:api   done scrolling</Text>
      </RunInfo>
      <RunInfo computerName="DESKTOP-RSFFHJT" outcome="Warning" timestamp="2025-05-01T21:13:44.2498340-04:00">
        <Text>2025-05-02T01:13:44.248Z pw:api   performing click action</Text>
      </RunInfo>
      <RunInfo computerName="DESKTOP-RSFFHJT" outcome="Warning" timestamp="2025-05-01T21:13:44.2655516-04:00">
        <Text>2025-05-02T01:13:44.264Z pw:api   click action done</Text>
      </RunInfo>
      <RunInfo computerName="DESKTOP-RSFFHJT" outcome="Warning" timestamp="2025-05-01T21:13:44.2655606-04:00">
        <Text>2025-05-02T01:13:44.264Z pw:api   waiting for scheduled navigations to finish</Text>
      </RunInfo>
      <RunInfo computerName="DESKTOP-RSFFHJT" outcome="Warning" timestamp="2025-05-01T21:13:44.2673583-04:00">
        <Text>2025-05-02T01:13:44.266Z pw:api   navigations have finished</Text>
      </RunInfo>
      <RunInfo computerName="DESKTOP-RSFFHJT" outcome="Warning" timestamp="2025-05-01T21:13:44.2706193-04:00">
        <Text>2025-05-02T01:13:44.269Z pw:api waiting for Locator("div[id='main-nav-tab'] a[id*='ember'][class$='nav-link'], div[id='main-nav-tab']  a[id*='ember'][class$='nav-link ']").First</Text>
      </RunInfo>
      <RunInfo computerName="DESKTOP-RSFFHJT" outcome="Warning" timestamp="2025-05-01T21:13:44.2722235-04:00">
        <Text>2025-05-02T01:13:44.271Z pw:api   locator resolved to &lt;a id="ember79" href="#/home" class="ember-view active nav-link"&gt;ΓÇª&lt;/a&gt;</Text>
      </RunInfo>
      <RunInfo computerName="DESKTOP-RSFFHJT" outcome="Warning" timestamp="2025-05-01T21:13:44.2727185-04:00">
        <Text>2025-05-02T01:13:44.271Z pw:api waiting for Locator("div[id='main-nav-tab'] a[id*='ember'][class$='nav-link'], div[id='main-nav-tab']  a[id*='ember'][class$='nav-link ']").Nth(1)</Text>
      </RunInfo>
      <RunInfo computerName="DESKTOP-RSFFHJT" outcome="Warning" timestamp="2025-05-01T21:13:44.2742156-04:00">
        <Text>2025-05-02T01:13:44.273Z pw:api   locator resolved to &lt;a id="ember82" class="ember-view nav-link "&gt;ΓÇª&lt;/a&gt;</Text>
      </RunInfo>
      <RunInfo computerName="DESKTOP-RSFFHJT" outcome="Warning" timestamp="2025-05-01T21:13:44.2747996-04:00">
        <Text>2025-05-02T01:13:44.273Z pw:api waiting for Locator("div[id='main-nav-tab'] a[id*='ember'][class$='nav-link'], div[id='main-nav-tab']  a[id*='ember'][class$='nav-link ']").Nth(2)</Text>
      </RunInfo>
      <RunInfo computerName="DESKTOP-RSFFHJT" outcome="Warning" timestamp="2025-05-01T21:13:44.2762499-04:00">
        <Text>2025-05-02T01:13:44.275Z pw:api   locator resolved to &lt;a id="ember86" href="#/inventory/items" class="ember-view nav-link"&gt;ΓÇª&lt;/a&gt;</Text>
      </RunInfo>
      <RunInfo computerName="DESKTOP-RSFFHJT" outcome="Warning" timestamp="2025-05-01T21:13:44.2767183-04:00">
        <Text>2025-05-02T01:13:44.275Z pw:api waiting for Locator("div[id='main-nav-tab'] a[id*='ember'][class$='nav-link'], div[id='main-nav-tab']  a[id*='ember'][class$='nav-link ']").Nth(3)</Text>
      </RunInfo>
      <RunInfo computerName="DESKTOP-RSFFHJT" outcome="Warning" timestamp="2025-05-01T21:13:44.2784038-04:00">
        <Text>2025-05-02T01:13:44.277Z pw:api   locator resolved to &lt;a id="ember91" class="ember-view nav-link" href="#/inventory/itemgroups"&gt;ΓÇª&lt;/a&gt;</Text>
      </RunInfo>
      <RunInfo computerName="DESKTOP-RSFFHJT" outcome="Warning" timestamp="2025-05-01T21:13:44.2787823-04:00">
        <Text>2025-05-02T01:13:44.277Z pw:api waiting for Locator("div[id='main-nav-tab'] a[id*='ember'][class$='nav-link'], div[id='main-nav-tab']  a[id*='ember'][class$='nav-link ']").Nth(4)</Text>
      </RunInfo>
      <RunInfo computerName="DESKTOP-RSFFHJT" outcome="Warning" timestamp="2025-05-01T21:13:44.2806942-04:00">
        <Text>2025-05-02T01:13:44.279Z pw:api   locator resolved to &lt;a id="ember97" class="ember-view nav-link" href="#/inventory/adjustments"&gt;ΓÇª&lt;/a&gt;</Text>
      </RunInfo>
      <RunInfo computerName="DESKTOP-RSFFHJT" outcome="Warning" timestamp="2025-05-01T21:13:44.2812087-04:00">
        <Text>2025-05-02T01:13:44.280Z pw:api waiting for Locator("div[id='main-nav-tab'] a[id*='ember'][class$='nav-link'], div[id='main-nav-tab']  a[id*='ember'][class$='nav-link ']").Nth(5)</Text>
      </RunInfo>
      <RunInfo computerName="DESKTOP-RSFFHJT" outcome="Warning" timestamp="2025-05-01T21:13:44.2844272-04:00">
        <Text>2025-05-02T01:13:44.283Z pw:api   locator resolved to &lt;a id="ember104" class="collapsed ember-view nav-link "&gt;ΓÇª&lt;/a&gt;</Text>
      </RunInfo>
      <RunInfo computerName="DESKTOP-RSFFHJT" outcome="Warning" timestamp="2025-05-01T21:13:44.2848801-04:00">
        <Text>2025-05-02T01:13:44.283Z pw:api waiting for Locator("div[id='main-nav-tab'] a[id*='ember'][class$='nav-link'], div[id='main-nav-tab']  a[id*='ember'][class$='nav-link ']").Nth(6)</Text>
      </RunInfo>
      <RunInfo computerName="DESKTOP-RSFFHJT" outcome="Warning" timestamp="2025-05-01T21:13:44.2863993-04:00">
        <Text>2025-05-02T01:13:44.285Z pw:api   locator resolved to &lt;a id="ember108" href="#/contacts" class="ember-view nav-link"&gt;ΓÇª&lt;/a&gt;</Text>
      </RunInfo>
      <RunInfo computerName="DESKTOP-RSFFHJT" outcome="Warning" timestamp="2025-05-01T21:13:44.2870931-04:00">
        <Text>2025-05-02T01:13:44.286Z pw:api waiting for Locator("div[id='main-nav-tab'] a[id*='ember'][class$='nav-link'], div[id='main-nav-tab']  a[id*='ember'][class$='nav-link ']").Nth(7)</Text>
      </RunInfo>
      <RunInfo computerName="DESKTOP-RSFFHJT" outcome="Warning" timestamp="2025-05-01T21:13:44.2888095-04:00">
        <Text>2025-05-02T01:13:44.287Z pw:api   locator resolved to &lt;a id="ember114" href="#/salesorders" class="ember-view nav-link"&gt;ΓÇª&lt;/a&gt;</Text>
      </RunInfo>
      <RunInfo computerName="DESKTOP-RSFFHJT" outcome="Warning" timestamp="2025-05-01T21:13:44.2894281-04:00">
        <Text>2025-05-02T01:13:44.288Z pw:api waiting for Locator("div[id='main-nav-tab'] a[id*='ember'][class$='nav-link'], div[id='main-nav-tab']  a[id*='ember'][class$='nav-link ']").Nth(8)</Text>
      </RunInfo>
      <RunInfo computerName="DESKTOP-RSFFHJT" outcome="Warning" timestamp="2025-05-01T21:13:44.2912288-04:00">
        <Text>2025-05-02T01:13:44.290Z pw:api   locator resolved to &lt;a id="ember121" href="#/packages" class="ember-view nav-link"&gt;ΓÇª&lt;/a&gt;</Text>
      </RunInfo>
      <RunInfo computerName="DESKTOP-RSFFHJT" outcome="Warning" timestamp="2025-05-01T21:13:44.2916907-04:00">
        <Text>2025-05-02T01:13:44.290Z pw:api waiting for Locator("div[id='main-nav-tab'] a[id*='ember'][class$='nav-link'], div[id='main-nav-tab']  a[id*='ember'][class$='nav-link ']").Nth(9)</Text>
      </RunInfo>
      <RunInfo computerName="DESKTOP-RSFFHJT" outcome="Warning" timestamp="2025-05-01T21:13:44.2933468-04:00">
        <Text>2025-05-02T01:13:44.292Z pw:api   locator resolved to &lt;a id="ember125" href="#/shipments" class="ember-view nav-link"&gt;ΓÇª&lt;/a&gt;</Text>
      </RunInfo>
      <RunInfo computerName="DESKTOP-RSFFHJT" outcome="Warning" timestamp="2025-05-01T21:13:44.2937399-04:00">
        <Text>2025-05-02T01:13:44.292Z pw:api waiting for Locator("div[id='main-nav-tab'] a[id*='ember'][class$='nav-link'], div[id='main-nav-tab']  a[id*='ember'][class$='nav-link ']").Nth(10)</Text>
      </RunInfo>
      <RunInfo computerName="DESKTOP-RSFFHJT" outcome="Warning" timestamp="2025-05-01T21:13:44.2952364-04:00">
        <Text>2025-05-02T01:13:44.294Z pw:api   locator resolved to &lt;a id="ember129" href="#/invoices" class="ember-view nav-link"&gt;ΓÇª&lt;/a&gt;</Text>
      </RunInfo>
      <RunInfo computerName="DESKTOP-RSFFHJT" outcome="Warning" timestamp="2025-05-01T21:13:44.2960143-04:00">
        <Text>2025-05-02T01:13:44.294Z pw:api waiting for Locator("div[id='main-nav-tab'] a[id*='ember'][class$='nav-link'], div[id='main-nav-tab']  a[id*='ember'][class$='nav-link ']").Nth(11)</Text>
      </RunInfo>
      <RunInfo computerName="DESKTOP-RSFFHJT" outcome="Warning" timestamp="2025-05-01T21:13:44.3000869-04:00">
        <Text>2025-05-02T01:13:44.298Z pw:api   locator resolved to &lt;a id="ember134" href="#/paymentsreceived" class="ember-view nav-link"&gt;ΓÇª&lt;/a&gt;</Text>
      </RunInfo>
      <RunInfo computerName="DESKTOP-RSFFHJT" outcome="Warning" timestamp="2025-05-01T21:13:44.3008017-04:00">
        <Text>2025-05-02T01:13:44.299Z pw:api waiting for Locator("div[id='main-nav-tab'] a[id*='ember'][class$='nav-link'], div[id='main-nav-tab']  a[id*='ember'][class$='nav-link ']").Nth(12)</Text>
      </RunInfo>
      <RunInfo computerName="DESKTOP-RSFFHJT" outcome="Warning" timestamp="2025-05-01T21:13:44.3024968-04:00">
        <Text>2025-05-02T01:13:44.301Z pw:api   locator resolved to &lt;a id="ember140" href="#/salesreturns" class="ember-view nav-link"&gt;ΓÇª&lt;/a&gt;</Text>
      </RunInfo>
      <RunInfo computerName="DESKTOP-RSFFHJT" outcome="Warning" timestamp="2025-05-01T21:13:44.3029797-04:00">
        <Text>2025-05-02T01:13:44.302Z pw:api waiting for Locator("div[id='main-nav-tab'] a[id*='ember'][class$='nav-link'], div[id='main-nav-tab']  a[id*='ember'][class$='nav-link ']").Nth(13)</Text>
      </RunInfo>
      <RunInfo computerName="DESKTOP-RSFFHJT" outcome="Warning" timestamp="2025-05-01T21:13:44.3046035-04:00">
        <Text>2025-05-02T01:13:44.303Z pw:api   locator resolved to &lt;a id="ember143" href="#/creditnotes" class="ember-view nav-link"&gt;ΓÇª&lt;/a&gt;</Text>
      </RunInfo>
      <RunInfo computerName="DESKTOP-RSFFHJT" outcome="Warning" timestamp="2025-05-01T21:13:44.3051375-04:00">
        <Text>2025-05-02T01:13:44.304Z pw:api waiting for Locator("div[id='main-nav-tab'] a[id*='ember'][class$='nav-link'], div[id='main-nav-tab']  a[id*='ember'][class$='nav-link ']").Nth(14)</Text>
      </RunInfo>
      <RunInfo computerName="DESKTOP-RSFFHJT" outcome="Warning" timestamp="2025-05-01T21:13:44.3065846-04:00">
        <Text>2025-05-02T01:13:44.305Z pw:api   locator resolved to &lt;a id="ember147" class="collapsed ember-view nav-link "&gt;ΓÇª&lt;/a&gt;</Text>
      </RunInfo>
      <RunInfo computerName="DESKTOP-RSFFHJT" outcome="Warning" timestamp="2025-05-01T21:13:44.3069844-04:00">
        <Text>2025-05-02T01:13:44.306Z pw:api waiting for Locator("div[id='main-nav-tab'] a[id*='ember'][class$='nav-link'], div[id='main-nav-tab']  a[id*='ember'][class$='nav-link ']").Nth(15)</Text>
      </RunInfo>
      <RunInfo computerName="DESKTOP-RSFFHJT" outcome="Warning" timestamp="2025-05-01T21:13:44.3084157-04:00">
        <Text>2025-05-02T01:13:44.307Z pw:api   locator resolved to &lt;a id="ember151" href="#/vendors" class="ember-view nav-link"&gt;ΓÇª&lt;/a&gt;</Text>
      </RunInfo>
      <RunInfo computerName="DESKTOP-RSFFHJT" outcome="Warning" timestamp="2025-05-01T21:13:44.3087916-04:00">
        <Text>2025-05-02T01:13:44.307Z pw:api waiting for Locator("div[id='main-nav-tab'] a[id*='ember'][class$='nav-link'], div[id='main-nav-tab']  a[id*='ember'][class$='nav-link ']").Nth(16)</Text>
      </RunInfo>
      <RunInfo computerName="DESKTOP-RSFFHJT" outcome="Warning" timestamp="2025-05-01T21:13:44.3100535-04:00">
        <Text>2025-05-02T01:13:44.309Z pw:api   locator resolved to &lt;a id="ember155" href="#/expenses" class="ember-view nav-link"&gt;ΓÇª&lt;/a&gt;</Text>
      </RunInfo>
      <RunInfo computerName="DESKTOP-RSFFHJT" outcome="Warning" timestamp="2025-05-01T21:13:44.3107237-04:00">
        <Text>2025-05-02T01:13:44.309Z pw:api waiting for Locator("div[id='main-nav-tab'] a[id*='ember'][class$='nav-link'], div[id='main-nav-tab']  a[id*='ember'][class$='nav-link ']").Nth(17)</Text>
      </RunInfo>
      <RunInfo computerName="DESKTOP-RSFFHJT" outcome="Warning" timestamp="2025-05-01T21:13:44.3124793-04:00">
        <Text>2025-05-02T01:13:44.311Z pw:api   locator resolved to &lt;a id="ember159" href="#/purchaseorders" class="ember-view nav-link"&gt;ΓÇª&lt;/a&gt;</Text>
      </RunInfo>
      <RunInfo computerName="DESKTOP-RSFFHJT" outcome="Warning" timestamp="2025-05-01T21:13:44.3129633-04:00">
        <Text>2025-05-02T01:13:44.312Z pw:api waiting for Locator("div[id='main-nav-tab'] a[id*='ember'][class$='nav-link'], div[id='main-nav-tab']  a[id*='ember'][class$='nav-link ']").Nth(18)</Text>
      </RunInfo>
      <RunInfo computerName="DESKTOP-RSFFHJT" outcome="Warning" timestamp="2025-05-01T21:13:44.3165192-04:00">
        <Text>2025-05-02T01:13:44.315Z pw:api   locator resolved to &lt;a id="ember163" href="#/purchasereceives" class="ember-view nav-link"&gt;ΓÇª&lt;/a&gt;</Text>
      </RunInfo>
      <RunInfo computerName="DESKTOP-RSFFHJT" outcome="Warning" timestamp="2025-05-01T21:13:44.3171574-04:00">
        <Text>2025-05-02T01:13:44.316Z pw:api waiting for Locator("div[id='main-nav-tab'] a[id*='ember'][class$='nav-link'], div[id='main-nav-tab']  a[id*='ember'][class$='nav-link ']").Nth(19)</Text>
      </RunInfo>
      <RunInfo computerName="DESKTOP-RSFFHJT" outcome="Warning" timestamp="2025-05-01T21:13:44.3187846-04:00">
        <Text>2025-05-02T01:13:44.317Z pw:api   locator resolved to &lt;a id="ember168" href="#/bills" class="ember-view nav-link"&gt;ΓÇª&lt;/a&gt;</Text>
      </RunInfo>
      <RunInfo computerName="DESKTOP-RSFFHJT" outcome="Warning" timestamp="2025-05-01T21:13:44.3191670-04:00">
        <Text>2025-05-02T01:13:44.318Z pw:api waiting for Locator("div[id='main-nav-tab'] a[id*='ember'][class$='nav-link'], div[id='main-nav-tab']  a[id*='ember'][class$='nav-link ']").Nth(20)</Text>
      </RunInfo>
      <RunInfo computerName="DESKTOP-RSFFHJT" outcome="Warning" timestamp="2025-05-01T21:13:44.3208496-04:00">
        <Text>2025-05-02T01:13:44.319Z pw:api   locator resolved to &lt;a id="ember172" href="#/paymentsmade" class="ember-view nav-link"&gt;ΓÇª&lt;/a&gt;</Text>
      </RunInfo>
      <RunInfo computerName="DESKTOP-RSFFHJT" outcome="Warning" timestamp="2025-05-01T21:13:44.3214024-04:00">
        <Text>2025-05-02T01:13:44.320Z pw:api waiting for Locator("div[id='main-nav-tab'] a[id*='ember'][class$='nav-link'], div[id='main-nav-tab']  a[id*='ember'][class$='nav-link ']").Nth(21)</Text>
      </RunInfo>
      <RunInfo computerName="DESKTOP-RSFFHJT" outcome="Warning" timestamp="2025-05-01T21:13:44.3228619-04:00">
        <Text>2025-05-02T01:13:44.321Z pw:api   locator resolved to &lt;a id="ember177" href="#/vendorcredits" class="ember-view nav-link"&gt;ΓÇª&lt;/a&gt;</Text>
      </RunInfo>
      <RunInfo computerName="DESKTOP-RSFFHJT" outcome="Warning" timestamp="2025-05-01T21:13:44.3232799-04:00">
        <Text>2025-05-02T01:13:44.322Z pw:api waiting for Locator("div[id='main-nav-tab'] a[id*='ember'][class$='nav-link'], div[id='main-nav-tab']  a[id*='ember'][class$='nav-link ']").Nth(22)</Text>
      </RunInfo>
      <RunInfo computerName="DESKTOP-RSFFHJT" outcome="Warning" timestamp="2025-05-01T21:13:44.3247528-04:00">
        <Text>2025-05-02T01:13:44.323Z pw:api   locator resolved to &lt;a id="ember181" class="ember-view nav-link" href="#/settings/integrations"&gt;ΓÇª&lt;/a&gt;</Text>
      </RunInfo>
      <RunInfo computerName="DESKTOP-RSFFHJT" outcome="Warning" timestamp="2025-05-01T21:13:44.3251524-04:00">
        <Text>2025-05-02T01:13:44.324Z pw:api waiting for Locator("div[id='main-nav-tab'] a[id*='ember'][class$='nav-link'], div[id='main-nav-tab']  a[id*='ember'][class$='nav-link ']").Nth(23)</Text>
      </RunInfo>
      <RunInfo computerName="DESKTOP-RSFFHJT" outcome="Warning" timestamp="2025-05-01T21:13:44.3265372-04:00">
        <Text>2025-05-02T01:13:44.325Z pw:api   locator resolved to &lt;a id="ember184" href="#/reports" class="ember-view nav-link"&gt;ΓÇª&lt;/a&gt;</Text>
      </RunInfo>
      <RunInfo computerName="DESKTOP-RSFFHJT" outcome="Warning" timestamp="2025-05-01T21:13:44.3269616-04:00">
        <Text>2025-05-02T01:13:44.326Z pw:api waiting for Locator("div[id='main-nav-tab'] a[id*='ember'][class$='nav-link'], div[id='main-nav-tab']  a[id*='ember'][class$='nav-link ']").Nth(24)</Text>
      </RunInfo>
      <RunInfo computerName="DESKTOP-RSFFHJT" outcome="Warning" timestamp="2025-05-01T21:13:44.3283233-04:00">
        <Text>2025-05-02T01:13:44.327Z pw:api   locator resolved to &lt;a id="ember187" href="#/documents/inbox" class="ember-view nav-link"&gt;ΓÇª&lt;/a&gt;</Text>
      </RunInfo>
      <RunInfo computerName="DESKTOP-RSFFHJT" outcome="Warning" timestamp="2025-05-01T21:13:44.3287878-04:00">
        <Text>2025-05-02T01:13:44.327Z pw:api waiting for Locator("div[id='main-nav-tab'] a[id*='ember'][class$='nav-link'], div[id='main-nav-tab']  a[id*='ember'][class$='nav-link ']").Nth(2)</Text>
      </RunInfo>
      <RunInfo computerName="DESKTOP-RSFFHJT" outcome="Warning" timestamp="2025-05-01T21:13:44.3337932-04:00">
        <Text>2025-05-02T01:13:44.332Z pw:api   locator resolved to &lt;a id="ember86" href="#/inventory/items" class="ember-view nav-link"&gt;ΓÇª&lt;/a&gt;</Text>
      </RunInfo>
      <RunInfo computerName="DESKTOP-RSFFHJT" outcome="Warning" timestamp="2025-05-01T21:13:44.3343499-04:00">
        <Text>2025-05-02T01:13:44.333Z pw:api attempting click action</Text>
      </RunInfo>
      <RunInfo computerName="DESKTOP-RSFFHJT" outcome="Warning" timestamp="2025-05-01T21:13:44.3344237-04:00">
        <Text>2025-05-02T01:13:44.333Z pw:api   waiting for element to be visible, enabled and stable</Text>
      </RunInfo>
      <RunInfo computerName="DESKTOP-RSFFHJT" outcome="Warning" timestamp="2025-05-01T21:13:44.3639782-04:00">
        <Text>2025-05-02T01:13:44.362Z pw:api   element is visible, enabled and stable</Text>
      </RunInfo>
      <RunInfo computerName="DESKTOP-RSFFHJT" outcome="Warning" timestamp="2025-05-01T21:13:44.3639842-04:00">
        <Text>2025-05-02T01:13:44.362Z pw:api   scrolling into view if needed</Text>
      </RunInfo>
      <RunInfo computerName="DESKTOP-RSFFHJT" outcome="Warning" timestamp="2025-05-01T21:13:44.3646675-04:00">
        <Text>2025-05-02T01:13:44.363Z pw:api   done scrolling</Text>
      </RunInfo>
      <RunInfo computerName="DESKTOP-RSFFHJT" outcome="Warning" timestamp="2025-05-01T21:13:44.3666129-04:00">
        <Text>2025-05-02T01:13:44.365Z pw:api   performing click action</Text>
      </RunInfo>
      <RunInfo computerName="DESKTOP-RSFFHJT" outcome="Warning" timestamp="2025-05-01T21:13:44.3929503-04:00">
        <Text>2025-05-02T01:13:44.391Z pw:api   click action done</Text>
      </RunInfo>
      <RunInfo computerName="DESKTOP-RSFFHJT" outcome="Warning" timestamp="2025-05-01T21:13:44.3929591-04:00">
        <Text>2025-05-02T01:13:44.391Z pw:api   waiting for scheduled navigations to finish</Text>
      </RunInfo>
      <RunInfo computerName="DESKTOP-RSFFHJT" outcome="Warning" timestamp="2025-05-01T21:13:44.3943617-04:00">
        <Text>2025-05-02T01:13:44.393Z pw:api   navigations have finished</Text>
      </RunInfo>
      <RunInfo computerName="DESKTOP-RSFFHJT" outcome="Warning" timestamp="2025-05-01T21:13:44.3949471-04:00">
        <Text>2025-05-02T01:13:44.394Z pw:api waiting for Locator("table[id='vertically-scrolled-table']") to be visible</Text>
      </RunInfo>
      <RunInfo computerName="DESKTOP-RSFFHJT" outcome="Warning" timestamp="2025-05-01T21:13:44.8043682-04:00">
        <Text>2025-05-02T01:13:44.803Z pw:api   navigated to "https://www.zoho.com/ca/inventory/inventory-software-demo/#/inventory/items"</Text>
      </RunInfo>
      <RunInfo computerName="DESKTOP-RSFFHJT" outcome="Warning" timestamp="2025-05-01T21:13:45.2031273-04:00">
        <Text>2025-05-02T01:13:45.201Z pw:api   locator resolved to visible &lt;table id="vertically-scrolled-table" class="table zi-table table-hover     header-fixed"&gt;ΓÇª&lt;/table&gt;</Text>
      </RunInfo>
      <RunInfo computerName="DESKTOP-RSFFHJT" outcome="Warning" timestamp="2025-05-01T21:13:45.2056501-04:00">
        <Text>2025-05-02T01:13:45.204Z pw:api waiting for Locator("table[id='vertically-scrolled-table']").Locator("tbody tr").First.Locator("a")</Text>
      </RunInfo>
      <RunInfo computerName="DESKTOP-RSFFHJT" outcome="Warning" timestamp="2025-05-01T21:13:45.2073279-04:00">
        <Text>2025-05-02T01:13:45.206Z pw:api   locator resolved to &lt;a id="ember310" class="ember-view text-break " href="#/inventory/items/6620000005381000"&gt;Area Rug&lt;/a&gt;</Text>
      </RunInfo>
      <RunInfo computerName="DESKTOP-RSFFHJT" outcome="Warning" timestamp="2025-05-01T21:13:45.2079011-04:00">
        <Text>2025-05-02T01:13:45.206Z pw:api waiting for Locator("table[id='vertically-scrolled-table']").Locator("tbody tr").First.Locator("td:nth-child(3)")</Text>
      </RunInfo>
      <RunInfo computerName="DESKTOP-RSFFHJT" outcome="Warning" timestamp="2025-05-01T21:13:45.2095344-04:00">
        <Text>2025-05-02T01:13:45.208Z pw:api   locator resolved to &lt;td class=" "&gt;Item 1 sku&lt;/td&gt;</Text>
      </RunInfo>
      <RunInfo computerName="DESKTOP-RSFFHJT" outcome="Warning" timestamp="2025-05-01T21:13:45.2102616-04:00">
        <Text>2025-05-02T01:13:45.209Z pw:api waiting for Locator("table[id='vertically-scrolled-table']").Locator("tbody tr").First.Locator("td:nth-child(4)")</Text>
      </RunInfo>
      <RunInfo computerName="DESKTOP-RSFFHJT" outcome="Warning" timestamp="2025-05-01T21:13:45.2117640-04:00">
        <Text>2025-05-02T01:13:45.210Z pw:api   locator resolved to &lt;td class=" "&gt;Service&lt;/td&gt;</Text>
      </RunInfo>
      <RunInfo computerName="DESKTOP-RSFFHJT" outcome="Warning" timestamp="2025-05-01T21:13:45.2122836-04:00">
        <Text>2025-05-02T01:13:45.211Z pw:api waiting for Locator("table[id='vertically-scrolled-table']").Locator("tbody tr").First.Locator("td span[class='text-ellipsis']")</Text>
      </RunInfo>
      <RunInfo computerName="DESKTOP-RSFFHJT" outcome="Warning" timestamp="2025-05-01T21:13:45.2143002-04:00">
        <Text>2025-05-02T01:13:45.213Z pw:api   locator resolved to &lt;span id="ae3777e54" class="text-ellipsis"&gt;A soft, high-quality area rug to add warmth to anΓÇª&lt;/span&gt;</Text>
      </RunInfo>
      <RunInfo computerName="DESKTOP-RSFFHJT" outcome="Warning" timestamp="2025-05-01T21:13:45.2151269-04:00">
        <Text>2025-05-02T01:13:45.214Z pw:api waiting for Locator("table[id='vertically-scrolled-table']").Locator("tbody tr").First.Locator("td[class='  text-end']")</Text>
      </RunInfo>
      <RunInfo computerName="DESKTOP-RSFFHJT" outcome="Warning" timestamp="2025-05-01T21:13:45.2170292-04:00">
        <Text>2025-05-02T01:13:45.216Z pw:api   locator resolved to &lt;td class="  text-end"&gt;$5121.00&lt;/td&gt;</Text>
      </RunInfo>
      <RunInfo computerName="DESKTOP-RSFFHJT" outcome="Warning" timestamp="2025-05-01T21:13:45.2177463-04:00">
        <Text>2025-05-02T01:13:45.216Z pw:api waiting for Locator("table[id='vertically-scrolled-table']").Locator("tbody tr").Nth(1).Locator("a")</Text>
      </RunInfo>
      <RunInfo computerName="DESKTOP-RSFFHJT" outcome="Warning" timestamp="2025-05-01T21:13:45.2190362-04:00">
        <Text>2025-05-02T01:13:45.218Z pw:api   locator resolved to &lt;a id="ember316" class="ember-view text-break " href="#/inventory/items/6620000005381001"&gt;Executive Office Desk&lt;/a&gt;</Text>
      </RunInfo>
      <RunInfo computerName="DESKTOP-RSFFHJT" outcome="Warning" timestamp="2025-05-01T21:13:45.2194765-04:00">
        <Text>2025-05-02T01:13:45.218Z pw:api waiting for Locator("table[id='vertically-scrolled-table']").Locator("tbody tr").Nth(1).Locator("td:nth-child(3)")</Text>
      </RunInfo>
      <RunInfo computerName="DESKTOP-RSFFHJT" outcome="Warning" timestamp="2025-05-01T21:13:45.2206321-04:00">
        <Text>2025-05-02T01:13:45.219Z pw:api   locator resolved to &lt;td class=" "&gt;Item 2 sku&lt;/td&gt;</Text>
      </RunInfo>
      <RunInfo computerName="DESKTOP-RSFFHJT" outcome="Warning" timestamp="2025-05-01T21:13:45.2211216-04:00">
        <Text>2025-05-02T01:13:45.220Z pw:api waiting for Locator("table[id='vertically-scrolled-table']").Locator("tbody tr").Nth(1).Locator("td:nth-child(4)")</Text>
      </RunInfo>
      <RunInfo computerName="DESKTOP-RSFFHJT" outcome="Warning" timestamp="2025-05-01T21:13:45.2223648-04:00">
        <Text>2025-05-02T01:13:45.221Z pw:api   locator resolved to &lt;td class=" "&gt;Service&lt;/td&gt;</Text>
      </RunInfo>
      <RunInfo computerName="DESKTOP-RSFFHJT" outcome="Warning" timestamp="2025-05-01T21:13:45.2227363-04:00">
        <Text>2025-05-02T01:13:45.221Z pw:api waiting for Locator("table[id='vertically-scrolled-table']").Locator("tbody tr").Nth(1).Locator("td span[class='text-ellipsis']")</Text>
      </RunInfo>
      <RunInfo computerName="DESKTOP-RSFFHJT" outcome="Warning" timestamp="2025-05-01T21:13:45.2241704-04:00">
        <Text>2025-05-02T01:13:45.223Z pw:api   locator resolved to &lt;span id="a14d9950e" class="text-ellipsis"&gt;A spacious executive desk with storage drawers.&lt;/span&gt;</Text>
      </RunInfo>
      <RunInfo computerName="DESKTOP-RSFFHJT" outcome="Warning" timestamp="2025-05-01T21:13:45.2245824-04:00">
        <Text>2025-05-02T01:13:45.223Z pw:api waiting for Locator("table[id='vertically-scrolled-table']").Locator("tbody tr").Nth(1).Locator("td[class='  text-end']")</Text>
      </RunInfo>
      <RunInfo computerName="DESKTOP-RSFFHJT" outcome="Warning" timestamp="2025-05-01T21:13:45.2258761-04:00">
        <Text>2025-05-02T01:13:45.224Z pw:api   locator resolved to &lt;td class="  text-end"&gt;$8513.00&lt;/td&gt;</Text>
      </RunInfo>
      <RunInfo computerName="DESKTOP-RSFFHJT" outcome="Warning" timestamp="2025-05-01T21:13:45.2263067-04:00">
        <Text>2025-05-02T01:13:45.225Z pw:api waiting for Locator("table[id='vertically-scrolled-table']").Locator("tbody tr").Nth(2).Locator("a")</Text>
      </RunInfo>
      <RunInfo computerName="DESKTOP-RSFFHJT" outcome="Warning" timestamp="2025-05-01T21:13:45.2275387-04:00">
        <Text>2025-05-02T01:13:45.226Z pw:api   locator resolved to &lt;a id="ember322" class="ember-view text-break " href="#/inventory/items/6620000005381002"&gt;Sofa&lt;/a&gt;</Text>
      </RunInfo>
      <RunInfo computerName="DESKTOP-RSFFHJT" outcome="Warning" timestamp="2025-05-01T21:13:45.2279232-04:00">
        <Text>2025-05-02T01:13:45.227Z pw:api waiting for Locator("table[id='vertically-scrolled-table']").Locator("tbody tr").Nth(2).Locator("td:nth-child(3)")</Text>
      </RunInfo>
      <RunInfo computerName="DESKTOP-RSFFHJT" outcome="Warning" timestamp="2025-05-01T21:13:45.2290906-04:00">
        <Text>2025-05-02T01:13:45.228Z pw:api   locator resolved to &lt;td class=" "&gt;Item 3 sku&lt;/td&gt;</Text>
      </RunInfo>
      <RunInfo computerName="DESKTOP-RSFFHJT" outcome="Warning" timestamp="2025-05-01T21:13:45.2298436-04:00">
        <Text>2025-05-02T01:13:45.228Z pw:api waiting for Locator("table[id='vertically-scrolled-table']").Locator("tbody tr").Nth(2).Locator("td:nth-child(4)")</Text>
      </RunInfo>
      <RunInfo computerName="DESKTOP-RSFFHJT" outcome="Warning" timestamp="2025-05-01T21:13:45.2314382-04:00">
        <Text>2025-05-02T01:13:45.230Z pw:api   locator resolved to &lt;td class=" "&gt;Service&lt;/td&gt;</Text>
      </RunInfo>
      <RunInfo computerName="DESKTOP-RSFFHJT" outcome="Warning" timestamp="2025-05-01T21:13:45.2319122-04:00">
        <Text>2025-05-02T01:13:45.231Z pw:api waiting for Locator("table[id='vertically-scrolled-table']").Locator("tbody tr").Nth(2).Locator("td span[class='text-ellipsis']")</Text>
      </RunInfo>
      <RunInfo computerName="DESKTOP-RSFFHJT" outcome="Warning" timestamp="2025-05-01T21:13:45.2331302-04:00">
        <Text>2025-05-02T01:13:45.232Z pw:api   locator resolved to &lt;span id="abd3f3758" class="text-ellipsis"&gt;&lt;/span&gt;</Text>
      </RunInfo>
      <RunInfo computerName="DESKTOP-RSFFHJT" outcome="Warning" timestamp="2025-05-01T21:13:45.2337719-04:00">
        <Text>2025-05-02T01:13:45.232Z pw:api waiting for Locator("table[id='vertically-scrolled-table']").Locator("tbody tr").Nth(2).Locator("td[class='  text-end']")</Text>
      </RunInfo>
      <RunInfo computerName="DESKTOP-RSFFHJT" outcome="Warning" timestamp="2025-05-01T21:13:45.2352941-04:00">
        <Text>2025-05-02T01:13:45.234Z pw:api   locator resolved to &lt;td class="  text-end"&gt;&lt;/td&gt;</Text>
      </RunInfo>
      <RunInfo computerName="DESKTOP-RSFFHJT" outcome="Warning" timestamp="2025-05-01T21:13:45.2357678-04:00">
        <Text>2025-05-02T01:13:45.234Z pw:api waiting for Locator("table[id='vertically-scrolled-table']").Locator("tbody tr").Nth(3).Locator("a")</Text>
      </RunInfo>
      <RunInfo computerName="DESKTOP-RSFFHJT" outcome="Warning" timestamp="2025-05-01T21:13:45.2371255-04:00">
        <Text>2025-05-02T01:13:45.236Z pw:api   locator resolved to &lt;a id="ember328" class="ember-view text-break " href="#/inventory/items/6620000005381003"&gt;Area Rug&lt;/a&gt;</Text>
      </RunInfo>
      <RunInfo computerName="DESKTOP-RSFFHJT" outcome="Warning" timestamp="2025-05-01T21:13:45.2377666-04:00">
        <Text>2025-05-02T01:13:45.236Z pw:api waiting for Locator("table[id='vertically-scrolled-table']").Locator("tbody tr").Nth(3).Locator("td:nth-child(3)")</Text>
      </RunInfo>
      <RunInfo computerName="DESKTOP-RSFFHJT" outcome="Warning" timestamp="2025-05-01T21:13:45.2392709-04:00">
        <Text>2025-05-02T01:13:45.238Z pw:api   locator resolved to &lt;td class=" "&gt;Item 4 sku&lt;/td&gt;</Text>
      </RunInfo>
      <RunInfo computerName="DESKTOP-RSFFHJT" outcome="Warning" timestamp="2025-05-01T21:13:45.2396674-04:00">
        <Text>2025-05-02T01:13:45.238Z pw:api waiting for Locator("table[id='vertically-scrolled-table']").Locator("tbody tr").Nth(3).Locator("td:nth-child(4)")</Text>
      </RunInfo>
      <RunInfo computerName="DESKTOP-RSFFHJT" outcome="Warning" timestamp="2025-05-01T21:13:45.2409509-04:00">
        <Text>2025-05-02T01:13:45.240Z pw:api   locator resolved to &lt;td class=" "&gt;Service&lt;/td&gt;</Text>
      </RunInfo>
      <RunInfo computerName="DESKTOP-RSFFHJT" outcome="Warning" timestamp="2025-05-01T21:13:45.2413727-04:00">
        <Text>2025-05-02T01:13:45.240Z pw:api waiting for Locator("table[id='vertically-scrolled-table']").Locator("tbody tr").Nth(3).Locator("td span[class='text-ellipsis']")</Text>
      </RunInfo>
      <RunInfo computerName="DESKTOP-RSFFHJT" outcome="Warning" timestamp="2025-05-01T21:13:45.2426165-04:00">
        <Text>2025-05-02T01:13:45.241Z pw:api   locator resolved to &lt;span id="addb0f1aa" class="text-ellipsis"&gt;&lt;/span&gt;</Text>
      </RunInfo>
      <RunInfo computerName="DESKTOP-RSFFHJT" outcome="Warning" timestamp="2025-05-01T21:13:45.2431044-04:00">
        <Text>2025-05-02T01:13:45.242Z pw:api waiting for Locator("table[id='vertically-scrolled-table']").Locator("tbody tr").Nth(3).Locator("td[class='  text-end']")</Text>
      </RunInfo>
      <RunInfo computerName="DESKTOP-RSFFHJT" outcome="Warning" timestamp="2025-05-01T21:13:45.2443949-04:00">
        <Text>2025-05-02T01:13:45.243Z pw:api   locator resolved to &lt;td class="  text-end"&gt;&lt;/td&gt;</Text>
      </RunInfo>
      <RunInfo computerName="DESKTOP-RSFFHJT" outcome="Warning" timestamp="2025-05-01T21:13:45.2450778-04:00">
        <Text>2025-05-02T01:13:45.244Z pw:api waiting for Locator("table[id='vertically-scrolled-table']").Locator("tbody tr").Nth(4).Locator("a")</Text>
      </RunInfo>
      <RunInfo computerName="DESKTOP-RSFFHJT" outcome="Warning" timestamp="2025-05-01T21:13:45.2470072-04:00">
        <Text>2025-05-02T01:13:45.245Z pw:api   locator resolved to &lt;a id="ember334" class="ember-view text-break " href="#/inventory/items/6620000005381004"&gt;Queen Size Bed&lt;/a&gt;</Text>
      </RunInfo>
      <RunInfo computerName="DESKTOP-RSFFHJT" outcome="Warning" timestamp="2025-05-01T21:13:45.2475659-04:00">
        <Text>2025-05-02T01:13:45.246Z pw:api waiting for Locator("table[id='vertically-scrolled-table']").Locator("tbody tr").Nth(4).Locator("td:nth-child(3)")</Text>
      </RunInfo>
      <RunInfo computerName="DESKTOP-RSFFHJT" outcome="Warning" timestamp="2025-05-01T21:13:45.2490344-04:00">
        <Text>2025-05-02T01:13:45.248Z pw:api   locator resolved to &lt;td class=" "&gt;Item 5 sku&lt;/td&gt;</Text>
      </RunInfo>
      <RunInfo computerName="DESKTOP-RSFFHJT" outcome="Warning" timestamp="2025-05-01T21:13:45.2496642-04:00">
        <Text>2025-05-02T01:13:45.248Z pw:api waiting for Locator("table[id='vertically-scrolled-table']").Locator("tbody tr").Nth(4).Locator("td:nth-child(4)")</Text>
      </RunInfo>
      <RunInfo computerName="DESKTOP-RSFFHJT" outcome="Warning" timestamp="2025-05-01T21:13:45.2509110-04:00">
        <Text>2025-05-02T01:13:45.250Z pw:api   locator resolved to &lt;td class=" "&gt;Service&lt;/td&gt;</Text>
      </RunInfo>
      <RunInfo computerName="DESKTOP-RSFFHJT" outcome="Warning" timestamp="2025-05-01T21:13:45.2513947-04:00">
        <Text>2025-05-02T01:13:45.250Z pw:api waiting for Locator("table[id='vertically-scrolled-table']").Locator("tbody tr").Nth(4).Locator("td span[class='text-ellipsis']")</Text>
      </RunInfo>
      <RunInfo computerName="DESKTOP-RSFFHJT" outcome="Warning" timestamp="2025-05-01T21:13:45.2525579-04:00">
        <Text>2025-05-02T01:13:45.251Z pw:api   locator resolved to &lt;span id="aacfe81cd" class="text-ellipsis"&gt;Mid-century wooden double bed. Scandinavian-styleΓÇª&lt;/span&gt;</Text>
      </RunInfo>
      <RunInfo computerName="DESKTOP-RSFFHJT" outcome="Warning" timestamp="2025-05-01T21:13:45.2529657-04:00">
        <Text>2025-05-02T01:13:45.252Z pw:api waiting for Locator("table[id='vertically-scrolled-table']").Locator("tbody tr").Nth(4).Locator("td[class='  text-end']")</Text>
      </RunInfo>
      <RunInfo computerName="DESKTOP-RSFFHJT" outcome="Warning" timestamp="2025-05-01T21:13:45.2546186-04:00">
        <Text>2025-05-02T01:13:45.253Z pw:api   locator resolved to &lt;td class="  text-end"&gt;$4175.00&lt;/td&gt;</Text>
      </RunInfo>
      <RunInfo computerName="DESKTOP-RSFFHJT" outcome="Warning" timestamp="2025-05-01T21:13:45.2552792-04:00">
        <Text>2025-05-02T01:13:45.254Z pw:api waiting for Locator("table[id='vertically-scrolled-table']").Locator("tbody tr").Nth(5).Locator("a")</Text>
      </RunInfo>
      <RunInfo computerName="DESKTOP-RSFFHJT" outcome="Warning" timestamp="2025-05-01T21:13:45.2566489-04:00">
        <Text>2025-05-02T01:13:45.255Z pw:api   locator resolved to &lt;a id="ember340" class="ember-view text-break " href="#/inventory/items/6620000005381005"&gt;Storage Cabinet&lt;/a&gt;</Text>
      </RunInfo>
      <RunInfo computerName="DESKTOP-RSFFHJT" outcome="Warning" timestamp="2025-05-01T21:13:45.2583820-04:00">
        <Text>2025-05-02T01:13:45.256Z pw:api waiting for Locator("table[id='vertically-scrolled-table']").Locator("tbody tr").Nth(5).Locator("td:nth-child(3)")</Text>
      </RunInfo>
      <RunInfo computerName="DESKTOP-RSFFHJT" outcome="Warning" timestamp="2025-05-01T21:13:45.2583972-04:00">
        <Text>2025-05-02T01:13:45.257Z pw:api   locator resolved to &lt;td class=" "&gt;Item 6 sku&lt;/td&gt;</Text>
      </RunInfo>
      <RunInfo computerName="DESKTOP-RSFFHJT" outcome="Warning" timestamp="2025-05-01T21:13:45.2588851-04:00">
        <Text>2025-05-02T01:13:45.257Z pw:api waiting for Locator("table[id='vertically-scrolled-table']").Locator("tbody tr").Nth(5).Locator("td:nth-child(4)")</Text>
      </RunInfo>
      <RunInfo computerName="DESKTOP-RSFFHJT" outcome="Warning" timestamp="2025-05-01T21:13:45.2603221-04:00">
        <Text>2025-05-02T01:13:45.259Z pw:api   locator resolved to &lt;td class=" "&gt;Service&lt;/td&gt;</Text>
      </RunInfo>
      <RunInfo computerName="DESKTOP-RSFFHJT" outcome="Warning" timestamp="2025-05-01T21:13:45.2608029-04:00">
        <Text>2025-05-02T01:13:45.259Z pw:api waiting for Locator("table[id='vertically-scrolled-table']").Locator("tbody tr").Nth(5).Locator("td span[class='text-ellipsis']")</Text>
      </RunInfo>
      <RunInfo computerName="DESKTOP-RSFFHJT" outcome="Warning" timestamp="2025-05-01T21:13:45.2620165-04:00">
        <Text>2025-05-02T01:13:45.261Z pw:api   locator resolved to &lt;span id="a05fadc07" class="text-ellipsis"&gt;A versatile storage cabinet with adjustable shelvΓÇª&lt;/span&gt;</Text>
      </RunInfo>
      <RunInfo computerName="DESKTOP-RSFFHJT" outcome="Warning" timestamp="2025-05-01T21:13:45.2627537-04:00">
        <Text>2025-05-02T01:13:45.261Z pw:api waiting for Locator("table[id='vertically-scrolled-table']").Locator("tbody tr").Nth(5).Locator("td[class='  text-end']")</Text>
      </RunInfo>
      <RunInfo computerName="DESKTOP-RSFFHJT" outcome="Warning" timestamp="2025-05-01T21:13:45.2644431-04:00">
        <Text>2025-05-02T01:13:45.263Z pw:api   locator resolved to &lt;td class="  text-end"&gt;$1843.00&lt;/td&gt;</Text>
      </RunInfo>
      <RunInfo computerName="DESKTOP-RSFFHJT" outcome="Warning" timestamp="2025-05-01T21:13:45.2649167-04:00">
        <Text>2025-05-02T01:13:45.264Z pw:api waiting for Locator("table[id='vertically-scrolled-table']").Locator("tbody tr").Nth(6).Locator("a")</Text>
      </RunInfo>
      <RunInfo computerName="DESKTOP-RSFFHJT" outcome="Warning" timestamp="2025-05-01T21:13:45.2663134-04:00">
        <Text>2025-05-02T01:13:45.265Z pw:api   locator resolved to &lt;a id="ember346" class="ember-view text-break " href="#/inventory/items/6620000005381006"&gt;Coffee Table&lt;/a&gt;</Text>
      </RunInfo>
      <RunInfo computerName="DESKTOP-RSFFHJT" outcome="Warning" timestamp="2025-05-01T21:13:45.2667550-04:00">
        <Text>2025-05-02T01:13:45.265Z pw:api waiting for Locator("table[id='vertically-scrolled-table']").Locator("tbody tr").Nth(6).Locator("td:nth-child(3)")</Text>
      </RunInfo>
      <RunInfo computerName="DESKTOP-RSFFHJT" outcome="Warning" timestamp="2025-05-01T21:13:45.2680482-04:00">
        <Text>2025-05-02T01:13:45.267Z pw:api   locator resolved to &lt;td class=" "&gt;Item 7 sku&lt;/td&gt;</Text>
      </RunInfo>
      <RunInfo computerName="DESKTOP-RSFFHJT" outcome="Warning" timestamp="2025-05-01T21:13:45.2685621-04:00">
        <Text>2025-05-02T01:13:45.267Z pw:api waiting for Locator("table[id='vertically-scrolled-table']").Locator("tbody tr").Nth(6).Locator("td:nth-child(4)")</Text>
      </RunInfo>
      <RunInfo computerName="DESKTOP-RSFFHJT" outcome="Warning" timestamp="2025-05-01T21:13:45.2699794-04:00">
        <Text>2025-05-02T01:13:45.269Z pw:api   locator resolved to &lt;td class=" "&gt;Goods&lt;/td&gt;</Text>
      </RunInfo>
      <RunInfo computerName="DESKTOP-RSFFHJT" outcome="Warning" timestamp="2025-05-01T21:13:45.2703817-04:00">
        <Text>2025-05-02T01:13:45.269Z pw:api waiting for Locator("table[id='vertically-scrolled-table']").Locator("tbody tr").Nth(6).Locator("td span[class='text-ellipsis']")</Text>
      </RunInfo>
      <RunInfo computerName="DESKTOP-RSFFHJT" outcome="Warning" timestamp="2025-05-01T21:13:45.2718364-04:00">
        <Text>2025-05-02T01:13:45.270Z pw:api   locator resolved to &lt;span id="a546674f5" class="text-ellipsis"&gt;A sleek, modern coffee table with a glass top.&lt;/span&gt;</Text>
      </RunInfo>
      <RunInfo computerName="DESKTOP-RSFFHJT" outcome="Warning" timestamp="2025-05-01T21:13:45.2723782-04:00">
        <Text>2025-05-02T01:13:45.271Z pw:api waiting for Locator("table[id='vertically-scrolled-table']").Locator("tbody tr").Nth(6).Locator("td[class='  text-end']")</Text>
      </RunInfo>
      <RunInfo computerName="DESKTOP-RSFFHJT" outcome="Warning" timestamp="2025-05-01T21:13:45.2737797-04:00">
        <Text>2025-05-02T01:13:45.272Z pw:api   locator resolved to &lt;td class="  text-end"&gt;$5707.00&lt;/td&gt;</Text>
      </RunInfo>
      <RunInfo computerName="DESKTOP-RSFFHJT" outcome="Warning" timestamp="2025-05-01T21:13:45.2742514-04:00">
        <Text>2025-05-02T01:13:45.273Z pw:api waiting for Locator("table[id='vertically-scrolled-table']").Locator("tbody tr").Nth(7).Locator("a")</Text>
      </RunInfo>
      <RunInfo computerName="DESKTOP-RSFFHJT" outcome="Warning" timestamp="2025-05-01T21:13:45.2755638-04:00">
        <Text>2025-05-02T01:13:45.274Z pw:api   locator resolved to &lt;a id="ember352" class="ember-view text-break " href="#/inventory/items/6620000005381007"&gt;Patio Dining Set&lt;/a&gt;</Text>
      </RunInfo>
      <RunInfo computerName="DESKTOP-RSFFHJT" outcome="Warning" timestamp="2025-05-01T21:13:45.2761798-04:00">
        <Text>2025-05-02T01:13:45.275Z pw:api waiting for Locator("table[id='vertically-scrolled-table']").Locator("tbody tr").Nth(7).Locator("td:nth-child(3)")</Text>
      </RunInfo>
      <RunInfo computerName="DESKTOP-RSFFHJT" outcome="Warning" timestamp="2025-05-01T21:13:45.2776248-04:00">
        <Text>2025-05-02T01:13:45.276Z pw:api   locator resolved to &lt;td class=" "&gt;Item 8 sku&lt;/td&gt;</Text>
      </RunInfo>
      <RunInfo computerName="DESKTOP-RSFFHJT" outcome="Warning" timestamp="2025-05-01T21:13:45.2781594-04:00">
        <Text>2025-05-02T01:13:45.277Z pw:api waiting for Locator("table[id='vertically-scrolled-table']").Locator("tbody tr").Nth(7).Locator("td:nth-child(4)")</Text>
      </RunInfo>
      <RunInfo computerName="DESKTOP-RSFFHJT" outcome="Warning" timestamp="2025-05-01T21:13:45.2796551-04:00">
        <Text>2025-05-02T01:13:45.278Z pw:api   locator resolved to &lt;td class=" "&gt;Goods&lt;/td&gt;</Text>
      </RunInfo>
      <RunInfo computerName="DESKTOP-RSFFHJT" outcome="Warning" timestamp="2025-05-01T21:13:45.2801605-04:00">
        <Text>2025-05-02T01:13:45.279Z pw:api waiting for Locator("table[id='vertically-scrolled-table']").Locator("tbody tr").Nth(7).Locator("td span[class='text-ellipsis']")</Text>
      </RunInfo>
      <RunInfo computerName="DESKTOP-RSFFHJT" outcome="Warning" timestamp="2025-05-01T21:13:45.2818459-04:00">
        <Text>2025-05-02T01:13:45.280Z pw:api   locator resolved to &lt;span id="a70e583ac" class="text-ellipsis"&gt;An outdoor dining set with a table and six chairs.&lt;/span&gt;</Text>
      </RunInfo>
      <RunInfo computerName="DESKTOP-RSFFHJT" outcome="Warning" timestamp="2025-05-01T21:13:45.2823584-04:00">
        <Text>2025-05-02T01:13:45.281Z pw:api waiting for Locator("table[id='vertically-scrolled-table']").Locator("tbody tr").Nth(7).Locator("td[class='  text-end']")</Text>
      </RunInfo>
      <RunInfo computerName="DESKTOP-RSFFHJT" outcome="Warning" timestamp="2025-05-01T21:13:45.2836301-04:00">
        <Text>2025-05-02T01:13:45.282Z pw:api   locator resolved to &lt;td class="  text-end"&gt;$4108.00&lt;/td&gt;</Text>
      </RunInfo>
      <RunInfo computerName="DESKTOP-RSFFHJT" outcome="Warning" timestamp="2025-05-01T21:13:45.2842044-04:00">
        <Text>2025-05-02T01:13:45.283Z pw:api waiting for Locator("table[id='vertically-scrolled-table']").Locator("tbody tr").Nth(8).Locator("a")</Text>
      </RunInfo>
      <RunInfo computerName="DESKTOP-RSFFHJT" outcome="Warning" timestamp="2025-05-01T21:13:45.2856687-04:00">
        <Text>2025-05-02T01:13:45.284Z pw:api   locator resolved to &lt;a id="ember358" class="ember-view text-break " href="#/inventory/items/6620000005381008"&gt;Composite Item 0&lt;/a&gt;</Text>
      </RunInfo>
      <RunInfo computerName="DESKTOP-RSFFHJT" outcome="Warning" timestamp="2025-05-01T21:13:45.2862796-04:00">
        <Text>2025-05-02T01:13:45.285Z pw:api waiting for Locator("table[id='vertically-scrolled-table']").Locator("tbody tr").Nth(8).Locator("td:nth-child(3)")</Text>
      </RunInfo>
      <RunInfo computerName="DESKTOP-RSFFHJT" outcome="Warning" timestamp="2025-05-01T21:13:45.2874762-04:00">
        <Text>2025-05-02T01:13:45.286Z pw:api   locator resolved to &lt;td class=" "&gt;24858&lt;/td&gt;</Text>
      </RunInfo>
      <RunInfo computerName="DESKTOP-RSFFHJT" outcome="Warning" timestamp="2025-05-01T21:13:45.2879044-04:00">
        <Text>2025-05-02T01:13:45.286Z pw:api waiting for Locator("table[id='vertically-scrolled-table']").Locator("tbody tr").Nth(8).Locator("td:nth-child(4)")</Text>
      </RunInfo>
      <RunInfo computerName="DESKTOP-RSFFHJT" outcome="Warning" timestamp="2025-05-01T21:13:45.2890285-04:00">
        <Text>2025-05-02T01:13:45.288Z pw:api   locator resolved to &lt;td class=" "&gt;Service&lt;/td&gt;</Text>
      </RunInfo>
      <RunInfo computerName="DESKTOP-RSFFHJT" outcome="Warning" timestamp="2025-05-01T21:13:45.2894561-04:00">
        <Text>2025-05-02T01:13:45.288Z pw:api waiting for Locator("table[id='vertically-scrolled-table']").Locator("tbody tr").Nth(8).Locator("td span[class='text-ellipsis']")</Text>
      </RunInfo>
      <RunInfo computerName="DESKTOP-RSFFHJT" outcome="Warning" timestamp="2025-05-01T21:13:45.2905850-04:00">
        <Text>2025-05-02T01:13:45.289Z pw:api   locator resolved to &lt;span id="aa1e90c2e" class="text-ellipsis"&gt;Excepturi tenetur a qui quo veniam. Enim distinctΓÇª&lt;/span&gt;</Text>
      </RunInfo>
      <RunInfo computerName="DESKTOP-RSFFHJT" outcome="Warning" timestamp="2025-05-01T21:13:45.2909844-04:00">
        <Text>2025-05-02T01:13:45.290Z pw:api waiting for Locator("table[id='vertically-scrolled-table']").Locator("tbody tr").Nth(8).Locator("td[class='  text-end']")</Text>
      </RunInfo>
      <RunInfo computerName="DESKTOP-RSFFHJT" outcome="Warning" timestamp="2025-05-01T21:13:45.2920923-04:00">
        <Text>2025-05-02T01:13:45.291Z pw:api   locator resolved to &lt;td class="  text-end"&gt;$868.00&lt;/td&gt;</Text>
      </RunInfo>
      <RunInfo computerName="DESKTOP-RSFFHJT" outcome="Warning" timestamp="2025-05-01T21:13:45.2925827-04:00">
        <Text>2025-05-02T01:13:45.291Z pw:api waiting for Locator("table[id='vertically-scrolled-table']").Locator("tbody tr").Nth(9).Locator("a")</Text>
      </RunInfo>
      <RunInfo computerName="DESKTOP-RSFFHJT" outcome="Warning" timestamp="2025-05-01T21:13:45.2937838-04:00">
        <Text>2025-05-02T01:13:45.292Z pw:api   locator resolved to &lt;a id="ember364" class="ember-view text-break " href="#/inventory/items/6620000005381009"&gt;Composite Item 1&lt;/a&gt;</Text>
      </RunInfo>
      <RunInfo computerName="DESKTOP-RSFFHJT" outcome="Warning" timestamp="2025-05-01T21:13:45.2941673-04:00">
        <Text>2025-05-02T01:13:45.293Z pw:api waiting for Locator("table[id='vertically-scrolled-table']").Locator("tbody tr").Nth(9).Locator("td:nth-child(3)")</Text>
      </RunInfo>
      <RunInfo computerName="DESKTOP-RSFFHJT" outcome="Warning" timestamp="2025-05-01T21:13:45.2952910-04:00">
        <Text>2025-05-02T01:13:45.294Z pw:api   locator resolved to &lt;td class=" "&gt;24858&lt;/td&gt;</Text>
      </RunInfo>
      <RunInfo computerName="DESKTOP-RSFFHJT" outcome="Warning" timestamp="2025-05-01T21:13:45.2960100-04:00">
        <Text>2025-05-02T01:13:45.295Z pw:api waiting for Locator("table[id='vertically-scrolled-table']").Locator("tbody tr").Nth(9).Locator("td:nth-child(4)")</Text>
      </RunInfo>
      <RunInfo computerName="DESKTOP-RSFFHJT" outcome="Warning" timestamp="2025-05-01T21:13:45.2976599-04:00">
        <Text>2025-05-02T01:13:45.296Z pw:api   locator resolved to &lt;td class=" "&gt;Service&lt;/td&gt;</Text>
      </RunInfo>
      <RunInfo computerName="DESKTOP-RSFFHJT" outcome="Warning" timestamp="2025-05-01T21:13:45.2983002-04:00">
        <Text>2025-05-02T01:13:45.297Z pw:api waiting for Locator("table[id='vertically-scrolled-table']").Locator("tbody tr").Nth(9).Locator("td span[class='text-ellipsis']")</Text>
      </RunInfo>
      <RunInfo computerName="DESKTOP-RSFFHJT" outcome="Warning" timestamp="2025-05-01T21:13:45.2997586-04:00">
        <Text>2025-05-02T01:13:45.298Z pw:api   locator resolved to &lt;span id="ae8c01152" class="text-ellipsis"&gt;Excepturi tenetur a qui quo veniam. Enim distinctΓÇª&lt;/span&gt;</Text>
      </RunInfo>
      <RunInfo computerName="DESKTOP-RSFFHJT" outcome="Warning" timestamp="2025-05-01T21:13:45.3001124-04:00">
        <Text>2025-05-02T01:13:45.299Z pw:api waiting for Locator("table[id='vertically-scrolled-table']").Locator("tbody tr").Nth(9).Locator("td[class='  text-end']")</Text>
      </RunInfo>
      <RunInfo computerName="DESKTOP-RSFFHJT" outcome="Warning" timestamp="2025-05-01T21:13:45.3012479-04:00">
        <Text>2025-05-02T01:13:45.300Z pw:api   locator resolved to &lt;td class="  text-end"&gt;$459.00&lt;/td&gt;</Text>
      </RunInfo>
      <RunInfo computerName="DESKTOP-RSFFHJT" outcome="Warning" timestamp="2025-05-01T21:13:45.3017943-04:00">
        <Text>2025-05-02T01:13:45.300Z pw:api waiting for Locator("table[id='vertically-scrolled-table']").Locator("tbody tr").Nth(10).Locator("a")</Text>
      </RunInfo>
      <RunInfo computerName="DESKTOP-RSFFHJT" outcome="Warning" timestamp="2025-05-01T21:13:45.3031638-04:00">
        <Text>2025-05-02T01:13:45.302Z pw:api   locator resolved to &lt;a id="ember370" class="ember-view text-break " href="#/inventory/items/6620000005381010"&gt;Composite Item 2&lt;/a&gt;</Text>
      </RunInfo>
      <RunInfo computerName="DESKTOP-RSFFHJT" outcome="Warning" timestamp="2025-05-01T21:13:45.3036653-04:00">
        <Text>2025-05-02T01:13:45.302Z pw:api waiting for Locator("table[id='vertically-scrolled-table']").Locator("tbody tr").Nth(10).Locator("td:nth-child(3)")</Text>
      </RunInfo>
      <RunInfo computerName="DESKTOP-RSFFHJT" outcome="Warning" timestamp="2025-05-01T21:13:45.3048659-04:00">
        <Text>2025-05-02T01:13:45.303Z pw:api   locator resolved to &lt;td class=" "&gt;24858&lt;/td&gt;</Text>
      </RunInfo>
      <RunInfo computerName="DESKTOP-RSFFHJT" outcome="Warning" timestamp="2025-05-01T21:13:45.3052662-04:00">
        <Text>2025-05-02T01:13:45.304Z pw:api waiting for Locator("table[id='vertically-scrolled-table']").Locator("tbody tr").Nth(10).Locator("td:nth-child(4)")</Text>
      </RunInfo>
      <RunInfo computerName="DESKTOP-RSFFHJT" outcome="Warning" timestamp="2025-05-01T21:13:45.3066134-04:00">
        <Text>2025-05-02T01:13:45.305Z pw:api   locator resolved to &lt;td class=" "&gt;Service&lt;/td&gt;</Text>
      </RunInfo>
      <RunInfo computerName="DESKTOP-RSFFHJT" outcome="Warning" timestamp="2025-05-01T21:13:45.3070076-04:00">
        <Text>2025-05-02T01:13:45.306Z pw:api waiting for Locator("table[id='vertically-scrolled-table']").Locator("tbody tr").Nth(10).Locator("td span[class='text-ellipsis']")</Text>
      </RunInfo>
      <RunInfo computerName="DESKTOP-RSFFHJT" outcome="Warning" timestamp="2025-05-01T21:13:45.3084854-04:00">
        <Text>2025-05-02T01:13:45.307Z pw:api   locator resolved to &lt;span id="a6483dd43" class="text-ellipsis"&gt;Excepturi tenetur a qui quo veniam. Enim distinctΓÇª&lt;/span&gt;</Text>
      </RunInfo>
      <RunInfo computerName="DESKTOP-RSFFHJT" outcome="Warning" timestamp="2025-05-01T21:13:45.3089104-04:00">
        <Text>2025-05-02T01:13:45.308Z pw:api waiting for Locator("table[id='vertically-scrolled-table']").Locator("tbody tr").Nth(10).Locator("td[class='  text-end']")</Text>
      </RunInfo>
      <RunInfo computerName="DESKTOP-RSFFHJT" outcome="Warning" timestamp="2025-05-01T21:13:45.3100632-04:00">
        <Text>2025-05-02T01:13:45.309Z pw:api   locator resolved to &lt;td class="  text-end"&gt;$297.00&lt;/td&gt;</Text>
      </RunInfo>
      <RunInfo computerName="DESKTOP-RSFFHJT" outcome="Warning" timestamp="2025-05-01T21:13:45.3106473-04:00">
        <Text>2025-05-02T01:13:45.309Z pw:api waiting for Locator("table[id='vertically-scrolled-table']").Locator("tbody tr").Nth(11).Locator("a")</Text>
      </RunInfo>
      <RunInfo computerName="DESKTOP-RSFFHJT" outcome="Warning" timestamp="2025-05-01T21:13:45.3120969-04:00">
        <Text>2025-05-02T01:13:45.311Z pw:api   locator resolved to &lt;a id="ember376" class="ember-view text-break " href="#/inventory/items/6620000005381011"&gt;Composite Item 3&lt;/a&gt;</Text>
      </RunInfo>
      <RunInfo computerName="DESKTOP-RSFFHJT" outcome="Warning" timestamp="2025-05-01T21:13:45.3126745-04:00">
        <Text>2025-05-02T01:13:45.311Z pw:api waiting for Locator("table[id='vertically-scrolled-table']").Locator("tbody tr").Nth(11).Locator("td:nth-child(3)")</Text>
      </RunInfo>
      <RunInfo computerName="DESKTOP-RSFFHJT" outcome="Warning" timestamp="2025-05-01T21:13:45.3141808-04:00">
        <Text>2025-05-02T01:13:45.313Z pw:api   locator resolved to &lt;td class=" "&gt;24858&lt;/td&gt;</Text>
      </RunInfo>
      <RunInfo computerName="DESKTOP-RSFFHJT" outcome="Warning" timestamp="2025-05-01T21:13:45.3147983-04:00">
        <Text>2025-05-02T01:13:45.313Z pw:api waiting for Locator("table[id='vertically-scrolled-table']").Locator("tbody tr").Nth(11).Locator("td:nth-child(4)")</Text>
      </RunInfo>
      <RunInfo computerName="DESKTOP-RSFFHJT" outcome="Warning" timestamp="2025-05-01T21:13:45.3163298-04:00">
        <Text>2025-05-02T01:13:45.315Z pw:api   locator resolved to &lt;td class=" "&gt;Service&lt;/td&gt;</Text>
      </RunInfo>
      <RunInfo computerName="DESKTOP-RSFFHJT" outcome="Warning" timestamp="2025-05-01T21:13:45.3168852-04:00">
        <Text>2025-05-02T01:13:45.315Z pw:api waiting for Locator("table[id='vertically-scrolled-table']").Locator("tbody tr").Nth(11).Locator("td span[class='text-ellipsis']")</Text>
      </RunInfo>
      <RunInfo computerName="DESKTOP-RSFFHJT" outcome="Warning" timestamp="2025-05-01T21:13:45.3183982-04:00">
        <Text>2025-05-02T01:13:45.317Z pw:api   locator resolved to &lt;span id="ade37475f" class="text-ellipsis"&gt;Excepturi tenetur a qui quo veniam. Enim distinctΓÇª&lt;/span&gt;</Text>
      </RunInfo>
      <RunInfo computerName="DESKTOP-RSFFHJT" outcome="Warning" timestamp="2025-05-01T21:13:45.3189188-04:00">
        <Text>2025-05-02T01:13:45.318Z pw:api waiting for Locator("table[id='vertically-scrolled-table']").Locator("tbody tr").Nth(11).Locator("td[class='  text-end']")</Text>
      </RunInfo>
      <RunInfo computerName="DESKTOP-RSFFHJT" outcome="Warning" timestamp="2025-05-01T21:13:45.3205920-04:00">
        <Text>2025-05-02T01:13:45.319Z pw:api   locator resolved to &lt;td class="  text-end"&gt;$37.00&lt;/td&gt;</Text>
      </RunInfo>
      <RunInfo computerName="DESKTOP-RSFFHJT" outcome="Warning" timestamp="2025-05-01T21:13:45.3212256-04:00">
        <Text>2025-05-02T01:13:45.320Z pw:api waiting for Locator("table[id='vertically-scrolled-table']").Locator("tbody tr").Nth(12).Locator("a")</Text>
      </RunInfo>
      <RunInfo computerName="DESKTOP-RSFFHJT" outcome="Warning" timestamp="2025-05-01T21:13:45.3224031-04:00">
        <Text>2025-05-02T01:13:45.321Z pw:api   locator resolved to &lt;a id="ember382" class="ember-view text-break " href="#/inventory/items/6620000005381012"&gt;Composite Item 4&lt;/a&gt;</Text>
      </RunInfo>
      <RunInfo computerName="DESKTOP-RSFFHJT" outcome="Warning" timestamp="2025-05-01T21:13:45.3228080-04:00">
        <Text>2025-05-02T01:13:45.321Z pw:api waiting for Locator("table[id='vertically-scrolled-table']").Locator("tbody tr").Nth(12).Locator("td:nth-child(3)")</Text>
      </RunInfo>
      <RunInfo computerName="DESKTOP-RSFFHJT" outcome="Warning" timestamp="2025-05-01T21:13:45.3239738-04:00">
        <Text>2025-05-02T01:13:45.323Z pw:api   locator resolved to &lt;td class=" "&gt;24858&lt;/td&gt;</Text>
      </RunInfo>
      <RunInfo computerName="DESKTOP-RSFFHJT" outcome="Warning" timestamp="2025-05-01T21:13:45.3243845-04:00">
        <Text>2025-05-02T01:13:45.323Z pw:api waiting for Locator("table[id='vertically-scrolled-table']").Locator("tbody tr").Nth(12).Locator("td:nth-child(4)")</Text>
      </RunInfo>
      <RunInfo computerName="DESKTOP-RSFFHJT" outcome="Warning" timestamp="2025-05-01T21:13:45.3259964-04:00">
        <Text>2025-05-02T01:13:45.325Z pw:api   locator resolved to &lt;td class=" "&gt;Service&lt;/td&gt;</Text>
      </RunInfo>
      <RunInfo computerName="DESKTOP-RSFFHJT" outcome="Warning" timestamp="2025-05-01T21:13:45.3265127-04:00">
        <Text>2025-05-02T01:13:45.325Z pw:api waiting for Locator("table[id='vertically-scrolled-table']").Locator("tbody tr").Nth(12).Locator("td span[class='text-ellipsis']")</Text>
      </RunInfo>
      <RunInfo computerName="DESKTOP-RSFFHJT" outcome="Warning" timestamp="2025-05-01T21:13:45.3279722-04:00">
        <Text>2025-05-02T01:13:45.327Z pw:api   locator resolved to &lt;span id="ad03c1f53" class="text-ellipsis"&gt;Excepturi tenetur a qui quo veniam. Enim distinctΓÇª&lt;/span&gt;</Text>
      </RunInfo>
      <RunInfo computerName="DESKTOP-RSFFHJT" outcome="Warning" timestamp="2025-05-01T21:13:45.3284819-04:00">
        <Text>2025-05-02T01:13:45.327Z pw:api waiting for Locator("table[id='vertically-scrolled-table']").Locator("tbody tr").Nth(12).Locator("td[class='  text-end']")</Text>
      </RunInfo>
      <RunInfo computerName="DESKTOP-RSFFHJT" outcome="Warning" timestamp="2025-05-01T21:13:45.3301092-04:00">
        <Text>2025-05-02T01:13:45.329Z pw:api   locator resolved to &lt;td class="  text-end"&gt;$886.00&lt;/td&gt;</Text>
      </RunInfo>
      <RunInfo computerName="DESKTOP-RSFFHJT" outcome="Warning" timestamp="2025-05-01T21:13:45.3307218-04:00">
        <Text>2025-05-02T01:13:45.329Z pw:api waiting for Locator("button[class='btn btn-primary']")</Text>
      </RunInfo>
      <RunInfo computerName="DESKTOP-RSFFHJT" outcome="Warning" timestamp="2025-05-01T21:13:45.3327537-04:00">
        <Text>2025-05-02T01:13:45.331Z pw:api   locator resolved to &lt;button data-ember-action="" class="btn btn-primary" data-ember-action-260="260"&gt;ΓÇª&lt;/button&gt;</Text>
      </RunInfo>
      <RunInfo computerName="DESKTOP-RSFFHJT" outcome="Warning" timestamp="2025-05-01T21:13:45.3333033-04:00">
        <Text>2025-05-02T01:13:45.332Z pw:api attempting click action</Text>
      </RunInfo>
      <RunInfo computerName="DESKTOP-RSFFHJT" outcome="Warning" timestamp="2025-05-01T21:13:45.3333105-04:00">
        <Text>2025-05-02T01:13:45.332Z pw:api   waiting for element to be visible, enabled and stable</Text>
      </RunInfo>
      <RunInfo computerName="DESKTOP-RSFFHJT" outcome="Warning" timestamp="2025-05-01T21:13:45.3631267-04:00">
        <Text>2025-05-02T01:13:45.362Z pw:api   element is visible, enabled and stable</Text>
      </RunInfo>
      <RunInfo computerName="DESKTOP-RSFFHJT" outcome="Warning" timestamp="2025-05-01T21:13:45.3631352-04:00">
        <Text>2025-05-02T01:13:45.362Z pw:api   scrolling into view if needed</Text>
      </RunInfo>
      <RunInfo computerName="DESKTOP-RSFFHJT" outcome="Warning" timestamp="2025-05-01T21:13:45.3634289-04:00">
        <Text>2025-05-02T01:13:45.362Z pw:api   done scrolling</Text>
      </RunInfo>
      <RunInfo computerName="DESKTOP-RSFFHJT" outcome="Warning" timestamp="2025-05-01T21:13:45.3651048-04:00">
        <Text>2025-05-02T01:13:45.364Z pw:api   performing click action</Text>
      </RunInfo>
      <RunInfo computerName="DESKTOP-RSFFHJT" outcome="Warning" timestamp="2025-05-01T21:13:45.3812414-04:00">
        <Text>2025-05-02T01:13:45.380Z pw:api   click action done</Text>
      </RunInfo>
      <RunInfo computerName="DESKTOP-RSFFHJT" outcome="Warning" timestamp="2025-05-01T21:13:45.3812503-04:00">
        <Text>2025-05-02T01:13:45.380Z pw:api   waiting for scheduled navigations to finish</Text>
      </RunInfo>
      <RunInfo computerName="DESKTOP-RSFFHJT" outcome="Warning" timestamp="2025-05-01T21:13:45.3814552-04:00">
        <Text>2025-05-02T01:13:45.380Z pw:api   navigations have finished</Text>
      </RunInfo>
    </RunInfos>
  </ResultSummary>
</TestRun>