<?xml version="1.0" encoding="utf-8"?>
<TestRun id="9fa2ef3a-aa2f-40e4-9192-99b8533a6c5c" name="Eric@DESKTOP-RSFFHJT 2025-05-03 19:38:10" runUser="DESKTOP-RSFFHJT\Eric" xmlns="http://microsoft.com/schemas/VisualStudio/TeamTest/2010">
  <Times creation="2025-05-03T19:38:10.5439371-04:00" queuing="2025-05-03T19:38:10.5439374-04:00" start="2025-05-03T19:37:57.6353602-04:00" finish="2025-05-03T19:38:10.5447873-04:00" />
  <TestSettings name="default" id="09bdc753-81b7-4f91-b12e-d6b69b719ee7">
    <Deployment runDeploymentRoot="Eric_DESKTOP-RSFFHJT_2025-05-03_19_38_10" />
  </TestSettings>
  <Results>
    <UnitTestResult executionId="7e7f7e49-f6e4-49b2-af7d-63da6476a229" testId="2c491bb4-585c-499e-1f72-5732847fd795" testName="Test_Fill_New_Inv_Item(InventoryManagementSystemFramework.TestDataWorkflows.AddNewItemWorkflow)" computerName="DESKTOP-RSFFHJT" duration="00:00:12.4688130" startTime="2025-05-03T19:37:58.0073708-04:00" endTime="2025-05-03T19:38:10.4761376-04:00" testType="13cdc9d9-ddb5-4fa4-a97d-d965ccfc6d4b" outcome="Passed" testListId="8c84fa94-04c1-424b-9868-57a2d4851a1d" relativeResultsDirectory="7e7f7e49-f6e4-49b2-af7d-63da6476a229">
      <Output>
        <StdErr>2025-05-03T23:38:03.473Z pw:api navigating to "https://www.zoho.com/ca/inventory/inventory-software-demo/#/home/inventory-dashboard", waiting until "load"&#xD;
&#xD;
2025-05-03T23:38:03.626Z pw:api   "commit" event fired&#xD;
&#xD;
2025-05-03T23:38:03.627Z pw:api   navigated to "https://www.zoho.com/ca/inventory/inventory-software-demo/#/home/inventory-dashboard"&#xD;
&#xD;
2025-05-03T23:38:05.519Z pw:api   "networkidle" event fired&#xD;
&#xD;
2025-05-03T23:38:05.968Z pw:api   "domcontentloaded" event fired&#xD;
&#xD;
2025-05-03T23:38:06.869Z pw:api   "load" event fired&#xD;
&#xD;
2025-05-03T23:38:06.901Z pw:api waiting for Locator("div[id='main-nav-tab'] a[id*='ember'][class$='nav-link'], div[id='main-nav-tab']  a[id*='ember'][class$='nav-link ']").First&#xD;
&#xD;
2025-05-03T23:38:06.904Z pw:api   locator resolved to &lt;a id="ember79" href="#/home" class="ember-view active nav-link"&gt;ΓÇª&lt;/a&gt;&#xD;
&#xD;
2025-05-03T23:38:06.912Z pw:api waiting for Locator("div[id='main-nav-tab'] a[id*='ember'][class$='nav-link'], div[id='main-nav-tab']  a[id*='ember'][class$='nav-link ']").Nth(1)&#xD;
&#xD;
2025-05-03T23:38:06.915Z pw:api   locator resolved to &lt;a id="ember82" class="collapsed ember-view nav-link "&gt;ΓÇª&lt;/a&gt;&#xD;
&#xD;
2025-05-03T23:38:06.917Z pw:api waiting for Locator("div[id='main-nav-tab'] a[id*='ember'][class$='nav-link'], div[id='main-nav-tab']  a[id*='ember'][class$='nav-link ']").Nth(2)&#xD;
&#xD;
2025-05-03T23:38:06.919Z pw:api   locator resolved to &lt;a id="ember86" href="#/inventory/items" class="ember-view nav-link"&gt;ΓÇª&lt;/a&gt;&#xD;
&#xD;
2025-05-03T23:38:06.920Z pw:api waiting for Locator("div[id='main-nav-tab'] a[id*='ember'][class$='nav-link'], div[id='main-nav-tab']  a[id*='ember'][class$='nav-link ']").Nth(3)&#xD;
&#xD;
2025-05-03T23:38:06.922Z pw:api   locator resolved to &lt;a id="ember91" class="ember-view nav-link" href="#/inventory/itemgroups"&gt;ΓÇª&lt;/a&gt;&#xD;
&#xD;
2025-05-03T23:38:06.924Z pw:api waiting for Locator("div[id='main-nav-tab'] a[id*='ember'][class$='nav-link'], div[id='main-nav-tab']  a[id*='ember'][class$='nav-link ']").Nth(4)&#xD;
&#xD;
2025-05-03T23:38:06.928Z pw:api   locator resolved to &lt;a id="ember97" class="ember-view nav-link" href="#/inventory/adjustments"&gt;ΓÇª&lt;/a&gt;&#xD;
&#xD;
2025-05-03T23:38:06.930Z pw:api waiting for Locator("div[id='main-nav-tab'] a[id*='ember'][class$='nav-link'], div[id='main-nav-tab']  a[id*='ember'][class$='nav-link ']").Nth(5)&#xD;
&#xD;
2025-05-03T23:38:06.932Z pw:api   locator resolved to &lt;a id="ember104" class="collapsed ember-view nav-link "&gt;ΓÇª&lt;/a&gt;&#xD;
&#xD;
2025-05-03T23:38:06.933Z pw:api waiting for Locator("div[id='main-nav-tab'] a[id*='ember'][class$='nav-link'], div[id='main-nav-tab']  a[id*='ember'][class$='nav-link ']").Nth(6)&#xD;
&#xD;
2025-05-03T23:38:06.935Z pw:api   locator resolved to &lt;a id="ember108" href="#/contacts" class="ember-view nav-link"&gt;ΓÇª&lt;/a&gt;&#xD;
&#xD;
2025-05-03T23:38:06.936Z pw:api waiting for Locator("div[id='main-nav-tab'] a[id*='ember'][class$='nav-link'], div[id='main-nav-tab']  a[id*='ember'][class$='nav-link ']").Nth(7)&#xD;
&#xD;
2025-05-03T23:38:06.938Z pw:api   locator resolved to &lt;a id="ember114" href="#/salesorders" class="ember-view nav-link"&gt;ΓÇª&lt;/a&gt;&#xD;
&#xD;
2025-05-03T23:38:06.939Z pw:api waiting for Locator("div[id='main-nav-tab'] a[id*='ember'][class$='nav-link'], div[id='main-nav-tab']  a[id*='ember'][class$='nav-link ']").Nth(8)&#xD;
&#xD;
2025-05-03T23:38:06.942Z pw:api   locator resolved to &lt;a id="ember121" href="#/packages" class="ember-view nav-link"&gt;ΓÇª&lt;/a&gt;&#xD;
&#xD;
2025-05-03T23:38:06.943Z pw:api waiting for Locator("div[id='main-nav-tab'] a[id*='ember'][class$='nav-link'], div[id='main-nav-tab']  a[id*='ember'][class$='nav-link ']").Nth(9)&#xD;
&#xD;
2025-05-03T23:38:06.945Z pw:api   locator resolved to &lt;a id="ember125" href="#/shipments" class="ember-view nav-link"&gt;ΓÇª&lt;/a&gt;&#xD;
&#xD;
2025-05-03T23:38:06.946Z pw:api waiting for Locator("div[id='main-nav-tab'] a[id*='ember'][class$='nav-link'], div[id='main-nav-tab']  a[id*='ember'][class$='nav-link ']").Nth(10)&#xD;
&#xD;
2025-05-03T23:38:06.949Z pw:api   locator resolved to &lt;a id="ember129" href="#/invoices" class="ember-view nav-link"&gt;ΓÇª&lt;/a&gt;&#xD;
&#xD;
2025-05-03T23:38:06.949Z pw:api waiting for Locator("div[id='main-nav-tab'] a[id*='ember'][class$='nav-link'], div[id='main-nav-tab']  a[id*='ember'][class$='nav-link ']").Nth(11)&#xD;
&#xD;
2025-05-03T23:38:06.951Z pw:api   locator resolved to &lt;a id="ember134" href="#/paymentsreceived" class="ember-view nav-link"&gt;ΓÇª&lt;/a&gt;&#xD;
&#xD;
2025-05-03T23:38:06.952Z pw:api waiting for Locator("div[id='main-nav-tab'] a[id*='ember'][class$='nav-link'], div[id='main-nav-tab']  a[id*='ember'][class$='nav-link ']").Nth(12)&#xD;
&#xD;
2025-05-03T23:38:06.954Z pw:api   locator resolved to &lt;a id="ember140" href="#/salesreturns" class="ember-view nav-link"&gt;ΓÇª&lt;/a&gt;&#xD;
&#xD;
2025-05-03T23:38:06.955Z pw:api waiting for Locator("div[id='main-nav-tab'] a[id*='ember'][class$='nav-link'], div[id='main-nav-tab']  a[id*='ember'][class$='nav-link ']").Nth(13)&#xD;
&#xD;
2025-05-03T23:38:06.958Z pw:api   locator resolved to &lt;a id="ember143" href="#/creditnotes" class="ember-view nav-link"&gt;ΓÇª&lt;/a&gt;&#xD;
&#xD;
2025-05-03T23:38:06.959Z pw:api waiting for Locator("div[id='main-nav-tab'] a[id*='ember'][class$='nav-link'], div[id='main-nav-tab']  a[id*='ember'][class$='nav-link ']").Nth(14)&#xD;
&#xD;
2025-05-03T23:38:06.961Z pw:api   locator resolved to &lt;a id="ember147" class="collapsed ember-view nav-link "&gt;ΓÇª&lt;/a&gt;&#xD;
&#xD;
2025-05-03T23:38:06.962Z pw:api waiting for Locator("div[id='main-nav-tab'] a[id*='ember'][class$='nav-link'], div[id='main-nav-tab']  a[id*='ember'][class$='nav-link ']").Nth(15)&#xD;
&#xD;
2025-05-03T23:38:06.964Z pw:api   locator resolved to &lt;a id="ember151" href="#/vendors" class="ember-view nav-link"&gt;ΓÇª&lt;/a&gt;&#xD;
&#xD;
2025-05-03T23:38:06.965Z pw:api waiting for Locator("div[id='main-nav-tab'] a[id*='ember'][class$='nav-link'], div[id='main-nav-tab']  a[id*='ember'][class$='nav-link ']").Nth(16)&#xD;
&#xD;
2025-05-03T23:38:06.967Z pw:api   locator resolved to &lt;a id="ember155" href="#/expenses" class="ember-view nav-link"&gt;ΓÇª&lt;/a&gt;&#xD;
&#xD;
2025-05-03T23:38:06.968Z pw:api waiting for Locator("div[id='main-nav-tab'] a[id*='ember'][class$='nav-link'], div[id='main-nav-tab']  a[id*='ember'][class$='nav-link ']").Nth(17)&#xD;
&#xD;
2025-05-03T23:38:06.969Z pw:api   locator resolved to &lt;a id="ember159" href="#/purchaseorders" class="ember-view nav-link"&gt;ΓÇª&lt;/a&gt;&#xD;
&#xD;
2025-05-03T23:38:06.970Z pw:api waiting for Locator("div[id='main-nav-tab'] a[id*='ember'][class$='nav-link'], div[id='main-nav-tab']  a[id*='ember'][class$='nav-link ']").Nth(18)&#xD;
&#xD;
2025-05-03T23:38:06.973Z pw:api   locator resolved to &lt;a id="ember163" href="#/purchasereceives" class="ember-view nav-link"&gt;ΓÇª&lt;/a&gt;&#xD;
&#xD;
2025-05-03T23:38:06.974Z pw:api waiting for Locator("div[id='main-nav-tab'] a[id*='ember'][class$='nav-link'], div[id='main-nav-tab']  a[id*='ember'][class$='nav-link ']").Nth(19)&#xD;
&#xD;
2025-05-03T23:38:06.977Z pw:api   locator resolved to &lt;a id="ember168" href="#/bills" class="ember-view nav-link"&gt;ΓÇª&lt;/a&gt;&#xD;
&#xD;
2025-05-03T23:38:06.978Z pw:api waiting for Locator("div[id='main-nav-tab'] a[id*='ember'][class$='nav-link'], div[id='main-nav-tab']  a[id*='ember'][class$='nav-link ']").Nth(20)&#xD;
&#xD;
2025-05-03T23:38:06.981Z pw:api   locator resolved to &lt;a id="ember172" href="#/paymentsmade" class="ember-view nav-link"&gt;ΓÇª&lt;/a&gt;&#xD;
&#xD;
2025-05-03T23:38:06.981Z pw:api waiting for Locator("div[id='main-nav-tab'] a[id*='ember'][class$='nav-link'], div[id='main-nav-tab']  a[id*='ember'][class$='nav-link ']").Nth(21)&#xD;
&#xD;
2025-05-03T23:38:06.983Z pw:api   locator resolved to &lt;a id="ember177" href="#/vendorcredits" class="ember-view nav-link"&gt;ΓÇª&lt;/a&gt;&#xD;
&#xD;
2025-05-03T23:38:06.984Z pw:api waiting for Locator("div[id='main-nav-tab'] a[id*='ember'][class$='nav-link'], div[id='main-nav-tab']  a[id*='ember'][class$='nav-link ']").Nth(22)&#xD;
&#xD;
2025-05-03T23:38:06.986Z pw:api   locator resolved to &lt;a id="ember181" class="ember-view nav-link" href="#/settings/integrations"&gt;ΓÇª&lt;/a&gt;&#xD;
&#xD;
2025-05-03T23:38:06.987Z pw:api waiting for Locator("div[id='main-nav-tab'] a[id*='ember'][class$='nav-link'], div[id='main-nav-tab']  a[id*='ember'][class$='nav-link ']").Nth(23)&#xD;
&#xD;
2025-05-03T23:38:06.994Z pw:api   locator resolved to &lt;a id="ember184" href="#/reports" class="ember-view nav-link"&gt;ΓÇª&lt;/a&gt;&#xD;
&#xD;
2025-05-03T23:38:06.995Z pw:api waiting for Locator("div[id='main-nav-tab'] a[id*='ember'][class$='nav-link'], div[id='main-nav-tab']  a[id*='ember'][class$='nav-link ']").Nth(24)&#xD;
&#xD;
2025-05-03T23:38:06.997Z pw:api   locator resolved to &lt;a id="ember187" href="#/documents/inbox" class="ember-view nav-link"&gt;ΓÇª&lt;/a&gt;&#xD;
&#xD;
2025-05-03T23:38:06.999Z pw:api waiting for Locator("div[id='main-nav-tab'] a[id*='ember'][class$='nav-link'], div[id='main-nav-tab']  a[id*='ember'][class$='nav-link ']").Nth(1)&#xD;
&#xD;
2025-05-03T23:38:07.002Z pw:api   locator resolved to &lt;a id="ember82" class="collapsed ember-view nav-link "&gt;ΓÇª&lt;/a&gt;&#xD;
&#xD;
2025-05-03T23:38:07.003Z pw:api attempting click action&#xD;
&#xD;
2025-05-03T23:38:07.004Z pw:api   waiting for element to be visible, enabled and stable&#xD;
&#xD;
2025-05-03T23:38:07.029Z pw:api   element is visible, enabled and stable&#xD;
&#xD;
2025-05-03T23:38:07.029Z pw:api   scrolling into view if needed&#xD;
&#xD;
2025-05-03T23:38:07.032Z pw:api   done scrolling&#xD;
&#xD;
2025-05-03T23:38:07.038Z pw:api   performing click action&#xD;
&#xD;
2025-05-03T23:38:07.049Z pw:api   click action done&#xD;
&#xD;
2025-05-03T23:38:07.049Z pw:api   waiting for scheduled navigations to finish&#xD;
&#xD;
2025-05-03T23:38:07.050Z pw:api   navigations have finished&#xD;
&#xD;
2025-05-03T23:38:07.054Z pw:api waiting for Locator("div[id='main-nav-tab'] a[id*='ember'][class$='nav-link'], div[id='main-nav-tab']  a[id*='ember'][class$='nav-link ']").First&#xD;
&#xD;
2025-05-03T23:38:07.056Z pw:api   locator resolved to &lt;a id="ember79" href="#/home" class="ember-view active nav-link"&gt;ΓÇª&lt;/a&gt;&#xD;
&#xD;
2025-05-03T23:38:07.056Z pw:api waiting for Locator("div[id='main-nav-tab'] a[id*='ember'][class$='nav-link'], div[id='main-nav-tab']  a[id*='ember'][class$='nav-link ']").Nth(1)&#xD;
&#xD;
2025-05-03T23:38:07.060Z pw:api   locator resolved to &lt;a id="ember82" class="ember-view nav-link "&gt;ΓÇª&lt;/a&gt;&#xD;
&#xD;
2025-05-03T23:38:07.062Z pw:api waiting for Locator("div[id='main-nav-tab'] a[id*='ember'][class$='nav-link'], div[id='main-nav-tab']  a[id*='ember'][class$='nav-link ']").Nth(2)&#xD;
&#xD;
2025-05-03T23:38:07.064Z pw:api   locator resolved to &lt;a id="ember86" href="#/inventory/items" class="ember-view nav-link"&gt;ΓÇª&lt;/a&gt;&#xD;
&#xD;
2025-05-03T23:38:07.065Z pw:api waiting for Locator("div[id='main-nav-tab'] a[id*='ember'][class$='nav-link'], div[id='main-nav-tab']  a[id*='ember'][class$='nav-link ']").Nth(3)&#xD;
&#xD;
2025-05-03T23:38:07.066Z pw:api   locator resolved to &lt;a id="ember91" class="ember-view nav-link" href="#/inventory/itemgroups"&gt;ΓÇª&lt;/a&gt;&#xD;
&#xD;
2025-05-03T23:38:07.067Z pw:api waiting for Locator("div[id='main-nav-tab'] a[id*='ember'][class$='nav-link'], div[id='main-nav-tab']  a[id*='ember'][class$='nav-link ']").Nth(4)&#xD;
&#xD;
2025-05-03T23:38:07.070Z pw:api   locator resolved to &lt;a id="ember97" class="ember-view nav-link" href="#/inventory/adjustments"&gt;ΓÇª&lt;/a&gt;&#xD;
&#xD;
2025-05-03T23:38:07.070Z pw:api waiting for Locator("div[id='main-nav-tab'] a[id*='ember'][class$='nav-link'], div[id='main-nav-tab']  a[id*='ember'][class$='nav-link ']").Nth(5)&#xD;
&#xD;
2025-05-03T23:38:07.072Z pw:api   locator resolved to &lt;a id="ember104" class="collapsed ember-view nav-link "&gt;ΓÇª&lt;/a&gt;&#xD;
&#xD;
2025-05-03T23:38:07.073Z pw:api waiting for Locator("div[id='main-nav-tab'] a[id*='ember'][class$='nav-link'], div[id='main-nav-tab']  a[id*='ember'][class$='nav-link ']").Nth(6)&#xD;
&#xD;
2025-05-03T23:38:07.076Z pw:api   locator resolved to &lt;a id="ember108" href="#/contacts" class="ember-view nav-link"&gt;ΓÇª&lt;/a&gt;&#xD;
&#xD;
2025-05-03T23:38:07.077Z pw:api waiting for Locator("div[id='main-nav-tab'] a[id*='ember'][class$='nav-link'], div[id='main-nav-tab']  a[id*='ember'][class$='nav-link ']").Nth(7)&#xD;
&#xD;
2025-05-03T23:38:07.079Z pw:api   locator resolved to &lt;a id="ember114" href="#/salesorders" class="ember-view nav-link"&gt;ΓÇª&lt;/a&gt;&#xD;
&#xD;
2025-05-03T23:38:07.082Z pw:api waiting for Locator("div[id='main-nav-tab'] a[id*='ember'][class$='nav-link'], div[id='main-nav-tab']  a[id*='ember'][class$='nav-link ']").Nth(8)&#xD;
&#xD;
2025-05-03T23:38:07.086Z pw:api   locator resolved to &lt;a id="ember121" href="#/packages" class="ember-view nav-link"&gt;ΓÇª&lt;/a&gt;&#xD;
&#xD;
2025-05-03T23:38:07.088Z pw:api waiting for Locator("div[id='main-nav-tab'] a[id*='ember'][class$='nav-link'], div[id='main-nav-tab']  a[id*='ember'][class$='nav-link ']").Nth(9)&#xD;
&#xD;
2025-05-03T23:38:07.090Z pw:api   locator resolved to &lt;a id="ember125" href="#/shipments" class="ember-view nav-link"&gt;ΓÇª&lt;/a&gt;&#xD;
&#xD;
2025-05-03T23:38:07.092Z pw:api waiting for Locator("div[id='main-nav-tab'] a[id*='ember'][class$='nav-link'], div[id='main-nav-tab']  a[id*='ember'][class$='nav-link ']").Nth(10)&#xD;
&#xD;
2025-05-03T23:38:07.095Z pw:api   locator resolved to &lt;a id="ember129" href="#/invoices" class="ember-view nav-link"&gt;ΓÇª&lt;/a&gt;&#xD;
&#xD;
2025-05-03T23:38:07.096Z pw:api waiting for Locator("div[id='main-nav-tab'] a[id*='ember'][class$='nav-link'], div[id='main-nav-tab']  a[id*='ember'][class$='nav-link ']").Nth(11)&#xD;
&#xD;
2025-05-03T23:38:07.099Z pw:api   locator resolved to &lt;a id="ember134" href="#/paymentsreceived" class="ember-view nav-link"&gt;ΓÇª&lt;/a&gt;&#xD;
&#xD;
2025-05-03T23:38:07.099Z pw:api waiting for Locator("div[id='main-nav-tab'] a[id*='ember'][class$='nav-link'], div[id='main-nav-tab']  a[id*='ember'][class$='nav-link ']").Nth(12)&#xD;
&#xD;
2025-05-03T23:38:07.102Z pw:api   locator resolved to &lt;a id="ember140" href="#/salesreturns" class="ember-view nav-link"&gt;ΓÇª&lt;/a&gt;&#xD;
&#xD;
2025-05-03T23:38:07.103Z pw:api waiting for Locator("div[id='main-nav-tab'] a[id*='ember'][class$='nav-link'], div[id='main-nav-tab']  a[id*='ember'][class$='nav-link ']").Nth(13)&#xD;
&#xD;
2025-05-03T23:38:07.105Z pw:api   locator resolved to &lt;a id="ember143" href="#/creditnotes" class="ember-view nav-link"&gt;ΓÇª&lt;/a&gt;&#xD;
&#xD;
2025-05-03T23:38:07.106Z pw:api waiting for Locator("div[id='main-nav-tab'] a[id*='ember'][class$='nav-link'], div[id='main-nav-tab']  a[id*='ember'][class$='nav-link ']").Nth(14)&#xD;
&#xD;
2025-05-03T23:38:07.109Z pw:api   locator resolved to &lt;a id="ember147" class="collapsed ember-view nav-link "&gt;ΓÇª&lt;/a&gt;&#xD;
&#xD;
2025-05-03T23:38:07.110Z pw:api waiting for Locator("div[id='main-nav-tab'] a[id*='ember'][class$='nav-link'], div[id='main-nav-tab']  a[id*='ember'][class$='nav-link ']").Nth(15)&#xD;
&#xD;
2025-05-03T23:38:07.112Z pw:api   locator resolved to &lt;a id="ember151" href="#/vendors" class="ember-view nav-link"&gt;ΓÇª&lt;/a&gt;&#xD;
&#xD;
2025-05-03T23:38:07.113Z pw:api waiting for Locator("div[id='main-nav-tab'] a[id*='ember'][class$='nav-link'], div[id='main-nav-tab']  a[id*='ember'][class$='nav-link ']").Nth(16)&#xD;
&#xD;
2025-05-03T23:38:07.115Z pw:api   locator resolved to &lt;a id="ember155" href="#/expenses" class="ember-view nav-link"&gt;ΓÇª&lt;/a&gt;&#xD;
&#xD;
2025-05-03T23:38:07.116Z pw:api waiting for Locator("div[id='main-nav-tab'] a[id*='ember'][class$='nav-link'], div[id='main-nav-tab']  a[id*='ember'][class$='nav-link ']").Nth(17)&#xD;
&#xD;
2025-05-03T23:38:07.118Z pw:api   locator resolved to &lt;a id="ember159" href="#/purchaseorders" class="ember-view nav-link"&gt;ΓÇª&lt;/a&gt;&#xD;
&#xD;
2025-05-03T23:38:07.118Z pw:api waiting for Locator("div[id='main-nav-tab'] a[id*='ember'][class$='nav-link'], div[id='main-nav-tab']  a[id*='ember'][class$='nav-link ']").Nth(18)&#xD;
&#xD;
2025-05-03T23:38:07.120Z pw:api   locator resolved to &lt;a id="ember163" href="#/purchasereceives" class="ember-view nav-link"&gt;ΓÇª&lt;/a&gt;&#xD;
&#xD;
2025-05-03T23:38:07.121Z pw:api waiting for Locator("div[id='main-nav-tab'] a[id*='ember'][class$='nav-link'], div[id='main-nav-tab']  a[id*='ember'][class$='nav-link ']").Nth(19)&#xD;
&#xD;
2025-05-03T23:38:07.123Z pw:api   locator resolved to &lt;a id="ember168" href="#/bills" class="ember-view nav-link"&gt;ΓÇª&lt;/a&gt;&#xD;
&#xD;
2025-05-03T23:38:07.124Z pw:api waiting for Locator("div[id='main-nav-tab'] a[id*='ember'][class$='nav-link'], div[id='main-nav-tab']  a[id*='ember'][class$='nav-link ']").Nth(20)&#xD;
&#xD;
2025-05-03T23:38:07.127Z pw:api   locator resolved to &lt;a id="ember172" href="#/paymentsmade" class="ember-view nav-link"&gt;ΓÇª&lt;/a&gt;&#xD;
&#xD;
2025-05-03T23:38:07.128Z pw:api waiting for Locator("div[id='main-nav-tab'] a[id*='ember'][class$='nav-link'], div[id='main-nav-tab']  a[id*='ember'][class$='nav-link ']").Nth(21)&#xD;
&#xD;
2025-05-03T23:38:07.130Z pw:api   locator resolved to &lt;a id="ember177" href="#/vendorcredits" class="ember-view nav-link"&gt;ΓÇª&lt;/a&gt;&#xD;
&#xD;
2025-05-03T23:38:07.131Z pw:api waiting for Locator("div[id='main-nav-tab'] a[id*='ember'][class$='nav-link'], div[id='main-nav-tab']  a[id*='ember'][class$='nav-link ']").Nth(22)&#xD;
&#xD;
2025-05-03T23:38:07.133Z pw:api   locator resolved to &lt;a id="ember181" class="ember-view nav-link" href="#/settings/integrations"&gt;ΓÇª&lt;/a&gt;&#xD;
&#xD;
2025-05-03T23:38:07.134Z pw:api waiting for Locator("div[id='main-nav-tab'] a[id*='ember'][class$='nav-link'], div[id='main-nav-tab']  a[id*='ember'][class$='nav-link ']").Nth(23)&#xD;
&#xD;
2025-05-03T23:38:07.136Z pw:api   locator resolved to &lt;a id="ember184" href="#/reports" class="ember-view nav-link"&gt;ΓÇª&lt;/a&gt;&#xD;
&#xD;
2025-05-03T23:38:07.136Z pw:api waiting for Locator("div[id='main-nav-tab'] a[id*='ember'][class$='nav-link'], div[id='main-nav-tab']  a[id*='ember'][class$='nav-link ']").Nth(24)&#xD;
&#xD;
2025-05-03T23:38:07.139Z pw:api   locator resolved to &lt;a id="ember187" href="#/documents/inbox" class="ember-view nav-link"&gt;ΓÇª&lt;/a&gt;&#xD;
&#xD;
2025-05-03T23:38:07.140Z pw:api waiting for Locator("div[id='main-nav-tab'] a[id*='ember'][class$='nav-link'], div[id='main-nav-tab']  a[id*='ember'][class$='nav-link ']").Nth(2)&#xD;
&#xD;
2025-05-03T23:38:07.145Z pw:api   locator resolved to &lt;a id="ember86" href="#/inventory/items" class="ember-view nav-link"&gt;ΓÇª&lt;/a&gt;&#xD;
&#xD;
2025-05-03T23:38:07.145Z pw:api attempting click action&#xD;
&#xD;
2025-05-03T23:38:07.145Z pw:api   waiting for element to be visible, enabled and stable&#xD;
&#xD;
2025-05-03T23:38:07.175Z pw:api   element is visible, enabled and stable&#xD;
&#xD;
2025-05-03T23:38:07.175Z pw:api   scrolling into view if needed&#xD;
&#xD;
2025-05-03T23:38:07.176Z pw:api   done scrolling&#xD;
&#xD;
2025-05-03T23:38:07.177Z pw:api   performing click action&#xD;
&#xD;
2025-05-03T23:38:07.201Z pw:api   click action done&#xD;
&#xD;
2025-05-03T23:38:07.201Z pw:api   waiting for scheduled navigations to finish&#xD;
&#xD;
2025-05-03T23:38:07.201Z pw:api   navigations have finished&#xD;
&#xD;
2025-05-03T23:38:07.212Z pw:api waiting for Locator("table[id='vertically-scrolled-table']") to be visible&#xD;
&#xD;
2025-05-03T23:38:07.545Z pw:api   "networkidle" event fired&#xD;
&#xD;
2025-05-03T23:38:07.616Z pw:api   navigated to "https://www.zoho.com/ca/inventory/inventory-software-demo/#/inventory/items"&#xD;
&#xD;
2025-05-03T23:38:08.025Z pw:api   locator resolved to visible &lt;table id="vertically-scrolled-table" class="table zi-table table-hover     header-fixed"&gt;ΓÇª&lt;/table&gt;&#xD;
&#xD;
2025-05-03T23:38:08.028Z pw:api waiting for Locator("table[id='vertically-scrolled-table']").Locator("tbody tr").First&#xD;
&#xD;
2025-05-03T23:38:08.030Z pw:api   locator resolved to &lt;tr tabindex="-1" id="ember306" class="ember-view   "&gt;ΓÇª&lt;/tr&gt;&#xD;
&#xD;
2025-05-03T23:38:08.032Z pw:api waiting for Locator("table[id='vertically-scrolled-table']").Locator("tbody tr").First.Locator("a")&#xD;
&#xD;
2025-05-03T23:38:08.034Z pw:api   locator resolved to &lt;a id="ember310" class="ember-view text-break " href="#/inventory/items/6620000005381000"&gt;Storage Cabinet&lt;/a&gt;&#xD;
&#xD;
2025-05-03T23:38:08.041Z pw:api waiting for Locator("table[id='vertically-scrolled-table']").Locator("tbody tr").First.Locator("td:nth-child(3)")&#xD;
&#xD;
2025-05-03T23:38:08.043Z pw:api   locator resolved to &lt;td class=" "&gt;Item 1 sku&lt;/td&gt;&#xD;
&#xD;
2025-05-03T23:38:08.044Z pw:api waiting for Locator("table[id='vertically-scrolled-table']").Locator("tbody tr").First.Locator("td:nth-child(4)")&#xD;
&#xD;
2025-05-03T23:38:08.045Z pw:api   locator resolved to &lt;td class=" "&gt;Digital_service&lt;/td&gt;&#xD;
&#xD;
2025-05-03T23:38:08.046Z pw:api waiting for Locator("table[id='vertically-scrolled-table']").Locator("tbody tr").First.Locator("td span[class='text-ellipsis']")&#xD;
&#xD;
2025-05-03T23:38:08.047Z pw:api   locator resolved to &lt;span id="a1e282ce5" class="text-ellipsis"&gt;A versatile storage cabinet with adjustable shelvΓÇª&lt;/span&gt;&#xD;
&#xD;
2025-05-03T23:38:08.048Z pw:api waiting for Locator("table[id='vertically-scrolled-table']").Locator("tbody tr").First.Locator("td[class='  text-end']")&#xD;
&#xD;
2025-05-03T23:38:08.049Z pw:api   locator resolved to &lt;td class="  text-end"&gt;$8493.00&lt;/td&gt;&#xD;
&#xD;
2025-05-03T23:38:08.050Z pw:api waiting for Locator("table[id='vertically-scrolled-table']").Locator("tbody tr").Nth(1)&#xD;
&#xD;
2025-05-03T23:38:08.052Z pw:api   locator resolved to &lt;tr tabindex="-1" id="ember312" class="ember-view   "&gt;ΓÇª&lt;/tr&gt;&#xD;
&#xD;
2025-05-03T23:38:08.053Z pw:api waiting for Locator("table[id='vertically-scrolled-table']").Locator("tbody tr").Nth(1).Locator("a")&#xD;
&#xD;
2025-05-03T23:38:08.054Z pw:api   locator resolved to &lt;a id="ember316" class="ember-view text-break " href="#/inventory/items/6620000005381001"&gt;Dining Table and Chairs Set&lt;/a&gt;&#xD;
&#xD;
2025-05-03T23:38:08.055Z pw:api waiting for Locator("table[id='vertically-scrolled-table']").Locator("tbody tr").Nth(1).Locator("td:nth-child(3)")&#xD;
&#xD;
2025-05-03T23:38:08.056Z pw:api   locator resolved to &lt;td class=" "&gt;Item 2 sku&lt;/td&gt;&#xD;
&#xD;
2025-05-03T23:38:08.057Z pw:api waiting for Locator("table[id='vertically-scrolled-table']").Locator("tbody tr").Nth(1).Locator("td:nth-child(4)")&#xD;
&#xD;
2025-05-03T23:38:08.059Z pw:api   locator resolved to &lt;td class=" "&gt;Digital_service&lt;/td&gt;&#xD;
&#xD;
2025-05-03T23:38:08.059Z pw:api waiting for Locator("table[id='vertically-scrolled-table']").Locator("tbody tr").Nth(1).Locator("td span[class='text-ellipsis']")&#xD;
&#xD;
2025-05-03T23:38:08.061Z pw:api   locator resolved to &lt;span id="a0b0cf2e7" class="text-ellipsis"&gt;A stylish dining set with a table and four chairs.&lt;/span&gt;&#xD;
&#xD;
2025-05-03T23:38:08.061Z pw:api waiting for Locator("table[id='vertically-scrolled-table']").Locator("tbody tr").Nth(1).Locator("td[class='  text-end']")&#xD;
&#xD;
2025-05-03T23:38:08.063Z pw:api   locator resolved to &lt;td class="  text-end"&gt;$7147.00&lt;/td&gt;&#xD;
&#xD;
2025-05-03T23:38:08.063Z pw:api waiting for Locator("table[id='vertically-scrolled-table']").Locator("tbody tr").Nth(2)&#xD;
&#xD;
2025-05-03T23:38:08.065Z pw:api   locator resolved to &lt;tr tabindex="-1" id="ember318" class="ember-view   "&gt;ΓÇª&lt;/tr&gt;&#xD;
&#xD;
2025-05-03T23:38:08.065Z pw:api waiting for Locator("table[id='vertically-scrolled-table']").Locator("tbody tr").Nth(2).Locator("a")&#xD;
&#xD;
2025-05-03T23:38:08.067Z pw:api   locator resolved to &lt;a id="ember322" class="ember-view text-break " href="#/inventory/items/6620000005381002"&gt;Storage Cabinet&lt;/a&gt;&#xD;
&#xD;
2025-05-03T23:38:08.067Z pw:api waiting for Locator("table[id='vertically-scrolled-table']").Locator("tbody tr").Nth(2).Locator("td:nth-child(3)")&#xD;
&#xD;
2025-05-03T23:38:08.069Z pw:api   locator resolved to &lt;td class=" "&gt;Item 3 sku&lt;/td&gt;&#xD;
&#xD;
2025-05-03T23:38:08.070Z pw:api waiting for Locator("table[id='vertically-scrolled-table']").Locator("tbody tr").Nth(2).Locator("td:nth-child(4)")&#xD;
&#xD;
2025-05-03T23:38:08.071Z pw:api   locator resolved to &lt;td class=" "&gt;Digital_service&lt;/td&gt;&#xD;
&#xD;
2025-05-03T23:38:08.072Z pw:api waiting for Locator("table[id='vertically-scrolled-table']").Locator("tbody tr").Nth(2).Locator("td span[class='text-ellipsis']")&#xD;
&#xD;
2025-05-03T23:38:08.073Z pw:api   locator resolved to &lt;span id="a46d00511" class="text-ellipsis"&gt;&lt;/span&gt;&#xD;
&#xD;
2025-05-03T23:38:08.074Z pw:api waiting for Locator("table[id='vertically-scrolled-table']").Locator("tbody tr").Nth(2).Locator("td[class='  text-end']")&#xD;
&#xD;
2025-05-03T23:38:08.076Z pw:api   locator resolved to &lt;td class="  text-end"&gt;&lt;/td&gt;&#xD;
&#xD;
2025-05-03T23:38:08.077Z pw:api waiting for Locator("table[id='vertically-scrolled-table']").Locator("tbody tr").Nth(3)&#xD;
&#xD;
2025-05-03T23:38:08.078Z pw:api   locator resolved to &lt;tr tabindex="-1" id="ember324" class="ember-view   "&gt;ΓÇª&lt;/tr&gt;&#xD;
&#xD;
2025-05-03T23:38:08.079Z pw:api waiting for Locator("table[id='vertically-scrolled-table']").Locator("tbody tr").Nth(3).Locator("a")&#xD;
&#xD;
2025-05-03T23:38:08.080Z pw:api   locator resolved to &lt;a id="ember328" class="ember-view text-break " href="#/inventory/items/6620000005381003"&gt;Executive Office Desk&lt;/a&gt;&#xD;
&#xD;
2025-05-03T23:38:08.081Z pw:api waiting for Locator("table[id='vertically-scrolled-table']").Locator("tbody tr").Nth(3).Locator("td:nth-child(3)")&#xD;
&#xD;
2025-05-03T23:38:08.083Z pw:api   locator resolved to &lt;td class=" "&gt;Item 4 sku&lt;/td&gt;&#xD;
&#xD;
2025-05-03T23:38:08.085Z pw:api waiting for Locator("table[id='vertically-scrolled-table']").Locator("tbody tr").Nth(3).Locator("td:nth-child(4)")&#xD;
&#xD;
2025-05-03T23:38:08.088Z pw:api   locator resolved to &lt;td class=" "&gt;Digital_service&lt;/td&gt;&#xD;
&#xD;
2025-05-03T23:38:08.092Z pw:api waiting for Locator("table[id='vertically-scrolled-table']").Locator("tbody tr").Nth(3).Locator("td span[class='text-ellipsis']")&#xD;
&#xD;
2025-05-03T23:38:08.095Z pw:api   locator resolved to &lt;span id="a0c5b05b3" class="text-ellipsis"&gt;&lt;/span&gt;&#xD;
&#xD;
2025-05-03T23:38:08.096Z pw:api waiting for Locator("table[id='vertically-scrolled-table']").Locator("tbody tr").Nth(3).Locator("td[class='  text-end']")&#xD;
&#xD;
2025-05-03T23:38:08.098Z pw:api   locator resolved to &lt;td class="  text-end"&gt;&lt;/td&gt;&#xD;
&#xD;
2025-05-03T23:38:08.098Z pw:api waiting for Locator("table[id='vertically-scrolled-table']").Locator("tbody tr").Nth(4)&#xD;
&#xD;
2025-05-03T23:38:08.100Z pw:api   locator resolved to &lt;tr tabindex="-1" id="ember330" class="ember-view   "&gt;ΓÇª&lt;/tr&gt;&#xD;
&#xD;
2025-05-03T23:38:08.100Z pw:api waiting for Locator("table[id='vertically-scrolled-table']").Locator("tbody tr").Nth(4).Locator("a")&#xD;
&#xD;
2025-05-03T23:38:08.102Z pw:api   locator resolved to &lt;a id="ember334" class="ember-view text-break " href="#/inventory/items/6620000005381004"&gt;Sofa&lt;/a&gt;&#xD;
&#xD;
2025-05-03T23:38:08.103Z pw:api waiting for Locator("table[id='vertically-scrolled-table']").Locator("tbody tr").Nth(4).Locator("td:nth-child(3)")&#xD;
&#xD;
2025-05-03T23:38:08.104Z pw:api   locator resolved to &lt;td class=" "&gt;Item 5 sku&lt;/td&gt;&#xD;
&#xD;
2025-05-03T23:38:08.105Z pw:api waiting for Locator("table[id='vertically-scrolled-table']").Locator("tbody tr").Nth(4).Locator("td:nth-child(4)")&#xD;
&#xD;
2025-05-03T23:38:08.106Z pw:api   locator resolved to &lt;td class=" "&gt;Digital_service&lt;/td&gt;&#xD;
&#xD;
2025-05-03T23:38:08.107Z pw:api waiting for Locator("table[id='vertically-scrolled-table']").Locator("tbody tr").Nth(4).Locator("td span[class='text-ellipsis']")&#xD;
&#xD;
2025-05-03T23:38:08.110Z pw:api   locator resolved to &lt;span id="abbcc74b7" class="text-ellipsis"&gt;A comfortable, modern sofa with plush cushions.&lt;/span&gt;&#xD;
&#xD;
2025-05-03T23:38:08.111Z pw:api waiting for Locator("table[id='vertically-scrolled-table']").Locator("tbody tr").Nth(4).Locator("td[class='  text-end']")&#xD;
&#xD;
2025-05-03T23:38:08.113Z pw:api   locator resolved to &lt;td class="  text-end"&gt;$5742.00&lt;/td&gt;&#xD;
&#xD;
2025-05-03T23:38:08.114Z pw:api waiting for Locator("table[id='vertically-scrolled-table']").Locator("tbody tr").Nth(5)&#xD;
&#xD;
2025-05-03T23:38:08.115Z pw:api   locator resolved to &lt;tr tabindex="-1" id="ember336" class="ember-view   "&gt;ΓÇª&lt;/tr&gt;&#xD;
&#xD;
2025-05-03T23:38:08.116Z pw:api waiting for Locator("table[id='vertically-scrolled-table']").Locator("tbody tr").Nth(5).Locator("a")&#xD;
&#xD;
2025-05-03T23:38:08.117Z pw:api   locator resolved to &lt;a id="ember340" class="ember-view text-break " href="#/inventory/items/6620000005381005"&gt;Executive Office Desk&lt;/a&gt;&#xD;
&#xD;
2025-05-03T23:38:08.118Z pw:api waiting for Locator("table[id='vertically-scrolled-table']").Locator("tbody tr").Nth(5).Locator("td:nth-child(3)")&#xD;
&#xD;
2025-05-03T23:38:08.119Z pw:api   locator resolved to &lt;td class=" "&gt;Item 6 sku&lt;/td&gt;&#xD;
&#xD;
2025-05-03T23:38:08.120Z pw:api waiting for Locator("table[id='vertically-scrolled-table']").Locator("tbody tr").Nth(5).Locator("td:nth-child(4)")&#xD;
&#xD;
2025-05-03T23:38:08.121Z pw:api   locator resolved to &lt;td class=" "&gt;Digital_service&lt;/td&gt;&#xD;
&#xD;
2025-05-03T23:38:08.122Z pw:api waiting for Locator("table[id='vertically-scrolled-table']").Locator("tbody tr").Nth(5).Locator("td span[class='text-ellipsis']")&#xD;
&#xD;
2025-05-03T23:38:08.123Z pw:api   locator resolved to &lt;span id="a171ae43b" class="text-ellipsis"&gt;A spacious executive desk with storage drawers.&lt;/span&gt;&#xD;
&#xD;
2025-05-03T23:38:08.124Z pw:api waiting for Locator("table[id='vertically-scrolled-table']").Locator("tbody tr").Nth(5).Locator("td[class='  text-end']")&#xD;
&#xD;
2025-05-03T23:38:08.126Z pw:api   locator resolved to &lt;td class="  text-end"&gt;$6673.00&lt;/td&gt;&#xD;
&#xD;
2025-05-03T23:38:08.127Z pw:api waiting for Locator("table[id='vertically-scrolled-table']").Locator("tbody tr").Nth(6)&#xD;
&#xD;
2025-05-03T23:38:08.128Z pw:api   locator resolved to &lt;tr tabindex="-1" id="ember342" class="ember-view   "&gt;ΓÇª&lt;/tr&gt;&#xD;
&#xD;
2025-05-03T23:38:08.129Z pw:api waiting for Locator("table[id='vertically-scrolled-table']").Locator("tbody tr").Nth(6).Locator("a")&#xD;
&#xD;
2025-05-03T23:38:08.130Z pw:api   locator resolved to &lt;a id="ember346" class="ember-view text-break " href="#/inventory/items/6620000005381006"&gt;Queen Size Bed&lt;/a&gt;&#xD;
&#xD;
2025-05-03T23:38:08.131Z pw:api waiting for Locator("table[id='vertically-scrolled-table']").Locator("tbody tr").Nth(6).Locator("td:nth-child(3)")&#xD;
&#xD;
2025-05-03T23:38:08.132Z pw:api   locator resolved to &lt;td class=" "&gt;Item 7 sku&lt;/td&gt;&#xD;
&#xD;
2025-05-03T23:38:08.133Z pw:api waiting for Locator("table[id='vertically-scrolled-table']").Locator("tbody tr").Nth(6).Locator("td:nth-child(4)")&#xD;
&#xD;
2025-05-03T23:38:08.134Z pw:api   locator resolved to &lt;td class=" "&gt;Goods&lt;/td&gt;&#xD;
&#xD;
2025-05-03T23:38:08.135Z pw:api waiting for Locator("table[id='vertically-scrolled-table']").Locator("tbody tr").Nth(6).Locator("td span[class='text-ellipsis']")&#xD;
&#xD;
2025-05-03T23:38:08.136Z pw:api   locator resolved to &lt;span id="a497fe4f1" class="text-ellipsis"&gt;Mid-century wooden double bed. Scandinavian-styleΓÇª&lt;/span&gt;&#xD;
&#xD;
2025-05-03T23:38:08.137Z pw:api waiting for Locator("table[id='vertically-scrolled-table']").Locator("tbody tr").Nth(6).Locator("td[class='  text-end']")&#xD;
&#xD;
2025-05-03T23:38:08.138Z pw:api   locator resolved to &lt;td class="  text-end"&gt;$6125.00&lt;/td&gt;&#xD;
&#xD;
2025-05-03T23:38:08.139Z pw:api waiting for Locator("table[id='vertically-scrolled-table']").Locator("tbody tr").Nth(7)&#xD;
&#xD;
2025-05-03T23:38:08.140Z pw:api   locator resolved to &lt;tr tabindex="-1" id="ember348" class="ember-view   "&gt;ΓÇª&lt;/tr&gt;&#xD;
&#xD;
2025-05-03T23:38:08.141Z pw:api waiting for Locator("table[id='vertically-scrolled-table']").Locator("tbody tr").Nth(7).Locator("a")&#xD;
&#xD;
2025-05-03T23:38:08.143Z pw:api   locator resolved to &lt;a id="ember352" class="ember-view text-break " href="#/inventory/items/6620000005381007"&gt;Coffee Table&lt;/a&gt;&#xD;
&#xD;
2025-05-03T23:38:08.143Z pw:api waiting for Locator("table[id='vertically-scrolled-table']").Locator("tbody tr").Nth(7).Locator("td:nth-child(3)")&#xD;
&#xD;
2025-05-03T23:38:08.145Z pw:api   locator resolved to &lt;td class=" "&gt;Item 8 sku&lt;/td&gt;&#xD;
&#xD;
2025-05-03T23:38:08.146Z pw:api waiting for Locator("table[id='vertically-scrolled-table']").Locator("tbody tr").Nth(7).Locator("td:nth-child(4)")&#xD;
&#xD;
2025-05-03T23:38:08.147Z pw:api   locator resolved to &lt;td class=" "&gt;Goods&lt;/td&gt;&#xD;
&#xD;
2025-05-03T23:38:08.148Z pw:api waiting for Locator("table[id='vertically-scrolled-table']").Locator("tbody tr").Nth(7).Locator("td span[class='text-ellipsis']")&#xD;
&#xD;
2025-05-03T23:38:08.149Z pw:api   locator resolved to &lt;span id="a08f5d793" class="text-ellipsis"&gt;A sleek, modern coffee table with a glass top.&lt;/span&gt;&#xD;
&#xD;
2025-05-03T23:38:08.150Z pw:api waiting for Locator("table[id='vertically-scrolled-table']").Locator("tbody tr").Nth(7).Locator("td[class='  text-end']")&#xD;
&#xD;
2025-05-03T23:38:08.151Z pw:api   locator resolved to &lt;td class="  text-end"&gt;$8810.00&lt;/td&gt;&#xD;
&#xD;
2025-05-03T23:38:08.152Z pw:api waiting for Locator("table[id='vertically-scrolled-table']").Locator("tbody tr").Nth(8)&#xD;
&#xD;
2025-05-03T23:38:08.153Z pw:api   locator resolved to &lt;tr tabindex="-1" id="ember354" class="ember-view   "&gt;ΓÇª&lt;/tr&gt;&#xD;
&#xD;
2025-05-03T23:38:08.153Z pw:api waiting for Locator("table[id='vertically-scrolled-table']").Locator("tbody tr").Nth(8).Locator("a")&#xD;
&#xD;
2025-05-03T23:38:08.155Z pw:api   locator resolved to &lt;a id="ember358" class="ember-view text-break " href="#/inventory/items/6620000005381008"&gt;Composite Item 0&lt;/a&gt;&#xD;
&#xD;
2025-05-03T23:38:08.155Z pw:api waiting for Locator("table[id='vertically-scrolled-table']").Locator("tbody tr").Nth(8).Locator("td:nth-child(3)")&#xD;
&#xD;
2025-05-03T23:38:08.157Z pw:api   locator resolved to &lt;td class=" "&gt;66696&lt;/td&gt;&#xD;
&#xD;
2025-05-03T23:38:08.158Z pw:api waiting for Locator("table[id='vertically-scrolled-table']").Locator("tbody tr").Nth(8).Locator("td:nth-child(4)")&#xD;
&#xD;
2025-05-03T23:38:08.159Z pw:api   locator resolved to &lt;td class=" "&gt;Goods&lt;/td&gt;&#xD;
&#xD;
2025-05-03T23:38:08.160Z pw:api waiting for Locator("table[id='vertically-scrolled-table']").Locator("tbody tr").Nth(8).Locator("td span[class='text-ellipsis']")&#xD;
&#xD;
2025-05-03T23:38:08.161Z pw:api   locator resolved to &lt;span id="ad95d23b0" class="text-ellipsis"&gt;Fuga iste architecto quo eos tempora. Autem volupΓÇª&lt;/span&gt;&#xD;
&#xD;
2025-05-03T23:38:08.162Z pw:api waiting for Locator("table[id='vertically-scrolled-table']").Locator("tbody tr").Nth(8).Locator("td[class='  text-end']")&#xD;
&#xD;
2025-05-03T23:38:08.164Z pw:api   locator resolved to &lt;td class="  text-end"&gt;$971.00&lt;/td&gt;&#xD;
&#xD;
2025-05-03T23:38:08.164Z pw:api waiting for Locator("table[id='vertically-scrolled-table']").Locator("tbody tr").Nth(9)&#xD;
&#xD;
2025-05-03T23:38:08.165Z pw:api   locator resolved to &lt;tr tabindex="-1" id="ember360" class="ember-view   "&gt;ΓÇª&lt;/tr&gt;&#xD;
&#xD;
2025-05-03T23:38:08.166Z pw:api waiting for Locator("table[id='vertically-scrolled-table']").Locator("tbody tr").Nth(9).Locator("a")&#xD;
&#xD;
2025-05-03T23:38:08.167Z pw:api   locator resolved to &lt;a id="ember364" class="ember-view text-break " href="#/inventory/items/6620000005381009"&gt;Composite Item 1&lt;/a&gt;&#xD;
&#xD;
2025-05-03T23:38:08.168Z pw:api waiting for Locator("table[id='vertically-scrolled-table']").Locator("tbody tr").Nth(9).Locator("td:nth-child(3)")&#xD;
&#xD;
2025-05-03T23:38:08.169Z pw:api   locator resolved to &lt;td class=" "&gt;66696&lt;/td&gt;&#xD;
&#xD;
2025-05-03T23:38:08.170Z pw:api waiting for Locator("table[id='vertically-scrolled-table']").Locator("tbody tr").Nth(9).Locator("td:nth-child(4)")&#xD;
&#xD;
2025-05-03T23:38:08.171Z pw:api   locator resolved to &lt;td class=" "&gt;Goods&lt;/td&gt;&#xD;
&#xD;
2025-05-03T23:38:08.172Z pw:api waiting for Locator("table[id='vertically-scrolled-table']").Locator("tbody tr").Nth(9).Locator("td span[class='text-ellipsis']")&#xD;
&#xD;
2025-05-03T23:38:08.173Z pw:api   locator resolved to &lt;span id="a9f084c35" class="text-ellipsis"&gt;Fuga iste architecto quo eos tempora. Autem volupΓÇª&lt;/span&gt;&#xD;
&#xD;
2025-05-03T23:38:08.174Z pw:api waiting for Locator("table[id='vertically-scrolled-table']").Locator("tbody tr").Nth(9).Locator("td[class='  text-end']")&#xD;
&#xD;
2025-05-03T23:38:08.176Z pw:api   locator resolved to &lt;td class="  text-end"&gt;$80.00&lt;/td&gt;&#xD;
&#xD;
2025-05-03T23:38:08.176Z pw:api waiting for Locator("table[id='vertically-scrolled-table']").Locator("tbody tr").Nth(10)&#xD;
&#xD;
2025-05-03T23:38:08.178Z pw:api   locator resolved to &lt;tr tabindex="-1" id="ember366" class="ember-view   "&gt;ΓÇª&lt;/tr&gt;&#xD;
&#xD;
2025-05-03T23:38:08.178Z pw:api waiting for Locator("table[id='vertically-scrolled-table']").Locator("tbody tr").Nth(10).Locator("a")&#xD;
&#xD;
2025-05-03T23:38:08.180Z pw:api   locator resolved to &lt;a id="ember370" class="ember-view text-break " href="#/inventory/items/6620000005381010"&gt;Composite Item 2&lt;/a&gt;&#xD;
&#xD;
2025-05-03T23:38:08.180Z pw:api waiting for Locator("table[id='vertically-scrolled-table']").Locator("tbody tr").Nth(10).Locator("td:nth-child(3)")&#xD;
&#xD;
2025-05-03T23:38:08.182Z pw:api   locator resolved to &lt;td class=" "&gt;66696&lt;/td&gt;&#xD;
&#xD;
2025-05-03T23:38:08.182Z pw:api waiting for Locator("table[id='vertically-scrolled-table']").Locator("tbody tr").Nth(10).Locator("td:nth-child(4)")&#xD;
&#xD;
2025-05-03T23:38:08.184Z pw:api   locator resolved to &lt;td class=" "&gt;Goods&lt;/td&gt;&#xD;
&#xD;
2025-05-03T23:38:08.184Z pw:api waiting for Locator("table[id='vertically-scrolled-table']").Locator("tbody tr").Nth(10).Locator("td span[class='text-ellipsis']")&#xD;
&#xD;
2025-05-03T23:38:08.186Z pw:api   locator resolved to &lt;span id="a11a3c59d" class="text-ellipsis"&gt;Fuga iste architecto quo eos tempora. Autem volupΓÇª&lt;/span&gt;&#xD;
&#xD;
2025-05-03T23:38:08.188Z pw:api waiting for Locator("table[id='vertically-scrolled-table']").Locator("tbody tr").Nth(10).Locator("td[class='  text-end']")&#xD;
&#xD;
2025-05-03T23:38:08.190Z pw:api   locator resolved to &lt;td class="  text-end"&gt;$737.00&lt;/td&gt;&#xD;
&#xD;
2025-05-03T23:38:08.191Z pw:api waiting for Locator("table[id='vertically-scrolled-table']").Locator("tbody tr").Nth(11)&#xD;
&#xD;
2025-05-03T23:38:08.192Z pw:api   locator resolved to &lt;tr tabindex="-1" id="ember372" class="ember-view   "&gt;ΓÇª&lt;/tr&gt;&#xD;
&#xD;
2025-05-03T23:38:08.193Z pw:api waiting for Locator("table[id='vertically-scrolled-table']").Locator("tbody tr").Nth(11).Locator("a")&#xD;
&#xD;
2025-05-03T23:38:08.195Z pw:api   locator resolved to &lt;a id="ember376" class="ember-view text-break " href="#/inventory/items/6620000005381011"&gt;Composite Item 3&lt;/a&gt;&#xD;
&#xD;
2025-05-03T23:38:08.196Z pw:api waiting for Locator("table[id='vertically-scrolled-table']").Locator("tbody tr").Nth(11).Locator("td:nth-child(3)")&#xD;
&#xD;
2025-05-03T23:38:08.197Z pw:api   locator resolved to &lt;td class=" "&gt;66696&lt;/td&gt;&#xD;
&#xD;
2025-05-03T23:38:08.198Z pw:api waiting for Locator("table[id='vertically-scrolled-table']").Locator("tbody tr").Nth(11).Locator("td:nth-child(4)")&#xD;
&#xD;
2025-05-03T23:38:08.199Z pw:api   locator resolved to &lt;td class=" "&gt;Goods&lt;/td&gt;&#xD;
&#xD;
2025-05-03T23:38:08.200Z pw:api waiting for Locator("table[id='vertically-scrolled-table']").Locator("tbody tr").Nth(11).Locator("td span[class='text-ellipsis']")&#xD;
&#xD;
2025-05-03T23:38:08.201Z pw:api   locator resolved to &lt;span id="a6e5ef512" class="text-ellipsis"&gt;Fuga iste architecto quo eos tempora. Autem volupΓÇª&lt;/span&gt;&#xD;
&#xD;
2025-05-03T23:38:08.202Z pw:api waiting for Locator("table[id='vertically-scrolled-table']").Locator("tbody tr").Nth(11).Locator("td[class='  text-end']")&#xD;
&#xD;
2025-05-03T23:38:08.204Z pw:api   locator resolved to &lt;td class="  text-end"&gt;$38.00&lt;/td&gt;&#xD;
&#xD;
2025-05-03T23:38:08.204Z pw:api waiting for Locator("table[id='vertically-scrolled-table']").Locator("tbody tr").Nth(12)&#xD;
&#xD;
2025-05-03T23:38:08.206Z pw:api   locator resolved to &lt;tr tabindex="-1" id="ember378" class="ember-view   "&gt;ΓÇª&lt;/tr&gt;&#xD;
&#xD;
2025-05-03T23:38:08.207Z pw:api waiting for Locator("table[id='vertically-scrolled-table']").Locator("tbody tr").Nth(12).Locator("a")&#xD;
&#xD;
2025-05-03T23:38:08.208Z pw:api   locator resolved to &lt;a id="ember382" class="ember-view text-break " href="#/inventory/items/6620000005381012"&gt;Composite Item 4&lt;/a&gt;&#xD;
&#xD;
2025-05-03T23:38:08.209Z pw:api waiting for Locator("table[id='vertically-scrolled-table']").Locator("tbody tr").Nth(12).Locator("td:nth-child(3)")&#xD;
&#xD;
2025-05-03T23:38:08.211Z pw:api   locator resolved to &lt;td class=" "&gt;66696&lt;/td&gt;&#xD;
&#xD;
2025-05-03T23:38:08.212Z pw:api waiting for Locator("table[id='vertically-scrolled-table']").Locator("tbody tr").Nth(12).Locator("td:nth-child(4)")&#xD;
&#xD;
2025-05-03T23:38:08.213Z pw:api   locator resolved to &lt;td class=" "&gt;Goods&lt;/td&gt;&#xD;
&#xD;
2025-05-03T23:38:08.214Z pw:api waiting for Locator("table[id='vertically-scrolled-table']").Locator("tbody tr").Nth(12).Locator("td span[class='text-ellipsis']")&#xD;
&#xD;
2025-05-03T23:38:08.216Z pw:api   locator resolved to &lt;span id="a510ccce5" class="text-ellipsis"&gt;Fuga iste architecto quo eos tempora. Autem volupΓÇª&lt;/span&gt;&#xD;
&#xD;
2025-05-03T23:38:08.217Z pw:api waiting for Locator("table[id='vertically-scrolled-table']").Locator("tbody tr").Nth(12).Locator("td[class='  text-end']")&#xD;
&#xD;
2025-05-03T23:38:08.218Z pw:api   locator resolved to &lt;td class="  text-end"&gt;$40.00&lt;/td&gt;&#xD;
&#xD;
2025-05-03T23:38:08.220Z pw:api waiting for Locator("button[class='btn btn-primary']")&#xD;
&#xD;
2025-05-03T23:38:08.222Z pw:api   locator resolved to &lt;button data-ember-action="" class="btn btn-primary" data-ember-action-260="260"&gt;ΓÇª&lt;/button&gt;&#xD;
&#xD;
2025-05-03T23:38:08.222Z pw:api attempting click action&#xD;
&#xD;
2025-05-03T23:38:08.222Z pw:api   waiting for element to be visible, enabled and stable&#xD;
&#xD;
2025-05-03T23:38:08.240Z pw:api   element is visible, enabled and stable&#xD;
&#xD;
2025-05-03T23:38:08.240Z pw:api   scrolling into view if needed&#xD;
&#xD;
2025-05-03T23:38:08.241Z pw:api   done scrolling&#xD;
&#xD;
2025-05-03T23:38:08.243Z pw:api   performing click action&#xD;
&#xD;
2025-05-03T23:38:08.259Z pw:api   click action done&#xD;
&#xD;
2025-05-03T23:38:08.259Z pw:api   waiting for scheduled navigations to finish&#xD;
&#xD;
2025-05-03T23:38:08.260Z pw:api   navigations have finished&#xD;
&#xD;
2025-05-03T23:38:08.263Z pw:api waiting for Locator("input[value='goods']")&#xD;
&#xD;
2025-05-03T23:38:08.661Z pw:api   navigated to "https://www.zoho.com/ca/inventory/inventory-software-demo/#/inventory/items/new"&#xD;
&#xD;
2025-05-03T23:38:09.078Z pw:api   locator resolved to &lt;input type="radio" value="goods" id="ad9258b17" name="productType" class="ember-view form-check-input"/&gt;&#xD;
&#xD;
2025-05-03T23:38:09.078Z pw:api attempting click action&#xD;
&#xD;
2025-05-03T23:38:09.078Z pw:api   waiting for element to be visible, enabled and stable&#xD;
&#xD;
2025-05-03T23:38:09.090Z pw:api   element is visible, enabled and stable&#xD;
&#xD;
2025-05-03T23:38:09.090Z pw:api   scrolling into view if needed&#xD;
&#xD;
2025-05-03T23:38:09.091Z pw:api   done scrolling&#xD;
&#xD;
2025-05-03T23:38:09.092Z pw:api   performing click action&#xD;
&#xD;
2025-05-03T23:38:09.100Z pw:api   click action done&#xD;
&#xD;
2025-05-03T23:38:09.100Z pw:api   waiting for scheduled navigations to finish&#xD;
&#xD;
2025-05-03T23:38:09.100Z pw:api   navigations have finished&#xD;
&#xD;
2025-05-03T23:38:09.104Z pw:api waiting for Locator("div[class='form-group'] input")&#xD;
&#xD;
2025-05-03T23:38:09.106Z pw:api   locator resolved to &lt;input type="text" autofocus="" id="ember390" class="form-control ember-text-field ember-view"/&gt;&#xD;
&#xD;
2025-05-03T23:38:09.107Z pw:api   fill("TemporaryName")&#xD;
&#xD;
2025-05-03T23:38:09.107Z pw:api attempting fill action&#xD;
&#xD;
2025-05-03T23:38:09.107Z pw:api   waiting for element to be visible, enabled and editable&#xD;
&#xD;
2025-05-03T23:38:09.116Z pw:api waiting for Locator("//label[@class='col-lg-3 col-form-label' and contains(string(), 'SKU')]//following-sibling::div//descendant::input")&#xD;
&#xD;
2025-05-03T23:38:09.118Z pw:api   locator resolved to &lt;input type="text" id="ember391" class="ember-text-field ember-view form-control"/&gt;&#xD;
&#xD;
2025-05-03T23:38:09.119Z pw:api   fill("item 99 sku")&#xD;
&#xD;
2025-05-03T23:38:09.119Z pw:api attempting fill action&#xD;
&#xD;
2025-05-03T23:38:09.119Z pw:api   waiting for element to be visible, enabled and editable&#xD;
&#xD;
2025-05-03T23:38:09.127Z pw:api waiting for Locator("//label[@class='col-lg-3 col-form-label' and contains(string(), 'Unit')]//following-sibling::div")&#xD;
&#xD;
2025-05-03T23:38:09.129Z pw:api   locator resolved to &lt;div class="col-lg-8"&gt;ΓÇª&lt;/div&gt;&#xD;
&#xD;
2025-05-03T23:38:09.130Z pw:api attempting click action&#xD;
&#xD;
2025-05-03T23:38:09.130Z pw:api   waiting for element to be visible, enabled and stable&#xD;
&#xD;
2025-05-03T23:38:09.157Z pw:api   element is visible, enabled and stable&#xD;
&#xD;
2025-05-03T23:38:09.157Z pw:api   scrolling into view if needed&#xD;
&#xD;
2025-05-03T23:38:09.158Z pw:api   done scrolling&#xD;
&#xD;
2025-05-03T23:38:09.160Z pw:api   performing click action&#xD;
&#xD;
2025-05-03T23:38:09.178Z pw:api   click action done&#xD;
&#xD;
2025-05-03T23:38:09.178Z pw:api   waiting for scheduled navigations to finish&#xD;
&#xD;
2025-05-03T23:38:09.178Z pw:api   navigations have finished&#xD;
&#xD;
2025-05-03T23:38:09.179Z pw:api waiting for Locator("div[title='PAIRS']")&#xD;
&#xD;
2025-05-03T23:38:09.182Z pw:api   locator resolved to &lt;div title="PAIRS" class="over-flow"&gt;ΓÇª&lt;/div&gt;&#xD;
&#xD;
2025-05-03T23:38:09.183Z pw:api attempting click action&#xD;
&#xD;
2025-05-03T23:38:09.183Z pw:api   waiting for element to be visible, enabled and stable&#xD;
&#xD;
2025-05-03T23:38:09.207Z pw:api   element is visible, enabled and stable&#xD;
&#xD;
2025-05-03T23:38:09.207Z pw:api   scrolling into view if needed&#xD;
&#xD;
2025-05-03T23:38:09.208Z pw:api   done scrolling&#xD;
&#xD;
2025-05-03T23:38:09.210Z pw:api   performing click action&#xD;
&#xD;
2025-05-03T23:38:09.223Z pw:api   click action done&#xD;
&#xD;
2025-05-03T23:38:09.223Z pw:api   waiting for scheduled navigations to finish&#xD;
&#xD;
2025-05-03T23:38:09.226Z pw:api   navigations have finished&#xD;
&#xD;
2025-05-03T23:38:09.229Z pw:api waiting for Locator("xpath=(//div[@class='input-group-prepend']//following-sibling::input)[1]")&#xD;
&#xD;
2025-05-03T23:38:09.231Z pw:api   locator resolved to &lt;input type="text" id="ember417" class="ember-text-field text-start ember-view form-control"/&gt;&#xD;
&#xD;
2025-05-03T23:38:09.231Z pw:api   fill("205")&#xD;
&#xD;
2025-05-03T23:38:09.231Z pw:api attempting fill action&#xD;
&#xD;
2025-05-03T23:38:09.231Z pw:api   waiting for element to be visible, enabled and editable&#xD;
&#xD;
2025-05-03T23:38:09.238Z pw:api waiting for Locator("xpath=(//div[@class='input-group-prepend']//following-sibling::input)[2]")&#xD;
&#xD;
2025-05-03T23:38:09.242Z pw:api   locator resolved to &lt;input type="text" id="ember422" class="ember-text-field text-start ember-view form-control"/&gt;&#xD;
&#xD;
2025-05-03T23:38:09.243Z pw:api   fill("150")&#xD;
&#xD;
2025-05-03T23:38:09.243Z pw:api attempting fill action&#xD;
&#xD;
2025-05-03T23:38:09.243Z pw:api   waiting for element to be visible, enabled and editable&#xD;
&#xD;
2025-05-03T23:38:09.252Z pw:api waiting for Locator("button[type='submit']")&#xD;
&#xD;
2025-05-03T23:38:09.254Z pw:api   locator resolved to &lt;button id="ember434" type="submit" class="btn btn-primary ember-view"&gt;ΓÇª&lt;/button&gt;&#xD;
&#xD;
2025-05-03T23:38:09.254Z pw:api attempting click action&#xD;
&#xD;
2025-05-03T23:38:09.254Z pw:api   waiting for element to be visible, enabled and stable&#xD;
&#xD;
2025-05-03T23:38:09.274Z pw:api   element is visible, enabled and stable&#xD;
&#xD;
2025-05-03T23:38:09.274Z pw:api   scrolling into view if needed&#xD;
&#xD;
2025-05-03T23:38:09.275Z pw:api   done scrolling&#xD;
&#xD;
2025-05-03T23:38:09.277Z pw:api   performing click action&#xD;
&#xD;
2025-05-03T23:38:09.293Z pw:api   click action done&#xD;
&#xD;
2025-05-03T23:38:09.293Z pw:api   waiting for scheduled navigations to finish&#xD;
&#xD;
2025-05-03T23:38:09.294Z pw:api   navigations have finished&#xD;
&#xD;
2025-05-03T23:38:09.295Z pw:api waiting for Locator("span[class='close-entity close-details ms-4'] path")&#xD;
&#xD;
2025-05-03T23:38:10.119Z pw:api   navigated to "https://www.zoho.com/ca/inventory/inventory-software-demo/#/inventory/items/66200000053810013?filter_by=Status.Active&amp;sort_column=created_time&amp;sort_order=D"&#xD;
&#xD;
2025-05-03T23:38:10.182Z pw:api   locator resolved to &lt;path d="M455.2 9.2L256 208.4 56.8 9.2C44.5-3.1 24.6-3.1 12.2 9.2l-2.9 2.9C-3 24.4-3 44.4 9.3 56.7L208.4 256 9.2 455.2c-12.3 12.3-12.3 32.3 0 44.6l2.9 2.9c12.3 12.3 32.3 12.3 44.6 0L256 303.6l199.2 199.2c12.3 12.3 32.3 12.3 44.6 0l2.9-2.9c12.3-12.3 12.3-32.3 0-44.6L303.6 256 502.8 56.8c12.3-12.3 12.3-32.3 0-44.6l-2.9-2.9c-12.5-12.4-32.4-12.4-44.7-.1z"&gt;&lt;/path&gt;&#xD;
&#xD;
2025-05-03T23:38:10.183Z pw:api attempting click action&#xD;
&#xD;
2025-05-03T23:38:10.183Z pw:api   waiting for element to be visible, enabled and stable&#xD;
&#xD;
2025-05-03T23:38:10.207Z pw:api   element is visible, enabled and stable&#xD;
&#xD;
2025-05-03T23:38:10.207Z pw:api   scrolling into view if needed&#xD;
&#xD;
2025-05-03T23:38:10.208Z pw:api   done scrolling&#xD;
&#xD;
2025-05-03T23:38:10.210Z pw:api   performing click action&#xD;
&#xD;
2025-05-03T23:38:10.216Z pw:api   navigated to "https://www.zoho.com/ca/inventory/inventory-software-demo/#/inventory/items?filter_by=Status.Active&amp;sort_column=created_time&amp;sort_order=D"&#xD;
&#xD;
2025-05-03T23:38:10.255Z pw:api   click action done&#xD;
&#xD;
2025-05-03T23:38:10.255Z pw:api   waiting for scheduled navigations to finish&#xD;
&#xD;
2025-05-03T23:38:10.256Z pw:api   navigations have finished&#xD;
&#xD;
2025-05-03T23:38:10.257Z pw:api waiting for Locator("table[id='vertically-scrolled-table']") to be visible&#xD;
&#xD;
2025-05-03T23:38:10.260Z pw:api   locator resolved to visible &lt;table id="vertically-scrolled-table" class="table zi-table table-hover     header-fixed"&gt;ΓÇª&lt;/table&gt;&#xD;
&#xD;
2025-05-03T23:38:10.262Z pw:api waiting for Locator("table[id='vertically-scrolled-table']").Locator("tbody tr").First&#xD;
&#xD;
2025-05-03T23:38:10.264Z pw:api   locator resolved to &lt;tr tabindex="-1" id="ember481" class="ember-view   "&gt;ΓÇª&lt;/tr&gt;&#xD;
&#xD;
2025-05-03T23:38:10.264Z pw:api waiting for Locator("table[id='vertically-scrolled-table']").Locator("tbody tr").First.Locator("a")&#xD;
&#xD;
2025-05-03T23:38:10.266Z pw:api   locator resolved to &lt;a id="ember621" class="ember-view text-break " href="#/inventory/items/6620000005381000?filter_by=Status.Active&amp;sort_column=created_time&amp;sort_order=D"&gt;Storage Cabinet&lt;/a&gt;&#xD;
&#xD;
2025-05-03T23:38:10.266Z pw:api waiting for Locator("table[id='vertically-scrolled-table']").Locator("tbody tr").First.Locator("td:nth-child(3)")&#xD;
&#xD;
2025-05-03T23:38:10.267Z pw:api   locator resolved to &lt;td class=" "&gt;Item 1 sku&lt;/td&gt;&#xD;
&#xD;
2025-05-03T23:38:10.268Z pw:api waiting for Locator("table[id='vertically-scrolled-table']").Locator("tbody tr").First.Locator("td:nth-child(4)")&#xD;
&#xD;
2025-05-03T23:38:10.269Z pw:api   locator resolved to &lt;td class=" "&gt;Digital_service&lt;/td&gt;&#xD;
&#xD;
2025-05-03T23:38:10.270Z pw:api waiting for Locator("table[id='vertically-scrolled-table']").Locator("tbody tr").First.Locator("td span[class='text-ellipsis']")&#xD;
&#xD;
2025-05-03T23:38:10.272Z pw:api   locator resolved to &lt;span id="a7f565813" class="text-ellipsis"&gt;A versatile storage cabinet with adjustable shelvΓÇª&lt;/span&gt;&#xD;
&#xD;
2025-05-03T23:38:10.272Z pw:api waiting for Locator("table[id='vertically-scrolled-table']").Locator("tbody tr").First.Locator("td[class='  text-end']")&#xD;
&#xD;
2025-05-03T23:38:10.274Z pw:api   locator resolved to &lt;td class="  text-end"&gt;$8493.00&lt;/td&gt;&#xD;
&#xD;
2025-05-03T23:38:10.275Z pw:api waiting for Locator("table[id='vertically-scrolled-table']").Locator("tbody tr").Nth(1)&#xD;
&#xD;
2025-05-03T23:38:10.276Z pw:api   locator resolved to &lt;tr tabindex="-1" id="ember487" class="ember-view   "&gt;ΓÇª&lt;/tr&gt;&#xD;
&#xD;
2025-05-03T23:38:10.277Z pw:api waiting for Locator("table[id='vertically-scrolled-table']").Locator("tbody tr").Nth(1).Locator("a")&#xD;
&#xD;
2025-05-03T23:38:10.278Z pw:api   locator resolved to &lt;a id="ember623" class="ember-view text-break " href="#/inventory/items/6620000005381001?filter_by=Status.Active&amp;sort_column=created_time&amp;sort_order=D"&gt;Dining Table and Chairs Set&lt;/a&gt;&#xD;
&#xD;
2025-05-03T23:38:10.279Z pw:api waiting for Locator("table[id='vertically-scrolled-table']").Locator("tbody tr").Nth(1).Locator("td:nth-child(3)")&#xD;
&#xD;
2025-05-03T23:38:10.280Z pw:api   locator resolved to &lt;td class=" "&gt;Item 2 sku&lt;/td&gt;&#xD;
&#xD;
2025-05-03T23:38:10.281Z pw:api waiting for Locator("table[id='vertically-scrolled-table']").Locator("tbody tr").Nth(1).Locator("td:nth-child(4)")&#xD;
&#xD;
2025-05-03T23:38:10.282Z pw:api   locator resolved to &lt;td class=" "&gt;Digital_service&lt;/td&gt;&#xD;
&#xD;
2025-05-03T23:38:10.283Z pw:api waiting for Locator("table[id='vertically-scrolled-table']").Locator("tbody tr").Nth(1).Locator("td span[class='text-ellipsis']")&#xD;
&#xD;
2025-05-03T23:38:10.284Z pw:api   locator resolved to &lt;span id="aef10957c" class="text-ellipsis"&gt;A stylish dining set with a table and four chairs.&lt;/span&gt;&#xD;
&#xD;
2025-05-03T23:38:10.285Z pw:api waiting for Locator("table[id='vertically-scrolled-table']").Locator("tbody tr").Nth(1).Locator("td[class='  text-end']")&#xD;
&#xD;
2025-05-03T23:38:10.286Z pw:api   locator resolved to &lt;td class="  text-end"&gt;$7147.00&lt;/td&gt;&#xD;
&#xD;
2025-05-03T23:38:10.287Z pw:api waiting for Locator("table[id='vertically-scrolled-table']").Locator("tbody tr").Nth(2)&#xD;
&#xD;
2025-05-03T23:38:10.288Z pw:api   locator resolved to &lt;tr tabindex="-1" id="ember493" class="ember-view   "&gt;ΓÇª&lt;/tr&gt;&#xD;
&#xD;
2025-05-03T23:38:10.289Z pw:api waiting for Locator("table[id='vertically-scrolled-table']").Locator("tbody tr").Nth(2).Locator("a")&#xD;
&#xD;
2025-05-03T23:38:10.291Z pw:api   locator resolved to &lt;a id="ember625" class="ember-view text-break " href="#/inventory/items/6620000005381002?filter_by=Status.Active&amp;sort_column=created_time&amp;sort_order=D"&gt;Storage Cabinet&lt;/a&gt;&#xD;
&#xD;
2025-05-03T23:38:10.292Z pw:api waiting for Locator("table[id='vertically-scrolled-table']").Locator("tbody tr").Nth(2).Locator("td:nth-child(3)")&#xD;
&#xD;
2025-05-03T23:38:10.293Z pw:api   locator resolved to &lt;td class=" "&gt;Item 3 sku&lt;/td&gt;&#xD;
&#xD;
2025-05-03T23:38:10.294Z pw:api waiting for Locator("table[id='vertically-scrolled-table']").Locator("tbody tr").Nth(2).Locator("td:nth-child(4)")&#xD;
&#xD;
2025-05-03T23:38:10.295Z pw:api   locator resolved to &lt;td class=" "&gt;Digital_service&lt;/td&gt;&#xD;
&#xD;
2025-05-03T23:38:10.296Z pw:api waiting for Locator("table[id='vertically-scrolled-table']").Locator("tbody tr").Nth(2).Locator("td span[class='text-ellipsis']")&#xD;
&#xD;
2025-05-03T23:38:10.297Z pw:api   locator resolved to &lt;span id="aa33675e7" class="text-ellipsis"&gt;&lt;/span&gt;&#xD;
&#xD;
2025-05-03T23:38:10.298Z pw:api waiting for Locator("table[id='vertically-scrolled-table']").Locator("tbody tr").Nth(2).Locator("td[class='  text-end']")&#xD;
&#xD;
2025-05-03T23:38:10.299Z pw:api   locator resolved to &lt;td class="  text-end"&gt;&lt;/td&gt;&#xD;
&#xD;
2025-05-03T23:38:10.301Z pw:api waiting for Locator("table[id='vertically-scrolled-table']").Locator("tbody tr").Nth(3)&#xD;
&#xD;
2025-05-03T23:38:10.303Z pw:api   locator resolved to &lt;tr tabindex="-1" id="ember499" class="ember-view   "&gt;ΓÇª&lt;/tr&gt;&#xD;
&#xD;
2025-05-03T23:38:10.303Z pw:api waiting for Locator("table[id='vertically-scrolled-table']").Locator("tbody tr").Nth(3).Locator("a")&#xD;
&#xD;
2025-05-03T23:38:10.305Z pw:api   locator resolved to &lt;a id="ember627" class="ember-view text-break " href="#/inventory/items/6620000005381003?filter_by=Status.Active&amp;sort_column=created_time&amp;sort_order=D"&gt;Executive Office Desk&lt;/a&gt;&#xD;
&#xD;
2025-05-03T23:38:10.306Z pw:api waiting for Locator("table[id='vertically-scrolled-table']").Locator("tbody tr").Nth(3).Locator("td:nth-child(3)")&#xD;
&#xD;
2025-05-03T23:38:10.307Z pw:api   locator resolved to &lt;td class=" "&gt;Item 4 sku&lt;/td&gt;&#xD;
&#xD;
2025-05-03T23:38:10.308Z pw:api waiting for Locator("table[id='vertically-scrolled-table']").Locator("tbody tr").Nth(3).Locator("td:nth-child(4)")&#xD;
&#xD;
2025-05-03T23:38:10.310Z pw:api   locator resolved to &lt;td class=" "&gt;Digital_service&lt;/td&gt;&#xD;
&#xD;
2025-05-03T23:38:10.310Z pw:api waiting for Locator("table[id='vertically-scrolled-table']").Locator("tbody tr").Nth(3).Locator("td span[class='text-ellipsis']")&#xD;
&#xD;
2025-05-03T23:38:10.312Z pw:api   locator resolved to &lt;span id="a77c1fda5" class="text-ellipsis"&gt;&lt;/span&gt;&#xD;
&#xD;
2025-05-03T23:38:10.312Z pw:api waiting for Locator("table[id='vertically-scrolled-table']").Locator("tbody tr").Nth(3).Locator("td[class='  text-end']")&#xD;
&#xD;
2025-05-03T23:38:10.313Z pw:api   locator resolved to &lt;td class="  text-end"&gt;&lt;/td&gt;&#xD;
&#xD;
2025-05-03T23:38:10.314Z pw:api waiting for Locator("table[id='vertically-scrolled-table']").Locator("tbody tr").Nth(4)&#xD;
&#xD;
2025-05-03T23:38:10.316Z pw:api   locator resolved to &lt;tr tabindex="-1" id="ember505" class="ember-view   "&gt;ΓÇª&lt;/tr&gt;&#xD;
&#xD;
2025-05-03T23:38:10.317Z pw:api waiting for Locator("table[id='vertically-scrolled-table']").Locator("tbody tr").Nth(4).Locator("a")&#xD;
&#xD;
2025-05-03T23:38:10.318Z pw:api   locator resolved to &lt;a id="ember629" class="ember-view text-break " href="#/inventory/items/6620000005381004?filter_by=Status.Active&amp;sort_column=created_time&amp;sort_order=D"&gt;Sofa&lt;/a&gt;&#xD;
&#xD;
2025-05-03T23:38:10.319Z pw:api waiting for Locator("table[id='vertically-scrolled-table']").Locator("tbody tr").Nth(4).Locator("td:nth-child(3)")&#xD;
&#xD;
2025-05-03T23:38:10.320Z pw:api   locator resolved to &lt;td class=" "&gt;Item 5 sku&lt;/td&gt;&#xD;
&#xD;
2025-05-03T23:38:10.321Z pw:api waiting for Locator("table[id='vertically-scrolled-table']").Locator("tbody tr").Nth(4).Locator("td:nth-child(4)")&#xD;
&#xD;
2025-05-03T23:38:10.322Z pw:api   locator resolved to &lt;td class=" "&gt;Digital_service&lt;/td&gt;&#xD;
&#xD;
2025-05-03T23:38:10.323Z pw:api waiting for Locator("table[id='vertically-scrolled-table']").Locator("tbody tr").Nth(4).Locator("td span[class='text-ellipsis']")&#xD;
&#xD;
2025-05-03T23:38:10.325Z pw:api   locator resolved to &lt;span id="abb470740" class="text-ellipsis"&gt;A comfortable, modern sofa with plush cushions.&lt;/span&gt;&#xD;
&#xD;
2025-05-03T23:38:10.325Z pw:api waiting for Locator("table[id='vertically-scrolled-table']").Locator("tbody tr").Nth(4).Locator("td[class='  text-end']")&#xD;
&#xD;
2025-05-03T23:38:10.327Z pw:api   locator resolved to &lt;td class="  text-end"&gt;$5742.00&lt;/td&gt;&#xD;
&#xD;
2025-05-03T23:38:10.328Z pw:api waiting for Locator("table[id='vertically-scrolled-table']").Locator("tbody tr").Nth(5)&#xD;
&#xD;
2025-05-03T23:38:10.329Z pw:api   locator resolved to &lt;tr tabindex="-1" id="ember511" class="ember-view   "&gt;ΓÇª&lt;/tr&gt;&#xD;
&#xD;
2025-05-03T23:38:10.329Z pw:api waiting for Locator("table[id='vertically-scrolled-table']").Locator("tbody tr").Nth(5).Locator("a")&#xD;
&#xD;
2025-05-03T23:38:10.331Z pw:api   locator resolved to &lt;a id="ember631" class="ember-view text-break " href="#/inventory/items/6620000005381005?filter_by=Status.Active&amp;sort_column=created_time&amp;sort_order=D"&gt;Executive Office Desk&lt;/a&gt;&#xD;
&#xD;
2025-05-03T23:38:10.332Z pw:api waiting for Locator("table[id='vertically-scrolled-table']").Locator("tbody tr").Nth(5).Locator("td:nth-child(3)")&#xD;
&#xD;
2025-05-03T23:38:10.333Z pw:api   locator resolved to &lt;td class=" "&gt;Item 6 sku&lt;/td&gt;&#xD;
&#xD;
2025-05-03T23:38:10.334Z pw:api waiting for Locator("table[id='vertically-scrolled-table']").Locator("tbody tr").Nth(5).Locator("td:nth-child(4)")&#xD;
&#xD;
2025-05-03T23:38:10.335Z pw:api   locator resolved to &lt;td class=" "&gt;Digital_service&lt;/td&gt;&#xD;
&#xD;
2025-05-03T23:38:10.336Z pw:api waiting for Locator("table[id='vertically-scrolled-table']").Locator("tbody tr").Nth(5).Locator("td span[class='text-ellipsis']")&#xD;
&#xD;
2025-05-03T23:38:10.337Z pw:api   locator resolved to &lt;span id="ae0b55a4b" class="text-ellipsis"&gt;A spacious executive desk with storage drawers.&lt;/span&gt;&#xD;
&#xD;
2025-05-03T23:38:10.338Z pw:api waiting for Locator("table[id='vertically-scrolled-table']").Locator("tbody tr").Nth(5).Locator("td[class='  text-end']")&#xD;
&#xD;
2025-05-03T23:38:10.339Z pw:api   locator resolved to &lt;td class="  text-end"&gt;$6673.00&lt;/td&gt;&#xD;
&#xD;
2025-05-03T23:38:10.340Z pw:api waiting for Locator("table[id='vertically-scrolled-table']").Locator("tbody tr").Nth(6)&#xD;
&#xD;
2025-05-03T23:38:10.342Z pw:api   locator resolved to &lt;tr tabindex="-1" id="ember517" class="ember-view   "&gt;ΓÇª&lt;/tr&gt;&#xD;
&#xD;
2025-05-03T23:38:10.342Z pw:api waiting for Locator("table[id='vertically-scrolled-table']").Locator("tbody tr").Nth(6).Locator("a")&#xD;
&#xD;
2025-05-03T23:38:10.343Z pw:api   locator resolved to &lt;a id="ember633" class="ember-view text-break " href="#/inventory/items/6620000005381006?filter_by=Status.Active&amp;sort_column=created_time&amp;sort_order=D"&gt;Queen Size Bed&lt;/a&gt;&#xD;
&#xD;
2025-05-03T23:38:10.344Z pw:api waiting for Locator("table[id='vertically-scrolled-table']").Locator("tbody tr").Nth(6).Locator("td:nth-child(3)")&#xD;
&#xD;
2025-05-03T23:38:10.346Z pw:api   locator resolved to &lt;td class=" "&gt;Item 7 sku&lt;/td&gt;&#xD;
&#xD;
2025-05-03T23:38:10.346Z pw:api waiting for Locator("table[id='vertically-scrolled-table']").Locator("tbody tr").Nth(6).Locator("td:nth-child(4)")&#xD;
&#xD;
2025-05-03T23:38:10.348Z pw:api   locator resolved to &lt;td class=" "&gt;Goods&lt;/td&gt;&#xD;
&#xD;
2025-05-03T23:38:10.348Z pw:api waiting for Locator("table[id='vertically-scrolled-table']").Locator("tbody tr").Nth(6).Locator("td span[class='text-ellipsis']")&#xD;
&#xD;
2025-05-03T23:38:10.350Z pw:api   locator resolved to &lt;span id="a2b6214c2" class="text-ellipsis"&gt;Mid-century wooden double bed. Scandinavian-styleΓÇª&lt;/span&gt;&#xD;
&#xD;
2025-05-03T23:38:10.350Z pw:api waiting for Locator("table[id='vertically-scrolled-table']").Locator("tbody tr").Nth(6).Locator("td[class='  text-end']")&#xD;
&#xD;
2025-05-03T23:38:10.352Z pw:api   locator resolved to &lt;td class="  text-end"&gt;$6125.00&lt;/td&gt;&#xD;
&#xD;
2025-05-03T23:38:10.352Z pw:api waiting for Locator("table[id='vertically-scrolled-table']").Locator("tbody tr").Nth(7)&#xD;
&#xD;
2025-05-03T23:38:10.354Z pw:api   locator resolved to &lt;tr tabindex="-1" id="ember523" class="ember-view   "&gt;ΓÇª&lt;/tr&gt;&#xD;
&#xD;
2025-05-03T23:38:10.354Z pw:api waiting for Locator("table[id='vertically-scrolled-table']").Locator("tbody tr").Nth(7).Locator("a")&#xD;
&#xD;
2025-05-03T23:38:10.356Z pw:api   locator resolved to &lt;a id="ember635" class="ember-view text-break " href="#/inventory/items/6620000005381007?filter_by=Status.Active&amp;sort_column=created_time&amp;sort_order=D"&gt;Coffee Table&lt;/a&gt;&#xD;
&#xD;
2025-05-03T23:38:10.358Z pw:api waiting for Locator("table[id='vertically-scrolled-table']").Locator("tbody tr").Nth(7).Locator("td:nth-child(3)")&#xD;
&#xD;
2025-05-03T23:38:10.362Z pw:api   locator resolved to &lt;td class=" "&gt;Item 8 sku&lt;/td&gt;&#xD;
&#xD;
2025-05-03T23:38:10.363Z pw:api waiting for Locator("table[id='vertically-scrolled-table']").Locator("tbody tr").Nth(7).Locator("td:nth-child(4)")&#xD;
&#xD;
2025-05-03T23:38:10.364Z pw:api   locator resolved to &lt;td class=" "&gt;Goods&lt;/td&gt;&#xD;
&#xD;
2025-05-03T23:38:10.365Z pw:api waiting for Locator("table[id='vertically-scrolled-table']").Locator("tbody tr").Nth(7).Locator("td span[class='text-ellipsis']")&#xD;
&#xD;
2025-05-03T23:38:10.366Z pw:api   locator resolved to &lt;span id="a90537948" class="text-ellipsis"&gt;A sleek, modern coffee table with a glass top.&lt;/span&gt;&#xD;
&#xD;
2025-05-03T23:38:10.367Z pw:api waiting for Locator("table[id='vertically-scrolled-table']").Locator("tbody tr").Nth(7).Locator("td[class='  text-end']")&#xD;
&#xD;
2025-05-03T23:38:10.368Z pw:api   locator resolved to &lt;td class="  text-end"&gt;$8810.00&lt;/td&gt;&#xD;
&#xD;
2025-05-03T23:38:10.369Z pw:api waiting for Locator("table[id='vertically-scrolled-table']").Locator("tbody tr").Nth(8)&#xD;
&#xD;
2025-05-03T23:38:10.370Z pw:api   locator resolved to &lt;tr tabindex="-1" id="ember529" class="ember-view   "&gt;ΓÇª&lt;/tr&gt;&#xD;
&#xD;
2025-05-03T23:38:10.371Z pw:api waiting for Locator("table[id='vertically-scrolled-table']").Locator("tbody tr").Nth(8).Locator("a")&#xD;
&#xD;
2025-05-03T23:38:10.372Z pw:api   locator resolved to &lt;a id="ember637" class="ember-view text-break " href="#/inventory/items/6620000005381008?filter_by=Status.Active&amp;sort_column=created_time&amp;sort_order=D"&gt;Composite Item 0&lt;/a&gt;&#xD;
&#xD;
2025-05-03T23:38:10.372Z pw:api waiting for Locator("table[id='vertically-scrolled-table']").Locator("tbody tr").Nth(8).Locator("td:nth-child(3)")&#xD;
&#xD;
2025-05-03T23:38:10.374Z pw:api   locator resolved to &lt;td class=" "&gt;66696&lt;/td&gt;&#xD;
&#xD;
2025-05-03T23:38:10.375Z pw:api waiting for Locator("table[id='vertically-scrolled-table']").Locator("tbody tr").Nth(8).Locator("td:nth-child(4)")&#xD;
&#xD;
2025-05-03T23:38:10.377Z pw:api   locator resolved to &lt;td class=" "&gt;Goods&lt;/td&gt;&#xD;
&#xD;
2025-05-03T23:38:10.377Z pw:api waiting for Locator("table[id='vertically-scrolled-table']").Locator("tbody tr").Nth(8).Locator("td span[class='text-ellipsis']")&#xD;
&#xD;
2025-05-03T23:38:10.379Z pw:api   locator resolved to &lt;span id="a77e3aff4" class="text-ellipsis"&gt;Fuga iste architecto quo eos tempora. Autem volupΓÇª&lt;/span&gt;&#xD;
&#xD;
2025-05-03T23:38:10.379Z pw:api waiting for Locator("table[id='vertically-scrolled-table']").Locator("tbody tr").Nth(8).Locator("td[class='  text-end']")&#xD;
&#xD;
2025-05-03T23:38:10.381Z pw:api   locator resolved to &lt;td class="  text-end"&gt;$971.00&lt;/td&gt;&#xD;
&#xD;
2025-05-03T23:38:10.381Z pw:api waiting for Locator("table[id='vertically-scrolled-table']").Locator("tbody tr").Nth(9)&#xD;
&#xD;
2025-05-03T23:38:10.383Z pw:api   locator resolved to &lt;tr tabindex="-1" id="ember535" class="ember-view   "&gt;ΓÇª&lt;/tr&gt;&#xD;
&#xD;
2025-05-03T23:38:10.383Z pw:api waiting for Locator("table[id='vertically-scrolled-table']").Locator("tbody tr").Nth(9).Locator("a")&#xD;
&#xD;
2025-05-03T23:38:10.385Z pw:api   locator resolved to &lt;a id="ember639" class="ember-view text-break " href="#/inventory/items/6620000005381009?filter_by=Status.Active&amp;sort_column=created_time&amp;sort_order=D"&gt;Composite Item 1&lt;/a&gt;&#xD;
&#xD;
2025-05-03T23:38:10.385Z pw:api waiting for Locator("table[id='vertically-scrolled-table']").Locator("tbody tr").Nth(9).Locator("td:nth-child(3)")&#xD;
&#xD;
2025-05-03T23:38:10.387Z pw:api   locator resolved to &lt;td class=" "&gt;66696&lt;/td&gt;&#xD;
&#xD;
2025-05-03T23:38:10.387Z pw:api waiting for Locator("table[id='vertically-scrolled-table']").Locator("tbody tr").Nth(9).Locator("td:nth-child(4)")&#xD;
&#xD;
2025-05-03T23:38:10.389Z pw:api   locator resolved to &lt;td class=" "&gt;Goods&lt;/td&gt;&#xD;
&#xD;
2025-05-03T23:38:10.389Z pw:api waiting for Locator("table[id='vertically-scrolled-table']").Locator("tbody tr").Nth(9).Locator("td span[class='text-ellipsis']")&#xD;
&#xD;
2025-05-03T23:38:10.391Z pw:api   locator resolved to &lt;span id="ae536c17e" class="text-ellipsis"&gt;Fuga iste architecto quo eos tempora. Autem volupΓÇª&lt;/span&gt;&#xD;
&#xD;
2025-05-03T23:38:10.392Z pw:api waiting for Locator("table[id='vertically-scrolled-table']").Locator("tbody tr").Nth(9).Locator("td[class='  text-end']")&#xD;
&#xD;
2025-05-03T23:38:10.394Z pw:api   locator resolved to &lt;td class="  text-end"&gt;$80.00&lt;/td&gt;&#xD;
&#xD;
2025-05-03T23:38:10.394Z pw:api waiting for Locator("table[id='vertically-scrolled-table']").Locator("tbody tr").Nth(10)&#xD;
&#xD;
2025-05-03T23:38:10.396Z pw:api   locator resolved to &lt;tr tabindex="-1" id="ember541" class="ember-view   "&gt;ΓÇª&lt;/tr&gt;&#xD;
&#xD;
2025-05-03T23:38:10.396Z pw:api waiting for Locator("table[id='vertically-scrolled-table']").Locator("tbody tr").Nth(10).Locator("a")&#xD;
&#xD;
2025-05-03T23:38:10.398Z pw:api   locator resolved to &lt;a id="ember641" class="ember-view text-break " href="#/inventory/items/6620000005381010?filter_by=Status.Active&amp;sort_column=created_time&amp;sort_order=D"&gt;Composite Item 2&lt;/a&gt;&#xD;
&#xD;
2025-05-03T23:38:10.399Z pw:api waiting for Locator("table[id='vertically-scrolled-table']").Locator("tbody tr").Nth(10).Locator("td:nth-child(3)")&#xD;
&#xD;
2025-05-03T23:38:10.400Z pw:api   locator resolved to &lt;td class=" "&gt;66696&lt;/td&gt;&#xD;
&#xD;
2025-05-03T23:38:10.401Z pw:api waiting for Locator("table[id='vertically-scrolled-table']").Locator("tbody tr").Nth(10).Locator("td:nth-child(4)")&#xD;
&#xD;
2025-05-03T23:38:10.402Z pw:api   locator resolved to &lt;td class=" "&gt;Goods&lt;/td&gt;&#xD;
&#xD;
2025-05-03T23:38:10.403Z pw:api waiting for Locator("table[id='vertically-scrolled-table']").Locator("tbody tr").Nth(10).Locator("td span[class='text-ellipsis']")&#xD;
&#xD;
2025-05-03T23:38:10.405Z pw:api   locator resolved to &lt;span id="afbe528d0" class="text-ellipsis"&gt;Fuga iste architecto quo eos tempora. Autem volupΓÇª&lt;/span&gt;&#xD;
&#xD;
2025-05-03T23:38:10.405Z pw:api waiting for Locator("table[id='vertically-scrolled-table']").Locator("tbody tr").Nth(10).Locator("td[class='  text-end']")&#xD;
&#xD;
2025-05-03T23:38:10.408Z pw:api   locator resolved to &lt;td class="  text-end"&gt;$737.00&lt;/td&gt;&#xD;
&#xD;
2025-05-03T23:38:10.409Z pw:api waiting for Locator("table[id='vertically-scrolled-table']").Locator("tbody tr").Nth(11)&#xD;
&#xD;
2025-05-03T23:38:10.410Z pw:api   locator resolved to &lt;tr tabindex="-1" id="ember547" class="ember-view   "&gt;ΓÇª&lt;/tr&gt;&#xD;
&#xD;
2025-05-03T23:38:10.411Z pw:api waiting for Locator("table[id='vertically-scrolled-table']").Locator("tbody tr").Nth(11).Locator("a")&#xD;
&#xD;
2025-05-03T23:38:10.412Z pw:api   locator resolved to &lt;a id="ember643" class="ember-view text-break " href="#/inventory/items/6620000005381011?filter_by=Status.Active&amp;sort_column=created_time&amp;sort_order=D"&gt;Composite Item 3&lt;/a&gt;&#xD;
&#xD;
2025-05-03T23:38:10.412Z pw:api waiting for Locator("table[id='vertically-scrolled-table']").Locator("tbody tr").Nth(11).Locator("td:nth-child(3)")&#xD;
&#xD;
2025-05-03T23:38:10.414Z pw:api   locator resolved to &lt;td class=" "&gt;66696&lt;/td&gt;&#xD;
&#xD;
2025-05-03T23:38:10.414Z pw:api waiting for Locator("table[id='vertically-scrolled-table']").Locator("tbody tr").Nth(11).Locator("td:nth-child(4)")&#xD;
&#xD;
2025-05-03T23:38:10.416Z pw:api   locator resolved to &lt;td class=" "&gt;Goods&lt;/td&gt;&#xD;
&#xD;
2025-05-03T23:38:10.416Z pw:api waiting for Locator("table[id='vertically-scrolled-table']").Locator("tbody tr").Nth(11).Locator("td span[class='text-ellipsis']")&#xD;
&#xD;
2025-05-03T23:38:10.418Z pw:api   locator resolved to &lt;span id="a8addbd23" class="text-ellipsis"&gt;Fuga iste architecto quo eos tempora. Autem volupΓÇª&lt;/span&gt;&#xD;
&#xD;
2025-05-03T23:38:10.418Z pw:api waiting for Locator("table[id='vertically-scrolled-table']").Locator("tbody tr").Nth(11).Locator("td[class='  text-end']")&#xD;
&#xD;
2025-05-03T23:38:10.420Z pw:api   locator resolved to &lt;td class="  text-end"&gt;$38.00&lt;/td&gt;&#xD;
&#xD;
2025-05-03T23:38:10.420Z pw:api waiting for Locator("table[id='vertically-scrolled-table']").Locator("tbody tr").Nth(12)&#xD;
&#xD;
2025-05-03T23:38:10.422Z pw:api   locator resolved to &lt;tr tabindex="-1" id="ember553" class="ember-view   "&gt;ΓÇª&lt;/tr&gt;&#xD;
&#xD;
2025-05-03T23:38:10.422Z pw:api waiting for Locator("table[id='vertically-scrolled-table']").Locator("tbody tr").Nth(12).Locator("a")&#xD;
&#xD;
2025-05-03T23:38:10.424Z pw:api   locator resolved to &lt;a id="ember645" class="ember-view text-break " href="#/inventory/items/6620000005381012?filter_by=Status.Active&amp;sort_column=created_time&amp;sort_order=D"&gt;Composite Item 4&lt;/a&gt;&#xD;
&#xD;
2025-05-03T23:38:10.425Z pw:api waiting for Locator("table[id='vertically-scrolled-table']").Locator("tbody tr").Nth(12).Locator("td:nth-child(3)")&#xD;
&#xD;
2025-05-03T23:38:10.426Z pw:api   locator resolved to &lt;td class=" "&gt;66696&lt;/td&gt;&#xD;
&#xD;
2025-05-03T23:38:10.427Z pw:api waiting for Locator("table[id='vertically-scrolled-table']").Locator("tbody tr").Nth(12).Locator("td:nth-child(4)")&#xD;
&#xD;
2025-05-03T23:38:10.428Z pw:api   locator resolved to &lt;td class=" "&gt;Goods&lt;/td&gt;&#xD;
&#xD;
2025-05-03T23:38:10.429Z pw:api waiting for Locator("table[id='vertically-scrolled-table']").Locator("tbody tr").Nth(12).Locator("td span[class='text-ellipsis']")&#xD;
&#xD;
2025-05-03T23:38:10.430Z pw:api   locator resolved to &lt;span id="adb1eebc9" class="text-ellipsis"&gt;Fuga iste architecto quo eos tempora. Autem volupΓÇª&lt;/span&gt;&#xD;
&#xD;
2025-05-03T23:38:10.431Z pw:api waiting for Locator("table[id='vertically-scrolled-table']").Locator("tbody tr").Nth(12).Locator("td[class='  text-end']")&#xD;
&#xD;
2025-05-03T23:38:10.432Z pw:api   locator resolved to &lt;td class="  text-end"&gt;$40.00&lt;/td&gt;&#xD;
&#xD;
2025-05-03T23:38:10.433Z pw:api waiting for Locator("table[id='vertically-scrolled-table']").Locator("tbody tr").Nth(13)&#xD;
&#xD;
2025-05-03T23:38:10.434Z pw:api   locator resolved to &lt;tr tabindex="-1" id="ember559" class="ember-view table-active  "&gt;ΓÇª&lt;/tr&gt;&#xD;
&#xD;
2025-05-03T23:38:10.434Z pw:api waiting for Locator("table[id='vertically-scrolled-table']").Locator("tbody tr").Nth(13).Locator("a")&#xD;
&#xD;
2025-05-03T23:38:10.436Z pw:api   locator resolved to &lt;a id="ember647" class="ember-view text-break " href="#/inventory/items/66200000053810013?filter_by=Status.Active&amp;sort_column=created_time&amp;sort_order=D"&gt;TemporaryName&lt;/a&gt;&#xD;
&#xD;
2025-05-03T23:38:10.436Z pw:api waiting for Locator("table[id='vertically-scrolled-table']").Locator("tbody tr").Nth(13).Locator("td:nth-child(3)")&#xD;
&#xD;
2025-05-03T23:38:10.438Z pw:api   locator resolved to &lt;td class=" "&gt;item 99 sku&lt;/td&gt;&#xD;
&#xD;
2025-05-03T23:38:10.439Z pw:api waiting for Locator("table[id='vertically-scrolled-table']").Locator("tbody tr").Nth(13).Locator("td:nth-child(4)")&#xD;
&#xD;
2025-05-03T23:38:10.440Z pw:api   locator resolved to &lt;td class=" "&gt;Goods&lt;/td&gt;&#xD;
&#xD;
2025-05-03T23:38:10.441Z pw:api waiting for Locator("table[id='vertically-scrolled-table']").Locator("tbody tr").Nth(13).Locator("td span[class='text-ellipsis']")&#xD;
&#xD;
2025-05-03T23:38:10.443Z pw:api   locator resolved to &lt;span id="a3830c1fe" class="text-ellipsis"&gt;&lt;/span&gt;&#xD;
&#xD;
2025-05-03T23:38:10.444Z pw:api waiting for Locator("table[id='vertically-scrolled-table']").Locator("tbody tr").Nth(13).Locator("td[class='  text-end']")&#xD;
&#xD;
2025-05-03T23:38:10.445Z pw:api   locator resolved to &lt;td class="  text-end"&gt;$205&lt;/td&gt;</StdErr>
      </Output>
    </UnitTestResult>
  </Results>
  <TestDefinitions>
    <UnitTest name="Test_Fill_New_Inv_Item(InventoryManagementSystemFramework.TestDataWorkflows.AddNewItemWorkflow)" storage="c:\users\eric\documents\vscode-repos\inventorymanagementsystemframework\inventorymanagementsystemframework\bin\debug\net9.0\inventorymanagementsystemframework.dll" id="2c491bb4-585c-499e-1f72-5732847fd795">
      <Execution id="7e7f7e49-f6e4-49b2-af7d-63da6476a229" />
      <TestMethod codeBase="C:\Users\Eric\Documents\vscode-repos\InventoryManagementSystemFramework\InventoryManagementSystemFramework\bin\Debug\net9.0\InventoryManagementSystemFramework.dll" adapterTypeName="executor://nunit3testexecutor/" className="InventoryManagementSystemFramework.Tests.InventoryTests" name="Test_Fill_New_Inv_Item(InventoryManagementSystemFramework.TestDataWorkflows.AddNewItemWorkflow)" />
    </UnitTest>
  </TestDefinitions>
  <TestEntries>
    <TestEntry testId="2c491bb4-585c-499e-1f72-5732847fd795" executionId="7e7f7e49-f6e4-49b2-af7d-63da6476a229" testListId="8c84fa94-04c1-424b-9868-57a2d4851a1d" />
  </TestEntries>
  <TestLists>
    <TestList name="Results Not in a List" id="8c84fa94-04c1-424b-9868-57a2d4851a1d" />
    <TestList name="All Loaded Results" id="19431567-8539-422a-85d7-44ee4e166bda" />
  </TestLists>
  <ResultSummary outcome="Completed">
    <Counters total="1" executed="1" passed="1" failed="0" error="0" timeout="0" aborted="0" inconclusive="0" passedButRunAborted="0" notRunnable="0" notExecuted="0" disconnected="0" warning="0" completed="0" inProgress="0" pending="0" />
    <Output>
      <StdOut>NUnit Adapter 4.6.0.0: Test execution started&#xD;
Running selected tests in C:\Users\Eric\Documents\vscode-repos\InventoryManagementSystemFramework\InventoryManagementSystemFramework\bin\Debug\net9.0\InventoryManagementSystemFramework.dll&#xD;
   NUnit3TestExecutor discovered 1 of 1 NUnit test cases using Current Discovery mode, Non-Explicit run&#xD;
NUnit Adapter 4.6.0.0: Test execution complete&#xD;
</StdOut>
    </Output>
    <RunInfos>
      <RunInfo computerName="DESKTOP-RSFFHJT" outcome="Warning" timestamp="2025-05-03T19:38:03.4833464-04:00">
        <Text>2025-05-03T23:38:03.473Z pw:api navigating to "https://www.zoho.com/ca/inventory/inventory-software-demo/#/home/inventory-dashboard", waiting until "load"</Text>
      </RunInfo>
      <RunInfo computerName="DESKTOP-RSFFHJT" outcome="Warning" timestamp="2025-05-03T19:38:03.6284153-04:00">
        <Text>2025-05-03T23:38:03.626Z pw:api   "commit" event fired</Text>
      </RunInfo>
      <RunInfo computerName="DESKTOP-RSFFHJT" outcome="Warning" timestamp="2025-05-03T19:38:03.6284232-04:00">
        <Text>2025-05-03T23:38:03.627Z pw:api   navigated to "https://www.zoho.com/ca/inventory/inventory-software-demo/#/home/inventory-dashboard"</Text>
      </RunInfo>
      <RunInfo computerName="DESKTOP-RSFFHJT" outcome="Warning" timestamp="2025-05-03T19:38:05.5205957-04:00">
        <Text>2025-05-03T23:38:05.519Z pw:api   "networkidle" event fired</Text>
      </RunInfo>
      <RunInfo computerName="DESKTOP-RSFFHJT" outcome="Warning" timestamp="2025-05-03T19:38:05.9702609-04:00">
        <Text>2025-05-03T23:38:05.968Z pw:api   "domcontentloaded" event fired</Text>
      </RunInfo>
      <RunInfo computerName="DESKTOP-RSFFHJT" outcome="Warning" timestamp="2025-05-03T19:38:06.8707579-04:00">
        <Text>2025-05-03T23:38:06.869Z pw:api   "load" event fired</Text>
      </RunInfo>
      <RunInfo computerName="DESKTOP-RSFFHJT" outcome="Warning" timestamp="2025-05-03T19:38:06.9111668-04:00">
        <Text>2025-05-03T23:38:06.901Z pw:api waiting for Locator("div[id='main-nav-tab'] a[id*='ember'][class$='nav-link'], div[id='main-nav-tab']  a[id*='ember'][class$='nav-link ']").First</Text>
      </RunInfo>
      <RunInfo computerName="DESKTOP-RSFFHJT" outcome="Warning" timestamp="2025-05-03T19:38:06.9112902-04:00">
        <Text>2025-05-03T23:38:06.904Z pw:api   locator resolved to &lt;a id="ember79" href="#/home" class="ember-view active nav-link"&gt;ΓÇª&lt;/a&gt;</Text>
      </RunInfo>
      <RunInfo computerName="DESKTOP-RSFFHJT" outcome="Warning" timestamp="2025-05-03T19:38:06.9135863-04:00">
        <Text>2025-05-03T23:38:06.912Z pw:api waiting for Locator("div[id='main-nav-tab'] a[id*='ember'][class$='nav-link'], div[id='main-nav-tab']  a[id*='ember'][class$='nav-link ']").Nth(1)</Text>
      </RunInfo>
      <RunInfo computerName="DESKTOP-RSFFHJT" outcome="Warning" timestamp="2025-05-03T19:38:06.9169667-04:00">
        <Text>2025-05-03T23:38:06.915Z pw:api   locator resolved to &lt;a id="ember82" class="collapsed ember-view nav-link "&gt;ΓÇª&lt;/a&gt;</Text>
      </RunInfo>
      <RunInfo computerName="DESKTOP-RSFFHJT" outcome="Warning" timestamp="2025-05-03T19:38:06.9180927-04:00">
        <Text>2025-05-03T23:38:06.917Z pw:api waiting for Locator("div[id='main-nav-tab'] a[id*='ember'][class$='nav-link'], div[id='main-nav-tab']  a[id*='ember'][class$='nav-link ']").Nth(2)</Text>
      </RunInfo>
      <RunInfo computerName="DESKTOP-RSFFHJT" outcome="Warning" timestamp="2025-05-03T19:38:06.9203519-04:00">
        <Text>2025-05-03T23:38:06.919Z pw:api   locator resolved to &lt;a id="ember86" href="#/inventory/items" class="ember-view nav-link"&gt;ΓÇª&lt;/a&gt;</Text>
      </RunInfo>
      <RunInfo computerName="DESKTOP-RSFFHJT" outcome="Warning" timestamp="2025-05-03T19:38:06.9216241-04:00">
        <Text>2025-05-03T23:38:06.920Z pw:api waiting for Locator("div[id='main-nav-tab'] a[id*='ember'][class$='nav-link'], div[id='main-nav-tab']  a[id*='ember'][class$='nav-link ']").Nth(3)</Text>
      </RunInfo>
      <RunInfo computerName="DESKTOP-RSFFHJT" outcome="Warning" timestamp="2025-05-03T19:38:06.9240277-04:00">
        <Text>2025-05-03T23:38:06.922Z pw:api   locator resolved to &lt;a id="ember91" class="ember-view nav-link" href="#/inventory/itemgroups"&gt;ΓÇª&lt;/a&gt;</Text>
      </RunInfo>
      <RunInfo computerName="DESKTOP-RSFFHJT" outcome="Warning" timestamp="2025-05-03T19:38:06.9252000-04:00">
        <Text>2025-05-03T23:38:06.924Z pw:api waiting for Locator("div[id='main-nav-tab'] a[id*='ember'][class$='nav-link'], div[id='main-nav-tab']  a[id*='ember'][class$='nav-link ']").Nth(4)</Text>
      </RunInfo>
      <RunInfo computerName="DESKTOP-RSFFHJT" outcome="Warning" timestamp="2025-05-03T19:38:06.9300402-04:00">
        <Text>2025-05-03T23:38:06.928Z pw:api   locator resolved to &lt;a id="ember97" class="ember-view nav-link" href="#/inventory/adjustments"&gt;ΓÇª&lt;/a&gt;</Text>
      </RunInfo>
      <RunInfo computerName="DESKTOP-RSFFHJT" outcome="Warning" timestamp="2025-05-03T19:38:06.9310632-04:00">
        <Text>2025-05-03T23:38:06.930Z pw:api waiting for Locator("div[id='main-nav-tab'] a[id*='ember'][class$='nav-link'], div[id='main-nav-tab']  a[id*='ember'][class$='nav-link ']").Nth(5)</Text>
      </RunInfo>
      <RunInfo computerName="DESKTOP-RSFFHJT" outcome="Warning" timestamp="2025-05-03T19:38:06.9336321-04:00">
        <Text>2025-05-03T23:38:06.932Z pw:api   locator resolved to &lt;a id="ember104" class="collapsed ember-view nav-link "&gt;ΓÇª&lt;/a&gt;</Text>
      </RunInfo>
      <RunInfo computerName="DESKTOP-RSFFHJT" outcome="Warning" timestamp="2025-05-03T19:38:06.9344059-04:00">
        <Text>2025-05-03T23:38:06.933Z pw:api waiting for Locator("div[id='main-nav-tab'] a[id*='ember'][class$='nav-link'], div[id='main-nav-tab']  a[id*='ember'][class$='nav-link ']").Nth(6)</Text>
      </RunInfo>
      <RunInfo computerName="DESKTOP-RSFFHJT" outcome="Warning" timestamp="2025-05-03T19:38:06.9365475-04:00">
        <Text>2025-05-03T23:38:06.935Z pw:api   locator resolved to &lt;a id="ember108" href="#/contacts" class="ember-view nav-link"&gt;ΓÇª&lt;/a&gt;</Text>
      </RunInfo>
      <RunInfo computerName="DESKTOP-RSFFHJT" outcome="Warning" timestamp="2025-05-03T19:38:06.9374753-04:00">
        <Text>2025-05-03T23:38:06.936Z pw:api waiting for Locator("div[id='main-nav-tab'] a[id*='ember'][class$='nav-link'], div[id='main-nav-tab']  a[id*='ember'][class$='nav-link ']").Nth(7)</Text>
      </RunInfo>
      <RunInfo computerName="DESKTOP-RSFFHJT" outcome="Warning" timestamp="2025-05-03T19:38:06.9395798-04:00">
        <Text>2025-05-03T23:38:06.938Z pw:api   locator resolved to &lt;a id="ember114" href="#/salesorders" class="ember-view nav-link"&gt;ΓÇª&lt;/a&gt;</Text>
      </RunInfo>
      <RunInfo computerName="DESKTOP-RSFFHJT" outcome="Warning" timestamp="2025-05-03T19:38:06.9404721-04:00">
        <Text>2025-05-03T23:38:06.939Z pw:api waiting for Locator("div[id='main-nav-tab'] a[id*='ember'][class$='nav-link'], div[id='main-nav-tab']  a[id*='ember'][class$='nav-link ']").Nth(8)</Text>
      </RunInfo>
      <RunInfo computerName="DESKTOP-RSFFHJT" outcome="Warning" timestamp="2025-05-03T19:38:06.9434068-04:00">
        <Text>2025-05-03T23:38:06.942Z pw:api   locator resolved to &lt;a id="ember121" href="#/packages" class="ember-view nav-link"&gt;ΓÇª&lt;/a&gt;</Text>
      </RunInfo>
      <RunInfo computerName="DESKTOP-RSFFHJT" outcome="Warning" timestamp="2025-05-03T19:38:06.9445700-04:00">
        <Text>2025-05-03T23:38:06.943Z pw:api waiting for Locator("div[id='main-nav-tab'] a[id*='ember'][class$='nav-link'], div[id='main-nav-tab']  a[id*='ember'][class$='nav-link ']").Nth(9)</Text>
      </RunInfo>
      <RunInfo computerName="DESKTOP-RSFFHJT" outcome="Warning" timestamp="2025-05-03T19:38:06.9467820-04:00">
        <Text>2025-05-03T23:38:06.945Z pw:api   locator resolved to &lt;a id="ember125" href="#/shipments" class="ember-view nav-link"&gt;ΓÇª&lt;/a&gt;</Text>
      </RunInfo>
      <RunInfo computerName="DESKTOP-RSFFHJT" outcome="Warning" timestamp="2025-05-03T19:38:06.9478645-04:00">
        <Text>2025-05-03T23:38:06.946Z pw:api waiting for Locator("div[id='main-nav-tab'] a[id*='ember'][class$='nav-link'], div[id='main-nav-tab']  a[id*='ember'][class$='nav-link ']").Nth(10)</Text>
      </RunInfo>
      <RunInfo computerName="DESKTOP-RSFFHJT" outcome="Warning" timestamp="2025-05-03T19:38:06.9501440-04:00">
        <Text>2025-05-03T23:38:06.949Z pw:api   locator resolved to &lt;a id="ember129" href="#/invoices" class="ember-view nav-link"&gt;ΓÇª&lt;/a&gt;</Text>
      </RunInfo>
      <RunInfo computerName="DESKTOP-RSFFHJT" outcome="Warning" timestamp="2025-05-03T19:38:06.9510129-04:00">
        <Text>2025-05-03T23:38:06.949Z pw:api waiting for Locator("div[id='main-nav-tab'] a[id*='ember'][class$='nav-link'], div[id='main-nav-tab']  a[id*='ember'][class$='nav-link ']").Nth(11)</Text>
      </RunInfo>
      <RunInfo computerName="DESKTOP-RSFFHJT" outcome="Warning" timestamp="2025-05-03T19:38:06.9529910-04:00">
        <Text>2025-05-03T23:38:06.951Z pw:api   locator resolved to &lt;a id="ember134" href="#/paymentsreceived" class="ember-view nav-link"&gt;ΓÇª&lt;/a&gt;</Text>
      </RunInfo>
      <RunInfo computerName="DESKTOP-RSFFHJT" outcome="Warning" timestamp="2025-05-03T19:38:06.9536841-04:00">
        <Text>2025-05-03T23:38:06.952Z pw:api waiting for Locator("div[id='main-nav-tab'] a[id*='ember'][class$='nav-link'], div[id='main-nav-tab']  a[id*='ember'][class$='nav-link ']").Nth(12)</Text>
      </RunInfo>
      <RunInfo computerName="DESKTOP-RSFFHJT" outcome="Warning" timestamp="2025-05-03T19:38:06.9556412-04:00">
        <Text>2025-05-03T23:38:06.954Z pw:api   locator resolved to &lt;a id="ember140" href="#/salesreturns" class="ember-view nav-link"&gt;ΓÇª&lt;/a&gt;</Text>
      </RunInfo>
      <RunInfo computerName="DESKTOP-RSFFHJT" outcome="Warning" timestamp="2025-05-03T19:38:06.9566087-04:00">
        <Text>2025-05-03T23:38:06.955Z pw:api waiting for Locator("div[id='main-nav-tab'] a[id*='ember'][class$='nav-link'], div[id='main-nav-tab']  a[id*='ember'][class$='nav-link ']").Nth(13)</Text>
      </RunInfo>
      <RunInfo computerName="DESKTOP-RSFFHJT" outcome="Warning" timestamp="2025-05-03T19:38:06.9595131-04:00">
        <Text>2025-05-03T23:38:06.958Z pw:api   locator resolved to &lt;a id="ember143" href="#/creditnotes" class="ember-view nav-link"&gt;ΓÇª&lt;/a&gt;</Text>
      </RunInfo>
      <RunInfo computerName="DESKTOP-RSFFHJT" outcome="Warning" timestamp="2025-05-03T19:38:06.9603172-04:00">
        <Text>2025-05-03T23:38:06.959Z pw:api waiting for Locator("div[id='main-nav-tab'] a[id*='ember'][class$='nav-link'], div[id='main-nav-tab']  a[id*='ember'][class$='nav-link ']").Nth(14)</Text>
      </RunInfo>
      <RunInfo computerName="DESKTOP-RSFFHJT" outcome="Warning" timestamp="2025-05-03T19:38:06.9625729-04:00">
        <Text>2025-05-03T23:38:06.961Z pw:api   locator resolved to &lt;a id="ember147" class="collapsed ember-view nav-link "&gt;ΓÇª&lt;/a&gt;</Text>
      </RunInfo>
      <RunInfo computerName="DESKTOP-RSFFHJT" outcome="Warning" timestamp="2025-05-03T19:38:06.9634950-04:00">
        <Text>2025-05-03T23:38:06.962Z pw:api waiting for Locator("div[id='main-nav-tab'] a[id*='ember'][class$='nav-link'], div[id='main-nav-tab']  a[id*='ember'][class$='nav-link ']").Nth(15)</Text>
      </RunInfo>
      <RunInfo computerName="DESKTOP-RSFFHJT" outcome="Warning" timestamp="2025-05-03T19:38:06.9656151-04:00">
        <Text>2025-05-03T23:38:06.964Z pw:api   locator resolved to &lt;a id="ember151" href="#/vendors" class="ember-view nav-link"&gt;ΓÇª&lt;/a&gt;</Text>
      </RunInfo>
      <RunInfo computerName="DESKTOP-RSFFHJT" outcome="Warning" timestamp="2025-05-03T19:38:06.9664119-04:00">
        <Text>2025-05-03T23:38:06.965Z pw:api waiting for Locator("div[id='main-nav-tab'] a[id*='ember'][class$='nav-link'], div[id='main-nav-tab']  a[id*='ember'][class$='nav-link ']").Nth(16)</Text>
      </RunInfo>
      <RunInfo computerName="DESKTOP-RSFFHJT" outcome="Warning" timestamp="2025-05-03T19:38:06.9683346-04:00">
        <Text>2025-05-03T23:38:06.967Z pw:api   locator resolved to &lt;a id="ember155" href="#/expenses" class="ember-view nav-link"&gt;ΓÇª&lt;/a&gt;</Text>
      </RunInfo>
      <RunInfo computerName="DESKTOP-RSFFHJT" outcome="Warning" timestamp="2025-05-03T19:38:06.9690585-04:00">
        <Text>2025-05-03T23:38:06.968Z pw:api waiting for Locator("div[id='main-nav-tab'] a[id*='ember'][class$='nav-link'], div[id='main-nav-tab']  a[id*='ember'][class$='nav-link ']").Nth(17)</Text>
      </RunInfo>
      <RunInfo computerName="DESKTOP-RSFFHJT" outcome="Warning" timestamp="2025-05-03T19:38:06.9709059-04:00">
        <Text>2025-05-03T23:38:06.969Z pw:api   locator resolved to &lt;a id="ember159" href="#/purchaseorders" class="ember-view nav-link"&gt;ΓÇª&lt;/a&gt;</Text>
      </RunInfo>
      <RunInfo computerName="DESKTOP-RSFFHJT" outcome="Warning" timestamp="2025-05-03T19:38:06.9717879-04:00">
        <Text>2025-05-03T23:38:06.970Z pw:api waiting for Locator("div[id='main-nav-tab'] a[id*='ember'][class$='nav-link'], div[id='main-nav-tab']  a[id*='ember'][class$='nav-link ']").Nth(18)</Text>
      </RunInfo>
      <RunInfo computerName="DESKTOP-RSFFHJT" outcome="Warning" timestamp="2025-05-03T19:38:06.9743217-04:00">
        <Text>2025-05-03T23:38:06.973Z pw:api   locator resolved to &lt;a id="ember163" href="#/purchasereceives" class="ember-view nav-link"&gt;ΓÇª&lt;/a&gt;</Text>
      </RunInfo>
      <RunInfo computerName="DESKTOP-RSFFHJT" outcome="Warning" timestamp="2025-05-03T19:38:06.9756570-04:00">
        <Text>2025-05-03T23:38:06.974Z pw:api waiting for Locator("div[id='main-nav-tab'] a[id*='ember'][class$='nav-link'], div[id='main-nav-tab']  a[id*='ember'][class$='nav-link ']").Nth(19)</Text>
      </RunInfo>
      <RunInfo computerName="DESKTOP-RSFFHJT" outcome="Warning" timestamp="2025-05-03T19:38:06.9784551-04:00">
        <Text>2025-05-03T23:38:06.977Z pw:api   locator resolved to &lt;a id="ember168" href="#/bills" class="ember-view nav-link"&gt;ΓÇª&lt;/a&gt;</Text>
      </RunInfo>
      <RunInfo computerName="DESKTOP-RSFFHJT" outcome="Warning" timestamp="2025-05-03T19:38:06.9792879-04:00">
        <Text>2025-05-03T23:38:06.978Z pw:api waiting for Locator("div[id='main-nav-tab'] a[id*='ember'][class$='nav-link'], div[id='main-nav-tab']  a[id*='ember'][class$='nav-link ']").Nth(20)</Text>
      </RunInfo>
      <RunInfo computerName="DESKTOP-RSFFHJT" outcome="Warning" timestamp="2025-05-03T19:38:06.9821306-04:00">
        <Text>2025-05-03T23:38:06.981Z pw:api   locator resolved to &lt;a id="ember172" href="#/paymentsmade" class="ember-view nav-link"&gt;ΓÇª&lt;/a&gt;</Text>
      </RunInfo>
      <RunInfo computerName="DESKTOP-RSFFHJT" outcome="Warning" timestamp="2025-05-03T19:38:06.9828890-04:00">
        <Text>2025-05-03T23:38:06.981Z pw:api waiting for Locator("div[id='main-nav-tab'] a[id*='ember'][class$='nav-link'], div[id='main-nav-tab']  a[id*='ember'][class$='nav-link ']").Nth(21)</Text>
      </RunInfo>
      <RunInfo computerName="DESKTOP-RSFFHJT" outcome="Warning" timestamp="2025-05-03T19:38:06.9847286-04:00">
        <Text>2025-05-03T23:38:06.983Z pw:api   locator resolved to &lt;a id="ember177" href="#/vendorcredits" class="ember-view nav-link"&gt;ΓÇª&lt;/a&gt;</Text>
      </RunInfo>
      <RunInfo computerName="DESKTOP-RSFFHJT" outcome="Warning" timestamp="2025-05-03T19:38:06.9854541-04:00">
        <Text>2025-05-03T23:38:06.984Z pw:api waiting for Locator("div[id='main-nav-tab'] a[id*='ember'][class$='nav-link'], div[id='main-nav-tab']  a[id*='ember'][class$='nav-link ']").Nth(22)</Text>
      </RunInfo>
      <RunInfo computerName="DESKTOP-RSFFHJT" outcome="Warning" timestamp="2025-05-03T19:38:06.9873883-04:00">
        <Text>2025-05-03T23:38:06.986Z pw:api   locator resolved to &lt;a id="ember181" class="ember-view nav-link" href="#/settings/integrations"&gt;ΓÇª&lt;/a&gt;</Text>
      </RunInfo>
      <RunInfo computerName="DESKTOP-RSFFHJT" outcome="Warning" timestamp="2025-05-03T19:38:06.9882777-04:00">
        <Text>2025-05-03T23:38:06.987Z pw:api waiting for Locator("div[id='main-nav-tab'] a[id*='ember'][class$='nav-link'], div[id='main-nav-tab']  a[id*='ember'][class$='nav-link ']").Nth(23)</Text>
      </RunInfo>
      <RunInfo computerName="DESKTOP-RSFFHJT" outcome="Warning" timestamp="2025-05-03T19:38:06.9957490-04:00">
        <Text>2025-05-03T23:38:06.994Z pw:api   locator resolved to &lt;a id="ember184" href="#/reports" class="ember-view nav-link"&gt;ΓÇª&lt;/a&gt;</Text>
      </RunInfo>
      <RunInfo computerName="DESKTOP-RSFFHJT" outcome="Warning" timestamp="2025-05-03T19:38:06.9965964-04:00">
        <Text>2025-05-03T23:38:06.995Z pw:api waiting for Locator("div[id='main-nav-tab'] a[id*='ember'][class$='nav-link'], div[id='main-nav-tab']  a[id*='ember'][class$='nav-link ']").Nth(24)</Text>
      </RunInfo>
      <RunInfo computerName="DESKTOP-RSFFHJT" outcome="Warning" timestamp="2025-05-03T19:38:06.9986696-04:00">
        <Text>2025-05-03T23:38:06.997Z pw:api   locator resolved to &lt;a id="ember187" href="#/documents/inbox" class="ember-view nav-link"&gt;ΓÇª&lt;/a&gt;</Text>
      </RunInfo>
      <RunInfo computerName="DESKTOP-RSFFHJT" outcome="Warning" timestamp="2025-05-03T19:38:07.0007688-04:00">
        <Text>2025-05-03T23:38:06.999Z pw:api waiting for Locator("div[id='main-nav-tab'] a[id*='ember'][class$='nav-link'], div[id='main-nav-tab']  a[id*='ember'][class$='nav-link ']").Nth(1)</Text>
      </RunInfo>
      <RunInfo computerName="DESKTOP-RSFFHJT" outcome="Warning" timestamp="2025-05-03T19:38:07.0037353-04:00">
        <Text>2025-05-03T23:38:07.002Z pw:api   locator resolved to &lt;a id="ember82" class="collapsed ember-view nav-link "&gt;ΓÇª&lt;/a&gt;</Text>
      </RunInfo>
      <RunInfo computerName="DESKTOP-RSFFHJT" outcome="Warning" timestamp="2025-05-03T19:38:07.0048105-04:00">
        <Text>2025-05-03T23:38:07.003Z pw:api attempting click action</Text>
      </RunInfo>
      <RunInfo computerName="DESKTOP-RSFFHJT" outcome="Warning" timestamp="2025-05-03T19:38:07.0051210-04:00">
        <Text>2025-05-03T23:38:07.004Z pw:api   waiting for element to be visible, enabled and stable</Text>
      </RunInfo>
      <RunInfo computerName="DESKTOP-RSFFHJT" outcome="Warning" timestamp="2025-05-03T19:38:07.0304688-04:00">
        <Text>2025-05-03T23:38:07.029Z pw:api   element is visible, enabled and stable</Text>
      </RunInfo>
      <RunInfo computerName="DESKTOP-RSFFHJT" outcome="Warning" timestamp="2025-05-03T19:38:07.0304749-04:00">
        <Text>2025-05-03T23:38:07.029Z pw:api   scrolling into view if needed</Text>
      </RunInfo>
      <RunInfo computerName="DESKTOP-RSFFHJT" outcome="Warning" timestamp="2025-05-03T19:38:07.0332902-04:00">
        <Text>2025-05-03T23:38:07.032Z pw:api   done scrolling</Text>
      </RunInfo>
      <RunInfo computerName="DESKTOP-RSFFHJT" outcome="Warning" timestamp="2025-05-03T19:38:07.0397579-04:00">
        <Text>2025-05-03T23:38:07.038Z pw:api   performing click action</Text>
      </RunInfo>
      <RunInfo computerName="DESKTOP-RSFFHJT" outcome="Warning" timestamp="2025-05-03T19:38:07.0511948-04:00">
        <Text>2025-05-03T23:38:07.049Z pw:api   click action done</Text>
      </RunInfo>
      <RunInfo computerName="DESKTOP-RSFFHJT" outcome="Warning" timestamp="2025-05-03T19:38:07.0513675-04:00">
        <Text>2025-05-03T23:38:07.049Z pw:api   waiting for scheduled navigations to finish</Text>
      </RunInfo>
      <RunInfo computerName="DESKTOP-RSFFHJT" outcome="Warning" timestamp="2025-05-03T19:38:07.0514711-04:00">
        <Text>2025-05-03T23:38:07.050Z pw:api   navigations have finished</Text>
      </RunInfo>
      <RunInfo computerName="DESKTOP-RSFFHJT" outcome="Warning" timestamp="2025-05-03T19:38:07.0553104-04:00">
        <Text>2025-05-03T23:38:07.054Z pw:api waiting for Locator("div[id='main-nav-tab'] a[id*='ember'][class$='nav-link'], div[id='main-nav-tab']  a[id*='ember'][class$='nav-link ']").First</Text>
      </RunInfo>
      <RunInfo computerName="DESKTOP-RSFFHJT" outcome="Warning" timestamp="2025-05-03T19:38:07.0570840-04:00">
        <Text>2025-05-03T23:38:07.056Z pw:api   locator resolved to &lt;a id="ember79" href="#/home" class="ember-view active nav-link"&gt;ΓÇª&lt;/a&gt;</Text>
      </RunInfo>
      <RunInfo computerName="DESKTOP-RSFFHJT" outcome="Warning" timestamp="2025-05-03T19:38:07.0579547-04:00">
        <Text>2025-05-03T23:38:07.056Z pw:api waiting for Locator("div[id='main-nav-tab'] a[id*='ember'][class$='nav-link'], div[id='main-nav-tab']  a[id*='ember'][class$='nav-link ']").Nth(1)</Text>
      </RunInfo>
      <RunInfo computerName="DESKTOP-RSFFHJT" outcome="Warning" timestamp="2025-05-03T19:38:07.0622265-04:00">
        <Text>2025-05-03T23:38:07.060Z pw:api   locator resolved to &lt;a id="ember82" class="ember-view nav-link "&gt;ΓÇª&lt;/a&gt;</Text>
      </RunInfo>
      <RunInfo computerName="DESKTOP-RSFFHJT" outcome="Warning" timestamp="2025-05-03T19:38:07.0631318-04:00">
        <Text>2025-05-03T23:38:07.062Z pw:api waiting for Locator("div[id='main-nav-tab'] a[id*='ember'][class$='nav-link'], div[id='main-nav-tab']  a[id*='ember'][class$='nav-link ']").Nth(2)</Text>
      </RunInfo>
      <RunInfo computerName="DESKTOP-RSFFHJT" outcome="Warning" timestamp="2025-05-03T19:38:07.0653321-04:00">
        <Text>2025-05-03T23:38:07.064Z pw:api   locator resolved to &lt;a id="ember86" href="#/inventory/items" class="ember-view nav-link"&gt;ΓÇª&lt;/a&gt;</Text>
      </RunInfo>
      <RunInfo computerName="DESKTOP-RSFFHJT" outcome="Warning" timestamp="2025-05-03T19:38:07.0660226-04:00">
        <Text>2025-05-03T23:38:07.065Z pw:api waiting for Locator("div[id='main-nav-tab'] a[id*='ember'][class$='nav-link'], div[id='main-nav-tab']  a[id*='ember'][class$='nav-link ']").Nth(3)</Text>
      </RunInfo>
      <RunInfo computerName="DESKTOP-RSFFHJT" outcome="Warning" timestamp="2025-05-03T19:38:07.0679784-04:00">
        <Text>2025-05-03T23:38:07.066Z pw:api   locator resolved to &lt;a id="ember91" class="ember-view nav-link" href="#/inventory/itemgroups"&gt;ΓÇª&lt;/a&gt;</Text>
      </RunInfo>
      <RunInfo computerName="DESKTOP-RSFFHJT" outcome="Warning" timestamp="2025-05-03T19:38:07.0689893-04:00">
        <Text>2025-05-03T23:38:07.067Z pw:api waiting for Locator("div[id='main-nav-tab'] a[id*='ember'][class$='nav-link'], div[id='main-nav-tab']  a[id*='ember'][class$='nav-link ']").Nth(4)</Text>
      </RunInfo>
      <RunInfo computerName="DESKTOP-RSFFHJT" outcome="Warning" timestamp="2025-05-03T19:38:07.0710916-04:00">
        <Text>2025-05-03T23:38:07.070Z pw:api   locator resolved to &lt;a id="ember97" class="ember-view nav-link" href="#/inventory/adjustments"&gt;ΓÇª&lt;/a&gt;</Text>
      </RunInfo>
      <RunInfo computerName="DESKTOP-RSFFHJT" outcome="Warning" timestamp="2025-05-03T19:38:07.0718593-04:00">
        <Text>2025-05-03T23:38:07.070Z pw:api waiting for Locator("div[id='main-nav-tab'] a[id*='ember'][class$='nav-link'], div[id='main-nav-tab']  a[id*='ember'][class$='nav-link ']").Nth(5)</Text>
      </RunInfo>
      <RunInfo computerName="DESKTOP-RSFFHJT" outcome="Warning" timestamp="2025-05-03T19:38:07.0737868-04:00">
        <Text>2025-05-03T23:38:07.072Z pw:api   locator resolved to &lt;a id="ember104" class="collapsed ember-view nav-link "&gt;ΓÇª&lt;/a&gt;</Text>
      </RunInfo>
      <RunInfo computerName="DESKTOP-RSFFHJT" outcome="Warning" timestamp="2025-05-03T19:38:07.0748494-04:00">
        <Text>2025-05-03T23:38:07.073Z pw:api waiting for Locator("div[id='main-nav-tab'] a[id*='ember'][class$='nav-link'], div[id='main-nav-tab']  a[id*='ember'][class$='nav-link ']").Nth(6)</Text>
      </RunInfo>
      <RunInfo computerName="DESKTOP-RSFFHJT" outcome="Warning" timestamp="2025-05-03T19:38:07.0776599-04:00">
        <Text>2025-05-03T23:38:07.076Z pw:api   locator resolved to &lt;a id="ember108" href="#/contacts" class="ember-view nav-link"&gt;ΓÇª&lt;/a&gt;</Text>
      </RunInfo>
      <RunInfo computerName="DESKTOP-RSFFHJT" outcome="Warning" timestamp="2025-05-03T19:38:07.0784668-04:00">
        <Text>2025-05-03T23:38:07.077Z pw:api waiting for Locator("div[id='main-nav-tab'] a[id*='ember'][class$='nav-link'], div[id='main-nav-tab']  a[id*='ember'][class$='nav-link ']").Nth(7)</Text>
      </RunInfo>
      <RunInfo computerName="DESKTOP-RSFFHJT" outcome="Warning" timestamp="2025-05-03T19:38:07.0813652-04:00">
        <Text>2025-05-03T23:38:07.079Z pw:api   locator resolved to &lt;a id="ember114" href="#/salesorders" class="ember-view nav-link"&gt;ΓÇª&lt;/a&gt;</Text>
      </RunInfo>
      <RunInfo computerName="DESKTOP-RSFFHJT" outcome="Warning" timestamp="2025-05-03T19:38:07.0841027-04:00">
        <Text>2025-05-03T23:38:07.082Z pw:api waiting for Locator("div[id='main-nav-tab'] a[id*='ember'][class$='nav-link'], div[id='main-nav-tab']  a[id*='ember'][class$='nav-link ']").Nth(8)</Text>
      </RunInfo>
      <RunInfo computerName="DESKTOP-RSFFHJT" outcome="Warning" timestamp="2025-05-03T19:38:07.0880691-04:00">
        <Text>2025-05-03T23:38:07.086Z pw:api   locator resolved to &lt;a id="ember121" href="#/packages" class="ember-view nav-link"&gt;ΓÇª&lt;/a&gt;</Text>
      </RunInfo>
      <RunInfo computerName="DESKTOP-RSFFHJT" outcome="Warning" timestamp="2025-05-03T19:38:07.0895433-04:00">
        <Text>2025-05-03T23:38:07.088Z pw:api waiting for Locator("div[id='main-nav-tab'] a[id*='ember'][class$='nav-link'], div[id='main-nav-tab']  a[id*='ember'][class$='nav-link ']").Nth(9)</Text>
      </RunInfo>
      <RunInfo computerName="DESKTOP-RSFFHJT" outcome="Warning" timestamp="2025-05-03T19:38:07.0922743-04:00">
        <Text>2025-05-03T23:38:07.090Z pw:api   locator resolved to &lt;a id="ember125" href="#/shipments" class="ember-view nav-link"&gt;ΓÇª&lt;/a&gt;</Text>
      </RunInfo>
      <RunInfo computerName="DESKTOP-RSFFHJT" outcome="Warning" timestamp="2025-05-03T19:38:07.0931948-04:00">
        <Text>2025-05-03T23:38:07.092Z pw:api waiting for Locator("div[id='main-nav-tab'] a[id*='ember'][class$='nav-link'], div[id='main-nav-tab']  a[id*='ember'][class$='nav-link ']").Nth(10)</Text>
      </RunInfo>
      <RunInfo computerName="DESKTOP-RSFFHJT" outcome="Warning" timestamp="2025-05-03T19:38:07.0965176-04:00">
        <Text>2025-05-03T23:38:07.095Z pw:api   locator resolved to &lt;a id="ember129" href="#/invoices" class="ember-view nav-link"&gt;ΓÇª&lt;/a&gt;</Text>
      </RunInfo>
      <RunInfo computerName="DESKTOP-RSFFHJT" outcome="Warning" timestamp="2025-05-03T19:38:07.0973092-04:00">
        <Text>2025-05-03T23:38:07.096Z pw:api waiting for Locator("div[id='main-nav-tab'] a[id*='ember'][class$='nav-link'], div[id='main-nav-tab']  a[id*='ember'][class$='nav-link ']").Nth(11)</Text>
      </RunInfo>
      <RunInfo computerName="DESKTOP-RSFFHJT" outcome="Warning" timestamp="2025-05-03T19:38:07.1001872-04:00">
        <Text>2025-05-03T23:38:07.099Z pw:api   locator resolved to &lt;a id="ember134" href="#/paymentsreceived" class="ember-view nav-link"&gt;ΓÇª&lt;/a&gt;</Text>
      </RunInfo>
      <RunInfo computerName="DESKTOP-RSFFHJT" outcome="Warning" timestamp="2025-05-03T19:38:07.1009705-04:00">
        <Text>2025-05-03T23:38:07.099Z pw:api waiting for Locator("div[id='main-nav-tab'] a[id*='ember'][class$='nav-link'], div[id='main-nav-tab']  a[id*='ember'][class$='nav-link ']").Nth(12)</Text>
      </RunInfo>
      <RunInfo computerName="DESKTOP-RSFFHJT" outcome="Warning" timestamp="2025-05-03T19:38:07.1034130-04:00">
        <Text>2025-05-03T23:38:07.102Z pw:api   locator resolved to &lt;a id="ember140" href="#/salesreturns" class="ember-view nav-link"&gt;ΓÇª&lt;/a&gt;</Text>
      </RunInfo>
      <RunInfo computerName="DESKTOP-RSFFHJT" outcome="Warning" timestamp="2025-05-03T19:38:07.1043547-04:00">
        <Text>2025-05-03T23:38:07.103Z pw:api waiting for Locator("div[id='main-nav-tab'] a[id*='ember'][class$='nav-link'], div[id='main-nav-tab']  a[id*='ember'][class$='nav-link ']").Nth(13)</Text>
      </RunInfo>
      <RunInfo computerName="DESKTOP-RSFFHJT" outcome="Warning" timestamp="2025-05-03T19:38:07.1064115-04:00">
        <Text>2025-05-03T23:38:07.105Z pw:api   locator resolved to &lt;a id="ember143" href="#/creditnotes" class="ember-view nav-link"&gt;ΓÇª&lt;/a&gt;</Text>
      </RunInfo>
      <RunInfo computerName="DESKTOP-RSFFHJT" outcome="Warning" timestamp="2025-05-03T19:38:07.1073547-04:00">
        <Text>2025-05-03T23:38:07.106Z pw:api waiting for Locator("div[id='main-nav-tab'] a[id*='ember'][class$='nav-link'], div[id='main-nav-tab']  a[id*='ember'][class$='nav-link ']").Nth(14)</Text>
      </RunInfo>
      <RunInfo computerName="DESKTOP-RSFFHJT" outcome="Warning" timestamp="2025-05-03T19:38:07.1103649-04:00">
        <Text>2025-05-03T23:38:07.109Z pw:api   locator resolved to &lt;a id="ember147" class="collapsed ember-view nav-link "&gt;ΓÇª&lt;/a&gt;</Text>
      </RunInfo>
      <RunInfo computerName="DESKTOP-RSFFHJT" outcome="Warning" timestamp="2025-05-03T19:38:07.1111387-04:00">
        <Text>2025-05-03T23:38:07.110Z pw:api waiting for Locator("div[id='main-nav-tab'] a[id*='ember'][class$='nav-link'], div[id='main-nav-tab']  a[id*='ember'][class$='nav-link ']").Nth(15)</Text>
      </RunInfo>
      <RunInfo computerName="DESKTOP-RSFFHJT" outcome="Warning" timestamp="2025-05-03T19:38:07.1136143-04:00">
        <Text>2025-05-03T23:38:07.112Z pw:api   locator resolved to &lt;a id="ember151" href="#/vendors" class="ember-view nav-link"&gt;ΓÇª&lt;/a&gt;</Text>
      </RunInfo>
      <RunInfo computerName="DESKTOP-RSFFHJT" outcome="Warning" timestamp="2025-05-03T19:38:07.1143917-04:00">
        <Text>2025-05-03T23:38:07.113Z pw:api waiting for Locator("div[id='main-nav-tab'] a[id*='ember'][class$='nav-link'], div[id='main-nav-tab']  a[id*='ember'][class$='nav-link ']").Nth(16)</Text>
      </RunInfo>
      <RunInfo computerName="DESKTOP-RSFFHJT" outcome="Warning" timestamp="2025-05-03T19:38:07.1164728-04:00">
        <Text>2025-05-03T23:38:07.115Z pw:api   locator resolved to &lt;a id="ember155" href="#/expenses" class="ember-view nav-link"&gt;ΓÇª&lt;/a&gt;</Text>
      </RunInfo>
      <RunInfo computerName="DESKTOP-RSFFHJT" outcome="Warning" timestamp="2025-05-03T19:38:07.1172073-04:00">
        <Text>2025-05-03T23:38:07.116Z pw:api waiting for Locator("div[id='main-nav-tab'] a[id*='ember'][class$='nav-link'], div[id='main-nav-tab']  a[id*='ember'][class$='nav-link ']").Nth(17)</Text>
      </RunInfo>
      <RunInfo computerName="DESKTOP-RSFFHJT" outcome="Warning" timestamp="2025-05-03T19:38:07.1190712-04:00">
        <Text>2025-05-03T23:38:07.118Z pw:api   locator resolved to &lt;a id="ember159" href="#/purchaseorders" class="ember-view nav-link"&gt;ΓÇª&lt;/a&gt;</Text>
      </RunInfo>
      <RunInfo computerName="DESKTOP-RSFFHJT" outcome="Warning" timestamp="2025-05-03T19:38:07.1199394-04:00">
        <Text>2025-05-03T23:38:07.118Z pw:api waiting for Locator("div[id='main-nav-tab'] a[id*='ember'][class$='nav-link'], div[id='main-nav-tab']  a[id*='ember'][class$='nav-link ']").Nth(18)</Text>
      </RunInfo>
      <RunInfo computerName="DESKTOP-RSFFHJT" outcome="Warning" timestamp="2025-05-03T19:38:07.1215122-04:00">
        <Text>2025-05-03T23:38:07.120Z pw:api   locator resolved to &lt;a id="ember163" href="#/purchasereceives" class="ember-view nav-link"&gt;ΓÇª&lt;/a&gt;</Text>
      </RunInfo>
      <RunInfo computerName="DESKTOP-RSFFHJT" outcome="Warning" timestamp="2025-05-03T19:38:07.1224048-04:00">
        <Text>2025-05-03T23:38:07.121Z pw:api waiting for Locator("div[id='main-nav-tab'] a[id*='ember'][class$='nav-link'], div[id='main-nav-tab']  a[id*='ember'][class$='nav-link ']").Nth(19)</Text>
      </RunInfo>
      <RunInfo computerName="DESKTOP-RSFFHJT" outcome="Warning" timestamp="2025-05-03T19:38:07.1245539-04:00">
        <Text>2025-05-03T23:38:07.123Z pw:api   locator resolved to &lt;a id="ember168" href="#/bills" class="ember-view nav-link"&gt;ΓÇª&lt;/a&gt;</Text>
      </RunInfo>
      <RunInfo computerName="DESKTOP-RSFFHJT" outcome="Warning" timestamp="2025-05-03T19:38:07.1260511-04:00">
        <Text>2025-05-03T23:38:07.124Z pw:api waiting for Locator("div[id='main-nav-tab'] a[id*='ember'][class$='nav-link'], div[id='main-nav-tab']  a[id*='ember'][class$='nav-link ']").Nth(20)</Text>
      </RunInfo>
      <RunInfo computerName="DESKTOP-RSFFHJT" outcome="Warning" timestamp="2025-05-03T19:38:07.1291329-04:00">
        <Text>2025-05-03T23:38:07.127Z pw:api   locator resolved to &lt;a id="ember172" href="#/paymentsmade" class="ember-view nav-link"&gt;ΓÇª&lt;/a&gt;</Text>
      </RunInfo>
      <RunInfo computerName="DESKTOP-RSFFHJT" outcome="Warning" timestamp="2025-05-03T19:38:07.1298008-04:00">
        <Text>2025-05-03T23:38:07.128Z pw:api waiting for Locator("div[id='main-nav-tab'] a[id*='ember'][class$='nav-link'], div[id='main-nav-tab']  a[id*='ember'][class$='nav-link ']").Nth(21)</Text>
      </RunInfo>
      <RunInfo computerName="DESKTOP-RSFFHJT" outcome="Warning" timestamp="2025-05-03T19:38:07.1316601-04:00">
        <Text>2025-05-03T23:38:07.130Z pw:api   locator resolved to &lt;a id="ember177" href="#/vendorcredits" class="ember-view nav-link"&gt;ΓÇª&lt;/a&gt;</Text>
      </RunInfo>
      <RunInfo computerName="DESKTOP-RSFFHJT" outcome="Warning" timestamp="2025-05-03T19:38:07.1324126-04:00">
        <Text>2025-05-03T23:38:07.131Z pw:api waiting for Locator("div[id='main-nav-tab'] a[id*='ember'][class$='nav-link'], div[id='main-nav-tab']  a[id*='ember'][class$='nav-link ']").Nth(22)</Text>
      </RunInfo>
      <RunInfo computerName="DESKTOP-RSFFHJT" outcome="Warning" timestamp="2025-05-03T19:38:07.1343444-04:00">
        <Text>2025-05-03T23:38:07.133Z pw:api   locator resolved to &lt;a id="ember181" class="ember-view nav-link" href="#/settings/integrations"&gt;ΓÇª&lt;/a&gt;</Text>
      </RunInfo>
      <RunInfo computerName="DESKTOP-RSFFHJT" outcome="Warning" timestamp="2025-05-03T19:38:07.1353237-04:00">
        <Text>2025-05-03T23:38:07.134Z pw:api waiting for Locator("div[id='main-nav-tab'] a[id*='ember'][class$='nav-link'], div[id='main-nav-tab']  a[id*='ember'][class$='nav-link ']").Nth(23)</Text>
      </RunInfo>
      <RunInfo computerName="DESKTOP-RSFFHJT" outcome="Warning" timestamp="2025-05-03T19:38:07.1371673-04:00">
        <Text>2025-05-03T23:38:07.136Z pw:api   locator resolved to &lt;a id="ember184" href="#/reports" class="ember-view nav-link"&gt;ΓÇª&lt;/a&gt;</Text>
      </RunInfo>
      <RunInfo computerName="DESKTOP-RSFFHJT" outcome="Warning" timestamp="2025-05-03T19:38:07.1378879-04:00">
        <Text>2025-05-03T23:38:07.136Z pw:api waiting for Locator("div[id='main-nav-tab'] a[id*='ember'][class$='nav-link'], div[id='main-nav-tab']  a[id*='ember'][class$='nav-link ']").Nth(24)</Text>
      </RunInfo>
      <RunInfo computerName="DESKTOP-RSFFHJT" outcome="Warning" timestamp="2025-05-03T19:38:07.1400905-04:00">
        <Text>2025-05-03T23:38:07.139Z pw:api   locator resolved to &lt;a id="ember187" href="#/documents/inbox" class="ember-view nav-link"&gt;ΓÇª&lt;/a&gt;</Text>
      </RunInfo>
      <RunInfo computerName="DESKTOP-RSFFHJT" outcome="Warning" timestamp="2025-05-03T19:38:07.1414872-04:00">
        <Text>2025-05-03T23:38:07.140Z pw:api waiting for Locator("div[id='main-nav-tab'] a[id*='ember'][class$='nav-link'], div[id='main-nav-tab']  a[id*='ember'][class$='nav-link ']").Nth(2)</Text>
      </RunInfo>
      <RunInfo computerName="DESKTOP-RSFFHJT" outcome="Warning" timestamp="2025-05-03T19:38:07.1465813-04:00">
        <Text>2025-05-03T23:38:07.145Z pw:api   locator resolved to &lt;a id="ember86" href="#/inventory/items" class="ember-view nav-link"&gt;ΓÇª&lt;/a&gt;</Text>
      </RunInfo>
      <RunInfo computerName="DESKTOP-RSFFHJT" outcome="Warning" timestamp="2025-05-03T19:38:07.1470447-04:00">
        <Text>2025-05-03T23:38:07.145Z pw:api attempting click action</Text>
      </RunInfo>
      <RunInfo computerName="DESKTOP-RSFFHJT" outcome="Warning" timestamp="2025-05-03T19:38:07.1471451-04:00">
        <Text>2025-05-03T23:38:07.145Z pw:api   waiting for element to be visible, enabled and stable</Text>
      </RunInfo>
      <RunInfo computerName="DESKTOP-RSFFHJT" outcome="Warning" timestamp="2025-05-03T19:38:07.1765300-04:00">
        <Text>2025-05-03T23:38:07.175Z pw:api   element is visible, enabled and stable</Text>
      </RunInfo>
      <RunInfo computerName="DESKTOP-RSFFHJT" outcome="Warning" timestamp="2025-05-03T19:38:07.1765368-04:00">
        <Text>2025-05-03T23:38:07.175Z pw:api   scrolling into view if needed</Text>
      </RunInfo>
      <RunInfo computerName="DESKTOP-RSFFHJT" outcome="Warning" timestamp="2025-05-03T19:38:07.1772038-04:00">
        <Text>2025-05-03T23:38:07.176Z pw:api   done scrolling</Text>
      </RunInfo>
      <RunInfo computerName="DESKTOP-RSFFHJT" outcome="Warning" timestamp="2025-05-03T19:38:07.1790442-04:00">
        <Text>2025-05-03T23:38:07.177Z pw:api   performing click action</Text>
      </RunInfo>
      <RunInfo computerName="DESKTOP-RSFFHJT" outcome="Warning" timestamp="2025-05-03T19:38:07.2024824-04:00">
        <Text>2025-05-03T23:38:07.201Z pw:api   click action done</Text>
      </RunInfo>
      <RunInfo computerName="DESKTOP-RSFFHJT" outcome="Warning" timestamp="2025-05-03T19:38:07.2024892-04:00">
        <Text>2025-05-03T23:38:07.201Z pw:api   waiting for scheduled navigations to finish</Text>
      </RunInfo>
      <RunInfo computerName="DESKTOP-RSFFHJT" outcome="Warning" timestamp="2025-05-03T19:38:07.2026913-04:00">
        <Text>2025-05-03T23:38:07.201Z pw:api   navigations have finished</Text>
      </RunInfo>
      <RunInfo computerName="DESKTOP-RSFFHJT" outcome="Warning" timestamp="2025-05-03T19:38:07.2141599-04:00">
        <Text>2025-05-03T23:38:07.212Z pw:api waiting for Locator("table[id='vertically-scrolled-table']") to be visible</Text>
      </RunInfo>
      <RunInfo computerName="DESKTOP-RSFFHJT" outcome="Warning" timestamp="2025-05-03T19:38:07.5469763-04:00">
        <Text>2025-05-03T23:38:07.545Z pw:api   "networkidle" event fired</Text>
      </RunInfo>
      <RunInfo computerName="DESKTOP-RSFFHJT" outcome="Warning" timestamp="2025-05-03T19:38:07.6176339-04:00">
        <Text>2025-05-03T23:38:07.616Z pw:api   navigated to "https://www.zoho.com/ca/inventory/inventory-software-demo/#/inventory/items"</Text>
      </RunInfo>
      <RunInfo computerName="DESKTOP-RSFFHJT" outcome="Warning" timestamp="2025-05-03T19:38:08.0265357-04:00">
        <Text>2025-05-03T23:38:08.025Z pw:api   locator resolved to visible &lt;table id="vertically-scrolled-table" class="table zi-table table-hover     header-fixed"&gt;ΓÇª&lt;/table&gt;</Text>
      </RunInfo>
      <RunInfo computerName="DESKTOP-RSFFHJT" outcome="Warning" timestamp="2025-05-03T19:38:08.0299491-04:00">
        <Text>2025-05-03T23:38:08.028Z pw:api waiting for Locator("table[id='vertically-scrolled-table']").Locator("tbody tr").First</Text>
      </RunInfo>
      <RunInfo computerName="DESKTOP-RSFFHJT" outcome="Warning" timestamp="2025-05-03T19:38:08.0315878-04:00">
        <Text>2025-05-03T23:38:08.030Z pw:api   locator resolved to &lt;tr tabindex="-1" id="ember306" class="ember-view   "&gt;ΓÇª&lt;/tr&gt;</Text>
      </RunInfo>
      <RunInfo computerName="DESKTOP-RSFFHJT" outcome="Warning" timestamp="2025-05-03T19:38:08.0414105-04:00">
        <Text>2025-05-03T23:38:08.032Z pw:api waiting for Locator("table[id='vertically-scrolled-table']").Locator("tbody tr").First.Locator("a")</Text>
      </RunInfo>
      <RunInfo computerName="DESKTOP-RSFFHJT" outcome="Warning" timestamp="2025-05-03T19:38:08.0414393-04:00">
        <Text>2025-05-03T23:38:08.034Z pw:api   locator resolved to &lt;a id="ember310" class="ember-view text-break " href="#/inventory/items/6620000005381000"&gt;Storage Cabinet&lt;/a&gt;</Text>
      </RunInfo>
      <RunInfo computerName="DESKTOP-RSFFHJT" outcome="Warning" timestamp="2025-05-03T19:38:08.0428472-04:00">
        <Text>2025-05-03T23:38:08.041Z pw:api waiting for Locator("table[id='vertically-scrolled-table']").Locator("tbody tr").First.Locator("td:nth-child(3)")</Text>
      </RunInfo>
      <RunInfo computerName="DESKTOP-RSFFHJT" outcome="Warning" timestamp="2025-05-03T19:38:08.0446734-04:00">
        <Text>2025-05-03T23:38:08.043Z pw:api   locator resolved to &lt;td class=" "&gt;Item 1 sku&lt;/td&gt;</Text>
      </RunInfo>
      <RunInfo computerName="DESKTOP-RSFFHJT" outcome="Warning" timestamp="2025-05-03T19:38:08.0453973-04:00">
        <Text>2025-05-03T23:38:08.044Z pw:api waiting for Locator("table[id='vertically-scrolled-table']").Locator("tbody tr").First.Locator("td:nth-child(4)")</Text>
      </RunInfo>
      <RunInfo computerName="DESKTOP-RSFFHJT" outcome="Warning" timestamp="2025-05-03T19:38:08.0468455-04:00">
        <Text>2025-05-03T23:38:08.045Z pw:api   locator resolved to &lt;td class=" "&gt;Digital_service&lt;/td&gt;</Text>
      </RunInfo>
      <RunInfo computerName="DESKTOP-RSFFHJT" outcome="Warning" timestamp="2025-05-03T19:38:08.0474600-04:00">
        <Text>2025-05-03T23:38:08.046Z pw:api waiting for Locator("table[id='vertically-scrolled-table']").Locator("tbody tr").First.Locator("td span[class='text-ellipsis']")</Text>
      </RunInfo>
      <RunInfo computerName="DESKTOP-RSFFHJT" outcome="Warning" timestamp="2025-05-03T19:38:08.0487409-04:00">
        <Text>2025-05-03T23:38:08.047Z pw:api   locator resolved to &lt;span id="a1e282ce5" class="text-ellipsis"&gt;A versatile storage cabinet with adjustable shelvΓÇª&lt;/span&gt;</Text>
      </RunInfo>
      <RunInfo computerName="DESKTOP-RSFFHJT" outcome="Warning" timestamp="2025-05-03T19:38:08.0494383-04:00">
        <Text>2025-05-03T23:38:08.048Z pw:api waiting for Locator("table[id='vertically-scrolled-table']").Locator("tbody tr").First.Locator("td[class='  text-end']")</Text>
      </RunInfo>
      <RunInfo computerName="DESKTOP-RSFFHJT" outcome="Warning" timestamp="2025-05-03T19:38:08.0509690-04:00">
        <Text>2025-05-03T23:38:08.049Z pw:api   locator resolved to &lt;td class="  text-end"&gt;$8493.00&lt;/td&gt;</Text>
      </RunInfo>
      <RunInfo computerName="DESKTOP-RSFFHJT" outcome="Warning" timestamp="2025-05-03T19:38:08.0517970-04:00">
        <Text>2025-05-03T23:38:08.050Z pw:api waiting for Locator("table[id='vertically-scrolled-table']").Locator("tbody tr").Nth(1)</Text>
      </RunInfo>
      <RunInfo computerName="DESKTOP-RSFFHJT" outcome="Warning" timestamp="2025-05-03T19:38:08.0533719-04:00">
        <Text>2025-05-03T23:38:08.052Z pw:api   locator resolved to &lt;tr tabindex="-1" id="ember312" class="ember-view   "&gt;ΓÇª&lt;/tr&gt;</Text>
      </RunInfo>
      <RunInfo computerName="DESKTOP-RSFFHJT" outcome="Warning" timestamp="2025-05-03T19:38:08.0540841-04:00">
        <Text>2025-05-03T23:38:08.053Z pw:api waiting for Locator("table[id='vertically-scrolled-table']").Locator("tbody tr").Nth(1).Locator("a")</Text>
      </RunInfo>
      <RunInfo computerName="DESKTOP-RSFFHJT" outcome="Warning" timestamp="2025-05-03T19:38:08.0554925-04:00">
        <Text>2025-05-03T23:38:08.054Z pw:api   locator resolved to &lt;a id="ember316" class="ember-view text-break " href="#/inventory/items/6620000005381001"&gt;Dining Table and Chairs Set&lt;/a&gt;</Text>
      </RunInfo>
      <RunInfo computerName="DESKTOP-RSFFHJT" outcome="Warning" timestamp="2025-05-03T19:38:08.0561155-04:00">
        <Text>2025-05-03T23:38:08.055Z pw:api waiting for Locator("table[id='vertically-scrolled-table']").Locator("tbody tr").Nth(1).Locator("td:nth-child(3)")</Text>
      </RunInfo>
      <RunInfo computerName="DESKTOP-RSFFHJT" outcome="Warning" timestamp="2025-05-03T19:38:08.0575604-04:00">
        <Text>2025-05-03T23:38:08.056Z pw:api   locator resolved to &lt;td class=" "&gt;Item 2 sku&lt;/td&gt;</Text>
      </RunInfo>
      <RunInfo computerName="DESKTOP-RSFFHJT" outcome="Warning" timestamp="2025-05-03T19:38:08.0583104-04:00">
        <Text>2025-05-03T23:38:08.057Z pw:api waiting for Locator("table[id='vertically-scrolled-table']").Locator("tbody tr").Nth(1).Locator("td:nth-child(4)")</Text>
      </RunInfo>
      <RunInfo computerName="DESKTOP-RSFFHJT" outcome="Warning" timestamp="2025-05-03T19:38:08.0600697-04:00">
        <Text>2025-05-03T23:38:08.059Z pw:api   locator resolved to &lt;td class=" "&gt;Digital_service&lt;/td&gt;</Text>
      </RunInfo>
      <RunInfo computerName="DESKTOP-RSFFHJT" outcome="Warning" timestamp="2025-05-03T19:38:08.0606377-04:00">
        <Text>2025-05-03T23:38:08.059Z pw:api waiting for Locator("table[id='vertically-scrolled-table']").Locator("tbody tr").Nth(1).Locator("td span[class='text-ellipsis']")</Text>
      </RunInfo>
      <RunInfo computerName="DESKTOP-RSFFHJT" outcome="Warning" timestamp="2025-05-03T19:38:08.0622200-04:00">
        <Text>2025-05-03T23:38:08.061Z pw:api   locator resolved to &lt;span id="a0b0cf2e7" class="text-ellipsis"&gt;A stylish dining set with a table and four chairs.&lt;/span&gt;</Text>
      </RunInfo>
      <RunInfo computerName="DESKTOP-RSFFHJT" outcome="Warning" timestamp="2025-05-03T19:38:08.0627043-04:00">
        <Text>2025-05-03T23:38:08.061Z pw:api waiting for Locator("table[id='vertically-scrolled-table']").Locator("tbody tr").Nth(1).Locator("td[class='  text-end']")</Text>
      </RunInfo>
      <RunInfo computerName="DESKTOP-RSFFHJT" outcome="Warning" timestamp="2025-05-03T19:38:08.0641847-04:00">
        <Text>2025-05-03T23:38:08.063Z pw:api   locator resolved to &lt;td class="  text-end"&gt;$7147.00&lt;/td&gt;</Text>
      </RunInfo>
      <RunInfo computerName="DESKTOP-RSFFHJT" outcome="Warning" timestamp="2025-05-03T19:38:08.0649477-04:00">
        <Text>2025-05-03T23:38:08.063Z pw:api waiting for Locator("table[id='vertically-scrolled-table']").Locator("tbody tr").Nth(2)</Text>
      </RunInfo>
      <RunInfo computerName="DESKTOP-RSFFHJT" outcome="Warning" timestamp="2025-05-03T19:38:08.0662995-04:00">
        <Text>2025-05-03T23:38:08.065Z pw:api   locator resolved to &lt;tr tabindex="-1" id="ember318" class="ember-view   "&gt;ΓÇª&lt;/tr&gt;</Text>
      </RunInfo>
      <RunInfo computerName="DESKTOP-RSFFHJT" outcome="Warning" timestamp="2025-05-03T19:38:08.0669339-04:00">
        <Text>2025-05-03T23:38:08.065Z pw:api waiting for Locator("table[id='vertically-scrolled-table']").Locator("tbody tr").Nth(2).Locator("a")</Text>
      </RunInfo>
      <RunInfo computerName="DESKTOP-RSFFHJT" outcome="Warning" timestamp="2025-05-03T19:38:08.0683271-04:00">
        <Text>2025-05-03T23:38:08.067Z pw:api   locator resolved to &lt;a id="ember322" class="ember-view text-break " href="#/inventory/items/6620000005381002"&gt;Storage Cabinet&lt;/a&gt;</Text>
      </RunInfo>
      <RunInfo computerName="DESKTOP-RSFFHJT" outcome="Warning" timestamp="2025-05-03T19:38:08.0690588-04:00">
        <Text>2025-05-03T23:38:08.067Z pw:api waiting for Locator("table[id='vertically-scrolled-table']").Locator("tbody tr").Nth(2).Locator("td:nth-child(3)")</Text>
      </RunInfo>
      <RunInfo computerName="DESKTOP-RSFFHJT" outcome="Warning" timestamp="2025-05-03T19:38:08.0705410-04:00">
        <Text>2025-05-03T23:38:08.069Z pw:api   locator resolved to &lt;td class=" "&gt;Item 3 sku&lt;/td&gt;</Text>
      </RunInfo>
      <RunInfo computerName="DESKTOP-RSFFHJT" outcome="Warning" timestamp="2025-05-03T19:38:08.0709878-04:00">
        <Text>2025-05-03T23:38:08.070Z pw:api waiting for Locator("table[id='vertically-scrolled-table']").Locator("tbody tr").Nth(2).Locator("td:nth-child(4)")</Text>
      </RunInfo>
      <RunInfo computerName="DESKTOP-RSFFHJT" outcome="Warning" timestamp="2025-05-03T19:38:08.0724820-04:00">
        <Text>2025-05-03T23:38:08.071Z pw:api   locator resolved to &lt;td class=" "&gt;Digital_service&lt;/td&gt;</Text>
      </RunInfo>
      <RunInfo computerName="DESKTOP-RSFFHJT" outcome="Warning" timestamp="2025-05-03T19:38:08.0730789-04:00">
        <Text>2025-05-03T23:38:08.072Z pw:api waiting for Locator("table[id='vertically-scrolled-table']").Locator("tbody tr").Nth(2).Locator("td span[class='text-ellipsis']")</Text>
      </RunInfo>
      <RunInfo computerName="DESKTOP-RSFFHJT" outcome="Warning" timestamp="2025-05-03T19:38:08.0747776-04:00">
        <Text>2025-05-03T23:38:08.073Z pw:api   locator resolved to &lt;span id="a46d00511" class="text-ellipsis"&gt;&lt;/span&gt;</Text>
      </RunInfo>
      <RunInfo computerName="DESKTOP-RSFFHJT" outcome="Warning" timestamp="2025-05-03T19:38:08.0757069-04:00">
        <Text>2025-05-03T23:38:08.074Z pw:api waiting for Locator("table[id='vertically-scrolled-table']").Locator("tbody tr").Nth(2).Locator("td[class='  text-end']")</Text>
      </RunInfo>
      <RunInfo computerName="DESKTOP-RSFFHJT" outcome="Warning" timestamp="2025-05-03T19:38:08.0774258-04:00">
        <Text>2025-05-03T23:38:08.076Z pw:api   locator resolved to &lt;td class="  text-end"&gt;&lt;/td&gt;</Text>
      </RunInfo>
      <RunInfo computerName="DESKTOP-RSFFHJT" outcome="Warning" timestamp="2025-05-03T19:38:08.0783159-04:00">
        <Text>2025-05-03T23:38:08.077Z pw:api waiting for Locator("table[id='vertically-scrolled-table']").Locator("tbody tr").Nth(3)</Text>
      </RunInfo>
      <RunInfo computerName="DESKTOP-RSFFHJT" outcome="Warning" timestamp="2025-05-03T19:38:08.0797166-04:00">
        <Text>2025-05-03T23:38:08.078Z pw:api   locator resolved to &lt;tr tabindex="-1" id="ember324" class="ember-view   "&gt;ΓÇª&lt;/tr&gt;</Text>
      </RunInfo>
      <RunInfo computerName="DESKTOP-RSFFHJT" outcome="Warning" timestamp="2025-05-03T19:38:08.0805318-04:00">
        <Text>2025-05-03T23:38:08.079Z pw:api waiting for Locator("table[id='vertically-scrolled-table']").Locator("tbody tr").Nth(3).Locator("a")</Text>
      </RunInfo>
      <RunInfo computerName="DESKTOP-RSFFHJT" outcome="Warning" timestamp="2025-05-03T19:38:08.0817878-04:00">
        <Text>2025-05-03T23:38:08.080Z pw:api   locator resolved to &lt;a id="ember328" class="ember-view text-break " href="#/inventory/items/6620000005381003"&gt;Executive Office Desk&lt;/a&gt;</Text>
      </RunInfo>
      <RunInfo computerName="DESKTOP-RSFFHJT" outcome="Warning" timestamp="2025-05-03T19:38:08.0824191-04:00">
        <Text>2025-05-03T23:38:08.081Z pw:api waiting for Locator("table[id='vertically-scrolled-table']").Locator("tbody tr").Nth(3).Locator("td:nth-child(3)")</Text>
      </RunInfo>
      <RunInfo computerName="DESKTOP-RSFFHJT" outcome="Warning" timestamp="2025-05-03T19:38:08.0855010-04:00">
        <Text>2025-05-03T23:38:08.083Z pw:api   locator resolved to &lt;td class=" "&gt;Item 4 sku&lt;/td&gt;</Text>
      </RunInfo>
      <RunInfo computerName="DESKTOP-RSFFHJT" outcome="Warning" timestamp="2025-05-03T19:38:08.0868868-04:00">
        <Text>2025-05-03T23:38:08.085Z pw:api waiting for Locator("table[id='vertically-scrolled-table']").Locator("tbody tr").Nth(3).Locator("td:nth-child(4)")</Text>
      </RunInfo>
      <RunInfo computerName="DESKTOP-RSFFHJT" outcome="Warning" timestamp="2025-05-03T19:38:08.0904500-04:00">
        <Text>2025-05-03T23:38:08.088Z pw:api   locator resolved to &lt;td class=" "&gt;Digital_service&lt;/td&gt;</Text>
      </RunInfo>
      <RunInfo computerName="DESKTOP-RSFFHJT" outcome="Warning" timestamp="2025-05-03T19:38:08.0945127-04:00">
        <Text>2025-05-03T23:38:08.092Z pw:api waiting for Locator("table[id='vertically-scrolled-table']").Locator("tbody tr").Nth(3).Locator("td span[class='text-ellipsis']")</Text>
      </RunInfo>
      <RunInfo computerName="DESKTOP-RSFFHJT" outcome="Warning" timestamp="2025-05-03T19:38:08.0970381-04:00">
        <Text>2025-05-03T23:38:08.095Z pw:api   locator resolved to &lt;span id="a0c5b05b3" class="text-ellipsis"&gt;&lt;/span&gt;</Text>
      </RunInfo>
      <RunInfo computerName="DESKTOP-RSFFHJT" outcome="Warning" timestamp="2025-05-03T19:38:08.0977049-04:00">
        <Text>2025-05-03T23:38:08.096Z pw:api waiting for Locator("table[id='vertically-scrolled-table']").Locator("tbody tr").Nth(3).Locator("td[class='  text-end']")</Text>
      </RunInfo>
      <RunInfo computerName="DESKTOP-RSFFHJT" outcome="Warning" timestamp="2025-05-03T19:38:08.0992664-04:00">
        <Text>2025-05-03T23:38:08.098Z pw:api   locator resolved to &lt;td class="  text-end"&gt;&lt;/td&gt;</Text>
      </RunInfo>
      <RunInfo computerName="DESKTOP-RSFFHJT" outcome="Warning" timestamp="2025-05-03T19:38:08.0998799-04:00">
        <Text>2025-05-03T23:38:08.098Z pw:api waiting for Locator("table[id='vertically-scrolled-table']").Locator("tbody tr").Nth(4)</Text>
      </RunInfo>
      <RunInfo computerName="DESKTOP-RSFFHJT" outcome="Warning" timestamp="2025-05-03T19:38:08.1012977-04:00">
        <Text>2025-05-03T23:38:08.100Z pw:api   locator resolved to &lt;tr tabindex="-1" id="ember330" class="ember-view   "&gt;ΓÇª&lt;/tr&gt;</Text>
      </RunInfo>
      <RunInfo computerName="DESKTOP-RSFFHJT" outcome="Warning" timestamp="2025-05-03T19:38:08.1019876-04:00">
        <Text>2025-05-03T23:38:08.100Z pw:api waiting for Locator("table[id='vertically-scrolled-table']").Locator("tbody tr").Nth(4).Locator("a")</Text>
      </RunInfo>
      <RunInfo computerName="DESKTOP-RSFFHJT" outcome="Warning" timestamp="2025-05-03T19:38:08.1036280-04:00">
        <Text>2025-05-03T23:38:08.102Z pw:api   locator resolved to &lt;a id="ember334" class="ember-view text-break " href="#/inventory/items/6620000005381004"&gt;Sofa&lt;/a&gt;</Text>
      </RunInfo>
      <RunInfo computerName="DESKTOP-RSFFHJT" outcome="Warning" timestamp="2025-05-03T19:38:08.1041636-04:00">
        <Text>2025-05-03T23:38:08.103Z pw:api waiting for Locator("table[id='vertically-scrolled-table']").Locator("tbody tr").Nth(4).Locator("td:nth-child(3)")</Text>
      </RunInfo>
      <RunInfo computerName="DESKTOP-RSFFHJT" outcome="Warning" timestamp="2025-05-03T19:38:08.1056781-04:00">
        <Text>2025-05-03T23:38:08.104Z pw:api   locator resolved to &lt;td class=" "&gt;Item 5 sku&lt;/td&gt;</Text>
      </RunInfo>
      <RunInfo computerName="DESKTOP-RSFFHJT" outcome="Warning" timestamp="2025-05-03T19:38:08.1063411-04:00">
        <Text>2025-05-03T23:38:08.105Z pw:api waiting for Locator("table[id='vertically-scrolled-table']").Locator("tbody tr").Nth(4).Locator("td:nth-child(4)")</Text>
      </RunInfo>
      <RunInfo computerName="DESKTOP-RSFFHJT" outcome="Warning" timestamp="2025-05-03T19:38:08.1081483-04:00">
        <Text>2025-05-03T23:38:08.106Z pw:api   locator resolved to &lt;td class=" "&gt;Digital_service&lt;/td&gt;</Text>
      </RunInfo>
      <RunInfo computerName="DESKTOP-RSFFHJT" outcome="Warning" timestamp="2025-05-03T19:38:08.1090057-04:00">
        <Text>2025-05-03T23:38:08.107Z pw:api waiting for Locator("table[id='vertically-scrolled-table']").Locator("tbody tr").Nth(4).Locator("td span[class='text-ellipsis']")</Text>
      </RunInfo>
      <RunInfo computerName="DESKTOP-RSFFHJT" outcome="Warning" timestamp="2025-05-03T19:38:08.1121586-04:00">
        <Text>2025-05-03T23:38:08.110Z pw:api   locator resolved to &lt;span id="abbcc74b7" class="text-ellipsis"&gt;A comfortable, modern sofa with plush cushions.&lt;/span&gt;</Text>
      </RunInfo>
      <RunInfo computerName="DESKTOP-RSFFHJT" outcome="Warning" timestamp="2025-05-03T19:38:08.1129467-04:00">
        <Text>2025-05-03T23:38:08.111Z pw:api waiting for Locator("table[id='vertically-scrolled-table']").Locator("tbody tr").Nth(4).Locator("td[class='  text-end']")</Text>
      </RunInfo>
      <RunInfo computerName="DESKTOP-RSFFHJT" outcome="Warning" timestamp="2025-05-03T19:38:08.1145055-04:00">
        <Text>2025-05-03T23:38:08.113Z pw:api   locator resolved to &lt;td class="  text-end"&gt;$5742.00&lt;/td&gt;</Text>
      </RunInfo>
      <RunInfo computerName="DESKTOP-RSFFHJT" outcome="Warning" timestamp="2025-05-03T19:38:08.1152753-04:00">
        <Text>2025-05-03T23:38:08.114Z pw:api waiting for Locator("table[id='vertically-scrolled-table']").Locator("tbody tr").Nth(5)</Text>
      </RunInfo>
      <RunInfo computerName="DESKTOP-RSFFHJT" outcome="Warning" timestamp="2025-05-03T19:38:08.1167952-04:00">
        <Text>2025-05-03T23:38:08.115Z pw:api   locator resolved to &lt;tr tabindex="-1" id="ember336" class="ember-view   "&gt;ΓÇª&lt;/tr&gt;</Text>
      </RunInfo>
      <RunInfo computerName="DESKTOP-RSFFHJT" outcome="Warning" timestamp="2025-05-03T19:38:08.1173583-04:00">
        <Text>2025-05-03T23:38:08.116Z pw:api waiting for Locator("table[id='vertically-scrolled-table']").Locator("tbody tr").Nth(5).Locator("a")</Text>
      </RunInfo>
      <RunInfo computerName="DESKTOP-RSFFHJT" outcome="Warning" timestamp="2025-05-03T19:38:08.1186854-04:00">
        <Text>2025-05-03T23:38:08.117Z pw:api   locator resolved to &lt;a id="ember340" class="ember-view text-break " href="#/inventory/items/6620000005381005"&gt;Executive Office Desk&lt;/a&gt;</Text>
      </RunInfo>
      <RunInfo computerName="DESKTOP-RSFFHJT" outcome="Warning" timestamp="2025-05-03T19:38:08.1192783-04:00">
        <Text>2025-05-03T23:38:08.118Z pw:api waiting for Locator("table[id='vertically-scrolled-table']").Locator("tbody tr").Nth(5).Locator("td:nth-child(3)")</Text>
      </RunInfo>
      <RunInfo computerName="DESKTOP-RSFFHJT" outcome="Warning" timestamp="2025-05-03T19:38:08.1205797-04:00">
        <Text>2025-05-03T23:38:08.119Z pw:api   locator resolved to &lt;td class=" "&gt;Item 6 sku&lt;/td&gt;</Text>
      </RunInfo>
      <RunInfo computerName="DESKTOP-RSFFHJT" outcome="Warning" timestamp="2025-05-03T19:38:08.1212213-04:00">
        <Text>2025-05-03T23:38:08.120Z pw:api waiting for Locator("table[id='vertically-scrolled-table']").Locator("tbody tr").Nth(5).Locator("td:nth-child(4)")</Text>
      </RunInfo>
      <RunInfo computerName="DESKTOP-RSFFHJT" outcome="Warning" timestamp="2025-05-03T19:38:08.1227105-04:00">
        <Text>2025-05-03T23:38:08.121Z pw:api   locator resolved to &lt;td class=" "&gt;Digital_service&lt;/td&gt;</Text>
      </RunInfo>
      <RunInfo computerName="DESKTOP-RSFFHJT" outcome="Warning" timestamp="2025-05-03T19:38:08.1233193-04:00">
        <Text>2025-05-03T23:38:08.122Z pw:api waiting for Locator("table[id='vertically-scrolled-table']").Locator("tbody tr").Nth(5).Locator("td span[class='text-ellipsis']")</Text>
      </RunInfo>
      <RunInfo computerName="DESKTOP-RSFFHJT" outcome="Warning" timestamp="2025-05-03T19:38:08.1248377-04:00">
        <Text>2025-05-03T23:38:08.123Z pw:api   locator resolved to &lt;span id="a171ae43b" class="text-ellipsis"&gt;A spacious executive desk with storage drawers.&lt;/span&gt;</Text>
      </RunInfo>
      <RunInfo computerName="DESKTOP-RSFFHJT" outcome="Warning" timestamp="2025-05-03T19:38:08.1256560-04:00">
        <Text>2025-05-03T23:38:08.124Z pw:api waiting for Locator("table[id='vertically-scrolled-table']").Locator("tbody tr").Nth(5).Locator("td[class='  text-end']")</Text>
      </RunInfo>
      <RunInfo computerName="DESKTOP-RSFFHJT" outcome="Warning" timestamp="2025-05-03T19:38:08.1272463-04:00">
        <Text>2025-05-03T23:38:08.126Z pw:api   locator resolved to &lt;td class="  text-end"&gt;$6673.00&lt;/td&gt;</Text>
      </RunInfo>
      <RunInfo computerName="DESKTOP-RSFFHJT" outcome="Warning" timestamp="2025-05-03T19:38:08.1279891-04:00">
        <Text>2025-05-03T23:38:08.127Z pw:api waiting for Locator("table[id='vertically-scrolled-table']").Locator("tbody tr").Nth(6)</Text>
      </RunInfo>
      <RunInfo computerName="DESKTOP-RSFFHJT" outcome="Warning" timestamp="2025-05-03T19:38:08.1295616-04:00">
        <Text>2025-05-03T23:38:08.128Z pw:api   locator resolved to &lt;tr tabindex="-1" id="ember342" class="ember-view   "&gt;ΓÇª&lt;/tr&gt;</Text>
      </RunInfo>
      <RunInfo computerName="DESKTOP-RSFFHJT" outcome="Warning" timestamp="2025-05-03T19:38:08.1301094-04:00">
        <Text>2025-05-03T23:38:08.129Z pw:api waiting for Locator("table[id='vertically-scrolled-table']").Locator("tbody tr").Nth(6).Locator("a")</Text>
      </RunInfo>
      <RunInfo computerName="DESKTOP-RSFFHJT" outcome="Warning" timestamp="2025-05-03T19:38:08.1315334-04:00">
        <Text>2025-05-03T23:38:08.130Z pw:api   locator resolved to &lt;a id="ember346" class="ember-view text-break " href="#/inventory/items/6620000005381006"&gt;Queen Size Bed&lt;/a&gt;</Text>
      </RunInfo>
      <RunInfo computerName="DESKTOP-RSFFHJT" outcome="Warning" timestamp="2025-05-03T19:38:08.1322606-04:00">
        <Text>2025-05-03T23:38:08.131Z pw:api waiting for Locator("table[id='vertically-scrolled-table']").Locator("tbody tr").Nth(6).Locator("td:nth-child(3)")</Text>
      </RunInfo>
      <RunInfo computerName="DESKTOP-RSFFHJT" outcome="Warning" timestamp="2025-05-03T19:38:08.1336703-04:00">
        <Text>2025-05-03T23:38:08.132Z pw:api   locator resolved to &lt;td class=" "&gt;Item 7 sku&lt;/td&gt;</Text>
      </RunInfo>
      <RunInfo computerName="DESKTOP-RSFFHJT" outcome="Warning" timestamp="2025-05-03T19:38:08.1342553-04:00">
        <Text>2025-05-03T23:38:08.133Z pw:api waiting for Locator("table[id='vertically-scrolled-table']").Locator("tbody tr").Nth(6).Locator("td:nth-child(4)")</Text>
      </RunInfo>
      <RunInfo computerName="DESKTOP-RSFFHJT" outcome="Warning" timestamp="2025-05-03T19:38:08.1356420-04:00">
        <Text>2025-05-03T23:38:08.134Z pw:api   locator resolved to &lt;td class=" "&gt;Goods&lt;/td&gt;</Text>
      </RunInfo>
      <RunInfo computerName="DESKTOP-RSFFHJT" outcome="Warning" timestamp="2025-05-03T19:38:08.1362389-04:00">
        <Text>2025-05-03T23:38:08.135Z pw:api waiting for Locator("table[id='vertically-scrolled-table']").Locator("tbody tr").Nth(6).Locator("td span[class='text-ellipsis']")</Text>
      </RunInfo>
      <RunInfo computerName="DESKTOP-RSFFHJT" outcome="Warning" timestamp="2025-05-03T19:38:08.1376865-04:00">
        <Text>2025-05-03T23:38:08.136Z pw:api   locator resolved to &lt;span id="a497fe4f1" class="text-ellipsis"&gt;Mid-century wooden double bed. Scandinavian-styleΓÇª&lt;/span&gt;</Text>
      </RunInfo>
      <RunInfo computerName="DESKTOP-RSFFHJT" outcome="Warning" timestamp="2025-05-03T19:38:08.1381726-04:00">
        <Text>2025-05-03T23:38:08.137Z pw:api waiting for Locator("table[id='vertically-scrolled-table']").Locator("tbody tr").Nth(6).Locator("td[class='  text-end']")</Text>
      </RunInfo>
      <RunInfo computerName="DESKTOP-RSFFHJT" outcome="Warning" timestamp="2025-05-03T19:38:08.1395868-04:00">
        <Text>2025-05-03T23:38:08.138Z pw:api   locator resolved to &lt;td class="  text-end"&gt;$6125.00&lt;/td&gt;</Text>
      </RunInfo>
      <RunInfo computerName="DESKTOP-RSFFHJT" outcome="Warning" timestamp="2025-05-03T19:38:08.1402933-04:00">
        <Text>2025-05-03T23:38:08.139Z pw:api waiting for Locator("table[id='vertically-scrolled-table']").Locator("tbody tr").Nth(7)</Text>
      </RunInfo>
      <RunInfo computerName="DESKTOP-RSFFHJT" outcome="Warning" timestamp="2025-05-03T19:38:08.1417188-04:00">
        <Text>2025-05-03T23:38:08.140Z pw:api   locator resolved to &lt;tr tabindex="-1" id="ember348" class="ember-view   "&gt;ΓÇª&lt;/tr&gt;</Text>
      </RunInfo>
      <RunInfo computerName="DESKTOP-RSFFHJT" outcome="Warning" timestamp="2025-05-03T19:38:08.1425420-04:00">
        <Text>2025-05-03T23:38:08.141Z pw:api waiting for Locator("table[id='vertically-scrolled-table']").Locator("tbody tr").Nth(7).Locator("a")</Text>
      </RunInfo>
      <RunInfo computerName="DESKTOP-RSFFHJT" outcome="Warning" timestamp="2025-05-03T19:38:08.1442690-04:00">
        <Text>2025-05-03T23:38:08.143Z pw:api   locator resolved to &lt;a id="ember352" class="ember-view text-break " href="#/inventory/items/6620000005381007"&gt;Coffee Table&lt;/a&gt;</Text>
      </RunInfo>
      <RunInfo computerName="DESKTOP-RSFFHJT" outcome="Warning" timestamp="2025-05-03T19:38:08.1447743-04:00">
        <Text>2025-05-03T23:38:08.143Z pw:api waiting for Locator("table[id='vertically-scrolled-table']").Locator("tbody tr").Nth(7).Locator("td:nth-child(3)")</Text>
      </RunInfo>
      <RunInfo computerName="DESKTOP-RSFFHJT" outcome="Warning" timestamp="2025-05-03T19:38:08.1463956-04:00">
        <Text>2025-05-03T23:38:08.145Z pw:api   locator resolved to &lt;td class=" "&gt;Item 8 sku&lt;/td&gt;</Text>
      </RunInfo>
      <RunInfo computerName="DESKTOP-RSFFHJT" outcome="Warning" timestamp="2025-05-03T19:38:08.1470400-04:00">
        <Text>2025-05-03T23:38:08.146Z pw:api waiting for Locator("table[id='vertically-scrolled-table']").Locator("tbody tr").Nth(7).Locator("td:nth-child(4)")</Text>
      </RunInfo>
      <RunInfo computerName="DESKTOP-RSFFHJT" outcome="Warning" timestamp="2025-05-03T19:38:08.1484111-04:00">
        <Text>2025-05-03T23:38:08.147Z pw:api   locator resolved to &lt;td class=" "&gt;Goods&lt;/td&gt;</Text>
      </RunInfo>
      <RunInfo computerName="DESKTOP-RSFFHJT" outcome="Warning" timestamp="2025-05-03T19:38:08.1490381-04:00">
        <Text>2025-05-03T23:38:08.148Z pw:api waiting for Locator("table[id='vertically-scrolled-table']").Locator("tbody tr").Nth(7).Locator("td span[class='text-ellipsis']")</Text>
      </RunInfo>
      <RunInfo computerName="DESKTOP-RSFFHJT" outcome="Warning" timestamp="2025-05-03T19:38:08.1505079-04:00">
        <Text>2025-05-03T23:38:08.149Z pw:api   locator resolved to &lt;span id="a08f5d793" class="text-ellipsis"&gt;A sleek, modern coffee table with a glass top.&lt;/span&gt;</Text>
      </RunInfo>
      <RunInfo computerName="DESKTOP-RSFFHJT" outcome="Warning" timestamp="2025-05-03T19:38:08.1511510-04:00">
        <Text>2025-05-03T23:38:08.150Z pw:api waiting for Locator("table[id='vertically-scrolled-table']").Locator("tbody tr").Nth(7).Locator("td[class='  text-end']")</Text>
      </RunInfo>
      <RunInfo computerName="DESKTOP-RSFFHJT" outcome="Warning" timestamp="2025-05-03T19:38:08.1524840-04:00">
        <Text>2025-05-03T23:38:08.151Z pw:api   locator resolved to &lt;td class="  text-end"&gt;$8810.00&lt;/td&gt;</Text>
      </RunInfo>
      <RunInfo computerName="DESKTOP-RSFFHJT" outcome="Warning" timestamp="2025-05-03T19:38:08.1530249-04:00">
        <Text>2025-05-03T23:38:08.152Z pw:api waiting for Locator("table[id='vertically-scrolled-table']").Locator("tbody tr").Nth(8)</Text>
      </RunInfo>
      <RunInfo computerName="DESKTOP-RSFFHJT" outcome="Warning" timestamp="2025-05-03T19:38:08.1543034-04:00">
        <Text>2025-05-03T23:38:08.153Z pw:api   locator resolved to &lt;tr tabindex="-1" id="ember354" class="ember-view   "&gt;ΓÇª&lt;/tr&gt;</Text>
      </RunInfo>
      <RunInfo computerName="DESKTOP-RSFFHJT" outcome="Warning" timestamp="2025-05-03T19:38:08.1548162-04:00">
        <Text>2025-05-03T23:38:08.153Z pw:api waiting for Locator("table[id='vertically-scrolled-table']").Locator("tbody tr").Nth(8).Locator("a")</Text>
      </RunInfo>
      <RunInfo computerName="DESKTOP-RSFFHJT" outcome="Warning" timestamp="2025-05-03T19:38:08.1563057-04:00">
        <Text>2025-05-03T23:38:08.155Z pw:api   locator resolved to &lt;a id="ember358" class="ember-view text-break " href="#/inventory/items/6620000005381008"&gt;Composite Item 0&lt;/a&gt;</Text>
      </RunInfo>
      <RunInfo computerName="DESKTOP-RSFFHJT" outcome="Warning" timestamp="2025-05-03T19:38:08.1569362-04:00">
        <Text>2025-05-03T23:38:08.155Z pw:api waiting for Locator("table[id='vertically-scrolled-table']").Locator("tbody tr").Nth(8).Locator("td:nth-child(3)")</Text>
      </RunInfo>
      <RunInfo computerName="DESKTOP-RSFFHJT" outcome="Warning" timestamp="2025-05-03T19:38:08.1585114-04:00">
        <Text>2025-05-03T23:38:08.157Z pw:api   locator resolved to &lt;td class=" "&gt;66696&lt;/td&gt;</Text>
      </RunInfo>
      <RunInfo computerName="DESKTOP-RSFFHJT" outcome="Warning" timestamp="2025-05-03T19:38:08.1592187-04:00">
        <Text>2025-05-03T23:38:08.158Z pw:api waiting for Locator("table[id='vertically-scrolled-table']").Locator("tbody tr").Nth(8).Locator("td:nth-child(4)")</Text>
      </RunInfo>
      <RunInfo computerName="DESKTOP-RSFFHJT" outcome="Warning" timestamp="2025-05-03T19:38:08.1607908-04:00">
        <Text>2025-05-03T23:38:08.159Z pw:api   locator resolved to &lt;td class=" "&gt;Goods&lt;/td&gt;</Text>
      </RunInfo>
      <RunInfo computerName="DESKTOP-RSFFHJT" outcome="Warning" timestamp="2025-05-03T19:38:08.1614485-04:00">
        <Text>2025-05-03T23:38:08.160Z pw:api waiting for Locator("table[id='vertically-scrolled-table']").Locator("tbody tr").Nth(8).Locator("td span[class='text-ellipsis']")</Text>
      </RunInfo>
      <RunInfo computerName="DESKTOP-RSFFHJT" outcome="Warning" timestamp="2025-05-03T19:38:08.1628361-04:00">
        <Text>2025-05-03T23:38:08.161Z pw:api   locator resolved to &lt;span id="ad95d23b0" class="text-ellipsis"&gt;Fuga iste architecto quo eos tempora. Autem volupΓÇª&lt;/span&gt;</Text>
      </RunInfo>
      <RunInfo computerName="DESKTOP-RSFFHJT" outcome="Warning" timestamp="2025-05-03T19:38:08.1636296-04:00">
        <Text>2025-05-03T23:38:08.162Z pw:api waiting for Locator("table[id='vertically-scrolled-table']").Locator("tbody tr").Nth(8).Locator("td[class='  text-end']")</Text>
      </RunInfo>
      <RunInfo computerName="DESKTOP-RSFFHJT" outcome="Warning" timestamp="2025-05-03T19:38:08.1649936-04:00">
        <Text>2025-05-03T23:38:08.164Z pw:api   locator resolved to &lt;td class="  text-end"&gt;$971.00&lt;/td&gt;</Text>
      </RunInfo>
      <RunInfo computerName="DESKTOP-RSFFHJT" outcome="Warning" timestamp="2025-05-03T19:38:08.1655057-04:00">
        <Text>2025-05-03T23:38:08.164Z pw:api waiting for Locator("table[id='vertically-scrolled-table']").Locator("tbody tr").Nth(9)</Text>
      </RunInfo>
      <RunInfo computerName="DESKTOP-RSFFHJT" outcome="Warning" timestamp="2025-05-03T19:38:08.1667410-04:00">
        <Text>2025-05-03T23:38:08.165Z pw:api   locator resolved to &lt;tr tabindex="-1" id="ember360" class="ember-view   "&gt;ΓÇª&lt;/tr&gt;</Text>
      </RunInfo>
      <RunInfo computerName="DESKTOP-RSFFHJT" outcome="Warning" timestamp="2025-05-03T19:38:08.1672762-04:00">
        <Text>2025-05-03T23:38:08.166Z pw:api waiting for Locator("table[id='vertically-scrolled-table']").Locator("tbody tr").Nth(9).Locator("a")</Text>
      </RunInfo>
      <RunInfo computerName="DESKTOP-RSFFHJT" outcome="Warning" timestamp="2025-05-03T19:38:08.1685706-04:00">
        <Text>2025-05-03T23:38:08.167Z pw:api   locator resolved to &lt;a id="ember364" class="ember-view text-break " href="#/inventory/items/6620000005381009"&gt;Composite Item 1&lt;/a&gt;</Text>
      </RunInfo>
      <RunInfo computerName="DESKTOP-RSFFHJT" outcome="Warning" timestamp="2025-05-03T19:38:08.1691196-04:00">
        <Text>2025-05-03T23:38:08.168Z pw:api waiting for Locator("table[id='vertically-scrolled-table']").Locator("tbody tr").Nth(9).Locator("td:nth-child(3)")</Text>
      </RunInfo>
      <RunInfo computerName="DESKTOP-RSFFHJT" outcome="Warning" timestamp="2025-05-03T19:38:08.1705855-04:00">
        <Text>2025-05-03T23:38:08.169Z pw:api   locator resolved to &lt;td class=" "&gt;66696&lt;/td&gt;</Text>
      </RunInfo>
      <RunInfo computerName="DESKTOP-RSFFHJT" outcome="Warning" timestamp="2025-05-03T19:38:08.1712217-04:00">
        <Text>2025-05-03T23:38:08.170Z pw:api waiting for Locator("table[id='vertically-scrolled-table']").Locator("tbody tr").Nth(9).Locator("td:nth-child(4)")</Text>
      </RunInfo>
      <RunInfo computerName="DESKTOP-RSFFHJT" outcome="Warning" timestamp="2025-05-03T19:38:08.1727015-04:00">
        <Text>2025-05-03T23:38:08.171Z pw:api   locator resolved to &lt;td class=" "&gt;Goods&lt;/td&gt;</Text>
      </RunInfo>
      <RunInfo computerName="DESKTOP-RSFFHJT" outcome="Warning" timestamp="2025-05-03T19:38:08.1732956-04:00">
        <Text>2025-05-03T23:38:08.172Z pw:api waiting for Locator("table[id='vertically-scrolled-table']").Locator("tbody tr").Nth(9).Locator("td span[class='text-ellipsis']")</Text>
      </RunInfo>
      <RunInfo computerName="DESKTOP-RSFFHJT" outcome="Warning" timestamp="2025-05-03T19:38:08.1748315-04:00">
        <Text>2025-05-03T23:38:08.173Z pw:api   locator resolved to &lt;span id="a9f084c35" class="text-ellipsis"&gt;Fuga iste architecto quo eos tempora. Autem volupΓÇª&lt;/span&gt;</Text>
      </RunInfo>
      <RunInfo computerName="DESKTOP-RSFFHJT" outcome="Warning" timestamp="2025-05-03T19:38:08.1755464-04:00">
        <Text>2025-05-03T23:38:08.174Z pw:api waiting for Locator("table[id='vertically-scrolled-table']").Locator("tbody tr").Nth(9).Locator("td[class='  text-end']")</Text>
      </RunInfo>
      <RunInfo computerName="DESKTOP-RSFFHJT" outcome="Warning" timestamp="2025-05-03T19:38:08.1772712-04:00">
        <Text>2025-05-03T23:38:08.176Z pw:api   locator resolved to &lt;td class="  text-end"&gt;$80.00&lt;/td&gt;</Text>
      </RunInfo>
      <RunInfo computerName="DESKTOP-RSFFHJT" outcome="Warning" timestamp="2025-05-03T19:38:08.1778809-04:00">
        <Text>2025-05-03T23:38:08.176Z pw:api waiting for Locator("table[id='vertically-scrolled-table']").Locator("tbody tr").Nth(10)</Text>
      </RunInfo>
      <RunInfo computerName="DESKTOP-RSFFHJT" outcome="Warning" timestamp="2025-05-03T19:38:08.1792802-04:00">
        <Text>2025-05-03T23:38:08.178Z pw:api   locator resolved to &lt;tr tabindex="-1" id="ember366" class="ember-view   "&gt;ΓÇª&lt;/tr&gt;</Text>
      </RunInfo>
      <RunInfo computerName="DESKTOP-RSFFHJT" outcome="Warning" timestamp="2025-05-03T19:38:08.1800340-04:00">
        <Text>2025-05-03T23:38:08.178Z pw:api waiting for Locator("table[id='vertically-scrolled-table']").Locator("tbody tr").Nth(10).Locator("a")</Text>
      </RunInfo>
      <RunInfo computerName="DESKTOP-RSFFHJT" outcome="Warning" timestamp="2025-05-03T19:38:08.1813592-04:00">
        <Text>2025-05-03T23:38:08.180Z pw:api   locator resolved to &lt;a id="ember370" class="ember-view text-break " href="#/inventory/items/6620000005381010"&gt;Composite Item 2&lt;/a&gt;</Text>
      </RunInfo>
      <RunInfo computerName="DESKTOP-RSFFHJT" outcome="Warning" timestamp="2025-05-03T19:38:08.1819250-04:00">
        <Text>2025-05-03T23:38:08.180Z pw:api waiting for Locator("table[id='vertically-scrolled-table']").Locator("tbody tr").Nth(10).Locator("td:nth-child(3)")</Text>
      </RunInfo>
      <RunInfo computerName="DESKTOP-RSFFHJT" outcome="Warning" timestamp="2025-05-03T19:38:08.1832248-04:00">
        <Text>2025-05-03T23:38:08.182Z pw:api   locator resolved to &lt;td class=" "&gt;66696&lt;/td&gt;</Text>
      </RunInfo>
      <RunInfo computerName="DESKTOP-RSFFHJT" outcome="Warning" timestamp="2025-05-03T19:38:08.1838459-04:00">
        <Text>2025-05-03T23:38:08.182Z pw:api waiting for Locator("table[id='vertically-scrolled-table']").Locator("tbody tr").Nth(10).Locator("td:nth-child(4)")</Text>
      </RunInfo>
      <RunInfo computerName="DESKTOP-RSFFHJT" outcome="Warning" timestamp="2025-05-03T19:38:08.1852799-04:00">
        <Text>2025-05-03T23:38:08.184Z pw:api   locator resolved to &lt;td class=" "&gt;Goods&lt;/td&gt;</Text>
      </RunInfo>
      <RunInfo computerName="DESKTOP-RSFFHJT" outcome="Warning" timestamp="2025-05-03T19:38:08.1857516-04:00">
        <Text>2025-05-03T23:38:08.184Z pw:api waiting for Locator("table[id='vertically-scrolled-table']").Locator("tbody tr").Nth(10).Locator("td span[class='text-ellipsis']")</Text>
      </RunInfo>
      <RunInfo computerName="DESKTOP-RSFFHJT" outcome="Warning" timestamp="2025-05-03T19:38:08.1871091-04:00">
        <Text>2025-05-03T23:38:08.186Z pw:api   locator resolved to &lt;span id="a11a3c59d" class="text-ellipsis"&gt;Fuga iste architecto quo eos tempora. Autem volupΓÇª&lt;/span&gt;</Text>
      </RunInfo>
      <RunInfo computerName="DESKTOP-RSFFHJT" outcome="Warning" timestamp="2025-05-03T19:38:08.1899087-04:00">
        <Text>2025-05-03T23:38:08.188Z pw:api waiting for Locator("table[id='vertically-scrolled-table']").Locator("tbody tr").Nth(10).Locator("td[class='  text-end']")</Text>
      </RunInfo>
      <RunInfo computerName="DESKTOP-RSFFHJT" outcome="Warning" timestamp="2025-05-03T19:38:08.1913690-04:00">
        <Text>2025-05-03T23:38:08.190Z pw:api   locator resolved to &lt;td class="  text-end"&gt;$737.00&lt;/td&gt;</Text>
      </RunInfo>
      <RunInfo computerName="DESKTOP-RSFFHJT" outcome="Warning" timestamp="2025-05-03T19:38:08.1921647-04:00">
        <Text>2025-05-03T23:38:08.191Z pw:api waiting for Locator("table[id='vertically-scrolled-table']").Locator("tbody tr").Nth(11)</Text>
      </RunInfo>
      <RunInfo computerName="DESKTOP-RSFFHJT" outcome="Warning" timestamp="2025-05-03T19:38:08.1937377-04:00">
        <Text>2025-05-03T23:38:08.192Z pw:api   locator resolved to &lt;tr tabindex="-1" id="ember372" class="ember-view   "&gt;ΓÇª&lt;/tr&gt;</Text>
      </RunInfo>
      <RunInfo computerName="DESKTOP-RSFFHJT" outcome="Warning" timestamp="2025-05-03T19:38:08.1943957-04:00">
        <Text>2025-05-03T23:38:08.193Z pw:api waiting for Locator("table[id='vertically-scrolled-table']").Locator("tbody tr").Nth(11).Locator("a")</Text>
      </RunInfo>
      <RunInfo computerName="DESKTOP-RSFFHJT" outcome="Warning" timestamp="2025-05-03T19:38:08.1964016-04:00">
        <Text>2025-05-03T23:38:08.195Z pw:api   locator resolved to &lt;a id="ember376" class="ember-view text-break " href="#/inventory/items/6620000005381011"&gt;Composite Item 3&lt;/a&gt;</Text>
      </RunInfo>
      <RunInfo computerName="DESKTOP-RSFFHJT" outcome="Warning" timestamp="2025-05-03T19:38:08.1969877-04:00">
        <Text>2025-05-03T23:38:08.196Z pw:api waiting for Locator("table[id='vertically-scrolled-table']").Locator("tbody tr").Nth(11).Locator("td:nth-child(3)")</Text>
      </RunInfo>
      <RunInfo computerName="DESKTOP-RSFFHJT" outcome="Warning" timestamp="2025-05-03T19:38:08.1984848-04:00">
        <Text>2025-05-03T23:38:08.197Z pw:api   locator resolved to &lt;td class=" "&gt;66696&lt;/td&gt;</Text>
      </RunInfo>
      <RunInfo computerName="DESKTOP-RSFFHJT" outcome="Warning" timestamp="2025-05-03T19:38:08.1991726-04:00">
        <Text>2025-05-03T23:38:08.198Z pw:api waiting for Locator("table[id='vertically-scrolled-table']").Locator("tbody tr").Nth(11).Locator("td:nth-child(4)")</Text>
      </RunInfo>
      <RunInfo computerName="DESKTOP-RSFFHJT" outcome="Warning" timestamp="2025-05-03T19:38:08.2005710-04:00">
        <Text>2025-05-03T23:38:08.199Z pw:api   locator resolved to &lt;td class=" "&gt;Goods&lt;/td&gt;</Text>
      </RunInfo>
      <RunInfo computerName="DESKTOP-RSFFHJT" outcome="Warning" timestamp="2025-05-03T19:38:08.2013422-04:00">
        <Text>2025-05-03T23:38:08.200Z pw:api waiting for Locator("table[id='vertically-scrolled-table']").Locator("tbody tr").Nth(11).Locator("td span[class='text-ellipsis']")</Text>
      </RunInfo>
      <RunInfo computerName="DESKTOP-RSFFHJT" outcome="Warning" timestamp="2025-05-03T19:38:08.2026499-04:00">
        <Text>2025-05-03T23:38:08.201Z pw:api   locator resolved to &lt;span id="a6e5ef512" class="text-ellipsis"&gt;Fuga iste architecto quo eos tempora. Autem volupΓÇª&lt;/span&gt;</Text>
      </RunInfo>
      <RunInfo computerName="DESKTOP-RSFFHJT" outcome="Warning" timestamp="2025-05-03T19:38:08.2033036-04:00">
        <Text>2025-05-03T23:38:08.202Z pw:api waiting for Locator("table[id='vertically-scrolled-table']").Locator("tbody tr").Nth(11).Locator("td[class='  text-end']")</Text>
      </RunInfo>
      <RunInfo computerName="DESKTOP-RSFFHJT" outcome="Warning" timestamp="2025-05-03T19:38:08.2051054-04:00">
        <Text>2025-05-03T23:38:08.204Z pw:api   locator resolved to &lt;td class="  text-end"&gt;$38.00&lt;/td&gt;</Text>
      </RunInfo>
      <RunInfo computerName="DESKTOP-RSFFHJT" outcome="Warning" timestamp="2025-05-03T19:38:08.2057498-04:00">
        <Text>2025-05-03T23:38:08.204Z pw:api waiting for Locator("table[id='vertically-scrolled-table']").Locator("tbody tr").Nth(12)</Text>
      </RunInfo>
      <RunInfo computerName="DESKTOP-RSFFHJT" outcome="Warning" timestamp="2025-05-03T19:38:08.2072261-04:00">
        <Text>2025-05-03T23:38:08.206Z pw:api   locator resolved to &lt;tr tabindex="-1" id="ember378" class="ember-view   "&gt;ΓÇª&lt;/tr&gt;</Text>
      </RunInfo>
      <RunInfo computerName="DESKTOP-RSFFHJT" outcome="Warning" timestamp="2025-05-03T19:38:08.2080606-04:00">
        <Text>2025-05-03T23:38:08.207Z pw:api waiting for Locator("table[id='vertically-scrolled-table']").Locator("tbody tr").Nth(12).Locator("a")</Text>
      </RunInfo>
      <RunInfo computerName="DESKTOP-RSFFHJT" outcome="Warning" timestamp="2025-05-03T19:38:08.2099176-04:00">
        <Text>2025-05-03T23:38:08.208Z pw:api   locator resolved to &lt;a id="ember382" class="ember-view text-break " href="#/inventory/items/6620000005381012"&gt;Composite Item 4&lt;/a&gt;</Text>
      </RunInfo>
      <RunInfo computerName="DESKTOP-RSFFHJT" outcome="Warning" timestamp="2025-05-03T19:38:08.2106926-04:00">
        <Text>2025-05-03T23:38:08.209Z pw:api waiting for Locator("table[id='vertically-scrolled-table']").Locator("tbody tr").Nth(12).Locator("td:nth-child(3)")</Text>
      </RunInfo>
      <RunInfo computerName="DESKTOP-RSFFHJT" outcome="Warning" timestamp="2025-05-03T19:38:08.2127096-04:00">
        <Text>2025-05-03T23:38:08.211Z pw:api   locator resolved to &lt;td class=" "&gt;66696&lt;/td&gt;</Text>
      </RunInfo>
      <RunInfo computerName="DESKTOP-RSFFHJT" outcome="Warning" timestamp="2025-05-03T19:38:08.2133794-04:00">
        <Text>2025-05-03T23:38:08.212Z pw:api waiting for Locator("table[id='vertically-scrolled-table']").Locator("tbody tr").Nth(12).Locator("td:nth-child(4)")</Text>
      </RunInfo>
      <RunInfo computerName="DESKTOP-RSFFHJT" outcome="Warning" timestamp="2025-05-03T19:38:08.2148349-04:00">
        <Text>2025-05-03T23:38:08.213Z pw:api   locator resolved to &lt;td class=" "&gt;Goods&lt;/td&gt;</Text>
      </RunInfo>
      <RunInfo computerName="DESKTOP-RSFFHJT" outcome="Warning" timestamp="2025-05-03T19:38:08.2156359-04:00">
        <Text>2025-05-03T23:38:08.214Z pw:api waiting for Locator("table[id='vertically-scrolled-table']").Locator("tbody tr").Nth(12).Locator("td span[class='text-ellipsis']")</Text>
      </RunInfo>
      <RunInfo computerName="DESKTOP-RSFFHJT" outcome="Warning" timestamp="2025-05-03T19:38:08.2175861-04:00">
        <Text>2025-05-03T23:38:08.216Z pw:api   locator resolved to &lt;span id="a510ccce5" class="text-ellipsis"&gt;Fuga iste architecto quo eos tempora. Autem volupΓÇª&lt;/span&gt;</Text>
      </RunInfo>
      <RunInfo computerName="DESKTOP-RSFFHJT" outcome="Warning" timestamp="2025-05-03T19:38:08.2184164-04:00">
        <Text>2025-05-03T23:38:08.217Z pw:api waiting for Locator("table[id='vertically-scrolled-table']").Locator("tbody tr").Nth(12).Locator("td[class='  text-end']")</Text>
      </RunInfo>
      <RunInfo computerName="DESKTOP-RSFFHJT" outcome="Warning" timestamp="2025-05-03T19:38:08.2198557-04:00">
        <Text>2025-05-03T23:38:08.218Z pw:api   locator resolved to &lt;td class="  text-end"&gt;$40.00&lt;/td&gt;</Text>
      </RunInfo>
      <RunInfo computerName="DESKTOP-RSFFHJT" outcome="Warning" timestamp="2025-05-03T19:38:08.2212975-04:00">
        <Text>2025-05-03T23:38:08.220Z pw:api waiting for Locator("button[class='btn btn-primary']")</Text>
      </RunInfo>
      <RunInfo computerName="DESKTOP-RSFFHJT" outcome="Warning" timestamp="2025-05-03T19:38:08.2232109-04:00">
        <Text>2025-05-03T23:38:08.222Z pw:api   locator resolved to &lt;button data-ember-action="" class="btn btn-primary" data-ember-action-260="260"&gt;ΓÇª&lt;/button&gt;</Text>
      </RunInfo>
      <RunInfo computerName="DESKTOP-RSFFHJT" outcome="Warning" timestamp="2025-05-03T19:38:08.2239003-04:00">
        <Text>2025-05-03T23:38:08.222Z pw:api attempting click action</Text>
      </RunInfo>
      <RunInfo computerName="DESKTOP-RSFFHJT" outcome="Warning" timestamp="2025-05-03T19:38:08.2239557-04:00">
        <Text>2025-05-03T23:38:08.222Z pw:api   waiting for element to be visible, enabled and stable</Text>
      </RunInfo>
      <RunInfo computerName="DESKTOP-RSFFHJT" outcome="Warning" timestamp="2025-05-03T19:38:08.2418490-04:00">
        <Text>2025-05-03T23:38:08.240Z pw:api   element is visible, enabled and stable</Text>
      </RunInfo>
      <RunInfo computerName="DESKTOP-RSFFHJT" outcome="Warning" timestamp="2025-05-03T19:38:08.2418552-04:00">
        <Text>2025-05-03T23:38:08.240Z pw:api   scrolling into view if needed</Text>
      </RunInfo>
      <RunInfo computerName="DESKTOP-RSFFHJT" outcome="Warning" timestamp="2025-05-03T19:38:08.2421763-04:00">
        <Text>2025-05-03T23:38:08.241Z pw:api   done scrolling</Text>
      </RunInfo>
      <RunInfo computerName="DESKTOP-RSFFHJT" outcome="Warning" timestamp="2025-05-03T19:38:08.2442609-04:00">
        <Text>2025-05-03T23:38:08.243Z pw:api   performing click action</Text>
      </RunInfo>
      <RunInfo computerName="DESKTOP-RSFFHJT" outcome="Warning" timestamp="2025-05-03T19:38:08.2611677-04:00">
        <Text>2025-05-03T23:38:08.259Z pw:api   click action done</Text>
      </RunInfo>
      <RunInfo computerName="DESKTOP-RSFFHJT" outcome="Warning" timestamp="2025-05-03T19:38:08.2611774-04:00">
        <Text>2025-05-03T23:38:08.259Z pw:api   waiting for scheduled navigations to finish</Text>
      </RunInfo>
      <RunInfo computerName="DESKTOP-RSFFHJT" outcome="Warning" timestamp="2025-05-03T19:38:08.2613793-04:00">
        <Text>2025-05-03T23:38:08.260Z pw:api   navigations have finished</Text>
      </RunInfo>
      <RunInfo computerName="DESKTOP-RSFFHJT" outcome="Warning" timestamp="2025-05-03T19:38:08.2644586-04:00">
        <Text>2025-05-03T23:38:08.263Z pw:api waiting for Locator("input[value='goods']")</Text>
      </RunInfo>
      <RunInfo computerName="DESKTOP-RSFFHJT" outcome="Warning" timestamp="2025-05-03T19:38:08.6630035-04:00">
        <Text>2025-05-03T23:38:08.661Z pw:api   navigated to "https://www.zoho.com/ca/inventory/inventory-software-demo/#/inventory/items/new"</Text>
      </RunInfo>
      <RunInfo computerName="DESKTOP-RSFFHJT" outcome="Warning" timestamp="2025-05-03T19:38:09.0791676-04:00">
        <Text>2025-05-03T23:38:09.078Z pw:api   locator resolved to &lt;input type="radio" value="goods" id="ad9258b17" name="productType" class="ember-view form-check-input"/&gt;</Text>
      </RunInfo>
      <RunInfo computerName="DESKTOP-RSFFHJT" outcome="Warning" timestamp="2025-05-03T19:38:09.0796403-04:00">
        <Text>2025-05-03T23:38:09.078Z pw:api attempting click action</Text>
      </RunInfo>
      <RunInfo computerName="DESKTOP-RSFFHJT" outcome="Warning" timestamp="2025-05-03T19:38:09.0796671-04:00">
        <Text>2025-05-03T23:38:09.078Z pw:api   waiting for element to be visible, enabled and stable</Text>
      </RunInfo>
      <RunInfo computerName="DESKTOP-RSFFHJT" outcome="Warning" timestamp="2025-05-03T19:38:09.0918855-04:00">
        <Text>2025-05-03T23:38:09.090Z pw:api   element is visible, enabled and stable</Text>
      </RunInfo>
      <RunInfo computerName="DESKTOP-RSFFHJT" outcome="Warning" timestamp="2025-05-03T19:38:09.0918959-04:00">
        <Text>2025-05-03T23:38:09.090Z pw:api   scrolling into view if needed</Text>
      </RunInfo>
      <RunInfo computerName="DESKTOP-RSFFHJT" outcome="Warning" timestamp="2025-05-03T19:38:09.0921696-04:00">
        <Text>2025-05-03T23:38:09.091Z pw:api   done scrolling</Text>
      </RunInfo>
      <RunInfo computerName="DESKTOP-RSFFHJT" outcome="Warning" timestamp="2025-05-03T19:38:09.0938824-04:00">
        <Text>2025-05-03T23:38:09.092Z pw:api   performing click action</Text>
      </RunInfo>
      <RunInfo computerName="DESKTOP-RSFFHJT" outcome="Warning" timestamp="2025-05-03T19:38:09.1021573-04:00">
        <Text>2025-05-03T23:38:09.100Z pw:api   click action done</Text>
      </RunInfo>
      <RunInfo computerName="DESKTOP-RSFFHJT" outcome="Warning" timestamp="2025-05-03T19:38:09.1021646-04:00">
        <Text>2025-05-03T23:38:09.100Z pw:api   waiting for scheduled navigations to finish</Text>
      </RunInfo>
      <RunInfo computerName="DESKTOP-RSFFHJT" outcome="Warning" timestamp="2025-05-03T19:38:09.1021691-04:00">
        <Text>2025-05-03T23:38:09.100Z pw:api   navigations have finished</Text>
      </RunInfo>
      <RunInfo computerName="DESKTOP-RSFFHJT" outcome="Warning" timestamp="2025-05-03T19:38:09.1051795-04:00">
        <Text>2025-05-03T23:38:09.104Z pw:api waiting for Locator("div[class='form-group'] input")</Text>
      </RunInfo>
      <RunInfo computerName="DESKTOP-RSFFHJT" outcome="Warning" timestamp="2025-05-03T19:38:09.1074688-04:00">
        <Text>2025-05-03T23:38:09.106Z pw:api   locator resolved to &lt;input type="text" autofocus="" id="ember390" class="form-control ember-text-field ember-view"/&gt;</Text>
      </RunInfo>
      <RunInfo computerName="DESKTOP-RSFFHJT" outcome="Warning" timestamp="2025-05-03T19:38:09.1084068-04:00">
        <Text>2025-05-03T23:38:09.107Z pw:api   fill("TemporaryName")</Text>
      </RunInfo>
      <RunInfo computerName="DESKTOP-RSFFHJT" outcome="Warning" timestamp="2025-05-03T19:38:09.1084291-04:00">
        <Text>2025-05-03T23:38:09.107Z pw:api attempting fill action</Text>
      </RunInfo>
      <RunInfo computerName="DESKTOP-RSFFHJT" outcome="Warning" timestamp="2025-05-03T19:38:09.1085329-04:00">
        <Text>2025-05-03T23:38:09.107Z pw:api   waiting for element to be visible, enabled and editable</Text>
      </RunInfo>
      <RunInfo computerName="DESKTOP-RSFFHJT" outcome="Warning" timestamp="2025-05-03T19:38:09.1176159-04:00">
        <Text>2025-05-03T23:38:09.116Z pw:api waiting for Locator("//label[@class='col-lg-3 col-form-label' and contains(string(), 'SKU')]//following-sibling::div//descendant::input")</Text>
      </RunInfo>
      <RunInfo computerName="DESKTOP-RSFFHJT" outcome="Warning" timestamp="2025-05-03T19:38:09.1196652-04:00">
        <Text>2025-05-03T23:38:09.118Z pw:api   locator resolved to &lt;input type="text" id="ember391" class="ember-text-field ember-view form-control"/&gt;</Text>
      </RunInfo>
      <RunInfo computerName="DESKTOP-RSFFHJT" outcome="Warning" timestamp="2025-05-03T19:38:09.1202304-04:00">
        <Text>2025-05-03T23:38:09.119Z pw:api   fill("item 99 sku")</Text>
      </RunInfo>
      <RunInfo computerName="DESKTOP-RSFFHJT" outcome="Warning" timestamp="2025-05-03T19:38:09.1202375-04:00">
        <Text>2025-05-03T23:38:09.119Z pw:api attempting fill action</Text>
      </RunInfo>
      <RunInfo computerName="DESKTOP-RSFFHJT" outcome="Warning" timestamp="2025-05-03T19:38:09.1202602-04:00">
        <Text>2025-05-03T23:38:09.119Z pw:api   waiting for element to be visible, enabled and editable</Text>
      </RunInfo>
      <RunInfo computerName="DESKTOP-RSFFHJT" outcome="Warning" timestamp="2025-05-03T19:38:09.1287448-04:00">
        <Text>2025-05-03T23:38:09.127Z pw:api waiting for Locator("//label[@class='col-lg-3 col-form-label' and contains(string(), 'Unit')]//following-sibling::div")</Text>
      </RunInfo>
      <RunInfo computerName="DESKTOP-RSFFHJT" outcome="Warning" timestamp="2025-05-03T19:38:09.1307114-04:00">
        <Text>2025-05-03T23:38:09.129Z pw:api   locator resolved to &lt;div class="col-lg-8"&gt;ΓÇª&lt;/div&gt;</Text>
      </RunInfo>
      <RunInfo computerName="DESKTOP-RSFFHJT" outcome="Warning" timestamp="2025-05-03T19:38:09.1312915-04:00">
        <Text>2025-05-03T23:38:09.130Z pw:api attempting click action</Text>
      </RunInfo>
      <RunInfo computerName="DESKTOP-RSFFHJT" outcome="Warning" timestamp="2025-05-03T19:38:09.1313434-04:00">
        <Text>2025-05-03T23:38:09.130Z pw:api   waiting for element to be visible, enabled and stable</Text>
      </RunInfo>
      <RunInfo computerName="DESKTOP-RSFFHJT" outcome="Warning" timestamp="2025-05-03T19:38:09.1587951-04:00">
        <Text>2025-05-03T23:38:09.157Z pw:api   element is visible, enabled and stable</Text>
      </RunInfo>
      <RunInfo computerName="DESKTOP-RSFFHJT" outcome="Warning" timestamp="2025-05-03T19:38:09.1588044-04:00">
        <Text>2025-05-03T23:38:09.157Z pw:api   scrolling into view if needed</Text>
      </RunInfo>
      <RunInfo computerName="DESKTOP-RSFFHJT" outcome="Warning" timestamp="2025-05-03T19:38:09.1591650-04:00">
        <Text>2025-05-03T23:38:09.158Z pw:api   done scrolling</Text>
      </RunInfo>
      <RunInfo computerName="DESKTOP-RSFFHJT" outcome="Warning" timestamp="2025-05-03T19:38:09.1616255-04:00">
        <Text>2025-05-03T23:38:09.160Z pw:api   performing click action</Text>
      </RunInfo>
      <RunInfo computerName="DESKTOP-RSFFHJT" outcome="Warning" timestamp="2025-05-03T19:38:09.1795900-04:00">
        <Text>2025-05-03T23:38:09.178Z pw:api   click action done</Text>
      </RunInfo>
      <RunInfo computerName="DESKTOP-RSFFHJT" outcome="Warning" timestamp="2025-05-03T19:38:09.1796280-04:00">
        <Text>2025-05-03T23:38:09.178Z pw:api   waiting for scheduled navigations to finish</Text>
      </RunInfo>
      <RunInfo computerName="DESKTOP-RSFFHJT" outcome="Warning" timestamp="2025-05-03T19:38:09.1797429-04:00">
        <Text>2025-05-03T23:38:09.178Z pw:api   navigations have finished</Text>
      </RunInfo>
      <RunInfo computerName="DESKTOP-RSFFHJT" outcome="Warning" timestamp="2025-05-03T19:38:09.1808340-04:00">
        <Text>2025-05-03T23:38:09.179Z pw:api waiting for Locator("div[title='PAIRS']")</Text>
      </RunInfo>
      <RunInfo computerName="DESKTOP-RSFFHJT" outcome="Warning" timestamp="2025-05-03T19:38:09.1835032-04:00">
        <Text>2025-05-03T23:38:09.182Z pw:api   locator resolved to &lt;div title="PAIRS" class="over-flow"&gt;ΓÇª&lt;/div&gt;</Text>
      </RunInfo>
      <RunInfo computerName="DESKTOP-RSFFHJT" outcome="Warning" timestamp="2025-05-03T19:38:09.1843709-04:00">
        <Text>2025-05-03T23:38:09.183Z pw:api attempting click action</Text>
      </RunInfo>
      <RunInfo computerName="DESKTOP-RSFFHJT" outcome="Warning" timestamp="2025-05-03T19:38:09.1844028-04:00">
        <Text>2025-05-03T23:38:09.183Z pw:api   waiting for element to be visible, enabled and stable</Text>
      </RunInfo>
      <RunInfo computerName="DESKTOP-RSFFHJT" outcome="Warning" timestamp="2025-05-03T19:38:09.2087123-04:00">
        <Text>2025-05-03T23:38:09.207Z pw:api   element is visible, enabled and stable</Text>
      </RunInfo>
      <RunInfo computerName="DESKTOP-RSFFHJT" outcome="Warning" timestamp="2025-05-03T19:38:09.2087197-04:00">
        <Text>2025-05-03T23:38:09.207Z pw:api   scrolling into view if needed</Text>
      </RunInfo>
      <RunInfo computerName="DESKTOP-RSFFHJT" outcome="Warning" timestamp="2025-05-03T19:38:09.2094561-04:00">
        <Text>2025-05-03T23:38:09.208Z pw:api   done scrolling</Text>
      </RunInfo>
      <RunInfo computerName="DESKTOP-RSFFHJT" outcome="Warning" timestamp="2025-05-03T19:38:09.2114032-04:00">
        <Text>2025-05-03T23:38:09.210Z pw:api   performing click action</Text>
      </RunInfo>
      <RunInfo computerName="DESKTOP-RSFFHJT" outcome="Warning" timestamp="2025-05-03T19:38:09.2245653-04:00">
        <Text>2025-05-03T23:38:09.223Z pw:api   click action done</Text>
      </RunInfo>
      <RunInfo computerName="DESKTOP-RSFFHJT" outcome="Warning" timestamp="2025-05-03T19:38:09.2245978-04:00">
        <Text>2025-05-03T23:38:09.223Z pw:api   waiting for scheduled navigations to finish</Text>
      </RunInfo>
      <RunInfo computerName="DESKTOP-RSFFHJT" outcome="Warning" timestamp="2025-05-03T19:38:09.2272823-04:00">
        <Text>2025-05-03T23:38:09.226Z pw:api   navigations have finished</Text>
      </RunInfo>
      <RunInfo computerName="DESKTOP-RSFFHJT" outcome="Warning" timestamp="2025-05-03T19:38:09.2302030-04:00">
        <Text>2025-05-03T23:38:09.229Z pw:api waiting for Locator("xpath=(//div[@class='input-group-prepend']//following-sibling::input)[1]")</Text>
      </RunInfo>
      <RunInfo computerName="DESKTOP-RSFFHJT" outcome="Warning" timestamp="2025-05-03T19:38:09.2321209-04:00">
        <Text>2025-05-03T23:38:09.231Z pw:api   locator resolved to &lt;input type="text" id="ember417" class="ember-text-field text-start ember-view form-control"/&gt;</Text>
      </RunInfo>
      <RunInfo computerName="DESKTOP-RSFFHJT" outcome="Warning" timestamp="2025-05-03T19:38:09.2327040-04:00">
        <Text>2025-05-03T23:38:09.231Z pw:api   fill("205")</Text>
      </RunInfo>
      <RunInfo computerName="DESKTOP-RSFFHJT" outcome="Warning" timestamp="2025-05-03T19:38:09.2327356-04:00">
        <Text>2025-05-03T23:38:09.231Z pw:api attempting fill action</Text>
      </RunInfo>
      <RunInfo computerName="DESKTOP-RSFFHJT" outcome="Warning" timestamp="2025-05-03T19:38:09.2327439-04:00">
        <Text>2025-05-03T23:38:09.231Z pw:api   waiting for element to be visible, enabled and editable</Text>
      </RunInfo>
      <RunInfo computerName="DESKTOP-RSFFHJT" outcome="Warning" timestamp="2025-05-03T19:38:09.2396556-04:00">
        <Text>2025-05-03T23:38:09.238Z pw:api waiting for Locator("xpath=(//div[@class='input-group-prepend']//following-sibling::input)[2]")</Text>
      </RunInfo>
      <RunInfo computerName="DESKTOP-RSFFHJT" outcome="Warning" timestamp="2025-05-03T19:38:09.2433872-04:00">
        <Text>2025-05-03T23:38:09.242Z pw:api   locator resolved to &lt;input type="text" id="ember422" class="ember-text-field text-start ember-view form-control"/&gt;</Text>
      </RunInfo>
      <RunInfo computerName="DESKTOP-RSFFHJT" outcome="Warning" timestamp="2025-05-03T19:38:09.2441636-04:00">
        <Text>2025-05-03T23:38:09.243Z pw:api   fill("150")</Text>
      </RunInfo>
      <RunInfo computerName="DESKTOP-RSFFHJT" outcome="Warning" timestamp="2025-05-03T19:38:09.2441792-04:00">
        <Text>2025-05-03T23:38:09.243Z pw:api attempting fill action</Text>
      </RunInfo>
      <RunInfo computerName="DESKTOP-RSFFHJT" outcome="Warning" timestamp="2025-05-03T19:38:09.2443446-04:00">
        <Text>2025-05-03T23:38:09.243Z pw:api   waiting for element to be visible, enabled and editable</Text>
      </RunInfo>
      <RunInfo computerName="DESKTOP-RSFFHJT" outcome="Warning" timestamp="2025-05-03T19:38:09.2533040-04:00">
        <Text>2025-05-03T23:38:09.252Z pw:api waiting for Locator("button[type='submit']")</Text>
      </RunInfo>
      <RunInfo computerName="DESKTOP-RSFFHJT" outcome="Warning" timestamp="2025-05-03T19:38:09.2551235-04:00">
        <Text>2025-05-03T23:38:09.254Z pw:api   locator resolved to &lt;button id="ember434" type="submit" class="btn btn-primary ember-view"&gt;ΓÇª&lt;/button&gt;</Text>
      </RunInfo>
      <RunInfo computerName="DESKTOP-RSFFHJT" outcome="Warning" timestamp="2025-05-03T19:38:09.2557071-04:00">
        <Text>2025-05-03T23:38:09.254Z pw:api attempting click action</Text>
      </RunInfo>
      <RunInfo computerName="DESKTOP-RSFFHJT" outcome="Warning" timestamp="2025-05-03T19:38:09.2557902-04:00">
        <Text>2025-05-03T23:38:09.254Z pw:api   waiting for element to be visible, enabled and stable</Text>
      </RunInfo>
      <RunInfo computerName="DESKTOP-RSFFHJT" outcome="Warning" timestamp="2025-05-03T19:38:09.2753149-04:00">
        <Text>2025-05-03T23:38:09.274Z pw:api   element is visible, enabled and stable</Text>
      </RunInfo>
      <RunInfo computerName="DESKTOP-RSFFHJT" outcome="Warning" timestamp="2025-05-03T19:38:09.2753216-04:00">
        <Text>2025-05-03T23:38:09.274Z pw:api   scrolling into view if needed</Text>
      </RunInfo>
      <RunInfo computerName="DESKTOP-RSFFHJT" outcome="Warning" timestamp="2025-05-03T19:38:09.2761897-04:00">
        <Text>2025-05-03T23:38:09.275Z pw:api   done scrolling</Text>
      </RunInfo>
      <RunInfo computerName="DESKTOP-RSFFHJT" outcome="Warning" timestamp="2025-05-03T19:38:09.2785302-04:00">
        <Text>2025-05-03T23:38:09.277Z pw:api   performing click action</Text>
      </RunInfo>
      <RunInfo computerName="DESKTOP-RSFFHJT" outcome="Warning" timestamp="2025-05-03T19:38:09.2946924-04:00">
        <Text>2025-05-03T23:38:09.293Z pw:api   click action done</Text>
      </RunInfo>
      <RunInfo computerName="DESKTOP-RSFFHJT" outcome="Warning" timestamp="2025-05-03T19:38:09.2947022-04:00">
        <Text>2025-05-03T23:38:09.293Z pw:api   waiting for scheduled navigations to finish</Text>
      </RunInfo>
      <RunInfo computerName="DESKTOP-RSFFHJT" outcome="Warning" timestamp="2025-05-03T19:38:09.2951196-04:00">
        <Text>2025-05-03T23:38:09.294Z pw:api   navigations have finished</Text>
      </RunInfo>
      <RunInfo computerName="DESKTOP-RSFFHJT" outcome="Warning" timestamp="2025-05-03T19:38:09.2964994-04:00">
        <Text>2025-05-03T23:38:09.295Z pw:api waiting for Locator("span[class='close-entity close-details ms-4'] path")</Text>
      </RunInfo>
      <RunInfo computerName="DESKTOP-RSFFHJT" outcome="Warning" timestamp="2025-05-03T19:38:10.1208451-04:00">
        <Text>2025-05-03T23:38:10.119Z pw:api   navigated to "https://www.zoho.com/ca/inventory/inventory-software-demo/#/inventory/items/66200000053810013?filter_by=Status.Active&amp;sort_column=created_time&amp;sort_order=D"</Text>
      </RunInfo>
      <RunInfo computerName="DESKTOP-RSFFHJT" outcome="Warning" timestamp="2025-05-03T19:38:10.1839959-04:00">
        <Text>2025-05-03T23:38:10.182Z pw:api   locator resolved to &lt;path d="M455.2 9.2L256 208.4 56.8 9.2C44.5-3.1 24.6-3.1 12.2 9.2l-2.9 2.9C-3 24.4-3 44.4 9.3 56.7L208.4 256 9.2 455.2c-12.3 12.3-12.3 32.3 0 44.6l2.9 2.9c12.3 12.3 32.3 12.3 44.6 0L256 303.6l199.2 199.2c12.3 12.3 32.3 12.3 44.6 0l2.9-2.9c12.3-12.3 12.3-32.3 0-44.6L303.6 256 502.8 56.8c12.3-12.3 12.3-32.3 0-44.6l-2.9-2.9c-12.5-12.4-32.4-12.4-44.7-.1z"&gt;&lt;/path&gt;</Text>
      </RunInfo>
      <RunInfo computerName="DESKTOP-RSFFHJT" outcome="Warning" timestamp="2025-05-03T19:38:10.1847341-04:00">
        <Text>2025-05-03T23:38:10.183Z pw:api attempting click action</Text>
      </RunInfo>
      <RunInfo computerName="DESKTOP-RSFFHJT" outcome="Warning" timestamp="2025-05-03T19:38:10.1847447-04:00">
        <Text>2025-05-03T23:38:10.183Z pw:api   waiting for element to be visible, enabled and stable</Text>
      </RunInfo>
      <RunInfo computerName="DESKTOP-RSFFHJT" outcome="Warning" timestamp="2025-05-03T19:38:10.2085897-04:00">
        <Text>2025-05-03T23:38:10.207Z pw:api   element is visible, enabled and stable</Text>
      </RunInfo>
      <RunInfo computerName="DESKTOP-RSFFHJT" outcome="Warning" timestamp="2025-05-03T19:38:10.2085962-04:00">
        <Text>2025-05-03T23:38:10.207Z pw:api   scrolling into view if needed</Text>
      </RunInfo>
      <RunInfo computerName="DESKTOP-RSFFHJT" outcome="Warning" timestamp="2025-05-03T19:38:10.2090948-04:00">
        <Text>2025-05-03T23:38:10.208Z pw:api   done scrolling</Text>
      </RunInfo>
      <RunInfo computerName="DESKTOP-RSFFHJT" outcome="Warning" timestamp="2025-05-03T19:38:10.2110814-04:00">
        <Text>2025-05-03T23:38:10.210Z pw:api   performing click action</Text>
      </RunInfo>
      <RunInfo computerName="DESKTOP-RSFFHJT" outcome="Warning" timestamp="2025-05-03T19:38:10.2173418-04:00">
        <Text>2025-05-03T23:38:10.216Z pw:api   navigated to "https://www.zoho.com/ca/inventory/inventory-software-demo/#/inventory/items?filter_by=Status.Active&amp;sort_column=created_time&amp;sort_order=D"</Text>
      </RunInfo>
      <RunInfo computerName="DESKTOP-RSFFHJT" outcome="Warning" timestamp="2025-05-03T19:38:10.2564691-04:00">
        <Text>2025-05-03T23:38:10.255Z pw:api   click action done</Text>
      </RunInfo>
      <RunInfo computerName="DESKTOP-RSFFHJT" outcome="Warning" timestamp="2025-05-03T19:38:10.2564913-04:00">
        <Text>2025-05-03T23:38:10.255Z pw:api   waiting for scheduled navigations to finish</Text>
      </RunInfo>
      <RunInfo computerName="DESKTOP-RSFFHJT" outcome="Warning" timestamp="2025-05-03T19:38:10.2575044-04:00">
        <Text>2025-05-03T23:38:10.256Z pw:api   navigations have finished</Text>
      </RunInfo>
      <RunInfo computerName="DESKTOP-RSFFHJT" outcome="Warning" timestamp="2025-05-03T19:38:10.2591119-04:00">
        <Text>2025-05-03T23:38:10.257Z pw:api waiting for Locator("table[id='vertically-scrolled-table']") to be visible</Text>
      </RunInfo>
      <RunInfo computerName="DESKTOP-RSFFHJT" outcome="Warning" timestamp="2025-05-03T19:38:10.2613619-04:00">
        <Text>2025-05-03T23:38:10.260Z pw:api   locator resolved to visible &lt;table id="vertically-scrolled-table" class="table zi-table table-hover     header-fixed"&gt;ΓÇª&lt;/table&gt;</Text>
      </RunInfo>
      <RunInfo computerName="DESKTOP-RSFFHJT" outcome="Warning" timestamp="2025-05-03T19:38:10.2639370-04:00">
        <Text>2025-05-03T23:38:10.262Z pw:api waiting for Locator("table[id='vertically-scrolled-table']").Locator("tbody tr").First</Text>
      </RunInfo>
      <RunInfo computerName="DESKTOP-RSFFHJT" outcome="Warning" timestamp="2025-05-03T19:38:10.2650784-04:00">
        <Text>2025-05-03T23:38:10.264Z pw:api   locator resolved to &lt;tr tabindex="-1" id="ember481" class="ember-view   "&gt;ΓÇª&lt;/tr&gt;</Text>
      </RunInfo>
      <RunInfo computerName="DESKTOP-RSFFHJT" outcome="Warning" timestamp="2025-05-03T19:38:10.2656091-04:00">
        <Text>2025-05-03T23:38:10.264Z pw:api waiting for Locator("table[id='vertically-scrolled-table']").Locator("tbody tr").First.Locator("a")</Text>
      </RunInfo>
      <RunInfo computerName="DESKTOP-RSFFHJT" outcome="Warning" timestamp="2025-05-03T19:38:10.2670124-04:00">
        <Text>2025-05-03T23:38:10.266Z pw:api   locator resolved to &lt;a id="ember621" class="ember-view text-break " href="#/inventory/items/6620000005381000?filter_by=Status.Active&amp;sort_column=created_time&amp;sort_order=D"&gt;Storage Cabinet&lt;/a&gt;</Text>
      </RunInfo>
      <RunInfo computerName="DESKTOP-RSFFHJT" outcome="Warning" timestamp="2025-05-03T19:38:10.2673965-04:00">
        <Text>2025-05-03T23:38:10.266Z pw:api waiting for Locator("table[id='vertically-scrolled-table']").Locator("tbody tr").First.Locator("td:nth-child(3)")</Text>
      </RunInfo>
      <RunInfo computerName="DESKTOP-RSFFHJT" outcome="Warning" timestamp="2025-05-03T19:38:10.2686799-04:00">
        <Text>2025-05-03T23:38:10.267Z pw:api   locator resolved to &lt;td class=" "&gt;Item 1 sku&lt;/td&gt;</Text>
      </RunInfo>
      <RunInfo computerName="DESKTOP-RSFFHJT" outcome="Warning" timestamp="2025-05-03T19:38:10.2694077-04:00">
        <Text>2025-05-03T23:38:10.268Z pw:api waiting for Locator("table[id='vertically-scrolled-table']").Locator("tbody tr").First.Locator("td:nth-child(4)")</Text>
      </RunInfo>
      <RunInfo computerName="DESKTOP-RSFFHJT" outcome="Warning" timestamp="2025-05-03T19:38:10.2710256-04:00">
        <Text>2025-05-03T23:38:10.269Z pw:api   locator resolved to &lt;td class=" "&gt;Digital_service&lt;/td&gt;</Text>
      </RunInfo>
      <RunInfo computerName="DESKTOP-RSFFHJT" outcome="Warning" timestamp="2025-05-03T19:38:10.2715111-04:00">
        <Text>2025-05-03T23:38:10.270Z pw:api waiting for Locator("table[id='vertically-scrolled-table']").Locator("tbody tr").First.Locator("td span[class='text-ellipsis']")</Text>
      </RunInfo>
      <RunInfo computerName="DESKTOP-RSFFHJT" outcome="Warning" timestamp="2025-05-03T19:38:10.2730789-04:00">
        <Text>2025-05-03T23:38:10.272Z pw:api   locator resolved to &lt;span id="a7f565813" class="text-ellipsis"&gt;A versatile storage cabinet with adjustable shelvΓÇª&lt;/span&gt;</Text>
      </RunInfo>
      <RunInfo computerName="DESKTOP-RSFFHJT" outcome="Warning" timestamp="2025-05-03T19:38:10.2735175-04:00">
        <Text>2025-05-03T23:38:10.272Z pw:api waiting for Locator("table[id='vertically-scrolled-table']").Locator("tbody tr").First.Locator("td[class='  text-end']")</Text>
      </RunInfo>
      <RunInfo computerName="DESKTOP-RSFFHJT" outcome="Warning" timestamp="2025-05-03T19:38:10.2753536-04:00">
        <Text>2025-05-03T23:38:10.274Z pw:api   locator resolved to &lt;td class="  text-end"&gt;$8493.00&lt;/td&gt;</Text>
      </RunInfo>
      <RunInfo computerName="DESKTOP-RSFFHJT" outcome="Warning" timestamp="2025-05-03T19:38:10.2760150-04:00">
        <Text>2025-05-03T23:38:10.275Z pw:api waiting for Locator("table[id='vertically-scrolled-table']").Locator("tbody tr").Nth(1)</Text>
      </RunInfo>
      <RunInfo computerName="DESKTOP-RSFFHJT" outcome="Warning" timestamp="2025-05-03T19:38:10.2777365-04:00">
        <Text>2025-05-03T23:38:10.276Z pw:api   locator resolved to &lt;tr tabindex="-1" id="ember487" class="ember-view   "&gt;ΓÇª&lt;/tr&gt;</Text>
      </RunInfo>
      <RunInfo computerName="DESKTOP-RSFFHJT" outcome="Warning" timestamp="2025-05-03T19:38:10.2782668-04:00">
        <Text>2025-05-03T23:38:10.277Z pw:api waiting for Locator("table[id='vertically-scrolled-table']").Locator("tbody tr").Nth(1).Locator("a")</Text>
      </RunInfo>
      <RunInfo computerName="DESKTOP-RSFFHJT" outcome="Warning" timestamp="2025-05-03T19:38:10.2795355-04:00">
        <Text>2025-05-03T23:38:10.278Z pw:api   locator resolved to &lt;a id="ember623" class="ember-view text-break " href="#/inventory/items/6620000005381001?filter_by=Status.Active&amp;sort_column=created_time&amp;sort_order=D"&gt;Dining Table and Chairs Set&lt;/a&gt;</Text>
      </RunInfo>
      <RunInfo computerName="DESKTOP-RSFFHJT" outcome="Warning" timestamp="2025-05-03T19:38:10.2802567-04:00">
        <Text>2025-05-03T23:38:10.279Z pw:api waiting for Locator("table[id='vertically-scrolled-table']").Locator("tbody tr").Nth(1).Locator("td:nth-child(3)")</Text>
      </RunInfo>
      <RunInfo computerName="DESKTOP-RSFFHJT" outcome="Warning" timestamp="2025-05-03T19:38:10.2815214-04:00">
        <Text>2025-05-03T23:38:10.280Z pw:api   locator resolved to &lt;td class=" "&gt;Item 2 sku&lt;/td&gt;</Text>
      </RunInfo>
      <RunInfo computerName="DESKTOP-RSFFHJT" outcome="Warning" timestamp="2025-05-03T19:38:10.2820497-04:00">
        <Text>2025-05-03T23:38:10.281Z pw:api waiting for Locator("table[id='vertically-scrolled-table']").Locator("tbody tr").Nth(1).Locator("td:nth-child(4)")</Text>
      </RunInfo>
      <RunInfo computerName="DESKTOP-RSFFHJT" outcome="Warning" timestamp="2025-05-03T19:38:10.2836017-04:00">
        <Text>2025-05-03T23:38:10.282Z pw:api   locator resolved to &lt;td class=" "&gt;Digital_service&lt;/td&gt;</Text>
      </RunInfo>
      <RunInfo computerName="DESKTOP-RSFFHJT" outcome="Warning" timestamp="2025-05-03T19:38:10.2841077-04:00">
        <Text>2025-05-03T23:38:10.283Z pw:api waiting for Locator("table[id='vertically-scrolled-table']").Locator("tbody tr").Nth(1).Locator("td span[class='text-ellipsis']")</Text>
      </RunInfo>
      <RunInfo computerName="DESKTOP-RSFFHJT" outcome="Warning" timestamp="2025-05-03T19:38:10.2856724-04:00">
        <Text>2025-05-03T23:38:10.284Z pw:api   locator resolved to &lt;span id="aef10957c" class="text-ellipsis"&gt;A stylish dining set with a table and four chairs.&lt;/span&gt;</Text>
      </RunInfo>
      <RunInfo computerName="DESKTOP-RSFFHJT" outcome="Warning" timestamp="2025-05-03T19:38:10.2861164-04:00">
        <Text>2025-05-03T23:38:10.285Z pw:api waiting for Locator("table[id='vertically-scrolled-table']").Locator("tbody tr").Nth(1).Locator("td[class='  text-end']")</Text>
      </RunInfo>
      <RunInfo computerName="DESKTOP-RSFFHJT" outcome="Warning" timestamp="2025-05-03T19:38:10.2878296-04:00">
        <Text>2025-05-03T23:38:10.286Z pw:api   locator resolved to &lt;td class="  text-end"&gt;$7147.00&lt;/td&gt;</Text>
      </RunInfo>
      <RunInfo computerName="DESKTOP-RSFFHJT" outcome="Warning" timestamp="2025-05-03T19:38:10.2882635-04:00">
        <Text>2025-05-03T23:38:10.287Z pw:api waiting for Locator("table[id='vertically-scrolled-table']").Locator("tbody tr").Nth(2)</Text>
      </RunInfo>
      <RunInfo computerName="DESKTOP-RSFFHJT" outcome="Warning" timestamp="2025-05-03T19:38:10.2898848-04:00">
        <Text>2025-05-03T23:38:10.288Z pw:api   locator resolved to &lt;tr tabindex="-1" id="ember493" class="ember-view   "&gt;ΓÇª&lt;/tr&gt;</Text>
      </RunInfo>
      <RunInfo computerName="DESKTOP-RSFFHJT" outcome="Warning" timestamp="2025-05-03T19:38:10.2904954-04:00">
        <Text>2025-05-03T23:38:10.289Z pw:api waiting for Locator("table[id='vertically-scrolled-table']").Locator("tbody tr").Nth(2).Locator("a")</Text>
      </RunInfo>
      <RunInfo computerName="DESKTOP-RSFFHJT" outcome="Warning" timestamp="2025-05-03T19:38:10.2928499-04:00">
        <Text>2025-05-03T23:38:10.291Z pw:api   locator resolved to &lt;a id="ember625" class="ember-view text-break " href="#/inventory/items/6620000005381002?filter_by=Status.Active&amp;sort_column=created_time&amp;sort_order=D"&gt;Storage Cabinet&lt;/a&gt;</Text>
      </RunInfo>
      <RunInfo computerName="DESKTOP-RSFFHJT" outcome="Warning" timestamp="2025-05-03T19:38:10.2935604-04:00">
        <Text>2025-05-03T23:38:10.292Z pw:api waiting for Locator("table[id='vertically-scrolled-table']").Locator("tbody tr").Nth(2).Locator("td:nth-child(3)")</Text>
      </RunInfo>
      <RunInfo computerName="DESKTOP-RSFFHJT" outcome="Warning" timestamp="2025-05-03T19:38:10.2949178-04:00">
        <Text>2025-05-03T23:38:10.293Z pw:api   locator resolved to &lt;td class=" "&gt;Item 3 sku&lt;/td&gt;</Text>
      </RunInfo>
      <RunInfo computerName="DESKTOP-RSFFHJT" outcome="Warning" timestamp="2025-05-03T19:38:10.2954280-04:00">
        <Text>2025-05-03T23:38:10.294Z pw:api waiting for Locator("table[id='vertically-scrolled-table']").Locator("tbody tr").Nth(2).Locator("td:nth-child(4)")</Text>
      </RunInfo>
      <RunInfo computerName="DESKTOP-RSFFHJT" outcome="Warning" timestamp="2025-05-03T19:38:10.2967071-04:00">
        <Text>2025-05-03T23:38:10.295Z pw:api   locator resolved to &lt;td class=" "&gt;Digital_service&lt;/td&gt;</Text>
      </RunInfo>
      <RunInfo computerName="DESKTOP-RSFFHJT" outcome="Warning" timestamp="2025-05-03T19:38:10.2971869-04:00">
        <Text>2025-05-03T23:38:10.296Z pw:api waiting for Locator("table[id='vertically-scrolled-table']").Locator("tbody tr").Nth(2).Locator("td span[class='text-ellipsis']")</Text>
      </RunInfo>
      <RunInfo computerName="DESKTOP-RSFFHJT" outcome="Warning" timestamp="2025-05-03T19:38:10.2986715-04:00">
        <Text>2025-05-03T23:38:10.297Z pw:api   locator resolved to &lt;span id="aa33675e7" class="text-ellipsis"&gt;&lt;/span&gt;</Text>
      </RunInfo>
      <RunInfo computerName="DESKTOP-RSFFHJT" outcome="Warning" timestamp="2025-05-03T19:38:10.2992355-04:00">
        <Text>2025-05-03T23:38:10.298Z pw:api waiting for Locator("table[id='vertically-scrolled-table']").Locator("tbody tr").Nth(2).Locator("td[class='  text-end']")</Text>
      </RunInfo>
      <RunInfo computerName="DESKTOP-RSFFHJT" outcome="Warning" timestamp="2025-05-03T19:38:10.3007410-04:00">
        <Text>2025-05-03T23:38:10.299Z pw:api   locator resolved to &lt;td class="  text-end"&gt;&lt;/td&gt;</Text>
      </RunInfo>
      <RunInfo computerName="DESKTOP-RSFFHJT" outcome="Warning" timestamp="2025-05-03T19:38:10.3027242-04:00">
        <Text>2025-05-03T23:38:10.301Z pw:api waiting for Locator("table[id='vertically-scrolled-table']").Locator("tbody tr").Nth(3)</Text>
      </RunInfo>
      <RunInfo computerName="DESKTOP-RSFFHJT" outcome="Warning" timestamp="2025-05-03T19:38:10.3041078-04:00">
        <Text>2025-05-03T23:38:10.303Z pw:api   locator resolved to &lt;tr tabindex="-1" id="ember499" class="ember-view   "&gt;ΓÇª&lt;/tr&gt;</Text>
      </RunInfo>
      <RunInfo computerName="DESKTOP-RSFFHJT" outcome="Warning" timestamp="2025-05-03T19:38:10.3049143-04:00">
        <Text>2025-05-03T23:38:10.303Z pw:api waiting for Locator("table[id='vertically-scrolled-table']").Locator("tbody tr").Nth(3).Locator("a")</Text>
      </RunInfo>
      <RunInfo computerName="DESKTOP-RSFFHJT" outcome="Warning" timestamp="2025-05-03T19:38:10.3064709-04:00">
        <Text>2025-05-03T23:38:10.305Z pw:api   locator resolved to &lt;a id="ember627" class="ember-view text-break " href="#/inventory/items/6620000005381003?filter_by=Status.Active&amp;sort_column=created_time&amp;sort_order=D"&gt;Executive Office Desk&lt;/a&gt;</Text>
      </RunInfo>
      <RunInfo computerName="DESKTOP-RSFFHJT" outcome="Warning" timestamp="2025-05-03T19:38:10.3069675-04:00">
        <Text>2025-05-03T23:38:10.306Z pw:api waiting for Locator("table[id='vertically-scrolled-table']").Locator("tbody tr").Nth(3).Locator("td:nth-child(3)")</Text>
      </RunInfo>
      <RunInfo computerName="DESKTOP-RSFFHJT" outcome="Warning" timestamp="2025-05-03T19:38:10.3088796-04:00">
        <Text>2025-05-03T23:38:10.307Z pw:api   locator resolved to &lt;td class=" "&gt;Item 4 sku&lt;/td&gt;</Text>
      </RunInfo>
      <RunInfo computerName="DESKTOP-RSFFHJT" outcome="Warning" timestamp="2025-05-03T19:38:10.3094436-04:00">
        <Text>2025-05-03T23:38:10.308Z pw:api waiting for Locator("table[id='vertically-scrolled-table']").Locator("tbody tr").Nth(3).Locator("td:nth-child(4)")</Text>
      </RunInfo>
      <RunInfo computerName="DESKTOP-RSFFHJT" outcome="Warning" timestamp="2025-05-03T19:38:10.3110595-04:00">
        <Text>2025-05-03T23:38:10.310Z pw:api   locator resolved to &lt;td class=" "&gt;Digital_service&lt;/td&gt;</Text>
      </RunInfo>
      <RunInfo computerName="DESKTOP-RSFFHJT" outcome="Warning" timestamp="2025-05-03T19:38:10.3116057-04:00">
        <Text>2025-05-03T23:38:10.310Z pw:api waiting for Locator("table[id='vertically-scrolled-table']").Locator("tbody tr").Nth(3).Locator("td span[class='text-ellipsis']")</Text>
      </RunInfo>
      <RunInfo computerName="DESKTOP-RSFFHJT" outcome="Warning" timestamp="2025-05-03T19:38:10.3131180-04:00">
        <Text>2025-05-03T23:38:10.312Z pw:api   locator resolved to &lt;span id="a77c1fda5" class="text-ellipsis"&gt;&lt;/span&gt;</Text>
      </RunInfo>
      <RunInfo computerName="DESKTOP-RSFFHJT" outcome="Warning" timestamp="2025-05-03T19:38:10.3135250-04:00">
        <Text>2025-05-03T23:38:10.312Z pw:api waiting for Locator("table[id='vertically-scrolled-table']").Locator("tbody tr").Nth(3).Locator("td[class='  text-end']")</Text>
      </RunInfo>
      <RunInfo computerName="DESKTOP-RSFFHJT" outcome="Warning" timestamp="2025-05-03T19:38:10.3148972-04:00">
        <Text>2025-05-03T23:38:10.313Z pw:api   locator resolved to &lt;td class="  text-end"&gt;&lt;/td&gt;</Text>
      </RunInfo>
      <RunInfo computerName="DESKTOP-RSFFHJT" outcome="Warning" timestamp="2025-05-03T19:38:10.3157255-04:00">
        <Text>2025-05-03T23:38:10.314Z pw:api waiting for Locator("table[id='vertically-scrolled-table']").Locator("tbody tr").Nth(4)</Text>
      </RunInfo>
      <RunInfo computerName="DESKTOP-RSFFHJT" outcome="Warning" timestamp="2025-05-03T19:38:10.3173968-04:00">
        <Text>2025-05-03T23:38:10.316Z pw:api   locator resolved to &lt;tr tabindex="-1" id="ember505" class="ember-view   "&gt;ΓÇª&lt;/tr&gt;</Text>
      </RunInfo>
      <RunInfo computerName="DESKTOP-RSFFHJT" outcome="Warning" timestamp="2025-05-03T19:38:10.3180484-04:00">
        <Text>2025-05-03T23:38:10.317Z pw:api waiting for Locator("table[id='vertically-scrolled-table']").Locator("tbody tr").Nth(4).Locator("a")</Text>
      </RunInfo>
      <RunInfo computerName="DESKTOP-RSFFHJT" outcome="Warning" timestamp="2025-05-03T19:38:10.3197356-04:00">
        <Text>2025-05-03T23:38:10.318Z pw:api   locator resolved to &lt;a id="ember629" class="ember-view text-break " href="#/inventory/items/6620000005381004?filter_by=Status.Active&amp;sort_column=created_time&amp;sort_order=D"&gt;Sofa&lt;/a&gt;</Text>
      </RunInfo>
      <RunInfo computerName="DESKTOP-RSFFHJT" outcome="Warning" timestamp="2025-05-03T19:38:10.3202559-04:00">
        <Text>2025-05-03T23:38:10.319Z pw:api waiting for Locator("table[id='vertically-scrolled-table']").Locator("tbody tr").Nth(4).Locator("td:nth-child(3)")</Text>
      </RunInfo>
      <RunInfo computerName="DESKTOP-RSFFHJT" outcome="Warning" timestamp="2025-05-03T19:38:10.3220344-04:00">
        <Text>2025-05-03T23:38:10.320Z pw:api   locator resolved to &lt;td class=" "&gt;Item 5 sku&lt;/td&gt;</Text>
      </RunInfo>
      <RunInfo computerName="DESKTOP-RSFFHJT" outcome="Warning" timestamp="2025-05-03T19:38:10.3223454-04:00">
        <Text>2025-05-03T23:38:10.321Z pw:api waiting for Locator("table[id='vertically-scrolled-table']").Locator("tbody tr").Nth(4).Locator("td:nth-child(4)")</Text>
      </RunInfo>
      <RunInfo computerName="DESKTOP-RSFFHJT" outcome="Warning" timestamp="2025-05-03T19:38:10.3236474-04:00">
        <Text>2025-05-03T23:38:10.322Z pw:api   locator resolved to &lt;td class=" "&gt;Digital_service&lt;/td&gt;</Text>
      </RunInfo>
      <RunInfo computerName="DESKTOP-RSFFHJT" outcome="Warning" timestamp="2025-05-03T19:38:10.3242442-04:00">
        <Text>2025-05-03T23:38:10.323Z pw:api waiting for Locator("table[id='vertically-scrolled-table']").Locator("tbody tr").Nth(4).Locator("td span[class='text-ellipsis']")</Text>
      </RunInfo>
      <RunInfo computerName="DESKTOP-RSFFHJT" outcome="Warning" timestamp="2025-05-03T19:38:10.3261595-04:00">
        <Text>2025-05-03T23:38:10.325Z pw:api   locator resolved to &lt;span id="abb470740" class="text-ellipsis"&gt;A comfortable, modern sofa with plush cushions.&lt;/span&gt;</Text>
      </RunInfo>
      <RunInfo computerName="DESKTOP-RSFFHJT" outcome="Warning" timestamp="2025-05-03T19:38:10.3267691-04:00">
        <Text>2025-05-03T23:38:10.325Z pw:api waiting for Locator("table[id='vertically-scrolled-table']").Locator("tbody tr").Nth(4).Locator("td[class='  text-end']")</Text>
      </RunInfo>
      <RunInfo computerName="DESKTOP-RSFFHJT" outcome="Warning" timestamp="2025-05-03T19:38:10.3283443-04:00">
        <Text>2025-05-03T23:38:10.327Z pw:api   locator resolved to &lt;td class="  text-end"&gt;$5742.00&lt;/td&gt;</Text>
      </RunInfo>
      <RunInfo computerName="DESKTOP-RSFFHJT" outcome="Warning" timestamp="2025-05-03T19:38:10.3290316-04:00">
        <Text>2025-05-03T23:38:10.328Z pw:api waiting for Locator("table[id='vertically-scrolled-table']").Locator("tbody tr").Nth(5)</Text>
      </RunInfo>
      <RunInfo computerName="DESKTOP-RSFFHJT" outcome="Warning" timestamp="2025-05-03T19:38:10.3304296-04:00">
        <Text>2025-05-03T23:38:10.329Z pw:api   locator resolved to &lt;tr tabindex="-1" id="ember511" class="ember-view   "&gt;ΓÇª&lt;/tr&gt;</Text>
      </RunInfo>
      <RunInfo computerName="DESKTOP-RSFFHJT" outcome="Warning" timestamp="2025-05-03T19:38:10.3309345-04:00">
        <Text>2025-05-03T23:38:10.329Z pw:api waiting for Locator("table[id='vertically-scrolled-table']").Locator("tbody tr").Nth(5).Locator("a")</Text>
      </RunInfo>
      <RunInfo computerName="DESKTOP-RSFFHJT" outcome="Warning" timestamp="2025-05-03T19:38:10.3327221-04:00">
        <Text>2025-05-03T23:38:10.331Z pw:api   locator resolved to &lt;a id="ember631" class="ember-view text-break " href="#/inventory/items/6620000005381005?filter_by=Status.Active&amp;sort_column=created_time&amp;sort_order=D"&gt;Executive Office Desk&lt;/a&gt;</Text>
      </RunInfo>
      <RunInfo computerName="DESKTOP-RSFFHJT" outcome="Warning" timestamp="2025-05-03T19:38:10.3332317-04:00">
        <Text>2025-05-03T23:38:10.332Z pw:api waiting for Locator("table[id='vertically-scrolled-table']").Locator("tbody tr").Nth(5).Locator("td:nth-child(3)")</Text>
      </RunInfo>
      <RunInfo computerName="DESKTOP-RSFFHJT" outcome="Warning" timestamp="2025-05-03T19:38:10.3346584-04:00">
        <Text>2025-05-03T23:38:10.333Z pw:api   locator resolved to &lt;td class=" "&gt;Item 6 sku&lt;/td&gt;</Text>
      </RunInfo>
      <RunInfo computerName="DESKTOP-RSFFHJT" outcome="Warning" timestamp="2025-05-03T19:38:10.3352290-04:00">
        <Text>2025-05-03T23:38:10.334Z pw:api waiting for Locator("table[id='vertically-scrolled-table']").Locator("tbody tr").Nth(5).Locator("td:nth-child(4)")</Text>
      </RunInfo>
      <RunInfo computerName="DESKTOP-RSFFHJT" outcome="Warning" timestamp="2025-05-03T19:38:10.3366604-04:00">
        <Text>2025-05-03T23:38:10.335Z pw:api   locator resolved to &lt;td class=" "&gt;Digital_service&lt;/td&gt;</Text>
      </RunInfo>
      <RunInfo computerName="DESKTOP-RSFFHJT" outcome="Warning" timestamp="2025-05-03T19:38:10.3371151-04:00">
        <Text>2025-05-03T23:38:10.336Z pw:api waiting for Locator("table[id='vertically-scrolled-table']").Locator("tbody tr").Nth(5).Locator("td span[class='text-ellipsis']")</Text>
      </RunInfo>
      <RunInfo computerName="DESKTOP-RSFFHJT" outcome="Warning" timestamp="2025-05-03T19:38:10.3386236-04:00">
        <Text>2025-05-03T23:38:10.337Z pw:api   locator resolved to &lt;span id="ae0b55a4b" class="text-ellipsis"&gt;A spacious executive desk with storage drawers.&lt;/span&gt;</Text>
      </RunInfo>
      <RunInfo computerName="DESKTOP-RSFFHJT" outcome="Warning" timestamp="2025-05-03T19:38:10.3393180-04:00">
        <Text>2025-05-03T23:38:10.338Z pw:api waiting for Locator("table[id='vertically-scrolled-table']").Locator("tbody tr").Nth(5).Locator("td[class='  text-end']")</Text>
      </RunInfo>
      <RunInfo computerName="DESKTOP-RSFFHJT" outcome="Warning" timestamp="2025-05-03T19:38:10.3407955-04:00">
        <Text>2025-05-03T23:38:10.339Z pw:api   locator resolved to &lt;td class="  text-end"&gt;$6673.00&lt;/td&gt;</Text>
      </RunInfo>
      <RunInfo computerName="DESKTOP-RSFFHJT" outcome="Warning" timestamp="2025-05-03T19:38:10.3414135-04:00">
        <Text>2025-05-03T23:38:10.340Z pw:api waiting for Locator("table[id='vertically-scrolled-table']").Locator("tbody tr").Nth(6)</Text>
      </RunInfo>
      <RunInfo computerName="DESKTOP-RSFFHJT" outcome="Warning" timestamp="2025-05-03T19:38:10.3431121-04:00">
        <Text>2025-05-03T23:38:10.342Z pw:api   locator resolved to &lt;tr tabindex="-1" id="ember517" class="ember-view   "&gt;ΓÇª&lt;/tr&gt;</Text>
      </RunInfo>
      <RunInfo computerName="DESKTOP-RSFFHJT" outcome="Warning" timestamp="2025-05-03T19:38:10.3436313-04:00">
        <Text>2025-05-03T23:38:10.342Z pw:api waiting for Locator("table[id='vertically-scrolled-table']").Locator("tbody tr").Nth(6).Locator("a")</Text>
      </RunInfo>
      <RunInfo computerName="DESKTOP-RSFFHJT" outcome="Warning" timestamp="2025-05-03T19:38:10.3448847-04:00">
        <Text>2025-05-03T23:38:10.343Z pw:api   locator resolved to &lt;a id="ember633" class="ember-view text-break " href="#/inventory/items/6620000005381006?filter_by=Status.Active&amp;sort_column=created_time&amp;sort_order=D"&gt;Queen Size Bed&lt;/a&gt;</Text>
      </RunInfo>
      <RunInfo computerName="DESKTOP-RSFFHJT" outcome="Warning" timestamp="2025-05-03T19:38:10.3452941-04:00">
        <Text>2025-05-03T23:38:10.344Z pw:api waiting for Locator("table[id='vertically-scrolled-table']").Locator("tbody tr").Nth(6).Locator("td:nth-child(3)")</Text>
      </RunInfo>
      <RunInfo computerName="DESKTOP-RSFFHJT" outcome="Warning" timestamp="2025-05-03T19:38:10.3470119-04:00">
        <Text>2025-05-03T23:38:10.346Z pw:api   locator resolved to &lt;td class=" "&gt;Item 7 sku&lt;/td&gt;</Text>
      </RunInfo>
      <RunInfo computerName="DESKTOP-RSFFHJT" outcome="Warning" timestamp="2025-05-03T19:38:10.3475551-04:00">
        <Text>2025-05-03T23:38:10.346Z pw:api waiting for Locator("table[id='vertically-scrolled-table']").Locator("tbody tr").Nth(6).Locator("td:nth-child(4)")</Text>
      </RunInfo>
      <RunInfo computerName="DESKTOP-RSFFHJT" outcome="Warning" timestamp="2025-05-03T19:38:10.3491620-04:00">
        <Text>2025-05-03T23:38:10.348Z pw:api   locator resolved to &lt;td class=" "&gt;Goods&lt;/td&gt;</Text>
      </RunInfo>
      <RunInfo computerName="DESKTOP-RSFFHJT" outcome="Warning" timestamp="2025-05-03T19:38:10.3497619-04:00">
        <Text>2025-05-03T23:38:10.348Z pw:api waiting for Locator("table[id='vertically-scrolled-table']").Locator("tbody tr").Nth(6).Locator("td span[class='text-ellipsis']")</Text>
      </RunInfo>
      <RunInfo computerName="DESKTOP-RSFFHJT" outcome="Warning" timestamp="2025-05-03T19:38:10.3512707-04:00">
        <Text>2025-05-03T23:38:10.350Z pw:api   locator resolved to &lt;span id="a2b6214c2" class="text-ellipsis"&gt;Mid-century wooden double bed. Scandinavian-styleΓÇª&lt;/span&gt;</Text>
      </RunInfo>
      <RunInfo computerName="DESKTOP-RSFFHJT" outcome="Warning" timestamp="2025-05-03T19:38:10.3518808-04:00">
        <Text>2025-05-03T23:38:10.350Z pw:api waiting for Locator("table[id='vertically-scrolled-table']").Locator("tbody tr").Nth(6).Locator("td[class='  text-end']")</Text>
      </RunInfo>
      <RunInfo computerName="DESKTOP-RSFFHJT" outcome="Warning" timestamp="2025-05-03T19:38:10.3532458-04:00">
        <Text>2025-05-03T23:38:10.352Z pw:api   locator resolved to &lt;td class="  text-end"&gt;$6125.00&lt;/td&gt;</Text>
      </RunInfo>
      <RunInfo computerName="DESKTOP-RSFFHJT" outcome="Warning" timestamp="2025-05-03T19:38:10.3537099-04:00">
        <Text>2025-05-03T23:38:10.352Z pw:api waiting for Locator("table[id='vertically-scrolled-table']").Locator("tbody tr").Nth(7)</Text>
      </RunInfo>
      <RunInfo computerName="DESKTOP-RSFFHJT" outcome="Warning" timestamp="2025-05-03T19:38:10.3550153-04:00">
        <Text>2025-05-03T23:38:10.354Z pw:api   locator resolved to &lt;tr tabindex="-1" id="ember523" class="ember-view   "&gt;ΓÇª&lt;/tr&gt;</Text>
      </RunInfo>
      <RunInfo computerName="DESKTOP-RSFFHJT" outcome="Warning" timestamp="2025-05-03T19:38:10.3556013-04:00">
        <Text>2025-05-03T23:38:10.354Z pw:api waiting for Locator("table[id='vertically-scrolled-table']").Locator("tbody tr").Nth(7).Locator("a")</Text>
      </RunInfo>
      <RunInfo computerName="DESKTOP-RSFFHJT" outcome="Warning" timestamp="2025-05-03T19:38:10.3580348-04:00">
        <Text>2025-05-03T23:38:10.356Z pw:api   locator resolved to &lt;a id="ember635" class="ember-view text-break " href="#/inventory/items/6620000005381007?filter_by=Status.Active&amp;sort_column=created_time&amp;sort_order=D"&gt;Coffee Table&lt;/a&gt;</Text>
      </RunInfo>
      <RunInfo computerName="DESKTOP-RSFFHJT" outcome="Warning" timestamp="2025-05-03T19:38:10.3601643-04:00">
        <Text>2025-05-03T23:38:10.358Z pw:api waiting for Locator("table[id='vertically-scrolled-table']").Locator("tbody tr").Nth(7).Locator("td:nth-child(3)")</Text>
      </RunInfo>
      <RunInfo computerName="DESKTOP-RSFFHJT" outcome="Warning" timestamp="2025-05-03T19:38:10.3636164-04:00">
        <Text>2025-05-03T23:38:10.362Z pw:api   locator resolved to &lt;td class=" "&gt;Item 8 sku&lt;/td&gt;</Text>
      </RunInfo>
      <RunInfo computerName="DESKTOP-RSFFHJT" outcome="Warning" timestamp="2025-05-03T19:38:10.3644828-04:00">
        <Text>2025-05-03T23:38:10.363Z pw:api waiting for Locator("table[id='vertically-scrolled-table']").Locator("tbody tr").Nth(7).Locator("td:nth-child(4)")</Text>
      </RunInfo>
      <RunInfo computerName="DESKTOP-RSFFHJT" outcome="Warning" timestamp="2025-05-03T19:38:10.3659797-04:00">
        <Text>2025-05-03T23:38:10.364Z pw:api   locator resolved to &lt;td class=" "&gt;Goods&lt;/td&gt;</Text>
      </RunInfo>
      <RunInfo computerName="DESKTOP-RSFFHJT" outcome="Warning" timestamp="2025-05-03T19:38:10.3664326-04:00">
        <Text>2025-05-03T23:38:10.365Z pw:api waiting for Locator("table[id='vertically-scrolled-table']").Locator("tbody tr").Nth(7).Locator("td span[class='text-ellipsis']")</Text>
      </RunInfo>
      <RunInfo computerName="DESKTOP-RSFFHJT" outcome="Warning" timestamp="2025-05-03T19:38:10.3676518-04:00">
        <Text>2025-05-03T23:38:10.366Z pw:api   locator resolved to &lt;span id="a90537948" class="text-ellipsis"&gt;A sleek, modern coffee table with a glass top.&lt;/span&gt;</Text>
      </RunInfo>
      <RunInfo computerName="DESKTOP-RSFFHJT" outcome="Warning" timestamp="2025-05-03T19:38:10.3682516-04:00">
        <Text>2025-05-03T23:38:10.367Z pw:api waiting for Locator("table[id='vertically-scrolled-table']").Locator("tbody tr").Nth(7).Locator("td[class='  text-end']")</Text>
      </RunInfo>
      <RunInfo computerName="DESKTOP-RSFFHJT" outcome="Warning" timestamp="2025-05-03T19:38:10.3698172-04:00">
        <Text>2025-05-03T23:38:10.368Z pw:api   locator resolved to &lt;td class="  text-end"&gt;$8810.00&lt;/td&gt;</Text>
      </RunInfo>
      <RunInfo computerName="DESKTOP-RSFFHJT" outcome="Warning" timestamp="2025-05-03T19:38:10.3702613-04:00">
        <Text>2025-05-03T23:38:10.369Z pw:api waiting for Locator("table[id='vertically-scrolled-table']").Locator("tbody tr").Nth(8)</Text>
      </RunInfo>
      <RunInfo computerName="DESKTOP-RSFFHJT" outcome="Warning" timestamp="2025-05-03T19:38:10.3715251-04:00">
        <Text>2025-05-03T23:38:10.370Z pw:api   locator resolved to &lt;tr tabindex="-1" id="ember529" class="ember-view   "&gt;ΓÇª&lt;/tr&gt;</Text>
      </RunInfo>
      <RunInfo computerName="DESKTOP-RSFFHJT" outcome="Warning" timestamp="2025-05-03T19:38:10.3719428-04:00">
        <Text>2025-05-03T23:38:10.371Z pw:api waiting for Locator("table[id='vertically-scrolled-table']").Locator("tbody tr").Nth(8).Locator("a")</Text>
      </RunInfo>
      <RunInfo computerName="DESKTOP-RSFFHJT" outcome="Warning" timestamp="2025-05-03T19:38:10.3733216-04:00">
        <Text>2025-05-03T23:38:10.372Z pw:api   locator resolved to &lt;a id="ember637" class="ember-view text-break " href="#/inventory/items/6620000005381008?filter_by=Status.Active&amp;sort_column=created_time&amp;sort_order=D"&gt;Composite Item 0&lt;/a&gt;</Text>
      </RunInfo>
      <RunInfo computerName="DESKTOP-RSFFHJT" outcome="Warning" timestamp="2025-05-03T19:38:10.3738917-04:00">
        <Text>2025-05-03T23:38:10.372Z pw:api waiting for Locator("table[id='vertically-scrolled-table']").Locator("tbody tr").Nth(8).Locator("td:nth-child(3)")</Text>
      </RunInfo>
      <RunInfo computerName="DESKTOP-RSFFHJT" outcome="Warning" timestamp="2025-05-03T19:38:10.3757412-04:00">
        <Text>2025-05-03T23:38:10.374Z pw:api   locator resolved to &lt;td class=" "&gt;66696&lt;/td&gt;</Text>
      </RunInfo>
      <RunInfo computerName="DESKTOP-RSFFHJT" outcome="Warning" timestamp="2025-05-03T19:38:10.3762292-04:00">
        <Text>2025-05-03T23:38:10.375Z pw:api waiting for Locator("table[id='vertically-scrolled-table']").Locator("tbody tr").Nth(8).Locator("td:nth-child(4)")</Text>
      </RunInfo>
      <RunInfo computerName="DESKTOP-RSFFHJT" outcome="Warning" timestamp="2025-05-03T19:38:10.3780621-04:00">
        <Text>2025-05-03T23:38:10.377Z pw:api   locator resolved to &lt;td class=" "&gt;Goods&lt;/td&gt;</Text>
      </RunInfo>
      <RunInfo computerName="DESKTOP-RSFFHJT" outcome="Warning" timestamp="2025-05-03T19:38:10.3786590-04:00">
        <Text>2025-05-03T23:38:10.377Z pw:api waiting for Locator("table[id='vertically-scrolled-table']").Locator("tbody tr").Nth(8).Locator("td span[class='text-ellipsis']")</Text>
      </RunInfo>
      <RunInfo computerName="DESKTOP-RSFFHJT" outcome="Warning" timestamp="2025-05-03T19:38:10.3800887-04:00">
        <Text>2025-05-03T23:38:10.379Z pw:api   locator resolved to &lt;span id="a77e3aff4" class="text-ellipsis"&gt;Fuga iste architecto quo eos tempora. Autem volupΓÇª&lt;/span&gt;</Text>
      </RunInfo>
      <RunInfo computerName="DESKTOP-RSFFHJT" outcome="Warning" timestamp="2025-05-03T19:38:10.3806274-04:00">
        <Text>2025-05-03T23:38:10.379Z pw:api waiting for Locator("table[id='vertically-scrolled-table']").Locator("tbody tr").Nth(8).Locator("td[class='  text-end']")</Text>
      </RunInfo>
      <RunInfo computerName="DESKTOP-RSFFHJT" outcome="Warning" timestamp="2025-05-03T19:38:10.3822603-04:00">
        <Text>2025-05-03T23:38:10.381Z pw:api   locator resolved to &lt;td class="  text-end"&gt;$971.00&lt;/td&gt;</Text>
      </RunInfo>
      <RunInfo computerName="DESKTOP-RSFFHJT" outcome="Warning" timestamp="2025-05-03T19:38:10.3828562-04:00">
        <Text>2025-05-03T23:38:10.381Z pw:api waiting for Locator("table[id='vertically-scrolled-table']").Locator("tbody tr").Nth(9)</Text>
      </RunInfo>
      <RunInfo computerName="DESKTOP-RSFFHJT" outcome="Warning" timestamp="2025-05-03T19:38:10.3841987-04:00">
        <Text>2025-05-03T23:38:10.383Z pw:api   locator resolved to &lt;tr tabindex="-1" id="ember535" class="ember-view   "&gt;ΓÇª&lt;/tr&gt;</Text>
      </RunInfo>
      <RunInfo computerName="DESKTOP-RSFFHJT" outcome="Warning" timestamp="2025-05-03T19:38:10.3848674-04:00">
        <Text>2025-05-03T23:38:10.383Z pw:api waiting for Locator("table[id='vertically-scrolled-table']").Locator("tbody tr").Nth(9).Locator("a")</Text>
      </RunInfo>
      <RunInfo computerName="DESKTOP-RSFFHJT" outcome="Warning" timestamp="2025-05-03T19:38:10.3862051-04:00">
        <Text>2025-05-03T23:38:10.385Z pw:api   locator resolved to &lt;a id="ember639" class="ember-view text-break " href="#/inventory/items/6620000005381009?filter_by=Status.Active&amp;sort_column=created_time&amp;sort_order=D"&gt;Composite Item 1&lt;/a&gt;</Text>
      </RunInfo>
      <RunInfo computerName="DESKTOP-RSFFHJT" outcome="Warning" timestamp="2025-05-03T19:38:10.3867108-04:00">
        <Text>2025-05-03T23:38:10.385Z pw:api waiting for Locator("table[id='vertically-scrolled-table']").Locator("tbody tr").Nth(9).Locator("td:nth-child(3)")</Text>
      </RunInfo>
      <RunInfo computerName="DESKTOP-RSFFHJT" outcome="Warning" timestamp="2025-05-03T19:38:10.3882477-04:00">
        <Text>2025-05-03T23:38:10.387Z pw:api   locator resolved to &lt;td class=" "&gt;66696&lt;/td&gt;</Text>
      </RunInfo>
      <RunInfo computerName="DESKTOP-RSFFHJT" outcome="Warning" timestamp="2025-05-03T19:38:10.3886954-04:00">
        <Text>2025-05-03T23:38:10.387Z pw:api waiting for Locator("table[id='vertically-scrolled-table']").Locator("tbody tr").Nth(9).Locator("td:nth-child(4)")</Text>
      </RunInfo>
      <RunInfo computerName="DESKTOP-RSFFHJT" outcome="Warning" timestamp="2025-05-03T19:38:10.3901152-04:00">
        <Text>2025-05-03T23:38:10.389Z pw:api   locator resolved to &lt;td class=" "&gt;Goods&lt;/td&gt;</Text>
      </RunInfo>
      <RunInfo computerName="DESKTOP-RSFFHJT" outcome="Warning" timestamp="2025-05-03T19:38:10.3906153-04:00">
        <Text>2025-05-03T23:38:10.389Z pw:api waiting for Locator("table[id='vertically-scrolled-table']").Locator("tbody tr").Nth(9).Locator("td span[class='text-ellipsis']")</Text>
      </RunInfo>
      <RunInfo computerName="DESKTOP-RSFFHJT" outcome="Warning" timestamp="2025-05-03T19:38:10.3928339-04:00">
        <Text>2025-05-03T23:38:10.391Z pw:api   locator resolved to &lt;span id="ae536c17e" class="text-ellipsis"&gt;Fuga iste architecto quo eos tempora. Autem volupΓÇª&lt;/span&gt;</Text>
      </RunInfo>
      <RunInfo computerName="DESKTOP-RSFFHJT" outcome="Warning" timestamp="2025-05-03T19:38:10.3934532-04:00">
        <Text>2025-05-03T23:38:10.392Z pw:api waiting for Locator("table[id='vertically-scrolled-table']").Locator("tbody tr").Nth(9).Locator("td[class='  text-end']")</Text>
      </RunInfo>
      <RunInfo computerName="DESKTOP-RSFFHJT" outcome="Warning" timestamp="2025-05-03T19:38:10.3952043-04:00">
        <Text>2025-05-03T23:38:10.394Z pw:api   locator resolved to &lt;td class="  text-end"&gt;$80.00&lt;/td&gt;</Text>
      </RunInfo>
      <RunInfo computerName="DESKTOP-RSFFHJT" outcome="Warning" timestamp="2025-05-03T19:38:10.3958216-04:00">
        <Text>2025-05-03T23:38:10.394Z pw:api waiting for Locator("table[id='vertically-scrolled-table']").Locator("tbody tr").Nth(10)</Text>
      </RunInfo>
      <RunInfo computerName="DESKTOP-RSFFHJT" outcome="Warning" timestamp="2025-05-03T19:38:10.3972636-04:00">
        <Text>2025-05-03T23:38:10.396Z pw:api   locator resolved to &lt;tr tabindex="-1" id="ember541" class="ember-view   "&gt;ΓÇª&lt;/tr&gt;</Text>
      </RunInfo>
      <RunInfo computerName="DESKTOP-RSFFHJT" outcome="Warning" timestamp="2025-05-03T19:38:10.3979254-04:00">
        <Text>2025-05-03T23:38:10.396Z pw:api waiting for Locator("table[id='vertically-scrolled-table']").Locator("tbody tr").Nth(10).Locator("a")</Text>
      </RunInfo>
      <RunInfo computerName="DESKTOP-RSFFHJT" outcome="Warning" timestamp="2025-05-03T19:38:10.3996301-04:00">
        <Text>2025-05-03T23:38:10.398Z pw:api   locator resolved to &lt;a id="ember641" class="ember-view text-break " href="#/inventory/items/6620000005381010?filter_by=Status.Active&amp;sort_column=created_time&amp;sort_order=D"&gt;Composite Item 2&lt;/a&gt;</Text>
      </RunInfo>
      <RunInfo computerName="DESKTOP-RSFFHJT" outcome="Warning" timestamp="2025-05-03T19:38:10.4001879-04:00">
        <Text>2025-05-03T23:38:10.399Z pw:api waiting for Locator("table[id='vertically-scrolled-table']").Locator("tbody tr").Nth(10).Locator("td:nth-child(3)")</Text>
      </RunInfo>
      <RunInfo computerName="DESKTOP-RSFFHJT" outcome="Warning" timestamp="2025-05-03T19:38:10.4017720-04:00">
        <Text>2025-05-03T23:38:10.400Z pw:api   locator resolved to &lt;td class=" "&gt;66696&lt;/td&gt;</Text>
      </RunInfo>
      <RunInfo computerName="DESKTOP-RSFFHJT" outcome="Warning" timestamp="2025-05-03T19:38:10.4023375-04:00">
        <Text>2025-05-03T23:38:10.401Z pw:api waiting for Locator("table[id='vertically-scrolled-table']").Locator("tbody tr").Nth(10).Locator("td:nth-child(4)")</Text>
      </RunInfo>
      <RunInfo computerName="DESKTOP-RSFFHJT" outcome="Warning" timestamp="2025-05-03T19:38:10.4037812-04:00">
        <Text>2025-05-03T23:38:10.402Z pw:api   locator resolved to &lt;td class=" "&gt;Goods&lt;/td&gt;</Text>
      </RunInfo>
      <RunInfo computerName="DESKTOP-RSFFHJT" outcome="Warning" timestamp="2025-05-03T19:38:10.4043445-04:00">
        <Text>2025-05-03T23:38:10.403Z pw:api waiting for Locator("table[id='vertically-scrolled-table']").Locator("tbody tr").Nth(10).Locator("td span[class='text-ellipsis']")</Text>
      </RunInfo>
      <RunInfo computerName="DESKTOP-RSFFHJT" outcome="Warning" timestamp="2025-05-03T19:38:10.4061976-04:00">
        <Text>2025-05-03T23:38:10.405Z pw:api   locator resolved to &lt;span id="afbe528d0" class="text-ellipsis"&gt;Fuga iste architecto quo eos tempora. Autem volupΓÇª&lt;/span&gt;</Text>
      </RunInfo>
      <RunInfo computerName="DESKTOP-RSFFHJT" outcome="Warning" timestamp="2025-05-03T19:38:10.4068958-04:00">
        <Text>2025-05-03T23:38:10.405Z pw:api waiting for Locator("table[id='vertically-scrolled-table']").Locator("tbody tr").Nth(10).Locator("td[class='  text-end']")</Text>
      </RunInfo>
      <RunInfo computerName="DESKTOP-RSFFHJT" outcome="Warning" timestamp="2025-05-03T19:38:10.4093051-04:00">
        <Text>2025-05-03T23:38:10.408Z pw:api   locator resolved to &lt;td class="  text-end"&gt;$737.00&lt;/td&gt;</Text>
      </RunInfo>
      <RunInfo computerName="DESKTOP-RSFFHJT" outcome="Warning" timestamp="2025-05-03T19:38:10.4100442-04:00">
        <Text>2025-05-03T23:38:10.409Z pw:api waiting for Locator("table[id='vertically-scrolled-table']").Locator("tbody tr").Nth(11)</Text>
      </RunInfo>
      <RunInfo computerName="DESKTOP-RSFFHJT" outcome="Warning" timestamp="2025-05-03T19:38:10.4115818-04:00">
        <Text>2025-05-03T23:38:10.410Z pw:api   locator resolved to &lt;tr tabindex="-1" id="ember547" class="ember-view   "&gt;ΓÇª&lt;/tr&gt;</Text>
      </RunInfo>
      <RunInfo computerName="DESKTOP-RSFFHJT" outcome="Warning" timestamp="2025-05-03T19:38:10.4120832-04:00">
        <Text>2025-05-03T23:38:10.411Z pw:api waiting for Locator("table[id='vertically-scrolled-table']").Locator("tbody tr").Nth(11).Locator("a")</Text>
      </RunInfo>
      <RunInfo computerName="DESKTOP-RSFFHJT" outcome="Warning" timestamp="2025-05-03T19:38:10.4133868-04:00">
        <Text>2025-05-03T23:38:10.412Z pw:api   locator resolved to &lt;a id="ember643" class="ember-view text-break " href="#/inventory/items/6620000005381011?filter_by=Status.Active&amp;sort_column=created_time&amp;sort_order=D"&gt;Composite Item 3&lt;/a&gt;</Text>
      </RunInfo>
      <RunInfo computerName="DESKTOP-RSFFHJT" outcome="Warning" timestamp="2025-05-03T19:38:10.4137817-04:00">
        <Text>2025-05-03T23:38:10.412Z pw:api waiting for Locator("table[id='vertically-scrolled-table']").Locator("tbody tr").Nth(11).Locator("td:nth-child(3)")</Text>
      </RunInfo>
      <RunInfo computerName="DESKTOP-RSFFHJT" outcome="Warning" timestamp="2025-05-03T19:38:10.4150483-04:00">
        <Text>2025-05-03T23:38:10.414Z pw:api   locator resolved to &lt;td class=" "&gt;66696&lt;/td&gt;</Text>
      </RunInfo>
      <RunInfo computerName="DESKTOP-RSFFHJT" outcome="Warning" timestamp="2025-05-03T19:38:10.4157633-04:00">
        <Text>2025-05-03T23:38:10.414Z pw:api waiting for Locator("table[id='vertically-scrolled-table']").Locator("tbody tr").Nth(11).Locator("td:nth-child(4)")</Text>
      </RunInfo>
      <RunInfo computerName="DESKTOP-RSFFHJT" outcome="Warning" timestamp="2025-05-03T19:38:10.4171293-04:00">
        <Text>2025-05-03T23:38:10.416Z pw:api   locator resolved to &lt;td class=" "&gt;Goods&lt;/td&gt;</Text>
      </RunInfo>
      <RunInfo computerName="DESKTOP-RSFFHJT" outcome="Warning" timestamp="2025-05-03T19:38:10.4177117-04:00">
        <Text>2025-05-03T23:38:10.416Z pw:api waiting for Locator("table[id='vertically-scrolled-table']").Locator("tbody tr").Nth(11).Locator("td span[class='text-ellipsis']")</Text>
      </RunInfo>
      <RunInfo computerName="DESKTOP-RSFFHJT" outcome="Warning" timestamp="2025-05-03T19:38:10.4193269-04:00">
        <Text>2025-05-03T23:38:10.418Z pw:api   locator resolved to &lt;span id="a8addbd23" class="text-ellipsis"&gt;Fuga iste architecto quo eos tempora. Autem volupΓÇª&lt;/span&gt;</Text>
      </RunInfo>
      <RunInfo computerName="DESKTOP-RSFFHJT" outcome="Warning" timestamp="2025-05-03T19:38:10.4197772-04:00">
        <Text>2025-05-03T23:38:10.418Z pw:api waiting for Locator("table[id='vertically-scrolled-table']").Locator("tbody tr").Nth(11).Locator("td[class='  text-end']")</Text>
      </RunInfo>
      <RunInfo computerName="DESKTOP-RSFFHJT" outcome="Warning" timestamp="2025-05-03T19:38:10.4212001-04:00">
        <Text>2025-05-03T23:38:10.420Z pw:api   locator resolved to &lt;td class="  text-end"&gt;$38.00&lt;/td&gt;</Text>
      </RunInfo>
      <RunInfo computerName="DESKTOP-RSFFHJT" outcome="Warning" timestamp="2025-05-03T19:38:10.4218854-04:00">
        <Text>2025-05-03T23:38:10.420Z pw:api waiting for Locator("table[id='vertically-scrolled-table']").Locator("tbody tr").Nth(12)</Text>
      </RunInfo>
      <RunInfo computerName="DESKTOP-RSFFHJT" outcome="Warning" timestamp="2025-05-03T19:38:10.4232030-04:00">
        <Text>2025-05-03T23:38:10.422Z pw:api   locator resolved to &lt;tr tabindex="-1" id="ember553" class="ember-view   "&gt;ΓÇª&lt;/tr&gt;</Text>
      </RunInfo>
      <RunInfo computerName="DESKTOP-RSFFHJT" outcome="Warning" timestamp="2025-05-03T19:38:10.4238029-04:00">
        <Text>2025-05-03T23:38:10.422Z pw:api waiting for Locator("table[id='vertically-scrolled-table']").Locator("tbody tr").Nth(12).Locator("a")</Text>
      </RunInfo>
      <RunInfo computerName="DESKTOP-RSFFHJT" outcome="Warning" timestamp="2025-05-03T19:38:10.4258760-04:00">
        <Text>2025-05-03T23:38:10.424Z pw:api   locator resolved to &lt;a id="ember645" class="ember-view text-break " href="#/inventory/items/6620000005381012?filter_by=Status.Active&amp;sort_column=created_time&amp;sort_order=D"&gt;Composite Item 4&lt;/a&gt;</Text>
      </RunInfo>
      <RunInfo computerName="DESKTOP-RSFFHJT" outcome="Warning" timestamp="2025-05-03T19:38:10.4262703-04:00">
        <Text>2025-05-03T23:38:10.425Z pw:api waiting for Locator("table[id='vertically-scrolled-table']").Locator("tbody tr").Nth(12).Locator("td:nth-child(3)")</Text>
      </RunInfo>
      <RunInfo computerName="DESKTOP-RSFFHJT" outcome="Warning" timestamp="2025-05-03T19:38:10.4277820-04:00">
        <Text>2025-05-03T23:38:10.426Z pw:api   locator resolved to &lt;td class=" "&gt;66696&lt;/td&gt;</Text>
      </RunInfo>
      <RunInfo computerName="DESKTOP-RSFFHJT" outcome="Warning" timestamp="2025-05-03T19:38:10.4283737-04:00">
        <Text>2025-05-03T23:38:10.427Z pw:api waiting for Locator("table[id='vertically-scrolled-table']").Locator("tbody tr").Nth(12).Locator("td:nth-child(4)")</Text>
      </RunInfo>
      <RunInfo computerName="DESKTOP-RSFFHJT" outcome="Warning" timestamp="2025-05-03T19:38:10.4298286-04:00">
        <Text>2025-05-03T23:38:10.428Z pw:api   locator resolved to &lt;td class=" "&gt;Goods&lt;/td&gt;</Text>
      </RunInfo>
      <RunInfo computerName="DESKTOP-RSFFHJT" outcome="Warning" timestamp="2025-05-03T19:38:10.4302338-04:00">
        <Text>2025-05-03T23:38:10.429Z pw:api waiting for Locator("table[id='vertically-scrolled-table']").Locator("tbody tr").Nth(12).Locator("td span[class='text-ellipsis']")</Text>
      </RunInfo>
      <RunInfo computerName="DESKTOP-RSFFHJT" outcome="Warning" timestamp="2025-05-03T19:38:10.4317651-04:00">
        <Text>2025-05-03T23:38:10.430Z pw:api   locator resolved to &lt;span id="adb1eebc9" class="text-ellipsis"&gt;Fuga iste architecto quo eos tempora. Autem volupΓÇª&lt;/span&gt;</Text>
      </RunInfo>
      <RunInfo computerName="DESKTOP-RSFFHJT" outcome="Warning" timestamp="2025-05-03T19:38:10.4323264-04:00">
        <Text>2025-05-03T23:38:10.431Z pw:api waiting for Locator("table[id='vertically-scrolled-table']").Locator("tbody tr").Nth(12).Locator("td[class='  text-end']")</Text>
      </RunInfo>
      <RunInfo computerName="DESKTOP-RSFFHJT" outcome="Warning" timestamp="2025-05-03T19:38:10.4337573-04:00">
        <Text>2025-05-03T23:38:10.432Z pw:api   locator resolved to &lt;td class="  text-end"&gt;$40.00&lt;/td&gt;</Text>
      </RunInfo>
      <RunInfo computerName="DESKTOP-RSFFHJT" outcome="Warning" timestamp="2025-05-03T19:38:10.4343227-04:00">
        <Text>2025-05-03T23:38:10.433Z pw:api waiting for Locator("table[id='vertically-scrolled-table']").Locator("tbody tr").Nth(13)</Text>
      </RunInfo>
      <RunInfo computerName="DESKTOP-RSFFHJT" outcome="Warning" timestamp="2025-05-03T19:38:10.4353921-04:00">
        <Text>2025-05-03T23:38:10.434Z pw:api   locator resolved to &lt;tr tabindex="-1" id="ember559" class="ember-view table-active  "&gt;ΓÇª&lt;/tr&gt;</Text>
      </RunInfo>
      <RunInfo computerName="DESKTOP-RSFFHJT" outcome="Warning" timestamp="2025-05-03T19:38:10.4359160-04:00">
        <Text>2025-05-03T23:38:10.434Z pw:api waiting for Locator("table[id='vertically-scrolled-table']").Locator("tbody tr").Nth(13).Locator("a")</Text>
      </RunInfo>
      <RunInfo computerName="DESKTOP-RSFFHJT" outcome="Warning" timestamp="2025-05-03T19:38:10.4373566-04:00">
        <Text>2025-05-03T23:38:10.436Z pw:api   locator resolved to &lt;a id="ember647" class="ember-view text-break " href="#/inventory/items/66200000053810013?filter_by=Status.Active&amp;sort_column=created_time&amp;sort_order=D"&gt;TemporaryName&lt;/a&gt;</Text>
      </RunInfo>
      <RunInfo computerName="DESKTOP-RSFFHJT" outcome="Warning" timestamp="2025-05-03T19:38:10.4378745-04:00">
        <Text>2025-05-03T23:38:10.436Z pw:api waiting for Locator("table[id='vertically-scrolled-table']").Locator("tbody tr").Nth(13).Locator("td:nth-child(3)")</Text>
      </RunInfo>
      <RunInfo computerName="DESKTOP-RSFFHJT" outcome="Warning" timestamp="2025-05-03T19:38:10.4394737-04:00">
        <Text>2025-05-03T23:38:10.438Z pw:api   locator resolved to &lt;td class=" "&gt;item 99 sku&lt;/td&gt;</Text>
      </RunInfo>
      <RunInfo computerName="DESKTOP-RSFFHJT" outcome="Warning" timestamp="2025-05-03T19:38:10.4401563-04:00">
        <Text>2025-05-03T23:38:10.439Z pw:api waiting for Locator("table[id='vertically-scrolled-table']").Locator("tbody tr").Nth(13).Locator("td:nth-child(4)")</Text>
      </RunInfo>
      <RunInfo computerName="DESKTOP-RSFFHJT" outcome="Warning" timestamp="2025-05-03T19:38:10.4417506-04:00">
        <Text>2025-05-03T23:38:10.440Z pw:api   locator resolved to &lt;td class=" "&gt;Goods&lt;/td&gt;</Text>
      </RunInfo>
      <RunInfo computerName="DESKTOP-RSFFHJT" outcome="Warning" timestamp="2025-05-03T19:38:10.4425026-04:00">
        <Text>2025-05-03T23:38:10.441Z pw:api waiting for Locator("table[id='vertically-scrolled-table']").Locator("tbody tr").Nth(13).Locator("td span[class='text-ellipsis']")</Text>
      </RunInfo>
      <RunInfo computerName="DESKTOP-RSFFHJT" outcome="Warning" timestamp="2025-05-03T19:38:10.4443312-04:00">
        <Text>2025-05-03T23:38:10.443Z pw:api   locator resolved to &lt;span id="a3830c1fe" class="text-ellipsis"&gt;&lt;/span&gt;</Text>
      </RunInfo>
      <RunInfo computerName="DESKTOP-RSFFHJT" outcome="Warning" timestamp="2025-05-03T19:38:10.4450111-04:00">
        <Text>2025-05-03T23:38:10.444Z pw:api waiting for Locator("table[id='vertically-scrolled-table']").Locator("tbody tr").Nth(13).Locator("td[class='  text-end']")</Text>
      </RunInfo>
      <RunInfo computerName="DESKTOP-RSFFHJT" outcome="Warning" timestamp="2025-05-03T19:38:10.4467043-04:00">
        <Text>2025-05-03T23:38:10.445Z pw:api   locator resolved to &lt;td class="  text-end"&gt;$205&lt;/td&gt;</Text>
      </RunInfo>
    </RunInfos>
  </ResultSummary>
</TestRun>