<?xml version="1.0" encoding="utf-8"?>
<TestRun id="f517d091-e538-4154-aff6-8476dd38f907" name="Eric@DESKTOP-RSFFHJT 2025-05-03 20:01:49" runUser="DESKTOP-RSFFHJT\Eric" xmlns="http://microsoft.com/schemas/VisualStudio/TeamTest/2010">
  <Times creation="2025-05-03T20:01:49.9893552-04:00" queuing="2025-05-03T20:01:49.9893552-04:00" start="2025-05-03T20:01:41.8293631-04:00" finish="2025-05-03T20:02:05.3740719-04:00" />
  <TestSettings name="default" id="c8a93937-0da3-4f0e-9413-74ab37e1e1ec">
    <Deployment runDeploymentRoot="Eric_DESKTOP-RSFFHJT_2025-05-03_20_01_49" />
  </TestSettings>
  <Results>
    <UnitTestResult executionId="6237cce9-50a6-4a8a-a118-0c35cbdfdeae" testId="13c01ae7-6677-2942-057f-6755a44079fb" testName="Test_Inventory_Item_Groups" computerName="DESKTOP-RSFFHJT" duration="00:00:06.5388260" startTime="2025-05-03T20:01:54.4119878-04:00" endTime="2025-05-03T20:02:00.9508134-04:00" testType="13cdc9d9-ddb5-4fa4-a97d-d965ccfc6d4b" outcome="Passed" testListId="8c84fa94-04c1-424b-9868-57a2d4851a1d" relativeResultsDirectory="6237cce9-50a6-4a8a-a118-0c35cbdfdeae" />
    <UnitTestResult executionId="f9fec64e-a76d-46b3-9bca-02f336d53585" testId="1e75d530-a6c5-8a5f-68fb-dab1a6e08d20" testName="Test_Inventory_Items(InventoryManagementSystemFramework.TestDataWorkflows.NavBarWorkflow)" computerName="DESKTOP-RSFFHJT" duration="00:00:04.3879740" startTime="2025-05-03T20:02:00.9509104-04:00" endTime="2025-05-03T20:02:05.3388839-04:00" testType="13cdc9d9-ddb5-4fa4-a97d-d965ccfc6d4b" outcome="Passed" testListId="8c84fa94-04c1-424b-9868-57a2d4851a1d" relativeResultsDirectory="f9fec64e-a76d-46b3-9bca-02f336d53585" />
    <UnitTestResult executionId="bb467d9a-44f6-4347-b79c-f79d41bafd7a" testId="1930542e-b935-a4b4-d77c-35551adc607a" testName="Test_Inventory_Item_Adjustments" computerName="DESKTOP-RSFFHJT" duration="00:00:04.4405279" startTime="2025-05-03T20:01:49.9714083-04:00" endTime="2025-05-03T20:01:54.4119347-04:00" testType="13cdc9d9-ddb5-4fa4-a97d-d965ccfc6d4b" outcome="Passed" testListId="8c84fa94-04c1-424b-9868-57a2d4851a1d" relativeResultsDirectory="bb467d9a-44f6-4347-b79c-f79d41bafd7a" />
    <UnitTestResult executionId="1a64f25b-520c-40e9-be9b-1f7c65810d52" testId="2c491bb4-585c-499e-1f72-5732847fd795" testName="Test_Fill_New_Inv_Item(InventoryManagementSystemFramework.TestDataWorkflows.AddNewItemWorkflow)" computerName="DESKTOP-RSFFHJT" duration="00:00:07.7662500" startTime="2025-05-03T20:01:42.2036702-04:00" endTime="2025-05-03T20:01:49.9698826-04:00" testType="13cdc9d9-ddb5-4fa4-a97d-d965ccfc6d4b" outcome="Passed" testListId="8c84fa94-04c1-424b-9868-57a2d4851a1d" relativeResultsDirectory="1a64f25b-520c-40e9-be9b-1f7c65810d52">
      <Output>
        <StdErr>2025-05-04T00:01:43.036Z pw:api navigating to "https://www.zoho.com/ca/inventory/inventory-software-demo/#/home/inventory-dashboard", waiting until "load"&#xD;
&#xD;
2025-05-04T00:01:43.180Z pw:api   "commit" event fired&#xD;
&#xD;
2025-05-04T00:01:43.180Z pw:api   navigated to "https://www.zoho.com/ca/inventory/inventory-software-demo/#/home/inventory-dashboard"&#xD;
&#xD;
2025-05-04T00:01:44.989Z pw:api   "networkidle" event fired&#xD;
&#xD;
2025-05-04T00:01:45.418Z pw:api   "domcontentloaded" event fired&#xD;
&#xD;
2025-05-04T00:01:46.339Z pw:api   "load" event fired&#xD;
&#xD;
2025-05-04T00:01:46.380Z pw:api waiting for Locator("div[id='main-nav-tab'] a[id*='ember'][class$='nav-link'], div[id='main-nav-tab']  a[id*='ember'][class$='nav-link ']").First&#xD;
&#xD;
2025-05-04T00:01:46.383Z pw:api   locator resolved to &lt;a id="ember79" href="#/home" class="ember-view active nav-link"&gt;ΓÇª&lt;/a&gt;&#xD;
&#xD;
2025-05-04T00:01:46.385Z pw:api waiting for Locator("div[id='main-nav-tab'] a[id*='ember'][class$='nav-link'], div[id='main-nav-tab']  a[id*='ember'][class$='nav-link ']").Nth(1)&#xD;
&#xD;
2025-05-04T00:01:46.388Z pw:api   locator resolved to &lt;a id="ember82" class="collapsed ember-view nav-link "&gt;ΓÇª&lt;/a&gt;&#xD;
&#xD;
2025-05-04T00:01:46.390Z pw:api waiting for Locator("div[id='main-nav-tab'] a[id*='ember'][class$='nav-link'], div[id='main-nav-tab']  a[id*='ember'][class$='nav-link ']").Nth(2)&#xD;
&#xD;
2025-05-04T00:01:46.392Z pw:api   locator resolved to &lt;a id="ember86" href="#/inventory/items" class="ember-view nav-link"&gt;ΓÇª&lt;/a&gt;&#xD;
&#xD;
2025-05-04T00:01:46.393Z pw:api waiting for Locator("div[id='main-nav-tab'] a[id*='ember'][class$='nav-link'], div[id='main-nav-tab']  a[id*='ember'][class$='nav-link ']").Nth(3)&#xD;
&#xD;
2025-05-04T00:01:46.396Z pw:api   locator resolved to &lt;a id="ember91" class="ember-view nav-link" href="#/inventory/itemgroups"&gt;ΓÇª&lt;/a&gt;&#xD;
&#xD;
2025-05-04T00:01:46.397Z pw:api waiting for Locator("div[id='main-nav-tab'] a[id*='ember'][class$='nav-link'], div[id='main-nav-tab']  a[id*='ember'][class$='nav-link ']").Nth(4)&#xD;
&#xD;
2025-05-04T00:01:46.400Z pw:api   locator resolved to &lt;a id="ember97" class="ember-view nav-link" href="#/inventory/adjustments"&gt;ΓÇª&lt;/a&gt;&#xD;
&#xD;
2025-05-04T00:01:46.401Z pw:api waiting for Locator("div[id='main-nav-tab'] a[id*='ember'][class$='nav-link'], div[id='main-nav-tab']  a[id*='ember'][class$='nav-link ']").Nth(5)&#xD;
&#xD;
2025-05-04T00:01:46.403Z pw:api   locator resolved to &lt;a id="ember104" class="collapsed ember-view nav-link "&gt;ΓÇª&lt;/a&gt;&#xD;
&#xD;
2025-05-04T00:01:46.404Z pw:api waiting for Locator("div[id='main-nav-tab'] a[id*='ember'][class$='nav-link'], div[id='main-nav-tab']  a[id*='ember'][class$='nav-link ']").Nth(6)&#xD;
&#xD;
2025-05-04T00:01:46.406Z pw:api   locator resolved to &lt;a id="ember108" href="#/contacts" class="ember-view nav-link"&gt;ΓÇª&lt;/a&gt;&#xD;
&#xD;
2025-05-04T00:01:46.407Z pw:api waiting for Locator("div[id='main-nav-tab'] a[id*='ember'][class$='nav-link'], div[id='main-nav-tab']  a[id*='ember'][class$='nav-link ']").Nth(7)&#xD;
&#xD;
2025-05-04T00:01:46.409Z pw:api   locator resolved to &lt;a id="ember114" href="#/salesorders" class="ember-view nav-link"&gt;ΓÇª&lt;/a&gt;&#xD;
&#xD;
2025-05-04T00:01:46.411Z pw:api waiting for Locator("div[id='main-nav-tab'] a[id*='ember'][class$='nav-link'], div[id='main-nav-tab']  a[id*='ember'][class$='nav-link ']").Nth(8)&#xD;
&#xD;
2025-05-04T00:01:46.413Z pw:api   locator resolved to &lt;a id="ember121" href="#/packages" class="ember-view nav-link"&gt;ΓÇª&lt;/a&gt;&#xD;
&#xD;
2025-05-04T00:01:46.415Z pw:api waiting for Locator("div[id='main-nav-tab'] a[id*='ember'][class$='nav-link'], div[id='main-nav-tab']  a[id*='ember'][class$='nav-link ']").Nth(9)&#xD;
&#xD;
2025-05-04T00:01:46.417Z pw:api   locator resolved to &lt;a id="ember125" href="#/shipments" class="ember-view nav-link"&gt;ΓÇª&lt;/a&gt;&#xD;
&#xD;
2025-05-04T00:01:46.417Z pw:api waiting for Locator("div[id='main-nav-tab'] a[id*='ember'][class$='nav-link'], div[id='main-nav-tab']  a[id*='ember'][class$='nav-link ']").Nth(10)&#xD;
&#xD;
2025-05-04T00:01:46.420Z pw:api   locator resolved to &lt;a id="ember129" href="#/invoices" class="ember-view nav-link"&gt;ΓÇª&lt;/a&gt;&#xD;
&#xD;
2025-05-04T00:01:46.421Z pw:api waiting for Locator("div[id='main-nav-tab'] a[id*='ember'][class$='nav-link'], div[id='main-nav-tab']  a[id*='ember'][class$='nav-link ']").Nth(11)&#xD;
&#xD;
2025-05-04T00:01:46.423Z pw:api   locator resolved to &lt;a id="ember134" href="#/paymentsreceived" class="ember-view nav-link"&gt;ΓÇª&lt;/a&gt;&#xD;
&#xD;
2025-05-04T00:01:46.424Z pw:api waiting for Locator("div[id='main-nav-tab'] a[id*='ember'][class$='nav-link'], div[id='main-nav-tab']  a[id*='ember'][class$='nav-link ']").Nth(12)&#xD;
&#xD;
2025-05-04T00:01:46.426Z pw:api   locator resolved to &lt;a id="ember140" href="#/salesreturns" class="ember-view nav-link"&gt;ΓÇª&lt;/a&gt;&#xD;
&#xD;
2025-05-04T00:01:46.427Z pw:api waiting for Locator("div[id='main-nav-tab'] a[id*='ember'][class$='nav-link'], div[id='main-nav-tab']  a[id*='ember'][class$='nav-link ']").Nth(13)&#xD;
&#xD;
2025-05-04T00:01:46.430Z pw:api   locator resolved to &lt;a id="ember143" href="#/creditnotes" class="ember-view nav-link"&gt;ΓÇª&lt;/a&gt;&#xD;
&#xD;
2025-05-04T00:01:46.431Z pw:api waiting for Locator("div[id='main-nav-tab'] a[id*='ember'][class$='nav-link'], div[id='main-nav-tab']  a[id*='ember'][class$='nav-link ']").Nth(14)&#xD;
&#xD;
2025-05-04T00:01:46.433Z pw:api   locator resolved to &lt;a id="ember147" class="collapsed ember-view nav-link "&gt;ΓÇª&lt;/a&gt;&#xD;
&#xD;
2025-05-04T00:01:46.434Z pw:api waiting for Locator("div[id='main-nav-tab'] a[id*='ember'][class$='nav-link'], div[id='main-nav-tab']  a[id*='ember'][class$='nav-link ']").Nth(15)&#xD;
&#xD;
2025-05-04T00:01:46.436Z pw:api   locator resolved to &lt;a id="ember151" href="#/vendors" class="ember-view nav-link"&gt;ΓÇª&lt;/a&gt;&#xD;
&#xD;
2025-05-04T00:01:46.437Z pw:api waiting for Locator("div[id='main-nav-tab'] a[id*='ember'][class$='nav-link'], div[id='main-nav-tab']  a[id*='ember'][class$='nav-link ']").Nth(16)&#xD;
&#xD;
2025-05-04T00:01:46.439Z pw:api   locator resolved to &lt;a id="ember155" href="#/expenses" class="ember-view nav-link"&gt;ΓÇª&lt;/a&gt;&#xD;
&#xD;
2025-05-04T00:01:46.440Z pw:api waiting for Locator("div[id='main-nav-tab'] a[id*='ember'][class$='nav-link'], div[id='main-nav-tab']  a[id*='ember'][class$='nav-link ']").Nth(17)&#xD;
&#xD;
2025-05-04T00:01:46.442Z pw:api   locator resolved to &lt;a id="ember159" href="#/purchaseorders" class="ember-view nav-link"&gt;ΓÇª&lt;/a&gt;&#xD;
&#xD;
2025-05-04T00:01:46.442Z pw:api waiting for Locator("div[id='main-nav-tab'] a[id*='ember'][class$='nav-link'], div[id='main-nav-tab']  a[id*='ember'][class$='nav-link ']").Nth(18)&#xD;
&#xD;
2025-05-04T00:01:46.446Z pw:api   locator resolved to &lt;a id="ember163" href="#/purchasereceives" class="ember-view nav-link"&gt;ΓÇª&lt;/a&gt;&#xD;
&#xD;
2025-05-04T00:01:46.447Z pw:api waiting for Locator("div[id='main-nav-tab'] a[id*='ember'][class$='nav-link'], div[id='main-nav-tab']  a[id*='ember'][class$='nav-link ']").Nth(19)&#xD;
&#xD;
2025-05-04T00:01:46.449Z pw:api   locator resolved to &lt;a id="ember168" href="#/bills" class="ember-view nav-link"&gt;ΓÇª&lt;/a&gt;&#xD;
&#xD;
2025-05-04T00:01:46.450Z pw:api waiting for Locator("div[id='main-nav-tab'] a[id*='ember'][class$='nav-link'], div[id='main-nav-tab']  a[id*='ember'][class$='nav-link ']").Nth(20)&#xD;
&#xD;
2025-05-04T00:01:46.452Z pw:api   locator resolved to &lt;a id="ember172" href="#/paymentsmade" class="ember-view nav-link"&gt;ΓÇª&lt;/a&gt;&#xD;
&#xD;
2025-05-04T00:01:46.453Z pw:api waiting for Locator("div[id='main-nav-tab'] a[id*='ember'][class$='nav-link'], div[id='main-nav-tab']  a[id*='ember'][class$='nav-link ']").Nth(21)&#xD;
&#xD;
2025-05-04T00:01:46.454Z pw:api   locator resolved to &lt;a id="ember177" href="#/vendorcredits" class="ember-view nav-link"&gt;ΓÇª&lt;/a&gt;&#xD;
&#xD;
2025-05-04T00:01:46.455Z pw:api waiting for Locator("div[id='main-nav-tab'] a[id*='ember'][class$='nav-link'], div[id='main-nav-tab']  a[id*='ember'][class$='nav-link ']").Nth(22)&#xD;
&#xD;
2025-05-04T00:01:46.457Z pw:api   locator resolved to &lt;a id="ember181" class="ember-view nav-link" href="#/settings/integrations"&gt;ΓÇª&lt;/a&gt;&#xD;
&#xD;
2025-05-04T00:01:46.458Z pw:api waiting for Locator("div[id='main-nav-tab'] a[id*='ember'][class$='nav-link'], div[id='main-nav-tab']  a[id*='ember'][class$='nav-link ']").Nth(23)&#xD;
&#xD;
2025-05-04T00:01:46.460Z pw:api   locator resolved to &lt;a id="ember184" href="#/reports" class="ember-view nav-link"&gt;ΓÇª&lt;/a&gt;&#xD;
&#xD;
2025-05-04T00:01:46.461Z pw:api waiting for Locator("div[id='main-nav-tab'] a[id*='ember'][class$='nav-link'], div[id='main-nav-tab']  a[id*='ember'][class$='nav-link ']").Nth(24)&#xD;
&#xD;
2025-05-04T00:01:46.464Z pw:api   locator resolved to &lt;a id="ember187" href="#/documents/inbox" class="ember-view nav-link"&gt;ΓÇª&lt;/a&gt;&#xD;
&#xD;
2025-05-04T00:01:46.466Z pw:api waiting for Locator("div[id='main-nav-tab'] a[id*='ember'][class$='nav-link'], div[id='main-nav-tab']  a[id*='ember'][class$='nav-link ']").Nth(1)&#xD;
&#xD;
2025-05-04T00:01:46.469Z pw:api   locator resolved to &lt;a id="ember82" class="collapsed ember-view nav-link "&gt;ΓÇª&lt;/a&gt;&#xD;
&#xD;
2025-05-04T00:01:46.470Z pw:api attempting click action&#xD;
&#xD;
2025-05-04T00:01:46.471Z pw:api   waiting for element to be visible, enabled and stable&#xD;
&#xD;
2025-05-04T00:01:46.494Z pw:api   element is visible, enabled and stable&#xD;
&#xD;
2025-05-04T00:01:46.494Z pw:api   scrolling into view if needed&#xD;
&#xD;
2025-05-04T00:01:46.495Z pw:api   done scrolling&#xD;
&#xD;
2025-05-04T00:01:46.499Z pw:api   performing click action&#xD;
&#xD;
2025-05-04T00:01:46.508Z pw:api   click action done&#xD;
&#xD;
2025-05-04T00:01:46.508Z pw:api   waiting for scheduled navigations to finish&#xD;
&#xD;
2025-05-04T00:01:46.508Z pw:api   navigations have finished&#xD;
&#xD;
2025-05-04T00:01:46.512Z pw:api waiting for Locator("div[id='main-nav-tab'] a[id*='ember'][class$='nav-link'], div[id='main-nav-tab']  a[id*='ember'][class$='nav-link ']").First&#xD;
&#xD;
2025-05-04T00:01:46.514Z pw:api   locator resolved to &lt;a id="ember79" href="#/home" class="ember-view active nav-link"&gt;ΓÇª&lt;/a&gt;&#xD;
&#xD;
2025-05-04T00:01:46.515Z pw:api waiting for Locator("div[id='main-nav-tab'] a[id*='ember'][class$='nav-link'], div[id='main-nav-tab']  a[id*='ember'][class$='nav-link ']").Nth(1)&#xD;
&#xD;
2025-05-04T00:01:46.519Z pw:api   locator resolved to &lt;a id="ember82" class="ember-view nav-link "&gt;ΓÇª&lt;/a&gt;&#xD;
&#xD;
2025-05-04T00:01:46.520Z pw:api waiting for Locator("div[id='main-nav-tab'] a[id*='ember'][class$='nav-link'], div[id='main-nav-tab']  a[id*='ember'][class$='nav-link ']").Nth(2)&#xD;
&#xD;
2025-05-04T00:01:46.522Z pw:api   locator resolved to &lt;a id="ember86" href="#/inventory/items" class="ember-view nav-link"&gt;ΓÇª&lt;/a&gt;&#xD;
&#xD;
2025-05-04T00:01:46.523Z pw:api waiting for Locator("div[id='main-nav-tab'] a[id*='ember'][class$='nav-link'], div[id='main-nav-tab']  a[id*='ember'][class$='nav-link ']").Nth(3)&#xD;
&#xD;
2025-05-04T00:01:46.524Z pw:api   locator resolved to &lt;a id="ember91" class="ember-view nav-link" href="#/inventory/itemgroups"&gt;ΓÇª&lt;/a&gt;&#xD;
&#xD;
2025-05-04T00:01:46.525Z pw:api waiting for Locator("div[id='main-nav-tab'] a[id*='ember'][class$='nav-link'], div[id='main-nav-tab']  a[id*='ember'][class$='nav-link ']").Nth(4)&#xD;
&#xD;
2025-05-04T00:01:46.530Z pw:api   locator resolved to &lt;a id="ember97" class="ember-view nav-link" href="#/inventory/adjustments"&gt;ΓÇª&lt;/a&gt;&#xD;
&#xD;
2025-05-04T00:01:46.531Z pw:api waiting for Locator("div[id='main-nav-tab'] a[id*='ember'][class$='nav-link'], div[id='main-nav-tab']  a[id*='ember'][class$='nav-link ']").Nth(5)&#xD;
&#xD;
2025-05-04T00:01:46.534Z pw:api   locator resolved to &lt;a id="ember104" class="collapsed ember-view nav-link "&gt;ΓÇª&lt;/a&gt;&#xD;
&#xD;
2025-05-04T00:01:46.534Z pw:api waiting for Locator("div[id='main-nav-tab'] a[id*='ember'][class$='nav-link'], div[id='main-nav-tab']  a[id*='ember'][class$='nav-link ']").Nth(6)&#xD;
&#xD;
2025-05-04T00:01:46.536Z pw:api   locator resolved to &lt;a id="ember108" href="#/contacts" class="ember-view nav-link"&gt;ΓÇª&lt;/a&gt;&#xD;
&#xD;
2025-05-04T00:01:46.537Z pw:api waiting for Locator("div[id='main-nav-tab'] a[id*='ember'][class$='nav-link'], div[id='main-nav-tab']  a[id*='ember'][class$='nav-link ']").Nth(7)&#xD;
&#xD;
2025-05-04T00:01:46.539Z pw:api   locator resolved to &lt;a id="ember114" href="#/salesorders" class="ember-view nav-link"&gt;ΓÇª&lt;/a&gt;&#xD;
&#xD;
2025-05-04T00:01:46.540Z pw:api waiting for Locator("div[id='main-nav-tab'] a[id*='ember'][class$='nav-link'], div[id='main-nav-tab']  a[id*='ember'][class$='nav-link ']").Nth(8)&#xD;
&#xD;
2025-05-04T00:01:46.541Z pw:api   locator resolved to &lt;a id="ember121" href="#/packages" class="ember-view nav-link"&gt;ΓÇª&lt;/a&gt;&#xD;
&#xD;
2025-05-04T00:01:46.542Z pw:api waiting for Locator("div[id='main-nav-tab'] a[id*='ember'][class$='nav-link'], div[id='main-nav-tab']  a[id*='ember'][class$='nav-link ']").Nth(9)&#xD;
&#xD;
2025-05-04T00:01:46.547Z pw:api   locator resolved to &lt;a id="ember125" href="#/shipments" class="ember-view nav-link"&gt;ΓÇª&lt;/a&gt;&#xD;
&#xD;
2025-05-04T00:01:46.548Z pw:api waiting for Locator("div[id='main-nav-tab'] a[id*='ember'][class$='nav-link'], div[id='main-nav-tab']  a[id*='ember'][class$='nav-link ']").Nth(10)&#xD;
&#xD;
2025-05-04T00:01:46.550Z pw:api   locator resolved to &lt;a id="ember129" href="#/invoices" class="ember-view nav-link"&gt;ΓÇª&lt;/a&gt;&#xD;
&#xD;
2025-05-04T00:01:46.550Z pw:api waiting for Locator("div[id='main-nav-tab'] a[id*='ember'][class$='nav-link'], div[id='main-nav-tab']  a[id*='ember'][class$='nav-link ']").Nth(11)&#xD;
&#xD;
2025-05-04T00:01:46.553Z pw:api   locator resolved to &lt;a id="ember134" href="#/paymentsreceived" class="ember-view nav-link"&gt;ΓÇª&lt;/a&gt;&#xD;
&#xD;
2025-05-04T00:01:46.554Z pw:api waiting for Locator("div[id='main-nav-tab'] a[id*='ember'][class$='nav-link'], div[id='main-nav-tab']  a[id*='ember'][class$='nav-link ']").Nth(12)&#xD;
&#xD;
2025-05-04T00:01:46.557Z pw:api   locator resolved to &lt;a id="ember140" href="#/salesreturns" class="ember-view nav-link"&gt;ΓÇª&lt;/a&gt;&#xD;
&#xD;
2025-05-04T00:01:46.557Z pw:api waiting for Locator("div[id='main-nav-tab'] a[id*='ember'][class$='nav-link'], div[id='main-nav-tab']  a[id*='ember'][class$='nav-link ']").Nth(13)&#xD;
&#xD;
2025-05-04T00:01:46.560Z pw:api   locator resolved to &lt;a id="ember143" href="#/creditnotes" class="ember-view nav-link"&gt;ΓÇª&lt;/a&gt;&#xD;
&#xD;
2025-05-04T00:01:46.561Z pw:api waiting for Locator("div[id='main-nav-tab'] a[id*='ember'][class$='nav-link'], div[id='main-nav-tab']  a[id*='ember'][class$='nav-link ']").Nth(14)&#xD;
&#xD;
2025-05-04T00:01:46.572Z pw:api   locator resolved to &lt;a id="ember147" class="collapsed ember-view nav-link "&gt;ΓÇª&lt;/a&gt;&#xD;
&#xD;
2025-05-04T00:01:46.573Z pw:api waiting for Locator("div[id='main-nav-tab'] a[id*='ember'][class$='nav-link'], div[id='main-nav-tab']  a[id*='ember'][class$='nav-link ']").Nth(15)&#xD;
&#xD;
2025-05-04T00:01:46.575Z pw:api   locator resolved to &lt;a id="ember151" href="#/vendors" class="ember-view nav-link"&gt;ΓÇª&lt;/a&gt;&#xD;
&#xD;
2025-05-04T00:01:46.576Z pw:api waiting for Locator("div[id='main-nav-tab'] a[id*='ember'][class$='nav-link'], div[id='main-nav-tab']  a[id*='ember'][class$='nav-link ']").Nth(16)&#xD;
&#xD;
2025-05-04T00:01:46.581Z pw:api   locator resolved to &lt;a id="ember155" href="#/expenses" class="ember-view nav-link"&gt;ΓÇª&lt;/a&gt;&#xD;
&#xD;
2025-05-04T00:01:46.582Z pw:api waiting for Locator("div[id='main-nav-tab'] a[id*='ember'][class$='nav-link'], div[id='main-nav-tab']  a[id*='ember'][class$='nav-link ']").Nth(17)&#xD;
&#xD;
2025-05-04T00:01:46.584Z pw:api   locator resolved to &lt;a id="ember159" href="#/purchaseorders" class="ember-view nav-link"&gt;ΓÇª&lt;/a&gt;&#xD;
&#xD;
2025-05-04T00:01:46.585Z pw:api waiting for Locator("div[id='main-nav-tab'] a[id*='ember'][class$='nav-link'], div[id='main-nav-tab']  a[id*='ember'][class$='nav-link ']").Nth(18)&#xD;
&#xD;
2025-05-04T00:01:46.588Z pw:api   locator resolved to &lt;a id="ember163" href="#/purchasereceives" class="ember-view nav-link"&gt;ΓÇª&lt;/a&gt;&#xD;
&#xD;
2025-05-04T00:01:46.589Z pw:api waiting for Locator("div[id='main-nav-tab'] a[id*='ember'][class$='nav-link'], div[id='main-nav-tab']  a[id*='ember'][class$='nav-link ']").Nth(19)&#xD;
&#xD;
2025-05-04T00:01:46.591Z pw:api   locator resolved to &lt;a id="ember168" href="#/bills" class="ember-view nav-link"&gt;ΓÇª&lt;/a&gt;&#xD;
&#xD;
2025-05-04T00:01:46.592Z pw:api waiting for Locator("div[id='main-nav-tab'] a[id*='ember'][class$='nav-link'], div[id='main-nav-tab']  a[id*='ember'][class$='nav-link ']").Nth(20)&#xD;
&#xD;
2025-05-04T00:01:46.598Z pw:api   locator resolved to &lt;a id="ember172" href="#/paymentsmade" class="ember-view nav-link"&gt;ΓÇª&lt;/a&gt;&#xD;
&#xD;
2025-05-04T00:01:46.599Z pw:api waiting for Locator("div[id='main-nav-tab'] a[id*='ember'][class$='nav-link'], div[id='main-nav-tab']  a[id*='ember'][class$='nav-link ']").Nth(21)&#xD;
&#xD;
2025-05-04T00:01:46.602Z pw:api   locator resolved to &lt;a id="ember177" href="#/vendorcredits" class="ember-view nav-link"&gt;ΓÇª&lt;/a&gt;&#xD;
&#xD;
2025-05-04T00:01:46.603Z pw:api waiting for Locator("div[id='main-nav-tab'] a[id*='ember'][class$='nav-link'], div[id='main-nav-tab']  a[id*='ember'][class$='nav-link ']").Nth(22)&#xD;
&#xD;
2025-05-04T00:01:46.605Z pw:api   locator resolved to &lt;a id="ember181" class="ember-view nav-link" href="#/settings/integrations"&gt;ΓÇª&lt;/a&gt;&#xD;
&#xD;
2025-05-04T00:01:46.606Z pw:api waiting for Locator("div[id='main-nav-tab'] a[id*='ember'][class$='nav-link'], div[id='main-nav-tab']  a[id*='ember'][class$='nav-link ']").Nth(23)&#xD;
&#xD;
2025-05-04T00:01:46.608Z pw:api   locator resolved to &lt;a id="ember184" href="#/reports" class="ember-view nav-link"&gt;ΓÇª&lt;/a&gt;&#xD;
&#xD;
2025-05-04T00:01:46.609Z pw:api waiting for Locator("div[id='main-nav-tab'] a[id*='ember'][class$='nav-link'], div[id='main-nav-tab']  a[id*='ember'][class$='nav-link ']").Nth(24)&#xD;
&#xD;
2025-05-04T00:01:46.615Z pw:api   locator resolved to &lt;a id="ember187" href="#/documents/inbox" class="ember-view nav-link"&gt;ΓÇª&lt;/a&gt;&#xD;
&#xD;
2025-05-04T00:01:46.616Z pw:api waiting for Locator("div[id='main-nav-tab'] a[id*='ember'][class$='nav-link'], div[id='main-nav-tab']  a[id*='ember'][class$='nav-link ']").Nth(2)&#xD;
&#xD;
2025-05-04T00:01:46.626Z pw:api   locator resolved to &lt;a id="ember86" href="#/inventory/items" class="ember-view nav-link"&gt;ΓÇª&lt;/a&gt;&#xD;
&#xD;
2025-05-04T00:01:46.632Z pw:api attempting click action&#xD;
&#xD;
2025-05-04T00:01:46.632Z pw:api   waiting for element to be visible, enabled and stable&#xD;
&#xD;
2025-05-04T00:01:46.661Z pw:api   element is visible, enabled and stable&#xD;
&#xD;
2025-05-04T00:01:46.661Z pw:api   scrolling into view if needed&#xD;
&#xD;
2025-05-04T00:01:46.662Z pw:api   done scrolling&#xD;
&#xD;
2025-05-04T00:01:46.665Z pw:api   performing click action&#xD;
&#xD;
2025-05-04T00:01:46.687Z pw:api   click action done&#xD;
&#xD;
2025-05-04T00:01:46.687Z pw:api   waiting for scheduled navigations to finish&#xD;
&#xD;
2025-05-04T00:01:46.688Z pw:api   navigations have finished&#xD;
&#xD;
2025-05-04T00:01:46.700Z pw:api waiting for Locator("table[id='vertically-scrolled-table']") to be visible&#xD;
&#xD;
2025-05-04T00:01:47.103Z pw:api   navigated to "https://www.zoho.com/ca/inventory/inventory-software-demo/#/inventory/items"&#xD;
&#xD;
2025-05-04T00:01:47.128Z pw:api   "networkidle" event fired&#xD;
&#xD;
2025-05-04T00:01:47.515Z pw:api   locator resolved to visible &lt;table id="vertically-scrolled-table" class="table zi-table table-hover     header-fixed"&gt;ΓÇª&lt;/table&gt;&#xD;
&#xD;
2025-05-04T00:01:47.519Z pw:api waiting for Locator("table[id='vertically-scrolled-table']").Locator("tbody tr").First&#xD;
&#xD;
2025-05-04T00:01:47.520Z pw:api   locator resolved to &lt;tr tabindex="-1" id="ember310" class="ember-view   "&gt;ΓÇª&lt;/tr&gt;&#xD;
&#xD;
2025-05-04T00:01:47.526Z pw:api waiting for Locator("table[id='vertically-scrolled-table']").Locator("tbody tr").First.Locator("a")&#xD;
&#xD;
2025-05-04T00:01:47.528Z pw:api   locator resolved to &lt;a id="ember314" class="ember-view text-break " href="#/inventory/items/6620000005381000"&gt;Storage Cabinet&lt;/a&gt;&#xD;
&#xD;
2025-05-04T00:01:47.529Z pw:api waiting for Locator("table[id='vertically-scrolled-table']").Locator("tbody tr").First.Locator("td:nth-child(3)")&#xD;
&#xD;
2025-05-04T00:01:47.531Z pw:api   locator resolved to &lt;td class=" "&gt;Item 1 sku&lt;/td&gt;&#xD;
&#xD;
2025-05-04T00:01:47.532Z pw:api waiting for Locator("table[id='vertically-scrolled-table']").Locator("tbody tr").First.Locator("td:nth-child(4)")&#xD;
&#xD;
2025-05-04T00:01:47.533Z pw:api   locator resolved to &lt;td class=" "&gt;Goods&lt;/td&gt;&#xD;
&#xD;
2025-05-04T00:01:47.534Z pw:api waiting for Locator("table[id='vertically-scrolled-table']").Locator("tbody tr").First.Locator("td span[class='text-ellipsis']")&#xD;
&#xD;
2025-05-04T00:01:47.536Z pw:api   locator resolved to &lt;span id="aad8d7b10" class="text-ellipsis"&gt;A versatile storage cabinet with adjustable shelvΓÇª&lt;/span&gt;&#xD;
&#xD;
2025-05-04T00:01:47.536Z pw:api waiting for Locator("table[id='vertically-scrolled-table']").Locator("tbody tr").First.Locator("td[class='  text-end']")&#xD;
&#xD;
2025-05-04T00:01:47.538Z pw:api   locator resolved to &lt;td class="  text-end"&gt;$9052.00&lt;/td&gt;&#xD;
&#xD;
2025-05-04T00:01:47.539Z pw:api waiting for Locator("table[id='vertically-scrolled-table']").Locator("tbody tr").Nth(1)&#xD;
&#xD;
2025-05-04T00:01:47.540Z pw:api   locator resolved to &lt;tr tabindex="-1" id="ember316" class="ember-view   "&gt;ΓÇª&lt;/tr&gt;&#xD;
&#xD;
2025-05-04T00:01:47.541Z pw:api waiting for Locator("table[id='vertically-scrolled-table']").Locator("tbody tr").Nth(1).Locator("a")&#xD;
&#xD;
2025-05-04T00:01:47.542Z pw:api   locator resolved to &lt;a id="ember320" class="ember-view text-break " href="#/inventory/items/6620000005381001"&gt;Storage Cabinet&lt;/a&gt;&#xD;
&#xD;
2025-05-04T00:01:47.543Z pw:api waiting for Locator("table[id='vertically-scrolled-table']").Locator("tbody tr").Nth(1).Locator("td:nth-child(3)")&#xD;
&#xD;
2025-05-04T00:01:47.544Z pw:api   locator resolved to &lt;td class=" "&gt;Item 2 sku&lt;/td&gt;&#xD;
&#xD;
2025-05-04T00:01:47.545Z pw:api waiting for Locator("table[id='vertically-scrolled-table']").Locator("tbody tr").Nth(1).Locator("td:nth-child(4)")&#xD;
&#xD;
2025-05-04T00:01:47.547Z pw:api   locator resolved to &lt;td class=" "&gt;Goods&lt;/td&gt;&#xD;
&#xD;
2025-05-04T00:01:47.547Z pw:api waiting for Locator("table[id='vertically-scrolled-table']").Locator("tbody tr").Nth(1).Locator("td span[class='text-ellipsis']")&#xD;
&#xD;
2025-05-04T00:01:47.549Z pw:api   locator resolved to &lt;span id="a3137d5f3" class="text-ellipsis"&gt;A versatile storage cabinet with adjustable shelvΓÇª&lt;/span&gt;&#xD;
&#xD;
2025-05-04T00:01:47.549Z pw:api waiting for Locator("table[id='vertically-scrolled-table']").Locator("tbody tr").Nth(1).Locator("td[class='  text-end']")&#xD;
&#xD;
2025-05-04T00:01:47.551Z pw:api   locator resolved to &lt;td class="  text-end"&gt;$6711.00&lt;/td&gt;&#xD;
&#xD;
2025-05-04T00:01:47.551Z pw:api waiting for Locator("table[id='vertically-scrolled-table']").Locator("tbody tr").Nth(2)&#xD;
&#xD;
2025-05-04T00:01:47.553Z pw:api   locator resolved to &lt;tr tabindex="-1" id="ember322" class="ember-view   "&gt;ΓÇª&lt;/tr&gt;&#xD;
&#xD;
2025-05-04T00:01:47.553Z pw:api waiting for Locator("table[id='vertically-scrolled-table']").Locator("tbody tr").Nth(2).Locator("a")&#xD;
&#xD;
2025-05-04T00:01:47.555Z pw:api   locator resolved to &lt;a id="ember326" class="ember-view text-break " href="#/inventory/items/6620000005381002"&gt;Executive Office Desk&lt;/a&gt;&#xD;
&#xD;
2025-05-04T00:01:47.555Z pw:api waiting for Locator("table[id='vertically-scrolled-table']").Locator("tbody tr").Nth(2).Locator("td:nth-child(3)")&#xD;
&#xD;
2025-05-04T00:01:47.557Z pw:api   locator resolved to &lt;td class=" "&gt;Item 3 sku&lt;/td&gt;&#xD;
&#xD;
2025-05-04T00:01:47.557Z pw:api waiting for Locator("table[id='vertically-scrolled-table']").Locator("tbody tr").Nth(2).Locator("td:nth-child(4)")&#xD;
&#xD;
2025-05-04T00:01:47.559Z pw:api   locator resolved to &lt;td class=" "&gt;Goods&lt;/td&gt;&#xD;
&#xD;
2025-05-04T00:01:47.559Z pw:api waiting for Locator("table[id='vertically-scrolled-table']").Locator("tbody tr").Nth(2).Locator("td span[class='text-ellipsis']")&#xD;
&#xD;
2025-05-04T00:01:47.561Z pw:api   locator resolved to &lt;span id="a04c0e9a3" class="text-ellipsis"&gt;&lt;/span&gt;&#xD;
&#xD;
2025-05-04T00:01:47.561Z pw:api waiting for Locator("table[id='vertically-scrolled-table']").Locator("tbody tr").Nth(2).Locator("td[class='  text-end']")&#xD;
&#xD;
2025-05-04T00:01:47.563Z pw:api   locator resolved to &lt;td class="  text-end"&gt;&lt;/td&gt;&#xD;
&#xD;
2025-05-04T00:01:47.564Z pw:api waiting for Locator("table[id='vertically-scrolled-table']").Locator("tbody tr").Nth(3)&#xD;
&#xD;
2025-05-04T00:01:47.565Z pw:api   locator resolved to &lt;tr tabindex="-1" id="ember328" class="ember-view   "&gt;ΓÇª&lt;/tr&gt;&#xD;
&#xD;
2025-05-04T00:01:47.566Z pw:api waiting for Locator("table[id='vertically-scrolled-table']").Locator("tbody tr").Nth(3).Locator("a")&#xD;
&#xD;
2025-05-04T00:01:47.568Z pw:api   locator resolved to &lt;a id="ember332" class="ember-view text-break " href="#/inventory/items/6620000005381003"&gt;Storage Cabinet&lt;/a&gt;&#xD;
&#xD;
2025-05-04T00:01:47.568Z pw:api waiting for Locator("table[id='vertically-scrolled-table']").Locator("tbody tr").Nth(3).Locator("td:nth-child(3)")&#xD;
&#xD;
2025-05-04T00:01:47.570Z pw:api   locator resolved to &lt;td class=" "&gt;Item 4 sku&lt;/td&gt;&#xD;
&#xD;
2025-05-04T00:01:47.570Z pw:api waiting for Locator("table[id='vertically-scrolled-table']").Locator("tbody tr").Nth(3).Locator("td:nth-child(4)")&#xD;
&#xD;
2025-05-04T00:01:47.572Z pw:api   locator resolved to &lt;td class=" "&gt;Goods&lt;/td&gt;&#xD;
&#xD;
2025-05-04T00:01:47.573Z pw:api waiting for Locator("table[id='vertically-scrolled-table']").Locator("tbody tr").Nth(3).Locator("td span[class='text-ellipsis']")&#xD;
&#xD;
2025-05-04T00:01:47.574Z pw:api   locator resolved to &lt;span id="a0bae67fa" class="text-ellipsis"&gt;&lt;/span&gt;&#xD;
&#xD;
2025-05-04T00:01:47.575Z pw:api waiting for Locator("table[id='vertically-scrolled-table']").Locator("tbody tr").Nth(3).Locator("td[class='  text-end']")&#xD;
&#xD;
2025-05-04T00:01:47.576Z pw:api   locator resolved to &lt;td class="  text-end"&gt;&lt;/td&gt;&#xD;
&#xD;
2025-05-04T00:01:47.577Z pw:api waiting for Locator("table[id='vertically-scrolled-table']").Locator("tbody tr").Nth(4)&#xD;
&#xD;
2025-05-04T00:01:47.578Z pw:api   locator resolved to &lt;tr tabindex="-1" id="ember334" class="ember-view   "&gt;ΓÇª&lt;/tr&gt;&#xD;
&#xD;
2025-05-04T00:01:47.579Z pw:api waiting for Locator("table[id='vertically-scrolled-table']").Locator("tbody tr").Nth(4).Locator("a")&#xD;
&#xD;
2025-05-04T00:01:47.580Z pw:api   locator resolved to &lt;a id="ember338" class="ember-view text-break " href="#/inventory/items/6620000005381004"&gt;Patio Dining Set&lt;/a&gt;&#xD;
&#xD;
2025-05-04T00:01:47.581Z pw:api waiting for Locator("table[id='vertically-scrolled-table']").Locator("tbody tr").Nth(4).Locator("td:nth-child(3)")&#xD;
&#xD;
2025-05-04T00:01:47.583Z pw:api   locator resolved to &lt;td class=" "&gt;Item 5 sku&lt;/td&gt;&#xD;
&#xD;
2025-05-04T00:01:47.583Z pw:api waiting for Locator("table[id='vertically-scrolled-table']").Locator("tbody tr").Nth(4).Locator("td:nth-child(4)")&#xD;
&#xD;
2025-05-04T00:01:47.585Z pw:api   locator resolved to &lt;td class=" "&gt;Goods&lt;/td&gt;&#xD;
&#xD;
2025-05-04T00:01:47.585Z pw:api waiting for Locator("table[id='vertically-scrolled-table']").Locator("tbody tr").Nth(4).Locator("td span[class='text-ellipsis']")&#xD;
&#xD;
2025-05-04T00:01:47.587Z pw:api   locator resolved to &lt;span id="a8ee9de5b" class="text-ellipsis"&gt;An outdoor dining set with a table and six chairs.&lt;/span&gt;&#xD;
&#xD;
2025-05-04T00:01:47.588Z pw:api waiting for Locator("table[id='vertically-scrolled-table']").Locator("tbody tr").Nth(4).Locator("td[class='  text-end']")&#xD;
&#xD;
2025-05-04T00:01:47.589Z pw:api   locator resolved to &lt;td class="  text-end"&gt;$8630.00&lt;/td&gt;&#xD;
&#xD;
2025-05-04T00:01:47.590Z pw:api waiting for Locator("table[id='vertically-scrolled-table']").Locator("tbody tr").Nth(5)&#xD;
&#xD;
2025-05-04T00:01:47.592Z pw:api   locator resolved to &lt;tr tabindex="-1" id="ember340" class="ember-view   "&gt;ΓÇª&lt;/tr&gt;&#xD;
&#xD;
2025-05-04T00:01:47.592Z pw:api waiting for Locator("table[id='vertically-scrolled-table']").Locator("tbody tr").Nth(5).Locator("a")&#xD;
&#xD;
2025-05-04T00:01:47.594Z pw:api   locator resolved to &lt;a id="ember344" class="ember-view text-break " href="#/inventory/items/6620000005381005"&gt;Dining Table and Chairs Set&lt;/a&gt;&#xD;
&#xD;
2025-05-04T00:01:47.595Z pw:api waiting for Locator("table[id='vertically-scrolled-table']").Locator("tbody tr").Nth(5).Locator("td:nth-child(3)")&#xD;
&#xD;
2025-05-04T00:01:47.596Z pw:api   locator resolved to &lt;td class=" "&gt;Item 6 sku&lt;/td&gt;&#xD;
&#xD;
2025-05-04T00:01:47.597Z pw:api waiting for Locator("table[id='vertically-scrolled-table']").Locator("tbody tr").Nth(5).Locator("td:nth-child(4)")&#xD;
&#xD;
2025-05-04T00:01:47.599Z pw:api   locator resolved to &lt;td class=" "&gt;Goods&lt;/td&gt;&#xD;
&#xD;
2025-05-04T00:01:47.600Z pw:api waiting for Locator("table[id='vertically-scrolled-table']").Locator("tbody tr").Nth(5).Locator("td span[class='text-ellipsis']")&#xD;
&#xD;
2025-05-04T00:01:47.601Z pw:api   locator resolved to &lt;span id="a72b37d01" class="text-ellipsis"&gt;A stylish dining set with a table and four chairs.&lt;/span&gt;&#xD;
&#xD;
2025-05-04T00:01:47.602Z pw:api waiting for Locator("table[id='vertically-scrolled-table']").Locator("tbody tr").Nth(5).Locator("td[class='  text-end']")&#xD;
&#xD;
2025-05-04T00:01:47.603Z pw:api   locator resolved to &lt;td class="  text-end"&gt;$8091.00&lt;/td&gt;&#xD;
&#xD;
2025-05-04T00:01:47.604Z pw:api waiting for Locator("table[id='vertically-scrolled-table']").Locator("tbody tr").Nth(6)&#xD;
&#xD;
2025-05-04T00:01:47.605Z pw:api   locator resolved to &lt;tr tabindex="-1" id="ember346" class="ember-view   "&gt;ΓÇª&lt;/tr&gt;&#xD;
&#xD;
2025-05-04T00:01:47.606Z pw:api waiting for Locator("table[id='vertically-scrolled-table']").Locator("tbody tr").Nth(6).Locator("a")&#xD;
&#xD;
2025-05-04T00:01:47.608Z pw:api   locator resolved to &lt;a id="ember350" class="ember-view text-break " href="#/inventory/items/6620000005381006"&gt;Queen Size Bed&lt;/a&gt;&#xD;
&#xD;
2025-05-04T00:01:47.608Z pw:api waiting for Locator("table[id='vertically-scrolled-table']").Locator("tbody tr").Nth(6).Locator("td:nth-child(3)")&#xD;
&#xD;
2025-05-04T00:01:47.610Z pw:api   locator resolved to &lt;td class=" "&gt;Item 7 sku&lt;/td&gt;&#xD;
&#xD;
2025-05-04T00:01:47.610Z pw:api waiting for Locator("table[id='vertically-scrolled-table']").Locator("tbody tr").Nth(6).Locator("td:nth-child(4)")&#xD;
&#xD;
2025-05-04T00:01:47.612Z pw:api   locator resolved to &lt;td class=" "&gt;Goods&lt;/td&gt;&#xD;
&#xD;
2025-05-04T00:01:47.613Z pw:api waiting for Locator("table[id='vertically-scrolled-table']").Locator("tbody tr").Nth(6).Locator("td span[class='text-ellipsis']")&#xD;
&#xD;
2025-05-04T00:01:47.615Z pw:api   locator resolved to &lt;span id="a2cf919e8" class="text-ellipsis"&gt;Mid-century wooden double bed. Scandinavian-styleΓÇª&lt;/span&gt;&#xD;
&#xD;
2025-05-04T00:01:47.615Z pw:api waiting for Locator("table[id='vertically-scrolled-table']").Locator("tbody tr").Nth(6).Locator("td[class='  text-end']")&#xD;
&#xD;
2025-05-04T00:01:47.617Z pw:api   locator resolved to &lt;td class="  text-end"&gt;$4068.00&lt;/td&gt;&#xD;
&#xD;
2025-05-04T00:01:47.618Z pw:api waiting for Locator("table[id='vertically-scrolled-table']").Locator("tbody tr").Nth(7)&#xD;
&#xD;
2025-05-04T00:01:47.619Z pw:api   locator resolved to &lt;tr tabindex="-1" id="ember352" class="ember-view   "&gt;ΓÇª&lt;/tr&gt;&#xD;
&#xD;
2025-05-04T00:01:47.620Z pw:api waiting for Locator("table[id='vertically-scrolled-table']").Locator("tbody tr").Nth(7).Locator("a")&#xD;
&#xD;
2025-05-04T00:01:47.621Z pw:api   locator resolved to &lt;a id="ember356" class="ember-view text-break " href="#/inventory/items/6620000005381007"&gt;Executive Office Desk&lt;/a&gt;&#xD;
&#xD;
2025-05-04T00:01:47.622Z pw:api waiting for Locator("table[id='vertically-scrolled-table']").Locator("tbody tr").Nth(7).Locator("td:nth-child(3)")&#xD;
&#xD;
2025-05-04T00:01:47.623Z pw:api   locator resolved to &lt;td class=" "&gt;Item 8 sku&lt;/td&gt;&#xD;
&#xD;
2025-05-04T00:01:47.623Z pw:api waiting for Locator("table[id='vertically-scrolled-table']").Locator("tbody tr").Nth(7).Locator("td:nth-child(4)")&#xD;
&#xD;
2025-05-04T00:01:47.625Z pw:api   locator resolved to &lt;td class=" "&gt;Goods&lt;/td&gt;&#xD;
&#xD;
2025-05-04T00:01:47.625Z pw:api waiting for Locator("table[id='vertically-scrolled-table']").Locator("tbody tr").Nth(7).Locator("td span[class='text-ellipsis']")&#xD;
&#xD;
2025-05-04T00:01:47.626Z pw:api   locator resolved to &lt;span id="ad47f5605" class="text-ellipsis"&gt;A spacious executive desk with storage drawers.&lt;/span&gt;&#xD;
&#xD;
2025-05-04T00:01:47.627Z pw:api waiting for Locator("table[id='vertically-scrolled-table']").Locator("tbody tr").Nth(7).Locator("td[class='  text-end']")&#xD;
&#xD;
2025-05-04T00:01:47.629Z pw:api   locator resolved to &lt;td class="  text-end"&gt;$572.00&lt;/td&gt;&#xD;
&#xD;
2025-05-04T00:01:47.630Z pw:api waiting for Locator("table[id='vertically-scrolled-table']").Locator("tbody tr").Nth(8)&#xD;
&#xD;
2025-05-04T00:01:47.631Z pw:api   locator resolved to &lt;tr tabindex="-1" id="ember358" class="ember-view   "&gt;ΓÇª&lt;/tr&gt;&#xD;
&#xD;
2025-05-04T00:01:47.632Z pw:api waiting for Locator("table[id='vertically-scrolled-table']").Locator("tbody tr").Nth(8).Locator("a")&#xD;
&#xD;
2025-05-04T00:01:47.633Z pw:api   locator resolved to &lt;a id="ember362" class="ember-view text-break " href="#/inventory/items/6620000005381008"&gt;Composite Item 0&lt;/a&gt;&#xD;
&#xD;
2025-05-04T00:01:47.633Z pw:api waiting for Locator("table[id='vertically-scrolled-table']").Locator("tbody tr").Nth(8).Locator("td:nth-child(3)")&#xD;
&#xD;
2025-05-04T00:01:47.635Z pw:api   locator resolved to &lt;td class=" "&gt;75790&lt;/td&gt;&#xD;
&#xD;
2025-05-04T00:01:47.635Z pw:api waiting for Locator("table[id='vertically-scrolled-table']").Locator("tbody tr").Nth(8).Locator("td:nth-child(4)")&#xD;
&#xD;
2025-05-04T00:01:47.636Z pw:api   locator resolved to &lt;td class=" "&gt;Service&lt;/td&gt;&#xD;
&#xD;
2025-05-04T00:01:47.637Z pw:api waiting for Locator("table[id='vertically-scrolled-table']").Locator("tbody tr").Nth(8).Locator("td span[class='text-ellipsis']")&#xD;
&#xD;
2025-05-04T00:01:47.638Z pw:api   locator resolved to &lt;span id="a52c70773" class="text-ellipsis"&gt;Inventore corrupti hic ex eum quibusdam. Numquam ΓÇª&lt;/span&gt;&#xD;
&#xD;
2025-05-04T00:01:47.639Z pw:api waiting for Locator("table[id='vertically-scrolled-table']").Locator("tbody tr").Nth(8).Locator("td[class='  text-end']")&#xD;
&#xD;
2025-05-04T00:01:47.640Z pw:api   locator resolved to &lt;td class="  text-end"&gt;$931.00&lt;/td&gt;&#xD;
&#xD;
2025-05-04T00:01:47.641Z pw:api waiting for Locator("table[id='vertically-scrolled-table']").Locator("tbody tr").Nth(9)&#xD;
&#xD;
2025-05-04T00:01:47.642Z pw:api   locator resolved to &lt;tr tabindex="-1" id="ember364" class="ember-view   "&gt;ΓÇª&lt;/tr&gt;&#xD;
&#xD;
2025-05-04T00:01:47.642Z pw:api waiting for Locator("table[id='vertically-scrolled-table']").Locator("tbody tr").Nth(9).Locator("a")&#xD;
&#xD;
2025-05-04T00:01:47.644Z pw:api   locator resolved to &lt;a id="ember368" class="ember-view text-break " href="#/inventory/items/6620000005381009"&gt;Composite Item 1&lt;/a&gt;&#xD;
&#xD;
2025-05-04T00:01:47.645Z pw:api waiting for Locator("table[id='vertically-scrolled-table']").Locator("tbody tr").Nth(9).Locator("td:nth-child(3)")&#xD;
&#xD;
2025-05-04T00:01:47.646Z pw:api   locator resolved to &lt;td class=" "&gt;75790&lt;/td&gt;&#xD;
&#xD;
2025-05-04T00:01:47.647Z pw:api waiting for Locator("table[id='vertically-scrolled-table']").Locator("tbody tr").Nth(9).Locator("td:nth-child(4)")&#xD;
&#xD;
2025-05-04T00:01:47.649Z pw:api   locator resolved to &lt;td class=" "&gt;Service&lt;/td&gt;&#xD;
&#xD;
2025-05-04T00:01:47.649Z pw:api waiting for Locator("table[id='vertically-scrolled-table']").Locator("tbody tr").Nth(9).Locator("td span[class='text-ellipsis']")&#xD;
&#xD;
2025-05-04T00:01:47.651Z pw:api   locator resolved to &lt;span id="a3fe44d32" class="text-ellipsis"&gt;Inventore corrupti hic ex eum quibusdam. Numquam ΓÇª&lt;/span&gt;&#xD;
&#xD;
2025-05-04T00:01:47.651Z pw:api waiting for Locator("table[id='vertically-scrolled-table']").Locator("tbody tr").Nth(9).Locator("td[class='  text-end']")&#xD;
&#xD;
2025-05-04T00:01:47.653Z pw:api   locator resolved to &lt;td class="  text-end"&gt;$771.00&lt;/td&gt;&#xD;
&#xD;
2025-05-04T00:01:47.653Z pw:api waiting for Locator("table[id='vertically-scrolled-table']").Locator("tbody tr").Nth(10)&#xD;
&#xD;
2025-05-04T00:01:47.655Z pw:api   locator resolved to &lt;tr tabindex="-1" id="ember370" class="ember-view   "&gt;ΓÇª&lt;/tr&gt;&#xD;
&#xD;
2025-05-04T00:01:47.655Z pw:api waiting for Locator("table[id='vertically-scrolled-table']").Locator("tbody tr").Nth(10).Locator("a")&#xD;
&#xD;
2025-05-04T00:01:47.657Z pw:api   locator resolved to &lt;a id="ember374" class="ember-view text-break " href="#/inventory/items/6620000005381010"&gt;Composite Item 2&lt;/a&gt;&#xD;
&#xD;
2025-05-04T00:01:47.657Z pw:api waiting for Locator("table[id='vertically-scrolled-table']").Locator("tbody tr").Nth(10).Locator("td:nth-child(3)")&#xD;
&#xD;
2025-05-04T00:01:47.659Z pw:api   locator resolved to &lt;td class=" "&gt;75790&lt;/td&gt;&#xD;
&#xD;
2025-05-04T00:01:47.660Z pw:api waiting for Locator("table[id='vertically-scrolled-table']").Locator("tbody tr").Nth(10).Locator("td:nth-child(4)")&#xD;
&#xD;
2025-05-04T00:01:47.661Z pw:api   locator resolved to &lt;td class=" "&gt;Service&lt;/td&gt;&#xD;
&#xD;
2025-05-04T00:01:47.664Z pw:api waiting for Locator("table[id='vertically-scrolled-table']").Locator("tbody tr").Nth(10).Locator("td span[class='text-ellipsis']")&#xD;
&#xD;
2025-05-04T00:01:47.666Z pw:api   locator resolved to &lt;span id="a57165af1" class="text-ellipsis"&gt;Inventore corrupti hic ex eum quibusdam. Numquam ΓÇª&lt;/span&gt;&#xD;
&#xD;
2025-05-04T00:01:47.667Z pw:api waiting for Locator("table[id='vertically-scrolled-table']").Locator("tbody tr").Nth(10).Locator("td[class='  text-end']")&#xD;
&#xD;
2025-05-04T00:01:47.668Z pw:api   locator resolved to &lt;td class="  text-end"&gt;$122.00&lt;/td&gt;&#xD;
&#xD;
2025-05-04T00:01:47.669Z pw:api waiting for Locator("table[id='vertically-scrolled-table']").Locator("tbody tr").Nth(11)&#xD;
&#xD;
2025-05-04T00:01:47.670Z pw:api   locator resolved to &lt;tr tabindex="-1" id="ember376" class="ember-view   "&gt;ΓÇª&lt;/tr&gt;&#xD;
&#xD;
2025-05-04T00:01:47.671Z pw:api waiting for Locator("table[id='vertically-scrolled-table']").Locator("tbody tr").Nth(11).Locator("a")&#xD;
&#xD;
2025-05-04T00:01:47.672Z pw:api   locator resolved to &lt;a id="ember380" class="ember-view text-break " href="#/inventory/items/6620000005381011"&gt;Composite Item 3&lt;/a&gt;&#xD;
&#xD;
2025-05-04T00:01:47.673Z pw:api waiting for Locator("table[id='vertically-scrolled-table']").Locator("tbody tr").Nth(11).Locator("td:nth-child(3)")&#xD;
&#xD;
2025-05-04T00:01:47.674Z pw:api   locator resolved to &lt;td class=" "&gt;75790&lt;/td&gt;&#xD;
&#xD;
2025-05-04T00:01:47.675Z pw:api waiting for Locator("table[id='vertically-scrolled-table']").Locator("tbody tr").Nth(11).Locator("td:nth-child(4)")&#xD;
&#xD;
2025-05-04T00:01:47.676Z pw:api   locator resolved to &lt;td class=" "&gt;Service&lt;/td&gt;&#xD;
&#xD;
2025-05-04T00:01:47.677Z pw:api waiting for Locator("table[id='vertically-scrolled-table']").Locator("tbody tr").Nth(11).Locator("td span[class='text-ellipsis']")&#xD;
&#xD;
2025-05-04T00:01:47.678Z pw:api   locator resolved to &lt;span id="a1dbf2041" class="text-ellipsis"&gt;Inventore corrupti hic ex eum quibusdam. Numquam ΓÇª&lt;/span&gt;&#xD;
&#xD;
2025-05-04T00:01:47.679Z pw:api waiting for Locator("table[id='vertically-scrolled-table']").Locator("tbody tr").Nth(11).Locator("td[class='  text-end']")&#xD;
&#xD;
2025-05-04T00:01:47.681Z pw:api   locator resolved to &lt;td class="  text-end"&gt;$656.00&lt;/td&gt;&#xD;
&#xD;
2025-05-04T00:01:47.682Z pw:api waiting for Locator("table[id='vertically-scrolled-table']").Locator("tbody tr").Nth(12)&#xD;
&#xD;
2025-05-04T00:01:47.683Z pw:api   locator resolved to &lt;tr tabindex="-1" id="ember382" class="ember-view   "&gt;ΓÇª&lt;/tr&gt;&#xD;
&#xD;
2025-05-04T00:01:47.684Z pw:api waiting for Locator("table[id='vertically-scrolled-table']").Locator("tbody tr").Nth(12).Locator("a")&#xD;
&#xD;
2025-05-04T00:01:47.685Z pw:api   locator resolved to &lt;a id="ember386" class="ember-view text-break " href="#/inventory/items/6620000005381012"&gt;Composite Item 4&lt;/a&gt;&#xD;
&#xD;
2025-05-04T00:01:47.686Z pw:api waiting for Locator("table[id='vertically-scrolled-table']").Locator("tbody tr").Nth(12).Locator("td:nth-child(3)")&#xD;
&#xD;
2025-05-04T00:01:47.688Z pw:api   locator resolved to &lt;td class=" "&gt;75790&lt;/td&gt;&#xD;
&#xD;
2025-05-04T00:01:47.689Z pw:api waiting for Locator("table[id='vertically-scrolled-table']").Locator("tbody tr").Nth(12).Locator("td:nth-child(4)")&#xD;
&#xD;
2025-05-04T00:01:47.690Z pw:api   locator resolved to &lt;td class=" "&gt;Service&lt;/td&gt;&#xD;
&#xD;
2025-05-04T00:01:47.691Z pw:api waiting for Locator("table[id='vertically-scrolled-table']").Locator("tbody tr").Nth(12).Locator("td span[class='text-ellipsis']")&#xD;
&#xD;
2025-05-04T00:01:47.693Z pw:api   locator resolved to &lt;span id="a4d1a185f" class="text-ellipsis"&gt;Inventore corrupti hic ex eum quibusdam. Numquam ΓÇª&lt;/span&gt;&#xD;
&#xD;
2025-05-04T00:01:47.694Z pw:api waiting for Locator("table[id='vertically-scrolled-table']").Locator("tbody tr").Nth(12).Locator("td[class='  text-end']")&#xD;
&#xD;
2025-05-04T00:01:47.696Z pw:api   locator resolved to &lt;td class="  text-end"&gt;$131.00&lt;/td&gt;&#xD;
&#xD;
2025-05-04T00:01:47.697Z pw:api waiting for Locator("button[class='btn btn-primary']")&#xD;
&#xD;
2025-05-04T00:01:47.699Z pw:api   locator resolved to &lt;button data-ember-action="" class="btn btn-primary" data-ember-action-264="264"&gt;ΓÇª&lt;/button&gt;&#xD;
&#xD;
2025-05-04T00:01:47.699Z pw:api attempting click action&#xD;
&#xD;
2025-05-04T00:01:47.699Z pw:api   waiting for element to be visible, enabled and stable&#xD;
&#xD;
2025-05-04T00:01:47.710Z pw:api   element is visible, enabled and stable&#xD;
&#xD;
2025-05-04T00:01:47.710Z pw:api   scrolling into view if needed&#xD;
&#xD;
2025-05-04T00:01:47.710Z pw:api   done scrolling&#xD;
&#xD;
2025-05-04T00:01:47.712Z pw:api   performing click action&#xD;
&#xD;
2025-05-04T00:01:47.728Z pw:api   click action done&#xD;
&#xD;
2025-05-04T00:01:47.728Z pw:api   waiting for scheduled navigations to finish&#xD;
&#xD;
2025-05-04T00:01:47.728Z pw:api   navigations have finished&#xD;
&#xD;
2025-05-04T00:01:47.730Z pw:api waiting for Locator("input[value='goods']")&#xD;
&#xD;
2025-05-04T00:01:48.131Z pw:api   navigated to "https://www.zoho.com/ca/inventory/inventory-software-demo/#/inventory/items/new"&#xD;
&#xD;
2025-05-04T00:01:48.550Z pw:api   locator resolved to &lt;input type="radio" value="goods" id="a9e8c12f3" name="productType" class="ember-view form-check-input"/&gt;&#xD;
&#xD;
2025-05-04T00:01:48.550Z pw:api attempting click action&#xD;
&#xD;
2025-05-04T00:01:48.550Z pw:api   waiting for element to be visible, enabled and stable&#xD;
&#xD;
2025-05-04T00:01:48.560Z pw:api   element is visible, enabled and stable&#xD;
&#xD;
2025-05-04T00:01:48.560Z pw:api   scrolling into view if needed&#xD;
&#xD;
2025-05-04T00:01:48.560Z pw:api   done scrolling&#xD;
&#xD;
2025-05-04T00:01:48.562Z pw:api   performing click action&#xD;
&#xD;
2025-05-04T00:01:48.569Z pw:api   click action done&#xD;
&#xD;
2025-05-04T00:01:48.569Z pw:api   waiting for scheduled navigations to finish&#xD;
&#xD;
2025-05-04T00:01:48.570Z pw:api   navigations have finished&#xD;
&#xD;
2025-05-04T00:01:48.571Z pw:api waiting for Locator("div[class='form-group'] input")&#xD;
&#xD;
2025-05-04T00:01:48.573Z pw:api   locator resolved to &lt;input type="text" autofocus="" id="ember394" class="form-control ember-text-field ember-view"/&gt;&#xD;
&#xD;
2025-05-04T00:01:48.574Z pw:api   fill("TemporaryName")&#xD;
&#xD;
2025-05-04T00:01:48.574Z pw:api attempting fill action&#xD;
&#xD;
2025-05-04T00:01:48.574Z pw:api   waiting for element to be visible, enabled and editable&#xD;
&#xD;
2025-05-04T00:01:48.583Z pw:api waiting for Locator("//label[@class='col-lg-3 col-form-label' and contains(string(), 'SKU')]//following-sibling::div//descendant::input")&#xD;
&#xD;
2025-05-04T00:01:48.584Z pw:api   locator resolved to &lt;input type="text" id="ember395" class="ember-text-field ember-view form-control"/&gt;&#xD;
&#xD;
2025-05-04T00:01:48.585Z pw:api   fill("item 99 sku")&#xD;
&#xD;
2025-05-04T00:01:48.585Z pw:api attempting fill action&#xD;
&#xD;
2025-05-04T00:01:48.585Z pw:api   waiting for element to be visible, enabled and editable&#xD;
&#xD;
2025-05-04T00:01:48.592Z pw:api waiting for Locator("//label[@class='col-lg-3 col-form-label' and contains(string(), 'Unit')]//following-sibling::div")&#xD;
&#xD;
2025-05-04T00:01:48.596Z pw:api   locator resolved to &lt;div class="col-lg-8"&gt;ΓÇª&lt;/div&gt;&#xD;
&#xD;
2025-05-04T00:01:48.597Z pw:api attempting click action&#xD;
&#xD;
2025-05-04T00:01:48.597Z pw:api   waiting for element to be visible, enabled and stable&#xD;
&#xD;
2025-05-04T00:01:48.627Z pw:api   element is visible, enabled and stable&#xD;
&#xD;
2025-05-04T00:01:48.627Z pw:api   scrolling into view if needed&#xD;
&#xD;
2025-05-04T00:01:48.627Z pw:api   done scrolling&#xD;
&#xD;
2025-05-04T00:01:48.630Z pw:api   performing click action&#xD;
&#xD;
2025-05-04T00:01:48.642Z pw:api   click action done&#xD;
&#xD;
2025-05-04T00:01:48.643Z pw:api   waiting for scheduled navigations to finish&#xD;
&#xD;
2025-05-04T00:01:48.643Z pw:api   navigations have finished&#xD;
&#xD;
2025-05-04T00:01:48.644Z pw:api waiting for Locator("div[title='PAIRS']")&#xD;
&#xD;
2025-05-04T00:01:48.647Z pw:api   locator resolved to &lt;div title="PAIRS" class="over-flow"&gt;ΓÇª&lt;/div&gt;&#xD;
&#xD;
2025-05-04T00:01:48.648Z pw:api attempting click action&#xD;
&#xD;
2025-05-04T00:01:48.648Z pw:api   waiting for element to be visible, enabled and stable&#xD;
&#xD;
2025-05-04T00:01:48.677Z pw:api   element is visible, enabled and stable&#xD;
&#xD;
2025-05-04T00:01:48.677Z pw:api   scrolling into view if needed&#xD;
&#xD;
2025-05-04T00:01:48.678Z pw:api   done scrolling&#xD;
&#xD;
2025-05-04T00:01:48.680Z pw:api   performing click action&#xD;
&#xD;
2025-05-04T00:01:48.693Z pw:api   click action done&#xD;
&#xD;
2025-05-04T00:01:48.693Z pw:api   waiting for scheduled navigations to finish&#xD;
&#xD;
2025-05-04T00:01:48.695Z pw:api   navigations have finished&#xD;
&#xD;
2025-05-04T00:01:48.699Z pw:api waiting for Locator("xpath=(//div[@class='input-group-prepend']//following-sibling::input)[1]")&#xD;
&#xD;
2025-05-04T00:01:48.701Z pw:api   locator resolved to &lt;input type="text" id="ember421" class="ember-text-field text-start ember-view form-control"/&gt;&#xD;
&#xD;
2025-05-04T00:01:48.701Z pw:api   fill("205")&#xD;
&#xD;
2025-05-04T00:01:48.701Z pw:api attempting fill action&#xD;
&#xD;
2025-05-04T00:01:48.701Z pw:api   waiting for element to be visible, enabled and editable&#xD;
&#xD;
2025-05-04T00:01:48.708Z pw:api waiting for Locator("xpath=(//div[@class='input-group-prepend']//following-sibling::input)[2]")&#xD;
&#xD;
2025-05-04T00:01:48.710Z pw:api   locator resolved to &lt;input type="text" id="ember426" class="ember-text-field text-start ember-view form-control"/&gt;&#xD;
&#xD;
2025-05-04T00:01:48.712Z pw:api   fill("150")&#xD;
&#xD;
2025-05-04T00:01:48.712Z pw:api attempting fill action&#xD;
&#xD;
2025-05-04T00:01:48.712Z pw:api   waiting for element to be visible, enabled and editable&#xD;
&#xD;
2025-05-04T00:01:48.721Z pw:api waiting for Locator("button[type='submit']")&#xD;
&#xD;
2025-05-04T00:01:48.723Z pw:api   locator resolved to &lt;button id="ember438" type="submit" class="btn btn-primary ember-view"&gt;ΓÇª&lt;/button&gt;&#xD;
&#xD;
2025-05-04T00:01:48.724Z pw:api attempting click action&#xD;
&#xD;
2025-05-04T00:01:48.724Z pw:api   waiting for element to be visible, enabled and stable&#xD;
&#xD;
2025-05-04T00:01:48.743Z pw:api   element is visible, enabled and stable&#xD;
&#xD;
2025-05-04T00:01:48.743Z pw:api   scrolling into view if needed&#xD;
&#xD;
2025-05-04T00:01:48.744Z pw:api   done scrolling&#xD;
&#xD;
2025-05-04T00:01:48.746Z pw:api   performing click action&#xD;
&#xD;
2025-05-04T00:01:48.762Z pw:api   click action done&#xD;
&#xD;
2025-05-04T00:01:48.762Z pw:api   waiting for scheduled navigations to finish&#xD;
&#xD;
2025-05-04T00:01:48.763Z pw:api   navigations have finished&#xD;
&#xD;
2025-05-04T00:01:48.764Z pw:api waiting for Locator("span[class='close-entity close-details ms-4'] path")&#xD;
&#xD;
2025-05-04T00:01:49.583Z pw:api   navigated to "https://www.zoho.com/ca/inventory/inventory-software-demo/#/inventory/items/66200000053810013?filter_by=Status.Active&amp;sort_column=created_time&amp;sort_order=D"&#xD;
&#xD;
2025-05-04T00:01:49.655Z pw:api   locator resolved to &lt;path d="M455.2 9.2L256 208.4 56.8 9.2C44.5-3.1 24.6-3.1 12.2 9.2l-2.9 2.9C-3 24.4-3 44.4 9.3 56.7L208.4 256 9.2 455.2c-12.3 12.3-12.3 32.3 0 44.6l2.9 2.9c12.3 12.3 32.3 12.3 44.6 0L256 303.6l199.2 199.2c12.3 12.3 32.3 12.3 44.6 0l2.9-2.9c12.3-12.3 12.3-32.3 0-44.6L303.6 256 502.8 56.8c12.3-12.3 12.3-32.3 0-44.6l-2.9-2.9c-12.5-12.4-32.4-12.4-44.7-.1z"&gt;&lt;/path&gt;&#xD;
&#xD;
2025-05-04T00:01:49.657Z pw:api attempting click action&#xD;
&#xD;
2025-05-04T00:01:49.657Z pw:api   waiting for element to be visible, enabled and stable&#xD;
&#xD;
2025-05-04T00:01:49.677Z pw:api   element is visible, enabled and stable&#xD;
&#xD;
2025-05-04T00:01:49.677Z pw:api   scrolling into view if needed&#xD;
&#xD;
2025-05-04T00:01:49.678Z pw:api   done scrolling&#xD;
&#xD;
2025-05-04T00:01:49.680Z pw:api   performing click action&#xD;
&#xD;
2025-05-04T00:01:49.688Z pw:api   navigated to "https://www.zoho.com/ca/inventory/inventory-software-demo/#/inventory/items?filter_by=Status.Active&amp;sort_column=created_time&amp;sort_order=D"&#xD;
&#xD;
2025-05-04T00:01:49.758Z pw:api   click action done&#xD;
&#xD;
2025-05-04T00:01:49.758Z pw:api   waiting for scheduled navigations to finish&#xD;
&#xD;
2025-05-04T00:01:49.762Z pw:api   navigations have finished&#xD;
&#xD;
2025-05-04T00:01:49.764Z pw:api waiting for Locator("table[id='vertically-scrolled-table']") to be visible&#xD;
&#xD;
2025-05-04T00:01:49.766Z pw:api   locator resolved to visible &lt;table id="vertically-scrolled-table" class="table zi-table table-hover     header-fixed"&gt;ΓÇª&lt;/table&gt;&#xD;
&#xD;
2025-05-04T00:01:49.768Z pw:api waiting for Locator("table[id='vertically-scrolled-table']").Locator("tbody tr").First&#xD;
&#xD;
2025-05-04T00:01:49.769Z pw:api   locator resolved to &lt;tr tabindex="-1" id="ember485" class="ember-view   "&gt;ΓÇª&lt;/tr&gt;&#xD;
&#xD;
2025-05-04T00:01:49.770Z pw:api waiting for Locator("table[id='vertically-scrolled-table']").Locator("tbody tr").First.Locator("a")&#xD;
&#xD;
2025-05-04T00:01:49.771Z pw:api   locator resolved to &lt;a id="ember625" class="ember-view text-break " href="#/inventory/items/6620000005381000?filter_by=Status.Active&amp;sort_column=created_time&amp;sort_order=D"&gt;Storage Cabinet&lt;/a&gt;&#xD;
&#xD;
2025-05-04T00:01:49.772Z pw:api waiting for Locator("table[id='vertically-scrolled-table']").Locator("tbody tr").First.Locator("td:nth-child(3)")&#xD;
&#xD;
2025-05-04T00:01:49.773Z pw:api   locator resolved to &lt;td class=" "&gt;Item 1 sku&lt;/td&gt;&#xD;
&#xD;
2025-05-04T00:01:49.774Z pw:api waiting for Locator("table[id='vertically-scrolled-table']").Locator("tbody tr").First.Locator("td:nth-child(4)")&#xD;
&#xD;
2025-05-04T00:01:49.775Z pw:api   locator resolved to &lt;td class=" "&gt;Goods&lt;/td&gt;&#xD;
&#xD;
2025-05-04T00:01:49.775Z pw:api waiting for Locator("table[id='vertically-scrolled-table']").Locator("tbody tr").First.Locator("td span[class='text-ellipsis']")&#xD;
&#xD;
2025-05-04T00:01:49.778Z pw:api   locator resolved to &lt;span id="aeb622460" class="text-ellipsis"&gt;A versatile storage cabinet with adjustable shelvΓÇª&lt;/span&gt;&#xD;
&#xD;
2025-05-04T00:01:49.779Z pw:api waiting for Locator("table[id='vertically-scrolled-table']").Locator("tbody tr").First.Locator("td[class='  text-end']")&#xD;
&#xD;
2025-05-04T00:01:49.780Z pw:api   locator resolved to &lt;td class="  text-end"&gt;$9052.00&lt;/td&gt;&#xD;
&#xD;
2025-05-04T00:01:49.781Z pw:api waiting for Locator("table[id='vertically-scrolled-table']").Locator("tbody tr").Nth(1)&#xD;
&#xD;
2025-05-04T00:01:49.783Z pw:api   locator resolved to &lt;tr tabindex="-1" id="ember491" class="ember-view   "&gt;ΓÇª&lt;/tr&gt;&#xD;
&#xD;
2025-05-04T00:01:49.783Z pw:api waiting for Locator("table[id='vertically-scrolled-table']").Locator("tbody tr").Nth(1).Locator("a")&#xD;
&#xD;
2025-05-04T00:01:49.785Z pw:api   locator resolved to &lt;a id="ember627" class="ember-view text-break " href="#/inventory/items/6620000005381001?filter_by=Status.Active&amp;sort_column=created_time&amp;sort_order=D"&gt;Storage Cabinet&lt;/a&gt;&#xD;
&#xD;
2025-05-04T00:01:49.785Z pw:api waiting for Locator("table[id='vertically-scrolled-table']").Locator("tbody tr").Nth(1).Locator("td:nth-child(3)")&#xD;
&#xD;
2025-05-04T00:01:49.787Z pw:api   locator resolved to &lt;td class=" "&gt;Item 2 sku&lt;/td&gt;&#xD;
&#xD;
2025-05-04T00:01:49.787Z pw:api waiting for Locator("table[id='vertically-scrolled-table']").Locator("tbody tr").Nth(1).Locator("td:nth-child(4)")&#xD;
&#xD;
2025-05-04T00:01:49.789Z pw:api   locator resolved to &lt;td class=" "&gt;Goods&lt;/td&gt;&#xD;
&#xD;
2025-05-04T00:01:49.789Z pw:api waiting for Locator("table[id='vertically-scrolled-table']").Locator("tbody tr").Nth(1).Locator("td span[class='text-ellipsis']")&#xD;
&#xD;
2025-05-04T00:01:49.791Z pw:api   locator resolved to &lt;span id="a53f61621" class="text-ellipsis"&gt;A versatile storage cabinet with adjustable shelvΓÇª&lt;/span&gt;&#xD;
&#xD;
2025-05-04T00:01:49.791Z pw:api waiting for Locator("table[id='vertically-scrolled-table']").Locator("tbody tr").Nth(1).Locator("td[class='  text-end']")&#xD;
&#xD;
2025-05-04T00:01:49.793Z pw:api   locator resolved to &lt;td class="  text-end"&gt;$6711.00&lt;/td&gt;&#xD;
&#xD;
2025-05-04T00:01:49.794Z pw:api waiting for Locator("table[id='vertically-scrolled-table']").Locator("tbody tr").Nth(2)&#xD;
&#xD;
2025-05-04T00:01:49.795Z pw:api   locator resolved to &lt;tr tabindex="-1" id="ember497" class="ember-view   "&gt;ΓÇª&lt;/tr&gt;&#xD;
&#xD;
2025-05-04T00:01:49.796Z pw:api waiting for Locator("table[id='vertically-scrolled-table']").Locator("tbody tr").Nth(2).Locator("a")&#xD;
&#xD;
2025-05-04T00:01:49.798Z pw:api   locator resolved to &lt;a id="ember629" class="ember-view text-break " href="#/inventory/items/6620000005381002?filter_by=Status.Active&amp;sort_column=created_time&amp;sort_order=D"&gt;Executive Office Desk&lt;/a&gt;&#xD;
&#xD;
2025-05-04T00:01:49.798Z pw:api waiting for Locator("table[id='vertically-scrolled-table']").Locator("tbody tr").Nth(2).Locator("td:nth-child(3)")&#xD;
&#xD;
2025-05-04T00:01:49.799Z pw:api   locator resolved to &lt;td class=" "&gt;Item 3 sku&lt;/td&gt;&#xD;
&#xD;
2025-05-04T00:01:49.800Z pw:api waiting for Locator("table[id='vertically-scrolled-table']").Locator("tbody tr").Nth(2).Locator("td:nth-child(4)")&#xD;
&#xD;
2025-05-04T00:01:49.802Z pw:api   locator resolved to &lt;td class=" "&gt;Goods&lt;/td&gt;&#xD;
&#xD;
2025-05-04T00:01:49.802Z pw:api waiting for Locator("table[id='vertically-scrolled-table']").Locator("tbody tr").Nth(2).Locator("td span[class='text-ellipsis']")&#xD;
&#xD;
2025-05-04T00:01:49.804Z pw:api   locator resolved to &lt;span id="ab9c6a332" class="text-ellipsis"&gt;&lt;/span&gt;&#xD;
&#xD;
2025-05-04T00:01:49.804Z pw:api waiting for Locator("table[id='vertically-scrolled-table']").Locator("tbody tr").Nth(2).Locator("td[class='  text-end']")&#xD;
&#xD;
2025-05-04T00:01:49.806Z pw:api   locator resolved to &lt;td class="  text-end"&gt;&lt;/td&gt;&#xD;
&#xD;
2025-05-04T00:01:49.806Z pw:api waiting for Locator("table[id='vertically-scrolled-table']").Locator("tbody tr").Nth(3)&#xD;
&#xD;
2025-05-04T00:01:49.807Z pw:api   locator resolved to &lt;tr tabindex="-1" id="ember503" class="ember-view   "&gt;ΓÇª&lt;/tr&gt;&#xD;
&#xD;
2025-05-04T00:01:49.808Z pw:api waiting for Locator("table[id='vertically-scrolled-table']").Locator("tbody tr").Nth(3).Locator("a")&#xD;
&#xD;
2025-05-04T00:01:49.810Z pw:api   locator resolved to &lt;a id="ember631" class="ember-view text-break " href="#/inventory/items/6620000005381003?filter_by=Status.Active&amp;sort_column=created_time&amp;sort_order=D"&gt;Storage Cabinet&lt;/a&gt;&#xD;
&#xD;
2025-05-04T00:01:49.811Z pw:api waiting for Locator("table[id='vertically-scrolled-table']").Locator("tbody tr").Nth(3).Locator("td:nth-child(3)")&#xD;
&#xD;
2025-05-04T00:01:49.812Z pw:api   locator resolved to &lt;td class=" "&gt;Item 4 sku&lt;/td&gt;&#xD;
&#xD;
2025-05-04T00:01:49.813Z pw:api waiting for Locator("table[id='vertically-scrolled-table']").Locator("tbody tr").Nth(3).Locator("td:nth-child(4)")&#xD;
&#xD;
2025-05-04T00:01:49.814Z pw:api   locator resolved to &lt;td class=" "&gt;Goods&lt;/td&gt;&#xD;
&#xD;
2025-05-04T00:01:49.815Z pw:api waiting for Locator("table[id='vertically-scrolled-table']").Locator("tbody tr").Nth(3).Locator("td span[class='text-ellipsis']")&#xD;
&#xD;
2025-05-04T00:01:49.816Z pw:api   locator resolved to &lt;span id="ac81659ee" class="text-ellipsis"&gt;&lt;/span&gt;&#xD;
&#xD;
2025-05-04T00:01:49.817Z pw:api waiting for Locator("table[id='vertically-scrolled-table']").Locator("tbody tr").Nth(3).Locator("td[class='  text-end']")&#xD;
&#xD;
2025-05-04T00:01:49.818Z pw:api   locator resolved to &lt;td class="  text-end"&gt;&lt;/td&gt;&#xD;
&#xD;
2025-05-04T00:01:49.818Z pw:api waiting for Locator("table[id='vertically-scrolled-table']").Locator("tbody tr").Nth(4)&#xD;
&#xD;
2025-05-04T00:01:49.820Z pw:api   locator resolved to &lt;tr tabindex="-1" id="ember509" class="ember-view   "&gt;ΓÇª&lt;/tr&gt;&#xD;
&#xD;
2025-05-04T00:01:49.820Z pw:api waiting for Locator("table[id='vertically-scrolled-table']").Locator("tbody tr").Nth(4).Locator("a")&#xD;
&#xD;
2025-05-04T00:01:49.822Z pw:api   locator resolved to &lt;a id="ember633" class="ember-view text-break " href="#/inventory/items/6620000005381004?filter_by=Status.Active&amp;sort_column=created_time&amp;sort_order=D"&gt;Patio Dining Set&lt;/a&gt;&#xD;
&#xD;
2025-05-04T00:01:49.823Z pw:api waiting for Locator("table[id='vertically-scrolled-table']").Locator("tbody tr").Nth(4).Locator("td:nth-child(3)")&#xD;
&#xD;
2025-05-04T00:01:49.824Z pw:api   locator resolved to &lt;td class=" "&gt;Item 5 sku&lt;/td&gt;&#xD;
&#xD;
2025-05-04T00:01:49.825Z pw:api waiting for Locator("table[id='vertically-scrolled-table']").Locator("tbody tr").Nth(4).Locator("td:nth-child(4)")&#xD;
&#xD;
2025-05-04T00:01:49.826Z pw:api   locator resolved to &lt;td class=" "&gt;Goods&lt;/td&gt;&#xD;
&#xD;
2025-05-04T00:01:49.827Z pw:api waiting for Locator("table[id='vertically-scrolled-table']").Locator("tbody tr").Nth(4).Locator("td span[class='text-ellipsis']")&#xD;
&#xD;
2025-05-04T00:01:49.828Z pw:api   locator resolved to &lt;span id="a0ab2a268" class="text-ellipsis"&gt;An outdoor dining set with a table and six chairs.&lt;/span&gt;&#xD;
&#xD;
2025-05-04T00:01:49.829Z pw:api waiting for Locator("table[id='vertically-scrolled-table']").Locator("tbody tr").Nth(4).Locator("td[class='  text-end']")&#xD;
&#xD;
2025-05-04T00:01:49.830Z pw:api   locator resolved to &lt;td class="  text-end"&gt;$8630.00&lt;/td&gt;&#xD;
&#xD;
2025-05-04T00:01:49.831Z pw:api waiting for Locator("table[id='vertically-scrolled-table']").Locator("tbody tr").Nth(5)&#xD;
&#xD;
2025-05-04T00:01:49.832Z pw:api   locator resolved to &lt;tr tabindex="-1" id="ember515" class="ember-view   "&gt;ΓÇª&lt;/tr&gt;&#xD;
&#xD;
2025-05-04T00:01:49.833Z pw:api waiting for Locator("table[id='vertically-scrolled-table']").Locator("tbody tr").Nth(5).Locator("a")&#xD;
&#xD;
2025-05-04T00:01:49.834Z pw:api   locator resolved to &lt;a id="ember635" class="ember-view text-break " href="#/inventory/items/6620000005381005?filter_by=Status.Active&amp;sort_column=created_time&amp;sort_order=D"&gt;Dining Table and Chairs Set&lt;/a&gt;&#xD;
&#xD;
2025-05-04T00:01:49.835Z pw:api waiting for Locator("table[id='vertically-scrolled-table']").Locator("tbody tr").Nth(5).Locator("td:nth-child(3)")&#xD;
&#xD;
2025-05-04T00:01:49.836Z pw:api   locator resolved to &lt;td class=" "&gt;Item 6 sku&lt;/td&gt;&#xD;
&#xD;
2025-05-04T00:01:49.837Z pw:api waiting for Locator("table[id='vertically-scrolled-table']").Locator("tbody tr").Nth(5).Locator("td:nth-child(4)")&#xD;
&#xD;
2025-05-04T00:01:49.838Z pw:api   locator resolved to &lt;td class=" "&gt;Goods&lt;/td&gt;&#xD;
&#xD;
2025-05-04T00:01:49.839Z pw:api waiting for Locator("table[id='vertically-scrolled-table']").Locator("tbody tr").Nth(5).Locator("td span[class='text-ellipsis']")&#xD;
&#xD;
2025-05-04T00:01:49.840Z pw:api   locator resolved to &lt;span id="a10d34258" class="text-ellipsis"&gt;A stylish dining set with a table and four chairs.&lt;/span&gt;&#xD;
&#xD;
2025-05-04T00:01:49.841Z pw:api waiting for Locator("table[id='vertically-scrolled-table']").Locator("tbody tr").Nth(5).Locator("td[class='  text-end']")&#xD;
&#xD;
2025-05-04T00:01:49.842Z pw:api   locator resolved to &lt;td class="  text-end"&gt;$8091.00&lt;/td&gt;&#xD;
&#xD;
2025-05-04T00:01:49.843Z pw:api waiting for Locator("table[id='vertically-scrolled-table']").Locator("tbody tr").Nth(6)&#xD;
&#xD;
2025-05-04T00:01:49.844Z pw:api   locator resolved to &lt;tr tabindex="-1" id="ember521" class="ember-view   "&gt;ΓÇª&lt;/tr&gt;&#xD;
&#xD;
2025-05-04T00:01:49.845Z pw:api waiting for Locator("table[id='vertically-scrolled-table']").Locator("tbody tr").Nth(6).Locator("a")&#xD;
&#xD;
2025-05-04T00:01:49.846Z pw:api   locator resolved to &lt;a id="ember637" class="ember-view text-break " href="#/inventory/items/6620000005381006?filter_by=Status.Active&amp;sort_column=created_time&amp;sort_order=D"&gt;Queen Size Bed&lt;/a&gt;&#xD;
&#xD;
2025-05-04T00:01:49.847Z pw:api waiting for Locator("table[id='vertically-scrolled-table']").Locator("tbody tr").Nth(6).Locator("td:nth-child(3)")&#xD;
&#xD;
2025-05-04T00:01:49.848Z pw:api   locator resolved to &lt;td class=" "&gt;Item 7 sku&lt;/td&gt;&#xD;
&#xD;
2025-05-04T00:01:49.848Z pw:api waiting for Locator("table[id='vertically-scrolled-table']").Locator("tbody tr").Nth(6).Locator("td:nth-child(4)")&#xD;
&#xD;
2025-05-04T00:01:49.850Z pw:api   locator resolved to &lt;td class=" "&gt;Goods&lt;/td&gt;&#xD;
&#xD;
2025-05-04T00:01:49.851Z pw:api waiting for Locator("table[id='vertically-scrolled-table']").Locator("tbody tr").Nth(6).Locator("td span[class='text-ellipsis']")&#xD;
&#xD;
2025-05-04T00:01:49.852Z pw:api   locator resolved to &lt;span id="a1bc4190e" class="text-ellipsis"&gt;Mid-century wooden double bed. Scandinavian-styleΓÇª&lt;/span&gt;&#xD;
&#xD;
2025-05-04T00:01:49.852Z pw:api waiting for Locator("table[id='vertically-scrolled-table']").Locator("tbody tr").Nth(6).Locator("td[class='  text-end']")&#xD;
&#xD;
2025-05-04T00:01:49.854Z pw:api   locator resolved to &lt;td class="  text-end"&gt;$4068.00&lt;/td&gt;&#xD;
&#xD;
2025-05-04T00:01:49.854Z pw:api waiting for Locator("table[id='vertically-scrolled-table']").Locator("tbody tr").Nth(7)&#xD;
&#xD;
2025-05-04T00:01:49.856Z pw:api   locator resolved to &lt;tr tabindex="-1" id="ember527" class="ember-view   "&gt;ΓÇª&lt;/tr&gt;&#xD;
&#xD;
2025-05-04T00:01:49.857Z pw:api waiting for Locator("table[id='vertically-scrolled-table']").Locator("tbody tr").Nth(7).Locator("a")&#xD;
&#xD;
2025-05-04T00:01:49.858Z pw:api   locator resolved to &lt;a id="ember639" class="ember-view text-break " href="#/inventory/items/6620000005381007?filter_by=Status.Active&amp;sort_column=created_time&amp;sort_order=D"&gt;Executive Office Desk&lt;/a&gt;&#xD;
&#xD;
2025-05-04T00:01:49.859Z pw:api waiting for Locator("table[id='vertically-scrolled-table']").Locator("tbody tr").Nth(7).Locator("td:nth-child(3)")&#xD;
&#xD;
2025-05-04T00:01:49.860Z pw:api   locator resolved to &lt;td class=" "&gt;Item 8 sku&lt;/td&gt;&#xD;
&#xD;
2025-05-04T00:01:49.861Z pw:api waiting for Locator("table[id='vertically-scrolled-table']").Locator("tbody tr").Nth(7).Locator("td:nth-child(4)")&#xD;
&#xD;
2025-05-04T00:01:49.863Z pw:api   locator resolved to &lt;td class=" "&gt;Goods&lt;/td&gt;&#xD;
&#xD;
2025-05-04T00:01:49.863Z pw:api waiting for Locator("table[id='vertically-scrolled-table']").Locator("tbody tr").Nth(7).Locator("td span[class='text-ellipsis']")&#xD;
&#xD;
2025-05-04T00:01:49.865Z pw:api   locator resolved to &lt;span id="a80ec17e4" class="text-ellipsis"&gt;A spacious executive desk with storage drawers.&lt;/span&gt;&#xD;
&#xD;
2025-05-04T00:01:49.865Z pw:api waiting for Locator("table[id='vertically-scrolled-table']").Locator("tbody tr").Nth(7).Locator("td[class='  text-end']")&#xD;
&#xD;
2025-05-04T00:01:49.867Z pw:api   locator resolved to &lt;td class="  text-end"&gt;$572.00&lt;/td&gt;&#xD;
&#xD;
2025-05-04T00:01:49.867Z pw:api waiting for Locator("table[id='vertically-scrolled-table']").Locator("tbody tr").Nth(8)&#xD;
&#xD;
2025-05-04T00:01:49.868Z pw:api   locator resolved to &lt;tr tabindex="-1" id="ember533" class="ember-view   "&gt;ΓÇª&lt;/tr&gt;&#xD;
&#xD;
2025-05-04T00:01:49.869Z pw:api waiting for Locator("table[id='vertically-scrolled-table']").Locator("tbody tr").Nth(8).Locator("a")&#xD;
&#xD;
2025-05-04T00:01:49.870Z pw:api   locator resolved to &lt;a id="ember641" class="ember-view text-break " href="#/inventory/items/6620000005381008?filter_by=Status.Active&amp;sort_column=created_time&amp;sort_order=D"&gt;Composite Item 0&lt;/a&gt;&#xD;
&#xD;
2025-05-04T00:01:49.871Z pw:api waiting for Locator("table[id='vertically-scrolled-table']").Locator("tbody tr").Nth(8).Locator("td:nth-child(3)")&#xD;
&#xD;
2025-05-04T00:01:49.872Z pw:api   locator resolved to &lt;td class=" "&gt;75790&lt;/td&gt;&#xD;
&#xD;
2025-05-04T00:01:49.873Z pw:api waiting for Locator("table[id='vertically-scrolled-table']").Locator("tbody tr").Nth(8).Locator("td:nth-child(4)")&#xD;
&#xD;
2025-05-04T00:01:49.874Z pw:api   locator resolved to &lt;td class=" "&gt;Service&lt;/td&gt;&#xD;
&#xD;
2025-05-04T00:01:49.875Z pw:api waiting for Locator("table[id='vertically-scrolled-table']").Locator("tbody tr").Nth(8).Locator("td span[class='text-ellipsis']")&#xD;
&#xD;
2025-05-04T00:01:49.876Z pw:api   locator resolved to &lt;span id="a38dcef7f" class="text-ellipsis"&gt;Inventore corrupti hic ex eum quibusdam. Numquam ΓÇª&lt;/span&gt;&#xD;
&#xD;
2025-05-04T00:01:49.877Z pw:api waiting for Locator("table[id='vertically-scrolled-table']").Locator("tbody tr").Nth(8).Locator("td[class='  text-end']")&#xD;
&#xD;
2025-05-04T00:01:49.878Z pw:api   locator resolved to &lt;td class="  text-end"&gt;$931.00&lt;/td&gt;&#xD;
&#xD;
2025-05-04T00:01:49.879Z pw:api waiting for Locator("table[id='vertically-scrolled-table']").Locator("tbody tr").Nth(9)&#xD;
&#xD;
2025-05-04T00:01:49.881Z pw:api   locator resolved to &lt;tr tabindex="-1" id="ember539" class="ember-view   "&gt;ΓÇª&lt;/tr&gt;&#xD;
&#xD;
2025-05-04T00:01:49.881Z pw:api waiting for Locator("table[id='vertically-scrolled-table']").Locator("tbody tr").Nth(9).Locator("a")&#xD;
&#xD;
2025-05-04T00:01:49.883Z pw:api   locator resolved to &lt;a id="ember643" class="ember-view text-break " href="#/inventory/items/6620000005381009?filter_by=Status.Active&amp;sort_column=created_time&amp;sort_order=D"&gt;Composite Item 1&lt;/a&gt;&#xD;
&#xD;
2025-05-04T00:01:49.883Z pw:api waiting for Locator("table[id='vertically-scrolled-table']").Locator("tbody tr").Nth(9).Locator("td:nth-child(3)")&#xD;
&#xD;
2025-05-04T00:01:49.884Z pw:api   locator resolved to &lt;td class=" "&gt;75790&lt;/td&gt;&#xD;
&#xD;
2025-05-04T00:01:49.885Z pw:api waiting for Locator("table[id='vertically-scrolled-table']").Locator("tbody tr").Nth(9).Locator("td:nth-child(4)")&#xD;
&#xD;
2025-05-04T00:01:49.886Z pw:api   locator resolved to &lt;td class=" "&gt;Service&lt;/td&gt;&#xD;
&#xD;
2025-05-04T00:01:49.887Z pw:api waiting for Locator("table[id='vertically-scrolled-table']").Locator("tbody tr").Nth(9).Locator("td span[class='text-ellipsis']")&#xD;
&#xD;
2025-05-04T00:01:49.888Z pw:api   locator resolved to &lt;span id="ac673f3bb" class="text-ellipsis"&gt;Inventore corrupti hic ex eum quibusdam. Numquam ΓÇª&lt;/span&gt;&#xD;
&#xD;
2025-05-04T00:01:49.888Z pw:api waiting for Locator("table[id='vertically-scrolled-table']").Locator("tbody tr").Nth(9).Locator("td[class='  text-end']")&#xD;
&#xD;
2025-05-04T00:01:49.890Z pw:api   locator resolved to &lt;td class="  text-end"&gt;$771.00&lt;/td&gt;&#xD;
&#xD;
2025-05-04T00:01:49.890Z pw:api waiting for Locator("table[id='vertically-scrolled-table']").Locator("tbody tr").Nth(10)&#xD;
&#xD;
2025-05-04T00:01:49.892Z pw:api   locator resolved to &lt;tr tabindex="-1" id="ember545" class="ember-view   "&gt;ΓÇª&lt;/tr&gt;&#xD;
&#xD;
2025-05-04T00:01:49.892Z pw:api waiting for Locator("table[id='vertically-scrolled-table']").Locator("tbody tr").Nth(10).Locator("a")&#xD;
&#xD;
2025-05-04T00:01:49.894Z pw:api   locator resolved to &lt;a id="ember645" class="ember-view text-break " href="#/inventory/items/6620000005381010?filter_by=Status.Active&amp;sort_column=created_time&amp;sort_order=D"&gt;Composite Item 2&lt;/a&gt;&#xD;
&#xD;
2025-05-04T00:01:49.895Z pw:api waiting for Locator("table[id='vertically-scrolled-table']").Locator("tbody tr").Nth(10).Locator("td:nth-child(3)")&#xD;
&#xD;
2025-05-04T00:01:49.896Z pw:api   locator resolved to &lt;td class=" "&gt;75790&lt;/td&gt;&#xD;
&#xD;
2025-05-04T00:01:49.897Z pw:api waiting for Locator("table[id='vertically-scrolled-table']").Locator("tbody tr").Nth(10).Locator("td:nth-child(4)")&#xD;
&#xD;
2025-05-04T00:01:49.898Z pw:api   locator resolved to &lt;td class=" "&gt;Service&lt;/td&gt;&#xD;
&#xD;
2025-05-04T00:01:49.899Z pw:api waiting for Locator("table[id='vertically-scrolled-table']").Locator("tbody tr").Nth(10).Locator("td span[class='text-ellipsis']")&#xD;
&#xD;
2025-05-04T00:01:49.900Z pw:api   locator resolved to &lt;span id="a612172d4" class="text-ellipsis"&gt;Inventore corrupti hic ex eum quibusdam. Numquam ΓÇª&lt;/span&gt;&#xD;
&#xD;
2025-05-04T00:01:49.900Z pw:api waiting for Locator("table[id='vertically-scrolled-table']").Locator("tbody tr").Nth(10).Locator("td[class='  text-end']")&#xD;
&#xD;
2025-05-04T00:01:49.902Z pw:api   locator resolved to &lt;td class="  text-end"&gt;$122.00&lt;/td&gt;&#xD;
&#xD;
2025-05-04T00:01:49.903Z pw:api waiting for Locator("table[id='vertically-scrolled-table']").Locator("tbody tr").Nth(11)&#xD;
&#xD;
2025-05-04T00:01:49.904Z pw:api   locator resolved to &lt;tr tabindex="-1" id="ember551" class="ember-view   "&gt;ΓÇª&lt;/tr&gt;&#xD;
&#xD;
2025-05-04T00:01:49.904Z pw:api waiting for Locator("table[id='vertically-scrolled-table']").Locator("tbody tr").Nth(11).Locator("a")&#xD;
&#xD;
2025-05-04T00:01:49.906Z pw:api   locator resolved to &lt;a id="ember647" class="ember-view text-break " href="#/inventory/items/6620000005381011?filter_by=Status.Active&amp;sort_column=created_time&amp;sort_order=D"&gt;Composite Item 3&lt;/a&gt;&#xD;
&#xD;
2025-05-04T00:01:49.907Z pw:api waiting for Locator("table[id='vertically-scrolled-table']").Locator("tbody tr").Nth(11).Locator("td:nth-child(3)")&#xD;
&#xD;
2025-05-04T00:01:49.909Z pw:api   locator resolved to &lt;td class=" "&gt;75790&lt;/td&gt;&#xD;
&#xD;
2025-05-04T00:01:49.910Z pw:api waiting for Locator("table[id='vertically-scrolled-table']").Locator("tbody tr").Nth(11).Locator("td:nth-child(4)")&#xD;
&#xD;
2025-05-04T00:01:49.911Z pw:api   locator resolved to &lt;td class=" "&gt;Service&lt;/td&gt;&#xD;
&#xD;
2025-05-04T00:01:49.912Z pw:api waiting for Locator("table[id='vertically-scrolled-table']").Locator("tbody tr").Nth(11).Locator("td span[class='text-ellipsis']")&#xD;
&#xD;
2025-05-04T00:01:49.914Z pw:api   locator resolved to &lt;span id="ad897fd25" class="text-ellipsis"&gt;Inventore corrupti hic ex eum quibusdam. Numquam ΓÇª&lt;/span&gt;&#xD;
&#xD;
2025-05-04T00:01:49.914Z pw:api waiting for Locator("table[id='vertically-scrolled-table']").Locator("tbody tr").Nth(11).Locator("td[class='  text-end']")&#xD;
&#xD;
2025-05-04T00:01:49.916Z pw:api   locator resolved to &lt;td class="  text-end"&gt;$656.00&lt;/td&gt;&#xD;
&#xD;
2025-05-04T00:01:49.916Z pw:api waiting for Locator("table[id='vertically-scrolled-table']").Locator("tbody tr").Nth(12)&#xD;
&#xD;
2025-05-04T00:01:49.918Z pw:api   locator resolved to &lt;tr tabindex="-1" id="ember557" class="ember-view   "&gt;ΓÇª&lt;/tr&gt;&#xD;
&#xD;
2025-05-04T00:01:49.918Z pw:api waiting for Locator("table[id='vertically-scrolled-table']").Locator("tbody tr").Nth(12).Locator("a")&#xD;
&#xD;
2025-05-04T00:01:49.920Z pw:api   locator resolved to &lt;a id="ember649" class="ember-view text-break " href="#/inventory/items/6620000005381012?filter_by=Status.Active&amp;sort_column=created_time&amp;sort_order=D"&gt;Composite Item 4&lt;/a&gt;&#xD;
&#xD;
2025-05-04T00:01:49.920Z pw:api waiting for Locator("table[id='vertically-scrolled-table']").Locator("tbody tr").Nth(12).Locator("td:nth-child(3)")&#xD;
&#xD;
2025-05-04T00:01:49.922Z pw:api   locator resolved to &lt;td class=" "&gt;75790&lt;/td&gt;&#xD;
&#xD;
2025-05-04T00:01:49.923Z pw:api waiting for Locator("table[id='vertically-scrolled-table']").Locator("tbody tr").Nth(12).Locator("td:nth-child(4)")&#xD;
&#xD;
2025-05-04T00:01:49.924Z pw:api   locator resolved to &lt;td class=" "&gt;Service&lt;/td&gt;&#xD;
&#xD;
2025-05-04T00:01:49.924Z pw:api waiting for Locator("table[id='vertically-scrolled-table']").Locator("tbody tr").Nth(12).Locator("td span[class='text-ellipsis']")&#xD;
&#xD;
2025-05-04T00:01:49.926Z pw:api   locator resolved to &lt;span id="a29bfac93" class="text-ellipsis"&gt;Inventore corrupti hic ex eum quibusdam. Numquam ΓÇª&lt;/span&gt;&#xD;
&#xD;
2025-05-04T00:01:49.927Z pw:api waiting for Locator("table[id='vertically-scrolled-table']").Locator("tbody tr").Nth(12).Locator("td[class='  text-end']")&#xD;
&#xD;
2025-05-04T00:01:49.928Z pw:api   locator resolved to &lt;td class="  text-end"&gt;$131.00&lt;/td&gt;&#xD;
&#xD;
2025-05-04T00:01:49.929Z pw:api waiting for Locator("table[id='vertically-scrolled-table']").Locator("tbody tr").Nth(13)&#xD;
&#xD;
2025-05-04T00:01:49.930Z pw:api   locator resolved to &lt;tr tabindex="-1" id="ember563" class="ember-view table-active  "&gt;ΓÇª&lt;/tr&gt;&#xD;
&#xD;
2025-05-04T00:01:49.931Z pw:api waiting for Locator("table[id='vertically-scrolled-table']").Locator("tbody tr").Nth(13).Locator("a")&#xD;
&#xD;
2025-05-04T00:01:49.932Z pw:api   locator resolved to &lt;a id="ember651" class="ember-view text-break " href="#/inventory/items/66200000053810013?filter_by=Status.Active&amp;sort_column=created_time&amp;sort_order=D"&gt;TemporaryName&lt;/a&gt;&#xD;
&#xD;
2025-05-04T00:01:49.933Z pw:api waiting for Locator("table[id='vertically-scrolled-table']").Locator("tbody tr").Nth(13).Locator("td:nth-child(3)")&#xD;
&#xD;
2025-05-04T00:01:49.934Z pw:api   locator resolved to &lt;td class=" "&gt;item 99 sku&lt;/td&gt;&#xD;
&#xD;
2025-05-04T00:01:49.935Z pw:api waiting for Locator("table[id='vertically-scrolled-table']").Locator("tbody tr").Nth(13).Locator("td:nth-child(4)")&#xD;
&#xD;
2025-05-04T00:01:49.936Z pw:api   locator resolved to &lt;td class=" "&gt;Goods&lt;/td&gt;&#xD;
&#xD;
2025-05-04T00:01:49.937Z pw:api waiting for Locator("table[id='vertically-scrolled-table']").Locator("tbody tr").Nth(13).Locator("td span[class='text-ellipsis']")&#xD;
&#xD;
2025-05-04T00:01:49.938Z pw:api   locator resolved to &lt;span id="a4ff1fc18" class="text-ellipsis"&gt;&lt;/span&gt;&#xD;
&#xD;
2025-05-04T00:01:49.939Z pw:api waiting for Locator("table[id='vertically-scrolled-table']").Locator("tbody tr").Nth(13).Locator("td[class='  text-end']")&#xD;
&#xD;
2025-05-04T00:01:49.940Z pw:api   locator resolved to &lt;td class="  text-end"&gt;$205&lt;/td&gt;</StdErr>
      </Output>
    </UnitTestResult>
  </Results>
  <TestDefinitions>
    <UnitTest name="Test_Fill_New_Inv_Item(InventoryManagementSystemFramework.TestDataWorkflows.AddNewItemWorkflow)" storage="c:\users\eric\documents\vscode-repos\inventorymanagementsystemframework\inventorymanagementsystemframework\bin\debug\net9.0\inventorymanagementsystemframework.dll" id="2c491bb4-585c-499e-1f72-5732847fd795">
      <Execution id="1a64f25b-520c-40e9-be9b-1f7c65810d52" />
      <TestMethod codeBase="C:\Users\Eric\Documents\vscode-repos\InventoryManagementSystemFramework\InventoryManagementSystemFramework\bin\Debug\net9.0\InventoryManagementSystemFramework.dll" adapterTypeName="executor://nunit3testexecutor/" className="InventoryManagementSystemFramework.Tests.InventoryTests" name="Test_Fill_New_Inv_Item(InventoryManagementSystemFramework.TestDataWorkflows.AddNewItemWorkflow)" />
    </UnitTest>
    <UnitTest name="Test_Inventory_Item_Groups" storage="c:\users\eric\documents\vscode-repos\inventorymanagementsystemframework\inventorymanagementsystemframework\bin\debug\net9.0\inventorymanagementsystemframework.dll" id="13c01ae7-6677-2942-057f-6755a44079fb">
      <Execution id="6237cce9-50a6-4a8a-a118-0c35cbdfdeae" />
      <TestMethod codeBase="C:\Users\Eric\Documents\vscode-repos\InventoryManagementSystemFramework\InventoryManagementSystemFramework\bin\Debug\net9.0\InventoryManagementSystemFramework.dll" adapterTypeName="executor://nunit3testexecutor/" className="InventoryManagementSystemFramework.Tests.InventoryTests" name="Test_Inventory_Item_Groups" />
    </UnitTest>
    <UnitTest name="Test_Inventory_Item_Adjustments" storage="c:\users\eric\documents\vscode-repos\inventorymanagementsystemframework\inventorymanagementsystemframework\bin\debug\net9.0\inventorymanagementsystemframework.dll" id="1930542e-b935-a4b4-d77c-35551adc607a">
      <Execution id="bb467d9a-44f6-4347-b79c-f79d41bafd7a" />
      <TestMethod codeBase="C:\Users\Eric\Documents\vscode-repos\InventoryManagementSystemFramework\InventoryManagementSystemFramework\bin\Debug\net9.0\InventoryManagementSystemFramework.dll" adapterTypeName="executor://nunit3testexecutor/" className="InventoryManagementSystemFramework.Tests.InventoryTests" name="Test_Inventory_Item_Adjustments" />
    </UnitTest>
    <UnitTest name="Test_Inventory_Items(InventoryManagementSystemFramework.TestDataWorkflows.NavBarWorkflow)" storage="c:\users\eric\documents\vscode-repos\inventorymanagementsystemframework\inventorymanagementsystemframework\bin\debug\net9.0\inventorymanagementsystemframework.dll" id="1e75d530-a6c5-8a5f-68fb-dab1a6e08d20">
      <Execution id="f9fec64e-a76d-46b3-9bca-02f336d53585" />
      <TestMethod codeBase="C:\Users\Eric\Documents\vscode-repos\InventoryManagementSystemFramework\InventoryManagementSystemFramework\bin\Debug\net9.0\InventoryManagementSystemFramework.dll" adapterTypeName="executor://nunit3testexecutor/" className="InventoryManagementSystemFramework.Tests.InventoryTests" name="Test_Inventory_Items(InventoryManagementSystemFramework.TestDataWorkflows.NavBarWorkflow)" />
    </UnitTest>
  </TestDefinitions>
  <TestEntries>
    <TestEntry testId="13c01ae7-6677-2942-057f-6755a44079fb" executionId="6237cce9-50a6-4a8a-a118-0c35cbdfdeae" testListId="8c84fa94-04c1-424b-9868-57a2d4851a1d" />
    <TestEntry testId="1e75d530-a6c5-8a5f-68fb-dab1a6e08d20" executionId="f9fec64e-a76d-46b3-9bca-02f336d53585" testListId="8c84fa94-04c1-424b-9868-57a2d4851a1d" />
    <TestEntry testId="1930542e-b935-a4b4-d77c-35551adc607a" executionId="bb467d9a-44f6-4347-b79c-f79d41bafd7a" testListId="8c84fa94-04c1-424b-9868-57a2d4851a1d" />
    <TestEntry testId="2c491bb4-585c-499e-1f72-5732847fd795" executionId="1a64f25b-520c-40e9-be9b-1f7c65810d52" testListId="8c84fa94-04c1-424b-9868-57a2d4851a1d" />
  </TestEntries>
  <TestLists>
    <TestList name="Results Not in a List" id="8c84fa94-04c1-424b-9868-57a2d4851a1d" />
    <TestList name="All Loaded Results" id="19431567-8539-422a-85d7-44ee4e166bda" />
  </TestLists>
  <ResultSummary outcome="Completed">
    <Counters total="4" executed="4" passed="4" failed="0" error="0" timeout="0" aborted="0" inconclusive="0" passedButRunAborted="0" notRunnable="0" notExecuted="0" disconnected="0" warning="0" completed="0" inProgress="0" pending="0" />
    <Output>
      <StdOut>NUnit Adapter 4.6.0.0: Test execution started&#xD;
Running selected tests in C:\Users\Eric\Documents\vscode-repos\InventoryManagementSystemFramework\InventoryManagementSystemFramework\bin\Debug\net9.0\InventoryManagementSystemFramework.dll&#xD;
   NUnit3TestExecutor discovered 4 of 4 NUnit test cases using Current Discovery mode, Non-Explicit run&#xD;
NUnit Adapter 4.6.0.0: Test execution complete&#xD;
</StdOut>
    </Output>
    <RunInfos>
      <RunInfo computerName="DESKTOP-RSFFHJT" outcome="Warning" timestamp="2025-05-03T20:01:43.0448504-04:00">
        <Text>2025-05-04T00:01:43.036Z pw:api navigating to "https://www.zoho.com/ca/inventory/inventory-software-demo/#/home/inventory-dashboard", waiting until "load"</Text>
      </RunInfo>
      <RunInfo computerName="DESKTOP-RSFFHJT" outcome="Warning" timestamp="2025-05-03T20:01:43.1818732-04:00">
        <Text>2025-05-04T00:01:43.180Z pw:api   "commit" event fired</Text>
      </RunInfo>
      <RunInfo computerName="DESKTOP-RSFFHJT" outcome="Warning" timestamp="2025-05-03T20:01:43.1819492-04:00">
        <Text>2025-05-04T00:01:43.180Z pw:api   navigated to "https://www.zoho.com/ca/inventory/inventory-software-demo/#/home/inventory-dashboard"</Text>
      </RunInfo>
      <RunInfo computerName="DESKTOP-RSFFHJT" outcome="Warning" timestamp="2025-05-03T20:01:44.9903469-04:00">
        <Text>2025-05-04T00:01:44.989Z pw:api   "networkidle" event fired</Text>
      </RunInfo>
      <RunInfo computerName="DESKTOP-RSFFHJT" outcome="Warning" timestamp="2025-05-03T20:01:45.4199911-04:00">
        <Text>2025-05-04T00:01:45.418Z pw:api   "domcontentloaded" event fired</Text>
      </RunInfo>
      <RunInfo computerName="DESKTOP-RSFFHJT" outcome="Warning" timestamp="2025-05-03T20:01:46.3402922-04:00">
        <Text>2025-05-04T00:01:46.339Z pw:api   "load" event fired</Text>
      </RunInfo>
      <RunInfo computerName="DESKTOP-RSFFHJT" outcome="Warning" timestamp="2025-05-03T20:01:46.3815982-04:00">
        <Text>2025-05-04T00:01:46.380Z pw:api waiting for Locator("div[id='main-nav-tab'] a[id*='ember'][class$='nav-link'], div[id='main-nav-tab']  a[id*='ember'][class$='nav-link ']").First</Text>
      </RunInfo>
      <RunInfo computerName="DESKTOP-RSFFHJT" outcome="Warning" timestamp="2025-05-03T20:01:46.3849576-04:00">
        <Text>2025-05-04T00:01:46.383Z pw:api   locator resolved to &lt;a id="ember79" href="#/home" class="ember-view active nav-link"&gt;ΓÇª&lt;/a&gt;</Text>
      </RunInfo>
      <RunInfo computerName="DESKTOP-RSFFHJT" outcome="Warning" timestamp="2025-05-03T20:01:46.3867323-04:00">
        <Text>2025-05-04T00:01:46.385Z pw:api waiting for Locator("div[id='main-nav-tab'] a[id*='ember'][class$='nav-link'], div[id='main-nav-tab']  a[id*='ember'][class$='nav-link ']").Nth(1)</Text>
      </RunInfo>
      <RunInfo computerName="DESKTOP-RSFFHJT" outcome="Warning" timestamp="2025-05-03T20:01:46.3899278-04:00">
        <Text>2025-05-04T00:01:46.388Z pw:api   locator resolved to &lt;a id="ember82" class="collapsed ember-view nav-link "&gt;ΓÇª&lt;/a&gt;</Text>
      </RunInfo>
      <RunInfo computerName="DESKTOP-RSFFHJT" outcome="Warning" timestamp="2025-05-03T20:01:46.3912924-04:00">
        <Text>2025-05-04T00:01:46.390Z pw:api waiting for Locator("div[id='main-nav-tab'] a[id*='ember'][class$='nav-link'], div[id='main-nav-tab']  a[id*='ember'][class$='nav-link ']").Nth(2)</Text>
      </RunInfo>
      <RunInfo computerName="DESKTOP-RSFFHJT" outcome="Warning" timestamp="2025-05-03T20:01:46.3933187-04:00">
        <Text>2025-05-04T00:01:46.392Z pw:api   locator resolved to &lt;a id="ember86" href="#/inventory/items" class="ember-view nav-link"&gt;ΓÇª&lt;/a&gt;</Text>
      </RunInfo>
      <RunInfo computerName="DESKTOP-RSFFHJT" outcome="Warning" timestamp="2025-05-03T20:01:46.3951304-04:00">
        <Text>2025-05-04T00:01:46.393Z pw:api waiting for Locator("div[id='main-nav-tab'] a[id*='ember'][class$='nav-link'], div[id='main-nav-tab']  a[id*='ember'][class$='nav-link ']").Nth(3)</Text>
      </RunInfo>
      <RunInfo computerName="DESKTOP-RSFFHJT" outcome="Warning" timestamp="2025-05-03T20:01:46.3977313-04:00">
        <Text>2025-05-04T00:01:46.396Z pw:api   locator resolved to &lt;a id="ember91" class="ember-view nav-link" href="#/inventory/itemgroups"&gt;ΓÇª&lt;/a&gt;</Text>
      </RunInfo>
      <RunInfo computerName="DESKTOP-RSFFHJT" outcome="Warning" timestamp="2025-05-03T20:01:46.3986200-04:00">
        <Text>2025-05-04T00:01:46.397Z pw:api waiting for Locator("div[id='main-nav-tab'] a[id*='ember'][class$='nav-link'], div[id='main-nav-tab']  a[id*='ember'][class$='nav-link ']").Nth(4)</Text>
      </RunInfo>
      <RunInfo computerName="DESKTOP-RSFFHJT" outcome="Warning" timestamp="2025-05-03T20:01:46.4011087-04:00">
        <Text>2025-05-04T00:01:46.400Z pw:api   locator resolved to &lt;a id="ember97" class="ember-view nav-link" href="#/inventory/adjustments"&gt;ΓÇª&lt;/a&gt;</Text>
      </RunInfo>
      <RunInfo computerName="DESKTOP-RSFFHJT" outcome="Warning" timestamp="2025-05-03T20:01:46.4020018-04:00">
        <Text>2025-05-04T00:01:46.401Z pw:api waiting for Locator("div[id='main-nav-tab'] a[id*='ember'][class$='nav-link'], div[id='main-nav-tab']  a[id*='ember'][class$='nav-link ']").Nth(5)</Text>
      </RunInfo>
      <RunInfo computerName="DESKTOP-RSFFHJT" outcome="Warning" timestamp="2025-05-03T20:01:46.4043803-04:00">
        <Text>2025-05-04T00:01:46.403Z pw:api   locator resolved to &lt;a id="ember104" class="collapsed ember-view nav-link "&gt;ΓÇª&lt;/a&gt;</Text>
      </RunInfo>
      <RunInfo computerName="DESKTOP-RSFFHJT" outcome="Warning" timestamp="2025-05-03T20:01:46.4051833-04:00">
        <Text>2025-05-04T00:01:46.404Z pw:api waiting for Locator("div[id='main-nav-tab'] a[id*='ember'][class$='nav-link'], div[id='main-nav-tab']  a[id*='ember'][class$='nav-link ']").Nth(6)</Text>
      </RunInfo>
      <RunInfo computerName="DESKTOP-RSFFHJT" outcome="Warning" timestamp="2025-05-03T20:01:46.4074127-04:00">
        <Text>2025-05-04T00:01:46.406Z pw:api   locator resolved to &lt;a id="ember108" href="#/contacts" class="ember-view nav-link"&gt;ΓÇª&lt;/a&gt;</Text>
      </RunInfo>
      <RunInfo computerName="DESKTOP-RSFFHJT" outcome="Warning" timestamp="2025-05-03T20:01:46.4085382-04:00">
        <Text>2025-05-04T00:01:46.407Z pw:api waiting for Locator("div[id='main-nav-tab'] a[id*='ember'][class$='nav-link'], div[id='main-nav-tab']  a[id*='ember'][class$='nav-link ']").Nth(7)</Text>
      </RunInfo>
      <RunInfo computerName="DESKTOP-RSFFHJT" outcome="Warning" timestamp="2025-05-03T20:01:46.4107264-04:00">
        <Text>2025-05-04T00:01:46.409Z pw:api   locator resolved to &lt;a id="ember114" href="#/salesorders" class="ember-view nav-link"&gt;ΓÇª&lt;/a&gt;</Text>
      </RunInfo>
      <RunInfo computerName="DESKTOP-RSFFHJT" outcome="Warning" timestamp="2025-05-03T20:01:46.4124823-04:00">
        <Text>2025-05-04T00:01:46.411Z pw:api waiting for Locator("div[id='main-nav-tab'] a[id*='ember'][class$='nav-link'], div[id='main-nav-tab']  a[id*='ember'][class$='nav-link ']").Nth(8)</Text>
      </RunInfo>
      <RunInfo computerName="DESKTOP-RSFFHJT" outcome="Warning" timestamp="2025-05-03T20:01:46.4148822-04:00">
        <Text>2025-05-04T00:01:46.413Z pw:api   locator resolved to &lt;a id="ember121" href="#/packages" class="ember-view nav-link"&gt;ΓÇª&lt;/a&gt;</Text>
      </RunInfo>
      <RunInfo computerName="DESKTOP-RSFFHJT" outcome="Warning" timestamp="2025-05-03T20:01:46.4159493-04:00">
        <Text>2025-05-04T00:01:46.415Z pw:api waiting for Locator("div[id='main-nav-tab'] a[id*='ember'][class$='nav-link'], div[id='main-nav-tab']  a[id*='ember'][class$='nav-link ']").Nth(9)</Text>
      </RunInfo>
      <RunInfo computerName="DESKTOP-RSFFHJT" outcome="Warning" timestamp="2025-05-03T20:01:46.4179082-04:00">
        <Text>2025-05-04T00:01:46.417Z pw:api   locator resolved to &lt;a id="ember125" href="#/shipments" class="ember-view nav-link"&gt;ΓÇª&lt;/a&gt;</Text>
      </RunInfo>
      <RunInfo computerName="DESKTOP-RSFFHJT" outcome="Warning" timestamp="2025-05-03T20:01:46.4187687-04:00">
        <Text>2025-05-04T00:01:46.417Z pw:api waiting for Locator("div[id='main-nav-tab'] a[id*='ember'][class$='nav-link'], div[id='main-nav-tab']  a[id*='ember'][class$='nav-link ']").Nth(10)</Text>
      </RunInfo>
      <RunInfo computerName="DESKTOP-RSFFHJT" outcome="Warning" timestamp="2025-05-03T20:01:46.4212979-04:00">
        <Text>2025-05-04T00:01:46.420Z pw:api   locator resolved to &lt;a id="ember129" href="#/invoices" class="ember-view nav-link"&gt;ΓÇª&lt;/a&gt;</Text>
      </RunInfo>
      <RunInfo computerName="DESKTOP-RSFFHJT" outcome="Warning" timestamp="2025-05-03T20:01:46.4221819-04:00">
        <Text>2025-05-04T00:01:46.421Z pw:api waiting for Locator("div[id='main-nav-tab'] a[id*='ember'][class$='nav-link'], div[id='main-nav-tab']  a[id*='ember'][class$='nav-link ']").Nth(11)</Text>
      </RunInfo>
      <RunInfo computerName="DESKTOP-RSFFHJT" outcome="Warning" timestamp="2025-05-03T20:01:46.4243235-04:00">
        <Text>2025-05-04T00:01:46.423Z pw:api   locator resolved to &lt;a id="ember134" href="#/paymentsreceived" class="ember-view nav-link"&gt;ΓÇª&lt;/a&gt;</Text>
      </RunInfo>
      <RunInfo computerName="DESKTOP-RSFFHJT" outcome="Warning" timestamp="2025-05-03T20:01:46.4250618-04:00">
        <Text>2025-05-04T00:01:46.424Z pw:api waiting for Locator("div[id='main-nav-tab'] a[id*='ember'][class$='nav-link'], div[id='main-nav-tab']  a[id*='ember'][class$='nav-link ']").Nth(12)</Text>
      </RunInfo>
      <RunInfo computerName="DESKTOP-RSFFHJT" outcome="Warning" timestamp="2025-05-03T20:01:46.4272257-04:00">
        <Text>2025-05-04T00:01:46.426Z pw:api   locator resolved to &lt;a id="ember140" href="#/salesreturns" class="ember-view nav-link"&gt;ΓÇª&lt;/a&gt;</Text>
      </RunInfo>
      <RunInfo computerName="DESKTOP-RSFFHJT" outcome="Warning" timestamp="2025-05-03T20:01:46.4283688-04:00">
        <Text>2025-05-04T00:01:46.427Z pw:api waiting for Locator("div[id='main-nav-tab'] a[id*='ember'][class$='nav-link'], div[id='main-nav-tab']  a[id*='ember'][class$='nav-link ']").Nth(13)</Text>
      </RunInfo>
      <RunInfo computerName="DESKTOP-RSFFHJT" outcome="Warning" timestamp="2025-05-03T20:01:46.4314481-04:00">
        <Text>2025-05-04T00:01:46.430Z pw:api   locator resolved to &lt;a id="ember143" href="#/creditnotes" class="ember-view nav-link"&gt;ΓÇª&lt;/a&gt;</Text>
      </RunInfo>
      <RunInfo computerName="DESKTOP-RSFFHJT" outcome="Warning" timestamp="2025-05-03T20:01:46.4324969-04:00">
        <Text>2025-05-04T00:01:46.431Z pw:api waiting for Locator("div[id='main-nav-tab'] a[id*='ember'][class$='nav-link'], div[id='main-nav-tab']  a[id*='ember'][class$='nav-link ']").Nth(14)</Text>
      </RunInfo>
      <RunInfo computerName="DESKTOP-RSFFHJT" outcome="Warning" timestamp="2025-05-03T20:01:46.4345576-04:00">
        <Text>2025-05-04T00:01:46.433Z pw:api   locator resolved to &lt;a id="ember147" class="collapsed ember-view nav-link "&gt;ΓÇª&lt;/a&gt;</Text>
      </RunInfo>
      <RunInfo computerName="DESKTOP-RSFFHJT" outcome="Warning" timestamp="2025-05-03T20:01:46.4353162-04:00">
        <Text>2025-05-04T00:01:46.434Z pw:api waiting for Locator("div[id='main-nav-tab'] a[id*='ember'][class$='nav-link'], div[id='main-nav-tab']  a[id*='ember'][class$='nav-link ']").Nth(15)</Text>
      </RunInfo>
      <RunInfo computerName="DESKTOP-RSFFHJT" outcome="Warning" timestamp="2025-05-03T20:01:46.4373634-04:00">
        <Text>2025-05-04T00:01:46.436Z pw:api   locator resolved to &lt;a id="ember151" href="#/vendors" class="ember-view nav-link"&gt;ΓÇª&lt;/a&gt;</Text>
      </RunInfo>
      <RunInfo computerName="DESKTOP-RSFFHJT" outcome="Warning" timestamp="2025-05-03T20:01:46.4382032-04:00">
        <Text>2025-05-04T00:01:46.437Z pw:api waiting for Locator("div[id='main-nav-tab'] a[id*='ember'][class$='nav-link'], div[id='main-nav-tab']  a[id*='ember'][class$='nav-link ']").Nth(16)</Text>
      </RunInfo>
      <RunInfo computerName="DESKTOP-RSFFHJT" outcome="Warning" timestamp="2025-05-03T20:01:46.4402194-04:00">
        <Text>2025-05-04T00:01:46.439Z pw:api   locator resolved to &lt;a id="ember155" href="#/expenses" class="ember-view nav-link"&gt;ΓÇª&lt;/a&gt;</Text>
      </RunInfo>
      <RunInfo computerName="DESKTOP-RSFFHJT" outcome="Warning" timestamp="2025-05-03T20:01:46.4410797-04:00">
        <Text>2025-05-04T00:01:46.440Z pw:api waiting for Locator("div[id='main-nav-tab'] a[id*='ember'][class$='nav-link'], div[id='main-nav-tab']  a[id*='ember'][class$='nav-link ']").Nth(17)</Text>
      </RunInfo>
      <RunInfo computerName="DESKTOP-RSFFHJT" outcome="Warning" timestamp="2025-05-03T20:01:46.4431083-04:00">
        <Text>2025-05-04T00:01:46.442Z pw:api   locator resolved to &lt;a id="ember159" href="#/purchaseorders" class="ember-view nav-link"&gt;ΓÇª&lt;/a&gt;</Text>
      </RunInfo>
      <RunInfo computerName="DESKTOP-RSFFHJT" outcome="Warning" timestamp="2025-05-03T20:01:46.4438983-04:00">
        <Text>2025-05-04T00:01:46.442Z pw:api waiting for Locator("div[id='main-nav-tab'] a[id*='ember'][class$='nav-link'], div[id='main-nav-tab']  a[id*='ember'][class$='nav-link ']").Nth(18)</Text>
      </RunInfo>
      <RunInfo computerName="DESKTOP-RSFFHJT" outcome="Warning" timestamp="2025-05-03T20:01:46.4476661-04:00">
        <Text>2025-05-04T00:01:46.446Z pw:api   locator resolved to &lt;a id="ember163" href="#/purchasereceives" class="ember-view nav-link"&gt;ΓÇª&lt;/a&gt;</Text>
      </RunInfo>
      <RunInfo computerName="DESKTOP-RSFFHJT" outcome="Warning" timestamp="2025-05-03T20:01:46.4485735-04:00">
        <Text>2025-05-04T00:01:46.447Z pw:api waiting for Locator("div[id='main-nav-tab'] a[id*='ember'][class$='nav-link'], div[id='main-nav-tab']  a[id*='ember'][class$='nav-link ']").Nth(19)</Text>
      </RunInfo>
      <RunInfo computerName="DESKTOP-RSFFHJT" outcome="Warning" timestamp="2025-05-03T20:01:46.4506182-04:00">
        <Text>2025-05-04T00:01:46.449Z pw:api   locator resolved to &lt;a id="ember168" href="#/bills" class="ember-view nav-link"&gt;ΓÇª&lt;/a&gt;</Text>
      </RunInfo>
      <RunInfo computerName="DESKTOP-RSFFHJT" outcome="Warning" timestamp="2025-05-03T20:01:46.4515166-04:00">
        <Text>2025-05-04T00:01:46.450Z pw:api waiting for Locator("div[id='main-nav-tab'] a[id*='ember'][class$='nav-link'], div[id='main-nav-tab']  a[id*='ember'][class$='nav-link ']").Nth(20)</Text>
      </RunInfo>
      <RunInfo computerName="DESKTOP-RSFFHJT" outcome="Warning" timestamp="2025-05-03T20:01:46.4533236-04:00">
        <Text>2025-05-04T00:01:46.452Z pw:api   locator resolved to &lt;a id="ember172" href="#/paymentsmade" class="ember-view nav-link"&gt;ΓÇª&lt;/a&gt;</Text>
      </RunInfo>
      <RunInfo computerName="DESKTOP-RSFFHJT" outcome="Warning" timestamp="2025-05-03T20:01:46.4540255-04:00">
        <Text>2025-05-04T00:01:46.453Z pw:api waiting for Locator("div[id='main-nav-tab'] a[id*='ember'][class$='nav-link'], div[id='main-nav-tab']  a[id*='ember'][class$='nav-link ']").Nth(21)</Text>
      </RunInfo>
      <RunInfo computerName="DESKTOP-RSFFHJT" outcome="Warning" timestamp="2025-05-03T20:01:46.4558412-04:00">
        <Text>2025-05-04T00:01:46.454Z pw:api   locator resolved to &lt;a id="ember177" href="#/vendorcredits" class="ember-view nav-link"&gt;ΓÇª&lt;/a&gt;</Text>
      </RunInfo>
      <RunInfo computerName="DESKTOP-RSFFHJT" outcome="Warning" timestamp="2025-05-03T20:01:46.4565548-04:00">
        <Text>2025-05-04T00:01:46.455Z pw:api waiting for Locator("div[id='main-nav-tab'] a[id*='ember'][class$='nav-link'], div[id='main-nav-tab']  a[id*='ember'][class$='nav-link ']").Nth(22)</Text>
      </RunInfo>
      <RunInfo computerName="DESKTOP-RSFFHJT" outcome="Warning" timestamp="2025-05-03T20:01:46.4584532-04:00">
        <Text>2025-05-04T00:01:46.457Z pw:api   locator resolved to &lt;a id="ember181" class="ember-view nav-link" href="#/settings/integrations"&gt;ΓÇª&lt;/a&gt;</Text>
      </RunInfo>
      <RunInfo computerName="DESKTOP-RSFFHJT" outcome="Warning" timestamp="2025-05-03T20:01:46.4593697-04:00">
        <Text>2025-05-04T00:01:46.458Z pw:api waiting for Locator("div[id='main-nav-tab'] a[id*='ember'][class$='nav-link'], div[id='main-nav-tab']  a[id*='ember'][class$='nav-link ']").Nth(23)</Text>
      </RunInfo>
      <RunInfo computerName="DESKTOP-RSFFHJT" outcome="Warning" timestamp="2025-05-03T20:01:46.4621386-04:00">
        <Text>2025-05-04T00:01:46.460Z pw:api   locator resolved to &lt;a id="ember184" href="#/reports" class="ember-view nav-link"&gt;ΓÇª&lt;/a&gt;</Text>
      </RunInfo>
      <RunInfo computerName="DESKTOP-RSFFHJT" outcome="Warning" timestamp="2025-05-03T20:01:46.4628962-04:00">
        <Text>2025-05-04T00:01:46.461Z pw:api waiting for Locator("div[id='main-nav-tab'] a[id*='ember'][class$='nav-link'], div[id='main-nav-tab']  a[id*='ember'][class$='nav-link ']").Nth(24)</Text>
      </RunInfo>
      <RunInfo computerName="DESKTOP-RSFFHJT" outcome="Warning" timestamp="2025-05-03T20:01:46.4651196-04:00">
        <Text>2025-05-04T00:01:46.464Z pw:api   locator resolved to &lt;a id="ember187" href="#/documents/inbox" class="ember-view nav-link"&gt;ΓÇª&lt;/a&gt;</Text>
      </RunInfo>
      <RunInfo computerName="DESKTOP-RSFFHJT" outcome="Warning" timestamp="2025-05-03T20:01:46.4673735-04:00">
        <Text>2025-05-04T00:01:46.466Z pw:api waiting for Locator("div[id='main-nav-tab'] a[id*='ember'][class$='nav-link'], div[id='main-nav-tab']  a[id*='ember'][class$='nav-link ']").Nth(1)</Text>
      </RunInfo>
      <RunInfo computerName="DESKTOP-RSFFHJT" outcome="Warning" timestamp="2025-05-03T20:01:46.4705060-04:00">
        <Text>2025-05-04T00:01:46.469Z pw:api   locator resolved to &lt;a id="ember82" class="collapsed ember-view nav-link "&gt;ΓÇª&lt;/a&gt;</Text>
      </RunInfo>
      <RunInfo computerName="DESKTOP-RSFFHJT" outcome="Warning" timestamp="2025-05-03T20:01:46.4716741-04:00">
        <Text>2025-05-04T00:01:46.470Z pw:api attempting click action</Text>
      </RunInfo>
      <RunInfo computerName="DESKTOP-RSFFHJT" outcome="Warning" timestamp="2025-05-03T20:01:46.4720642-04:00">
        <Text>2025-05-04T00:01:46.471Z pw:api   waiting for element to be visible, enabled and stable</Text>
      </RunInfo>
      <RunInfo computerName="DESKTOP-RSFFHJT" outcome="Warning" timestamp="2025-05-03T20:01:46.4958841-04:00">
        <Text>2025-05-04T00:01:46.494Z pw:api   element is visible, enabled and stable</Text>
      </RunInfo>
      <RunInfo computerName="DESKTOP-RSFFHJT" outcome="Warning" timestamp="2025-05-03T20:01:46.4958906-04:00">
        <Text>2025-05-04T00:01:46.494Z pw:api   scrolling into view if needed</Text>
      </RunInfo>
      <RunInfo computerName="DESKTOP-RSFFHJT" outcome="Warning" timestamp="2025-05-03T20:01:46.4964538-04:00">
        <Text>2025-05-04T00:01:46.495Z pw:api   done scrolling</Text>
      </RunInfo>
      <RunInfo computerName="DESKTOP-RSFFHJT" outcome="Warning" timestamp="2025-05-03T20:01:46.5001476-04:00">
        <Text>2025-05-04T00:01:46.499Z pw:api   performing click action</Text>
      </RunInfo>
      <RunInfo computerName="DESKTOP-RSFFHJT" outcome="Warning" timestamp="2025-05-03T20:01:46.5091625-04:00">
        <Text>2025-05-04T00:01:46.508Z pw:api   click action done</Text>
      </RunInfo>
      <RunInfo computerName="DESKTOP-RSFFHJT" outcome="Warning" timestamp="2025-05-03T20:01:46.5091752-04:00">
        <Text>2025-05-04T00:01:46.508Z pw:api   waiting for scheduled navigations to finish</Text>
      </RunInfo>
      <RunInfo computerName="DESKTOP-RSFFHJT" outcome="Warning" timestamp="2025-05-03T20:01:46.5092607-04:00">
        <Text>2025-05-04T00:01:46.508Z pw:api   navigations have finished</Text>
      </RunInfo>
      <RunInfo computerName="DESKTOP-RSFFHJT" outcome="Warning" timestamp="2025-05-03T20:01:46.5136940-04:00">
        <Text>2025-05-04T00:01:46.512Z pw:api waiting for Locator("div[id='main-nav-tab'] a[id*='ember'][class$='nav-link'], div[id='main-nav-tab']  a[id*='ember'][class$='nav-link ']").First</Text>
      </RunInfo>
      <RunInfo computerName="DESKTOP-RSFFHJT" outcome="Warning" timestamp="2025-05-03T20:01:46.5156500-04:00">
        <Text>2025-05-04T00:01:46.514Z pw:api   locator resolved to &lt;a id="ember79" href="#/home" class="ember-view active nav-link"&gt;ΓÇª&lt;/a&gt;</Text>
      </RunInfo>
      <RunInfo computerName="DESKTOP-RSFFHJT" outcome="Warning" timestamp="2025-05-03T20:01:46.5165040-04:00">
        <Text>2025-05-04T00:01:46.515Z pw:api waiting for Locator("div[id='main-nav-tab'] a[id*='ember'][class$='nav-link'], div[id='main-nav-tab']  a[id*='ember'][class$='nav-link ']").Nth(1)</Text>
      </RunInfo>
      <RunInfo computerName="DESKTOP-RSFFHJT" outcome="Warning" timestamp="2025-05-03T20:01:46.5203777-04:00">
        <Text>2025-05-04T00:01:46.519Z pw:api   locator resolved to &lt;a id="ember82" class="ember-view nav-link "&gt;ΓÇª&lt;/a&gt;</Text>
      </RunInfo>
      <RunInfo computerName="DESKTOP-RSFFHJT" outcome="Warning" timestamp="2025-05-03T20:01:46.5211421-04:00">
        <Text>2025-05-04T00:01:46.520Z pw:api waiting for Locator("div[id='main-nav-tab'] a[id*='ember'][class$='nav-link'], div[id='main-nav-tab']  a[id*='ember'][class$='nav-link ']").Nth(2)</Text>
      </RunInfo>
      <RunInfo computerName="DESKTOP-RSFFHJT" outcome="Warning" timestamp="2025-05-03T20:01:46.5231831-04:00">
        <Text>2025-05-04T00:01:46.522Z pw:api   locator resolved to &lt;a id="ember86" href="#/inventory/items" class="ember-view nav-link"&gt;ΓÇª&lt;/a&gt;</Text>
      </RunInfo>
      <RunInfo computerName="DESKTOP-RSFFHJT" outcome="Warning" timestamp="2025-05-03T20:01:46.5240077-04:00">
        <Text>2025-05-04T00:01:46.523Z pw:api waiting for Locator("div[id='main-nav-tab'] a[id*='ember'][class$='nav-link'], div[id='main-nav-tab']  a[id*='ember'][class$='nav-link ']").Nth(3)</Text>
      </RunInfo>
      <RunInfo computerName="DESKTOP-RSFFHJT" outcome="Warning" timestamp="2025-05-03T20:01:46.5259959-04:00">
        <Text>2025-05-04T00:01:46.524Z pw:api   locator resolved to &lt;a id="ember91" class="ember-view nav-link" href="#/inventory/itemgroups"&gt;ΓÇª&lt;/a&gt;</Text>
      </RunInfo>
      <RunInfo computerName="DESKTOP-RSFFHJT" outcome="Warning" timestamp="2025-05-03T20:01:46.5267176-04:00">
        <Text>2025-05-04T00:01:46.525Z pw:api waiting for Locator("div[id='main-nav-tab'] a[id*='ember'][class$='nav-link'], div[id='main-nav-tab']  a[id*='ember'][class$='nav-link ']").Nth(4)</Text>
      </RunInfo>
      <RunInfo computerName="DESKTOP-RSFFHJT" outcome="Warning" timestamp="2025-05-03T20:01:46.5317281-04:00">
        <Text>2025-05-04T00:01:46.530Z pw:api   locator resolved to &lt;a id="ember97" class="ember-view nav-link" href="#/inventory/adjustments"&gt;ΓÇª&lt;/a&gt;</Text>
      </RunInfo>
      <RunInfo computerName="DESKTOP-RSFFHJT" outcome="Warning" timestamp="2025-05-03T20:01:46.5326576-04:00">
        <Text>2025-05-04T00:01:46.531Z pw:api waiting for Locator("div[id='main-nav-tab'] a[id*='ember'][class$='nav-link'], div[id='main-nav-tab']  a[id*='ember'][class$='nav-link ']").Nth(5)</Text>
      </RunInfo>
      <RunInfo computerName="DESKTOP-RSFFHJT" outcome="Warning" timestamp="2025-05-03T20:01:46.5350857-04:00">
        <Text>2025-05-04T00:01:46.534Z pw:api   locator resolved to &lt;a id="ember104" class="collapsed ember-view nav-link "&gt;ΓÇª&lt;/a&gt;</Text>
      </RunInfo>
      <RunInfo computerName="DESKTOP-RSFFHJT" outcome="Warning" timestamp="2025-05-03T20:01:46.5358803-04:00">
        <Text>2025-05-04T00:01:46.534Z pw:api waiting for Locator("div[id='main-nav-tab'] a[id*='ember'][class$='nav-link'], div[id='main-nav-tab']  a[id*='ember'][class$='nav-link ']").Nth(6)</Text>
      </RunInfo>
      <RunInfo computerName="DESKTOP-RSFFHJT" outcome="Warning" timestamp="2025-05-03T20:01:46.5377568-04:00">
        <Text>2025-05-04T00:01:46.536Z pw:api   locator resolved to &lt;a id="ember108" href="#/contacts" class="ember-view nav-link"&gt;ΓÇª&lt;/a&gt;</Text>
      </RunInfo>
      <RunInfo computerName="DESKTOP-RSFFHJT" outcome="Warning" timestamp="2025-05-03T20:01:46.5385215-04:00">
        <Text>2025-05-04T00:01:46.537Z pw:api waiting for Locator("div[id='main-nav-tab'] a[id*='ember'][class$='nav-link'], div[id='main-nav-tab']  a[id*='ember'][class$='nav-link ']").Nth(7)</Text>
      </RunInfo>
      <RunInfo computerName="DESKTOP-RSFFHJT" outcome="Warning" timestamp="2025-05-03T20:01:46.5402986-04:00">
        <Text>2025-05-04T00:01:46.539Z pw:api   locator resolved to &lt;a id="ember114" href="#/salesorders" class="ember-view nav-link"&gt;ΓÇª&lt;/a&gt;</Text>
      </RunInfo>
      <RunInfo computerName="DESKTOP-RSFFHJT" outcome="Warning" timestamp="2025-05-03T20:01:46.5411533-04:00">
        <Text>2025-05-04T00:01:46.540Z pw:api waiting for Locator("div[id='main-nav-tab'] a[id*='ember'][class$='nav-link'], div[id='main-nav-tab']  a[id*='ember'][class$='nav-link ']").Nth(8)</Text>
      </RunInfo>
      <RunInfo computerName="DESKTOP-RSFFHJT" outcome="Warning" timestamp="2025-05-03T20:01:46.5427966-04:00">
        <Text>2025-05-04T00:01:46.541Z pw:api   locator resolved to &lt;a id="ember121" href="#/packages" class="ember-view nav-link"&gt;ΓÇª&lt;/a&gt;</Text>
      </RunInfo>
      <RunInfo computerName="DESKTOP-RSFFHJT" outcome="Warning" timestamp="2025-05-03T20:01:46.5435291-04:00">
        <Text>2025-05-04T00:01:46.542Z pw:api waiting for Locator("div[id='main-nav-tab'] a[id*='ember'][class$='nav-link'], div[id='main-nav-tab']  a[id*='ember'][class$='nav-link ']").Nth(9)</Text>
      </RunInfo>
      <RunInfo computerName="DESKTOP-RSFFHJT" outcome="Warning" timestamp="2025-05-03T20:01:46.5482538-04:00">
        <Text>2025-05-04T00:01:46.547Z pw:api   locator resolved to &lt;a id="ember125" href="#/shipments" class="ember-view nav-link"&gt;ΓÇª&lt;/a&gt;</Text>
      </RunInfo>
      <RunInfo computerName="DESKTOP-RSFFHJT" outcome="Warning" timestamp="2025-05-03T20:01:46.5491941-04:00">
        <Text>2025-05-04T00:01:46.548Z pw:api waiting for Locator("div[id='main-nav-tab'] a[id*='ember'][class$='nav-link'], div[id='main-nav-tab']  a[id*='ember'][class$='nav-link ']").Nth(10)</Text>
      </RunInfo>
      <RunInfo computerName="DESKTOP-RSFFHJT" outcome="Warning" timestamp="2025-05-03T20:01:46.5511949-04:00">
        <Text>2025-05-04T00:01:46.550Z pw:api   locator resolved to &lt;a id="ember129" href="#/invoices" class="ember-view nav-link"&gt;ΓÇª&lt;/a&gt;</Text>
      </RunInfo>
      <RunInfo computerName="DESKTOP-RSFFHJT" outcome="Warning" timestamp="2025-05-03T20:01:46.5519149-04:00">
        <Text>2025-05-04T00:01:46.550Z pw:api waiting for Locator("div[id='main-nav-tab'] a[id*='ember'][class$='nav-link'], div[id='main-nav-tab']  a[id*='ember'][class$='nav-link ']").Nth(11)</Text>
      </RunInfo>
      <RunInfo computerName="DESKTOP-RSFFHJT" outcome="Warning" timestamp="2025-05-03T20:01:46.5548096-04:00">
        <Text>2025-05-04T00:01:46.553Z pw:api   locator resolved to &lt;a id="ember134" href="#/paymentsreceived" class="ember-view nav-link"&gt;ΓÇª&lt;/a&gt;</Text>
      </RunInfo>
      <RunInfo computerName="DESKTOP-RSFFHJT" outcome="Warning" timestamp="2025-05-03T20:01:46.5558379-04:00">
        <Text>2025-05-04T00:01:46.554Z pw:api waiting for Locator("div[id='main-nav-tab'] a[id*='ember'][class$='nav-link'], div[id='main-nav-tab']  a[id*='ember'][class$='nav-link ']").Nth(12)</Text>
      </RunInfo>
      <RunInfo computerName="DESKTOP-RSFFHJT" outcome="Warning" timestamp="2025-05-03T20:01:46.5582394-04:00">
        <Text>2025-05-04T00:01:46.557Z pw:api   locator resolved to &lt;a id="ember140" href="#/salesreturns" class="ember-view nav-link"&gt;ΓÇª&lt;/a&gt;</Text>
      </RunInfo>
      <RunInfo computerName="DESKTOP-RSFFHJT" outcome="Warning" timestamp="2025-05-03T20:01:46.5588569-04:00">
        <Text>2025-05-04T00:01:46.557Z pw:api waiting for Locator("div[id='main-nav-tab'] a[id*='ember'][class$='nav-link'], div[id='main-nav-tab']  a[id*='ember'][class$='nav-link ']").Nth(13)</Text>
      </RunInfo>
      <RunInfo computerName="DESKTOP-RSFFHJT" outcome="Warning" timestamp="2025-05-03T20:01:46.5619382-04:00">
        <Text>2025-05-04T00:01:46.560Z pw:api   locator resolved to &lt;a id="ember143" href="#/creditnotes" class="ember-view nav-link"&gt;ΓÇª&lt;/a&gt;</Text>
      </RunInfo>
      <RunInfo computerName="DESKTOP-RSFFHJT" outcome="Warning" timestamp="2025-05-03T20:01:46.5629802-04:00">
        <Text>2025-05-04T00:01:46.561Z pw:api waiting for Locator("div[id='main-nav-tab'] a[id*='ember'][class$='nav-link'], div[id='main-nav-tab']  a[id*='ember'][class$='nav-link ']").Nth(14)</Text>
      </RunInfo>
      <RunInfo computerName="DESKTOP-RSFFHJT" outcome="Warning" timestamp="2025-05-03T20:01:46.5734274-04:00">
        <Text>2025-05-04T00:01:46.572Z pw:api   locator resolved to &lt;a id="ember147" class="collapsed ember-view nav-link "&gt;ΓÇª&lt;/a&gt;</Text>
      </RunInfo>
      <RunInfo computerName="DESKTOP-RSFFHJT" outcome="Warning" timestamp="2025-05-03T20:01:46.5744836-04:00">
        <Text>2025-05-04T00:01:46.573Z pw:api waiting for Locator("div[id='main-nav-tab'] a[id*='ember'][class$='nav-link'], div[id='main-nav-tab']  a[id*='ember'][class$='nav-link ']").Nth(15)</Text>
      </RunInfo>
      <RunInfo computerName="DESKTOP-RSFFHJT" outcome="Warning" timestamp="2025-05-03T20:01:46.5764853-04:00">
        <Text>2025-05-04T00:01:46.575Z pw:api   locator resolved to &lt;a id="ember151" href="#/vendors" class="ember-view nav-link"&gt;ΓÇª&lt;/a&gt;</Text>
      </RunInfo>
      <RunInfo computerName="DESKTOP-RSFFHJT" outcome="Warning" timestamp="2025-05-03T20:01:46.5776517-04:00">
        <Text>2025-05-04T00:01:46.576Z pw:api waiting for Locator("div[id='main-nav-tab'] a[id*='ember'][class$='nav-link'], div[id='main-nav-tab']  a[id*='ember'][class$='nav-link ']").Nth(16)</Text>
      </RunInfo>
      <RunInfo computerName="DESKTOP-RSFFHJT" outcome="Warning" timestamp="2025-05-03T20:01:46.5823597-04:00">
        <Text>2025-05-04T00:01:46.581Z pw:api   locator resolved to &lt;a id="ember155" href="#/expenses" class="ember-view nav-link"&gt;ΓÇª&lt;/a&gt;</Text>
      </RunInfo>
      <RunInfo computerName="DESKTOP-RSFFHJT" outcome="Warning" timestamp="2025-05-03T20:01:46.5833500-04:00">
        <Text>2025-05-04T00:01:46.582Z pw:api waiting for Locator("div[id='main-nav-tab'] a[id*='ember'][class$='nav-link'], div[id='main-nav-tab']  a[id*='ember'][class$='nav-link ']").Nth(17)</Text>
      </RunInfo>
      <RunInfo computerName="DESKTOP-RSFFHJT" outcome="Warning" timestamp="2025-05-03T20:01:46.5857217-04:00">
        <Text>2025-05-04T00:01:46.584Z pw:api   locator resolved to &lt;a id="ember159" href="#/purchaseorders" class="ember-view nav-link"&gt;ΓÇª&lt;/a&gt;</Text>
      </RunInfo>
      <RunInfo computerName="DESKTOP-RSFFHJT" outcome="Warning" timestamp="2025-05-03T20:01:46.5869680-04:00">
        <Text>2025-05-04T00:01:46.585Z pw:api waiting for Locator("div[id='main-nav-tab'] a[id*='ember'][class$='nav-link'], div[id='main-nav-tab']  a[id*='ember'][class$='nav-link ']").Nth(18)</Text>
      </RunInfo>
      <RunInfo computerName="DESKTOP-RSFFHJT" outcome="Warning" timestamp="2025-05-03T20:01:46.5896500-04:00">
        <Text>2025-05-04T00:01:46.588Z pw:api   locator resolved to &lt;a id="ember163" href="#/purchasereceives" class="ember-view nav-link"&gt;ΓÇª&lt;/a&gt;</Text>
      </RunInfo>
      <RunInfo computerName="DESKTOP-RSFFHJT" outcome="Warning" timestamp="2025-05-03T20:01:46.5904606-04:00">
        <Text>2025-05-04T00:01:46.589Z pw:api waiting for Locator("div[id='main-nav-tab'] a[id*='ember'][class$='nav-link'], div[id='main-nav-tab']  a[id*='ember'][class$='nav-link ']").Nth(19)</Text>
      </RunInfo>
      <RunInfo computerName="DESKTOP-RSFFHJT" outcome="Warning" timestamp="2025-05-03T20:01:46.5927475-04:00">
        <Text>2025-05-04T00:01:46.591Z pw:api   locator resolved to &lt;a id="ember168" href="#/bills" class="ember-view nav-link"&gt;ΓÇª&lt;/a&gt;</Text>
      </RunInfo>
      <RunInfo computerName="DESKTOP-RSFFHJT" outcome="Warning" timestamp="2025-05-03T20:01:46.5938482-04:00">
        <Text>2025-05-04T00:01:46.592Z pw:api waiting for Locator("div[id='main-nav-tab'] a[id*='ember'][class$='nav-link'], div[id='main-nav-tab']  a[id*='ember'][class$='nav-link ']").Nth(20)</Text>
      </RunInfo>
      <RunInfo computerName="DESKTOP-RSFFHJT" outcome="Warning" timestamp="2025-05-03T20:01:46.5995183-04:00">
        <Text>2025-05-04T00:01:46.598Z pw:api   locator resolved to &lt;a id="ember172" href="#/paymentsmade" class="ember-view nav-link"&gt;ΓÇª&lt;/a&gt;</Text>
      </RunInfo>
      <RunInfo computerName="DESKTOP-RSFFHJT" outcome="Warning" timestamp="2025-05-03T20:01:46.6004180-04:00">
        <Text>2025-05-04T00:01:46.599Z pw:api waiting for Locator("div[id='main-nav-tab'] a[id*='ember'][class$='nav-link'], div[id='main-nav-tab']  a[id*='ember'][class$='nav-link ']").Nth(21)</Text>
      </RunInfo>
      <RunInfo computerName="DESKTOP-RSFFHJT" outcome="Warning" timestamp="2025-05-03T20:01:46.6033674-04:00">
        <Text>2025-05-04T00:01:46.602Z pw:api   locator resolved to &lt;a id="ember177" href="#/vendorcredits" class="ember-view nav-link"&gt;ΓÇª&lt;/a&gt;</Text>
      </RunInfo>
      <RunInfo computerName="DESKTOP-RSFFHJT" outcome="Warning" timestamp="2025-05-03T20:01:46.6041651-04:00">
        <Text>2025-05-04T00:01:46.603Z pw:api waiting for Locator("div[id='main-nav-tab'] a[id*='ember'][class$='nav-link'], div[id='main-nav-tab']  a[id*='ember'][class$='nav-link ']").Nth(22)</Text>
      </RunInfo>
      <RunInfo computerName="DESKTOP-RSFFHJT" outcome="Warning" timestamp="2025-05-03T20:01:46.6065346-04:00">
        <Text>2025-05-04T00:01:46.605Z pw:api   locator resolved to &lt;a id="ember181" class="ember-view nav-link" href="#/settings/integrations"&gt;ΓÇª&lt;/a&gt;</Text>
      </RunInfo>
      <RunInfo computerName="DESKTOP-RSFFHJT" outcome="Warning" timestamp="2025-05-03T20:01:46.6075586-04:00">
        <Text>2025-05-04T00:01:46.606Z pw:api waiting for Locator("div[id='main-nav-tab'] a[id*='ember'][class$='nav-link'], div[id='main-nav-tab']  a[id*='ember'][class$='nav-link ']").Nth(23)</Text>
      </RunInfo>
      <RunInfo computerName="DESKTOP-RSFFHJT" outcome="Warning" timestamp="2025-05-03T20:01:46.6097584-04:00">
        <Text>2025-05-04T00:01:46.608Z pw:api   locator resolved to &lt;a id="ember184" href="#/reports" class="ember-view nav-link"&gt;ΓÇª&lt;/a&gt;</Text>
      </RunInfo>
      <RunInfo computerName="DESKTOP-RSFFHJT" outcome="Warning" timestamp="2025-05-03T20:01:46.6107665-04:00">
        <Text>2025-05-04T00:01:46.609Z pw:api waiting for Locator("div[id='main-nav-tab'] a[id*='ember'][class$='nav-link'], div[id='main-nav-tab']  a[id*='ember'][class$='nav-link ']").Nth(24)</Text>
      </RunInfo>
      <RunInfo computerName="DESKTOP-RSFFHJT" outcome="Warning" timestamp="2025-05-03T20:01:46.6174280-04:00">
        <Text>2025-05-04T00:01:46.615Z pw:api   locator resolved to &lt;a id="ember187" href="#/documents/inbox" class="ember-view nav-link"&gt;ΓÇª&lt;/a&gt;</Text>
      </RunInfo>
      <RunInfo computerName="DESKTOP-RSFFHJT" outcome="Warning" timestamp="2025-05-03T20:01:46.6175669-04:00">
        <Text>2025-05-04T00:01:46.616Z pw:api waiting for Locator("div[id='main-nav-tab'] a[id*='ember'][class$='nav-link'], div[id='main-nav-tab']  a[id*='ember'][class$='nav-link ']").Nth(2)</Text>
      </RunInfo>
      <RunInfo computerName="DESKTOP-RSFFHJT" outcome="Warning" timestamp="2025-05-03T20:01:46.6277350-04:00">
        <Text>2025-05-04T00:01:46.626Z pw:api   locator resolved to &lt;a id="ember86" href="#/inventory/items" class="ember-view nav-link"&gt;ΓÇª&lt;/a&gt;</Text>
      </RunInfo>
      <RunInfo computerName="DESKTOP-RSFFHJT" outcome="Warning" timestamp="2025-05-03T20:01:46.6339035-04:00">
        <Text>2025-05-04T00:01:46.632Z pw:api attempting click action</Text>
      </RunInfo>
      <RunInfo computerName="DESKTOP-RSFFHJT" outcome="Warning" timestamp="2025-05-03T20:01:46.6339113-04:00">
        <Text>2025-05-04T00:01:46.632Z pw:api   waiting for element to be visible, enabled and stable</Text>
      </RunInfo>
      <RunInfo computerName="DESKTOP-RSFFHJT" outcome="Warning" timestamp="2025-05-03T20:01:46.6629387-04:00">
        <Text>2025-05-04T00:01:46.661Z pw:api   element is visible, enabled and stable</Text>
      </RunInfo>
      <RunInfo computerName="DESKTOP-RSFFHJT" outcome="Warning" timestamp="2025-05-03T20:01:46.6629462-04:00">
        <Text>2025-05-04T00:01:46.661Z pw:api   scrolling into view if needed</Text>
      </RunInfo>
      <RunInfo computerName="DESKTOP-RSFFHJT" outcome="Warning" timestamp="2025-05-03T20:01:46.6638844-04:00">
        <Text>2025-05-04T00:01:46.662Z pw:api   done scrolling</Text>
      </RunInfo>
      <RunInfo computerName="DESKTOP-RSFFHJT" outcome="Warning" timestamp="2025-05-03T20:01:46.6661211-04:00">
        <Text>2025-05-04T00:01:46.665Z pw:api   performing click action</Text>
      </RunInfo>
      <RunInfo computerName="DESKTOP-RSFFHJT" outcome="Warning" timestamp="2025-05-03T20:01:46.6887827-04:00">
        <Text>2025-05-04T00:01:46.687Z pw:api   click action done</Text>
      </RunInfo>
      <RunInfo computerName="DESKTOP-RSFFHJT" outcome="Warning" timestamp="2025-05-03T20:01:46.6888280-04:00">
        <Text>2025-05-04T00:01:46.687Z pw:api   waiting for scheduled navigations to finish</Text>
      </RunInfo>
      <RunInfo computerName="DESKTOP-RSFFHJT" outcome="Warning" timestamp="2025-05-03T20:01:46.6890131-04:00">
        <Text>2025-05-04T00:01:46.688Z pw:api   navigations have finished</Text>
      </RunInfo>
      <RunInfo computerName="DESKTOP-RSFFHJT" outcome="Warning" timestamp="2025-05-03T20:01:46.7011653-04:00">
        <Text>2025-05-04T00:01:46.700Z pw:api waiting for Locator("table[id='vertically-scrolled-table']") to be visible</Text>
      </RunInfo>
      <RunInfo computerName="DESKTOP-RSFFHJT" outcome="Warning" timestamp="2025-05-03T20:01:47.1051746-04:00">
        <Text>2025-05-04T00:01:47.103Z pw:api   navigated to "https://www.zoho.com/ca/inventory/inventory-software-demo/#/inventory/items"</Text>
      </RunInfo>
      <RunInfo computerName="DESKTOP-RSFFHJT" outcome="Warning" timestamp="2025-05-03T20:01:47.1300031-04:00">
        <Text>2025-05-04T00:01:47.128Z pw:api   "networkidle" event fired</Text>
      </RunInfo>
      <RunInfo computerName="DESKTOP-RSFFHJT" outcome="Warning" timestamp="2025-05-03T20:01:47.5170831-04:00">
        <Text>2025-05-04T00:01:47.515Z pw:api   locator resolved to visible &lt;table id="vertically-scrolled-table" class="table zi-table table-hover     header-fixed"&gt;ΓÇª&lt;/table&gt;</Text>
      </RunInfo>
      <RunInfo computerName="DESKTOP-RSFFHJT" outcome="Warning" timestamp="2025-05-03T20:01:47.5255492-04:00">
        <Text>2025-05-04T00:01:47.519Z pw:api waiting for Locator("table[id='vertically-scrolled-table']").Locator("tbody tr").First</Text>
      </RunInfo>
      <RunInfo computerName="DESKTOP-RSFFHJT" outcome="Warning" timestamp="2025-05-03T20:01:47.5257878-04:00">
        <Text>2025-05-04T00:01:47.520Z pw:api   locator resolved to &lt;tr tabindex="-1" id="ember310" class="ember-view   "&gt;ΓÇª&lt;/tr&gt;</Text>
      </RunInfo>
      <RunInfo computerName="DESKTOP-RSFFHJT" outcome="Warning" timestamp="2025-05-03T20:01:47.5273612-04:00">
        <Text>2025-05-04T00:01:47.526Z pw:api waiting for Locator("table[id='vertically-scrolled-table']").Locator("tbody tr").First.Locator("a")</Text>
      </RunInfo>
      <RunInfo computerName="DESKTOP-RSFFHJT" outcome="Warning" timestamp="2025-05-03T20:01:47.5293235-04:00">
        <Text>2025-05-04T00:01:47.528Z pw:api   locator resolved to &lt;a id="ember314" class="ember-view text-break " href="#/inventory/items/6620000005381000"&gt;Storage Cabinet&lt;/a&gt;</Text>
      </RunInfo>
      <RunInfo computerName="DESKTOP-RSFFHJT" outcome="Warning" timestamp="2025-05-03T20:01:47.5308042-04:00">
        <Text>2025-05-04T00:01:47.529Z pw:api waiting for Locator("table[id='vertically-scrolled-table']").Locator("tbody tr").First.Locator("td:nth-child(3)")</Text>
      </RunInfo>
      <RunInfo computerName="DESKTOP-RSFFHJT" outcome="Warning" timestamp="2025-05-03T20:01:47.5325224-04:00">
        <Text>2025-05-04T00:01:47.531Z pw:api   locator resolved to &lt;td class=" "&gt;Item 1 sku&lt;/td&gt;</Text>
      </RunInfo>
      <RunInfo computerName="DESKTOP-RSFFHJT" outcome="Warning" timestamp="2025-05-03T20:01:47.5332813-04:00">
        <Text>2025-05-04T00:01:47.532Z pw:api waiting for Locator("table[id='vertically-scrolled-table']").Locator("tbody tr").First.Locator("td:nth-child(4)")</Text>
      </RunInfo>
      <RunInfo computerName="DESKTOP-RSFFHJT" outcome="Warning" timestamp="2025-05-03T20:01:47.5346968-04:00">
        <Text>2025-05-04T00:01:47.533Z pw:api   locator resolved to &lt;td class=" "&gt;Goods&lt;/td&gt;</Text>
      </RunInfo>
      <RunInfo computerName="DESKTOP-RSFFHJT" outcome="Warning" timestamp="2025-05-03T20:01:47.5353367-04:00">
        <Text>2025-05-04T00:01:47.534Z pw:api waiting for Locator("table[id='vertically-scrolled-table']").Locator("tbody tr").First.Locator("td span[class='text-ellipsis']")</Text>
      </RunInfo>
      <RunInfo computerName="DESKTOP-RSFFHJT" outcome="Warning" timestamp="2025-05-03T20:01:47.5370620-04:00">
        <Text>2025-05-04T00:01:47.536Z pw:api   locator resolved to &lt;span id="aad8d7b10" class="text-ellipsis"&gt;A versatile storage cabinet with adjustable shelvΓÇª&lt;/span&gt;</Text>
      </RunInfo>
      <RunInfo computerName="DESKTOP-RSFFHJT" outcome="Warning" timestamp="2025-05-03T20:01:47.5375086-04:00">
        <Text>2025-05-04T00:01:47.536Z pw:api waiting for Locator("table[id='vertically-scrolled-table']").Locator("tbody tr").First.Locator("td[class='  text-end']")</Text>
      </RunInfo>
      <RunInfo computerName="DESKTOP-RSFFHJT" outcome="Warning" timestamp="2025-05-03T20:01:47.5389402-04:00">
        <Text>2025-05-04T00:01:47.538Z pw:api   locator resolved to &lt;td class="  text-end"&gt;$9052.00&lt;/td&gt;</Text>
      </RunInfo>
      <RunInfo computerName="DESKTOP-RSFFHJT" outcome="Warning" timestamp="2025-05-03T20:01:47.5401116-04:00">
        <Text>2025-05-04T00:01:47.539Z pw:api waiting for Locator("table[id='vertically-scrolled-table']").Locator("tbody tr").Nth(1)</Text>
      </RunInfo>
      <RunInfo computerName="DESKTOP-RSFFHJT" outcome="Warning" timestamp="2025-05-03T20:01:47.5414906-04:00">
        <Text>2025-05-04T00:01:47.540Z pw:api   locator resolved to &lt;tr tabindex="-1" id="ember316" class="ember-view   "&gt;ΓÇª&lt;/tr&gt;</Text>
      </RunInfo>
      <RunInfo computerName="DESKTOP-RSFFHJT" outcome="Warning" timestamp="2025-05-03T20:01:47.5421347-04:00">
        <Text>2025-05-04T00:01:47.541Z pw:api waiting for Locator("table[id='vertically-scrolled-table']").Locator("tbody tr").Nth(1).Locator("a")</Text>
      </RunInfo>
      <RunInfo computerName="DESKTOP-RSFFHJT" outcome="Warning" timestamp="2025-05-03T20:01:47.5435419-04:00">
        <Text>2025-05-04T00:01:47.542Z pw:api   locator resolved to &lt;a id="ember320" class="ember-view text-break " href="#/inventory/items/6620000005381001"&gt;Storage Cabinet&lt;/a&gt;</Text>
      </RunInfo>
      <RunInfo computerName="DESKTOP-RSFFHJT" outcome="Warning" timestamp="2025-05-03T20:01:47.5442240-04:00">
        <Text>2025-05-04T00:01:47.543Z pw:api waiting for Locator("table[id='vertically-scrolled-table']").Locator("tbody tr").Nth(1).Locator("td:nth-child(3)")</Text>
      </RunInfo>
      <RunInfo computerName="DESKTOP-RSFFHJT" outcome="Warning" timestamp="2025-05-03T20:01:47.5458128-04:00">
        <Text>2025-05-04T00:01:47.544Z pw:api   locator resolved to &lt;td class=" "&gt;Item 2 sku&lt;/td&gt;</Text>
      </RunInfo>
      <RunInfo computerName="DESKTOP-RSFFHJT" outcome="Warning" timestamp="2025-05-03T20:01:47.5464179-04:00">
        <Text>2025-05-04T00:01:47.545Z pw:api waiting for Locator("table[id='vertically-scrolled-table']").Locator("tbody tr").Nth(1).Locator("td:nth-child(4)")</Text>
      </RunInfo>
      <RunInfo computerName="DESKTOP-RSFFHJT" outcome="Warning" timestamp="2025-05-03T20:01:47.5479429-04:00">
        <Text>2025-05-04T00:01:47.547Z pw:api   locator resolved to &lt;td class=" "&gt;Goods&lt;/td&gt;</Text>
      </RunInfo>
      <RunInfo computerName="DESKTOP-RSFFHJT" outcome="Warning" timestamp="2025-05-03T20:01:47.5485501-04:00">
        <Text>2025-05-04T00:01:47.547Z pw:api waiting for Locator("table[id='vertically-scrolled-table']").Locator("tbody tr").Nth(1).Locator("td span[class='text-ellipsis']")</Text>
      </RunInfo>
      <RunInfo computerName="DESKTOP-RSFFHJT" outcome="Warning" timestamp="2025-05-03T20:01:47.5502041-04:00">
        <Text>2025-05-04T00:01:47.549Z pw:api   locator resolved to &lt;span id="a3137d5f3" class="text-ellipsis"&gt;A versatile storage cabinet with adjustable shelvΓÇª&lt;/span&gt;</Text>
      </RunInfo>
      <RunInfo computerName="DESKTOP-RSFFHJT" outcome="Warning" timestamp="2025-05-03T20:01:47.5507139-04:00">
        <Text>2025-05-04T00:01:47.549Z pw:api waiting for Locator("table[id='vertically-scrolled-table']").Locator("tbody tr").Nth(1).Locator("td[class='  text-end']")</Text>
      </RunInfo>
      <RunInfo computerName="DESKTOP-RSFFHJT" outcome="Warning" timestamp="2025-05-03T20:01:47.5520933-04:00">
        <Text>2025-05-04T00:01:47.551Z pw:api   locator resolved to &lt;td class="  text-end"&gt;$6711.00&lt;/td&gt;</Text>
      </RunInfo>
      <RunInfo computerName="DESKTOP-RSFFHJT" outcome="Warning" timestamp="2025-05-03T20:01:47.5526321-04:00">
        <Text>2025-05-04T00:01:47.551Z pw:api waiting for Locator("table[id='vertically-scrolled-table']").Locator("tbody tr").Nth(2)</Text>
      </RunInfo>
      <RunInfo computerName="DESKTOP-RSFFHJT" outcome="Warning" timestamp="2025-05-03T20:01:47.5539678-04:00">
        <Text>2025-05-04T00:01:47.553Z pw:api   locator resolved to &lt;tr tabindex="-1" id="ember322" class="ember-view   "&gt;ΓÇª&lt;/tr&gt;</Text>
      </RunInfo>
      <RunInfo computerName="DESKTOP-RSFFHJT" outcome="Warning" timestamp="2025-05-03T20:01:47.5546223-04:00">
        <Text>2025-05-04T00:01:47.553Z pw:api waiting for Locator("table[id='vertically-scrolled-table']").Locator("tbody tr").Nth(2).Locator("a")</Text>
      </RunInfo>
      <RunInfo computerName="DESKTOP-RSFFHJT" outcome="Warning" timestamp="2025-05-03T20:01:47.5559607-04:00">
        <Text>2025-05-04T00:01:47.555Z pw:api   locator resolved to &lt;a id="ember326" class="ember-view text-break " href="#/inventory/items/6620000005381002"&gt;Executive Office Desk&lt;/a&gt;</Text>
      </RunInfo>
      <RunInfo computerName="DESKTOP-RSFFHJT" outcome="Warning" timestamp="2025-05-03T20:01:47.5566110-04:00">
        <Text>2025-05-04T00:01:47.555Z pw:api waiting for Locator("table[id='vertically-scrolled-table']").Locator("tbody tr").Nth(2).Locator("td:nth-child(3)")</Text>
      </RunInfo>
      <RunInfo computerName="DESKTOP-RSFFHJT" outcome="Warning" timestamp="2025-05-03T20:01:47.5578912-04:00">
        <Text>2025-05-04T00:01:47.557Z pw:api   locator resolved to &lt;td class=" "&gt;Item 3 sku&lt;/td&gt;</Text>
      </RunInfo>
      <RunInfo computerName="DESKTOP-RSFFHJT" outcome="Warning" timestamp="2025-05-03T20:01:47.5584899-04:00">
        <Text>2025-05-04T00:01:47.557Z pw:api waiting for Locator("table[id='vertically-scrolled-table']").Locator("tbody tr").Nth(2).Locator("td:nth-child(4)")</Text>
      </RunInfo>
      <RunInfo computerName="DESKTOP-RSFFHJT" outcome="Warning" timestamp="2025-05-03T20:01:47.5599640-04:00">
        <Text>2025-05-04T00:01:47.559Z pw:api   locator resolved to &lt;td class=" "&gt;Goods&lt;/td&gt;</Text>
      </RunInfo>
      <RunInfo computerName="DESKTOP-RSFFHJT" outcome="Warning" timestamp="2025-05-03T20:01:47.5604323-04:00">
        <Text>2025-05-04T00:01:47.559Z pw:api waiting for Locator("table[id='vertically-scrolled-table']").Locator("tbody tr").Nth(2).Locator("td span[class='text-ellipsis']")</Text>
      </RunInfo>
      <RunInfo computerName="DESKTOP-RSFFHJT" outcome="Warning" timestamp="2025-05-03T20:01:47.5621352-04:00">
        <Text>2025-05-04T00:01:47.561Z pw:api   locator resolved to &lt;span id="a04c0e9a3" class="text-ellipsis"&gt;&lt;/span&gt;</Text>
      </RunInfo>
      <RunInfo computerName="DESKTOP-RSFFHJT" outcome="Warning" timestamp="2025-05-03T20:01:47.5628567-04:00">
        <Text>2025-05-04T00:01:47.561Z pw:api waiting for Locator("table[id='vertically-scrolled-table']").Locator("tbody tr").Nth(2).Locator("td[class='  text-end']")</Text>
      </RunInfo>
      <RunInfo computerName="DESKTOP-RSFFHJT" outcome="Warning" timestamp="2025-05-03T20:01:47.5644859-04:00">
        <Text>2025-05-04T00:01:47.563Z pw:api   locator resolved to &lt;td class="  text-end"&gt;&lt;/td&gt;</Text>
      </RunInfo>
      <RunInfo computerName="DESKTOP-RSFFHJT" outcome="Warning" timestamp="2025-05-03T20:01:47.5651446-04:00">
        <Text>2025-05-04T00:01:47.564Z pw:api waiting for Locator("table[id='vertically-scrolled-table']").Locator("tbody tr").Nth(3)</Text>
      </RunInfo>
      <RunInfo computerName="DESKTOP-RSFFHJT" outcome="Warning" timestamp="2025-05-03T20:01:47.5666135-04:00">
        <Text>2025-05-04T00:01:47.565Z pw:api   locator resolved to &lt;tr tabindex="-1" id="ember328" class="ember-view   "&gt;ΓÇª&lt;/tr&gt;</Text>
      </RunInfo>
      <RunInfo computerName="DESKTOP-RSFFHJT" outcome="Warning" timestamp="2025-05-03T20:01:47.5675292-04:00">
        <Text>2025-05-04T00:01:47.566Z pw:api waiting for Locator("table[id='vertically-scrolled-table']").Locator("tbody tr").Nth(3).Locator("a")</Text>
      </RunInfo>
      <RunInfo computerName="DESKTOP-RSFFHJT" outcome="Warning" timestamp="2025-05-03T20:01:47.5690315-04:00">
        <Text>2025-05-04T00:01:47.568Z pw:api   locator resolved to &lt;a id="ember332" class="ember-view text-break " href="#/inventory/items/6620000005381003"&gt;Storage Cabinet&lt;/a&gt;</Text>
      </RunInfo>
      <RunInfo computerName="DESKTOP-RSFFHJT" outcome="Warning" timestamp="2025-05-03T20:01:47.5696829-04:00">
        <Text>2025-05-04T00:01:47.568Z pw:api waiting for Locator("table[id='vertically-scrolled-table']").Locator("tbody tr").Nth(3).Locator("td:nth-child(3)")</Text>
      </RunInfo>
      <RunInfo computerName="DESKTOP-RSFFHJT" outcome="Warning" timestamp="2025-05-03T20:01:47.5711765-04:00">
        <Text>2025-05-04T00:01:47.570Z pw:api   locator resolved to &lt;td class=" "&gt;Item 4 sku&lt;/td&gt;</Text>
      </RunInfo>
      <RunInfo computerName="DESKTOP-RSFFHJT" outcome="Warning" timestamp="2025-05-03T20:01:47.5718243-04:00">
        <Text>2025-05-04T00:01:47.570Z pw:api waiting for Locator("table[id='vertically-scrolled-table']").Locator("tbody tr").Nth(3).Locator("td:nth-child(4)")</Text>
      </RunInfo>
      <RunInfo computerName="DESKTOP-RSFFHJT" outcome="Warning" timestamp="2025-05-03T20:01:47.5736119-04:00">
        <Text>2025-05-04T00:01:47.572Z pw:api   locator resolved to &lt;td class=" "&gt;Goods&lt;/td&gt;</Text>
      </RunInfo>
      <RunInfo computerName="DESKTOP-RSFFHJT" outcome="Warning" timestamp="2025-05-03T20:01:47.5741786-04:00">
        <Text>2025-05-04T00:01:47.573Z pw:api waiting for Locator("table[id='vertically-scrolled-table']").Locator("tbody tr").Nth(3).Locator("td span[class='text-ellipsis']")</Text>
      </RunInfo>
      <RunInfo computerName="DESKTOP-RSFFHJT" outcome="Warning" timestamp="2025-05-03T20:01:47.5756904-04:00">
        <Text>2025-05-04T00:01:47.574Z pw:api   locator resolved to &lt;span id="a0bae67fa" class="text-ellipsis"&gt;&lt;/span&gt;</Text>
      </RunInfo>
      <RunInfo computerName="DESKTOP-RSFFHJT" outcome="Warning" timestamp="2025-05-03T20:01:47.5762053-04:00">
        <Text>2025-05-04T00:01:47.575Z pw:api waiting for Locator("table[id='vertically-scrolled-table']").Locator("tbody tr").Nth(3).Locator("td[class='  text-end']")</Text>
      </RunInfo>
      <RunInfo computerName="DESKTOP-RSFFHJT" outcome="Warning" timestamp="2025-05-03T20:01:47.5774489-04:00">
        <Text>2025-05-04T00:01:47.576Z pw:api   locator resolved to &lt;td class="  text-end"&gt;&lt;/td&gt;</Text>
      </RunInfo>
      <RunInfo computerName="DESKTOP-RSFFHJT" outcome="Warning" timestamp="2025-05-03T20:01:47.5782104-04:00">
        <Text>2025-05-04T00:01:47.577Z pw:api waiting for Locator("table[id='vertically-scrolled-table']").Locator("tbody tr").Nth(4)</Text>
      </RunInfo>
      <RunInfo computerName="DESKTOP-RSFFHJT" outcome="Warning" timestamp="2025-05-03T20:01:47.5796509-04:00">
        <Text>2025-05-04T00:01:47.578Z pw:api   locator resolved to &lt;tr tabindex="-1" id="ember334" class="ember-view   "&gt;ΓÇª&lt;/tr&gt;</Text>
      </RunInfo>
      <RunInfo computerName="DESKTOP-RSFFHJT" outcome="Warning" timestamp="2025-05-03T20:01:47.5801807-04:00">
        <Text>2025-05-04T00:01:47.579Z pw:api waiting for Locator("table[id='vertically-scrolled-table']").Locator("tbody tr").Nth(4).Locator("a")</Text>
      </RunInfo>
      <RunInfo computerName="DESKTOP-RSFFHJT" outcome="Warning" timestamp="2025-05-03T20:01:47.5819039-04:00">
        <Text>2025-05-04T00:01:47.580Z pw:api   locator resolved to &lt;a id="ember338" class="ember-view text-break " href="#/inventory/items/6620000005381004"&gt;Patio Dining Set&lt;/a&gt;</Text>
      </RunInfo>
      <RunInfo computerName="DESKTOP-RSFFHJT" outcome="Warning" timestamp="2025-05-03T20:01:47.5825661-04:00">
        <Text>2025-05-04T00:01:47.581Z pw:api waiting for Locator("table[id='vertically-scrolled-table']").Locator("tbody tr").Nth(4).Locator("td:nth-child(3)")</Text>
      </RunInfo>
      <RunInfo computerName="DESKTOP-RSFFHJT" outcome="Warning" timestamp="2025-05-03T20:01:47.5840006-04:00">
        <Text>2025-05-04T00:01:47.583Z pw:api   locator resolved to &lt;td class=" "&gt;Item 5 sku&lt;/td&gt;</Text>
      </RunInfo>
      <RunInfo computerName="DESKTOP-RSFFHJT" outcome="Warning" timestamp="2025-05-03T20:01:47.5846364-04:00">
        <Text>2025-05-04T00:01:47.583Z pw:api waiting for Locator("table[id='vertically-scrolled-table']").Locator("tbody tr").Nth(4).Locator("td:nth-child(4)")</Text>
      </RunInfo>
      <RunInfo computerName="DESKTOP-RSFFHJT" outcome="Warning" timestamp="2025-05-03T20:01:47.5861168-04:00">
        <Text>2025-05-04T00:01:47.585Z pw:api   locator resolved to &lt;td class=" "&gt;Goods&lt;/td&gt;</Text>
      </RunInfo>
      <RunInfo computerName="DESKTOP-RSFFHJT" outcome="Warning" timestamp="2025-05-03T20:01:47.5868342-04:00">
        <Text>2025-05-04T00:01:47.585Z pw:api waiting for Locator("table[id='vertically-scrolled-table']").Locator("tbody tr").Nth(4).Locator("td span[class='text-ellipsis']")</Text>
      </RunInfo>
      <RunInfo computerName="DESKTOP-RSFFHJT" outcome="Warning" timestamp="2025-05-03T20:01:47.5883335-04:00">
        <Text>2025-05-04T00:01:47.587Z pw:api   locator resolved to &lt;span id="a8ee9de5b" class="text-ellipsis"&gt;An outdoor dining set with a table and six chairs.&lt;/span&gt;</Text>
      </RunInfo>
      <RunInfo computerName="DESKTOP-RSFFHJT" outcome="Warning" timestamp="2025-05-03T20:01:47.5891530-04:00">
        <Text>2025-05-04T00:01:47.588Z pw:api waiting for Locator("table[id='vertically-scrolled-table']").Locator("tbody tr").Nth(4).Locator("td[class='  text-end']")</Text>
      </RunInfo>
      <RunInfo computerName="DESKTOP-RSFFHJT" outcome="Warning" timestamp="2025-05-03T20:01:47.5907299-04:00">
        <Text>2025-05-04T00:01:47.589Z pw:api   locator resolved to &lt;td class="  text-end"&gt;$8630.00&lt;/td&gt;</Text>
      </RunInfo>
      <RunInfo computerName="DESKTOP-RSFFHJT" outcome="Warning" timestamp="2025-05-03T20:01:47.5914886-04:00">
        <Text>2025-05-04T00:01:47.590Z pw:api waiting for Locator("table[id='vertically-scrolled-table']").Locator("tbody tr").Nth(5)</Text>
      </RunInfo>
      <RunInfo computerName="DESKTOP-RSFFHJT" outcome="Warning" timestamp="2025-05-03T20:01:47.5931275-04:00">
        <Text>2025-05-04T00:01:47.592Z pw:api   locator resolved to &lt;tr tabindex="-1" id="ember340" class="ember-view   "&gt;ΓÇª&lt;/tr&gt;</Text>
      </RunInfo>
      <RunInfo computerName="DESKTOP-RSFFHJT" outcome="Warning" timestamp="2025-05-03T20:01:47.5939406-04:00">
        <Text>2025-05-04T00:01:47.592Z pw:api waiting for Locator("table[id='vertically-scrolled-table']").Locator("tbody tr").Nth(5).Locator("a")</Text>
      </RunInfo>
      <RunInfo computerName="DESKTOP-RSFFHJT" outcome="Warning" timestamp="2025-05-03T20:01:47.5954545-04:00">
        <Text>2025-05-04T00:01:47.594Z pw:api   locator resolved to &lt;a id="ember344" class="ember-view text-break " href="#/inventory/items/6620000005381005"&gt;Dining Table and Chairs Set&lt;/a&gt;</Text>
      </RunInfo>
      <RunInfo computerName="DESKTOP-RSFFHJT" outcome="Warning" timestamp="2025-05-03T20:01:47.5961865-04:00">
        <Text>2025-05-04T00:01:47.595Z pw:api waiting for Locator("table[id='vertically-scrolled-table']").Locator("tbody tr").Nth(5).Locator("td:nth-child(3)")</Text>
      </RunInfo>
      <RunInfo computerName="DESKTOP-RSFFHJT" outcome="Warning" timestamp="2025-05-03T20:01:47.5975043-04:00">
        <Text>2025-05-04T00:01:47.596Z pw:api   locator resolved to &lt;td class=" "&gt;Item 6 sku&lt;/td&gt;</Text>
      </RunInfo>
      <RunInfo computerName="DESKTOP-RSFFHJT" outcome="Warning" timestamp="2025-05-03T20:01:47.5984940-04:00">
        <Text>2025-05-04T00:01:47.597Z pw:api waiting for Locator("table[id='vertically-scrolled-table']").Locator("tbody tr").Nth(5).Locator("td:nth-child(4)")</Text>
      </RunInfo>
      <RunInfo computerName="DESKTOP-RSFFHJT" outcome="Warning" timestamp="2025-05-03T20:01:47.6005792-04:00">
        <Text>2025-05-04T00:01:47.599Z pw:api   locator resolved to &lt;td class=" "&gt;Goods&lt;/td&gt;</Text>
      </RunInfo>
      <RunInfo computerName="DESKTOP-RSFFHJT" outcome="Warning" timestamp="2025-05-03T20:01:47.6012744-04:00">
        <Text>2025-05-04T00:01:47.600Z pw:api waiting for Locator("table[id='vertically-scrolled-table']").Locator("tbody tr").Nth(5).Locator("td span[class='text-ellipsis']")</Text>
      </RunInfo>
      <RunInfo computerName="DESKTOP-RSFFHJT" outcome="Warning" timestamp="2025-05-03T20:01:47.6027577-04:00">
        <Text>2025-05-04T00:01:47.601Z pw:api   locator resolved to &lt;span id="a72b37d01" class="text-ellipsis"&gt;A stylish dining set with a table and four chairs.&lt;/span&gt;</Text>
      </RunInfo>
      <RunInfo computerName="DESKTOP-RSFFHJT" outcome="Warning" timestamp="2025-05-03T20:01:47.6032192-04:00">
        <Text>2025-05-04T00:01:47.602Z pw:api waiting for Locator("table[id='vertically-scrolled-table']").Locator("tbody tr").Nth(5).Locator("td[class='  text-end']")</Text>
      </RunInfo>
      <RunInfo computerName="DESKTOP-RSFFHJT" outcome="Warning" timestamp="2025-05-03T20:01:47.6046677-04:00">
        <Text>2025-05-04T00:01:47.603Z pw:api   locator resolved to &lt;td class="  text-end"&gt;$8091.00&lt;/td&gt;</Text>
      </RunInfo>
      <RunInfo computerName="DESKTOP-RSFFHJT" outcome="Warning" timestamp="2025-05-03T20:01:47.6052548-04:00">
        <Text>2025-05-04T00:01:47.604Z pw:api waiting for Locator("table[id='vertically-scrolled-table']").Locator("tbody tr").Nth(6)</Text>
      </RunInfo>
      <RunInfo computerName="DESKTOP-RSFFHJT" outcome="Warning" timestamp="2025-05-03T20:01:47.6066372-04:00">
        <Text>2025-05-04T00:01:47.605Z pw:api   locator resolved to &lt;tr tabindex="-1" id="ember346" class="ember-view   "&gt;ΓÇª&lt;/tr&gt;</Text>
      </RunInfo>
      <RunInfo computerName="DESKTOP-RSFFHJT" outcome="Warning" timestamp="2025-05-03T20:01:47.6074314-04:00">
        <Text>2025-05-04T00:01:47.606Z pw:api waiting for Locator("table[id='vertically-scrolled-table']").Locator("tbody tr").Nth(6).Locator("a")</Text>
      </RunInfo>
      <RunInfo computerName="DESKTOP-RSFFHJT" outcome="Warning" timestamp="2025-05-03T20:01:47.6089373-04:00">
        <Text>2025-05-04T00:01:47.608Z pw:api   locator resolved to &lt;a id="ember350" class="ember-view text-break " href="#/inventory/items/6620000005381006"&gt;Queen Size Bed&lt;/a&gt;</Text>
      </RunInfo>
      <RunInfo computerName="DESKTOP-RSFFHJT" outcome="Warning" timestamp="2025-05-03T20:01:47.6095635-04:00">
        <Text>2025-05-04T00:01:47.608Z pw:api waiting for Locator("table[id='vertically-scrolled-table']").Locator("tbody tr").Nth(6).Locator("td:nth-child(3)")</Text>
      </RunInfo>
      <RunInfo computerName="DESKTOP-RSFFHJT" outcome="Warning" timestamp="2025-05-03T20:01:47.6109745-04:00">
        <Text>2025-05-04T00:01:47.610Z pw:api   locator resolved to &lt;td class=" "&gt;Item 7 sku&lt;/td&gt;</Text>
      </RunInfo>
      <RunInfo computerName="DESKTOP-RSFFHJT" outcome="Warning" timestamp="2025-05-03T20:01:47.6118378-04:00">
        <Text>2025-05-04T00:01:47.610Z pw:api waiting for Locator("table[id='vertically-scrolled-table']").Locator("tbody tr").Nth(6).Locator("td:nth-child(4)")</Text>
      </RunInfo>
      <RunInfo computerName="DESKTOP-RSFFHJT" outcome="Warning" timestamp="2025-05-03T20:01:47.6136214-04:00">
        <Text>2025-05-04T00:01:47.612Z pw:api   locator resolved to &lt;td class=" "&gt;Goods&lt;/td&gt;</Text>
      </RunInfo>
      <RunInfo computerName="DESKTOP-RSFFHJT" outcome="Warning" timestamp="2025-05-03T20:01:47.6144648-04:00">
        <Text>2025-05-04T00:01:47.613Z pw:api waiting for Locator("table[id='vertically-scrolled-table']").Locator("tbody tr").Nth(6).Locator("td span[class='text-ellipsis']")</Text>
      </RunInfo>
      <RunInfo computerName="DESKTOP-RSFFHJT" outcome="Warning" timestamp="2025-05-03T20:01:47.6162446-04:00">
        <Text>2025-05-04T00:01:47.615Z pw:api   locator resolved to &lt;span id="a2cf919e8" class="text-ellipsis"&gt;Mid-century wooden double bed. Scandinavian-styleΓÇª&lt;/span&gt;</Text>
      </RunInfo>
      <RunInfo computerName="DESKTOP-RSFFHJT" outcome="Warning" timestamp="2025-05-03T20:01:47.6168536-04:00">
        <Text>2025-05-04T00:01:47.615Z pw:api waiting for Locator("table[id='vertically-scrolled-table']").Locator("tbody tr").Nth(6).Locator("td[class='  text-end']")</Text>
      </RunInfo>
      <RunInfo computerName="DESKTOP-RSFFHJT" outcome="Warning" timestamp="2025-05-03T20:01:47.6182996-04:00">
        <Text>2025-05-04T00:01:47.617Z pw:api   locator resolved to &lt;td class="  text-end"&gt;$4068.00&lt;/td&gt;</Text>
      </RunInfo>
      <RunInfo computerName="DESKTOP-RSFFHJT" outcome="Warning" timestamp="2025-05-03T20:01:47.6190070-04:00">
        <Text>2025-05-04T00:01:47.618Z pw:api waiting for Locator("table[id='vertically-scrolled-table']").Locator("tbody tr").Nth(7)</Text>
      </RunInfo>
      <RunInfo computerName="DESKTOP-RSFFHJT" outcome="Warning" timestamp="2025-05-03T20:01:47.6204740-04:00">
        <Text>2025-05-04T00:01:47.619Z pw:api   locator resolved to &lt;tr tabindex="-1" id="ember352" class="ember-view   "&gt;ΓÇª&lt;/tr&gt;</Text>
      </RunInfo>
      <RunInfo computerName="DESKTOP-RSFFHJT" outcome="Warning" timestamp="2025-05-03T20:01:47.6210607-04:00">
        <Text>2025-05-04T00:01:47.620Z pw:api waiting for Locator("table[id='vertically-scrolled-table']").Locator("tbody tr").Nth(7).Locator("a")</Text>
      </RunInfo>
      <RunInfo computerName="DESKTOP-RSFFHJT" outcome="Warning" timestamp="2025-05-03T20:01:47.6225143-04:00">
        <Text>2025-05-04T00:01:47.621Z pw:api   locator resolved to &lt;a id="ember356" class="ember-view text-break " href="#/inventory/items/6620000005381007"&gt;Executive Office Desk&lt;/a&gt;</Text>
      </RunInfo>
      <RunInfo computerName="DESKTOP-RSFFHJT" outcome="Warning" timestamp="2025-05-03T20:01:47.6230340-04:00">
        <Text>2025-05-04T00:01:47.622Z pw:api waiting for Locator("table[id='vertically-scrolled-table']").Locator("tbody tr").Nth(7).Locator("td:nth-child(3)")</Text>
      </RunInfo>
      <RunInfo computerName="DESKTOP-RSFFHJT" outcome="Warning" timestamp="2025-05-03T20:01:47.6243219-04:00">
        <Text>2025-05-04T00:01:47.623Z pw:api   locator resolved to &lt;td class=" "&gt;Item 8 sku&lt;/td&gt;</Text>
      </RunInfo>
      <RunInfo computerName="DESKTOP-RSFFHJT" outcome="Warning" timestamp="2025-05-03T20:01:47.6247672-04:00">
        <Text>2025-05-04T00:01:47.623Z pw:api waiting for Locator("table[id='vertically-scrolled-table']").Locator("tbody tr").Nth(7).Locator("td:nth-child(4)")</Text>
      </RunInfo>
      <RunInfo computerName="DESKTOP-RSFFHJT" outcome="Warning" timestamp="2025-05-03T20:01:47.6260585-04:00">
        <Text>2025-05-04T00:01:47.625Z pw:api   locator resolved to &lt;td class=" "&gt;Goods&lt;/td&gt;</Text>
      </RunInfo>
      <RunInfo computerName="DESKTOP-RSFFHJT" outcome="Warning" timestamp="2025-05-03T20:01:47.6265545-04:00">
        <Text>2025-05-04T00:01:47.625Z pw:api waiting for Locator("table[id='vertically-scrolled-table']").Locator("tbody tr").Nth(7).Locator("td span[class='text-ellipsis']")</Text>
      </RunInfo>
      <RunInfo computerName="DESKTOP-RSFFHJT" outcome="Warning" timestamp="2025-05-03T20:01:47.6280271-04:00">
        <Text>2025-05-04T00:01:47.626Z pw:api   locator resolved to &lt;span id="ad47f5605" class="text-ellipsis"&gt;A spacious executive desk with storage drawers.&lt;/span&gt;</Text>
      </RunInfo>
      <RunInfo computerName="DESKTOP-RSFFHJT" outcome="Warning" timestamp="2025-05-03T20:01:47.6289228-04:00">
        <Text>2025-05-04T00:01:47.627Z pw:api waiting for Locator("table[id='vertically-scrolled-table']").Locator("tbody tr").Nth(7).Locator("td[class='  text-end']")</Text>
      </RunInfo>
      <RunInfo computerName="DESKTOP-RSFFHJT" outcome="Warning" timestamp="2025-05-03T20:01:47.6305296-04:00">
        <Text>2025-05-04T00:01:47.629Z pw:api   locator resolved to &lt;td class="  text-end"&gt;$572.00&lt;/td&gt;</Text>
      </RunInfo>
      <RunInfo computerName="DESKTOP-RSFFHJT" outcome="Warning" timestamp="2025-05-03T20:01:47.6311652-04:00">
        <Text>2025-05-04T00:01:47.630Z pw:api waiting for Locator("table[id='vertically-scrolled-table']").Locator("tbody tr").Nth(8)</Text>
      </RunInfo>
      <RunInfo computerName="DESKTOP-RSFFHJT" outcome="Warning" timestamp="2025-05-03T20:01:47.6325382-04:00">
        <Text>2025-05-04T00:01:47.631Z pw:api   locator resolved to &lt;tr tabindex="-1" id="ember358" class="ember-view   "&gt;ΓÇª&lt;/tr&gt;</Text>
      </RunInfo>
      <RunInfo computerName="DESKTOP-RSFFHJT" outcome="Warning" timestamp="2025-05-03T20:01:47.6330502-04:00">
        <Text>2025-05-04T00:01:47.632Z pw:api waiting for Locator("table[id='vertically-scrolled-table']").Locator("tbody tr").Nth(8).Locator("a")</Text>
      </RunInfo>
      <RunInfo computerName="DESKTOP-RSFFHJT" outcome="Warning" timestamp="2025-05-03T20:01:47.6343062-04:00">
        <Text>2025-05-04T00:01:47.633Z pw:api   locator resolved to &lt;a id="ember362" class="ember-view text-break " href="#/inventory/items/6620000005381008"&gt;Composite Item 0&lt;/a&gt;</Text>
      </RunInfo>
      <RunInfo computerName="DESKTOP-RSFFHJT" outcome="Warning" timestamp="2025-05-03T20:01:47.6348437-04:00">
        <Text>2025-05-04T00:01:47.633Z pw:api waiting for Locator("table[id='vertically-scrolled-table']").Locator("tbody tr").Nth(8).Locator("td:nth-child(3)")</Text>
      </RunInfo>
      <RunInfo computerName="DESKTOP-RSFFHJT" outcome="Warning" timestamp="2025-05-03T20:01:47.6360310-04:00">
        <Text>2025-05-04T00:01:47.635Z pw:api   locator resolved to &lt;td class=" "&gt;75790&lt;/td&gt;</Text>
      </RunInfo>
      <RunInfo computerName="DESKTOP-RSFFHJT" outcome="Warning" timestamp="2025-05-03T20:01:47.6363920-04:00">
        <Text>2025-05-04T00:01:47.635Z pw:api waiting for Locator("table[id='vertically-scrolled-table']").Locator("tbody tr").Nth(8).Locator("td:nth-child(4)")</Text>
      </RunInfo>
      <RunInfo computerName="DESKTOP-RSFFHJT" outcome="Warning" timestamp="2025-05-03T20:01:47.6375180-04:00">
        <Text>2025-05-04T00:01:47.636Z pw:api   locator resolved to &lt;td class=" "&gt;Service&lt;/td&gt;</Text>
      </RunInfo>
      <RunInfo computerName="DESKTOP-RSFFHJT" outcome="Warning" timestamp="2025-05-03T20:01:47.6380517-04:00">
        <Text>2025-05-04T00:01:47.637Z pw:api waiting for Locator("table[id='vertically-scrolled-table']").Locator("tbody tr").Nth(8).Locator("td span[class='text-ellipsis']")</Text>
      </RunInfo>
      <RunInfo computerName="DESKTOP-RSFFHJT" outcome="Warning" timestamp="2025-05-03T20:01:47.6393214-04:00">
        <Text>2025-05-04T00:01:47.638Z pw:api   locator resolved to &lt;span id="a52c70773" class="text-ellipsis"&gt;Inventore corrupti hic ex eum quibusdam. Numquam ΓÇª&lt;/span&gt;</Text>
      </RunInfo>
      <RunInfo computerName="DESKTOP-RSFFHJT" outcome="Warning" timestamp="2025-05-03T20:01:47.6400917-04:00">
        <Text>2025-05-04T00:01:47.639Z pw:api waiting for Locator("table[id='vertically-scrolled-table']").Locator("tbody tr").Nth(8).Locator("td[class='  text-end']")</Text>
      </RunInfo>
      <RunInfo computerName="DESKTOP-RSFFHJT" outcome="Warning" timestamp="2025-05-03T20:01:47.6414410-04:00">
        <Text>2025-05-04T00:01:47.640Z pw:api   locator resolved to &lt;td class="  text-end"&gt;$931.00&lt;/td&gt;</Text>
      </RunInfo>
      <RunInfo computerName="DESKTOP-RSFFHJT" outcome="Warning" timestamp="2025-05-03T20:01:47.6420010-04:00">
        <Text>2025-05-04T00:01:47.641Z pw:api waiting for Locator("table[id='vertically-scrolled-table']").Locator("tbody tr").Nth(9)</Text>
      </RunInfo>
      <RunInfo computerName="DESKTOP-RSFFHJT" outcome="Warning" timestamp="2025-05-03T20:01:47.6431472-04:00">
        <Text>2025-05-04T00:01:47.642Z pw:api   locator resolved to &lt;tr tabindex="-1" id="ember364" class="ember-view   "&gt;ΓÇª&lt;/tr&gt;</Text>
      </RunInfo>
      <RunInfo computerName="DESKTOP-RSFFHJT" outcome="Warning" timestamp="2025-05-03T20:01:47.6436702-04:00">
        <Text>2025-05-04T00:01:47.642Z pw:api waiting for Locator("table[id='vertically-scrolled-table']").Locator("tbody tr").Nth(9).Locator("a")</Text>
      </RunInfo>
      <RunInfo computerName="DESKTOP-RSFFHJT" outcome="Warning" timestamp="2025-05-03T20:01:47.6454964-04:00">
        <Text>2025-05-04T00:01:47.644Z pw:api   locator resolved to &lt;a id="ember368" class="ember-view text-break " href="#/inventory/items/6620000005381009"&gt;Composite Item 1&lt;/a&gt;</Text>
      </RunInfo>
      <RunInfo computerName="DESKTOP-RSFFHJT" outcome="Warning" timestamp="2025-05-03T20:01:47.6462196-04:00">
        <Text>2025-05-04T00:01:47.645Z pw:api waiting for Locator("table[id='vertically-scrolled-table']").Locator("tbody tr").Nth(9).Locator("td:nth-child(3)")</Text>
      </RunInfo>
      <RunInfo computerName="DESKTOP-RSFFHJT" outcome="Warning" timestamp="2025-05-03T20:01:47.6478077-04:00">
        <Text>2025-05-04T00:01:47.646Z pw:api   locator resolved to &lt;td class=" "&gt;75790&lt;/td&gt;</Text>
      </RunInfo>
      <RunInfo computerName="DESKTOP-RSFFHJT" outcome="Warning" timestamp="2025-05-03T20:01:47.6484801-04:00">
        <Text>2025-05-04T00:01:47.647Z pw:api waiting for Locator("table[id='vertically-scrolled-table']").Locator("tbody tr").Nth(9).Locator("td:nth-child(4)")</Text>
      </RunInfo>
      <RunInfo computerName="DESKTOP-RSFFHJT" outcome="Warning" timestamp="2025-05-03T20:01:47.6499791-04:00">
        <Text>2025-05-04T00:01:47.649Z pw:api   locator resolved to &lt;td class=" "&gt;Service&lt;/td&gt;</Text>
      </RunInfo>
      <RunInfo computerName="DESKTOP-RSFFHJT" outcome="Warning" timestamp="2025-05-03T20:01:47.6505598-04:00">
        <Text>2025-05-04T00:01:47.649Z pw:api waiting for Locator("table[id='vertically-scrolled-table']").Locator("tbody tr").Nth(9).Locator("td span[class='text-ellipsis']")</Text>
      </RunInfo>
      <RunInfo computerName="DESKTOP-RSFFHJT" outcome="Warning" timestamp="2025-05-03T20:01:47.6519899-04:00">
        <Text>2025-05-04T00:01:47.651Z pw:api   locator resolved to &lt;span id="a3fe44d32" class="text-ellipsis"&gt;Inventore corrupti hic ex eum quibusdam. Numquam ΓÇª&lt;/span&gt;</Text>
      </RunInfo>
      <RunInfo computerName="DESKTOP-RSFFHJT" outcome="Warning" timestamp="2025-05-03T20:01:47.6524915-04:00">
        <Text>2025-05-04T00:01:47.651Z pw:api waiting for Locator("table[id='vertically-scrolled-table']").Locator("tbody tr").Nth(9).Locator("td[class='  text-end']")</Text>
      </RunInfo>
      <RunInfo computerName="DESKTOP-RSFFHJT" outcome="Warning" timestamp="2025-05-03T20:01:47.6541061-04:00">
        <Text>2025-05-04T00:01:47.653Z pw:api   locator resolved to &lt;td class="  text-end"&gt;$771.00&lt;/td&gt;</Text>
      </RunInfo>
      <RunInfo computerName="DESKTOP-RSFFHJT" outcome="Warning" timestamp="2025-05-03T20:01:47.6547727-04:00">
        <Text>2025-05-04T00:01:47.653Z pw:api waiting for Locator("table[id='vertically-scrolled-table']").Locator("tbody tr").Nth(10)</Text>
      </RunInfo>
      <RunInfo computerName="DESKTOP-RSFFHJT" outcome="Warning" timestamp="2025-05-03T20:01:47.6559476-04:00">
        <Text>2025-05-04T00:01:47.655Z pw:api   locator resolved to &lt;tr tabindex="-1" id="ember370" class="ember-view   "&gt;ΓÇª&lt;/tr&gt;</Text>
      </RunInfo>
      <RunInfo computerName="DESKTOP-RSFFHJT" outcome="Warning" timestamp="2025-05-03T20:01:47.6565560-04:00">
        <Text>2025-05-04T00:01:47.655Z pw:api waiting for Locator("table[id='vertically-scrolled-table']").Locator("tbody tr").Nth(10).Locator("a")</Text>
      </RunInfo>
      <RunInfo computerName="DESKTOP-RSFFHJT" outcome="Warning" timestamp="2025-05-03T20:01:47.6582006-04:00">
        <Text>2025-05-04T00:01:47.657Z pw:api   locator resolved to &lt;a id="ember374" class="ember-view text-break " href="#/inventory/items/6620000005381010"&gt;Composite Item 2&lt;/a&gt;</Text>
      </RunInfo>
      <RunInfo computerName="DESKTOP-RSFFHJT" outcome="Warning" timestamp="2025-05-03T20:01:47.6588058-04:00">
        <Text>2025-05-04T00:01:47.657Z pw:api waiting for Locator("table[id='vertically-scrolled-table']").Locator("tbody tr").Nth(10).Locator("td:nth-child(3)")</Text>
      </RunInfo>
      <RunInfo computerName="DESKTOP-RSFFHJT" outcome="Warning" timestamp="2025-05-03T20:01:47.6602876-04:00">
        <Text>2025-05-04T00:01:47.659Z pw:api   locator resolved to &lt;td class=" "&gt;75790&lt;/td&gt;</Text>
      </RunInfo>
      <RunInfo computerName="DESKTOP-RSFFHJT" outcome="Warning" timestamp="2025-05-03T20:01:47.6609698-04:00">
        <Text>2025-05-04T00:01:47.660Z pw:api waiting for Locator("table[id='vertically-scrolled-table']").Locator("tbody tr").Nth(10).Locator("td:nth-child(4)")</Text>
      </RunInfo>
      <RunInfo computerName="DESKTOP-RSFFHJT" outcome="Warning" timestamp="2025-05-03T20:01:47.6628458-04:00">
        <Text>2025-05-04T00:01:47.661Z pw:api   locator resolved to &lt;td class=" "&gt;Service&lt;/td&gt;</Text>
      </RunInfo>
      <RunInfo computerName="DESKTOP-RSFFHJT" outcome="Warning" timestamp="2025-05-03T20:01:47.6658313-04:00">
        <Text>2025-05-04T00:01:47.664Z pw:api waiting for Locator("table[id='vertically-scrolled-table']").Locator("tbody tr").Nth(10).Locator("td span[class='text-ellipsis']")</Text>
      </RunInfo>
      <RunInfo computerName="DESKTOP-RSFFHJT" outcome="Warning" timestamp="2025-05-03T20:01:47.6672106-04:00">
        <Text>2025-05-04T00:01:47.666Z pw:api   locator resolved to &lt;span id="a57165af1" class="text-ellipsis"&gt;Inventore corrupti hic ex eum quibusdam. Numquam ΓÇª&lt;/span&gt;</Text>
      </RunInfo>
      <RunInfo computerName="DESKTOP-RSFFHJT" outcome="Warning" timestamp="2025-05-03T20:01:47.6679348-04:00">
        <Text>2025-05-04T00:01:47.667Z pw:api waiting for Locator("table[id='vertically-scrolled-table']").Locator("tbody tr").Nth(10).Locator("td[class='  text-end']")</Text>
      </RunInfo>
      <RunInfo computerName="DESKTOP-RSFFHJT" outcome="Warning" timestamp="2025-05-03T20:01:47.6696374-04:00">
        <Text>2025-05-04T00:01:47.668Z pw:api   locator resolved to &lt;td class="  text-end"&gt;$122.00&lt;/td&gt;</Text>
      </RunInfo>
      <RunInfo computerName="DESKTOP-RSFFHJT" outcome="Warning" timestamp="2025-05-03T20:01:47.6702312-04:00">
        <Text>2025-05-04T00:01:47.669Z pw:api waiting for Locator("table[id='vertically-scrolled-table']").Locator("tbody tr").Nth(11)</Text>
      </RunInfo>
      <RunInfo computerName="DESKTOP-RSFFHJT" outcome="Warning" timestamp="2025-05-03T20:01:47.6715741-04:00">
        <Text>2025-05-04T00:01:47.670Z pw:api   locator resolved to &lt;tr tabindex="-1" id="ember376" class="ember-view   "&gt;ΓÇª&lt;/tr&gt;</Text>
      </RunInfo>
      <RunInfo computerName="DESKTOP-RSFFHJT" outcome="Warning" timestamp="2025-05-03T20:01:47.6721764-04:00">
        <Text>2025-05-04T00:01:47.671Z pw:api waiting for Locator("table[id='vertically-scrolled-table']").Locator("tbody tr").Nth(11).Locator("a")</Text>
      </RunInfo>
      <RunInfo computerName="DESKTOP-RSFFHJT" outcome="Warning" timestamp="2025-05-03T20:01:47.6737203-04:00">
        <Text>2025-05-04T00:01:47.672Z pw:api   locator resolved to &lt;a id="ember380" class="ember-view text-break " href="#/inventory/items/6620000005381011"&gt;Composite Item 3&lt;/a&gt;</Text>
      </RunInfo>
      <RunInfo computerName="DESKTOP-RSFFHJT" outcome="Warning" timestamp="2025-05-03T20:01:47.6743107-04:00">
        <Text>2025-05-04T00:01:47.673Z pw:api waiting for Locator("table[id='vertically-scrolled-table']").Locator("tbody tr").Nth(11).Locator("td:nth-child(3)")</Text>
      </RunInfo>
      <RunInfo computerName="DESKTOP-RSFFHJT" outcome="Warning" timestamp="2025-05-03T20:01:47.6756720-04:00">
        <Text>2025-05-04T00:01:47.674Z pw:api   locator resolved to &lt;td class=" "&gt;75790&lt;/td&gt;</Text>
      </RunInfo>
      <RunInfo computerName="DESKTOP-RSFFHJT" outcome="Warning" timestamp="2025-05-03T20:01:47.6761932-04:00">
        <Text>2025-05-04T00:01:47.675Z pw:api waiting for Locator("table[id='vertically-scrolled-table']").Locator("tbody tr").Nth(11).Locator("td:nth-child(4)")</Text>
      </RunInfo>
      <RunInfo computerName="DESKTOP-RSFFHJT" outcome="Warning" timestamp="2025-05-03T20:01:47.6774714-04:00">
        <Text>2025-05-04T00:01:47.676Z pw:api   locator resolved to &lt;td class=" "&gt;Service&lt;/td&gt;</Text>
      </RunInfo>
      <RunInfo computerName="DESKTOP-RSFFHJT" outcome="Warning" timestamp="2025-05-03T20:01:47.6780750-04:00">
        <Text>2025-05-04T00:01:47.677Z pw:api waiting for Locator("table[id='vertically-scrolled-table']").Locator("tbody tr").Nth(11).Locator("td span[class='text-ellipsis']")</Text>
      </RunInfo>
      <RunInfo computerName="DESKTOP-RSFFHJT" outcome="Warning" timestamp="2025-05-03T20:01:47.6799076-04:00">
        <Text>2025-05-04T00:01:47.678Z pw:api   locator resolved to &lt;span id="a1dbf2041" class="text-ellipsis"&gt;Inventore corrupti hic ex eum quibusdam. Numquam ΓÇª&lt;/span&gt;</Text>
      </RunInfo>
      <RunInfo computerName="DESKTOP-RSFFHJT" outcome="Warning" timestamp="2025-05-03T20:01:47.6804957-04:00">
        <Text>2025-05-04T00:01:47.679Z pw:api waiting for Locator("table[id='vertically-scrolled-table']").Locator("tbody tr").Nth(11).Locator("td[class='  text-end']")</Text>
      </RunInfo>
      <RunInfo computerName="DESKTOP-RSFFHJT" outcome="Warning" timestamp="2025-05-03T20:01:47.6825400-04:00">
        <Text>2025-05-04T00:01:47.681Z pw:api   locator resolved to &lt;td class="  text-end"&gt;$656.00&lt;/td&gt;</Text>
      </RunInfo>
      <RunInfo computerName="DESKTOP-RSFFHJT" outcome="Warning" timestamp="2025-05-03T20:01:47.6832218-04:00">
        <Text>2025-05-04T00:01:47.682Z pw:api waiting for Locator("table[id='vertically-scrolled-table']").Locator("tbody tr").Nth(12)</Text>
      </RunInfo>
      <RunInfo computerName="DESKTOP-RSFFHJT" outcome="Warning" timestamp="2025-05-03T20:01:47.6845902-04:00">
        <Text>2025-05-04T00:01:47.683Z pw:api   locator resolved to &lt;tr tabindex="-1" id="ember382" class="ember-view   "&gt;ΓÇª&lt;/tr&gt;</Text>
      </RunInfo>
      <RunInfo computerName="DESKTOP-RSFFHJT" outcome="Warning" timestamp="2025-05-03T20:01:47.6853125-04:00">
        <Text>2025-05-04T00:01:47.684Z pw:api waiting for Locator("table[id='vertically-scrolled-table']").Locator("tbody tr").Nth(12).Locator("a")</Text>
      </RunInfo>
      <RunInfo computerName="DESKTOP-RSFFHJT" outcome="Warning" timestamp="2025-05-03T20:01:47.6869023-04:00">
        <Text>2025-05-04T00:01:47.685Z pw:api   locator resolved to &lt;a id="ember386" class="ember-view text-break " href="#/inventory/items/6620000005381012"&gt;Composite Item 4&lt;/a&gt;</Text>
      </RunInfo>
      <RunInfo computerName="DESKTOP-RSFFHJT" outcome="Warning" timestamp="2025-05-03T20:01:47.6874258-04:00">
        <Text>2025-05-04T00:01:47.686Z pw:api waiting for Locator("table[id='vertically-scrolled-table']").Locator("tbody tr").Nth(12).Locator("td:nth-child(3)")</Text>
      </RunInfo>
      <RunInfo computerName="DESKTOP-RSFFHJT" outcome="Warning" timestamp="2025-05-03T20:01:47.6890445-04:00">
        <Text>2025-05-04T00:01:47.688Z pw:api   locator resolved to &lt;td class=" "&gt;75790&lt;/td&gt;</Text>
      </RunInfo>
      <RunInfo computerName="DESKTOP-RSFFHJT" outcome="Warning" timestamp="2025-05-03T20:01:47.6899310-04:00">
        <Text>2025-05-04T00:01:47.689Z pw:api waiting for Locator("table[id='vertically-scrolled-table']").Locator("tbody tr").Nth(12).Locator("td:nth-child(4)")</Text>
      </RunInfo>
      <RunInfo computerName="DESKTOP-RSFFHJT" outcome="Warning" timestamp="2025-05-03T20:01:47.6918331-04:00">
        <Text>2025-05-04T00:01:47.690Z pw:api   locator resolved to &lt;td class=" "&gt;Service&lt;/td&gt;</Text>
      </RunInfo>
      <RunInfo computerName="DESKTOP-RSFFHJT" outcome="Warning" timestamp="2025-05-03T20:01:47.6925180-04:00">
        <Text>2025-05-04T00:01:47.691Z pw:api waiting for Locator("table[id='vertically-scrolled-table']").Locator("tbody tr").Nth(12).Locator("td span[class='text-ellipsis']")</Text>
      </RunInfo>
      <RunInfo computerName="DESKTOP-RSFFHJT" outcome="Warning" timestamp="2025-05-03T20:01:47.6941632-04:00">
        <Text>2025-05-04T00:01:47.693Z pw:api   locator resolved to &lt;span id="a4d1a185f" class="text-ellipsis"&gt;Inventore corrupti hic ex eum quibusdam. Numquam ΓÇª&lt;/span&gt;</Text>
      </RunInfo>
      <RunInfo computerName="DESKTOP-RSFFHJT" outcome="Warning" timestamp="2025-05-03T20:01:47.6948929-04:00">
        <Text>2025-05-04T00:01:47.694Z pw:api waiting for Locator("table[id='vertically-scrolled-table']").Locator("tbody tr").Nth(12).Locator("td[class='  text-end']")</Text>
      </RunInfo>
      <RunInfo computerName="DESKTOP-RSFFHJT" outcome="Warning" timestamp="2025-05-03T20:01:47.6970633-04:00">
        <Text>2025-05-04T00:01:47.696Z pw:api   locator resolved to &lt;td class="  text-end"&gt;$131.00&lt;/td&gt;</Text>
      </RunInfo>
      <RunInfo computerName="DESKTOP-RSFFHJT" outcome="Warning" timestamp="2025-05-03T20:01:47.6982683-04:00">
        <Text>2025-05-04T00:01:47.697Z pw:api waiting for Locator("button[class='btn btn-primary']")</Text>
      </RunInfo>
      <RunInfo computerName="DESKTOP-RSFFHJT" outcome="Warning" timestamp="2025-05-03T20:01:47.7001109-04:00">
        <Text>2025-05-04T00:01:47.699Z pw:api   locator resolved to &lt;button data-ember-action="" class="btn btn-primary" data-ember-action-264="264"&gt;ΓÇª&lt;/button&gt;</Text>
      </RunInfo>
      <RunInfo computerName="DESKTOP-RSFFHJT" outcome="Warning" timestamp="2025-05-03T20:01:47.7007875-04:00">
        <Text>2025-05-04T00:01:47.699Z pw:api attempting click action</Text>
      </RunInfo>
      <RunInfo computerName="DESKTOP-RSFFHJT" outcome="Warning" timestamp="2025-05-03T20:01:47.7009131-04:00">
        <Text>2025-05-04T00:01:47.699Z pw:api   waiting for element to be visible, enabled and stable</Text>
      </RunInfo>
      <RunInfo computerName="DESKTOP-RSFFHJT" outcome="Warning" timestamp="2025-05-03T20:01:47.7112886-04:00">
        <Text>2025-05-04T00:01:47.710Z pw:api   element is visible, enabled and stable</Text>
      </RunInfo>
      <RunInfo computerName="DESKTOP-RSFFHJT" outcome="Warning" timestamp="2025-05-03T20:01:47.7113054-04:00">
        <Text>2025-05-04T00:01:47.710Z pw:api   scrolling into view if needed</Text>
      </RunInfo>
      <RunInfo computerName="DESKTOP-RSFFHJT" outcome="Warning" timestamp="2025-05-03T20:01:47.7115625-04:00">
        <Text>2025-05-04T00:01:47.710Z pw:api   done scrolling</Text>
      </RunInfo>
      <RunInfo computerName="DESKTOP-RSFFHJT" outcome="Warning" timestamp="2025-05-03T20:01:47.7135224-04:00">
        <Text>2025-05-04T00:01:47.712Z pw:api   performing click action</Text>
      </RunInfo>
      <RunInfo computerName="DESKTOP-RSFFHJT" outcome="Warning" timestamp="2025-05-03T20:01:47.7293066-04:00">
        <Text>2025-05-04T00:01:47.728Z pw:api   click action done</Text>
      </RunInfo>
      <RunInfo computerName="DESKTOP-RSFFHJT" outcome="Warning" timestamp="2025-05-03T20:01:47.7293127-04:00">
        <Text>2025-05-04T00:01:47.728Z pw:api   waiting for scheduled navigations to finish</Text>
      </RunInfo>
      <RunInfo computerName="DESKTOP-RSFFHJT" outcome="Warning" timestamp="2025-05-03T20:01:47.7293582-04:00">
        <Text>2025-05-04T00:01:47.728Z pw:api   navigations have finished</Text>
      </RunInfo>
      <RunInfo computerName="DESKTOP-RSFFHJT" outcome="Warning" timestamp="2025-05-03T20:01:47.7314577-04:00">
        <Text>2025-05-04T00:01:47.730Z pw:api waiting for Locator("input[value='goods']")</Text>
      </RunInfo>
      <RunInfo computerName="DESKTOP-RSFFHJT" outcome="Warning" timestamp="2025-05-03T20:01:48.1325821-04:00">
        <Text>2025-05-04T00:01:48.131Z pw:api   navigated to "https://www.zoho.com/ca/inventory/inventory-software-demo/#/inventory/items/new"</Text>
      </RunInfo>
      <RunInfo computerName="DESKTOP-RSFFHJT" outcome="Warning" timestamp="2025-05-03T20:01:48.5512416-04:00">
        <Text>2025-05-04T00:01:48.550Z pw:api   locator resolved to &lt;input type="radio" value="goods" id="a9e8c12f3" name="productType" class="ember-view form-check-input"/&gt;</Text>
      </RunInfo>
      <RunInfo computerName="DESKTOP-RSFFHJT" outcome="Warning" timestamp="2025-05-03T20:01:48.5517933-04:00">
        <Text>2025-05-04T00:01:48.550Z pw:api attempting click action</Text>
      </RunInfo>
      <RunInfo computerName="DESKTOP-RSFFHJT" outcome="Warning" timestamp="2025-05-03T20:01:48.5518127-04:00">
        <Text>2025-05-04T00:01:48.550Z pw:api   waiting for element to be visible, enabled and stable</Text>
      </RunInfo>
      <RunInfo computerName="DESKTOP-RSFFHJT" outcome="Warning" timestamp="2025-05-03T20:01:48.5612131-04:00">
        <Text>2025-05-04T00:01:48.560Z pw:api   element is visible, enabled and stable</Text>
      </RunInfo>
      <RunInfo computerName="DESKTOP-RSFFHJT" outcome="Warning" timestamp="2025-05-03T20:01:48.5612269-04:00">
        <Text>2025-05-04T00:01:48.560Z pw:api   scrolling into view if needed</Text>
      </RunInfo>
      <RunInfo computerName="DESKTOP-RSFFHJT" outcome="Warning" timestamp="2025-05-03T20:01:48.5615366-04:00">
        <Text>2025-05-04T00:01:48.560Z pw:api   done scrolling</Text>
      </RunInfo>
      <RunInfo computerName="DESKTOP-RSFFHJT" outcome="Warning" timestamp="2025-05-03T20:01:48.5636677-04:00">
        <Text>2025-05-04T00:01:48.562Z pw:api   performing click action</Text>
      </RunInfo>
      <RunInfo computerName="DESKTOP-RSFFHJT" outcome="Warning" timestamp="2025-05-03T20:01:48.5705213-04:00">
        <Text>2025-05-04T00:01:48.569Z pw:api   click action done</Text>
      </RunInfo>
      <RunInfo computerName="DESKTOP-RSFFHJT" outcome="Warning" timestamp="2025-05-03T20:01:48.5705318-04:00">
        <Text>2025-05-04T00:01:48.569Z pw:api   waiting for scheduled navigations to finish</Text>
      </RunInfo>
      <RunInfo computerName="DESKTOP-RSFFHJT" outcome="Warning" timestamp="2025-05-03T20:01:48.5708058-04:00">
        <Text>2025-05-04T00:01:48.570Z pw:api   navigations have finished</Text>
      </RunInfo>
      <RunInfo computerName="DESKTOP-RSFFHJT" outcome="Warning" timestamp="2025-05-03T20:01:48.5728386-04:00">
        <Text>2025-05-04T00:01:48.571Z pw:api waiting for Locator("div[class='form-group'] input")</Text>
      </RunInfo>
      <RunInfo computerName="DESKTOP-RSFFHJT" outcome="Warning" timestamp="2025-05-03T20:01:48.5748011-04:00">
        <Text>2025-05-04T00:01:48.573Z pw:api   locator resolved to &lt;input type="text" autofocus="" id="ember394" class="form-control ember-text-field ember-view"/&gt;</Text>
      </RunInfo>
      <RunInfo computerName="DESKTOP-RSFFHJT" outcome="Warning" timestamp="2025-05-03T20:01:48.5754812-04:00">
        <Text>2025-05-04T00:01:48.574Z pw:api   fill("TemporaryName")</Text>
      </RunInfo>
      <RunInfo computerName="DESKTOP-RSFFHJT" outcome="Warning" timestamp="2025-05-03T20:01:48.5755015-04:00">
        <Text>2025-05-04T00:01:48.574Z pw:api attempting fill action</Text>
      </RunInfo>
      <RunInfo computerName="DESKTOP-RSFFHJT" outcome="Warning" timestamp="2025-05-03T20:01:48.5755918-04:00">
        <Text>2025-05-04T00:01:48.574Z pw:api   waiting for element to be visible, enabled and editable</Text>
      </RunInfo>
      <RunInfo computerName="DESKTOP-RSFFHJT" outcome="Warning" timestamp="2025-05-03T20:01:48.5841819-04:00">
        <Text>2025-05-04T00:01:48.583Z pw:api waiting for Locator("//label[@class='col-lg-3 col-form-label' and contains(string(), 'SKU')]//following-sibling::div//descendant::input")</Text>
      </RunInfo>
      <RunInfo computerName="DESKTOP-RSFFHJT" outcome="Warning" timestamp="2025-05-03T20:01:48.5858274-04:00">
        <Text>2025-05-04T00:01:48.584Z pw:api   locator resolved to &lt;input type="text" id="ember395" class="ember-text-field ember-view form-control"/&gt;</Text>
      </RunInfo>
      <RunInfo computerName="DESKTOP-RSFFHJT" outcome="Warning" timestamp="2025-05-03T20:01:48.5862957-04:00">
        <Text>2025-05-04T00:01:48.585Z pw:api   fill("item 99 sku")</Text>
      </RunInfo>
      <RunInfo computerName="DESKTOP-RSFFHJT" outcome="Warning" timestamp="2025-05-03T20:01:48.5863513-04:00">
        <Text>2025-05-04T00:01:48.585Z pw:api attempting fill action</Text>
      </RunInfo>
      <RunInfo computerName="DESKTOP-RSFFHJT" outcome="Warning" timestamp="2025-05-03T20:01:48.5863634-04:00">
        <Text>2025-05-04T00:01:48.585Z pw:api   waiting for element to be visible, enabled and editable</Text>
      </RunInfo>
      <RunInfo computerName="DESKTOP-RSFFHJT" outcome="Warning" timestamp="2025-05-03T20:01:48.5939499-04:00">
        <Text>2025-05-04T00:01:48.592Z pw:api waiting for Locator("//label[@class='col-lg-3 col-form-label' and contains(string(), 'Unit')]//following-sibling::div")</Text>
      </RunInfo>
      <RunInfo computerName="DESKTOP-RSFFHJT" outcome="Warning" timestamp="2025-05-03T20:01:48.5975946-04:00">
        <Text>2025-05-04T00:01:48.596Z pw:api   locator resolved to &lt;div class="col-lg-8"&gt;ΓÇª&lt;/div&gt;</Text>
      </RunInfo>
      <RunInfo computerName="DESKTOP-RSFFHJT" outcome="Warning" timestamp="2025-05-03T20:01:48.5980214-04:00">
        <Text>2025-05-04T00:01:48.597Z pw:api attempting click action</Text>
      </RunInfo>
      <RunInfo computerName="DESKTOP-RSFFHJT" outcome="Warning" timestamp="2025-05-03T20:01:48.5981526-04:00">
        <Text>2025-05-04T00:01:48.597Z pw:api   waiting for element to be visible, enabled and stable</Text>
      </RunInfo>
      <RunInfo computerName="DESKTOP-RSFFHJT" outcome="Warning" timestamp="2025-05-03T20:01:48.6284166-04:00">
        <Text>2025-05-04T00:01:48.627Z pw:api   element is visible, enabled and stable</Text>
      </RunInfo>
      <RunInfo computerName="DESKTOP-RSFFHJT" outcome="Warning" timestamp="2025-05-03T20:01:48.6284250-04:00">
        <Text>2025-05-04T00:01:48.627Z pw:api   scrolling into view if needed</Text>
      </RunInfo>
      <RunInfo computerName="DESKTOP-RSFFHJT" outcome="Warning" timestamp="2025-05-03T20:01:48.6287407-04:00">
        <Text>2025-05-04T00:01:48.627Z pw:api   done scrolling</Text>
      </RunInfo>
      <RunInfo computerName="DESKTOP-RSFFHJT" outcome="Warning" timestamp="2025-05-03T20:01:48.6309401-04:00">
        <Text>2025-05-04T00:01:48.630Z pw:api   performing click action</Text>
      </RunInfo>
      <RunInfo computerName="DESKTOP-RSFFHJT" outcome="Warning" timestamp="2025-05-03T20:01:48.6442085-04:00">
        <Text>2025-05-04T00:01:48.642Z pw:api   click action done</Text>
      </RunInfo>
      <RunInfo computerName="DESKTOP-RSFFHJT" outcome="Warning" timestamp="2025-05-03T20:01:48.6442240-04:00">
        <Text>2025-05-04T00:01:48.643Z pw:api   waiting for scheduled navigations to finish</Text>
      </RunInfo>
      <RunInfo computerName="DESKTOP-RSFFHJT" outcome="Warning" timestamp="2025-05-03T20:01:48.6442432-04:00">
        <Text>2025-05-04T00:01:48.643Z pw:api   navigations have finished</Text>
      </RunInfo>
      <RunInfo computerName="DESKTOP-RSFFHJT" outcome="Warning" timestamp="2025-05-03T20:01:48.6456214-04:00">
        <Text>2025-05-04T00:01:48.644Z pw:api waiting for Locator("div[title='PAIRS']")</Text>
      </RunInfo>
      <RunInfo computerName="DESKTOP-RSFFHJT" outcome="Warning" timestamp="2025-05-03T20:01:48.6486377-04:00">
        <Text>2025-05-04T00:01:48.647Z pw:api   locator resolved to &lt;div title="PAIRS" class="over-flow"&gt;ΓÇª&lt;/div&gt;</Text>
      </RunInfo>
      <RunInfo computerName="DESKTOP-RSFFHJT" outcome="Warning" timestamp="2025-05-03T20:01:48.6490756-04:00">
        <Text>2025-05-04T00:01:48.648Z pw:api attempting click action</Text>
      </RunInfo>
      <RunInfo computerName="DESKTOP-RSFFHJT" outcome="Warning" timestamp="2025-05-03T20:01:48.6491027-04:00">
        <Text>2025-05-04T00:01:48.648Z pw:api   waiting for element to be visible, enabled and stable</Text>
      </RunInfo>
      <RunInfo computerName="DESKTOP-RSFFHJT" outcome="Warning" timestamp="2025-05-03T20:01:48.6784781-04:00">
        <Text>2025-05-04T00:01:48.677Z pw:api   element is visible, enabled and stable</Text>
      </RunInfo>
      <RunInfo computerName="DESKTOP-RSFFHJT" outcome="Warning" timestamp="2025-05-03T20:01:48.6784869-04:00">
        <Text>2025-05-04T00:01:48.677Z pw:api   scrolling into view if needed</Text>
      </RunInfo>
      <RunInfo computerName="DESKTOP-RSFFHJT" outcome="Warning" timestamp="2025-05-03T20:01:48.6795279-04:00">
        <Text>2025-05-04T00:01:48.678Z pw:api   done scrolling</Text>
      </RunInfo>
      <RunInfo computerName="DESKTOP-RSFFHJT" outcome="Warning" timestamp="2025-05-03T20:01:48.6814817-04:00">
        <Text>2025-05-04T00:01:48.680Z pw:api   performing click action</Text>
      </RunInfo>
      <RunInfo computerName="DESKTOP-RSFFHJT" outcome="Warning" timestamp="2025-05-03T20:01:48.6946837-04:00">
        <Text>2025-05-04T00:01:48.693Z pw:api   click action done</Text>
      </RunInfo>
      <RunInfo computerName="DESKTOP-RSFFHJT" outcome="Warning" timestamp="2025-05-03T20:01:48.6946912-04:00">
        <Text>2025-05-04T00:01:48.693Z pw:api   waiting for scheduled navigations to finish</Text>
      </RunInfo>
      <RunInfo computerName="DESKTOP-RSFFHJT" outcome="Warning" timestamp="2025-05-03T20:01:48.6966028-04:00">
        <Text>2025-05-04T00:01:48.695Z pw:api   navigations have finished</Text>
      </RunInfo>
      <RunInfo computerName="DESKTOP-RSFFHJT" outcome="Warning" timestamp="2025-05-03T20:01:48.7002818-04:00">
        <Text>2025-05-04T00:01:48.699Z pw:api waiting for Locator("xpath=(//div[@class='input-group-prepend']//following-sibling::input)[1]")</Text>
      </RunInfo>
      <RunInfo computerName="DESKTOP-RSFFHJT" outcome="Warning" timestamp="2025-05-03T20:01:48.7021160-04:00">
        <Text>2025-05-04T00:01:48.701Z pw:api   locator resolved to &lt;input type="text" id="ember421" class="ember-text-field text-start ember-view form-control"/&gt;</Text>
      </RunInfo>
      <RunInfo computerName="DESKTOP-RSFFHJT" outcome="Warning" timestamp="2025-05-03T20:01:48.7026899-04:00">
        <Text>2025-05-04T00:01:48.701Z pw:api   fill("205")</Text>
      </RunInfo>
      <RunInfo computerName="DESKTOP-RSFFHJT" outcome="Warning" timestamp="2025-05-03T20:01:48.7027181-04:00">
        <Text>2025-05-04T00:01:48.701Z pw:api attempting fill action</Text>
      </RunInfo>
      <RunInfo computerName="DESKTOP-RSFFHJT" outcome="Warning" timestamp="2025-05-03T20:01:48.7027384-04:00">
        <Text>2025-05-04T00:01:48.701Z pw:api   waiting for element to be visible, enabled and editable</Text>
      </RunInfo>
      <RunInfo computerName="DESKTOP-RSFFHJT" outcome="Warning" timestamp="2025-05-03T20:01:48.7093829-04:00">
        <Text>2025-05-04T00:01:48.708Z pw:api waiting for Locator("xpath=(//div[@class='input-group-prepend']//following-sibling::input)[2]")</Text>
      </RunInfo>
      <RunInfo computerName="DESKTOP-RSFFHJT" outcome="Warning" timestamp="2025-05-03T20:01:48.7112180-04:00">
        <Text>2025-05-04T00:01:48.710Z pw:api   locator resolved to &lt;input type="text" id="ember426" class="ember-text-field text-start ember-view form-control"/&gt;</Text>
      </RunInfo>
      <RunInfo computerName="DESKTOP-RSFFHJT" outcome="Warning" timestamp="2025-05-03T20:01:48.7135865-04:00">
        <Text>2025-05-04T00:01:48.712Z pw:api   fill("150")</Text>
      </RunInfo>
      <RunInfo computerName="DESKTOP-RSFFHJT" outcome="Warning" timestamp="2025-05-03T20:01:48.7136046-04:00">
        <Text>2025-05-04T00:01:48.712Z pw:api attempting fill action</Text>
      </RunInfo>
      <RunInfo computerName="DESKTOP-RSFFHJT" outcome="Warning" timestamp="2025-05-03T20:01:48.7136148-04:00">
        <Text>2025-05-04T00:01:48.712Z pw:api   waiting for element to be visible, enabled and editable</Text>
      </RunInfo>
      <RunInfo computerName="DESKTOP-RSFFHJT" outcome="Warning" timestamp="2025-05-03T20:01:48.7227798-04:00">
        <Text>2025-05-04T00:01:48.721Z pw:api waiting for Locator("button[type='submit']")</Text>
      </RunInfo>
      <RunInfo computerName="DESKTOP-RSFFHJT" outcome="Warning" timestamp="2025-05-03T20:01:48.7244895-04:00">
        <Text>2025-05-04T00:01:48.723Z pw:api   locator resolved to &lt;button id="ember438" type="submit" class="btn btn-primary ember-view"&gt;ΓÇª&lt;/button&gt;</Text>
      </RunInfo>
      <RunInfo computerName="DESKTOP-RSFFHJT" outcome="Warning" timestamp="2025-05-03T20:01:48.7250497-04:00">
        <Text>2025-05-04T00:01:48.724Z pw:api attempting click action</Text>
      </RunInfo>
      <RunInfo computerName="DESKTOP-RSFFHJT" outcome="Warning" timestamp="2025-05-03T20:01:48.7250851-04:00">
        <Text>2025-05-04T00:01:48.724Z pw:api   waiting for element to be visible, enabled and stable</Text>
      </RunInfo>
      <RunInfo computerName="DESKTOP-RSFFHJT" outcome="Warning" timestamp="2025-05-03T20:01:48.7449969-04:00">
        <Text>2025-05-04T00:01:48.743Z pw:api   element is visible, enabled and stable</Text>
      </RunInfo>
      <RunInfo computerName="DESKTOP-RSFFHJT" outcome="Warning" timestamp="2025-05-03T20:01:48.7450048-04:00">
        <Text>2025-05-04T00:01:48.743Z pw:api   scrolling into view if needed</Text>
      </RunInfo>
      <RunInfo computerName="DESKTOP-RSFFHJT" outcome="Warning" timestamp="2025-05-03T20:01:48.7455544-04:00">
        <Text>2025-05-04T00:01:48.744Z pw:api   done scrolling</Text>
      </RunInfo>
      <RunInfo computerName="DESKTOP-RSFFHJT" outcome="Warning" timestamp="2025-05-03T20:01:48.7477289-04:00">
        <Text>2025-05-04T00:01:48.746Z pw:api   performing click action</Text>
      </RunInfo>
      <RunInfo computerName="DESKTOP-RSFFHJT" outcome="Warning" timestamp="2025-05-03T20:01:48.7638131-04:00">
        <Text>2025-05-04T00:01:48.762Z pw:api   click action done</Text>
      </RunInfo>
      <RunInfo computerName="DESKTOP-RSFFHJT" outcome="Warning" timestamp="2025-05-03T20:01:48.7638374-04:00">
        <Text>2025-05-04T00:01:48.762Z pw:api   waiting for scheduled navigations to finish</Text>
      </RunInfo>
      <RunInfo computerName="DESKTOP-RSFFHJT" outcome="Warning" timestamp="2025-05-03T20:01:48.7639784-04:00">
        <Text>2025-05-04T00:01:48.763Z pw:api   navigations have finished</Text>
      </RunInfo>
      <RunInfo computerName="DESKTOP-RSFFHJT" outcome="Warning" timestamp="2025-05-03T20:01:48.7656220-04:00">
        <Text>2025-05-04T00:01:48.764Z pw:api waiting for Locator("span[class='close-entity close-details ms-4'] path")</Text>
      </RunInfo>
      <RunInfo computerName="DESKTOP-RSFFHJT" outcome="Warning" timestamp="2025-05-03T20:01:49.5850793-04:00">
        <Text>2025-05-04T00:01:49.583Z pw:api   navigated to "https://www.zoho.com/ca/inventory/inventory-software-demo/#/inventory/items/66200000053810013?filter_by=Status.Active&amp;sort_column=created_time&amp;sort_order=D"</Text>
      </RunInfo>
      <RunInfo computerName="DESKTOP-RSFFHJT" outcome="Warning" timestamp="2025-05-03T20:01:49.6568000-04:00">
        <Text>2025-05-04T00:01:49.655Z pw:api   locator resolved to &lt;path d="M455.2 9.2L256 208.4 56.8 9.2C44.5-3.1 24.6-3.1 12.2 9.2l-2.9 2.9C-3 24.4-3 44.4 9.3 56.7L208.4 256 9.2 455.2c-12.3 12.3-12.3 32.3 0 44.6l2.9 2.9c12.3 12.3 32.3 12.3 44.6 0L256 303.6l199.2 199.2c12.3 12.3 32.3 12.3 44.6 0l2.9-2.9c12.3-12.3 12.3-32.3 0-44.6L303.6 256 502.8 56.8c12.3-12.3 12.3-32.3 0-44.6l-2.9-2.9c-12.5-12.4-32.4-12.4-44.7-.1z"&gt;&lt;/path&gt;</Text>
      </RunInfo>
      <RunInfo computerName="DESKTOP-RSFFHJT" outcome="Warning" timestamp="2025-05-03T20:01:49.6585674-04:00">
        <Text>2025-05-04T00:01:49.657Z pw:api attempting click action</Text>
      </RunInfo>
      <RunInfo computerName="DESKTOP-RSFFHJT" outcome="Warning" timestamp="2025-05-03T20:01:49.6590429-04:00">
        <Text>2025-05-04T00:01:49.657Z pw:api   waiting for element to be visible, enabled and stable</Text>
      </RunInfo>
      <RunInfo computerName="DESKTOP-RSFFHJT" outcome="Warning" timestamp="2025-05-03T20:01:49.6789172-04:00">
        <Text>2025-05-04T00:01:49.677Z pw:api   element is visible, enabled and stable</Text>
      </RunInfo>
      <RunInfo computerName="DESKTOP-RSFFHJT" outcome="Warning" timestamp="2025-05-03T20:01:49.6789235-04:00">
        <Text>2025-05-04T00:01:49.677Z pw:api   scrolling into view if needed</Text>
      </RunInfo>
      <RunInfo computerName="DESKTOP-RSFFHJT" outcome="Warning" timestamp="2025-05-03T20:01:49.6791827-04:00">
        <Text>2025-05-04T00:01:49.678Z pw:api   done scrolling</Text>
      </RunInfo>
      <RunInfo computerName="DESKTOP-RSFFHJT" outcome="Warning" timestamp="2025-05-03T20:01:49.6815252-04:00">
        <Text>2025-05-04T00:01:49.680Z pw:api   performing click action</Text>
      </RunInfo>
      <RunInfo computerName="DESKTOP-RSFFHJT" outcome="Warning" timestamp="2025-05-03T20:01:49.6894595-04:00">
        <Text>2025-05-04T00:01:49.688Z pw:api   navigated to "https://www.zoho.com/ca/inventory/inventory-software-demo/#/inventory/items?filter_by=Status.Active&amp;sort_column=created_time&amp;sort_order=D"</Text>
      </RunInfo>
      <RunInfo computerName="DESKTOP-RSFFHJT" outcome="Warning" timestamp="2025-05-03T20:01:49.7591309-04:00">
        <Text>2025-05-04T00:01:49.758Z pw:api   click action done</Text>
      </RunInfo>
      <RunInfo computerName="DESKTOP-RSFFHJT" outcome="Warning" timestamp="2025-05-03T20:01:49.7591469-04:00">
        <Text>2025-05-04T00:01:49.758Z pw:api   waiting for scheduled navigations to finish</Text>
      </RunInfo>
      <RunInfo computerName="DESKTOP-RSFFHJT" outcome="Warning" timestamp="2025-05-03T20:01:49.7638039-04:00">
        <Text>2025-05-04T00:01:49.762Z pw:api   navigations have finished</Text>
      </RunInfo>
      <RunInfo computerName="DESKTOP-RSFFHJT" outcome="Warning" timestamp="2025-05-03T20:01:49.7648956-04:00">
        <Text>2025-05-04T00:01:49.764Z pw:api waiting for Locator("table[id='vertically-scrolled-table']") to be visible</Text>
      </RunInfo>
      <RunInfo computerName="DESKTOP-RSFFHJT" outcome="Warning" timestamp="2025-05-03T20:01:49.7670470-04:00">
        <Text>2025-05-04T00:01:49.766Z pw:api   locator resolved to visible &lt;table id="vertically-scrolled-table" class="table zi-table table-hover     header-fixed"&gt;ΓÇª&lt;/table&gt;</Text>
      </RunInfo>
      <RunInfo computerName="DESKTOP-RSFFHJT" outcome="Warning" timestamp="2025-05-03T20:01:49.7690514-04:00">
        <Text>2025-05-04T00:01:49.768Z pw:api waiting for Locator("table[id='vertically-scrolled-table']").Locator("tbody tr").First</Text>
      </RunInfo>
      <RunInfo computerName="DESKTOP-RSFFHJT" outcome="Warning" timestamp="2025-05-03T20:01:49.7706750-04:00">
        <Text>2025-05-04T00:01:49.769Z pw:api   locator resolved to &lt;tr tabindex="-1" id="ember485" class="ember-view   "&gt;ΓÇª&lt;/tr&gt;</Text>
      </RunInfo>
      <RunInfo computerName="DESKTOP-RSFFHJT" outcome="Warning" timestamp="2025-05-03T20:01:49.7711745-04:00">
        <Text>2025-05-04T00:01:49.770Z pw:api waiting for Locator("table[id='vertically-scrolled-table']").Locator("tbody tr").First.Locator("a")</Text>
      </RunInfo>
      <RunInfo computerName="DESKTOP-RSFFHJT" outcome="Warning" timestamp="2025-05-03T20:01:49.7725807-04:00">
        <Text>2025-05-04T00:01:49.771Z pw:api   locator resolved to &lt;a id="ember625" class="ember-view text-break " href="#/inventory/items/6620000005381000?filter_by=Status.Active&amp;sort_column=created_time&amp;sort_order=D"&gt;Storage Cabinet&lt;/a&gt;</Text>
      </RunInfo>
      <RunInfo computerName="DESKTOP-RSFFHJT" outcome="Warning" timestamp="2025-05-03T20:01:49.7730836-04:00">
        <Text>2025-05-04T00:01:49.772Z pw:api waiting for Locator("table[id='vertically-scrolled-table']").Locator("tbody tr").First.Locator("td:nth-child(3)")</Text>
      </RunInfo>
      <RunInfo computerName="DESKTOP-RSFFHJT" outcome="Warning" timestamp="2025-05-03T20:01:49.7742751-04:00">
        <Text>2025-05-04T00:01:49.773Z pw:api   locator resolved to &lt;td class=" "&gt;Item 1 sku&lt;/td&gt;</Text>
      </RunInfo>
      <RunInfo computerName="DESKTOP-RSFFHJT" outcome="Warning" timestamp="2025-05-03T20:01:49.7749093-04:00">
        <Text>2025-05-04T00:01:49.774Z pw:api waiting for Locator("table[id='vertically-scrolled-table']").Locator("tbody tr").First.Locator("td:nth-child(4)")</Text>
      </RunInfo>
      <RunInfo computerName="DESKTOP-RSFFHJT" outcome="Warning" timestamp="2025-05-03T20:01:49.7761891-04:00">
        <Text>2025-05-04T00:01:49.775Z pw:api   locator resolved to &lt;td class=" "&gt;Goods&lt;/td&gt;</Text>
      </RunInfo>
      <RunInfo computerName="DESKTOP-RSFFHJT" outcome="Warning" timestamp="2025-05-03T20:01:49.7767312-04:00">
        <Text>2025-05-04T00:01:49.775Z pw:api waiting for Locator("table[id='vertically-scrolled-table']").Locator("tbody tr").First.Locator("td span[class='text-ellipsis']")</Text>
      </RunInfo>
      <RunInfo computerName="DESKTOP-RSFFHJT" outcome="Warning" timestamp="2025-05-03T20:01:49.7792432-04:00">
        <Text>2025-05-04T00:01:49.778Z pw:api   locator resolved to &lt;span id="aeb622460" class="text-ellipsis"&gt;A versatile storage cabinet with adjustable shelvΓÇª&lt;/span&gt;</Text>
      </RunInfo>
      <RunInfo computerName="DESKTOP-RSFFHJT" outcome="Warning" timestamp="2025-05-03T20:01:49.7799839-04:00">
        <Text>2025-05-04T00:01:49.779Z pw:api waiting for Locator("table[id='vertically-scrolled-table']").Locator("tbody tr").First.Locator("td[class='  text-end']")</Text>
      </RunInfo>
      <RunInfo computerName="DESKTOP-RSFFHJT" outcome="Warning" timestamp="2025-05-03T20:01:49.7816447-04:00">
        <Text>2025-05-04T00:01:49.780Z pw:api   locator resolved to &lt;td class="  text-end"&gt;$9052.00&lt;/td&gt;</Text>
      </RunInfo>
      <RunInfo computerName="DESKTOP-RSFFHJT" outcome="Warning" timestamp="2025-05-03T20:01:49.7823304-04:00">
        <Text>2025-05-04T00:01:49.781Z pw:api waiting for Locator("table[id='vertically-scrolled-table']").Locator("tbody tr").Nth(1)</Text>
      </RunInfo>
      <RunInfo computerName="DESKTOP-RSFFHJT" outcome="Warning" timestamp="2025-05-03T20:01:49.7840057-04:00">
        <Text>2025-05-04T00:01:49.783Z pw:api   locator resolved to &lt;tr tabindex="-1" id="ember491" class="ember-view   "&gt;ΓÇª&lt;/tr&gt;</Text>
      </RunInfo>
      <RunInfo computerName="DESKTOP-RSFFHJT" outcome="Warning" timestamp="2025-05-03T20:01:49.7846955-04:00">
        <Text>2025-05-04T00:01:49.783Z pw:api waiting for Locator("table[id='vertically-scrolled-table']").Locator("tbody tr").Nth(1).Locator("a")</Text>
      </RunInfo>
      <RunInfo computerName="DESKTOP-RSFFHJT" outcome="Warning" timestamp="2025-05-03T20:01:49.7862720-04:00">
        <Text>2025-05-04T00:01:49.785Z pw:api   locator resolved to &lt;a id="ember627" class="ember-view text-break " href="#/inventory/items/6620000005381001?filter_by=Status.Active&amp;sort_column=created_time&amp;sort_order=D"&gt;Storage Cabinet&lt;/a&gt;</Text>
      </RunInfo>
      <RunInfo computerName="DESKTOP-RSFFHJT" outcome="Warning" timestamp="2025-05-03T20:01:49.7868299-04:00">
        <Text>2025-05-04T00:01:49.785Z pw:api waiting for Locator("table[id='vertically-scrolled-table']").Locator("tbody tr").Nth(1).Locator("td:nth-child(3)")</Text>
      </RunInfo>
      <RunInfo computerName="DESKTOP-RSFFHJT" outcome="Warning" timestamp="2025-05-03T20:01:49.7882661-04:00">
        <Text>2025-05-04T00:01:49.787Z pw:api   locator resolved to &lt;td class=" "&gt;Item 2 sku&lt;/td&gt;</Text>
      </RunInfo>
      <RunInfo computerName="DESKTOP-RSFFHJT" outcome="Warning" timestamp="2025-05-03T20:01:49.7887228-04:00">
        <Text>2025-05-04T00:01:49.787Z pw:api waiting for Locator("table[id='vertically-scrolled-table']").Locator("tbody tr").Nth(1).Locator("td:nth-child(4)")</Text>
      </RunInfo>
      <RunInfo computerName="DESKTOP-RSFFHJT" outcome="Warning" timestamp="2025-05-03T20:01:49.7901422-04:00">
        <Text>2025-05-04T00:01:49.789Z pw:api   locator resolved to &lt;td class=" "&gt;Goods&lt;/td&gt;</Text>
      </RunInfo>
      <RunInfo computerName="DESKTOP-RSFFHJT" outcome="Warning" timestamp="2025-05-03T20:01:49.7906181-04:00">
        <Text>2025-05-04T00:01:49.789Z pw:api waiting for Locator("table[id='vertically-scrolled-table']").Locator("tbody tr").Nth(1).Locator("td span[class='text-ellipsis']")</Text>
      </RunInfo>
      <RunInfo computerName="DESKTOP-RSFFHJT" outcome="Warning" timestamp="2025-05-03T20:01:49.7920906-04:00">
        <Text>2025-05-04T00:01:49.791Z pw:api   locator resolved to &lt;span id="a53f61621" class="text-ellipsis"&gt;A versatile storage cabinet with adjustable shelvΓÇª&lt;/span&gt;</Text>
      </RunInfo>
      <RunInfo computerName="DESKTOP-RSFFHJT" outcome="Warning" timestamp="2025-05-03T20:01:49.7926072-04:00">
        <Text>2025-05-04T00:01:49.791Z pw:api waiting for Locator("table[id='vertically-scrolled-table']").Locator("tbody tr").Nth(1).Locator("td[class='  text-end']")</Text>
      </RunInfo>
      <RunInfo computerName="DESKTOP-RSFFHJT" outcome="Warning" timestamp="2025-05-03T20:01:49.7941895-04:00">
        <Text>2025-05-04T00:01:49.793Z pw:api   locator resolved to &lt;td class="  text-end"&gt;$6711.00&lt;/td&gt;</Text>
      </RunInfo>
      <RunInfo computerName="DESKTOP-RSFFHJT" outcome="Warning" timestamp="2025-05-03T20:01:49.7950041-04:00">
        <Text>2025-05-04T00:01:49.794Z pw:api waiting for Locator("table[id='vertically-scrolled-table']").Locator("tbody tr").Nth(2)</Text>
      </RunInfo>
      <RunInfo computerName="DESKTOP-RSFFHJT" outcome="Warning" timestamp="2025-05-03T20:01:49.7968315-04:00">
        <Text>2025-05-04T00:01:49.795Z pw:api   locator resolved to &lt;tr tabindex="-1" id="ember497" class="ember-view   "&gt;ΓÇª&lt;/tr&gt;</Text>
      </RunInfo>
      <RunInfo computerName="DESKTOP-RSFFHJT" outcome="Warning" timestamp="2025-05-03T20:01:49.7974226-04:00">
        <Text>2025-05-04T00:01:49.796Z pw:api waiting for Locator("table[id='vertically-scrolled-table']").Locator("tbody tr").Nth(2).Locator("a")</Text>
      </RunInfo>
      <RunInfo computerName="DESKTOP-RSFFHJT" outcome="Warning" timestamp="2025-05-03T20:01:49.7990042-04:00">
        <Text>2025-05-04T00:01:49.798Z pw:api   locator resolved to &lt;a id="ember629" class="ember-view text-break " href="#/inventory/items/6620000005381002?filter_by=Status.Active&amp;sort_column=created_time&amp;sort_order=D"&gt;Executive Office Desk&lt;/a&gt;</Text>
      </RunInfo>
      <RunInfo computerName="DESKTOP-RSFFHJT" outcome="Warning" timestamp="2025-05-03T20:01:49.7994942-04:00">
        <Text>2025-05-04T00:01:49.798Z pw:api waiting for Locator("table[id='vertically-scrolled-table']").Locator("tbody tr").Nth(2).Locator("td:nth-child(3)")</Text>
      </RunInfo>
      <RunInfo computerName="DESKTOP-RSFFHJT" outcome="Warning" timestamp="2025-05-03T20:01:49.8007414-04:00">
        <Text>2025-05-04T00:01:49.799Z pw:api   locator resolved to &lt;td class=" "&gt;Item 3 sku&lt;/td&gt;</Text>
      </RunInfo>
      <RunInfo computerName="DESKTOP-RSFFHJT" outcome="Warning" timestamp="2025-05-03T20:01:49.8014158-04:00">
        <Text>2025-05-04T00:01:49.800Z pw:api waiting for Locator("table[id='vertically-scrolled-table']").Locator("tbody tr").Nth(2).Locator("td:nth-child(4)")</Text>
      </RunInfo>
      <RunInfo computerName="DESKTOP-RSFFHJT" outcome="Warning" timestamp="2025-05-03T20:01:49.8029945-04:00">
        <Text>2025-05-04T00:01:49.802Z pw:api   locator resolved to &lt;td class=" "&gt;Goods&lt;/td&gt;</Text>
      </RunInfo>
      <RunInfo computerName="DESKTOP-RSFFHJT" outcome="Warning" timestamp="2025-05-03T20:01:49.8034678-04:00">
        <Text>2025-05-04T00:01:49.802Z pw:api waiting for Locator("table[id='vertically-scrolled-table']").Locator("tbody tr").Nth(2).Locator("td span[class='text-ellipsis']")</Text>
      </RunInfo>
      <RunInfo computerName="DESKTOP-RSFFHJT" outcome="Warning" timestamp="2025-05-03T20:01:49.8048250-04:00">
        <Text>2025-05-04T00:01:49.804Z pw:api   locator resolved to &lt;span id="ab9c6a332" class="text-ellipsis"&gt;&lt;/span&gt;</Text>
      </RunInfo>
      <RunInfo computerName="DESKTOP-RSFFHJT" outcome="Warning" timestamp="2025-05-03T20:01:49.8069607-04:00">
        <Text>2025-05-04T00:01:49.804Z pw:api waiting for Locator("table[id='vertically-scrolled-table']").Locator("tbody tr").Nth(2).Locator("td[class='  text-end']")</Text>
      </RunInfo>
      <RunInfo computerName="DESKTOP-RSFFHJT" outcome="Warning" timestamp="2025-05-03T20:01:49.8069684-04:00">
        <Text>2025-05-04T00:01:49.806Z pw:api   locator resolved to &lt;td class="  text-end"&gt;&lt;/td&gt;</Text>
      </RunInfo>
      <RunInfo computerName="DESKTOP-RSFFHJT" outcome="Warning" timestamp="2025-05-03T20:01:49.8073922-04:00">
        <Text>2025-05-04T00:01:49.806Z pw:api waiting for Locator("table[id='vertically-scrolled-table']").Locator("tbody tr").Nth(3)</Text>
      </RunInfo>
      <RunInfo computerName="DESKTOP-RSFFHJT" outcome="Warning" timestamp="2025-05-03T20:01:49.8086369-04:00">
        <Text>2025-05-04T00:01:49.807Z pw:api   locator resolved to &lt;tr tabindex="-1" id="ember503" class="ember-view   "&gt;ΓÇª&lt;/tr&gt;</Text>
      </RunInfo>
      <RunInfo computerName="DESKTOP-RSFFHJT" outcome="Warning" timestamp="2025-05-03T20:01:49.8092592-04:00">
        <Text>2025-05-04T00:01:49.808Z pw:api waiting for Locator("table[id='vertically-scrolled-table']").Locator("tbody tr").Nth(3).Locator("a")</Text>
      </RunInfo>
      <RunInfo computerName="DESKTOP-RSFFHJT" outcome="Warning" timestamp="2025-05-03T20:01:49.8112117-04:00">
        <Text>2025-05-04T00:01:49.810Z pw:api   locator resolved to &lt;a id="ember631" class="ember-view text-break " href="#/inventory/items/6620000005381003?filter_by=Status.Active&amp;sort_column=created_time&amp;sort_order=D"&gt;Storage Cabinet&lt;/a&gt;</Text>
      </RunInfo>
      <RunInfo computerName="DESKTOP-RSFFHJT" outcome="Warning" timestamp="2025-05-03T20:01:49.8119719-04:00">
        <Text>2025-05-04T00:01:49.811Z pw:api waiting for Locator("table[id='vertically-scrolled-table']").Locator("tbody tr").Nth(3).Locator("td:nth-child(3)")</Text>
      </RunInfo>
      <RunInfo computerName="DESKTOP-RSFFHJT" outcome="Warning" timestamp="2025-05-03T20:01:49.8135431-04:00">
        <Text>2025-05-04T00:01:49.812Z pw:api   locator resolved to &lt;td class=" "&gt;Item 4 sku&lt;/td&gt;</Text>
      </RunInfo>
      <RunInfo computerName="DESKTOP-RSFFHJT" outcome="Warning" timestamp="2025-05-03T20:01:49.8141833-04:00">
        <Text>2025-05-04T00:01:49.813Z pw:api waiting for Locator("table[id='vertically-scrolled-table']").Locator("tbody tr").Nth(3).Locator("td:nth-child(4)")</Text>
      </RunInfo>
      <RunInfo computerName="DESKTOP-RSFFHJT" outcome="Warning" timestamp="2025-05-03T20:01:49.8157289-04:00">
        <Text>2025-05-04T00:01:49.814Z pw:api   locator resolved to &lt;td class=" "&gt;Goods&lt;/td&gt;</Text>
      </RunInfo>
      <RunInfo computerName="DESKTOP-RSFFHJT" outcome="Warning" timestamp="2025-05-03T20:01:49.8162234-04:00">
        <Text>2025-05-04T00:01:49.815Z pw:api waiting for Locator("table[id='vertically-scrolled-table']").Locator("tbody tr").Nth(3).Locator("td span[class='text-ellipsis']")</Text>
      </RunInfo>
      <RunInfo computerName="DESKTOP-RSFFHJT" outcome="Warning" timestamp="2025-05-03T20:01:49.8175146-04:00">
        <Text>2025-05-04T00:01:49.816Z pw:api   locator resolved to &lt;span id="ac81659ee" class="text-ellipsis"&gt;&lt;/span&gt;</Text>
      </RunInfo>
      <RunInfo computerName="DESKTOP-RSFFHJT" outcome="Warning" timestamp="2025-05-03T20:01:49.8179103-04:00">
        <Text>2025-05-04T00:01:49.817Z pw:api waiting for Locator("table[id='vertically-scrolled-table']").Locator("tbody tr").Nth(3).Locator("td[class='  text-end']")</Text>
      </RunInfo>
      <RunInfo computerName="DESKTOP-RSFFHJT" outcome="Warning" timestamp="2025-05-03T20:01:49.8192786-04:00">
        <Text>2025-05-04T00:01:49.818Z pw:api   locator resolved to &lt;td class="  text-end"&gt;&lt;/td&gt;</Text>
      </RunInfo>
      <RunInfo computerName="DESKTOP-RSFFHJT" outcome="Warning" timestamp="2025-05-03T20:01:49.8197818-04:00">
        <Text>2025-05-04T00:01:49.818Z pw:api waiting for Locator("table[id='vertically-scrolled-table']").Locator("tbody tr").Nth(4)</Text>
      </RunInfo>
      <RunInfo computerName="DESKTOP-RSFFHJT" outcome="Warning" timestamp="2025-05-03T20:01:49.8210906-04:00">
        <Text>2025-05-04T00:01:49.820Z pw:api   locator resolved to &lt;tr tabindex="-1" id="ember509" class="ember-view   "&gt;ΓÇª&lt;/tr&gt;</Text>
      </RunInfo>
      <RunInfo computerName="DESKTOP-RSFFHJT" outcome="Warning" timestamp="2025-05-03T20:01:49.8217881-04:00">
        <Text>2025-05-04T00:01:49.820Z pw:api waiting for Locator("table[id='vertically-scrolled-table']").Locator("tbody tr").Nth(4).Locator("a")</Text>
      </RunInfo>
      <RunInfo computerName="DESKTOP-RSFFHJT" outcome="Warning" timestamp="2025-05-03T20:01:49.8236726-04:00">
        <Text>2025-05-04T00:01:49.822Z pw:api   locator resolved to &lt;a id="ember633" class="ember-view text-break " href="#/inventory/items/6620000005381004?filter_by=Status.Active&amp;sort_column=created_time&amp;sort_order=D"&gt;Patio Dining Set&lt;/a&gt;</Text>
      </RunInfo>
      <RunInfo computerName="DESKTOP-RSFFHJT" outcome="Warning" timestamp="2025-05-03T20:01:49.8241859-04:00">
        <Text>2025-05-04T00:01:49.823Z pw:api waiting for Locator("table[id='vertically-scrolled-table']").Locator("tbody tr").Nth(4).Locator("td:nth-child(3)")</Text>
      </RunInfo>
      <RunInfo computerName="DESKTOP-RSFFHJT" outcome="Warning" timestamp="2025-05-03T20:01:49.8255718-04:00">
        <Text>2025-05-04T00:01:49.824Z pw:api   locator resolved to &lt;td class=" "&gt;Item 5 sku&lt;/td&gt;</Text>
      </RunInfo>
      <RunInfo computerName="DESKTOP-RSFFHJT" outcome="Warning" timestamp="2025-05-03T20:01:49.8261166-04:00">
        <Text>2025-05-04T00:01:49.825Z pw:api waiting for Locator("table[id='vertically-scrolled-table']").Locator("tbody tr").Nth(4).Locator("td:nth-child(4)")</Text>
      </RunInfo>
      <RunInfo computerName="DESKTOP-RSFFHJT" outcome="Warning" timestamp="2025-05-03T20:01:49.8273425-04:00">
        <Text>2025-05-04T00:01:49.826Z pw:api   locator resolved to &lt;td class=" "&gt;Goods&lt;/td&gt;</Text>
      </RunInfo>
      <RunInfo computerName="DESKTOP-RSFFHJT" outcome="Warning" timestamp="2025-05-03T20:01:49.8279426-04:00">
        <Text>2025-05-04T00:01:49.827Z pw:api waiting for Locator("table[id='vertically-scrolled-table']").Locator("tbody tr").Nth(4).Locator("td span[class='text-ellipsis']")</Text>
      </RunInfo>
      <RunInfo computerName="DESKTOP-RSFFHJT" outcome="Warning" timestamp="2025-05-03T20:01:49.8292763-04:00">
        <Text>2025-05-04T00:01:49.828Z pw:api   locator resolved to &lt;span id="a0ab2a268" class="text-ellipsis"&gt;An outdoor dining set with a table and six chairs.&lt;/span&gt;</Text>
      </RunInfo>
      <RunInfo computerName="DESKTOP-RSFFHJT" outcome="Warning" timestamp="2025-05-03T20:01:49.8300570-04:00">
        <Text>2025-05-04T00:01:49.829Z pw:api waiting for Locator("table[id='vertically-scrolled-table']").Locator("tbody tr").Nth(4).Locator("td[class='  text-end']")</Text>
      </RunInfo>
      <RunInfo computerName="DESKTOP-RSFFHJT" outcome="Warning" timestamp="2025-05-03T20:01:49.8316816-04:00">
        <Text>2025-05-04T00:01:49.830Z pw:api   locator resolved to &lt;td class="  text-end"&gt;$8630.00&lt;/td&gt;</Text>
      </RunInfo>
      <RunInfo computerName="DESKTOP-RSFFHJT" outcome="Warning" timestamp="2025-05-03T20:01:49.8321906-04:00">
        <Text>2025-05-04T00:01:49.831Z pw:api waiting for Locator("table[id='vertically-scrolled-table']").Locator("tbody tr").Nth(5)</Text>
      </RunInfo>
      <RunInfo computerName="DESKTOP-RSFFHJT" outcome="Warning" timestamp="2025-05-03T20:01:49.8336580-04:00">
        <Text>2025-05-04T00:01:49.832Z pw:api   locator resolved to &lt;tr tabindex="-1" id="ember515" class="ember-view   "&gt;ΓÇª&lt;/tr&gt;</Text>
      </RunInfo>
      <RunInfo computerName="DESKTOP-RSFFHJT" outcome="Warning" timestamp="2025-05-03T20:01:49.8341887-04:00">
        <Text>2025-05-04T00:01:49.833Z pw:api waiting for Locator("table[id='vertically-scrolled-table']").Locator("tbody tr").Nth(5).Locator("a")</Text>
      </RunInfo>
      <RunInfo computerName="DESKTOP-RSFFHJT" outcome="Warning" timestamp="2025-05-03T20:01:49.8356906-04:00">
        <Text>2025-05-04T00:01:49.834Z pw:api   locator resolved to &lt;a id="ember635" class="ember-view text-break " href="#/inventory/items/6620000005381005?filter_by=Status.Active&amp;sort_column=created_time&amp;sort_order=D"&gt;Dining Table and Chairs Set&lt;/a&gt;</Text>
      </RunInfo>
      <RunInfo computerName="DESKTOP-RSFFHJT" outcome="Warning" timestamp="2025-05-03T20:01:49.8362439-04:00">
        <Text>2025-05-04T00:01:49.835Z pw:api waiting for Locator("table[id='vertically-scrolled-table']").Locator("tbody tr").Nth(5).Locator("td:nth-child(3)")</Text>
      </RunInfo>
      <RunInfo computerName="DESKTOP-RSFFHJT" outcome="Warning" timestamp="2025-05-03T20:01:49.8374851-04:00">
        <Text>2025-05-04T00:01:49.836Z pw:api   locator resolved to &lt;td class=" "&gt;Item 6 sku&lt;/td&gt;</Text>
      </RunInfo>
      <RunInfo computerName="DESKTOP-RSFFHJT" outcome="Warning" timestamp="2025-05-03T20:01:49.8379033-04:00">
        <Text>2025-05-04T00:01:49.837Z pw:api waiting for Locator("table[id='vertically-scrolled-table']").Locator("tbody tr").Nth(5).Locator("td:nth-child(4)")</Text>
      </RunInfo>
      <RunInfo computerName="DESKTOP-RSFFHJT" outcome="Warning" timestamp="2025-05-03T20:01:49.8394082-04:00">
        <Text>2025-05-04T00:01:49.838Z pw:api   locator resolved to &lt;td class=" "&gt;Goods&lt;/td&gt;</Text>
      </RunInfo>
      <RunInfo computerName="DESKTOP-RSFFHJT" outcome="Warning" timestamp="2025-05-03T20:01:49.8401203-04:00">
        <Text>2025-05-04T00:01:49.839Z pw:api waiting for Locator("table[id='vertically-scrolled-table']").Locator("tbody tr").Nth(5).Locator("td span[class='text-ellipsis']")</Text>
      </RunInfo>
      <RunInfo computerName="DESKTOP-RSFFHJT" outcome="Warning" timestamp="2025-05-03T20:01:49.8415593-04:00">
        <Text>2025-05-04T00:01:49.840Z pw:api   locator resolved to &lt;span id="a10d34258" class="text-ellipsis"&gt;A stylish dining set with a table and four chairs.&lt;/span&gt;</Text>
      </RunInfo>
      <RunInfo computerName="DESKTOP-RSFFHJT" outcome="Warning" timestamp="2025-05-03T20:01:49.8420728-04:00">
        <Text>2025-05-04T00:01:49.841Z pw:api waiting for Locator("table[id='vertically-scrolled-table']").Locator("tbody tr").Nth(5).Locator("td[class='  text-end']")</Text>
      </RunInfo>
      <RunInfo computerName="DESKTOP-RSFFHJT" outcome="Warning" timestamp="2025-05-03T20:01:49.8436065-04:00">
        <Text>2025-05-04T00:01:49.842Z pw:api   locator resolved to &lt;td class="  text-end"&gt;$8091.00&lt;/td&gt;</Text>
      </RunInfo>
      <RunInfo computerName="DESKTOP-RSFFHJT" outcome="Warning" timestamp="2025-05-03T20:01:49.8442638-04:00">
        <Text>2025-05-04T00:01:49.843Z pw:api waiting for Locator("table[id='vertically-scrolled-table']").Locator("tbody tr").Nth(6)</Text>
      </RunInfo>
      <RunInfo computerName="DESKTOP-RSFFHJT" outcome="Warning" timestamp="2025-05-03T20:01:49.8458023-04:00">
        <Text>2025-05-04T00:01:49.844Z pw:api   locator resolved to &lt;tr tabindex="-1" id="ember521" class="ember-view   "&gt;ΓÇª&lt;/tr&gt;</Text>
      </RunInfo>
      <RunInfo computerName="DESKTOP-RSFFHJT" outcome="Warning" timestamp="2025-05-03T20:01:49.8463474-04:00">
        <Text>2025-05-04T00:01:49.845Z pw:api waiting for Locator("table[id='vertically-scrolled-table']").Locator("tbody tr").Nth(6).Locator("a")</Text>
      </RunInfo>
      <RunInfo computerName="DESKTOP-RSFFHJT" outcome="Warning" timestamp="2025-05-03T20:01:49.8475394-04:00">
        <Text>2025-05-04T00:01:49.846Z pw:api   locator resolved to &lt;a id="ember637" class="ember-view text-break " href="#/inventory/items/6620000005381006?filter_by=Status.Active&amp;sort_column=created_time&amp;sort_order=D"&gt;Queen Size Bed&lt;/a&gt;</Text>
      </RunInfo>
      <RunInfo computerName="DESKTOP-RSFFHJT" outcome="Warning" timestamp="2025-05-03T20:01:49.8481297-04:00">
        <Text>2025-05-04T00:01:49.847Z pw:api waiting for Locator("table[id='vertically-scrolled-table']").Locator("tbody tr").Nth(6).Locator("td:nth-child(3)")</Text>
      </RunInfo>
      <RunInfo computerName="DESKTOP-RSFFHJT" outcome="Warning" timestamp="2025-05-03T20:01:49.8493835-04:00">
        <Text>2025-05-04T00:01:49.848Z pw:api   locator resolved to &lt;td class=" "&gt;Item 7 sku&lt;/td&gt;</Text>
      </RunInfo>
      <RunInfo computerName="DESKTOP-RSFFHJT" outcome="Warning" timestamp="2025-05-03T20:01:49.8497813-04:00">
        <Text>2025-05-04T00:01:49.848Z pw:api waiting for Locator("table[id='vertically-scrolled-table']").Locator("tbody tr").Nth(6).Locator("td:nth-child(4)")</Text>
      </RunInfo>
      <RunInfo computerName="DESKTOP-RSFFHJT" outcome="Warning" timestamp="2025-05-03T20:01:49.8513521-04:00">
        <Text>2025-05-04T00:01:49.850Z pw:api   locator resolved to &lt;td class=" "&gt;Goods&lt;/td&gt;</Text>
      </RunInfo>
      <RunInfo computerName="DESKTOP-RSFFHJT" outcome="Warning" timestamp="2025-05-03T20:01:49.8518395-04:00">
        <Text>2025-05-04T00:01:49.851Z pw:api waiting for Locator("table[id='vertically-scrolled-table']").Locator("tbody tr").Nth(6).Locator("td span[class='text-ellipsis']")</Text>
      </RunInfo>
      <RunInfo computerName="DESKTOP-RSFFHJT" outcome="Warning" timestamp="2025-05-03T20:01:49.8533183-04:00">
        <Text>2025-05-04T00:01:49.852Z pw:api   locator resolved to &lt;span id="a1bc4190e" class="text-ellipsis"&gt;Mid-century wooden double bed. Scandinavian-styleΓÇª&lt;/span&gt;</Text>
      </RunInfo>
      <RunInfo computerName="DESKTOP-RSFFHJT" outcome="Warning" timestamp="2025-05-03T20:01:49.8537670-04:00">
        <Text>2025-05-04T00:01:49.852Z pw:api waiting for Locator("table[id='vertically-scrolled-table']").Locator("tbody tr").Nth(6).Locator("td[class='  text-end']")</Text>
      </RunInfo>
      <RunInfo computerName="DESKTOP-RSFFHJT" outcome="Warning" timestamp="2025-05-03T20:01:49.8551930-04:00">
        <Text>2025-05-04T00:01:49.854Z pw:api   locator resolved to &lt;td class="  text-end"&gt;$4068.00&lt;/td&gt;</Text>
      </RunInfo>
      <RunInfo computerName="DESKTOP-RSFFHJT" outcome="Warning" timestamp="2025-05-03T20:01:49.8557906-04:00">
        <Text>2025-05-04T00:01:49.854Z pw:api waiting for Locator("table[id='vertically-scrolled-table']").Locator("tbody tr").Nth(7)</Text>
      </RunInfo>
      <RunInfo computerName="DESKTOP-RSFFHJT" outcome="Warning" timestamp="2025-05-03T20:01:49.8573049-04:00">
        <Text>2025-05-04T00:01:49.856Z pw:api   locator resolved to &lt;tr tabindex="-1" id="ember527" class="ember-view   "&gt;ΓÇª&lt;/tr&gt;</Text>
      </RunInfo>
      <RunInfo computerName="DESKTOP-RSFFHJT" outcome="Warning" timestamp="2025-05-03T20:01:49.8579187-04:00">
        <Text>2025-05-04T00:01:49.857Z pw:api waiting for Locator("table[id='vertically-scrolled-table']").Locator("tbody tr").Nth(7).Locator("a")</Text>
      </RunInfo>
      <RunInfo computerName="DESKTOP-RSFFHJT" outcome="Warning" timestamp="2025-05-03T20:01:49.8593626-04:00">
        <Text>2025-05-04T00:01:49.858Z pw:api   locator resolved to &lt;a id="ember639" class="ember-view text-break " href="#/inventory/items/6620000005381007?filter_by=Status.Active&amp;sort_column=created_time&amp;sort_order=D"&gt;Executive Office Desk&lt;/a&gt;</Text>
      </RunInfo>
      <RunInfo computerName="DESKTOP-RSFFHJT" outcome="Warning" timestamp="2025-05-03T20:01:49.8598825-04:00">
        <Text>2025-05-04T00:01:49.859Z pw:api waiting for Locator("table[id='vertically-scrolled-table']").Locator("tbody tr").Nth(7).Locator("td:nth-child(3)")</Text>
      </RunInfo>
      <RunInfo computerName="DESKTOP-RSFFHJT" outcome="Warning" timestamp="2025-05-03T20:01:49.8614436-04:00">
        <Text>2025-05-04T00:01:49.860Z pw:api   locator resolved to &lt;td class=" "&gt;Item 8 sku&lt;/td&gt;</Text>
      </RunInfo>
      <RunInfo computerName="DESKTOP-RSFFHJT" outcome="Warning" timestamp="2025-05-03T20:01:49.8622299-04:00">
        <Text>2025-05-04T00:01:49.861Z pw:api waiting for Locator("table[id='vertically-scrolled-table']").Locator("tbody tr").Nth(7).Locator("td:nth-child(4)")</Text>
      </RunInfo>
      <RunInfo computerName="DESKTOP-RSFFHJT" outcome="Warning" timestamp="2025-05-03T20:01:49.8638316-04:00">
        <Text>2025-05-04T00:01:49.863Z pw:api   locator resolved to &lt;td class=" "&gt;Goods&lt;/td&gt;</Text>
      </RunInfo>
      <RunInfo computerName="DESKTOP-RSFFHJT" outcome="Warning" timestamp="2025-05-03T20:01:49.8644027-04:00">
        <Text>2025-05-04T00:01:49.863Z pw:api waiting for Locator("table[id='vertically-scrolled-table']").Locator("tbody tr").Nth(7).Locator("td span[class='text-ellipsis']")</Text>
      </RunInfo>
      <RunInfo computerName="DESKTOP-RSFFHJT" outcome="Warning" timestamp="2025-05-03T20:01:49.8658404-04:00">
        <Text>2025-05-04T00:01:49.865Z pw:api   locator resolved to &lt;span id="a80ec17e4" class="text-ellipsis"&gt;A spacious executive desk with storage drawers.&lt;/span&gt;</Text>
      </RunInfo>
      <RunInfo computerName="DESKTOP-RSFFHJT" outcome="Warning" timestamp="2025-05-03T20:01:49.8663816-04:00">
        <Text>2025-05-04T00:01:49.865Z pw:api waiting for Locator("table[id='vertically-scrolled-table']").Locator("tbody tr").Nth(7).Locator("td[class='  text-end']")</Text>
      </RunInfo>
      <RunInfo computerName="DESKTOP-RSFFHJT" outcome="Warning" timestamp="2025-05-03T20:01:49.8678480-04:00">
        <Text>2025-05-04T00:01:49.867Z pw:api   locator resolved to &lt;td class="  text-end"&gt;$572.00&lt;/td&gt;</Text>
      </RunInfo>
      <RunInfo computerName="DESKTOP-RSFFHJT" outcome="Warning" timestamp="2025-05-03T20:01:49.8683220-04:00">
        <Text>2025-05-04T00:01:49.867Z pw:api waiting for Locator("table[id='vertically-scrolled-table']").Locator("tbody tr").Nth(8)</Text>
      </RunInfo>
      <RunInfo computerName="DESKTOP-RSFFHJT" outcome="Warning" timestamp="2025-05-03T20:01:49.8696291-04:00">
        <Text>2025-05-04T00:01:49.868Z pw:api   locator resolved to &lt;tr tabindex="-1" id="ember533" class="ember-view   "&gt;ΓÇª&lt;/tr&gt;</Text>
      </RunInfo>
      <RunInfo computerName="DESKTOP-RSFFHJT" outcome="Warning" timestamp="2025-05-03T20:01:49.8701418-04:00">
        <Text>2025-05-04T00:01:49.869Z pw:api waiting for Locator("table[id='vertically-scrolled-table']").Locator("tbody tr").Nth(8).Locator("a")</Text>
      </RunInfo>
      <RunInfo computerName="DESKTOP-RSFFHJT" outcome="Warning" timestamp="2025-05-03T20:01:49.8716369-04:00">
        <Text>2025-05-04T00:01:49.870Z pw:api   locator resolved to &lt;a id="ember641" class="ember-view text-break " href="#/inventory/items/6620000005381008?filter_by=Status.Active&amp;sort_column=created_time&amp;sort_order=D"&gt;Composite Item 0&lt;/a&gt;</Text>
      </RunInfo>
      <RunInfo computerName="DESKTOP-RSFFHJT" outcome="Warning" timestamp="2025-05-03T20:01:49.8722109-04:00">
        <Text>2025-05-04T00:01:49.871Z pw:api waiting for Locator("table[id='vertically-scrolled-table']").Locator("tbody tr").Nth(8).Locator("td:nth-child(3)")</Text>
      </RunInfo>
      <RunInfo computerName="DESKTOP-RSFFHJT" outcome="Warning" timestamp="2025-05-03T20:01:49.8734231-04:00">
        <Text>2025-05-04T00:01:49.872Z pw:api   locator resolved to &lt;td class=" "&gt;75790&lt;/td&gt;</Text>
      </RunInfo>
      <RunInfo computerName="DESKTOP-RSFFHJT" outcome="Warning" timestamp="2025-05-03T20:01:49.8739956-04:00">
        <Text>2025-05-04T00:01:49.873Z pw:api waiting for Locator("table[id='vertically-scrolled-table']").Locator("tbody tr").Nth(8).Locator("td:nth-child(4)")</Text>
      </RunInfo>
      <RunInfo computerName="DESKTOP-RSFFHJT" outcome="Warning" timestamp="2025-05-03T20:01:49.8755078-04:00">
        <Text>2025-05-04T00:01:49.874Z pw:api   locator resolved to &lt;td class=" "&gt;Service&lt;/td&gt;</Text>
      </RunInfo>
      <RunInfo computerName="DESKTOP-RSFFHJT" outcome="Warning" timestamp="2025-05-03T20:01:49.8760237-04:00">
        <Text>2025-05-04T00:01:49.875Z pw:api waiting for Locator("table[id='vertically-scrolled-table']").Locator("tbody tr").Nth(8).Locator("td span[class='text-ellipsis']")</Text>
      </RunInfo>
      <RunInfo computerName="DESKTOP-RSFFHJT" outcome="Warning" timestamp="2025-05-03T20:01:49.8774901-04:00">
        <Text>2025-05-04T00:01:49.876Z pw:api   locator resolved to &lt;span id="a38dcef7f" class="text-ellipsis"&gt;Inventore corrupti hic ex eum quibusdam. Numquam ΓÇª&lt;/span&gt;</Text>
      </RunInfo>
      <RunInfo computerName="DESKTOP-RSFFHJT" outcome="Warning" timestamp="2025-05-03T20:01:49.8782481-04:00">
        <Text>2025-05-04T00:01:49.877Z pw:api waiting for Locator("table[id='vertically-scrolled-table']").Locator("tbody tr").Nth(8).Locator("td[class='  text-end']")</Text>
      </RunInfo>
      <RunInfo computerName="DESKTOP-RSFFHJT" outcome="Warning" timestamp="2025-05-03T20:01:49.8798167-04:00">
        <Text>2025-05-04T00:01:49.878Z pw:api   locator resolved to &lt;td class="  text-end"&gt;$931.00&lt;/td&gt;</Text>
      </RunInfo>
      <RunInfo computerName="DESKTOP-RSFFHJT" outcome="Warning" timestamp="2025-05-03T20:01:49.8805071-04:00">
        <Text>2025-05-04T00:01:49.879Z pw:api waiting for Locator("table[id='vertically-scrolled-table']").Locator("tbody tr").Nth(9)</Text>
      </RunInfo>
      <RunInfo computerName="DESKTOP-RSFFHJT" outcome="Warning" timestamp="2025-05-03T20:01:49.8818447-04:00">
        <Text>2025-05-04T00:01:49.881Z pw:api   locator resolved to &lt;tr tabindex="-1" id="ember539" class="ember-view   "&gt;ΓÇª&lt;/tr&gt;</Text>
      </RunInfo>
      <RunInfo computerName="DESKTOP-RSFFHJT" outcome="Warning" timestamp="2025-05-03T20:01:49.8823770-04:00">
        <Text>2025-05-04T00:01:49.881Z pw:api waiting for Locator("table[id='vertically-scrolled-table']").Locator("tbody tr").Nth(9).Locator("a")</Text>
      </RunInfo>
      <RunInfo computerName="DESKTOP-RSFFHJT" outcome="Warning" timestamp="2025-05-03T20:01:49.8839811-04:00">
        <Text>2025-05-04T00:01:49.883Z pw:api   locator resolved to &lt;a id="ember643" class="ember-view text-break " href="#/inventory/items/6620000005381009?filter_by=Status.Active&amp;sort_column=created_time&amp;sort_order=D"&gt;Composite Item 1&lt;/a&gt;</Text>
      </RunInfo>
      <RunInfo computerName="DESKTOP-RSFFHJT" outcome="Warning" timestamp="2025-05-03T20:01:49.8843931-04:00">
        <Text>2025-05-04T00:01:49.883Z pw:api waiting for Locator("table[id='vertically-scrolled-table']").Locator("tbody tr").Nth(9).Locator("td:nth-child(3)")</Text>
      </RunInfo>
      <RunInfo computerName="DESKTOP-RSFFHJT" outcome="Warning" timestamp="2025-05-03T20:01:49.8855388-04:00">
        <Text>2025-05-04T00:01:49.884Z pw:api   locator resolved to &lt;td class=" "&gt;75790&lt;/td&gt;</Text>
      </RunInfo>
      <RunInfo computerName="DESKTOP-RSFFHJT" outcome="Warning" timestamp="2025-05-03T20:01:49.8860059-04:00">
        <Text>2025-05-04T00:01:49.885Z pw:api waiting for Locator("table[id='vertically-scrolled-table']").Locator("tbody tr").Nth(9).Locator("td:nth-child(4)")</Text>
      </RunInfo>
      <RunInfo computerName="DESKTOP-RSFFHJT" outcome="Warning" timestamp="2025-05-03T20:01:49.8872427-04:00">
        <Text>2025-05-04T00:01:49.886Z pw:api   locator resolved to &lt;td class=" "&gt;Service&lt;/td&gt;</Text>
      </RunInfo>
      <RunInfo computerName="DESKTOP-RSFFHJT" outcome="Warning" timestamp="2025-05-03T20:01:49.8879787-04:00">
        <Text>2025-05-04T00:01:49.887Z pw:api waiting for Locator("table[id='vertically-scrolled-table']").Locator("tbody tr").Nth(9).Locator("td span[class='text-ellipsis']")</Text>
      </RunInfo>
      <RunInfo computerName="DESKTOP-RSFFHJT" outcome="Warning" timestamp="2025-05-03T20:01:49.8892092-04:00">
        <Text>2025-05-04T00:01:49.888Z pw:api   locator resolved to &lt;span id="ac673f3bb" class="text-ellipsis"&gt;Inventore corrupti hic ex eum quibusdam. Numquam ΓÇª&lt;/span&gt;</Text>
      </RunInfo>
      <RunInfo computerName="DESKTOP-RSFFHJT" outcome="Warning" timestamp="2025-05-03T20:01:49.8897549-04:00">
        <Text>2025-05-04T00:01:49.888Z pw:api waiting for Locator("table[id='vertically-scrolled-table']").Locator("tbody tr").Nth(9).Locator("td[class='  text-end']")</Text>
      </RunInfo>
      <RunInfo computerName="DESKTOP-RSFFHJT" outcome="Warning" timestamp="2025-05-03T20:01:49.8912306-04:00">
        <Text>2025-05-04T00:01:49.890Z pw:api   locator resolved to &lt;td class="  text-end"&gt;$771.00&lt;/td&gt;</Text>
      </RunInfo>
      <RunInfo computerName="DESKTOP-RSFFHJT" outcome="Warning" timestamp="2025-05-03T20:01:49.8918100-04:00">
        <Text>2025-05-04T00:01:49.890Z pw:api waiting for Locator("table[id='vertically-scrolled-table']").Locator("tbody tr").Nth(10)</Text>
      </RunInfo>
      <RunInfo computerName="DESKTOP-RSFFHJT" outcome="Warning" timestamp="2025-05-03T20:01:49.8931439-04:00">
        <Text>2025-05-04T00:01:49.892Z pw:api   locator resolved to &lt;tr tabindex="-1" id="ember545" class="ember-view   "&gt;ΓÇª&lt;/tr&gt;</Text>
      </RunInfo>
      <RunInfo computerName="DESKTOP-RSFFHJT" outcome="Warning" timestamp="2025-05-03T20:01:49.8936015-04:00">
        <Text>2025-05-04T00:01:49.892Z pw:api waiting for Locator("table[id='vertically-scrolled-table']").Locator("tbody tr").Nth(10).Locator("a")</Text>
      </RunInfo>
      <RunInfo computerName="DESKTOP-RSFFHJT" outcome="Warning" timestamp="2025-05-03T20:01:49.8952852-04:00">
        <Text>2025-05-04T00:01:49.894Z pw:api   locator resolved to &lt;a id="ember645" class="ember-view text-break " href="#/inventory/items/6620000005381010?filter_by=Status.Active&amp;sort_column=created_time&amp;sort_order=D"&gt;Composite Item 2&lt;/a&gt;</Text>
      </RunInfo>
      <RunInfo computerName="DESKTOP-RSFFHJT" outcome="Warning" timestamp="2025-05-03T20:01:49.8960914-04:00">
        <Text>2025-05-04T00:01:49.895Z pw:api waiting for Locator("table[id='vertically-scrolled-table']").Locator("tbody tr").Nth(10).Locator("td:nth-child(3)")</Text>
      </RunInfo>
      <RunInfo computerName="DESKTOP-RSFFHJT" outcome="Warning" timestamp="2025-05-03T20:01:49.8976683-04:00">
        <Text>2025-05-04T00:01:49.896Z pw:api   locator resolved to &lt;td class=" "&gt;75790&lt;/td&gt;</Text>
      </RunInfo>
      <RunInfo computerName="DESKTOP-RSFFHJT" outcome="Warning" timestamp="2025-05-03T20:01:49.8981513-04:00">
        <Text>2025-05-04T00:01:49.897Z pw:api waiting for Locator("table[id='vertically-scrolled-table']").Locator("tbody tr").Nth(10).Locator("td:nth-child(4)")</Text>
      </RunInfo>
      <RunInfo computerName="DESKTOP-RSFFHJT" outcome="Warning" timestamp="2025-05-03T20:01:49.8993980-04:00">
        <Text>2025-05-04T00:01:49.898Z pw:api   locator resolved to &lt;td class=" "&gt;Service&lt;/td&gt;</Text>
      </RunInfo>
      <RunInfo computerName="DESKTOP-RSFFHJT" outcome="Warning" timestamp="2025-05-03T20:01:49.8998615-04:00">
        <Text>2025-05-04T00:01:49.899Z pw:api waiting for Locator("table[id='vertically-scrolled-table']").Locator("tbody tr").Nth(10).Locator("td span[class='text-ellipsis']")</Text>
      </RunInfo>
      <RunInfo computerName="DESKTOP-RSFFHJT" outcome="Warning" timestamp="2025-05-03T20:01:49.9013100-04:00">
        <Text>2025-05-04T00:01:49.900Z pw:api   locator resolved to &lt;span id="a612172d4" class="text-ellipsis"&gt;Inventore corrupti hic ex eum quibusdam. Numquam ΓÇª&lt;/span&gt;</Text>
      </RunInfo>
      <RunInfo computerName="DESKTOP-RSFFHJT" outcome="Warning" timestamp="2025-05-03T20:01:49.9017323-04:00">
        <Text>2025-05-04T00:01:49.900Z pw:api waiting for Locator("table[id='vertically-scrolled-table']").Locator("tbody tr").Nth(10).Locator("td[class='  text-end']")</Text>
      </RunInfo>
      <RunInfo computerName="DESKTOP-RSFFHJT" outcome="Warning" timestamp="2025-05-03T20:01:49.9032962-04:00">
        <Text>2025-05-04T00:01:49.902Z pw:api   locator resolved to &lt;td class="  text-end"&gt;$122.00&lt;/td&gt;</Text>
      </RunInfo>
      <RunInfo computerName="DESKTOP-RSFFHJT" outcome="Warning" timestamp="2025-05-03T20:01:49.9038859-04:00">
        <Text>2025-05-04T00:01:49.903Z pw:api waiting for Locator("table[id='vertically-scrolled-table']").Locator("tbody tr").Nth(11)</Text>
      </RunInfo>
      <RunInfo computerName="DESKTOP-RSFFHJT" outcome="Warning" timestamp="2025-05-03T20:01:49.9050935-04:00">
        <Text>2025-05-04T00:01:49.904Z pw:api   locator resolved to &lt;tr tabindex="-1" id="ember551" class="ember-view   "&gt;ΓÇª&lt;/tr&gt;</Text>
      </RunInfo>
      <RunInfo computerName="DESKTOP-RSFFHJT" outcome="Warning" timestamp="2025-05-03T20:01:49.9056066-04:00">
        <Text>2025-05-04T00:01:49.904Z pw:api waiting for Locator("table[id='vertically-scrolled-table']").Locator("tbody tr").Nth(11).Locator("a")</Text>
      </RunInfo>
      <RunInfo computerName="DESKTOP-RSFFHJT" outcome="Warning" timestamp="2025-05-03T20:01:49.9073860-04:00">
        <Text>2025-05-04T00:01:49.906Z pw:api   locator resolved to &lt;a id="ember647" class="ember-view text-break " href="#/inventory/items/6620000005381011?filter_by=Status.Active&amp;sort_column=created_time&amp;sort_order=D"&gt;Composite Item 3&lt;/a&gt;</Text>
      </RunInfo>
      <RunInfo computerName="DESKTOP-RSFFHJT" outcome="Warning" timestamp="2025-05-03T20:01:49.9080436-04:00">
        <Text>2025-05-04T00:01:49.907Z pw:api waiting for Locator("table[id='vertically-scrolled-table']").Locator("tbody tr").Nth(11).Locator("td:nth-child(3)")</Text>
      </RunInfo>
      <RunInfo computerName="DESKTOP-RSFFHJT" outcome="Warning" timestamp="2025-05-03T20:01:49.9101275-04:00">
        <Text>2025-05-04T00:01:49.909Z pw:api   locator resolved to &lt;td class=" "&gt;75790&lt;/td&gt;</Text>
      </RunInfo>
      <RunInfo computerName="DESKTOP-RSFFHJT" outcome="Warning" timestamp="2025-05-03T20:01:49.9108725-04:00">
        <Text>2025-05-04T00:01:49.910Z pw:api waiting for Locator("table[id='vertically-scrolled-table']").Locator("tbody tr").Nth(11).Locator("td:nth-child(4)")</Text>
      </RunInfo>
      <RunInfo computerName="DESKTOP-RSFFHJT" outcome="Warning" timestamp="2025-05-03T20:01:49.9129056-04:00">
        <Text>2025-05-04T00:01:49.911Z pw:api   locator resolved to &lt;td class=" "&gt;Service&lt;/td&gt;</Text>
      </RunInfo>
      <RunInfo computerName="DESKTOP-RSFFHJT" outcome="Warning" timestamp="2025-05-03T20:01:49.9135286-04:00">
        <Text>2025-05-04T00:01:49.912Z pw:api waiting for Locator("table[id='vertically-scrolled-table']").Locator("tbody tr").Nth(11).Locator("td span[class='text-ellipsis']")</Text>
      </RunInfo>
      <RunInfo computerName="DESKTOP-RSFFHJT" outcome="Warning" timestamp="2025-05-03T20:01:49.9148725-04:00">
        <Text>2025-05-04T00:01:49.914Z pw:api   locator resolved to &lt;span id="ad897fd25" class="text-ellipsis"&gt;Inventore corrupti hic ex eum quibusdam. Numquam ΓÇª&lt;/span&gt;</Text>
      </RunInfo>
      <RunInfo computerName="DESKTOP-RSFFHJT" outcome="Warning" timestamp="2025-05-03T20:01:49.9154179-04:00">
        <Text>2025-05-04T00:01:49.914Z pw:api waiting for Locator("table[id='vertically-scrolled-table']").Locator("tbody tr").Nth(11).Locator("td[class='  text-end']")</Text>
      </RunInfo>
      <RunInfo computerName="DESKTOP-RSFFHJT" outcome="Warning" timestamp="2025-05-03T20:01:49.9170665-04:00">
        <Text>2025-05-04T00:01:49.916Z pw:api   locator resolved to &lt;td class="  text-end"&gt;$656.00&lt;/td&gt;</Text>
      </RunInfo>
      <RunInfo computerName="DESKTOP-RSFFHJT" outcome="Warning" timestamp="2025-05-03T20:01:49.9176656-04:00">
        <Text>2025-05-04T00:01:49.916Z pw:api waiting for Locator("table[id='vertically-scrolled-table']").Locator("tbody tr").Nth(12)</Text>
      </RunInfo>
      <RunInfo computerName="DESKTOP-RSFFHJT" outcome="Warning" timestamp="2025-05-03T20:01:49.9191118-04:00">
        <Text>2025-05-04T00:01:49.918Z pw:api   locator resolved to &lt;tr tabindex="-1" id="ember557" class="ember-view   "&gt;ΓÇª&lt;/tr&gt;</Text>
      </RunInfo>
      <RunInfo computerName="DESKTOP-RSFFHJT" outcome="Warning" timestamp="2025-05-03T20:01:49.9196814-04:00">
        <Text>2025-05-04T00:01:49.918Z pw:api waiting for Locator("table[id='vertically-scrolled-table']").Locator("tbody tr").Nth(12).Locator("a")</Text>
      </RunInfo>
      <RunInfo computerName="DESKTOP-RSFFHJT" outcome="Warning" timestamp="2025-05-03T20:01:49.9209713-04:00">
        <Text>2025-05-04T00:01:49.920Z pw:api   locator resolved to &lt;a id="ember649" class="ember-view text-break " href="#/inventory/items/6620000005381012?filter_by=Status.Active&amp;sort_column=created_time&amp;sort_order=D"&gt;Composite Item 4&lt;/a&gt;</Text>
      </RunInfo>
      <RunInfo computerName="DESKTOP-RSFFHJT" outcome="Warning" timestamp="2025-05-03T20:01:49.9213462-04:00">
        <Text>2025-05-04T00:01:49.920Z pw:api waiting for Locator("table[id='vertically-scrolled-table']").Locator("tbody tr").Nth(12).Locator("td:nth-child(3)")</Text>
      </RunInfo>
      <RunInfo computerName="DESKTOP-RSFFHJT" outcome="Warning" timestamp="2025-05-03T20:01:49.9232902-04:00">
        <Text>2025-05-04T00:01:49.922Z pw:api   locator resolved to &lt;td class=" "&gt;75790&lt;/td&gt;</Text>
      </RunInfo>
      <RunInfo computerName="DESKTOP-RSFFHJT" outcome="Warning" timestamp="2025-05-03T20:01:49.9239044-04:00">
        <Text>2025-05-04T00:01:49.923Z pw:api waiting for Locator("table[id='vertically-scrolled-table']").Locator("tbody tr").Nth(12).Locator("td:nth-child(4)")</Text>
      </RunInfo>
      <RunInfo computerName="DESKTOP-RSFFHJT" outcome="Warning" timestamp="2025-05-03T20:01:49.9252254-04:00">
        <Text>2025-05-04T00:01:49.924Z pw:api   locator resolved to &lt;td class=" "&gt;Service&lt;/td&gt;</Text>
      </RunInfo>
      <RunInfo computerName="DESKTOP-RSFFHJT" outcome="Warning" timestamp="2025-05-03T20:01:49.9257711-04:00">
        <Text>2025-05-04T00:01:49.924Z pw:api waiting for Locator("table[id='vertically-scrolled-table']").Locator("tbody tr").Nth(12).Locator("td span[class='text-ellipsis']")</Text>
      </RunInfo>
      <RunInfo computerName="DESKTOP-RSFFHJT" outcome="Warning" timestamp="2025-05-03T20:01:49.9272425-04:00">
        <Text>2025-05-04T00:01:49.926Z pw:api   locator resolved to &lt;span id="a29bfac93" class="text-ellipsis"&gt;Inventore corrupti hic ex eum quibusdam. Numquam ΓÇª&lt;/span&gt;</Text>
      </RunInfo>
      <RunInfo computerName="DESKTOP-RSFFHJT" outcome="Warning" timestamp="2025-05-03T20:01:49.9280528-04:00">
        <Text>2025-05-04T00:01:49.927Z pw:api waiting for Locator("table[id='vertically-scrolled-table']").Locator("tbody tr").Nth(12).Locator("td[class='  text-end']")</Text>
      </RunInfo>
      <RunInfo computerName="DESKTOP-RSFFHJT" outcome="Warning" timestamp="2025-05-03T20:01:49.9296849-04:00">
        <Text>2025-05-04T00:01:49.928Z pw:api   locator resolved to &lt;td class="  text-end"&gt;$131.00&lt;/td&gt;</Text>
      </RunInfo>
      <RunInfo computerName="DESKTOP-RSFFHJT" outcome="Warning" timestamp="2025-05-03T20:01:49.9303149-04:00">
        <Text>2025-05-04T00:01:49.929Z pw:api waiting for Locator("table[id='vertically-scrolled-table']").Locator("tbody tr").Nth(13)</Text>
      </RunInfo>
      <RunInfo computerName="DESKTOP-RSFFHJT" outcome="Warning" timestamp="2025-05-03T20:01:49.9315270-04:00">
        <Text>2025-05-04T00:01:49.930Z pw:api   locator resolved to &lt;tr tabindex="-1" id="ember563" class="ember-view table-active  "&gt;ΓÇª&lt;/tr&gt;</Text>
      </RunInfo>
      <RunInfo computerName="DESKTOP-RSFFHJT" outcome="Warning" timestamp="2025-05-03T20:01:49.9321179-04:00">
        <Text>2025-05-04T00:01:49.931Z pw:api waiting for Locator("table[id='vertically-scrolled-table']").Locator("tbody tr").Nth(13).Locator("a")</Text>
      </RunInfo>
      <RunInfo computerName="DESKTOP-RSFFHJT" outcome="Warning" timestamp="2025-05-03T20:01:49.9336731-04:00">
        <Text>2025-05-04T00:01:49.932Z pw:api   locator resolved to &lt;a id="ember651" class="ember-view text-break " href="#/inventory/items/66200000053810013?filter_by=Status.Active&amp;sort_column=created_time&amp;sort_order=D"&gt;TemporaryName&lt;/a&gt;</Text>
      </RunInfo>
      <RunInfo computerName="DESKTOP-RSFFHJT" outcome="Warning" timestamp="2025-05-03T20:01:49.9343066-04:00">
        <Text>2025-05-04T00:01:49.933Z pw:api waiting for Locator("table[id='vertically-scrolled-table']").Locator("tbody tr").Nth(13).Locator("td:nth-child(3)")</Text>
      </RunInfo>
      <RunInfo computerName="DESKTOP-RSFFHJT" outcome="Warning" timestamp="2025-05-03T20:01:49.9356810-04:00">
        <Text>2025-05-04T00:01:49.934Z pw:api   locator resolved to &lt;td class=" "&gt;item 99 sku&lt;/td&gt;</Text>
      </RunInfo>
      <RunInfo computerName="DESKTOP-RSFFHJT" outcome="Warning" timestamp="2025-05-03T20:01:49.9361998-04:00">
        <Text>2025-05-04T00:01:49.935Z pw:api waiting for Locator("table[id='vertically-scrolled-table']").Locator("tbody tr").Nth(13).Locator("td:nth-child(4)")</Text>
      </RunInfo>
      <RunInfo computerName="DESKTOP-RSFFHJT" outcome="Warning" timestamp="2025-05-03T20:01:49.9373871-04:00">
        <Text>2025-05-04T00:01:49.936Z pw:api   locator resolved to &lt;td class=" "&gt;Goods&lt;/td&gt;</Text>
      </RunInfo>
      <RunInfo computerName="DESKTOP-RSFFHJT" outcome="Warning" timestamp="2025-05-03T20:01:49.9379205-04:00">
        <Text>2025-05-04T00:01:49.937Z pw:api waiting for Locator("table[id='vertically-scrolled-table']").Locator("tbody tr").Nth(13).Locator("td span[class='text-ellipsis']")</Text>
      </RunInfo>
      <RunInfo computerName="DESKTOP-RSFFHJT" outcome="Warning" timestamp="2025-05-03T20:01:49.9394992-04:00">
        <Text>2025-05-04T00:01:49.938Z pw:api   locator resolved to &lt;span id="a4ff1fc18" class="text-ellipsis"&gt;&lt;/span&gt;</Text>
      </RunInfo>
      <RunInfo computerName="DESKTOP-RSFFHJT" outcome="Warning" timestamp="2025-05-03T20:01:49.9398808-04:00">
        <Text>2025-05-04T00:01:49.939Z pw:api waiting for Locator("table[id='vertically-scrolled-table']").Locator("tbody tr").Nth(13).Locator("td[class='  text-end']")</Text>
      </RunInfo>
      <RunInfo computerName="DESKTOP-RSFFHJT" outcome="Warning" timestamp="2025-05-03T20:01:49.9412239-04:00">
        <Text>2025-05-04T00:01:49.940Z pw:api   locator resolved to &lt;td class="  text-end"&gt;$205&lt;/td&gt;</Text>
      </RunInfo>
      <RunInfo computerName="DESKTOP-RSFFHJT" outcome="Warning" timestamp="2025-05-03T20:01:50.0489214-04:00">
        <Text>2025-05-04T00:01:50.047Z pw:api navigating to "https://www.zoho.com/ca/inventory/inventory-software-demo/#/home/inventory-dashboard", waiting until "load"</Text>
      </RunInfo>
      <RunInfo computerName="DESKTOP-RSFFHJT" outcome="Warning" timestamp="2025-05-03T20:01:50.2201551-04:00">
        <Text>2025-05-04T00:01:50.219Z pw:api   "commit" event fired</Text>
      </RunInfo>
      <RunInfo computerName="DESKTOP-RSFFHJT" outcome="Warning" timestamp="2025-05-03T20:01:50.2201638-04:00">
        <Text>2025-05-04T00:01:50.219Z pw:api   navigated to "https://www.zoho.com/ca/inventory/inventory-software-demo/#/home/inventory-dashboard"</Text>
      </RunInfo>
      <RunInfo computerName="DESKTOP-RSFFHJT" outcome="Warning" timestamp="2025-05-03T20:01:51.9622946-04:00">
        <Text>2025-05-04T00:01:51.961Z pw:api   "networkidle" event fired</Text>
      </RunInfo>
      <RunInfo computerName="DESKTOP-RSFFHJT" outcome="Warning" timestamp="2025-05-03T20:01:52.3716155-04:00">
        <Text>2025-05-04T00:01:52.370Z pw:api   "domcontentloaded" event fired</Text>
      </RunInfo>
      <RunInfo computerName="DESKTOP-RSFFHJT" outcome="Warning" timestamp="2025-05-03T20:01:53.1678857-04:00">
        <Text>2025-05-04T00:01:53.166Z pw:api   "load" event fired</Text>
      </RunInfo>
      <RunInfo computerName="DESKTOP-RSFFHJT" outcome="Warning" timestamp="2025-05-03T20:01:53.2351057-04:00">
        <Text>2025-05-04T00:01:53.234Z pw:api waiting for Locator("div[id='main-nav-tab'] a[id*='ember'][class$='nav-link'], div[id='main-nav-tab']  a[id*='ember'][class$='nav-link ']").First</Text>
      </RunInfo>
      <RunInfo computerName="DESKTOP-RSFFHJT" outcome="Warning" timestamp="2025-05-03T20:01:53.2447883-04:00">
        <Text>2025-05-04T00:01:53.243Z pw:api   locator resolved to &lt;a id="ember79" href="#/home" class="ember-view active nav-link"&gt;ΓÇª&lt;/a&gt;</Text>
      </RunInfo>
      <RunInfo computerName="DESKTOP-RSFFHJT" outcome="Warning" timestamp="2025-05-03T20:01:53.2458472-04:00">
        <Text>2025-05-04T00:01:53.244Z pw:api waiting for Locator("div[id='main-nav-tab'] a[id*='ember'][class$='nav-link'], div[id='main-nav-tab']  a[id*='ember'][class$='nav-link ']").Nth(1)</Text>
      </RunInfo>
      <RunInfo computerName="DESKTOP-RSFFHJT" outcome="Warning" timestamp="2025-05-03T20:01:53.2493513-04:00">
        <Text>2025-05-04T00:01:53.248Z pw:api   locator resolved to &lt;a id="ember82" class="collapsed ember-view nav-link "&gt;ΓÇª&lt;/a&gt;</Text>
      </RunInfo>
      <RunInfo computerName="DESKTOP-RSFFHJT" outcome="Warning" timestamp="2025-05-03T20:01:53.2500344-04:00">
        <Text>2025-05-04T00:01:53.249Z pw:api waiting for Locator("div[id='main-nav-tab'] a[id*='ember'][class$='nav-link'], div[id='main-nav-tab']  a[id*='ember'][class$='nav-link ']").Nth(2)</Text>
      </RunInfo>
      <RunInfo computerName="DESKTOP-RSFFHJT" outcome="Warning" timestamp="2025-05-03T20:01:53.2520907-04:00">
        <Text>2025-05-04T00:01:53.251Z pw:api   locator resolved to &lt;a id="ember86" href="#/inventory/items" class="ember-view nav-link"&gt;ΓÇª&lt;/a&gt;</Text>
      </RunInfo>
      <RunInfo computerName="DESKTOP-RSFFHJT" outcome="Warning" timestamp="2025-05-03T20:01:53.2527435-04:00">
        <Text>2025-05-04T00:01:53.251Z pw:api waiting for Locator("div[id='main-nav-tab'] a[id*='ember'][class$='nav-link'], div[id='main-nav-tab']  a[id*='ember'][class$='nav-link ']").Nth(3)</Text>
      </RunInfo>
      <RunInfo computerName="DESKTOP-RSFFHJT" outcome="Warning" timestamp="2025-05-03T20:01:53.2547030-04:00">
        <Text>2025-05-04T00:01:53.253Z pw:api   locator resolved to &lt;a id="ember91" class="ember-view nav-link" href="#/inventory/itemgroups"&gt;ΓÇª&lt;/a&gt;</Text>
      </RunInfo>
      <RunInfo computerName="DESKTOP-RSFFHJT" outcome="Warning" timestamp="2025-05-03T20:01:53.2553029-04:00">
        <Text>2025-05-04T00:01:53.254Z pw:api waiting for Locator("div[id='main-nav-tab'] a[id*='ember'][class$='nav-link'], div[id='main-nav-tab']  a[id*='ember'][class$='nav-link ']").Nth(4)</Text>
      </RunInfo>
      <RunInfo computerName="DESKTOP-RSFFHJT" outcome="Warning" timestamp="2025-05-03T20:01:53.2569620-04:00">
        <Text>2025-05-04T00:01:53.256Z pw:api   locator resolved to &lt;a id="ember97" class="ember-view nav-link" href="#/inventory/adjustments"&gt;ΓÇª&lt;/a&gt;</Text>
      </RunInfo>
      <RunInfo computerName="DESKTOP-RSFFHJT" outcome="Warning" timestamp="2025-05-03T20:01:53.2574883-04:00">
        <Text>2025-05-04T00:01:53.256Z pw:api waiting for Locator("div[id='main-nav-tab'] a[id*='ember'][class$='nav-link'], div[id='main-nav-tab']  a[id*='ember'][class$='nav-link ']").Nth(5)</Text>
      </RunInfo>
      <RunInfo computerName="DESKTOP-RSFFHJT" outcome="Warning" timestamp="2025-05-03T20:01:53.2596860-04:00">
        <Text>2025-05-04T00:01:53.258Z pw:api   locator resolved to &lt;a id="ember104" class="collapsed ember-view nav-link "&gt;ΓÇª&lt;/a&gt;</Text>
      </RunInfo>
      <RunInfo computerName="DESKTOP-RSFFHJT" outcome="Warning" timestamp="2025-05-03T20:01:53.2603227-04:00">
        <Text>2025-05-04T00:01:53.259Z pw:api waiting for Locator("div[id='main-nav-tab'] a[id*='ember'][class$='nav-link'], div[id='main-nav-tab']  a[id*='ember'][class$='nav-link ']").Nth(6)</Text>
      </RunInfo>
      <RunInfo computerName="DESKTOP-RSFFHJT" outcome="Warning" timestamp="2025-05-03T20:01:53.2628184-04:00">
        <Text>2025-05-04T00:01:53.261Z pw:api   locator resolved to &lt;a id="ember108" href="#/contacts" class="ember-view nav-link"&gt;ΓÇª&lt;/a&gt;</Text>
      </RunInfo>
      <RunInfo computerName="DESKTOP-RSFFHJT" outcome="Warning" timestamp="2025-05-03T20:01:53.2636674-04:00">
        <Text>2025-05-04T00:01:53.262Z pw:api waiting for Locator("div[id='main-nav-tab'] a[id*='ember'][class$='nav-link'], div[id='main-nav-tab']  a[id*='ember'][class$='nav-link ']").Nth(7)</Text>
      </RunInfo>
      <RunInfo computerName="DESKTOP-RSFFHJT" outcome="Warning" timestamp="2025-05-03T20:01:53.2659795-04:00">
        <Text>2025-05-04T00:01:53.265Z pw:api   locator resolved to &lt;a id="ember114" href="#/salesorders" class="ember-view nav-link"&gt;ΓÇª&lt;/a&gt;</Text>
      </RunInfo>
      <RunInfo computerName="DESKTOP-RSFFHJT" outcome="Warning" timestamp="2025-05-03T20:01:53.2668868-04:00">
        <Text>2025-05-04T00:01:53.266Z pw:api waiting for Locator("div[id='main-nav-tab'] a[id*='ember'][class$='nav-link'], div[id='main-nav-tab']  a[id*='ember'][class$='nav-link ']").Nth(8)</Text>
      </RunInfo>
      <RunInfo computerName="DESKTOP-RSFFHJT" outcome="Warning" timestamp="2025-05-03T20:01:53.2696383-04:00">
        <Text>2025-05-04T00:01:53.268Z pw:api   locator resolved to &lt;a id="ember121" href="#/packages" class="ember-view nav-link"&gt;ΓÇª&lt;/a&gt;</Text>
      </RunInfo>
      <RunInfo computerName="DESKTOP-RSFFHJT" outcome="Warning" timestamp="2025-05-03T20:01:53.2703584-04:00">
        <Text>2025-05-04T00:01:53.269Z pw:api waiting for Locator("div[id='main-nav-tab'] a[id*='ember'][class$='nav-link'], div[id='main-nav-tab']  a[id*='ember'][class$='nav-link ']").Nth(9)</Text>
      </RunInfo>
      <RunInfo computerName="DESKTOP-RSFFHJT" outcome="Warning" timestamp="2025-05-03T20:01:53.2728503-04:00">
        <Text>2025-05-04T00:01:53.271Z pw:api   locator resolved to &lt;a id="ember125" href="#/shipments" class="ember-view nav-link"&gt;ΓÇª&lt;/a&gt;</Text>
      </RunInfo>
      <RunInfo computerName="DESKTOP-RSFFHJT" outcome="Warning" timestamp="2025-05-03T20:01:53.2736098-04:00">
        <Text>2025-05-04T00:01:53.272Z pw:api waiting for Locator("div[id='main-nav-tab'] a[id*='ember'][class$='nav-link'], div[id='main-nav-tab']  a[id*='ember'][class$='nav-link ']").Nth(10)</Text>
      </RunInfo>
      <RunInfo computerName="DESKTOP-RSFFHJT" outcome="Warning" timestamp="2025-05-03T20:01:53.2755932-04:00">
        <Text>2025-05-04T00:01:53.274Z pw:api   locator resolved to &lt;a id="ember129" href="#/invoices" class="ember-view nav-link"&gt;ΓÇª&lt;/a&gt;</Text>
      </RunInfo>
      <RunInfo computerName="DESKTOP-RSFFHJT" outcome="Warning" timestamp="2025-05-03T20:01:53.2763412-04:00">
        <Text>2025-05-04T00:01:53.275Z pw:api waiting for Locator("div[id='main-nav-tab'] a[id*='ember'][class$='nav-link'], div[id='main-nav-tab']  a[id*='ember'][class$='nav-link ']").Nth(11)</Text>
      </RunInfo>
      <RunInfo computerName="DESKTOP-RSFFHJT" outcome="Warning" timestamp="2025-05-03T20:01:53.2792476-04:00">
        <Text>2025-05-04T00:01:53.278Z pw:api   locator resolved to &lt;a id="ember134" href="#/paymentsreceived" class="ember-view nav-link"&gt;ΓÇª&lt;/a&gt;</Text>
      </RunInfo>
      <RunInfo computerName="DESKTOP-RSFFHJT" outcome="Warning" timestamp="2025-05-03T20:01:53.2803926-04:00">
        <Text>2025-05-04T00:01:53.279Z pw:api waiting for Locator("div[id='main-nav-tab'] a[id*='ember'][class$='nav-link'], div[id='main-nav-tab']  a[id*='ember'][class$='nav-link ']").Nth(12)</Text>
      </RunInfo>
      <RunInfo computerName="DESKTOP-RSFFHJT" outcome="Warning" timestamp="2025-05-03T20:01:53.2825689-04:00">
        <Text>2025-05-04T00:01:53.281Z pw:api   locator resolved to &lt;a id="ember140" href="#/salesreturns" class="ember-view nav-link"&gt;ΓÇª&lt;/a&gt;</Text>
      </RunInfo>
      <RunInfo computerName="DESKTOP-RSFFHJT" outcome="Warning" timestamp="2025-05-03T20:01:53.2833770-04:00">
        <Text>2025-05-04T00:01:53.282Z pw:api waiting for Locator("div[id='main-nav-tab'] a[id*='ember'][class$='nav-link'], div[id='main-nav-tab']  a[id*='ember'][class$='nav-link ']").Nth(13)</Text>
      </RunInfo>
      <RunInfo computerName="DESKTOP-RSFFHJT" outcome="Warning" timestamp="2025-05-03T20:01:53.2852530-04:00">
        <Text>2025-05-04T00:01:53.284Z pw:api   locator resolved to &lt;a id="ember143" href="#/creditnotes" class="ember-view nav-link"&gt;ΓÇª&lt;/a&gt;</Text>
      </RunInfo>
      <RunInfo computerName="DESKTOP-RSFFHJT" outcome="Warning" timestamp="2025-05-03T20:01:53.2858672-04:00">
        <Text>2025-05-04T00:01:53.285Z pw:api waiting for Locator("div[id='main-nav-tab'] a[id*='ember'][class$='nav-link'], div[id='main-nav-tab']  a[id*='ember'][class$='nav-link ']").Nth(14)</Text>
      </RunInfo>
      <RunInfo computerName="DESKTOP-RSFFHJT" outcome="Warning" timestamp="2025-05-03T20:01:53.2879257-04:00">
        <Text>2025-05-04T00:01:53.287Z pw:api   locator resolved to &lt;a id="ember147" class="collapsed ember-view nav-link "&gt;ΓÇª&lt;/a&gt;</Text>
      </RunInfo>
      <RunInfo computerName="DESKTOP-RSFFHJT" outcome="Warning" timestamp="2025-05-03T20:01:53.2886304-04:00">
        <Text>2025-05-04T00:01:53.287Z pw:api waiting for Locator("div[id='main-nav-tab'] a[id*='ember'][class$='nav-link'], div[id='main-nav-tab']  a[id*='ember'][class$='nav-link ']").Nth(15)</Text>
      </RunInfo>
      <RunInfo computerName="DESKTOP-RSFFHJT" outcome="Warning" timestamp="2025-05-03T20:01:53.2902462-04:00">
        <Text>2025-05-04T00:01:53.289Z pw:api   locator resolved to &lt;a id="ember151" href="#/vendors" class="ember-view nav-link"&gt;ΓÇª&lt;/a&gt;</Text>
      </RunInfo>
      <RunInfo computerName="DESKTOP-RSFFHJT" outcome="Warning" timestamp="2025-05-03T20:01:53.2910520-04:00">
        <Text>2025-05-04T00:01:53.290Z pw:api waiting for Locator("div[id='main-nav-tab'] a[id*='ember'][class$='nav-link'], div[id='main-nav-tab']  a[id*='ember'][class$='nav-link ']").Nth(16)</Text>
      </RunInfo>
      <RunInfo computerName="DESKTOP-RSFFHJT" outcome="Warning" timestamp="2025-05-03T20:01:53.2929667-04:00">
        <Text>2025-05-04T00:01:53.292Z pw:api   locator resolved to &lt;a id="ember155" href="#/expenses" class="ember-view nav-link"&gt;ΓÇª&lt;/a&gt;</Text>
      </RunInfo>
      <RunInfo computerName="DESKTOP-RSFFHJT" outcome="Warning" timestamp="2025-05-03T20:01:53.2940451-04:00">
        <Text>2025-05-04T00:01:53.293Z pw:api waiting for Locator("div[id='main-nav-tab'] a[id*='ember'][class$='nav-link'], div[id='main-nav-tab']  a[id*='ember'][class$='nav-link ']").Nth(17)</Text>
      </RunInfo>
      <RunInfo computerName="DESKTOP-RSFFHJT" outcome="Warning" timestamp="2025-05-03T20:01:53.2973288-04:00">
        <Text>2025-05-04T00:01:53.296Z pw:api   locator resolved to &lt;a id="ember159" href="#/purchaseorders" class="ember-view nav-link"&gt;ΓÇª&lt;/a&gt;</Text>
      </RunInfo>
      <RunInfo computerName="DESKTOP-RSFFHJT" outcome="Warning" timestamp="2025-05-03T20:01:53.2980008-04:00">
        <Text>2025-05-04T00:01:53.297Z pw:api waiting for Locator("div[id='main-nav-tab'] a[id*='ember'][class$='nav-link'], div[id='main-nav-tab']  a[id*='ember'][class$='nav-link ']").Nth(18)</Text>
      </RunInfo>
      <RunInfo computerName="DESKTOP-RSFFHJT" outcome="Warning" timestamp="2025-05-03T20:01:53.2996558-04:00">
        <Text>2025-05-04T00:01:53.298Z pw:api   locator resolved to &lt;a id="ember163" href="#/purchasereceives" class="ember-view nav-link"&gt;ΓÇª&lt;/a&gt;</Text>
      </RunInfo>
      <RunInfo computerName="DESKTOP-RSFFHJT" outcome="Warning" timestamp="2025-05-03T20:01:53.3003182-04:00">
        <Text>2025-05-04T00:01:53.299Z pw:api waiting for Locator("div[id='main-nav-tab'] a[id*='ember'][class$='nav-link'], div[id='main-nav-tab']  a[id*='ember'][class$='nav-link ']").Nth(19)</Text>
      </RunInfo>
      <RunInfo computerName="DESKTOP-RSFFHJT" outcome="Warning" timestamp="2025-05-03T20:01:53.3021799-04:00">
        <Text>2025-05-04T00:01:53.301Z pw:api   locator resolved to &lt;a id="ember168" href="#/bills" class="ember-view nav-link"&gt;ΓÇª&lt;/a&gt;</Text>
      </RunInfo>
      <RunInfo computerName="DESKTOP-RSFFHJT" outcome="Warning" timestamp="2025-05-03T20:01:53.3026412-04:00">
        <Text>2025-05-04T00:01:53.301Z pw:api waiting for Locator("div[id='main-nav-tab'] a[id*='ember'][class$='nav-link'], div[id='main-nav-tab']  a[id*='ember'][class$='nav-link ']").Nth(20)</Text>
      </RunInfo>
      <RunInfo computerName="DESKTOP-RSFFHJT" outcome="Warning" timestamp="2025-05-03T20:01:53.3043990-04:00">
        <Text>2025-05-04T00:01:53.303Z pw:api   locator resolved to &lt;a id="ember172" href="#/paymentsmade" class="ember-view nav-link"&gt;ΓÇª&lt;/a&gt;</Text>
      </RunInfo>
      <RunInfo computerName="DESKTOP-RSFFHJT" outcome="Warning" timestamp="2025-05-03T20:01:53.3049904-04:00">
        <Text>2025-05-04T00:01:53.304Z pw:api waiting for Locator("div[id='main-nav-tab'] a[id*='ember'][class$='nav-link'], div[id='main-nav-tab']  a[id*='ember'][class$='nav-link ']").Nth(21)</Text>
      </RunInfo>
      <RunInfo computerName="DESKTOP-RSFFHJT" outcome="Warning" timestamp="2025-05-03T20:01:53.3074595-04:00">
        <Text>2025-05-04T00:01:53.306Z pw:api   locator resolved to &lt;a id="ember177" href="#/vendorcredits" class="ember-view nav-link"&gt;ΓÇª&lt;/a&gt;</Text>
      </RunInfo>
      <RunInfo computerName="DESKTOP-RSFFHJT" outcome="Warning" timestamp="2025-05-03T20:01:53.3080434-04:00">
        <Text>2025-05-04T00:01:53.307Z pw:api waiting for Locator("div[id='main-nav-tab'] a[id*='ember'][class$='nav-link'], div[id='main-nav-tab']  a[id*='ember'][class$='nav-link ']").Nth(22)</Text>
      </RunInfo>
      <RunInfo computerName="DESKTOP-RSFFHJT" outcome="Warning" timestamp="2025-05-03T20:01:53.3099837-04:00">
        <Text>2025-05-04T00:01:53.309Z pw:api   locator resolved to &lt;a id="ember181" class="ember-view nav-link" href="#/settings/integrations"&gt;ΓÇª&lt;/a&gt;</Text>
      </RunInfo>
      <RunInfo computerName="DESKTOP-RSFFHJT" outcome="Warning" timestamp="2025-05-03T20:01:53.3106574-04:00">
        <Text>2025-05-04T00:01:53.309Z pw:api waiting for Locator("div[id='main-nav-tab'] a[id*='ember'][class$='nav-link'], div[id='main-nav-tab']  a[id*='ember'][class$='nav-link ']").Nth(23)</Text>
      </RunInfo>
      <RunInfo computerName="DESKTOP-RSFFHJT" outcome="Warning" timestamp="2025-05-03T20:01:53.3131937-04:00">
        <Text>2025-05-04T00:01:53.312Z pw:api   locator resolved to &lt;a id="ember184" href="#/reports" class="ember-view nav-link"&gt;ΓÇª&lt;/a&gt;</Text>
      </RunInfo>
      <RunInfo computerName="DESKTOP-RSFFHJT" outcome="Warning" timestamp="2025-05-03T20:01:53.3139561-04:00">
        <Text>2025-05-04T00:01:53.313Z pw:api waiting for Locator("div[id='main-nav-tab'] a[id*='ember'][class$='nav-link'], div[id='main-nav-tab']  a[id*='ember'][class$='nav-link ']").Nth(24)</Text>
      </RunInfo>
      <RunInfo computerName="DESKTOP-RSFFHJT" outcome="Warning" timestamp="2025-05-03T20:01:53.3162483-04:00">
        <Text>2025-05-04T00:01:53.315Z pw:api   locator resolved to &lt;a id="ember187" href="#/documents/inbox" class="ember-view nav-link"&gt;ΓÇª&lt;/a&gt;</Text>
      </RunInfo>
      <RunInfo computerName="DESKTOP-RSFFHJT" outcome="Warning" timestamp="2025-05-03T20:01:53.3169255-04:00">
        <Text>2025-05-04T00:01:53.316Z pw:api waiting for Locator("div[id='main-nav-tab'] a[id*='ember'][class$='nav-link'], div[id='main-nav-tab']  a[id*='ember'][class$='nav-link ']").Nth(1)</Text>
      </RunInfo>
      <RunInfo computerName="DESKTOP-RSFFHJT" outcome="Warning" timestamp="2025-05-03T20:01:53.3195874-04:00">
        <Text>2025-05-04T00:01:53.318Z pw:api   locator resolved to &lt;a id="ember82" class="collapsed ember-view nav-link "&gt;ΓÇª&lt;/a&gt;</Text>
      </RunInfo>
      <RunInfo computerName="DESKTOP-RSFFHJT" outcome="Warning" timestamp="2025-05-03T20:01:53.3204318-04:00">
        <Text>2025-05-04T00:01:53.319Z pw:api attempting click action</Text>
      </RunInfo>
      <RunInfo computerName="DESKTOP-RSFFHJT" outcome="Warning" timestamp="2025-05-03T20:01:53.3204520-04:00">
        <Text>2025-05-04T00:01:53.319Z pw:api   waiting for element to be visible, enabled and stable</Text>
      </RunInfo>
      <RunInfo computerName="DESKTOP-RSFFHJT" outcome="Warning" timestamp="2025-05-03T20:01:53.3461437-04:00">
        <Text>2025-05-04T00:01:53.345Z pw:api   element is visible, enabled and stable</Text>
      </RunInfo>
      <RunInfo computerName="DESKTOP-RSFFHJT" outcome="Warning" timestamp="2025-05-03T20:01:53.3461497-04:00">
        <Text>2025-05-04T00:01:53.345Z pw:api   scrolling into view if needed</Text>
      </RunInfo>
      <RunInfo computerName="DESKTOP-RSFFHJT" outcome="Warning" timestamp="2025-05-03T20:01:53.3466942-04:00">
        <Text>2025-05-04T00:01:53.345Z pw:api   done scrolling</Text>
      </RunInfo>
      <RunInfo computerName="DESKTOP-RSFFHJT" outcome="Warning" timestamp="2025-05-03T20:01:53.3488974-04:00">
        <Text>2025-05-04T00:01:53.348Z pw:api   performing click action</Text>
      </RunInfo>
      <RunInfo computerName="DESKTOP-RSFFHJT" outcome="Warning" timestamp="2025-05-03T20:01:53.3571788-04:00">
        <Text>2025-05-04T00:01:53.356Z pw:api   click action done</Text>
      </RunInfo>
      <RunInfo computerName="DESKTOP-RSFFHJT" outcome="Warning" timestamp="2025-05-03T20:01:53.3572195-04:00">
        <Text>2025-05-04T00:01:53.356Z pw:api   waiting for scheduled navigations to finish</Text>
      </RunInfo>
      <RunInfo computerName="DESKTOP-RSFFHJT" outcome="Warning" timestamp="2025-05-03T20:01:53.3575657-04:00">
        <Text>2025-05-04T00:01:53.356Z pw:api   navigations have finished</Text>
      </RunInfo>
      <RunInfo computerName="DESKTOP-RSFFHJT" outcome="Warning" timestamp="2025-05-03T20:01:53.3605111-04:00">
        <Text>2025-05-04T00:01:53.359Z pw:api waiting for Locator("div[id='main-nav-tab'] a[id*='ember'][class$='nav-link'], div[id='main-nav-tab']  a[id*='ember'][class$='nav-link ']").First</Text>
      </RunInfo>
      <RunInfo computerName="DESKTOP-RSFFHJT" outcome="Warning" timestamp="2025-05-03T20:01:53.3628185-04:00">
        <Text>2025-05-04T00:01:53.361Z pw:api   locator resolved to &lt;a id="ember79" href="#/home" class="ember-view active nav-link"&gt;ΓÇª&lt;/a&gt;</Text>
      </RunInfo>
      <RunInfo computerName="DESKTOP-RSFFHJT" outcome="Warning" timestamp="2025-05-03T20:01:53.3635441-04:00">
        <Text>2025-05-04T00:01:53.362Z pw:api waiting for Locator("div[id='main-nav-tab'] a[id*='ember'][class$='nav-link'], div[id='main-nav-tab']  a[id*='ember'][class$='nav-link ']").Nth(1)</Text>
      </RunInfo>
      <RunInfo computerName="DESKTOP-RSFFHJT" outcome="Warning" timestamp="2025-05-03T20:01:53.3657805-04:00">
        <Text>2025-05-04T00:01:53.364Z pw:api   locator resolved to &lt;a id="ember82" class="ember-view nav-link "&gt;ΓÇª&lt;/a&gt;</Text>
      </RunInfo>
      <RunInfo computerName="DESKTOP-RSFFHJT" outcome="Warning" timestamp="2025-05-03T20:01:53.3664499-04:00">
        <Text>2025-05-04T00:01:53.365Z pw:api waiting for Locator("div[id='main-nav-tab'] a[id*='ember'][class$='nav-link'], div[id='main-nav-tab']  a[id*='ember'][class$='nav-link ']").Nth(2)</Text>
      </RunInfo>
      <RunInfo computerName="DESKTOP-RSFFHJT" outcome="Warning" timestamp="2025-05-03T20:01:53.3684020-04:00">
        <Text>2025-05-04T00:01:53.367Z pw:api   locator resolved to &lt;a id="ember86" href="#/inventory/items" class="ember-view nav-link"&gt;ΓÇª&lt;/a&gt;</Text>
      </RunInfo>
      <RunInfo computerName="DESKTOP-RSFFHJT" outcome="Warning" timestamp="2025-05-03T20:01:53.3689799-04:00">
        <Text>2025-05-04T00:01:53.368Z pw:api waiting for Locator("div[id='main-nav-tab'] a[id*='ember'][class$='nav-link'], div[id='main-nav-tab']  a[id*='ember'][class$='nav-link ']").Nth(3)</Text>
      </RunInfo>
      <RunInfo computerName="DESKTOP-RSFFHJT" outcome="Warning" timestamp="2025-05-03T20:01:53.3709611-04:00">
        <Text>2025-05-04T00:01:53.370Z pw:api   locator resolved to &lt;a id="ember91" class="ember-view nav-link" href="#/inventory/itemgroups"&gt;ΓÇª&lt;/a&gt;</Text>
      </RunInfo>
      <RunInfo computerName="DESKTOP-RSFFHJT" outcome="Warning" timestamp="2025-05-03T20:01:53.3715273-04:00">
        <Text>2025-05-04T00:01:53.370Z pw:api waiting for Locator("div[id='main-nav-tab'] a[id*='ember'][class$='nav-link'], div[id='main-nav-tab']  a[id*='ember'][class$='nav-link ']").Nth(4)</Text>
      </RunInfo>
      <RunInfo computerName="DESKTOP-RSFFHJT" outcome="Warning" timestamp="2025-05-03T20:01:53.3731561-04:00">
        <Text>2025-05-04T00:01:53.372Z pw:api   locator resolved to &lt;a id="ember97" class="ember-view nav-link" href="#/inventory/adjustments"&gt;ΓÇª&lt;/a&gt;</Text>
      </RunInfo>
      <RunInfo computerName="DESKTOP-RSFFHJT" outcome="Warning" timestamp="2025-05-03T20:01:53.3735930-04:00">
        <Text>2025-05-04T00:01:53.372Z pw:api waiting for Locator("div[id='main-nav-tab'] a[id*='ember'][class$='nav-link'], div[id='main-nav-tab']  a[id*='ember'][class$='nav-link ']").Nth(5)</Text>
      </RunInfo>
      <RunInfo computerName="DESKTOP-RSFFHJT" outcome="Warning" timestamp="2025-05-03T20:01:53.3754491-04:00">
        <Text>2025-05-04T00:01:53.374Z pw:api   locator resolved to &lt;a id="ember104" class="collapsed ember-view nav-link "&gt;ΓÇª&lt;/a&gt;</Text>
      </RunInfo>
      <RunInfo computerName="DESKTOP-RSFFHJT" outcome="Warning" timestamp="2025-05-03T20:01:53.3760992-04:00">
        <Text>2025-05-04T00:01:53.375Z pw:api waiting for Locator("div[id='main-nav-tab'] a[id*='ember'][class$='nav-link'], div[id='main-nav-tab']  a[id*='ember'][class$='nav-link ']").Nth(6)</Text>
      </RunInfo>
      <RunInfo computerName="DESKTOP-RSFFHJT" outcome="Warning" timestamp="2025-05-03T20:01:53.3784074-04:00">
        <Text>2025-05-04T00:01:53.377Z pw:api   locator resolved to &lt;a id="ember108" href="#/contacts" class="ember-view nav-link"&gt;ΓÇª&lt;/a&gt;</Text>
      </RunInfo>
      <RunInfo computerName="DESKTOP-RSFFHJT" outcome="Warning" timestamp="2025-05-03T20:01:53.3792738-04:00">
        <Text>2025-05-04T00:01:53.378Z pw:api waiting for Locator("div[id='main-nav-tab'] a[id*='ember'][class$='nav-link'], div[id='main-nav-tab']  a[id*='ember'][class$='nav-link ']").Nth(7)</Text>
      </RunInfo>
      <RunInfo computerName="DESKTOP-RSFFHJT" outcome="Warning" timestamp="2025-05-03T20:01:53.3828954-04:00">
        <Text>2025-05-04T00:01:53.381Z pw:api   locator resolved to &lt;a id="ember114" href="#/salesorders" class="ember-view nav-link"&gt;ΓÇª&lt;/a&gt;</Text>
      </RunInfo>
      <RunInfo computerName="DESKTOP-RSFFHJT" outcome="Warning" timestamp="2025-05-03T20:01:53.3835801-04:00">
        <Text>2025-05-04T00:01:53.382Z pw:api waiting for Locator("div[id='main-nav-tab'] a[id*='ember'][class$='nav-link'], div[id='main-nav-tab']  a[id*='ember'][class$='nav-link ']").Nth(8)</Text>
      </RunInfo>
      <RunInfo computerName="DESKTOP-RSFFHJT" outcome="Warning" timestamp="2025-05-03T20:01:53.3854633-04:00">
        <Text>2025-05-04T00:01:53.384Z pw:api   locator resolved to &lt;a id="ember121" href="#/packages" class="ember-view nav-link"&gt;ΓÇª&lt;/a&gt;</Text>
      </RunInfo>
      <RunInfo computerName="DESKTOP-RSFFHJT" outcome="Warning" timestamp="2025-05-03T20:01:53.3860185-04:00">
        <Text>2025-05-04T00:01:53.385Z pw:api waiting for Locator("div[id='main-nav-tab'] a[id*='ember'][class$='nav-link'], div[id='main-nav-tab']  a[id*='ember'][class$='nav-link ']").Nth(9)</Text>
      </RunInfo>
      <RunInfo computerName="DESKTOP-RSFFHJT" outcome="Warning" timestamp="2025-05-03T20:01:53.3877882-04:00">
        <Text>2025-05-04T00:01:53.386Z pw:api   locator resolved to &lt;a id="ember125" href="#/shipments" class="ember-view nav-link"&gt;ΓÇª&lt;/a&gt;</Text>
      </RunInfo>
      <RunInfo computerName="DESKTOP-RSFFHJT" outcome="Warning" timestamp="2025-05-03T20:01:53.3884005-04:00">
        <Text>2025-05-04T00:01:53.387Z pw:api waiting for Locator("div[id='main-nav-tab'] a[id*='ember'][class$='nav-link'], div[id='main-nav-tab']  a[id*='ember'][class$='nav-link ']").Nth(10)</Text>
      </RunInfo>
      <RunInfo computerName="DESKTOP-RSFFHJT" outcome="Warning" timestamp="2025-05-03T20:01:53.3898930-04:00">
        <Text>2025-05-04T00:01:53.389Z pw:api   locator resolved to &lt;a id="ember129" href="#/invoices" class="ember-view nav-link"&gt;ΓÇª&lt;/a&gt;</Text>
      </RunInfo>
      <RunInfo computerName="DESKTOP-RSFFHJT" outcome="Warning" timestamp="2025-05-03T20:01:53.3903775-04:00">
        <Text>2025-05-04T00:01:53.389Z pw:api waiting for Locator("div[id='main-nav-tab'] a[id*='ember'][class$='nav-link'], div[id='main-nav-tab']  a[id*='ember'][class$='nav-link ']").Nth(11)</Text>
      </RunInfo>
      <RunInfo computerName="DESKTOP-RSFFHJT" outcome="Warning" timestamp="2025-05-03T20:01:53.3918519-04:00">
        <Text>2025-05-04T00:01:53.391Z pw:api   locator resolved to &lt;a id="ember134" href="#/paymentsreceived" class="ember-view nav-link"&gt;ΓÇª&lt;/a&gt;</Text>
      </RunInfo>
      <RunInfo computerName="DESKTOP-RSFFHJT" outcome="Warning" timestamp="2025-05-03T20:01:53.3924024-04:00">
        <Text>2025-05-04T00:01:53.391Z pw:api waiting for Locator("div[id='main-nav-tab'] a[id*='ember'][class$='nav-link'], div[id='main-nav-tab']  a[id*='ember'][class$='nav-link ']").Nth(12)</Text>
      </RunInfo>
      <RunInfo computerName="DESKTOP-RSFFHJT" outcome="Warning" timestamp="2025-05-03T20:01:53.3947645-04:00">
        <Text>2025-05-04T00:01:53.393Z pw:api   locator resolved to &lt;a id="ember140" href="#/salesreturns" class="ember-view nav-link"&gt;ΓÇª&lt;/a&gt;</Text>
      </RunInfo>
      <RunInfo computerName="DESKTOP-RSFFHJT" outcome="Warning" timestamp="2025-05-03T20:01:53.3954800-04:00">
        <Text>2025-05-04T00:01:53.394Z pw:api waiting for Locator("div[id='main-nav-tab'] a[id*='ember'][class$='nav-link'], div[id='main-nav-tab']  a[id*='ember'][class$='nav-link ']").Nth(13)</Text>
      </RunInfo>
      <RunInfo computerName="DESKTOP-RSFFHJT" outcome="Warning" timestamp="2025-05-03T20:01:53.3987249-04:00">
        <Text>2025-05-04T00:01:53.397Z pw:api   locator resolved to &lt;a id="ember143" href="#/creditnotes" class="ember-view nav-link"&gt;ΓÇª&lt;/a&gt;</Text>
      </RunInfo>
      <RunInfo computerName="DESKTOP-RSFFHJT" outcome="Warning" timestamp="2025-05-03T20:01:53.3993400-04:00">
        <Text>2025-05-04T00:01:53.398Z pw:api waiting for Locator("div[id='main-nav-tab'] a[id*='ember'][class$='nav-link'], div[id='main-nav-tab']  a[id*='ember'][class$='nav-link ']").Nth(14)</Text>
      </RunInfo>
      <RunInfo computerName="DESKTOP-RSFFHJT" outcome="Warning" timestamp="2025-05-03T20:01:53.4011558-04:00">
        <Text>2025-05-04T00:01:53.400Z pw:api   locator resolved to &lt;a id="ember147" class="collapsed ember-view nav-link "&gt;ΓÇª&lt;/a&gt;</Text>
      </RunInfo>
      <RunInfo computerName="DESKTOP-RSFFHJT" outcome="Warning" timestamp="2025-05-03T20:01:53.4019646-04:00">
        <Text>2025-05-04T00:01:53.401Z pw:api waiting for Locator("div[id='main-nav-tab'] a[id*='ember'][class$='nav-link'], div[id='main-nav-tab']  a[id*='ember'][class$='nav-link ']").Nth(15)</Text>
      </RunInfo>
      <RunInfo computerName="DESKTOP-RSFFHJT" outcome="Warning" timestamp="2025-05-03T20:01:53.4036724-04:00">
        <Text>2025-05-04T00:01:53.402Z pw:api   locator resolved to &lt;a id="ember151" href="#/vendors" class="ember-view nav-link"&gt;ΓÇª&lt;/a&gt;</Text>
      </RunInfo>
      <RunInfo computerName="DESKTOP-RSFFHJT" outcome="Warning" timestamp="2025-05-03T20:01:53.4042154-04:00">
        <Text>2025-05-04T00:01:53.403Z pw:api waiting for Locator("div[id='main-nav-tab'] a[id*='ember'][class$='nav-link'], div[id='main-nav-tab']  a[id*='ember'][class$='nav-link ']").Nth(16)</Text>
      </RunInfo>
      <RunInfo computerName="DESKTOP-RSFFHJT" outcome="Warning" timestamp="2025-05-03T20:01:53.4059887-04:00">
        <Text>2025-05-04T00:01:53.405Z pw:api   locator resolved to &lt;a id="ember155" href="#/expenses" class="ember-view nav-link"&gt;ΓÇª&lt;/a&gt;</Text>
      </RunInfo>
      <RunInfo computerName="DESKTOP-RSFFHJT" outcome="Warning" timestamp="2025-05-03T20:01:53.4064449-04:00">
        <Text>2025-05-04T00:01:53.405Z pw:api waiting for Locator("div[id='main-nav-tab'] a[id*='ember'][class$='nav-link'], div[id='main-nav-tab']  a[id*='ember'][class$='nav-link ']").Nth(17)</Text>
      </RunInfo>
      <RunInfo computerName="DESKTOP-RSFFHJT" outcome="Warning" timestamp="2025-05-03T20:01:53.4081828-04:00">
        <Text>2025-05-04T00:01:53.407Z pw:api   locator resolved to &lt;a id="ember159" href="#/purchaseorders" class="ember-view nav-link"&gt;ΓÇª&lt;/a&gt;</Text>
      </RunInfo>
      <RunInfo computerName="DESKTOP-RSFFHJT" outcome="Warning" timestamp="2025-05-03T20:01:53.4085593-04:00">
        <Text>2025-05-04T00:01:53.407Z pw:api waiting for Locator("div[id='main-nav-tab'] a[id*='ember'][class$='nav-link'], div[id='main-nav-tab']  a[id*='ember'][class$='nav-link ']").Nth(18)</Text>
      </RunInfo>
      <RunInfo computerName="DESKTOP-RSFFHJT" outcome="Warning" timestamp="2025-05-03T20:01:53.4102609-04:00">
        <Text>2025-05-04T00:01:53.409Z pw:api   locator resolved to &lt;a id="ember163" href="#/purchasereceives" class="ember-view nav-link"&gt;ΓÇª&lt;/a&gt;</Text>
      </RunInfo>
      <RunInfo computerName="DESKTOP-RSFFHJT" outcome="Warning" timestamp="2025-05-03T20:01:53.4106841-04:00">
        <Text>2025-05-04T00:01:53.409Z pw:api waiting for Locator("div[id='main-nav-tab'] a[id*='ember'][class$='nav-link'], div[id='main-nav-tab']  a[id*='ember'][class$='nav-link ']").Nth(19)</Text>
      </RunInfo>
      <RunInfo computerName="DESKTOP-RSFFHJT" outcome="Warning" timestamp="2025-05-03T20:01:53.4131555-04:00">
        <Text>2025-05-04T00:01:53.412Z pw:api   locator resolved to &lt;a id="ember168" href="#/bills" class="ember-view nav-link"&gt;ΓÇª&lt;/a&gt;</Text>
      </RunInfo>
      <RunInfo computerName="DESKTOP-RSFFHJT" outcome="Warning" timestamp="2025-05-03T20:01:53.4140938-04:00">
        <Text>2025-05-04T00:01:53.413Z pw:api waiting for Locator("div[id='main-nav-tab'] a[id*='ember'][class$='nav-link'], div[id='main-nav-tab']  a[id*='ember'][class$='nav-link ']").Nth(20)</Text>
      </RunInfo>
      <RunInfo computerName="DESKTOP-RSFFHJT" outcome="Warning" timestamp="2025-05-03T20:01:53.4165901-04:00">
        <Text>2025-05-04T00:01:53.415Z pw:api   locator resolved to &lt;a id="ember172" href="#/paymentsmade" class="ember-view nav-link"&gt;ΓÇª&lt;/a&gt;</Text>
      </RunInfo>
      <RunInfo computerName="DESKTOP-RSFFHJT" outcome="Warning" timestamp="2025-05-03T20:01:53.4170467-04:00">
        <Text>2025-05-04T00:01:53.416Z pw:api waiting for Locator("div[id='main-nav-tab'] a[id*='ember'][class$='nav-link'], div[id='main-nav-tab']  a[id*='ember'][class$='nav-link ']").Nth(21)</Text>
      </RunInfo>
      <RunInfo computerName="DESKTOP-RSFFHJT" outcome="Warning" timestamp="2025-05-03T20:01:53.4188779-04:00">
        <Text>2025-05-04T00:01:53.418Z pw:api   locator resolved to &lt;a id="ember177" href="#/vendorcredits" class="ember-view nav-link"&gt;ΓÇª&lt;/a&gt;</Text>
      </RunInfo>
      <RunInfo computerName="DESKTOP-RSFFHJT" outcome="Warning" timestamp="2025-05-03T20:01:53.4193821-04:00">
        <Text>2025-05-04T00:01:53.418Z pw:api waiting for Locator("div[id='main-nav-tab'] a[id*='ember'][class$='nav-link'], div[id='main-nav-tab']  a[id*='ember'][class$='nav-link ']").Nth(22)</Text>
      </RunInfo>
      <RunInfo computerName="DESKTOP-RSFFHJT" outcome="Warning" timestamp="2025-05-03T20:01:53.4210947-04:00">
        <Text>2025-05-04T00:01:53.420Z pw:api   locator resolved to &lt;a id="ember181" class="ember-view nav-link" href="#/settings/integrations"&gt;ΓÇª&lt;/a&gt;</Text>
      </RunInfo>
      <RunInfo computerName="DESKTOP-RSFFHJT" outcome="Warning" timestamp="2025-05-03T20:01:53.4215372-04:00">
        <Text>2025-05-04T00:01:53.420Z pw:api waiting for Locator("div[id='main-nav-tab'] a[id*='ember'][class$='nav-link'], div[id='main-nav-tab']  a[id*='ember'][class$='nav-link ']").Nth(23)</Text>
      </RunInfo>
      <RunInfo computerName="DESKTOP-RSFFHJT" outcome="Warning" timestamp="2025-05-03T20:01:53.4232403-04:00">
        <Text>2025-05-04T00:01:53.422Z pw:api   locator resolved to &lt;a id="ember184" href="#/reports" class="ember-view nav-link"&gt;ΓÇª&lt;/a&gt;</Text>
      </RunInfo>
      <RunInfo computerName="DESKTOP-RSFFHJT" outcome="Warning" timestamp="2025-05-03T20:01:53.4237417-04:00">
        <Text>2025-05-04T00:01:53.422Z pw:api waiting for Locator("div[id='main-nav-tab'] a[id*='ember'][class$='nav-link'], div[id='main-nav-tab']  a[id*='ember'][class$='nav-link ']").Nth(24)</Text>
      </RunInfo>
      <RunInfo computerName="DESKTOP-RSFFHJT" outcome="Warning" timestamp="2025-05-03T20:01:53.4343765-04:00">
        <Text>2025-05-04T00:01:53.433Z pw:api   locator resolved to &lt;a id="ember187" href="#/documents/inbox" class="ember-view nav-link"&gt;ΓÇª&lt;/a&gt;</Text>
      </RunInfo>
      <RunInfo computerName="DESKTOP-RSFFHJT" outcome="Warning" timestamp="2025-05-03T20:01:53.4349581-04:00">
        <Text>2025-05-04T00:01:53.434Z pw:api waiting for Locator("div[id='main-nav-tab'] a[id*='ember'][class$='nav-link'], div[id='main-nav-tab']  a[id*='ember'][class$='nav-link ']").Nth(4)</Text>
      </RunInfo>
      <RunInfo computerName="DESKTOP-RSFFHJT" outcome="Warning" timestamp="2025-05-03T20:01:53.4386177-04:00">
        <Text>2025-05-04T00:01:53.437Z pw:api   locator resolved to &lt;a id="ember97" class="ember-view nav-link" href="#/inventory/adjustments"&gt;ΓÇª&lt;/a&gt;</Text>
      </RunInfo>
      <RunInfo computerName="DESKTOP-RSFFHJT" outcome="Warning" timestamp="2025-05-03T20:01:53.4391155-04:00">
        <Text>2025-05-04T00:01:53.438Z pw:api attempting click action</Text>
      </RunInfo>
      <RunInfo computerName="DESKTOP-RSFFHJT" outcome="Warning" timestamp="2025-05-03T20:01:53.4391387-04:00">
        <Text>2025-05-04T00:01:53.438Z pw:api   waiting for element to be visible, enabled and stable</Text>
      </RunInfo>
      <RunInfo computerName="DESKTOP-RSFFHJT" outcome="Warning" timestamp="2025-05-03T20:01:53.4692742-04:00">
        <Text>2025-05-04T00:01:53.468Z pw:api   element is visible, enabled and stable</Text>
      </RunInfo>
      <RunInfo computerName="DESKTOP-RSFFHJT" outcome="Warning" timestamp="2025-05-03T20:01:53.4692816-04:00">
        <Text>2025-05-04T00:01:53.468Z pw:api   scrolling into view if needed</Text>
      </RunInfo>
      <RunInfo computerName="DESKTOP-RSFFHJT" outcome="Warning" timestamp="2025-05-03T20:01:53.4714861-04:00">
        <Text>2025-05-04T00:01:53.470Z pw:api   done scrolling</Text>
      </RunInfo>
      <RunInfo computerName="DESKTOP-RSFFHJT" outcome="Warning" timestamp="2025-05-03T20:01:53.4814101-04:00">
        <Text>2025-05-04T00:01:53.480Z pw:api   performing click action</Text>
      </RunInfo>
      <RunInfo computerName="DESKTOP-RSFFHJT" outcome="Warning" timestamp="2025-05-03T20:01:53.5037578-04:00">
        <Text>2025-05-04T00:01:53.502Z pw:api   click action done</Text>
      </RunInfo>
      <RunInfo computerName="DESKTOP-RSFFHJT" outcome="Warning" timestamp="2025-05-03T20:01:53.5037644-04:00">
        <Text>2025-05-04T00:01:53.502Z pw:api   waiting for scheduled navigations to finish</Text>
      </RunInfo>
      <RunInfo computerName="DESKTOP-RSFFHJT" outcome="Warning" timestamp="2025-05-03T20:01:53.5042604-04:00">
        <Text>2025-05-04T00:01:53.503Z pw:api   navigations have finished</Text>
      </RunInfo>
      <RunInfo computerName="DESKTOP-RSFFHJT" outcome="Warning" timestamp="2025-05-03T20:01:53.5057197-04:00">
        <Text>2025-05-04T00:01:53.504Z pw:api waiting for Locator("table[id='vertically-scrolled-table']") to be visible</Text>
      </RunInfo>
      <RunInfo computerName="DESKTOP-RSFFHJT" outcome="Warning" timestamp="2025-05-03T20:01:53.9203681-04:00">
        <Text>2025-05-04T00:01:53.919Z pw:api   navigated to "https://www.zoho.com/ca/inventory/inventory-software-demo/#/inventory/adjustments?filter_by=AdjustmentDate.All%2CAdjustmentType.All&amp;per_page=50"</Text>
      </RunInfo>
      <RunInfo computerName="DESKTOP-RSFFHJT" outcome="Warning" timestamp="2025-05-03T20:01:53.9702412-04:00">
        <Text>2025-05-04T00:01:53.967Z pw:api   "networkidle" event fired</Text>
      </RunInfo>
      <RunInfo computerName="DESKTOP-RSFFHJT" outcome="Warning" timestamp="2025-05-03T20:01:54.3304762-04:00">
        <Text>2025-05-04T00:01:54.329Z pw:api   locator resolved to visible &lt;table id="vertically-scrolled-table" class="table zi-table table-hover    "&gt;ΓÇª&lt;/table&gt;</Text>
      </RunInfo>
      <RunInfo computerName="DESKTOP-RSFFHJT" outcome="Warning" timestamp="2025-05-03T20:01:54.3327090-04:00">
        <Text>2025-05-04T00:01:54.331Z pw:api waiting for Locator("table[id='vertically-scrolled-table']").Locator("tbody tr").First</Text>
      </RunInfo>
      <RunInfo computerName="DESKTOP-RSFFHJT" outcome="Warning" timestamp="2025-05-03T20:01:54.3339553-04:00">
        <Text>2025-05-04T00:01:54.333Z pw:api   locator resolved to &lt;tr tabindex="-1" id="ember317" class="ember-view"&gt;ΓÇª&lt;/tr&gt;</Text>
      </RunInfo>
      <RunInfo computerName="DESKTOP-RSFFHJT" outcome="Warning" timestamp="2025-05-03T20:01:54.3357385-04:00">
        <Text>2025-05-04T00:01:54.334Z pw:api waiting for Locator("table[id='vertically-scrolled-table']").Locator("tbody tr").First.Locator("td:nth-child(2)")</Text>
      </RunInfo>
      <RunInfo computerName="DESKTOP-RSFFHJT" outcome="Warning" timestamp="2025-05-03T20:01:54.3372589-04:00">
        <Text>2025-05-04T00:01:54.336Z pw:api   locator resolved to &lt;td&gt;8 Nov 2024&lt;/td&gt;</Text>
      </RunInfo>
      <RunInfo computerName="DESKTOP-RSFFHJT" outcome="Warning" timestamp="2025-05-03T20:01:54.3380487-04:00">
        <Text>2025-05-04T00:01:54.337Z pw:api waiting for Locator("table[id='vertically-scrolled-table']").Locator("tbody tr").First.Locator("td:nth-child(3)")</Text>
      </RunInfo>
      <RunInfo computerName="DESKTOP-RSFFHJT" outcome="Warning" timestamp="2025-05-03T20:01:54.3394740-04:00">
        <Text>2025-05-04T00:01:54.338Z pw:api   locator resolved to &lt;td&gt;ΓÇª&lt;/td&gt;</Text>
      </RunInfo>
      <RunInfo computerName="DESKTOP-RSFFHJT" outcome="Warning" timestamp="2025-05-03T20:01:54.3400227-04:00">
        <Text>2025-05-04T00:01:54.339Z pw:api waiting for Locator("table[id='vertically-scrolled-table']").Locator("tbody tr").First.Locator("td:nth-child(4)")</Text>
      </RunInfo>
      <RunInfo computerName="DESKTOP-RSFFHJT" outcome="Warning" timestamp="2025-05-03T20:01:54.3413675-04:00">
        <Text>2025-05-04T00:01:54.340Z pw:api   locator resolved to &lt;td class="text-uppercase font-small"&gt;ΓÇª&lt;/td&gt;</Text>
      </RunInfo>
      <RunInfo computerName="DESKTOP-RSFFHJT" outcome="Warning" timestamp="2025-05-03T20:01:54.3418470-04:00">
        <Text>2025-05-04T00:01:54.341Z pw:api waiting for Locator("table[id='vertically-scrolled-table']").Locator("tbody tr").First.Locator("td:nth-child(5)")</Text>
      </RunInfo>
      <RunInfo computerName="DESKTOP-RSFFHJT" outcome="Warning" timestamp="2025-05-03T20:01:54.3433370-04:00">
        <Text>2025-05-04T00:01:54.342Z pw:api   locator resolved to &lt;td&gt;ADJ-0&lt;/td&gt;</Text>
      </RunInfo>
      <RunInfo computerName="DESKTOP-RSFFHJT" outcome="Warning" timestamp="2025-05-03T20:01:54.3438407-04:00">
        <Text>2025-05-04T00:01:54.342Z pw:api waiting for Locator("table[id='vertically-scrolled-table']").Locator("tbody tr").First.Locator("td:nth-child(6)")</Text>
      </RunInfo>
      <RunInfo computerName="DESKTOP-RSFFHJT" outcome="Warning" timestamp="2025-05-03T20:01:54.3458931-04:00">
        <Text>2025-05-04T00:01:54.344Z pw:api   locator resolved to &lt;td&gt;quantity&lt;/td&gt;</Text>
      </RunInfo>
      <RunInfo computerName="DESKTOP-RSFFHJT" outcome="Warning" timestamp="2025-05-03T20:01:54.3464505-04:00">
        <Text>2025-05-04T00:01:54.345Z pw:api waiting for Locator("table[id='vertically-scrolled-table']").Locator("tbody tr").First.Locator("td:nth-child(7)")</Text>
      </RunInfo>
      <RunInfo computerName="DESKTOP-RSFFHJT" outcome="Warning" timestamp="2025-05-03T20:01:54.3480045-04:00">
        <Text>2025-05-04T00:01:54.347Z pw:api   locator resolved to &lt;td&gt;demouser&lt;/td&gt;</Text>
      </RunInfo>
      <RunInfo computerName="DESKTOP-RSFFHJT" outcome="Warning" timestamp="2025-05-03T20:01:54.3487093-04:00">
        <Text>2025-05-04T00:01:54.347Z pw:api waiting for Locator("table[id='vertically-scrolled-table']").Locator("tbody tr").First.Locator("td:nth-child(8)")</Text>
      </RunInfo>
      <RunInfo computerName="DESKTOP-RSFFHJT" outcome="Warning" timestamp="2025-05-03T20:01:54.3500747-04:00">
        <Text>2025-05-04T00:01:54.349Z pw:api   locator resolved to &lt;td&gt;&lt;/td&gt;</Text>
      </RunInfo>
      <RunInfo computerName="DESKTOP-RSFFHJT" outcome="Warning" timestamp="2025-05-03T20:01:54.3507094-04:00">
        <Text>2025-05-04T00:01:54.349Z pw:api waiting for Locator("table[id='vertically-scrolled-table']").Locator("tbody tr").First.Locator("td:nth-child(9)")</Text>
      </RunInfo>
      <RunInfo computerName="DESKTOP-RSFFHJT" outcome="Warning" timestamp="2025-05-03T20:01:54.3519969-04:00">
        <Text>2025-05-04T00:01:54.351Z pw:api   locator resolved to &lt;td&gt;&lt;/td&gt;</Text>
      </RunInfo>
      <RunInfo computerName="DESKTOP-RSFFHJT" outcome="Warning" timestamp="2025-05-03T20:01:54.3525460-04:00">
        <Text>2025-05-04T00:01:54.351Z pw:api waiting for Locator("table[id='vertically-scrolled-table']").Locator("tbody tr").First.Locator("td:nth-child(10)")</Text>
      </RunInfo>
      <RunInfo computerName="DESKTOP-RSFFHJT" outcome="Warning" timestamp="2025-05-03T20:01:54.3539391-04:00">
        <Text>2025-05-04T00:01:54.353Z pw:api   locator resolved to &lt;td&gt;&lt;/td&gt;</Text>
      </RunInfo>
      <RunInfo computerName="DESKTOP-RSFFHJT" outcome="Warning" timestamp="2025-05-03T20:01:54.3547947-04:00">
        <Text>2025-05-04T00:01:54.353Z pw:api waiting for Locator("table[id='vertically-scrolled-table']").Locator("tbody tr").Nth(1)</Text>
      </RunInfo>
      <RunInfo computerName="DESKTOP-RSFFHJT" outcome="Warning" timestamp="2025-05-03T20:01:54.3560756-04:00">
        <Text>2025-05-04T00:01:54.355Z pw:api   locator resolved to &lt;tr tabindex="-1" id="ember322" class="ember-view"&gt;ΓÇª&lt;/tr&gt;</Text>
      </RunInfo>
      <RunInfo computerName="DESKTOP-RSFFHJT" outcome="Warning" timestamp="2025-05-03T20:01:54.3567179-04:00">
        <Text>2025-05-04T00:01:54.355Z pw:api waiting for Locator("table[id='vertically-scrolled-table']").Locator("tbody tr").Nth(1).Locator("td:nth-child(2)")</Text>
      </RunInfo>
      <RunInfo computerName="DESKTOP-RSFFHJT" outcome="Warning" timestamp="2025-05-03T20:01:54.3580162-04:00">
        <Text>2025-05-04T00:01:54.357Z pw:api   locator resolved to &lt;td&gt;8 Nov 2024&lt;/td&gt;</Text>
      </RunInfo>
      <RunInfo computerName="DESKTOP-RSFFHJT" outcome="Warning" timestamp="2025-05-03T20:01:54.3586511-04:00">
        <Text>2025-05-04T00:01:54.357Z pw:api waiting for Locator("table[id='vertically-scrolled-table']").Locator("tbody tr").Nth(1).Locator("td:nth-child(3)")</Text>
      </RunInfo>
      <RunInfo computerName="DESKTOP-RSFFHJT" outcome="Warning" timestamp="2025-05-03T20:01:54.3599452-04:00">
        <Text>2025-05-04T00:01:54.359Z pw:api   locator resolved to &lt;td&gt;ΓÇª&lt;/td&gt;</Text>
      </RunInfo>
      <RunInfo computerName="DESKTOP-RSFFHJT" outcome="Warning" timestamp="2025-05-03T20:01:54.3604837-04:00">
        <Text>2025-05-04T00:01:54.359Z pw:api waiting for Locator("table[id='vertically-scrolled-table']").Locator("tbody tr").Nth(1).Locator("td:nth-child(4)")</Text>
      </RunInfo>
      <RunInfo computerName="DESKTOP-RSFFHJT" outcome="Warning" timestamp="2025-05-03T20:01:54.3627068-04:00">
        <Text>2025-05-04T00:01:54.361Z pw:api   locator resolved to &lt;td class="text-uppercase font-small"&gt;ΓÇª&lt;/td&gt;</Text>
      </RunInfo>
      <RunInfo computerName="DESKTOP-RSFFHJT" outcome="Warning" timestamp="2025-05-03T20:01:54.3632473-04:00">
        <Text>2025-05-04T00:01:54.362Z pw:api waiting for Locator("table[id='vertically-scrolled-table']").Locator("tbody tr").Nth(1).Locator("td:nth-child(5)")</Text>
      </RunInfo>
      <RunInfo computerName="DESKTOP-RSFFHJT" outcome="Warning" timestamp="2025-05-03T20:01:54.3646276-04:00">
        <Text>2025-05-04T00:01:54.363Z pw:api   locator resolved to &lt;td&gt;ADJ-1&lt;/td&gt;</Text>
      </RunInfo>
      <RunInfo computerName="DESKTOP-RSFFHJT" outcome="Warning" timestamp="2025-05-03T20:01:54.3651394-04:00">
        <Text>2025-05-04T00:01:54.364Z pw:api waiting for Locator("table[id='vertically-scrolled-table']").Locator("tbody tr").Nth(1).Locator("td:nth-child(6)")</Text>
      </RunInfo>
      <RunInfo computerName="DESKTOP-RSFFHJT" outcome="Warning" timestamp="2025-05-03T20:01:54.3664854-04:00">
        <Text>2025-05-04T00:01:54.365Z pw:api   locator resolved to &lt;td&gt;quantity&lt;/td&gt;</Text>
      </RunInfo>
      <RunInfo computerName="DESKTOP-RSFFHJT" outcome="Warning" timestamp="2025-05-03T20:01:54.3671224-04:00">
        <Text>2025-05-04T00:01:54.366Z pw:api waiting for Locator("table[id='vertically-scrolled-table']").Locator("tbody tr").Nth(1).Locator("td:nth-child(7)")</Text>
      </RunInfo>
      <RunInfo computerName="DESKTOP-RSFFHJT" outcome="Warning" timestamp="2025-05-03T20:01:54.3684727-04:00">
        <Text>2025-05-04T00:01:54.367Z pw:api   locator resolved to &lt;td&gt;demouser&lt;/td&gt;</Text>
      </RunInfo>
      <RunInfo computerName="DESKTOP-RSFFHJT" outcome="Warning" timestamp="2025-05-03T20:01:54.3688486-04:00">
        <Text>2025-05-04T00:01:54.368Z pw:api waiting for Locator("table[id='vertically-scrolled-table']").Locator("tbody tr").Nth(1).Locator("td:nth-child(8)")</Text>
      </RunInfo>
      <RunInfo computerName="DESKTOP-RSFFHJT" outcome="Warning" timestamp="2025-05-03T20:01:54.3699943-04:00">
        <Text>2025-05-04T00:01:54.369Z pw:api   locator resolved to &lt;td&gt;&lt;/td&gt;</Text>
      </RunInfo>
      <RunInfo computerName="DESKTOP-RSFFHJT" outcome="Warning" timestamp="2025-05-03T20:01:54.3704342-04:00">
        <Text>2025-05-04T00:01:54.369Z pw:api waiting for Locator("table[id='vertically-scrolled-table']").Locator("tbody tr").Nth(1).Locator("td:nth-child(9)")</Text>
      </RunInfo>
      <RunInfo computerName="DESKTOP-RSFFHJT" outcome="Warning" timestamp="2025-05-03T20:01:54.3717066-04:00">
        <Text>2025-05-04T00:01:54.370Z pw:api   locator resolved to &lt;td&gt;&lt;/td&gt;</Text>
      </RunInfo>
      <RunInfo computerName="DESKTOP-RSFFHJT" outcome="Warning" timestamp="2025-05-03T20:01:54.3722762-04:00">
        <Text>2025-05-04T00:01:54.371Z pw:api waiting for Locator("table[id='vertically-scrolled-table']").Locator("tbody tr").Nth(1).Locator("td:nth-child(10)")</Text>
      </RunInfo>
      <RunInfo computerName="DESKTOP-RSFFHJT" outcome="Warning" timestamp="2025-05-03T20:01:54.3733328-04:00">
        <Text>2025-05-04T00:01:54.372Z pw:api   locator resolved to &lt;td&gt;&lt;/td&gt;</Text>
      </RunInfo>
      <RunInfo computerName="DESKTOP-RSFFHJT" outcome="Warning" timestamp="2025-05-03T20:01:54.3738624-04:00">
        <Text>2025-05-04T00:01:54.373Z pw:api waiting for Locator("table[id='vertically-scrolled-table']").Locator("tbody tr").Nth(2)</Text>
      </RunInfo>
      <RunInfo computerName="DESKTOP-RSFFHJT" outcome="Warning" timestamp="2025-05-03T20:01:54.3750782-04:00">
        <Text>2025-05-04T00:01:54.374Z pw:api   locator resolved to &lt;tr tabindex="-1" id="ember327" class="ember-view"&gt;ΓÇª&lt;/tr&gt;</Text>
      </RunInfo>
      <RunInfo computerName="DESKTOP-RSFFHJT" outcome="Warning" timestamp="2025-05-03T20:01:54.3756089-04:00">
        <Text>2025-05-04T00:01:54.374Z pw:api waiting for Locator("table[id='vertically-scrolled-table']").Locator("tbody tr").Nth(2).Locator("td:nth-child(2)")</Text>
      </RunInfo>
      <RunInfo computerName="DESKTOP-RSFFHJT" outcome="Warning" timestamp="2025-05-03T20:01:54.3769418-04:00">
        <Text>2025-05-04T00:01:54.376Z pw:api   locator resolved to &lt;td&gt;8 Nov 2024&lt;/td&gt;</Text>
      </RunInfo>
      <RunInfo computerName="DESKTOP-RSFFHJT" outcome="Warning" timestamp="2025-05-03T20:01:54.3778291-04:00">
        <Text>2025-05-04T00:01:54.376Z pw:api waiting for Locator("table[id='vertically-scrolled-table']").Locator("tbody tr").Nth(2).Locator("td:nth-child(3)")</Text>
      </RunInfo>
      <RunInfo computerName="DESKTOP-RSFFHJT" outcome="Warning" timestamp="2025-05-03T20:01:54.3796803-04:00">
        <Text>2025-05-04T00:01:54.378Z pw:api   locator resolved to &lt;td&gt;ΓÇª&lt;/td&gt;</Text>
      </RunInfo>
      <RunInfo computerName="DESKTOP-RSFFHJT" outcome="Warning" timestamp="2025-05-03T20:01:54.3803570-04:00">
        <Text>2025-05-04T00:01:54.379Z pw:api waiting for Locator("table[id='vertically-scrolled-table']").Locator("tbody tr").Nth(2).Locator("td:nth-child(4)")</Text>
      </RunInfo>
      <RunInfo computerName="DESKTOP-RSFFHJT" outcome="Warning" timestamp="2025-05-03T20:01:54.3819627-04:00">
        <Text>2025-05-04T00:01:54.381Z pw:api   locator resolved to &lt;td class="text-uppercase font-small"&gt;ΓÇª&lt;/td&gt;</Text>
      </RunInfo>
      <RunInfo computerName="DESKTOP-RSFFHJT" outcome="Warning" timestamp="2025-05-03T20:01:54.3822575-04:00">
        <Text>2025-05-04T00:01:54.381Z pw:api waiting for Locator("table[id='vertically-scrolled-table']").Locator("tbody tr").Nth(2).Locator("td:nth-child(5)")</Text>
      </RunInfo>
      <RunInfo computerName="DESKTOP-RSFFHJT" outcome="Warning" timestamp="2025-05-03T20:01:54.3836190-04:00">
        <Text>2025-05-04T00:01:54.382Z pw:api   locator resolved to &lt;td&gt;ADJ-2&lt;/td&gt;</Text>
      </RunInfo>
      <RunInfo computerName="DESKTOP-RSFFHJT" outcome="Warning" timestamp="2025-05-03T20:01:54.3840397-04:00">
        <Text>2025-05-04T00:01:54.383Z pw:api waiting for Locator("table[id='vertically-scrolled-table']").Locator("tbody tr").Nth(2).Locator("td:nth-child(6)")</Text>
      </RunInfo>
      <RunInfo computerName="DESKTOP-RSFFHJT" outcome="Warning" timestamp="2025-05-03T20:01:54.3853373-04:00">
        <Text>2025-05-04T00:01:54.384Z pw:api   locator resolved to &lt;td&gt;value&lt;/td&gt;</Text>
      </RunInfo>
      <RunInfo computerName="DESKTOP-RSFFHJT" outcome="Warning" timestamp="2025-05-03T20:01:54.3856922-04:00">
        <Text>2025-05-04T00:01:54.384Z pw:api waiting for Locator("table[id='vertically-scrolled-table']").Locator("tbody tr").Nth(2).Locator("td:nth-child(7)")</Text>
      </RunInfo>
      <RunInfo computerName="DESKTOP-RSFFHJT" outcome="Warning" timestamp="2025-05-03T20:01:54.3868393-04:00">
        <Text>2025-05-04T00:01:54.386Z pw:api   locator resolved to &lt;td&gt;demouser&lt;/td&gt;</Text>
      </RunInfo>
      <RunInfo computerName="DESKTOP-RSFFHJT" outcome="Warning" timestamp="2025-05-03T20:01:54.3872863-04:00">
        <Text>2025-05-04T00:01:54.386Z pw:api waiting for Locator("table[id='vertically-scrolled-table']").Locator("tbody tr").Nth(2).Locator("td:nth-child(8)")</Text>
      </RunInfo>
      <RunInfo computerName="DESKTOP-RSFFHJT" outcome="Warning" timestamp="2025-05-03T20:01:54.3884543-04:00">
        <Text>2025-05-04T00:01:54.387Z pw:api   locator resolved to &lt;td&gt;&lt;/td&gt;</Text>
      </RunInfo>
      <RunInfo computerName="DESKTOP-RSFFHJT" outcome="Warning" timestamp="2025-05-03T20:01:54.3888298-04:00">
        <Text>2025-05-04T00:01:54.388Z pw:api waiting for Locator("table[id='vertically-scrolled-table']").Locator("tbody tr").Nth(2).Locator("td:nth-child(9)")</Text>
      </RunInfo>
      <RunInfo computerName="DESKTOP-RSFFHJT" outcome="Warning" timestamp="2025-05-03T20:01:54.3898905-04:00">
        <Text>2025-05-04T00:01:54.389Z pw:api   locator resolved to &lt;td&gt;&lt;/td&gt;</Text>
      </RunInfo>
      <RunInfo computerName="DESKTOP-RSFFHJT" outcome="Warning" timestamp="2025-05-03T20:01:54.3905529-04:00">
        <Text>2025-05-04T00:01:54.389Z pw:api waiting for Locator("table[id='vertically-scrolled-table']").Locator("tbody tr").Nth(2).Locator("td:nth-child(10)")</Text>
      </RunInfo>
      <RunInfo computerName="DESKTOP-RSFFHJT" outcome="Warning" timestamp="2025-05-03T20:01:54.3916874-04:00">
        <Text>2025-05-04T00:01:54.390Z pw:api   locator resolved to &lt;td&gt;&lt;/td&gt;</Text>
      </RunInfo>
      <RunInfo computerName="DESKTOP-RSFFHJT" outcome="Warning" timestamp="2025-05-03T20:01:54.4846312-04:00">
        <Text>2025-05-04T00:01:54.483Z pw:api navigating to "https://www.zoho.com/ca/inventory/inventory-software-demo/#/home/inventory-dashboard", waiting until "load"</Text>
      </RunInfo>
      <RunInfo computerName="DESKTOP-RSFFHJT" outcome="Warning" timestamp="2025-05-03T20:01:54.6133543-04:00">
        <Text>2025-05-04T00:01:54.612Z pw:api   "commit" event fired</Text>
      </RunInfo>
      <RunInfo computerName="DESKTOP-RSFFHJT" outcome="Warning" timestamp="2025-05-03T20:01:54.6133718-04:00">
        <Text>2025-05-04T00:01:54.612Z pw:api   navigated to "https://www.zoho.com/ca/inventory/inventory-software-demo/#/home/inventory-dashboard"</Text>
      </RunInfo>
      <RunInfo computerName="DESKTOP-RSFFHJT" outcome="Warning" timestamp="2025-05-03T20:01:56.3448214-04:00">
        <Text>2025-05-04T00:01:56.343Z pw:api   "networkidle" event fired</Text>
      </RunInfo>
      <RunInfo computerName="DESKTOP-RSFFHJT" outcome="Warning" timestamp="2025-05-03T20:01:56.7534471-04:00">
        <Text>2025-05-04T00:01:56.752Z pw:api   "domcontentloaded" event fired</Text>
      </RunInfo>
      <RunInfo computerName="DESKTOP-RSFFHJT" outcome="Warning" timestamp="2025-05-03T20:01:57.5050976-04:00">
        <Text>2025-05-04T00:01:57.503Z pw:api   "load" event fired</Text>
      </RunInfo>
      <RunInfo computerName="DESKTOP-RSFFHJT" outcome="Warning" timestamp="2025-05-03T20:01:57.5233606-04:00">
        <Text>2025-05-04T00:01:57.522Z pw:api waiting for Locator("div[id='main-nav-tab'] a[id*='ember'][class$='nav-link'], div[id='main-nav-tab']  a[id*='ember'][class$='nav-link ']").First</Text>
      </RunInfo>
      <RunInfo computerName="DESKTOP-RSFFHJT" outcome="Warning" timestamp="2025-05-03T20:01:57.5257970-04:00">
        <Text>2025-05-04T00:01:57.524Z pw:api   locator resolved to &lt;a id="ember79" href="#/home" class="ember-view active nav-link"&gt;ΓÇª&lt;/a&gt;</Text>
      </RunInfo>
      <RunInfo computerName="DESKTOP-RSFFHJT" outcome="Warning" timestamp="2025-05-03T20:01:57.5264079-04:00">
        <Text>2025-05-04T00:01:57.525Z pw:api waiting for Locator("div[id='main-nav-tab'] a[id*='ember'][class$='nav-link'], div[id='main-nav-tab']  a[id*='ember'][class$='nav-link ']").Nth(1)</Text>
      </RunInfo>
      <RunInfo computerName="DESKTOP-RSFFHJT" outcome="Warning" timestamp="2025-05-03T20:01:57.5286192-04:00">
        <Text>2025-05-04T00:01:57.527Z pw:api   locator resolved to &lt;a id="ember82" class="collapsed ember-view nav-link "&gt;ΓÇª&lt;/a&gt;</Text>
      </RunInfo>
      <RunInfo computerName="DESKTOP-RSFFHJT" outcome="Warning" timestamp="2025-05-03T20:01:57.5294360-04:00">
        <Text>2025-05-04T00:01:57.528Z pw:api waiting for Locator("div[id='main-nav-tab'] a[id*='ember'][class$='nav-link'], div[id='main-nav-tab']  a[id*='ember'][class$='nav-link ']").Nth(2)</Text>
      </RunInfo>
      <RunInfo computerName="DESKTOP-RSFFHJT" outcome="Warning" timestamp="2025-05-03T20:01:57.5321082-04:00">
        <Text>2025-05-04T00:01:57.531Z pw:api   locator resolved to &lt;a id="ember86" href="#/inventory/items" class="ember-view nav-link"&gt;ΓÇª&lt;/a&gt;</Text>
      </RunInfo>
      <RunInfo computerName="DESKTOP-RSFFHJT" outcome="Warning" timestamp="2025-05-03T20:01:57.5331366-04:00">
        <Text>2025-05-04T00:01:57.532Z pw:api waiting for Locator("div[id='main-nav-tab'] a[id*='ember'][class$='nav-link'], div[id='main-nav-tab']  a[id*='ember'][class$='nav-link ']").Nth(3)</Text>
      </RunInfo>
      <RunInfo computerName="DESKTOP-RSFFHJT" outcome="Warning" timestamp="2025-05-03T20:01:57.5347631-04:00">
        <Text>2025-05-04T00:01:57.533Z pw:api   locator resolved to &lt;a id="ember91" class="ember-view nav-link" href="#/inventory/itemgroups"&gt;ΓÇª&lt;/a&gt;</Text>
      </RunInfo>
      <RunInfo computerName="DESKTOP-RSFFHJT" outcome="Warning" timestamp="2025-05-03T20:01:57.5353383-04:00">
        <Text>2025-05-04T00:01:57.534Z pw:api waiting for Locator("div[id='main-nav-tab'] a[id*='ember'][class$='nav-link'], div[id='main-nav-tab']  a[id*='ember'][class$='nav-link ']").Nth(4)</Text>
      </RunInfo>
      <RunInfo computerName="DESKTOP-RSFFHJT" outcome="Warning" timestamp="2025-05-03T20:01:57.5369134-04:00">
        <Text>2025-05-04T00:01:57.536Z pw:api   locator resolved to &lt;a id="ember97" class="ember-view nav-link" href="#/inventory/adjustments"&gt;ΓÇª&lt;/a&gt;</Text>
      </RunInfo>
      <RunInfo computerName="DESKTOP-RSFFHJT" outcome="Warning" timestamp="2025-05-03T20:01:57.5373933-04:00">
        <Text>2025-05-04T00:01:57.536Z pw:api waiting for Locator("div[id='main-nav-tab'] a[id*='ember'][class$='nav-link'], div[id='main-nav-tab']  a[id*='ember'][class$='nav-link ']").Nth(5)</Text>
      </RunInfo>
      <RunInfo computerName="DESKTOP-RSFFHJT" outcome="Warning" timestamp="2025-05-03T20:01:57.5388959-04:00">
        <Text>2025-05-04T00:01:57.538Z pw:api   locator resolved to &lt;a id="ember104" class="collapsed ember-view nav-link "&gt;ΓÇª&lt;/a&gt;</Text>
      </RunInfo>
      <RunInfo computerName="DESKTOP-RSFFHJT" outcome="Warning" timestamp="2025-05-03T20:01:57.5393521-04:00">
        <Text>2025-05-04T00:01:57.538Z pw:api waiting for Locator("div[id='main-nav-tab'] a[id*='ember'][class$='nav-link'], div[id='main-nav-tab']  a[id*='ember'][class$='nav-link ']").Nth(6)</Text>
      </RunInfo>
      <RunInfo computerName="DESKTOP-RSFFHJT" outcome="Warning" timestamp="2025-05-03T20:01:57.5408937-04:00">
        <Text>2025-05-04T00:01:57.540Z pw:api   locator resolved to &lt;a id="ember108" href="#/contacts" class="ember-view nav-link"&gt;ΓÇª&lt;/a&gt;</Text>
      </RunInfo>
      <RunInfo computerName="DESKTOP-RSFFHJT" outcome="Warning" timestamp="2025-05-03T20:01:57.5413194-04:00">
        <Text>2025-05-04T00:01:57.540Z pw:api waiting for Locator("div[id='main-nav-tab'] a[id*='ember'][class$='nav-link'], div[id='main-nav-tab']  a[id*='ember'][class$='nav-link ']").Nth(7)</Text>
      </RunInfo>
      <RunInfo computerName="DESKTOP-RSFFHJT" outcome="Warning" timestamp="2025-05-03T20:01:57.5427698-04:00">
        <Text>2025-05-04T00:01:57.541Z pw:api   locator resolved to &lt;a id="ember114" href="#/salesorders" class="ember-view nav-link"&gt;ΓÇª&lt;/a&gt;</Text>
      </RunInfo>
      <RunInfo computerName="DESKTOP-RSFFHJT" outcome="Warning" timestamp="2025-05-03T20:01:57.5431439-04:00">
        <Text>2025-05-04T00:01:57.542Z pw:api waiting for Locator("div[id='main-nav-tab'] a[id*='ember'][class$='nav-link'], div[id='main-nav-tab']  a[id*='ember'][class$='nav-link ']").Nth(8)</Text>
      </RunInfo>
      <RunInfo computerName="DESKTOP-RSFFHJT" outcome="Warning" timestamp="2025-05-03T20:01:57.5454873-04:00">
        <Text>2025-05-04T00:01:57.544Z pw:api   locator resolved to &lt;a id="ember121" href="#/packages" class="ember-view nav-link"&gt;ΓÇª&lt;/a&gt;</Text>
      </RunInfo>
      <RunInfo computerName="DESKTOP-RSFFHJT" outcome="Warning" timestamp="2025-05-03T20:01:57.5460325-04:00">
        <Text>2025-05-04T00:01:57.545Z pw:api waiting for Locator("div[id='main-nav-tab'] a[id*='ember'][class$='nav-link'], div[id='main-nav-tab']  a[id*='ember'][class$='nav-link ']").Nth(9)</Text>
      </RunInfo>
      <RunInfo computerName="DESKTOP-RSFFHJT" outcome="Warning" timestamp="2025-05-03T20:01:57.5479550-04:00">
        <Text>2025-05-04T00:01:57.547Z pw:api   locator resolved to &lt;a id="ember125" href="#/shipments" class="ember-view nav-link"&gt;ΓÇª&lt;/a&gt;</Text>
      </RunInfo>
      <RunInfo computerName="DESKTOP-RSFFHJT" outcome="Warning" timestamp="2025-05-03T20:01:57.5487064-04:00">
        <Text>2025-05-04T00:01:57.547Z pw:api waiting for Locator("div[id='main-nav-tab'] a[id*='ember'][class$='nav-link'], div[id='main-nav-tab']  a[id*='ember'][class$='nav-link ']").Nth(10)</Text>
      </RunInfo>
      <RunInfo computerName="DESKTOP-RSFFHJT" outcome="Warning" timestamp="2025-05-03T20:01:57.5503091-04:00">
        <Text>2025-05-04T00:01:57.549Z pw:api   locator resolved to &lt;a id="ember129" href="#/invoices" class="ember-view nav-link"&gt;ΓÇª&lt;/a&gt;</Text>
      </RunInfo>
      <RunInfo computerName="DESKTOP-RSFFHJT" outcome="Warning" timestamp="2025-05-03T20:01:57.5508681-04:00">
        <Text>2025-05-04T00:01:57.550Z pw:api waiting for Locator("div[id='main-nav-tab'] a[id*='ember'][class$='nav-link'], div[id='main-nav-tab']  a[id*='ember'][class$='nav-link ']").Nth(11)</Text>
      </RunInfo>
      <RunInfo computerName="DESKTOP-RSFFHJT" outcome="Warning" timestamp="2025-05-03T20:01:57.5525402-04:00">
        <Text>2025-05-04T00:01:57.551Z pw:api   locator resolved to &lt;a id="ember134" href="#/paymentsreceived" class="ember-view nav-link"&gt;ΓÇª&lt;/a&gt;</Text>
      </RunInfo>
      <RunInfo computerName="DESKTOP-RSFFHJT" outcome="Warning" timestamp="2025-05-03T20:01:57.5531115-04:00">
        <Text>2025-05-04T00:01:57.552Z pw:api waiting for Locator("div[id='main-nav-tab'] a[id*='ember'][class$='nav-link'], div[id='main-nav-tab']  a[id*='ember'][class$='nav-link ']").Nth(12)</Text>
      </RunInfo>
      <RunInfo computerName="DESKTOP-RSFFHJT" outcome="Warning" timestamp="2025-05-03T20:01:57.5611281-04:00">
        <Text>2025-05-04T00:01:57.560Z pw:api   locator resolved to &lt;a id="ember140" href="#/salesreturns" class="ember-view nav-link"&gt;ΓÇª&lt;/a&gt;</Text>
      </RunInfo>
      <RunInfo computerName="DESKTOP-RSFFHJT" outcome="Warning" timestamp="2025-05-03T20:01:57.5619101-04:00">
        <Text>2025-05-04T00:01:57.561Z pw:api waiting for Locator("div[id='main-nav-tab'] a[id*='ember'][class$='nav-link'], div[id='main-nav-tab']  a[id*='ember'][class$='nav-link ']").Nth(13)</Text>
      </RunInfo>
      <RunInfo computerName="DESKTOP-RSFFHJT" outcome="Warning" timestamp="2025-05-03T20:01:57.5893061-04:00">
        <Text>2025-05-04T00:01:57.588Z pw:api   locator resolved to &lt;a id="ember143" href="#/creditnotes" class="ember-view nav-link"&gt;ΓÇª&lt;/a&gt;</Text>
      </RunInfo>
      <RunInfo computerName="DESKTOP-RSFFHJT" outcome="Warning" timestamp="2025-05-03T20:01:57.5898643-04:00">
        <Text>2025-05-04T00:01:57.589Z pw:api waiting for Locator("div[id='main-nav-tab'] a[id*='ember'][class$='nav-link'], div[id='main-nav-tab']  a[id*='ember'][class$='nav-link ']").Nth(14)</Text>
      </RunInfo>
      <RunInfo computerName="DESKTOP-RSFFHJT" outcome="Warning" timestamp="2025-05-03T20:01:57.6108421-04:00">
        <Text>2025-05-04T00:01:57.609Z pw:api   locator resolved to &lt;a id="ember147" class="collapsed ember-view nav-link "&gt;ΓÇª&lt;/a&gt;</Text>
      </RunInfo>
      <RunInfo computerName="DESKTOP-RSFFHJT" outcome="Warning" timestamp="2025-05-03T20:01:57.6116957-04:00">
        <Text>2025-05-04T00:01:57.610Z pw:api waiting for Locator("div[id='main-nav-tab'] a[id*='ember'][class$='nav-link'], div[id='main-nav-tab']  a[id*='ember'][class$='nav-link ']").Nth(15)</Text>
      </RunInfo>
      <RunInfo computerName="DESKTOP-RSFFHJT" outcome="Warning" timestamp="2025-05-03T20:01:57.6176848-04:00">
        <Text>2025-05-04T00:01:57.616Z pw:api   locator resolved to &lt;a id="ember151" href="#/vendors" class="ember-view nav-link"&gt;ΓÇª&lt;/a&gt;</Text>
      </RunInfo>
      <RunInfo computerName="DESKTOP-RSFFHJT" outcome="Warning" timestamp="2025-05-03T20:01:57.6183549-04:00">
        <Text>2025-05-04T00:01:57.617Z pw:api waiting for Locator("div[id='main-nav-tab'] a[id*='ember'][class$='nav-link'], div[id='main-nav-tab']  a[id*='ember'][class$='nav-link ']").Nth(16)</Text>
      </RunInfo>
      <RunInfo computerName="DESKTOP-RSFFHJT" outcome="Warning" timestamp="2025-05-03T20:01:57.6199675-04:00">
        <Text>2025-05-04T00:01:57.619Z pw:api   locator resolved to &lt;a id="ember155" href="#/expenses" class="ember-view nav-link"&gt;ΓÇª&lt;/a&gt;</Text>
      </RunInfo>
      <RunInfo computerName="DESKTOP-RSFFHJT" outcome="Warning" timestamp="2025-05-03T20:01:57.6204706-04:00">
        <Text>2025-05-04T00:01:57.619Z pw:api waiting for Locator("div[id='main-nav-tab'] a[id*='ember'][class$='nav-link'], div[id='main-nav-tab']  a[id*='ember'][class$='nav-link ']").Nth(17)</Text>
      </RunInfo>
      <RunInfo computerName="DESKTOP-RSFFHJT" outcome="Warning" timestamp="2025-05-03T20:01:57.6220095-04:00">
        <Text>2025-05-04T00:01:57.621Z pw:api   locator resolved to &lt;a id="ember159" href="#/purchaseorders" class="ember-view nav-link"&gt;ΓÇª&lt;/a&gt;</Text>
      </RunInfo>
      <RunInfo computerName="DESKTOP-RSFFHJT" outcome="Warning" timestamp="2025-05-03T20:01:57.6224553-04:00">
        <Text>2025-05-04T00:01:57.621Z pw:api waiting for Locator("div[id='main-nav-tab'] a[id*='ember'][class$='nav-link'], div[id='main-nav-tab']  a[id*='ember'][class$='nav-link ']").Nth(18)</Text>
      </RunInfo>
      <RunInfo computerName="DESKTOP-RSFFHJT" outcome="Warning" timestamp="2025-05-03T20:01:57.6242618-04:00">
        <Text>2025-05-04T00:01:57.623Z pw:api   locator resolved to &lt;a id="ember163" href="#/purchasereceives" class="ember-view nav-link"&gt;ΓÇª&lt;/a&gt;</Text>
      </RunInfo>
      <RunInfo computerName="DESKTOP-RSFFHJT" outcome="Warning" timestamp="2025-05-03T20:01:57.6247490-04:00">
        <Text>2025-05-04T00:01:57.623Z pw:api waiting for Locator("div[id='main-nav-tab'] a[id*='ember'][class$='nav-link'], div[id='main-nav-tab']  a[id*='ember'][class$='nav-link ']").Nth(19)</Text>
      </RunInfo>
      <RunInfo computerName="DESKTOP-RSFFHJT" outcome="Warning" timestamp="2025-05-03T20:01:57.6264402-04:00">
        <Text>2025-05-04T00:01:57.625Z pw:api   locator resolved to &lt;a id="ember168" href="#/bills" class="ember-view nav-link"&gt;ΓÇª&lt;/a&gt;</Text>
      </RunInfo>
      <RunInfo computerName="DESKTOP-RSFFHJT" outcome="Warning" timestamp="2025-05-03T20:01:57.6269574-04:00">
        <Text>2025-05-04T00:01:57.626Z pw:api waiting for Locator("div[id='main-nav-tab'] a[id*='ember'][class$='nav-link'], div[id='main-nav-tab']  a[id*='ember'][class$='nav-link ']").Nth(20)</Text>
      </RunInfo>
      <RunInfo computerName="DESKTOP-RSFFHJT" outcome="Warning" timestamp="2025-05-03T20:01:57.6291695-04:00">
        <Text>2025-05-04T00:01:57.628Z pw:api   locator resolved to &lt;a id="ember172" href="#/paymentsmade" class="ember-view nav-link"&gt;ΓÇª&lt;/a&gt;</Text>
      </RunInfo>
      <RunInfo computerName="DESKTOP-RSFFHJT" outcome="Warning" timestamp="2025-05-03T20:01:57.6296966-04:00">
        <Text>2025-05-04T00:01:57.628Z pw:api waiting for Locator("div[id='main-nav-tab'] a[id*='ember'][class$='nav-link'], div[id='main-nav-tab']  a[id*='ember'][class$='nav-link ']").Nth(21)</Text>
      </RunInfo>
      <RunInfo computerName="DESKTOP-RSFFHJT" outcome="Warning" timestamp="2025-05-03T20:01:57.6315237-04:00">
        <Text>2025-05-04T00:01:57.630Z pw:api   locator resolved to &lt;a id="ember177" href="#/vendorcredits" class="ember-view nav-link"&gt;ΓÇª&lt;/a&gt;</Text>
      </RunInfo>
      <RunInfo computerName="DESKTOP-RSFFHJT" outcome="Warning" timestamp="2025-05-03T20:01:57.6322569-04:00">
        <Text>2025-05-04T00:01:57.631Z pw:api waiting for Locator("div[id='main-nav-tab'] a[id*='ember'][class$='nav-link'], div[id='main-nav-tab']  a[id*='ember'][class$='nav-link ']").Nth(22)</Text>
      </RunInfo>
      <RunInfo computerName="DESKTOP-RSFFHJT" outcome="Warning" timestamp="2025-05-03T20:01:57.6340303-04:00">
        <Text>2025-05-04T00:01:57.633Z pw:api   locator resolved to &lt;a id="ember181" class="ember-view nav-link" href="#/settings/integrations"&gt;ΓÇª&lt;/a&gt;</Text>
      </RunInfo>
      <RunInfo computerName="DESKTOP-RSFFHJT" outcome="Warning" timestamp="2025-05-03T20:01:57.6345875-04:00">
        <Text>2025-05-04T00:01:57.633Z pw:api waiting for Locator("div[id='main-nav-tab'] a[id*='ember'][class$='nav-link'], div[id='main-nav-tab']  a[id*='ember'][class$='nav-link ']").Nth(23)</Text>
      </RunInfo>
      <RunInfo computerName="DESKTOP-RSFFHJT" outcome="Warning" timestamp="2025-05-03T20:01:57.6361287-04:00">
        <Text>2025-05-04T00:01:57.635Z pw:api   locator resolved to &lt;a id="ember184" href="#/reports" class="ember-view nav-link"&gt;ΓÇª&lt;/a&gt;</Text>
      </RunInfo>
      <RunInfo computerName="DESKTOP-RSFFHJT" outcome="Warning" timestamp="2025-05-03T20:01:57.6366181-04:00">
        <Text>2025-05-04T00:01:57.635Z pw:api waiting for Locator("div[id='main-nav-tab'] a[id*='ember'][class$='nav-link'], div[id='main-nav-tab']  a[id*='ember'][class$='nav-link ']").Nth(24)</Text>
      </RunInfo>
      <RunInfo computerName="DESKTOP-RSFFHJT" outcome="Warning" timestamp="2025-05-03T20:01:57.6383060-04:00">
        <Text>2025-05-04T00:01:57.637Z pw:api   locator resolved to &lt;a id="ember187" href="#/documents/inbox" class="ember-view nav-link"&gt;ΓÇª&lt;/a&gt;</Text>
      </RunInfo>
      <RunInfo computerName="DESKTOP-RSFFHJT" outcome="Warning" timestamp="2025-05-03T20:01:57.6387995-04:00">
        <Text>2025-05-04T00:01:57.637Z pw:api waiting for Locator("div[id='main-nav-tab'] a[id*='ember'][class$='nav-link'], div[id='main-nav-tab']  a[id*='ember'][class$='nav-link ']").Nth(1)</Text>
      </RunInfo>
      <RunInfo computerName="DESKTOP-RSFFHJT" outcome="Warning" timestamp="2025-05-03T20:01:57.6410615-04:00">
        <Text>2025-05-04T00:01:57.640Z pw:api   locator resolved to &lt;a id="ember82" class="collapsed ember-view nav-link "&gt;ΓÇª&lt;/a&gt;</Text>
      </RunInfo>
      <RunInfo computerName="DESKTOP-RSFFHJT" outcome="Warning" timestamp="2025-05-03T20:01:57.6415946-04:00">
        <Text>2025-05-04T00:01:57.640Z pw:api attempting click action</Text>
      </RunInfo>
      <RunInfo computerName="DESKTOP-RSFFHJT" outcome="Warning" timestamp="2025-05-03T20:01:57.6416172-04:00">
        <Text>2025-05-04T00:01:57.640Z pw:api   waiting for element to be visible, enabled and stable</Text>
      </RunInfo>
      <RunInfo computerName="DESKTOP-RSFFHJT" outcome="Warning" timestamp="2025-05-03T20:01:57.6623471-04:00">
        <Text>2025-05-04T00:01:57.661Z pw:api   element is visible, enabled and stable</Text>
      </RunInfo>
      <RunInfo computerName="DESKTOP-RSFFHJT" outcome="Warning" timestamp="2025-05-03T20:01:57.6623541-04:00">
        <Text>2025-05-04T00:01:57.661Z pw:api   scrolling into view if needed</Text>
      </RunInfo>
      <RunInfo computerName="DESKTOP-RSFFHJT" outcome="Warning" timestamp="2025-05-03T20:01:57.6628123-04:00">
        <Text>2025-05-04T00:01:57.661Z pw:api   done scrolling</Text>
      </RunInfo>
      <RunInfo computerName="DESKTOP-RSFFHJT" outcome="Warning" timestamp="2025-05-03T20:01:57.6647161-04:00">
        <Text>2025-05-04T00:01:57.663Z pw:api   performing click action</Text>
      </RunInfo>
      <RunInfo computerName="DESKTOP-RSFFHJT" outcome="Warning" timestamp="2025-05-03T20:01:57.6734562-04:00">
        <Text>2025-05-04T00:01:57.672Z pw:api   click action done</Text>
      </RunInfo>
      <RunInfo computerName="DESKTOP-RSFFHJT" outcome="Warning" timestamp="2025-05-03T20:01:57.6734635-04:00">
        <Text>2025-05-04T00:01:57.672Z pw:api   waiting for scheduled navigations to finish</Text>
      </RunInfo>
      <RunInfo computerName="DESKTOP-RSFFHJT" outcome="Warning" timestamp="2025-05-03T20:01:57.6736617-04:00">
        <Text>2025-05-04T00:01:57.672Z pw:api   navigations have finished</Text>
      </RunInfo>
      <RunInfo computerName="DESKTOP-RSFFHJT" outcome="Warning" timestamp="2025-05-03T20:01:57.6764768-04:00">
        <Text>2025-05-04T00:01:57.675Z pw:api waiting for Locator("div[id='main-nav-tab'] a[id*='ember'][class$='nav-link'], div[id='main-nav-tab']  a[id*='ember'][class$='nav-link ']").First</Text>
      </RunInfo>
      <RunInfo computerName="DESKTOP-RSFFHJT" outcome="Warning" timestamp="2025-05-03T20:01:57.6784015-04:00">
        <Text>2025-05-04T00:01:57.677Z pw:api   locator resolved to &lt;a id="ember79" href="#/home" class="ember-view active nav-link"&gt;ΓÇª&lt;/a&gt;</Text>
      </RunInfo>
      <RunInfo computerName="DESKTOP-RSFFHJT" outcome="Warning" timestamp="2025-05-03T20:01:57.6791121-04:00">
        <Text>2025-05-04T00:01:57.678Z pw:api waiting for Locator("div[id='main-nav-tab'] a[id*='ember'][class$='nav-link'], div[id='main-nav-tab']  a[id*='ember'][class$='nav-link ']").Nth(1)</Text>
      </RunInfo>
      <RunInfo computerName="DESKTOP-RSFFHJT" outcome="Warning" timestamp="2025-05-03T20:01:57.6830281-04:00">
        <Text>2025-05-04T00:01:57.682Z pw:api   locator resolved to &lt;a id="ember82" class="ember-view nav-link "&gt;ΓÇª&lt;/a&gt;</Text>
      </RunInfo>
      <RunInfo computerName="DESKTOP-RSFFHJT" outcome="Warning" timestamp="2025-05-03T20:01:57.6838328-04:00">
        <Text>2025-05-04T00:01:57.682Z pw:api waiting for Locator("div[id='main-nav-tab'] a[id*='ember'][class$='nav-link'], div[id='main-nav-tab']  a[id*='ember'][class$='nav-link ']").Nth(2)</Text>
      </RunInfo>
      <RunInfo computerName="DESKTOP-RSFFHJT" outcome="Warning" timestamp="2025-05-03T20:01:57.6873472-04:00">
        <Text>2025-05-04T00:01:57.684Z pw:api   locator resolved to &lt;a id="ember86" href="#/inventory/items" class="ember-view nav-link"&gt;ΓÇª&lt;/a&gt;</Text>
      </RunInfo>
      <RunInfo computerName="DESKTOP-RSFFHJT" outcome="Warning" timestamp="2025-05-03T20:01:57.6880441-04:00">
        <Text>2025-05-04T00:01:57.687Z pw:api waiting for Locator("div[id='main-nav-tab'] a[id*='ember'][class$='nav-link'], div[id='main-nav-tab']  a[id*='ember'][class$='nav-link ']").Nth(3)</Text>
      </RunInfo>
      <RunInfo computerName="DESKTOP-RSFFHJT" outcome="Warning" timestamp="2025-05-03T20:01:57.6900330-04:00">
        <Text>2025-05-04T00:01:57.689Z pw:api   locator resolved to &lt;a id="ember91" class="ember-view nav-link" href="#/inventory/itemgroups"&gt;ΓÇª&lt;/a&gt;</Text>
      </RunInfo>
      <RunInfo computerName="DESKTOP-RSFFHJT" outcome="Warning" timestamp="2025-05-03T20:01:57.6906374-04:00">
        <Text>2025-05-04T00:01:57.689Z pw:api waiting for Locator("div[id='main-nav-tab'] a[id*='ember'][class$='nav-link'], div[id='main-nav-tab']  a[id*='ember'][class$='nav-link ']").Nth(4)</Text>
      </RunInfo>
      <RunInfo computerName="DESKTOP-RSFFHJT" outcome="Warning" timestamp="2025-05-03T20:01:57.6923741-04:00">
        <Text>2025-05-04T00:01:57.691Z pw:api   locator resolved to &lt;a id="ember97" class="ember-view nav-link" href="#/inventory/adjustments"&gt;ΓÇª&lt;/a&gt;</Text>
      </RunInfo>
      <RunInfo computerName="DESKTOP-RSFFHJT" outcome="Warning" timestamp="2025-05-03T20:01:57.6929426-04:00">
        <Text>2025-05-04T00:01:57.692Z pw:api waiting for Locator("div[id='main-nav-tab'] a[id*='ember'][class$='nav-link'], div[id='main-nav-tab']  a[id*='ember'][class$='nav-link ']").Nth(5)</Text>
      </RunInfo>
      <RunInfo computerName="DESKTOP-RSFFHJT" outcome="Warning" timestamp="2025-05-03T20:01:57.6950932-04:00">
        <Text>2025-05-04T00:01:57.694Z pw:api   locator resolved to &lt;a id="ember104" class="collapsed ember-view nav-link "&gt;ΓÇª&lt;/a&gt;</Text>
      </RunInfo>
      <RunInfo computerName="DESKTOP-RSFFHJT" outcome="Warning" timestamp="2025-05-03T20:01:57.6959192-04:00">
        <Text>2025-05-04T00:01:57.695Z pw:api waiting for Locator("div[id='main-nav-tab'] a[id*='ember'][class$='nav-link'], div[id='main-nav-tab']  a[id*='ember'][class$='nav-link ']").Nth(6)</Text>
      </RunInfo>
      <RunInfo computerName="DESKTOP-RSFFHJT" outcome="Warning" timestamp="2025-05-03T20:01:57.6987668-04:00">
        <Text>2025-05-04T00:01:57.697Z pw:api   locator resolved to &lt;a id="ember108" href="#/contacts" class="ember-view nav-link"&gt;ΓÇª&lt;/a&gt;</Text>
      </RunInfo>
      <RunInfo computerName="DESKTOP-RSFFHJT" outcome="Warning" timestamp="2025-05-03T20:01:57.6993849-04:00">
        <Text>2025-05-04T00:01:57.698Z pw:api waiting for Locator("div[id='main-nav-tab'] a[id*='ember'][class$='nav-link'], div[id='main-nav-tab']  a[id*='ember'][class$='nav-link ']").Nth(7)</Text>
      </RunInfo>
      <RunInfo computerName="DESKTOP-RSFFHJT" outcome="Warning" timestamp="2025-05-03T20:01:57.7010547-04:00">
        <Text>2025-05-04T00:01:57.700Z pw:api   locator resolved to &lt;a id="ember114" href="#/salesorders" class="ember-view nav-link"&gt;ΓÇª&lt;/a&gt;</Text>
      </RunInfo>
      <RunInfo computerName="DESKTOP-RSFFHJT" outcome="Warning" timestamp="2025-05-03T20:01:57.7016472-04:00">
        <Text>2025-05-04T00:01:57.700Z pw:api waiting for Locator("div[id='main-nav-tab'] a[id*='ember'][class$='nav-link'], div[id='main-nav-tab']  a[id*='ember'][class$='nav-link ']").Nth(8)</Text>
      </RunInfo>
      <RunInfo computerName="DESKTOP-RSFFHJT" outcome="Warning" timestamp="2025-05-03T20:01:57.7034445-04:00">
        <Text>2025-05-04T00:01:57.702Z pw:api   locator resolved to &lt;a id="ember121" href="#/packages" class="ember-view nav-link"&gt;ΓÇª&lt;/a&gt;</Text>
      </RunInfo>
      <RunInfo computerName="DESKTOP-RSFFHJT" outcome="Warning" timestamp="2025-05-03T20:01:57.7040059-04:00">
        <Text>2025-05-04T00:01:57.703Z pw:api waiting for Locator("div[id='main-nav-tab'] a[id*='ember'][class$='nav-link'], div[id='main-nav-tab']  a[id*='ember'][class$='nav-link ']").Nth(9)</Text>
      </RunInfo>
      <RunInfo computerName="DESKTOP-RSFFHJT" outcome="Warning" timestamp="2025-05-03T20:01:57.7054023-04:00">
        <Text>2025-05-04T00:01:57.704Z pw:api   locator resolved to &lt;a id="ember125" href="#/shipments" class="ember-view nav-link"&gt;ΓÇª&lt;/a&gt;</Text>
      </RunInfo>
      <RunInfo computerName="DESKTOP-RSFFHJT" outcome="Warning" timestamp="2025-05-03T20:01:57.7059278-04:00">
        <Text>2025-05-04T00:01:57.705Z pw:api waiting for Locator("div[id='main-nav-tab'] a[id*='ember'][class$='nav-link'], div[id='main-nav-tab']  a[id*='ember'][class$='nav-link ']").Nth(10)</Text>
      </RunInfo>
      <RunInfo computerName="DESKTOP-RSFFHJT" outcome="Warning" timestamp="2025-05-03T20:01:57.7076875-04:00">
        <Text>2025-05-04T00:01:57.706Z pw:api   locator resolved to &lt;a id="ember129" href="#/invoices" class="ember-view nav-link"&gt;ΓÇª&lt;/a&gt;</Text>
      </RunInfo>
      <RunInfo computerName="DESKTOP-RSFFHJT" outcome="Warning" timestamp="2025-05-03T20:01:57.7081837-04:00">
        <Text>2025-05-04T00:01:57.707Z pw:api waiting for Locator("div[id='main-nav-tab'] a[id*='ember'][class$='nav-link'], div[id='main-nav-tab']  a[id*='ember'][class$='nav-link ']").Nth(11)</Text>
      </RunInfo>
      <RunInfo computerName="DESKTOP-RSFFHJT" outcome="Warning" timestamp="2025-05-03T20:01:57.7097645-04:00">
        <Text>2025-05-04T00:01:57.708Z pw:api   locator resolved to &lt;a id="ember134" href="#/paymentsreceived" class="ember-view nav-link"&gt;ΓÇª&lt;/a&gt;</Text>
      </RunInfo>
      <RunInfo computerName="DESKTOP-RSFFHJT" outcome="Warning" timestamp="2025-05-03T20:01:57.7102513-04:00">
        <Text>2025-05-04T00:01:57.709Z pw:api waiting for Locator("div[id='main-nav-tab'] a[id*='ember'][class$='nav-link'], div[id='main-nav-tab']  a[id*='ember'][class$='nav-link ']").Nth(12)</Text>
      </RunInfo>
      <RunInfo computerName="DESKTOP-RSFFHJT" outcome="Warning" timestamp="2025-05-03T20:01:57.7126399-04:00">
        <Text>2025-05-04T00:01:57.711Z pw:api   locator resolved to &lt;a id="ember140" href="#/salesreturns" class="ember-view nav-link"&gt;ΓÇª&lt;/a&gt;</Text>
      </RunInfo>
      <RunInfo computerName="DESKTOP-RSFFHJT" outcome="Warning" timestamp="2025-05-03T20:01:57.7132809-04:00">
        <Text>2025-05-04T00:01:57.712Z pw:api waiting for Locator("div[id='main-nav-tab'] a[id*='ember'][class$='nav-link'], div[id='main-nav-tab']  a[id*='ember'][class$='nav-link ']").Nth(13)</Text>
      </RunInfo>
      <RunInfo computerName="DESKTOP-RSFFHJT" outcome="Warning" timestamp="2025-05-03T20:01:57.7157338-04:00">
        <Text>2025-05-04T00:01:57.714Z pw:api   locator resolved to &lt;a id="ember143" href="#/creditnotes" class="ember-view nav-link"&gt;ΓÇª&lt;/a&gt;</Text>
      </RunInfo>
      <RunInfo computerName="DESKTOP-RSFFHJT" outcome="Warning" timestamp="2025-05-03T20:01:57.7163595-04:00">
        <Text>2025-05-04T00:01:57.715Z pw:api waiting for Locator("div[id='main-nav-tab'] a[id*='ember'][class$='nav-link'], div[id='main-nav-tab']  a[id*='ember'][class$='nav-link ']").Nth(14)</Text>
      </RunInfo>
      <RunInfo computerName="DESKTOP-RSFFHJT" outcome="Warning" timestamp="2025-05-03T20:01:57.7180896-04:00">
        <Text>2025-05-04T00:01:57.717Z pw:api   locator resolved to &lt;a id="ember147" class="collapsed ember-view nav-link "&gt;ΓÇª&lt;/a&gt;</Text>
      </RunInfo>
      <RunInfo computerName="DESKTOP-RSFFHJT" outcome="Warning" timestamp="2025-05-03T20:01:57.7185743-04:00">
        <Text>2025-05-04T00:01:57.717Z pw:api waiting for Locator("div[id='main-nav-tab'] a[id*='ember'][class$='nav-link'], div[id='main-nav-tab']  a[id*='ember'][class$='nav-link ']").Nth(15)</Text>
      </RunInfo>
      <RunInfo computerName="DESKTOP-RSFFHJT" outcome="Warning" timestamp="2025-05-03T20:01:57.7203936-04:00">
        <Text>2025-05-04T00:01:57.719Z pw:api   locator resolved to &lt;a id="ember151" href="#/vendors" class="ember-view nav-link"&gt;ΓÇª&lt;/a&gt;</Text>
      </RunInfo>
      <RunInfo computerName="DESKTOP-RSFFHJT" outcome="Warning" timestamp="2025-05-03T20:01:57.7207903-04:00">
        <Text>2025-05-04T00:01:57.719Z pw:api waiting for Locator("div[id='main-nav-tab'] a[id*='ember'][class$='nav-link'], div[id='main-nav-tab']  a[id*='ember'][class$='nav-link ']").Nth(16)</Text>
      </RunInfo>
      <RunInfo computerName="DESKTOP-RSFFHJT" outcome="Warning" timestamp="2025-05-03T20:01:57.7223328-04:00">
        <Text>2025-05-04T00:01:57.721Z pw:api   locator resolved to &lt;a id="ember155" href="#/expenses" class="ember-view nav-link"&gt;ΓÇª&lt;/a&gt;</Text>
      </RunInfo>
      <RunInfo computerName="DESKTOP-RSFFHJT" outcome="Warning" timestamp="2025-05-03T20:01:57.7228048-04:00">
        <Text>2025-05-04T00:01:57.721Z pw:api waiting for Locator("div[id='main-nav-tab'] a[id*='ember'][class$='nav-link'], div[id='main-nav-tab']  a[id*='ember'][class$='nav-link ']").Nth(17)</Text>
      </RunInfo>
      <RunInfo computerName="DESKTOP-RSFFHJT" outcome="Warning" timestamp="2025-05-03T20:01:57.7248465-04:00">
        <Text>2025-05-04T00:01:57.723Z pw:api   locator resolved to &lt;a id="ember159" href="#/purchaseorders" class="ember-view nav-link"&gt;ΓÇª&lt;/a&gt;</Text>
      </RunInfo>
      <RunInfo computerName="DESKTOP-RSFFHJT" outcome="Warning" timestamp="2025-05-03T20:01:57.7254172-04:00">
        <Text>2025-05-04T00:01:57.724Z pw:api waiting for Locator("div[id='main-nav-tab'] a[id*='ember'][class$='nav-link'], div[id='main-nav-tab']  a[id*='ember'][class$='nav-link ']").Nth(18)</Text>
      </RunInfo>
      <RunInfo computerName="DESKTOP-RSFFHJT" outcome="Warning" timestamp="2025-05-03T20:01:57.7269664-04:00">
        <Text>2025-05-04T00:01:57.726Z pw:api   locator resolved to &lt;a id="ember163" href="#/purchasereceives" class="ember-view nav-link"&gt;ΓÇª&lt;/a&gt;</Text>
      </RunInfo>
      <RunInfo computerName="DESKTOP-RSFFHJT" outcome="Warning" timestamp="2025-05-03T20:01:57.7275204-04:00">
        <Text>2025-05-04T00:01:57.726Z pw:api waiting for Locator("div[id='main-nav-tab'] a[id*='ember'][class$='nav-link'], div[id='main-nav-tab']  a[id*='ember'][class$='nav-link ']").Nth(19)</Text>
      </RunInfo>
      <RunInfo computerName="DESKTOP-RSFFHJT" outcome="Warning" timestamp="2025-05-03T20:01:57.7298867-04:00">
        <Text>2025-05-04T00:01:57.728Z pw:api   locator resolved to &lt;a id="ember168" href="#/bills" class="ember-view nav-link"&gt;ΓÇª&lt;/a&gt;</Text>
      </RunInfo>
      <RunInfo computerName="DESKTOP-RSFFHJT" outcome="Warning" timestamp="2025-05-03T20:01:57.7305663-04:00">
        <Text>2025-05-04T00:01:57.729Z pw:api waiting for Locator("div[id='main-nav-tab'] a[id*='ember'][class$='nav-link'], div[id='main-nav-tab']  a[id*='ember'][class$='nav-link ']").Nth(20)</Text>
      </RunInfo>
      <RunInfo computerName="DESKTOP-RSFFHJT" outcome="Warning" timestamp="2025-05-03T20:01:57.7332881-04:00">
        <Text>2025-05-04T00:01:57.732Z pw:api   locator resolved to &lt;a id="ember172" href="#/paymentsmade" class="ember-view nav-link"&gt;ΓÇª&lt;/a&gt;</Text>
      </RunInfo>
      <RunInfo computerName="DESKTOP-RSFFHJT" outcome="Warning" timestamp="2025-05-03T20:01:57.7340632-04:00">
        <Text>2025-05-04T00:01:57.733Z pw:api waiting for Locator("div[id='main-nav-tab'] a[id*='ember'][class$='nav-link'], div[id='main-nav-tab']  a[id*='ember'][class$='nav-link ']").Nth(21)</Text>
      </RunInfo>
      <RunInfo computerName="DESKTOP-RSFFHJT" outcome="Warning" timestamp="2025-05-03T20:01:57.7358159-04:00">
        <Text>2025-05-04T00:01:57.734Z pw:api   locator resolved to &lt;a id="ember177" href="#/vendorcredits" class="ember-view nav-link"&gt;ΓÇª&lt;/a&gt;</Text>
      </RunInfo>
      <RunInfo computerName="DESKTOP-RSFFHJT" outcome="Warning" timestamp="2025-05-03T20:01:57.7362793-04:00">
        <Text>2025-05-04T00:01:57.735Z pw:api waiting for Locator("div[id='main-nav-tab'] a[id*='ember'][class$='nav-link'], div[id='main-nav-tab']  a[id*='ember'][class$='nav-link ']").Nth(22)</Text>
      </RunInfo>
      <RunInfo computerName="DESKTOP-RSFFHJT" outcome="Warning" timestamp="2025-05-03T20:01:57.7378137-04:00">
        <Text>2025-05-04T00:01:57.736Z pw:api   locator resolved to &lt;a id="ember181" class="ember-view nav-link" href="#/settings/integrations"&gt;ΓÇª&lt;/a&gt;</Text>
      </RunInfo>
      <RunInfo computerName="DESKTOP-RSFFHJT" outcome="Warning" timestamp="2025-05-03T20:01:57.7383815-04:00">
        <Text>2025-05-04T00:01:57.737Z pw:api waiting for Locator("div[id='main-nav-tab'] a[id*='ember'][class$='nav-link'], div[id='main-nav-tab']  a[id*='ember'][class$='nav-link ']").Nth(23)</Text>
      </RunInfo>
      <RunInfo computerName="DESKTOP-RSFFHJT" outcome="Warning" timestamp="2025-05-03T20:01:57.7400939-04:00">
        <Text>2025-05-04T00:01:57.739Z pw:api   locator resolved to &lt;a id="ember184" href="#/reports" class="ember-view nav-link"&gt;ΓÇª&lt;/a&gt;</Text>
      </RunInfo>
      <RunInfo computerName="DESKTOP-RSFFHJT" outcome="Warning" timestamp="2025-05-03T20:01:57.7405543-04:00">
        <Text>2025-05-04T00:01:57.739Z pw:api waiting for Locator("div[id='main-nav-tab'] a[id*='ember'][class$='nav-link'], div[id='main-nav-tab']  a[id*='ember'][class$='nav-link ']").Nth(24)</Text>
      </RunInfo>
      <RunInfo computerName="DESKTOP-RSFFHJT" outcome="Warning" timestamp="2025-05-03T20:01:57.7421104-04:00">
        <Text>2025-05-04T00:01:57.741Z pw:api   locator resolved to &lt;a id="ember187" href="#/documents/inbox" class="ember-view nav-link"&gt;ΓÇª&lt;/a&gt;</Text>
      </RunInfo>
      <RunInfo computerName="DESKTOP-RSFFHJT" outcome="Warning" timestamp="2025-05-03T20:01:57.7426022-04:00">
        <Text>2025-05-04T00:01:57.741Z pw:api waiting for Locator("div[id='main-nav-tab'] a[id*='ember'][class$='nav-link'], div[id='main-nav-tab']  a[id*='ember'][class$='nav-link ']").Nth(3)</Text>
      </RunInfo>
      <RunInfo computerName="DESKTOP-RSFFHJT" outcome="Warning" timestamp="2025-05-03T20:01:57.7469872-04:00">
        <Text>2025-05-04T00:01:57.745Z pw:api   locator resolved to &lt;a id="ember91" class="ember-view nav-link" href="#/inventory/itemgroups"&gt;ΓÇª&lt;/a&gt;</Text>
      </RunInfo>
      <RunInfo computerName="DESKTOP-RSFFHJT" outcome="Warning" timestamp="2025-05-03T20:01:57.7475490-04:00">
        <Text>2025-05-04T00:01:57.746Z pw:api attempting click action</Text>
      </RunInfo>
      <RunInfo computerName="DESKTOP-RSFFHJT" outcome="Warning" timestamp="2025-05-03T20:01:57.7475650-04:00">
        <Text>2025-05-04T00:01:57.746Z pw:api   waiting for element to be visible, enabled and stable</Text>
      </RunInfo>
      <RunInfo computerName="DESKTOP-RSFFHJT" outcome="Warning" timestamp="2025-05-03T20:01:57.7842527-04:00">
        <Text>2025-05-04T00:01:57.783Z pw:api   element is visible, enabled and stable</Text>
      </RunInfo>
      <RunInfo computerName="DESKTOP-RSFFHJT" outcome="Warning" timestamp="2025-05-03T20:01:57.7842612-04:00">
        <Text>2025-05-04T00:01:57.783Z pw:api   scrolling into view if needed</Text>
      </RunInfo>
      <RunInfo computerName="DESKTOP-RSFFHJT" outcome="Warning" timestamp="2025-05-03T20:01:57.7852593-04:00">
        <Text>2025-05-04T00:01:57.784Z pw:api   done scrolling</Text>
      </RunInfo>
      <RunInfo computerName="DESKTOP-RSFFHJT" outcome="Warning" timestamp="2025-05-03T20:01:57.7870305-04:00">
        <Text>2025-05-04T00:01:57.786Z pw:api   performing click action</Text>
      </RunInfo>
      <RunInfo computerName="DESKTOP-RSFFHJT" outcome="Warning" timestamp="2025-05-03T20:01:57.8090580-04:00">
        <Text>2025-05-04T00:01:57.808Z pw:api   click action done</Text>
      </RunInfo>
      <RunInfo computerName="DESKTOP-RSFFHJT" outcome="Warning" timestamp="2025-05-03T20:01:57.8090642-04:00">
        <Text>2025-05-04T00:01:57.808Z pw:api   waiting for scheduled navigations to finish</Text>
      </RunInfo>
      <RunInfo computerName="DESKTOP-RSFFHJT" outcome="Warning" timestamp="2025-05-03T20:01:57.8092737-04:00">
        <Text>2025-05-04T00:01:57.808Z pw:api   navigations have finished</Text>
      </RunInfo>
      <RunInfo computerName="DESKTOP-RSFFHJT" outcome="Warning" timestamp="2025-05-03T20:01:57.8105530-04:00">
        <Text>2025-05-04T00:01:57.809Z pw:api waiting for Locator("table[id='vertically-scrolled-table']") to be visible</Text>
      </RunInfo>
      <RunInfo computerName="DESKTOP-RSFFHJT" outcome="Warning" timestamp="2025-05-03T20:01:58.2150436-04:00">
        <Text>2025-05-04T00:01:58.213Z pw:api   navigated to "https://www.zoho.com/ca/inventory/inventory-software-demo/#/inventory/itemgroups"</Text>
      </RunInfo>
      <RunInfo computerName="DESKTOP-RSFFHJT" outcome="Warning" timestamp="2025-05-03T20:01:58.7715190-04:00">
        <Text>2025-05-04T00:01:58.770Z pw:api   "networkidle" event fired</Text>
      </RunInfo>
      <RunInfo computerName="DESKTOP-RSFFHJT" outcome="Warning" timestamp="2025-05-03T20:02:00.8278465-04:00">
        <Text>2025-05-04T00:02:00.826Z pw:api waiting for Locator("a[class='dropdown-toggle ember-view     no-caret']")</Text>
      </RunInfo>
      <RunInfo computerName="DESKTOP-RSFFHJT" outcome="Warning" timestamp="2025-05-03T20:02:00.8296182-04:00">
        <Text>2025-05-04T00:02:00.828Z pw:api   locator resolved to &lt;a id="ember276" class="dropdown-toggle ember-view     no-caret"&gt;ΓÇª&lt;/a&gt;</Text>
      </RunInfo>
      <RunInfo computerName="DESKTOP-RSFFHJT" outcome="Warning" timestamp="2025-05-03T20:02:00.8300632-04:00">
        <Text>2025-05-04T00:02:00.829Z pw:api attempting click action</Text>
      </RunInfo>
      <RunInfo computerName="DESKTOP-RSFFHJT" outcome="Warning" timestamp="2025-05-03T20:02:00.8300720-04:00">
        <Text>2025-05-04T00:02:00.829Z pw:api   waiting for element to be visible, enabled and stable</Text>
      </RunInfo>
      <RunInfo computerName="DESKTOP-RSFFHJT" outcome="Warning" timestamp="2025-05-03T20:02:00.8446454-04:00">
        <Text>2025-05-04T00:02:00.843Z pw:api   element is visible, enabled and stable</Text>
      </RunInfo>
      <RunInfo computerName="DESKTOP-RSFFHJT" outcome="Warning" timestamp="2025-05-03T20:02:00.8446519-04:00">
        <Text>2025-05-04T00:02:00.843Z pw:api   scrolling into view if needed</Text>
      </RunInfo>
      <RunInfo computerName="DESKTOP-RSFFHJT" outcome="Warning" timestamp="2025-05-03T20:02:00.8450020-04:00">
        <Text>2025-05-04T00:02:00.844Z pw:api   done scrolling</Text>
      </RunInfo>
      <RunInfo computerName="DESKTOP-RSFFHJT" outcome="Warning" timestamp="2025-05-03T20:02:00.8466800-04:00">
        <Text>2025-05-04T00:02:00.845Z pw:api   performing click action</Text>
      </RunInfo>
      <RunInfo computerName="DESKTOP-RSFFHJT" outcome="Warning" timestamp="2025-05-03T20:02:00.8535487-04:00">
        <Text>2025-05-04T00:02:00.852Z pw:api   click action done</Text>
      </RunInfo>
      <RunInfo computerName="DESKTOP-RSFFHJT" outcome="Warning" timestamp="2025-05-03T20:02:00.8535566-04:00">
        <Text>2025-05-04T00:02:00.852Z pw:api   waiting for scheduled navigations to finish</Text>
      </RunInfo>
      <RunInfo computerName="DESKTOP-RSFFHJT" outcome="Warning" timestamp="2025-05-03T20:02:00.8536803-04:00">
        <Text>2025-05-04T00:02:00.852Z pw:api   navigations have finished</Text>
      </RunInfo>
      <RunInfo computerName="DESKTOP-RSFFHJT" outcome="Warning" timestamp="2025-05-03T20:02:00.8564463-04:00">
        <Text>2025-05-04T00:02:00.855Z pw:api waiting for Locator("div[class='dropdown-menu show  scrollmenu listview-filter'] button[class^='dropdown-item']").First</Text>
      </RunInfo>
      <RunInfo computerName="DESKTOP-RSFFHJT" outcome="Warning" timestamp="2025-05-03T20:02:00.8575639-04:00">
        <Text>2025-05-04T00:02:00.856Z pw:api   locator resolved to &lt;button type="button" data-ember-action="" data-ember-action-277="277" class="dropdown-item item-focus"&gt;All Item Groups&lt;/button&gt;</Text>
      </RunInfo>
      <RunInfo computerName="DESKTOP-RSFFHJT" outcome="Warning" timestamp="2025-05-03T20:02:00.8580992-04:00">
        <Text>2025-05-04T00:02:00.857Z pw:api waiting for Locator("div[class='dropdown-menu show  scrollmenu listview-filter'] button[class^='dropdown-item']").Nth(1)</Text>
      </RunInfo>
      <RunInfo computerName="DESKTOP-RSFFHJT" outcome="Warning" timestamp="2025-05-03T20:02:00.8592712-04:00">
        <Text>2025-05-04T00:02:00.858Z pw:api   locator resolved to &lt;button type="button" data-ember-action="" class="dropdown-item" data-ember-action-278="278"&gt;Active Item Groups&lt;/button&gt;</Text>
      </RunInfo>
      <RunInfo computerName="DESKTOP-RSFFHJT" outcome="Warning" timestamp="2025-05-03T20:02:00.8597502-04:00">
        <Text>2025-05-04T00:02:00.858Z pw:api waiting for Locator("div[class='dropdown-menu show  scrollmenu listview-filter'] button[class^='dropdown-item']").Nth(2)</Text>
      </RunInfo>
      <RunInfo computerName="DESKTOP-RSFFHJT" outcome="Warning" timestamp="2025-05-03T20:02:00.8611238-04:00">
        <Text>2025-05-04T00:02:00.860Z pw:api   locator resolved to &lt;button type="button" data-ember-action="" class="dropdown-item" data-ember-action-279="279"&gt;Inactive Item Groups&lt;/button&gt;</Text>
      </RunInfo>
      <RunInfo computerName="DESKTOP-RSFFHJT" outcome="Warning" timestamp="2025-05-03T20:02:00.8617811-04:00">
        <Text>2025-05-04T00:02:00.860Z pw:api waiting for Locator("div[class='dropdown-menu show  scrollmenu listview-filter'] button[class^='dropdown-item']").Nth(2)</Text>
      </RunInfo>
      <RunInfo computerName="DESKTOP-RSFFHJT" outcome="Warning" timestamp="2025-05-03T20:02:00.8640226-04:00">
        <Text>2025-05-04T00:02:00.863Z pw:api   locator resolved to &lt;button type="button" data-ember-action="" class="dropdown-item" data-ember-action-279="279"&gt;Inactive Item Groups&lt;/button&gt;</Text>
      </RunInfo>
      <RunInfo computerName="DESKTOP-RSFFHJT" outcome="Warning" timestamp="2025-05-03T20:02:00.8644083-04:00">
        <Text>2025-05-04T00:02:00.863Z pw:api attempting click action</Text>
      </RunInfo>
      <RunInfo computerName="DESKTOP-RSFFHJT" outcome="Warning" timestamp="2025-05-03T20:02:00.8644298-04:00">
        <Text>2025-05-04T00:02:00.863Z pw:api   waiting for element to be visible, enabled and stable</Text>
      </RunInfo>
      <RunInfo computerName="DESKTOP-RSFFHJT" outcome="Warning" timestamp="2025-05-03T20:02:00.8948512-04:00">
        <Text>2025-05-04T00:02:00.893Z pw:api   element is visible, enabled and stable</Text>
      </RunInfo>
      <RunInfo computerName="DESKTOP-RSFFHJT" outcome="Warning" timestamp="2025-05-03T20:02:00.8948573-04:00">
        <Text>2025-05-04T00:02:00.893Z pw:api   scrolling into view if needed</Text>
      </RunInfo>
      <RunInfo computerName="DESKTOP-RSFFHJT" outcome="Warning" timestamp="2025-05-03T20:02:00.8950089-04:00">
        <Text>2025-05-04T00:02:00.894Z pw:api   done scrolling</Text>
      </RunInfo>
      <RunInfo computerName="DESKTOP-RSFFHJT" outcome="Warning" timestamp="2025-05-03T20:02:00.8966170-04:00">
        <Text>2025-05-04T00:02:00.895Z pw:api   performing click action</Text>
      </RunInfo>
      <RunInfo computerName="DESKTOP-RSFFHJT" outcome="Warning" timestamp="2025-05-03T20:02:00.9127007-04:00">
        <Text>2025-05-04T00:02:00.911Z pw:api   navigated to "https://www.zoho.com/ca/inventory/inventory-software-demo/#/inventory/itemgroups?filter_by=Status.Inactive"</Text>
      </RunInfo>
      <RunInfo computerName="DESKTOP-RSFFHJT" outcome="Warning" timestamp="2025-05-03T20:02:00.9296010-04:00">
        <Text>2025-05-04T00:02:00.928Z pw:api   click action done</Text>
      </RunInfo>
      <RunInfo computerName="DESKTOP-RSFFHJT" outcome="Warning" timestamp="2025-05-03T20:02:00.9296089-04:00">
        <Text>2025-05-04T00:02:00.928Z pw:api   waiting for scheduled navigations to finish</Text>
      </RunInfo>
      <RunInfo computerName="DESKTOP-RSFFHJT" outcome="Warning" timestamp="2025-05-03T20:02:00.9298555-04:00">
        <Text>2025-05-04T00:02:00.928Z pw:api   navigations have finished</Text>
      </RunInfo>
      <RunInfo computerName="DESKTOP-RSFFHJT" outcome="Warning" timestamp="2025-05-03T20:02:01.0233526-04:00">
        <Text>2025-05-04T00:02:01.022Z pw:api navigating to "https://www.zoho.com/ca/inventory/inventory-software-demo/#/home/inventory-dashboard", waiting until "load"</Text>
      </RunInfo>
      <RunInfo computerName="DESKTOP-RSFFHJT" outcome="Warning" timestamp="2025-05-03T20:02:01.1661881-04:00">
        <Text>2025-05-04T00:02:01.165Z pw:api   "commit" event fired</Text>
      </RunInfo>
      <RunInfo computerName="DESKTOP-RSFFHJT" outcome="Warning" timestamp="2025-05-03T20:02:01.1662159-04:00">
        <Text>2025-05-04T00:02:01.165Z pw:api   navigated to "https://www.zoho.com/ca/inventory/inventory-software-demo/#/home/inventory-dashboard"</Text>
      </RunInfo>
      <RunInfo computerName="DESKTOP-RSFFHJT" outcome="Warning" timestamp="2025-05-03T20:02:02.8342667-04:00">
        <Text>2025-05-04T00:02:02.833Z pw:api   "networkidle" event fired</Text>
      </RunInfo>
      <RunInfo computerName="DESKTOP-RSFFHJT" outcome="Warning" timestamp="2025-05-03T20:02:03.2445730-04:00">
        <Text>2025-05-04T00:02:03.242Z pw:api   "domcontentloaded" event fired</Text>
      </RunInfo>
      <RunInfo computerName="DESKTOP-RSFFHJT" outcome="Warning" timestamp="2025-05-03T20:02:03.9873845-04:00">
        <Text>2025-05-04T00:02:03.986Z pw:api   "load" event fired</Text>
      </RunInfo>
      <RunInfo computerName="DESKTOP-RSFFHJT" outcome="Warning" timestamp="2025-05-03T20:02:04.0063794-04:00">
        <Text>2025-05-04T00:02:04.005Z pw:api waiting for Locator("div[id='main-nav-tab'] a[id*='ember'][class$='nav-link'], div[id='main-nav-tab']  a[id*='ember'][class$='nav-link ']").First</Text>
      </RunInfo>
      <RunInfo computerName="DESKTOP-RSFFHJT" outcome="Warning" timestamp="2025-05-03T20:02:04.0086198-04:00">
        <Text>2025-05-04T00:02:04.007Z pw:api   locator resolved to &lt;a id="ember79" href="#/home" class="ember-view active nav-link"&gt;ΓÇª&lt;/a&gt;</Text>
      </RunInfo>
      <RunInfo computerName="DESKTOP-RSFFHJT" outcome="Warning" timestamp="2025-05-03T20:02:04.0091157-04:00">
        <Text>2025-05-04T00:02:04.008Z pw:api waiting for Locator("div[id='main-nav-tab'] a[id*='ember'][class$='nav-link'], div[id='main-nav-tab']  a[id*='ember'][class$='nav-link ']").Nth(1)</Text>
      </RunInfo>
      <RunInfo computerName="DESKTOP-RSFFHJT" outcome="Warning" timestamp="2025-05-03T20:02:04.0114929-04:00">
        <Text>2025-05-04T00:02:04.010Z pw:api   locator resolved to &lt;a id="ember82" class="collapsed ember-view nav-link "&gt;ΓÇª&lt;/a&gt;</Text>
      </RunInfo>
      <RunInfo computerName="DESKTOP-RSFFHJT" outcome="Warning" timestamp="2025-05-03T20:02:04.0122982-04:00">
        <Text>2025-05-04T00:02:04.011Z pw:api waiting for Locator("div[id='main-nav-tab'] a[id*='ember'][class$='nav-link'], div[id='main-nav-tab']  a[id*='ember'][class$='nav-link ']").Nth(2)</Text>
      </RunInfo>
      <RunInfo computerName="DESKTOP-RSFFHJT" outcome="Warning" timestamp="2025-05-03T20:02:04.0142136-04:00">
        <Text>2025-05-04T00:02:04.013Z pw:api   locator resolved to &lt;a id="ember86" href="#/inventory/items" class="ember-view nav-link"&gt;ΓÇª&lt;/a&gt;</Text>
      </RunInfo>
      <RunInfo computerName="DESKTOP-RSFFHJT" outcome="Warning" timestamp="2025-05-03T20:02:04.0149916-04:00">
        <Text>2025-05-04T00:02:04.014Z pw:api waiting for Locator("div[id='main-nav-tab'] a[id*='ember'][class$='nav-link'], div[id='main-nav-tab']  a[id*='ember'][class$='nav-link ']").Nth(3)</Text>
      </RunInfo>
      <RunInfo computerName="DESKTOP-RSFFHJT" outcome="Warning" timestamp="2025-05-03T20:02:04.0166094-04:00">
        <Text>2025-05-04T00:02:04.015Z pw:api   locator resolved to &lt;a id="ember91" class="ember-view nav-link" href="#/inventory/itemgroups"&gt;ΓÇª&lt;/a&gt;</Text>
      </RunInfo>
      <RunInfo computerName="DESKTOP-RSFFHJT" outcome="Warning" timestamp="2025-05-03T20:02:04.0173040-04:00">
        <Text>2025-05-04T00:02:04.016Z pw:api waiting for Locator("div[id='main-nav-tab'] a[id*='ember'][class$='nav-link'], div[id='main-nav-tab']  a[id*='ember'][class$='nav-link ']").Nth(4)</Text>
      </RunInfo>
      <RunInfo computerName="DESKTOP-RSFFHJT" outcome="Warning" timestamp="2025-05-03T20:02:04.0189064-04:00">
        <Text>2025-05-04T00:02:04.018Z pw:api   locator resolved to &lt;a id="ember97" class="ember-view nav-link" href="#/inventory/adjustments"&gt;ΓÇª&lt;/a&gt;</Text>
      </RunInfo>
      <RunInfo computerName="DESKTOP-RSFFHJT" outcome="Warning" timestamp="2025-05-03T20:02:04.0192634-04:00">
        <Text>2025-05-04T00:02:04.018Z pw:api waiting for Locator("div[id='main-nav-tab'] a[id*='ember'][class$='nav-link'], div[id='main-nav-tab']  a[id*='ember'][class$='nav-link ']").Nth(5)</Text>
      </RunInfo>
      <RunInfo computerName="DESKTOP-RSFFHJT" outcome="Warning" timestamp="2025-05-03T20:02:04.0208358-04:00">
        <Text>2025-05-04T00:02:04.020Z pw:api   locator resolved to &lt;a id="ember104" class="collapsed ember-view nav-link "&gt;ΓÇª&lt;/a&gt;</Text>
      </RunInfo>
      <RunInfo computerName="DESKTOP-RSFFHJT" outcome="Warning" timestamp="2025-05-03T20:02:04.0214329-04:00">
        <Text>2025-05-04T00:02:04.020Z pw:api waiting for Locator("div[id='main-nav-tab'] a[id*='ember'][class$='nav-link'], div[id='main-nav-tab']  a[id*='ember'][class$='nav-link ']").Nth(6)</Text>
      </RunInfo>
      <RunInfo computerName="DESKTOP-RSFFHJT" outcome="Warning" timestamp="2025-05-03T20:02:04.0229569-04:00">
        <Text>2025-05-04T00:02:04.022Z pw:api   locator resolved to &lt;a id="ember108" href="#/contacts" class="ember-view nav-link"&gt;ΓÇª&lt;/a&gt;</Text>
      </RunInfo>
      <RunInfo computerName="DESKTOP-RSFFHJT" outcome="Warning" timestamp="2025-05-03T20:02:04.0234795-04:00">
        <Text>2025-05-04T00:02:04.022Z pw:api waiting for Locator("div[id='main-nav-tab'] a[id*='ember'][class$='nav-link'], div[id='main-nav-tab']  a[id*='ember'][class$='nav-link ']").Nth(7)</Text>
      </RunInfo>
      <RunInfo computerName="DESKTOP-RSFFHJT" outcome="Warning" timestamp="2025-05-03T20:02:04.0251583-04:00">
        <Text>2025-05-04T00:02:04.024Z pw:api   locator resolved to &lt;a id="ember114" href="#/salesorders" class="ember-view nav-link"&gt;ΓÇª&lt;/a&gt;</Text>
      </RunInfo>
      <RunInfo computerName="DESKTOP-RSFFHJT" outcome="Warning" timestamp="2025-05-03T20:02:04.0256034-04:00">
        <Text>2025-05-04T00:02:04.024Z pw:api waiting for Locator("div[id='main-nav-tab'] a[id*='ember'][class$='nav-link'], div[id='main-nav-tab']  a[id*='ember'][class$='nav-link ']").Nth(8)</Text>
      </RunInfo>
      <RunInfo computerName="DESKTOP-RSFFHJT" outcome="Warning" timestamp="2025-05-03T20:02:04.0272292-04:00">
        <Text>2025-05-04T00:02:04.026Z pw:api   locator resolved to &lt;a id="ember121" href="#/packages" class="ember-view nav-link"&gt;ΓÇª&lt;/a&gt;</Text>
      </RunInfo>
      <RunInfo computerName="DESKTOP-RSFFHJT" outcome="Warning" timestamp="2025-05-03T20:02:04.0280058-04:00">
        <Text>2025-05-04T00:02:04.027Z pw:api waiting for Locator("div[id='main-nav-tab'] a[id*='ember'][class$='nav-link'], div[id='main-nav-tab']  a[id*='ember'][class$='nav-link ']").Nth(9)</Text>
      </RunInfo>
      <RunInfo computerName="DESKTOP-RSFFHJT" outcome="Warning" timestamp="2025-05-03T20:02:04.0302382-04:00">
        <Text>2025-05-04T00:02:04.029Z pw:api   locator resolved to &lt;a id="ember125" href="#/shipments" class="ember-view nav-link"&gt;ΓÇª&lt;/a&gt;</Text>
      </RunInfo>
      <RunInfo computerName="DESKTOP-RSFFHJT" outcome="Warning" timestamp="2025-05-03T20:02:04.0309441-04:00">
        <Text>2025-05-04T00:02:04.030Z pw:api waiting for Locator("div[id='main-nav-tab'] a[id*='ember'][class$='nav-link'], div[id='main-nav-tab']  a[id*='ember'][class$='nav-link ']").Nth(10)</Text>
      </RunInfo>
      <RunInfo computerName="DESKTOP-RSFFHJT" outcome="Warning" timestamp="2025-05-03T20:02:04.0323496-04:00">
        <Text>2025-05-04T00:02:04.031Z pw:api   locator resolved to &lt;a id="ember129" href="#/invoices" class="ember-view nav-link"&gt;ΓÇª&lt;/a&gt;</Text>
      </RunInfo>
      <RunInfo computerName="DESKTOP-RSFFHJT" outcome="Warning" timestamp="2025-05-03T20:02:04.0329991-04:00">
        <Text>2025-05-04T00:02:04.032Z pw:api waiting for Locator("div[id='main-nav-tab'] a[id*='ember'][class$='nav-link'], div[id='main-nav-tab']  a[id*='ember'][class$='nav-link ']").Nth(11)</Text>
      </RunInfo>
      <RunInfo computerName="DESKTOP-RSFFHJT" outcome="Warning" timestamp="2025-05-03T20:02:04.0347571-04:00">
        <Text>2025-05-04T00:02:04.033Z pw:api   locator resolved to &lt;a id="ember134" href="#/paymentsreceived" class="ember-view nav-link"&gt;ΓÇª&lt;/a&gt;</Text>
      </RunInfo>
      <RunInfo computerName="DESKTOP-RSFFHJT" outcome="Warning" timestamp="2025-05-03T20:02:04.0353034-04:00">
        <Text>2025-05-04T00:02:04.034Z pw:api waiting for Locator("div[id='main-nav-tab'] a[id*='ember'][class$='nav-link'], div[id='main-nav-tab']  a[id*='ember'][class$='nav-link ']").Nth(12)</Text>
      </RunInfo>
      <RunInfo computerName="DESKTOP-RSFFHJT" outcome="Warning" timestamp="2025-05-03T20:02:04.0367946-04:00">
        <Text>2025-05-04T00:02:04.035Z pw:api   locator resolved to &lt;a id="ember140" href="#/salesreturns" class="ember-view nav-link"&gt;ΓÇª&lt;/a&gt;</Text>
      </RunInfo>
      <RunInfo computerName="DESKTOP-RSFFHJT" outcome="Warning" timestamp="2025-05-03T20:02:04.0373848-04:00">
        <Text>2025-05-04T00:02:04.036Z pw:api waiting for Locator("div[id='main-nav-tab'] a[id*='ember'][class$='nav-link'], div[id='main-nav-tab']  a[id*='ember'][class$='nav-link ']").Nth(13)</Text>
      </RunInfo>
      <RunInfo computerName="DESKTOP-RSFFHJT" outcome="Warning" timestamp="2025-05-03T20:02:04.0390614-04:00">
        <Text>2025-05-04T00:02:04.038Z pw:api   locator resolved to &lt;a id="ember143" href="#/creditnotes" class="ember-view nav-link"&gt;ΓÇª&lt;/a&gt;</Text>
      </RunInfo>
      <RunInfo computerName="DESKTOP-RSFFHJT" outcome="Warning" timestamp="2025-05-03T20:02:04.0397272-04:00">
        <Text>2025-05-04T00:02:04.038Z pw:api waiting for Locator("div[id='main-nav-tab'] a[id*='ember'][class$='nav-link'], div[id='main-nav-tab']  a[id*='ember'][class$='nav-link ']").Nth(14)</Text>
      </RunInfo>
      <RunInfo computerName="DESKTOP-RSFFHJT" outcome="Warning" timestamp="2025-05-03T20:02:04.0480525-04:00">
        <Text>2025-05-04T00:02:04.046Z pw:api   locator resolved to &lt;a id="ember147" class="collapsed ember-view nav-link "&gt;ΓÇª&lt;/a&gt;</Text>
      </RunInfo>
      <RunInfo computerName="DESKTOP-RSFFHJT" outcome="Warning" timestamp="2025-05-03T20:02:04.0486211-04:00">
        <Text>2025-05-04T00:02:04.047Z pw:api waiting for Locator("div[id='main-nav-tab'] a[id*='ember'][class$='nav-link'], div[id='main-nav-tab']  a[id*='ember'][class$='nav-link ']").Nth(15)</Text>
      </RunInfo>
      <RunInfo computerName="DESKTOP-RSFFHJT" outcome="Warning" timestamp="2025-05-03T20:02:04.0723246-04:00">
        <Text>2025-05-04T00:02:04.071Z pw:api   locator resolved to &lt;a id="ember151" href="#/vendors" class="ember-view nav-link"&gt;ΓÇª&lt;/a&gt;</Text>
      </RunInfo>
      <RunInfo computerName="DESKTOP-RSFFHJT" outcome="Warning" timestamp="2025-05-03T20:02:04.0728728-04:00">
        <Text>2025-05-04T00:02:04.072Z pw:api waiting for Locator("div[id='main-nav-tab'] a[id*='ember'][class$='nav-link'], div[id='main-nav-tab']  a[id*='ember'][class$='nav-link ']").Nth(16)</Text>
      </RunInfo>
      <RunInfo computerName="DESKTOP-RSFFHJT" outcome="Warning" timestamp="2025-05-03T20:02:04.0965059-04:00">
        <Text>2025-05-04T00:02:04.095Z pw:api   locator resolved to &lt;a id="ember155" href="#/expenses" class="ember-view nav-link"&gt;ΓÇª&lt;/a&gt;</Text>
      </RunInfo>
      <RunInfo computerName="DESKTOP-RSFFHJT" outcome="Warning" timestamp="2025-05-03T20:02:04.0975840-04:00">
        <Text>2025-05-04T00:02:04.096Z pw:api waiting for Locator("div[id='main-nav-tab'] a[id*='ember'][class$='nav-link'], div[id='main-nav-tab']  a[id*='ember'][class$='nav-link ']").Nth(17)</Text>
      </RunInfo>
      <RunInfo computerName="DESKTOP-RSFFHJT" outcome="Warning" timestamp="2025-05-03T20:02:04.1032517-04:00">
        <Text>2025-05-04T00:02:04.102Z pw:api   locator resolved to &lt;a id="ember159" href="#/purchaseorders" class="ember-view nav-link"&gt;ΓÇª&lt;/a&gt;</Text>
      </RunInfo>
      <RunInfo computerName="DESKTOP-RSFFHJT" outcome="Warning" timestamp="2025-05-03T20:02:04.1037260-04:00">
        <Text>2025-05-04T00:02:04.102Z pw:api waiting for Locator("div[id='main-nav-tab'] a[id*='ember'][class$='nav-link'], div[id='main-nav-tab']  a[id*='ember'][class$='nav-link ']").Nth(18)</Text>
      </RunInfo>
      <RunInfo computerName="DESKTOP-RSFFHJT" outcome="Warning" timestamp="2025-05-03T20:02:04.1055291-04:00">
        <Text>2025-05-04T00:02:04.104Z pw:api   locator resolved to &lt;a id="ember163" href="#/purchasereceives" class="ember-view nav-link"&gt;ΓÇª&lt;/a&gt;</Text>
      </RunInfo>
      <RunInfo computerName="DESKTOP-RSFFHJT" outcome="Warning" timestamp="2025-05-03T20:02:04.1062373-04:00">
        <Text>2025-05-04T00:02:04.105Z pw:api waiting for Locator("div[id='main-nav-tab'] a[id*='ember'][class$='nav-link'], div[id='main-nav-tab']  a[id*='ember'][class$='nav-link ']").Nth(19)</Text>
      </RunInfo>
      <RunInfo computerName="DESKTOP-RSFFHJT" outcome="Warning" timestamp="2025-05-03T20:02:04.1079991-04:00">
        <Text>2025-05-04T00:02:04.107Z pw:api   locator resolved to &lt;a id="ember168" href="#/bills" class="ember-view nav-link"&gt;ΓÇª&lt;/a&gt;</Text>
      </RunInfo>
      <RunInfo computerName="DESKTOP-RSFFHJT" outcome="Warning" timestamp="2025-05-03T20:02:04.1085194-04:00">
        <Text>2025-05-04T00:02:04.107Z pw:api waiting for Locator("div[id='main-nav-tab'] a[id*='ember'][class$='nav-link'], div[id='main-nav-tab']  a[id*='ember'][class$='nav-link ']").Nth(20)</Text>
      </RunInfo>
      <RunInfo computerName="DESKTOP-RSFFHJT" outcome="Warning" timestamp="2025-05-03T20:02:04.1104872-04:00">
        <Text>2025-05-04T00:02:04.109Z pw:api   locator resolved to &lt;a id="ember172" href="#/paymentsmade" class="ember-view nav-link"&gt;ΓÇª&lt;/a&gt;</Text>
      </RunInfo>
      <RunInfo computerName="DESKTOP-RSFFHJT" outcome="Warning" timestamp="2025-05-03T20:02:04.1111013-04:00">
        <Text>2025-05-04T00:02:04.110Z pw:api waiting for Locator("div[id='main-nav-tab'] a[id*='ember'][class$='nav-link'], div[id='main-nav-tab']  a[id*='ember'][class$='nav-link ']").Nth(21)</Text>
      </RunInfo>
      <RunInfo computerName="DESKTOP-RSFFHJT" outcome="Warning" timestamp="2025-05-03T20:02:04.1132995-04:00">
        <Text>2025-05-04T00:02:04.112Z pw:api   locator resolved to &lt;a id="ember177" href="#/vendorcredits" class="ember-view nav-link"&gt;ΓÇª&lt;/a&gt;</Text>
      </RunInfo>
      <RunInfo computerName="DESKTOP-RSFFHJT" outcome="Warning" timestamp="2025-05-03T20:02:04.1156289-04:00">
        <Text>2025-05-04T00:02:04.113Z pw:api waiting for Locator("div[id='main-nav-tab'] a[id*='ember'][class$='nav-link'], div[id='main-nav-tab']  a[id*='ember'][class$='nav-link ']").Nth(22)</Text>
      </RunInfo>
      <RunInfo computerName="DESKTOP-RSFFHJT" outcome="Warning" timestamp="2025-05-03T20:02:04.1156374-04:00">
        <Text>2025-05-04T00:02:04.114Z pw:api   locator resolved to &lt;a id="ember181" class="ember-view nav-link" href="#/settings/integrations"&gt;ΓÇª&lt;/a&gt;</Text>
      </RunInfo>
      <RunInfo computerName="DESKTOP-RSFFHJT" outcome="Warning" timestamp="2025-05-03T20:02:04.1162777-04:00">
        <Text>2025-05-04T00:02:04.115Z pw:api waiting for Locator("div[id='main-nav-tab'] a[id*='ember'][class$='nav-link'], div[id='main-nav-tab']  a[id*='ember'][class$='nav-link ']").Nth(23)</Text>
      </RunInfo>
      <RunInfo computerName="DESKTOP-RSFFHJT" outcome="Warning" timestamp="2025-05-03T20:02:04.1181159-04:00">
        <Text>2025-05-04T00:02:04.117Z pw:api   locator resolved to &lt;a id="ember184" href="#/reports" class="ember-view nav-link"&gt;ΓÇª&lt;/a&gt;</Text>
      </RunInfo>
      <RunInfo computerName="DESKTOP-RSFFHJT" outcome="Warning" timestamp="2025-05-03T20:02:04.1186727-04:00">
        <Text>2025-05-04T00:02:04.117Z pw:api waiting for Locator("div[id='main-nav-tab'] a[id*='ember'][class$='nav-link'], div[id='main-nav-tab']  a[id*='ember'][class$='nav-link ']").Nth(24)</Text>
      </RunInfo>
      <RunInfo computerName="DESKTOP-RSFFHJT" outcome="Warning" timestamp="2025-05-03T20:02:04.1203562-04:00">
        <Text>2025-05-04T00:02:04.119Z pw:api   locator resolved to &lt;a id="ember187" href="#/documents/inbox" class="ember-view nav-link"&gt;ΓÇª&lt;/a&gt;</Text>
      </RunInfo>
      <RunInfo computerName="DESKTOP-RSFFHJT" outcome="Warning" timestamp="2025-05-03T20:02:04.1209889-04:00">
        <Text>2025-05-04T00:02:04.120Z pw:api waiting for Locator("div[id='main-nav-tab'] a[id*='ember'][class$='nav-link'], div[id='main-nav-tab']  a[id*='ember'][class$='nav-link ']").Nth(1)</Text>
      </RunInfo>
      <RunInfo computerName="DESKTOP-RSFFHJT" outcome="Warning" timestamp="2025-05-03T20:02:04.1305750-04:00">
        <Text>2025-05-04T00:02:04.129Z pw:api   locator resolved to &lt;a id="ember82" class="collapsed ember-view nav-link "&gt;ΓÇª&lt;/a&gt;</Text>
      </RunInfo>
      <RunInfo computerName="DESKTOP-RSFFHJT" outcome="Warning" timestamp="2025-05-03T20:02:04.1314445-04:00">
        <Text>2025-05-04T00:02:04.130Z pw:api attempting click action</Text>
      </RunInfo>
      <RunInfo computerName="DESKTOP-RSFFHJT" outcome="Warning" timestamp="2025-05-03T20:02:04.1314520-04:00">
        <Text>2025-05-04T00:02:04.130Z pw:api   waiting for element to be visible, enabled and stable</Text>
      </RunInfo>
      <RunInfo computerName="DESKTOP-RSFFHJT" outcome="Warning" timestamp="2025-05-03T20:02:04.1618854-04:00">
        <Text>2025-05-04T00:02:04.160Z pw:api   element is visible, enabled and stable</Text>
      </RunInfo>
      <RunInfo computerName="DESKTOP-RSFFHJT" outcome="Warning" timestamp="2025-05-03T20:02:04.1618934-04:00">
        <Text>2025-05-04T00:02:04.160Z pw:api   scrolling into view if needed</Text>
      </RunInfo>
      <RunInfo computerName="DESKTOP-RSFFHJT" outcome="Warning" timestamp="2025-05-03T20:02:04.1622146-04:00">
        <Text>2025-05-04T00:02:04.161Z pw:api   done scrolling</Text>
      </RunInfo>
      <RunInfo computerName="DESKTOP-RSFFHJT" outcome="Warning" timestamp="2025-05-03T20:02:04.1643551-04:00">
        <Text>2025-05-04T00:02:04.163Z pw:api   performing click action</Text>
      </RunInfo>
      <RunInfo computerName="DESKTOP-RSFFHJT" outcome="Warning" timestamp="2025-05-03T20:02:04.1733840-04:00">
        <Text>2025-05-04T00:02:04.172Z pw:api   click action done</Text>
      </RunInfo>
      <RunInfo computerName="DESKTOP-RSFFHJT" outcome="Warning" timestamp="2025-05-03T20:02:04.1733904-04:00">
        <Text>2025-05-04T00:02:04.172Z pw:api   waiting for scheduled navigations to finish</Text>
      </RunInfo>
      <RunInfo computerName="DESKTOP-RSFFHJT" outcome="Warning" timestamp="2025-05-03T20:02:04.1735727-04:00">
        <Text>2025-05-04T00:02:04.172Z pw:api   navigations have finished</Text>
      </RunInfo>
      <RunInfo computerName="DESKTOP-RSFFHJT" outcome="Warning" timestamp="2025-05-03T20:02:04.1767409-04:00">
        <Text>2025-05-04T00:02:04.175Z pw:api waiting for Locator("div[id='main-nav-tab'] a[id*='ember'][class$='nav-link'], div[id='main-nav-tab']  a[id*='ember'][class$='nav-link ']").First</Text>
      </RunInfo>
      <RunInfo computerName="DESKTOP-RSFFHJT" outcome="Warning" timestamp="2025-05-03T20:02:04.1788342-04:00">
        <Text>2025-05-04T00:02:04.177Z pw:api   locator resolved to &lt;a id="ember79" href="#/home" class="ember-view active nav-link"&gt;ΓÇª&lt;/a&gt;</Text>
      </RunInfo>
      <RunInfo computerName="DESKTOP-RSFFHJT" outcome="Warning" timestamp="2025-05-03T20:02:04.1796106-04:00">
        <Text>2025-05-04T00:02:04.178Z pw:api waiting for Locator("div[id='main-nav-tab'] a[id*='ember'][class$='nav-link'], div[id='main-nav-tab']  a[id*='ember'][class$='nav-link ']").Nth(1)</Text>
      </RunInfo>
      <RunInfo computerName="DESKTOP-RSFFHJT" outcome="Warning" timestamp="2025-05-03T20:02:04.1820794-04:00">
        <Text>2025-05-04T00:02:04.181Z pw:api   locator resolved to &lt;a id="ember82" class="ember-view nav-link "&gt;ΓÇª&lt;/a&gt;</Text>
      </RunInfo>
      <RunInfo computerName="DESKTOP-RSFFHJT" outcome="Warning" timestamp="2025-05-03T20:02:04.1826983-04:00">
        <Text>2025-05-04T00:02:04.181Z pw:api waiting for Locator("div[id='main-nav-tab'] a[id*='ember'][class$='nav-link'], div[id='main-nav-tab']  a[id*='ember'][class$='nav-link ']").Nth(2)</Text>
      </RunInfo>
      <RunInfo computerName="DESKTOP-RSFFHJT" outcome="Warning" timestamp="2025-05-03T20:02:04.1846981-04:00">
        <Text>2025-05-04T00:02:04.183Z pw:api   locator resolved to &lt;a id="ember86" href="#/inventory/items" class="ember-view nav-link"&gt;ΓÇª&lt;/a&gt;</Text>
      </RunInfo>
      <RunInfo computerName="DESKTOP-RSFFHJT" outcome="Warning" timestamp="2025-05-03T20:02:04.1853024-04:00">
        <Text>2025-05-04T00:02:04.184Z pw:api waiting for Locator("div[id='main-nav-tab'] a[id*='ember'][class$='nav-link'], div[id='main-nav-tab']  a[id*='ember'][class$='nav-link ']").Nth(3)</Text>
      </RunInfo>
      <RunInfo computerName="DESKTOP-RSFFHJT" outcome="Warning" timestamp="2025-05-03T20:02:04.1871886-04:00">
        <Text>2025-05-04T00:02:04.186Z pw:api   locator resolved to &lt;a id="ember91" class="ember-view nav-link" href="#/inventory/itemgroups"&gt;ΓÇª&lt;/a&gt;</Text>
      </RunInfo>
      <RunInfo computerName="DESKTOP-RSFFHJT" outcome="Warning" timestamp="2025-05-03T20:02:04.1877515-04:00">
        <Text>2025-05-04T00:02:04.186Z pw:api waiting for Locator("div[id='main-nav-tab'] a[id*='ember'][class$='nav-link'], div[id='main-nav-tab']  a[id*='ember'][class$='nav-link ']").Nth(4)</Text>
      </RunInfo>
      <RunInfo computerName="DESKTOP-RSFFHJT" outcome="Warning" timestamp="2025-05-03T20:02:04.1894370-04:00">
        <Text>2025-05-04T00:02:04.188Z pw:api   locator resolved to &lt;a id="ember97" class="ember-view nav-link" href="#/inventory/adjustments"&gt;ΓÇª&lt;/a&gt;</Text>
      </RunInfo>
      <RunInfo computerName="DESKTOP-RSFFHJT" outcome="Warning" timestamp="2025-05-03T20:02:04.1898590-04:00">
        <Text>2025-05-04T00:02:04.189Z pw:api waiting for Locator("div[id='main-nav-tab'] a[id*='ember'][class$='nav-link'], div[id='main-nav-tab']  a[id*='ember'][class$='nav-link ']").Nth(5)</Text>
      </RunInfo>
      <RunInfo computerName="DESKTOP-RSFFHJT" outcome="Warning" timestamp="2025-05-03T20:02:04.1917181-04:00">
        <Text>2025-05-04T00:02:04.190Z pw:api   locator resolved to &lt;a id="ember104" class="collapsed ember-view nav-link "&gt;ΓÇª&lt;/a&gt;</Text>
      </RunInfo>
      <RunInfo computerName="DESKTOP-RSFFHJT" outcome="Warning" timestamp="2025-05-03T20:02:04.1923526-04:00">
        <Text>2025-05-04T00:02:04.191Z pw:api waiting for Locator("div[id='main-nav-tab'] a[id*='ember'][class$='nav-link'], div[id='main-nav-tab']  a[id*='ember'][class$='nav-link ']").Nth(6)</Text>
      </RunInfo>
      <RunInfo computerName="DESKTOP-RSFFHJT" outcome="Warning" timestamp="2025-05-03T20:02:04.1944130-04:00">
        <Text>2025-05-04T00:02:04.193Z pw:api   locator resolved to &lt;a id="ember108" href="#/contacts" class="ember-view nav-link"&gt;ΓÇª&lt;/a&gt;</Text>
      </RunInfo>
      <RunInfo computerName="DESKTOP-RSFFHJT" outcome="Warning" timestamp="2025-05-03T20:02:04.1954815-04:00">
        <Text>2025-05-04T00:02:04.194Z pw:api waiting for Locator("div[id='main-nav-tab'] a[id*='ember'][class$='nav-link'], div[id='main-nav-tab']  a[id*='ember'][class$='nav-link ']").Nth(7)</Text>
      </RunInfo>
      <RunInfo computerName="DESKTOP-RSFFHJT" outcome="Warning" timestamp="2025-05-03T20:02:04.1988792-04:00">
        <Text>2025-05-04T00:02:04.197Z pw:api   locator resolved to &lt;a id="ember114" href="#/salesorders" class="ember-view nav-link"&gt;ΓÇª&lt;/a&gt;</Text>
      </RunInfo>
      <RunInfo computerName="DESKTOP-RSFFHJT" outcome="Warning" timestamp="2025-05-03T20:02:04.1994868-04:00">
        <Text>2025-05-04T00:02:04.198Z pw:api waiting for Locator("div[id='main-nav-tab'] a[id*='ember'][class$='nav-link'], div[id='main-nav-tab']  a[id*='ember'][class$='nav-link ']").Nth(8)</Text>
      </RunInfo>
      <RunInfo computerName="DESKTOP-RSFFHJT" outcome="Warning" timestamp="2025-05-03T20:02:04.2013728-04:00">
        <Text>2025-05-04T00:02:04.200Z pw:api   locator resolved to &lt;a id="ember121" href="#/packages" class="ember-view nav-link"&gt;ΓÇª&lt;/a&gt;</Text>
      </RunInfo>
      <RunInfo computerName="DESKTOP-RSFFHJT" outcome="Warning" timestamp="2025-05-03T20:02:04.2019581-04:00">
        <Text>2025-05-04T00:02:04.201Z pw:api waiting for Locator("div[id='main-nav-tab'] a[id*='ember'][class$='nav-link'], div[id='main-nav-tab']  a[id*='ember'][class$='nav-link ']").Nth(9)</Text>
      </RunInfo>
      <RunInfo computerName="DESKTOP-RSFFHJT" outcome="Warning" timestamp="2025-05-03T20:02:04.2038814-04:00">
        <Text>2025-05-04T00:02:04.202Z pw:api   locator resolved to &lt;a id="ember125" href="#/shipments" class="ember-view nav-link"&gt;ΓÇª&lt;/a&gt;</Text>
      </RunInfo>
      <RunInfo computerName="DESKTOP-RSFFHJT" outcome="Warning" timestamp="2025-05-03T20:02:04.2044399-04:00">
        <Text>2025-05-04T00:02:04.203Z pw:api waiting for Locator("div[id='main-nav-tab'] a[id*='ember'][class$='nav-link'], div[id='main-nav-tab']  a[id*='ember'][class$='nav-link ']").Nth(10)</Text>
      </RunInfo>
      <RunInfo computerName="DESKTOP-RSFFHJT" outcome="Warning" timestamp="2025-05-03T20:02:04.2061343-04:00">
        <Text>2025-05-04T00:02:04.205Z pw:api   locator resolved to &lt;a id="ember129" href="#/invoices" class="ember-view nav-link"&gt;ΓÇª&lt;/a&gt;</Text>
      </RunInfo>
      <RunInfo computerName="DESKTOP-RSFFHJT" outcome="Warning" timestamp="2025-05-03T20:02:04.2067864-04:00">
        <Text>2025-05-04T00:02:04.205Z pw:api waiting for Locator("div[id='main-nav-tab'] a[id*='ember'][class$='nav-link'], div[id='main-nav-tab']  a[id*='ember'][class$='nav-link ']").Nth(11)</Text>
      </RunInfo>
      <RunInfo computerName="DESKTOP-RSFFHJT" outcome="Warning" timestamp="2025-05-03T20:02:04.2084963-04:00">
        <Text>2025-05-04T00:02:04.207Z pw:api   locator resolved to &lt;a id="ember134" href="#/paymentsreceived" class="ember-view nav-link"&gt;ΓÇª&lt;/a&gt;</Text>
      </RunInfo>
      <RunInfo computerName="DESKTOP-RSFFHJT" outcome="Warning" timestamp="2025-05-03T20:02:04.2090262-04:00">
        <Text>2025-05-04T00:02:04.208Z pw:api waiting for Locator("div[id='main-nav-tab'] a[id*='ember'][class$='nav-link'], div[id='main-nav-tab']  a[id*='ember'][class$='nav-link ']").Nth(12)</Text>
      </RunInfo>
      <RunInfo computerName="DESKTOP-RSFFHJT" outcome="Warning" timestamp="2025-05-03T20:02:04.2114291-04:00">
        <Text>2025-05-04T00:02:04.210Z pw:api   locator resolved to &lt;a id="ember140" href="#/salesreturns" class="ember-view nav-link"&gt;ΓÇª&lt;/a&gt;</Text>
      </RunInfo>
      <RunInfo computerName="DESKTOP-RSFFHJT" outcome="Warning" timestamp="2025-05-03T20:02:04.2121839-04:00">
        <Text>2025-05-04T00:02:04.211Z pw:api waiting for Locator("div[id='main-nav-tab'] a[id*='ember'][class$='nav-link'], div[id='main-nav-tab']  a[id*='ember'][class$='nav-link ']").Nth(13)</Text>
      </RunInfo>
      <RunInfo computerName="DESKTOP-RSFFHJT" outcome="Warning" timestamp="2025-05-03T20:02:04.2153612-04:00">
        <Text>2025-05-04T00:02:04.214Z pw:api   locator resolved to &lt;a id="ember143" href="#/creditnotes" class="ember-view nav-link"&gt;ΓÇª&lt;/a&gt;</Text>
      </RunInfo>
      <RunInfo computerName="DESKTOP-RSFFHJT" outcome="Warning" timestamp="2025-05-03T20:02:04.2159314-04:00">
        <Text>2025-05-04T00:02:04.215Z pw:api waiting for Locator("div[id='main-nav-tab'] a[id*='ember'][class$='nav-link'], div[id='main-nav-tab']  a[id*='ember'][class$='nav-link ']").Nth(14)</Text>
      </RunInfo>
      <RunInfo computerName="DESKTOP-RSFFHJT" outcome="Warning" timestamp="2025-05-03T20:02:04.2177425-04:00">
        <Text>2025-05-04T00:02:04.216Z pw:api   locator resolved to &lt;a id="ember147" class="collapsed ember-view nav-link "&gt;ΓÇª&lt;/a&gt;</Text>
      </RunInfo>
      <RunInfo computerName="DESKTOP-RSFFHJT" outcome="Warning" timestamp="2025-05-03T20:02:04.2182113-04:00">
        <Text>2025-05-04T00:02:04.217Z pw:api waiting for Locator("div[id='main-nav-tab'] a[id*='ember'][class$='nav-link'], div[id='main-nav-tab']  a[id*='ember'][class$='nav-link ']").Nth(15)</Text>
      </RunInfo>
      <RunInfo computerName="DESKTOP-RSFFHJT" outcome="Warning" timestamp="2025-05-03T20:02:04.2201816-04:00">
        <Text>2025-05-04T00:02:04.219Z pw:api   locator resolved to &lt;a id="ember151" href="#/vendors" class="ember-view nav-link"&gt;ΓÇª&lt;/a&gt;</Text>
      </RunInfo>
      <RunInfo computerName="DESKTOP-RSFFHJT" outcome="Warning" timestamp="2025-05-03T20:02:04.2208024-04:00">
        <Text>2025-05-04T00:02:04.219Z pw:api waiting for Locator("div[id='main-nav-tab'] a[id*='ember'][class$='nav-link'], div[id='main-nav-tab']  a[id*='ember'][class$='nav-link ']").Nth(16)</Text>
      </RunInfo>
      <RunInfo computerName="DESKTOP-RSFFHJT" outcome="Warning" timestamp="2025-05-03T20:02:04.2226160-04:00">
        <Text>2025-05-04T00:02:04.221Z pw:api   locator resolved to &lt;a id="ember155" href="#/expenses" class="ember-view nav-link"&gt;ΓÇª&lt;/a&gt;</Text>
      </RunInfo>
      <RunInfo computerName="DESKTOP-RSFFHJT" outcome="Warning" timestamp="2025-05-03T20:02:04.2234874-04:00">
        <Text>2025-05-04T00:02:04.222Z pw:api waiting for Locator("div[id='main-nav-tab'] a[id*='ember'][class$='nav-link'], div[id='main-nav-tab']  a[id*='ember'][class$='nav-link ']").Nth(17)</Text>
      </RunInfo>
      <RunInfo computerName="DESKTOP-RSFFHJT" outcome="Warning" timestamp="2025-05-03T20:02:04.2255200-04:00">
        <Text>2025-05-04T00:02:04.224Z pw:api   locator resolved to &lt;a id="ember159" href="#/purchaseorders" class="ember-view nav-link"&gt;ΓÇª&lt;/a&gt;</Text>
      </RunInfo>
      <RunInfo computerName="DESKTOP-RSFFHJT" outcome="Warning" timestamp="2025-05-03T20:02:04.2260387-04:00">
        <Text>2025-05-04T00:02:04.225Z pw:api waiting for Locator("div[id='main-nav-tab'] a[id*='ember'][class$='nav-link'], div[id='main-nav-tab']  a[id*='ember'][class$='nav-link ']").Nth(18)</Text>
      </RunInfo>
      <RunInfo computerName="DESKTOP-RSFFHJT" outcome="Warning" timestamp="2025-05-03T20:02:04.2280738-04:00">
        <Text>2025-05-04T00:02:04.227Z pw:api   locator resolved to &lt;a id="ember163" href="#/purchasereceives" class="ember-view nav-link"&gt;ΓÇª&lt;/a&gt;</Text>
      </RunInfo>
      <RunInfo computerName="DESKTOP-RSFFHJT" outcome="Warning" timestamp="2025-05-03T20:02:04.2286961-04:00">
        <Text>2025-05-04T00:02:04.227Z pw:api waiting for Locator("div[id='main-nav-tab'] a[id*='ember'][class$='nav-link'], div[id='main-nav-tab']  a[id*='ember'][class$='nav-link ']").Nth(19)</Text>
      </RunInfo>
      <RunInfo computerName="DESKTOP-RSFFHJT" outcome="Warning" timestamp="2025-05-03T20:02:04.2316267-04:00">
        <Text>2025-05-04T00:02:04.230Z pw:api   locator resolved to &lt;a id="ember168" href="#/bills" class="ember-view nav-link"&gt;ΓÇª&lt;/a&gt;</Text>
      </RunInfo>
      <RunInfo computerName="DESKTOP-RSFFHJT" outcome="Warning" timestamp="2025-05-03T20:02:04.2323705-04:00">
        <Text>2025-05-04T00:02:04.231Z pw:api waiting for Locator("div[id='main-nav-tab'] a[id*='ember'][class$='nav-link'], div[id='main-nav-tab']  a[id*='ember'][class$='nav-link ']").Nth(20)</Text>
      </RunInfo>
      <RunInfo computerName="DESKTOP-RSFFHJT" outcome="Warning" timestamp="2025-05-03T20:02:04.2341787-04:00">
        <Text>2025-05-04T00:02:04.233Z pw:api   locator resolved to &lt;a id="ember172" href="#/paymentsmade" class="ember-view nav-link"&gt;ΓÇª&lt;/a&gt;</Text>
      </RunInfo>
      <RunInfo computerName="DESKTOP-RSFFHJT" outcome="Warning" timestamp="2025-05-03T20:02:04.2346892-04:00">
        <Text>2025-05-04T00:02:04.233Z pw:api waiting for Locator("div[id='main-nav-tab'] a[id*='ember'][class$='nav-link'], div[id='main-nav-tab']  a[id*='ember'][class$='nav-link ']").Nth(21)</Text>
      </RunInfo>
      <RunInfo computerName="DESKTOP-RSFFHJT" outcome="Warning" timestamp="2025-05-03T20:02:04.2361610-04:00">
        <Text>2025-05-04T00:02:04.235Z pw:api   locator resolved to &lt;a id="ember177" href="#/vendorcredits" class="ember-view nav-link"&gt;ΓÇª&lt;/a&gt;</Text>
      </RunInfo>
      <RunInfo computerName="DESKTOP-RSFFHJT" outcome="Warning" timestamp="2025-05-03T20:02:04.2366617-04:00">
        <Text>2025-05-04T00:02:04.235Z pw:api waiting for Locator("div[id='main-nav-tab'] a[id*='ember'][class$='nav-link'], div[id='main-nav-tab']  a[id*='ember'][class$='nav-link ']").Nth(22)</Text>
      </RunInfo>
      <RunInfo computerName="DESKTOP-RSFFHJT" outcome="Warning" timestamp="2025-05-03T20:02:04.2382382-04:00">
        <Text>2025-05-04T00:02:04.237Z pw:api   locator resolved to &lt;a id="ember181" class="ember-view nav-link" href="#/settings/integrations"&gt;ΓÇª&lt;/a&gt;</Text>
      </RunInfo>
      <RunInfo computerName="DESKTOP-RSFFHJT" outcome="Warning" timestamp="2025-05-03T20:02:04.2387824-04:00">
        <Text>2025-05-04T00:02:04.237Z pw:api waiting for Locator("div[id='main-nav-tab'] a[id*='ember'][class$='nav-link'], div[id='main-nav-tab']  a[id*='ember'][class$='nav-link ']").Nth(23)</Text>
      </RunInfo>
      <RunInfo computerName="DESKTOP-RSFFHJT" outcome="Warning" timestamp="2025-05-03T20:02:04.2401614-04:00">
        <Text>2025-05-04T00:02:04.239Z pw:api   locator resolved to &lt;a id="ember184" href="#/reports" class="ember-view nav-link"&gt;ΓÇª&lt;/a&gt;</Text>
      </RunInfo>
      <RunInfo computerName="DESKTOP-RSFFHJT" outcome="Warning" timestamp="2025-05-03T20:02:04.2405591-04:00">
        <Text>2025-05-04T00:02:04.239Z pw:api waiting for Locator("div[id='main-nav-tab'] a[id*='ember'][class$='nav-link'], div[id='main-nav-tab']  a[id*='ember'][class$='nav-link ']").Nth(24)</Text>
      </RunInfo>
      <RunInfo computerName="DESKTOP-RSFFHJT" outcome="Warning" timestamp="2025-05-03T20:02:04.2421206-04:00">
        <Text>2025-05-04T00:02:04.241Z pw:api   locator resolved to &lt;a id="ember187" href="#/documents/inbox" class="ember-view nav-link"&gt;ΓÇª&lt;/a&gt;</Text>
      </RunInfo>
      <RunInfo computerName="DESKTOP-RSFFHJT" outcome="Warning" timestamp="2025-05-03T20:02:04.2429469-04:00">
        <Text>2025-05-04T00:02:04.242Z pw:api waiting for Locator("div[id='main-nav-tab'] a[id*='ember'][class$='nav-link'], div[id='main-nav-tab']  a[id*='ember'][class$='nav-link ']").Nth(2)</Text>
      </RunInfo>
      <RunInfo computerName="DESKTOP-RSFFHJT" outcome="Warning" timestamp="2025-05-03T20:02:04.2528373-04:00">
        <Text>2025-05-04T00:02:04.251Z pw:api   locator resolved to &lt;a id="ember86" href="#/inventory/items" class="ember-view nav-link"&gt;ΓÇª&lt;/a&gt;</Text>
      </RunInfo>
      <RunInfo computerName="DESKTOP-RSFFHJT" outcome="Warning" timestamp="2025-05-03T20:02:04.2532971-04:00">
        <Text>2025-05-04T00:02:04.252Z pw:api attempting click action</Text>
      </RunInfo>
      <RunInfo computerName="DESKTOP-RSFFHJT" outcome="Warning" timestamp="2025-05-03T20:02:04.2533029-04:00">
        <Text>2025-05-04T00:02:04.252Z pw:api   waiting for element to be visible, enabled and stable</Text>
      </RunInfo>
      <RunInfo computerName="DESKTOP-RSFFHJT" outcome="Warning" timestamp="2025-05-03T20:02:04.2889629-04:00">
        <Text>2025-05-04T00:02:04.287Z pw:api   element is visible, enabled and stable</Text>
      </RunInfo>
      <RunInfo computerName="DESKTOP-RSFFHJT" outcome="Warning" timestamp="2025-05-03T20:02:04.2889703-04:00">
        <Text>2025-05-04T00:02:04.287Z pw:api   scrolling into view if needed</Text>
      </RunInfo>
      <RunInfo computerName="DESKTOP-RSFFHJT" outcome="Warning" timestamp="2025-05-03T20:02:04.2905482-04:00">
        <Text>2025-05-04T00:02:04.289Z pw:api   done scrolling</Text>
      </RunInfo>
      <RunInfo computerName="DESKTOP-RSFFHJT" outcome="Warning" timestamp="2025-05-03T20:02:04.2933680-04:00">
        <Text>2025-05-04T00:02:04.292Z pw:api   performing click action</Text>
      </RunInfo>
      <RunInfo computerName="DESKTOP-RSFFHJT" outcome="Warning" timestamp="2025-05-03T20:02:04.3164838-04:00">
        <Text>2025-05-04T00:02:04.315Z pw:api   click action done</Text>
      </RunInfo>
      <RunInfo computerName="DESKTOP-RSFFHJT" outcome="Warning" timestamp="2025-05-03T20:02:04.3164996-04:00">
        <Text>2025-05-04T00:02:04.315Z pw:api   waiting for scheduled navigations to finish</Text>
      </RunInfo>
      <RunInfo computerName="DESKTOP-RSFFHJT" outcome="Warning" timestamp="2025-05-03T20:02:04.3165047-04:00">
        <Text>2025-05-04T00:02:04.315Z pw:api   navigations have finished</Text>
      </RunInfo>
      <RunInfo computerName="DESKTOP-RSFFHJT" outcome="Warning" timestamp="2025-05-03T20:02:04.3175782-04:00">
        <Text>2025-05-04T00:02:04.316Z pw:api waiting for Locator("table[id='vertically-scrolled-table']") to be visible</Text>
      </RunInfo>
      <RunInfo computerName="DESKTOP-RSFFHJT" outcome="Warning" timestamp="2025-05-03T20:02:04.7196066-04:00">
        <Text>2025-05-04T00:02:04.718Z pw:api   navigated to "https://www.zoho.com/ca/inventory/inventory-software-demo/#/inventory/items"</Text>
      </RunInfo>
      <RunInfo computerName="DESKTOP-RSFFHJT" outcome="Warning" timestamp="2025-05-03T20:02:04.7895293-04:00">
        <Text>2025-05-04T00:02:04.788Z pw:api   "networkidle" event fired</Text>
      </RunInfo>
      <RunInfo computerName="DESKTOP-RSFFHJT" outcome="Warning" timestamp="2025-05-03T20:02:05.1288005-04:00">
        <Text>2025-05-04T00:02:05.127Z pw:api   locator resolved to visible &lt;table id="vertically-scrolled-table" class="table zi-table table-hover     header-fixed"&gt;ΓÇª&lt;/table&gt;</Text>
      </RunInfo>
      <RunInfo computerName="DESKTOP-RSFFHJT" outcome="Warning" timestamp="2025-05-03T20:02:05.1309464-04:00">
        <Text>2025-05-04T00:02:05.130Z pw:api waiting for Locator("table[id='vertically-scrolled-table']").Locator("tbody tr").First</Text>
      </RunInfo>
      <RunInfo computerName="DESKTOP-RSFFHJT" outcome="Warning" timestamp="2025-05-03T20:02:05.1324780-04:00">
        <Text>2025-05-04T00:02:05.131Z pw:api   locator resolved to &lt;tr tabindex="-1" id="ember306" class="ember-view   "&gt;ΓÇª&lt;/tr&gt;</Text>
      </RunInfo>
      <RunInfo computerName="DESKTOP-RSFFHJT" outcome="Warning" timestamp="2025-05-03T20:02:05.1328120-04:00">
        <Text>2025-05-04T00:02:05.131Z pw:api waiting for Locator("table[id='vertically-scrolled-table']").Locator("tbody tr").First.Locator("a")</Text>
      </RunInfo>
      <RunInfo computerName="DESKTOP-RSFFHJT" outcome="Warning" timestamp="2025-05-03T20:02:05.1342814-04:00">
        <Text>2025-05-04T00:02:05.133Z pw:api   locator resolved to &lt;a id="ember310" class="ember-view text-break " href="#/inventory/items/6620000005381000"&gt;Dining Table and Chairs Set&lt;/a&gt;</Text>
      </RunInfo>
      <RunInfo computerName="DESKTOP-RSFFHJT" outcome="Warning" timestamp="2025-05-03T20:02:05.1349724-04:00">
        <Text>2025-05-04T00:02:05.134Z pw:api waiting for Locator("table[id='vertically-scrolled-table']").Locator("tbody tr").First.Locator("td:nth-child(3)")</Text>
      </RunInfo>
      <RunInfo computerName="DESKTOP-RSFFHJT" outcome="Warning" timestamp="2025-05-03T20:02:05.1364306-04:00">
        <Text>2025-05-04T00:02:05.135Z pw:api   locator resolved to &lt;td class=" "&gt;Item 1 sku&lt;/td&gt;</Text>
      </RunInfo>
      <RunInfo computerName="DESKTOP-RSFFHJT" outcome="Warning" timestamp="2025-05-03T20:02:05.1370621-04:00">
        <Text>2025-05-04T00:02:05.136Z pw:api waiting for Locator("table[id='vertically-scrolled-table']").Locator("tbody tr").First.Locator("td:nth-child(4)")</Text>
      </RunInfo>
      <RunInfo computerName="DESKTOP-RSFFHJT" outcome="Warning" timestamp="2025-05-03T20:02:05.1382797-04:00">
        <Text>2025-05-04T00:02:05.137Z pw:api   locator resolved to &lt;td class=" "&gt;Digital_service&lt;/td&gt;</Text>
      </RunInfo>
      <RunInfo computerName="DESKTOP-RSFFHJT" outcome="Warning" timestamp="2025-05-03T20:02:05.1388095-04:00">
        <Text>2025-05-04T00:02:05.137Z pw:api waiting for Locator("table[id='vertically-scrolled-table']").Locator("tbody tr").First.Locator("td span[class='text-ellipsis']")</Text>
      </RunInfo>
      <RunInfo computerName="DESKTOP-RSFFHJT" outcome="Warning" timestamp="2025-05-03T20:02:05.1403118-04:00">
        <Text>2025-05-04T00:02:05.139Z pw:api   locator resolved to &lt;span id="a2fb0a2f6" class="text-ellipsis"&gt;A stylish dining set with a table and four chairs.&lt;/span&gt;</Text>
      </RunInfo>
      <RunInfo computerName="DESKTOP-RSFFHJT" outcome="Warning" timestamp="2025-05-03T20:02:05.1406768-04:00">
        <Text>2025-05-04T00:02:05.139Z pw:api waiting for Locator("table[id='vertically-scrolled-table']").Locator("tbody tr").First.Locator("td[class='  text-end']")</Text>
      </RunInfo>
      <RunInfo computerName="DESKTOP-RSFFHJT" outcome="Warning" timestamp="2025-05-03T20:02:05.1419221-04:00">
        <Text>2025-05-04T00:02:05.141Z pw:api   locator resolved to &lt;td class="  text-end"&gt;$6541.00&lt;/td&gt;</Text>
      </RunInfo>
      <RunInfo computerName="DESKTOP-RSFFHJT" outcome="Warning" timestamp="2025-05-03T20:02:05.1424677-04:00">
        <Text>2025-05-04T00:02:05.141Z pw:api waiting for Locator("table[id='vertically-scrolled-table']").Locator("tbody tr").Nth(1)</Text>
      </RunInfo>
      <RunInfo computerName="DESKTOP-RSFFHJT" outcome="Warning" timestamp="2025-05-03T20:02:05.1438774-04:00">
        <Text>2025-05-04T00:02:05.142Z pw:api   locator resolved to &lt;tr tabindex="-1" id="ember312" class="ember-view   "&gt;ΓÇª&lt;/tr&gt;</Text>
      </RunInfo>
      <RunInfo computerName="DESKTOP-RSFFHJT" outcome="Warning" timestamp="2025-05-03T20:02:05.1444489-04:00">
        <Text>2025-05-04T00:02:05.143Z pw:api waiting for Locator("table[id='vertically-scrolled-table']").Locator("tbody tr").Nth(1).Locator("a")</Text>
      </RunInfo>
      <RunInfo computerName="DESKTOP-RSFFHJT" outcome="Warning" timestamp="2025-05-03T20:02:05.1461206-04:00">
        <Text>2025-05-04T00:02:05.145Z pw:api   locator resolved to &lt;a id="ember316" class="ember-view text-break " href="#/inventory/items/6620000005381001"&gt;Coffee Table&lt;/a&gt;</Text>
      </RunInfo>
      <RunInfo computerName="DESKTOP-RSFFHJT" outcome="Warning" timestamp="2025-05-03T20:02:05.1467821-04:00">
        <Text>2025-05-04T00:02:05.145Z pw:api waiting for Locator("table[id='vertically-scrolled-table']").Locator("tbody tr").Nth(1).Locator("td:nth-child(3)")</Text>
      </RunInfo>
      <RunInfo computerName="DESKTOP-RSFFHJT" outcome="Warning" timestamp="2025-05-03T20:02:05.1484628-04:00">
        <Text>2025-05-04T00:02:05.147Z pw:api   locator resolved to &lt;td class=" "&gt;Item 2 sku&lt;/td&gt;</Text>
      </RunInfo>
      <RunInfo computerName="DESKTOP-RSFFHJT" outcome="Warning" timestamp="2025-05-03T20:02:05.1488354-04:00">
        <Text>2025-05-04T00:02:05.148Z pw:api waiting for Locator("table[id='vertically-scrolled-table']").Locator("tbody tr").Nth(1).Locator("td:nth-child(4)")</Text>
      </RunInfo>
      <RunInfo computerName="DESKTOP-RSFFHJT" outcome="Warning" timestamp="2025-05-03T20:02:05.1503591-04:00">
        <Text>2025-05-04T00:02:05.149Z pw:api   locator resolved to &lt;td class=" "&gt;Digital_service&lt;/td&gt;</Text>
      </RunInfo>
      <RunInfo computerName="DESKTOP-RSFFHJT" outcome="Warning" timestamp="2025-05-03T20:02:05.1509456-04:00">
        <Text>2025-05-04T00:02:05.150Z pw:api waiting for Locator("table[id='vertically-scrolled-table']").Locator("tbody tr").Nth(1).Locator("td span[class='text-ellipsis']")</Text>
      </RunInfo>
      <RunInfo computerName="DESKTOP-RSFFHJT" outcome="Warning" timestamp="2025-05-03T20:02:05.1524704-04:00">
        <Text>2025-05-04T00:02:05.151Z pw:api   locator resolved to &lt;span id="af797f394" class="text-ellipsis"&gt;A sleek, modern coffee table with a glass top.&lt;/span&gt;</Text>
      </RunInfo>
      <RunInfo computerName="DESKTOP-RSFFHJT" outcome="Warning" timestamp="2025-05-03T20:02:05.1530113-04:00">
        <Text>2025-05-04T00:02:05.152Z pw:api waiting for Locator("table[id='vertically-scrolled-table']").Locator("tbody tr").Nth(1).Locator("td[class='  text-end']")</Text>
      </RunInfo>
      <RunInfo computerName="DESKTOP-RSFFHJT" outcome="Warning" timestamp="2025-05-03T20:02:05.1545276-04:00">
        <Text>2025-05-04T00:02:05.153Z pw:api   locator resolved to &lt;td class="  text-end"&gt;$8218.00&lt;/td&gt;</Text>
      </RunInfo>
      <RunInfo computerName="DESKTOP-RSFFHJT" outcome="Warning" timestamp="2025-05-03T20:02:05.1549590-04:00">
        <Text>2025-05-04T00:02:05.154Z pw:api waiting for Locator("table[id='vertically-scrolled-table']").Locator("tbody tr").Nth(2)</Text>
      </RunInfo>
      <RunInfo computerName="DESKTOP-RSFFHJT" outcome="Warning" timestamp="2025-05-03T20:02:05.1560597-04:00">
        <Text>2025-05-04T00:02:05.155Z pw:api   locator resolved to &lt;tr tabindex="-1" id="ember318" class="ember-view   "&gt;ΓÇª&lt;/tr&gt;</Text>
      </RunInfo>
      <RunInfo computerName="DESKTOP-RSFFHJT" outcome="Warning" timestamp="2025-05-03T20:02:05.1565681-04:00">
        <Text>2025-05-04T00:02:05.155Z pw:api waiting for Locator("table[id='vertically-scrolled-table']").Locator("tbody tr").Nth(2).Locator("a")</Text>
      </RunInfo>
      <RunInfo computerName="DESKTOP-RSFFHJT" outcome="Warning" timestamp="2025-05-03T20:02:05.1577669-04:00">
        <Text>2025-05-04T00:02:05.156Z pw:api   locator resolved to &lt;a id="ember322" class="ember-view text-break " href="#/inventory/items/6620000005381002"&gt;Executive Office Desk&lt;/a&gt;</Text>
      </RunInfo>
      <RunInfo computerName="DESKTOP-RSFFHJT" outcome="Warning" timestamp="2025-05-03T20:02:05.1582756-04:00">
        <Text>2025-05-04T00:02:05.157Z pw:api waiting for Locator("table[id='vertically-scrolled-table']").Locator("tbody tr").Nth(2).Locator("td:nth-child(3)")</Text>
      </RunInfo>
      <RunInfo computerName="DESKTOP-RSFFHJT" outcome="Warning" timestamp="2025-05-03T20:02:05.1595113-04:00">
        <Text>2025-05-04T00:02:05.158Z pw:api   locator resolved to &lt;td class=" "&gt;Item 3 sku&lt;/td&gt;</Text>
      </RunInfo>
      <RunInfo computerName="DESKTOP-RSFFHJT" outcome="Warning" timestamp="2025-05-03T20:02:05.1600008-04:00">
        <Text>2025-05-04T00:02:05.159Z pw:api waiting for Locator("table[id='vertically-scrolled-table']").Locator("tbody tr").Nth(2).Locator("td:nth-child(4)")</Text>
      </RunInfo>
      <RunInfo computerName="DESKTOP-RSFFHJT" outcome="Warning" timestamp="2025-05-03T20:02:05.1613412-04:00">
        <Text>2025-05-04T00:02:05.160Z pw:api   locator resolved to &lt;td class=" "&gt;Digital_service&lt;/td&gt;</Text>
      </RunInfo>
      <RunInfo computerName="DESKTOP-RSFFHJT" outcome="Warning" timestamp="2025-05-03T20:02:05.1618613-04:00">
        <Text>2025-05-04T00:02:05.161Z pw:api waiting for Locator("table[id='vertically-scrolled-table']").Locator("tbody tr").Nth(2).Locator("td span[class='text-ellipsis']")</Text>
      </RunInfo>
      <RunInfo computerName="DESKTOP-RSFFHJT" outcome="Warning" timestamp="2025-05-03T20:02:05.1637524-04:00">
        <Text>2025-05-04T00:02:05.162Z pw:api   locator resolved to &lt;span id="a26ce3fc7" class="text-ellipsis"&gt;&lt;/span&gt;</Text>
      </RunInfo>
      <RunInfo computerName="DESKTOP-RSFFHJT" outcome="Warning" timestamp="2025-05-03T20:02:05.1644203-04:00">
        <Text>2025-05-04T00:02:05.163Z pw:api waiting for Locator("table[id='vertically-scrolled-table']").Locator("tbody tr").Nth(2).Locator("td[class='  text-end']")</Text>
      </RunInfo>
      <RunInfo computerName="DESKTOP-RSFFHJT" outcome="Warning" timestamp="2025-05-03T20:02:05.1657375-04:00">
        <Text>2025-05-04T00:02:05.164Z pw:api   locator resolved to &lt;td class="  text-end"&gt;&lt;/td&gt;</Text>
      </RunInfo>
      <RunInfo computerName="DESKTOP-RSFFHJT" outcome="Warning" timestamp="2025-05-03T20:02:05.1663109-04:00">
        <Text>2025-05-04T00:02:05.165Z pw:api waiting for Locator("table[id='vertically-scrolled-table']").Locator("tbody tr").Nth(3)</Text>
      </RunInfo>
      <RunInfo computerName="DESKTOP-RSFFHJT" outcome="Warning" timestamp="2025-05-03T20:02:05.1678391-04:00">
        <Text>2025-05-04T00:02:05.166Z pw:api   locator resolved to &lt;tr tabindex="-1" id="ember324" class="ember-view   "&gt;ΓÇª&lt;/tr&gt;</Text>
      </RunInfo>
      <RunInfo computerName="DESKTOP-RSFFHJT" outcome="Warning" timestamp="2025-05-03T20:02:05.1683072-04:00">
        <Text>2025-05-04T00:02:05.167Z pw:api waiting for Locator("table[id='vertically-scrolled-table']").Locator("tbody tr").Nth(3).Locator("a")</Text>
      </RunInfo>
      <RunInfo computerName="DESKTOP-RSFFHJT" outcome="Warning" timestamp="2025-05-03T20:02:05.1696739-04:00">
        <Text>2025-05-04T00:02:05.168Z pw:api   locator resolved to &lt;a id="ember328" class="ember-view text-break " href="#/inventory/items/6620000005381003"&gt;Storage Cabinet&lt;/a&gt;</Text>
      </RunInfo>
      <RunInfo computerName="DESKTOP-RSFFHJT" outcome="Warning" timestamp="2025-05-03T20:02:05.1701675-04:00">
        <Text>2025-05-04T00:02:05.169Z pw:api waiting for Locator("table[id='vertically-scrolled-table']").Locator("tbody tr").Nth(3).Locator("td:nth-child(3)")</Text>
      </RunInfo>
      <RunInfo computerName="DESKTOP-RSFFHJT" outcome="Warning" timestamp="2025-05-03T20:02:05.1717294-04:00">
        <Text>2025-05-04T00:02:05.170Z pw:api   locator resolved to &lt;td class=" "&gt;Item 4 sku&lt;/td&gt;</Text>
      </RunInfo>
      <RunInfo computerName="DESKTOP-RSFFHJT" outcome="Warning" timestamp="2025-05-03T20:02:05.1723358-04:00">
        <Text>2025-05-04T00:02:05.171Z pw:api waiting for Locator("table[id='vertically-scrolled-table']").Locator("tbody tr").Nth(3).Locator("td:nth-child(4)")</Text>
      </RunInfo>
      <RunInfo computerName="DESKTOP-RSFFHJT" outcome="Warning" timestamp="2025-05-03T20:02:05.1738895-04:00">
        <Text>2025-05-04T00:02:05.173Z pw:api   locator resolved to &lt;td class=" "&gt;Digital_service&lt;/td&gt;</Text>
      </RunInfo>
      <RunInfo computerName="DESKTOP-RSFFHJT" outcome="Warning" timestamp="2025-05-03T20:02:05.1745073-04:00">
        <Text>2025-05-04T00:02:05.173Z pw:api waiting for Locator("table[id='vertically-scrolled-table']").Locator("tbody tr").Nth(3).Locator("td span[class='text-ellipsis']")</Text>
      </RunInfo>
      <RunInfo computerName="DESKTOP-RSFFHJT" outcome="Warning" timestamp="2025-05-03T20:02:05.1759057-04:00">
        <Text>2025-05-04T00:02:05.175Z pw:api   locator resolved to &lt;span id="afcda0002" class="text-ellipsis"&gt;&lt;/span&gt;</Text>
      </RunInfo>
      <RunInfo computerName="DESKTOP-RSFFHJT" outcome="Warning" timestamp="2025-05-03T20:02:05.1765362-04:00">
        <Text>2025-05-04T00:02:05.175Z pw:api waiting for Locator("table[id='vertically-scrolled-table']").Locator("tbody tr").Nth(3).Locator("td[class='  text-end']")</Text>
      </RunInfo>
      <RunInfo computerName="DESKTOP-RSFFHJT" outcome="Warning" timestamp="2025-05-03T20:02:05.1783144-04:00">
        <Text>2025-05-04T00:02:05.177Z pw:api   locator resolved to &lt;td class="  text-end"&gt;&lt;/td&gt;</Text>
      </RunInfo>
      <RunInfo computerName="DESKTOP-RSFFHJT" outcome="Warning" timestamp="2025-05-03T20:02:05.1791784-04:00">
        <Text>2025-05-04T00:02:05.178Z pw:api waiting for Locator("table[id='vertically-scrolled-table']").Locator("tbody tr").Nth(4)</Text>
      </RunInfo>
      <RunInfo computerName="DESKTOP-RSFFHJT" outcome="Warning" timestamp="2025-05-03T20:02:05.1807216-04:00">
        <Text>2025-05-04T00:02:05.179Z pw:api   locator resolved to &lt;tr tabindex="-1" id="ember330" class="ember-view   "&gt;ΓÇª&lt;/tr&gt;</Text>
      </RunInfo>
      <RunInfo computerName="DESKTOP-RSFFHJT" outcome="Warning" timestamp="2025-05-03T20:02:05.1811073-04:00">
        <Text>2025-05-04T00:02:05.180Z pw:api waiting for Locator("table[id='vertically-scrolled-table']").Locator("tbody tr").Nth(4).Locator("a")</Text>
      </RunInfo>
      <RunInfo computerName="DESKTOP-RSFFHJT" outcome="Warning" timestamp="2025-05-03T20:02:05.1825568-04:00">
        <Text>2025-05-04T00:02:05.181Z pw:api   locator resolved to &lt;a id="ember334" class="ember-view text-break " href="#/inventory/items/6620000005381004"&gt;Coffee Table&lt;/a&gt;</Text>
      </RunInfo>
      <RunInfo computerName="DESKTOP-RSFFHJT" outcome="Warning" timestamp="2025-05-03T20:02:05.1829385-04:00">
        <Text>2025-05-04T00:02:05.182Z pw:api waiting for Locator("table[id='vertically-scrolled-table']").Locator("tbody tr").Nth(4).Locator("td:nth-child(3)")</Text>
      </RunInfo>
      <RunInfo computerName="DESKTOP-RSFFHJT" outcome="Warning" timestamp="2025-05-03T20:02:05.1846201-04:00">
        <Text>2025-05-04T00:02:05.183Z pw:api   locator resolved to &lt;td class=" "&gt;Item 5 sku&lt;/td&gt;</Text>
      </RunInfo>
      <RunInfo computerName="DESKTOP-RSFFHJT" outcome="Warning" timestamp="2025-05-03T20:02:05.1852715-04:00">
        <Text>2025-05-04T00:02:05.184Z pw:api waiting for Locator("table[id='vertically-scrolled-table']").Locator("tbody tr").Nth(4).Locator("td:nth-child(4)")</Text>
      </RunInfo>
      <RunInfo computerName="DESKTOP-RSFFHJT" outcome="Warning" timestamp="2025-05-03T20:02:05.1868477-04:00">
        <Text>2025-05-04T00:02:05.186Z pw:api   locator resolved to &lt;td class=" "&gt;Digital_service&lt;/td&gt;</Text>
      </RunInfo>
      <RunInfo computerName="DESKTOP-RSFFHJT" outcome="Warning" timestamp="2025-05-03T20:02:05.1874156-04:00">
        <Text>2025-05-04T00:02:05.186Z pw:api waiting for Locator("table[id='vertically-scrolled-table']").Locator("tbody tr").Nth(4).Locator("td span[class='text-ellipsis']")</Text>
      </RunInfo>
      <RunInfo computerName="DESKTOP-RSFFHJT" outcome="Warning" timestamp="2025-05-03T20:02:05.1891434-04:00">
        <Text>2025-05-04T00:02:05.188Z pw:api   locator resolved to &lt;span id="aa7559f6e" class="text-ellipsis"&gt;A sleek, modern coffee table with a glass top.&lt;/span&gt;</Text>
      </RunInfo>
      <RunInfo computerName="DESKTOP-RSFFHJT" outcome="Warning" timestamp="2025-05-03T20:02:05.1896748-04:00">
        <Text>2025-05-04T00:02:05.188Z pw:api waiting for Locator("table[id='vertically-scrolled-table']").Locator("tbody tr").Nth(4).Locator("td[class='  text-end']")</Text>
      </RunInfo>
      <RunInfo computerName="DESKTOP-RSFFHJT" outcome="Warning" timestamp="2025-05-03T20:02:05.1909502-04:00">
        <Text>2025-05-04T00:02:05.190Z pw:api   locator resolved to &lt;td class="  text-end"&gt;$9981.00&lt;/td&gt;</Text>
      </RunInfo>
      <RunInfo computerName="DESKTOP-RSFFHJT" outcome="Warning" timestamp="2025-05-03T20:02:05.1913444-04:00">
        <Text>2025-05-04T00:02:05.190Z pw:api waiting for Locator("table[id='vertically-scrolled-table']").Locator("tbody tr").Nth(5)</Text>
      </RunInfo>
      <RunInfo computerName="DESKTOP-RSFFHJT" outcome="Warning" timestamp="2025-05-03T20:02:05.1925546-04:00">
        <Text>2025-05-04T00:02:05.191Z pw:api   locator resolved to &lt;tr tabindex="-1" id="ember336" class="ember-view   "&gt;ΓÇª&lt;/tr&gt;</Text>
      </RunInfo>
      <RunInfo computerName="DESKTOP-RSFFHJT" outcome="Warning" timestamp="2025-05-03T20:02:05.1931491-04:00">
        <Text>2025-05-04T00:02:05.192Z pw:api waiting for Locator("table[id='vertically-scrolled-table']").Locator("tbody tr").Nth(5).Locator("a")</Text>
      </RunInfo>
      <RunInfo computerName="DESKTOP-RSFFHJT" outcome="Warning" timestamp="2025-05-03T20:02:05.1962434-04:00">
        <Text>2025-05-04T00:02:05.193Z pw:api   locator resolved to &lt;a id="ember340" class="ember-view text-break " href="#/inventory/items/6620000005381005"&gt;Queen Size Bed&lt;/a&gt;</Text>
      </RunInfo>
      <RunInfo computerName="DESKTOP-RSFFHJT" outcome="Warning" timestamp="2025-05-03T20:02:05.1970027-04:00">
        <Text>2025-05-04T00:02:05.196Z pw:api waiting for Locator("table[id='vertically-scrolled-table']").Locator("tbody tr").Nth(5).Locator("td:nth-child(3)")</Text>
      </RunInfo>
      <RunInfo computerName="DESKTOP-RSFFHJT" outcome="Warning" timestamp="2025-05-03T20:02:05.1986635-04:00">
        <Text>2025-05-04T00:02:05.197Z pw:api   locator resolved to &lt;td class=" "&gt;Item 6 sku&lt;/td&gt;</Text>
      </RunInfo>
      <RunInfo computerName="DESKTOP-RSFFHJT" outcome="Warning" timestamp="2025-05-03T20:02:05.1992239-04:00">
        <Text>2025-05-04T00:02:05.198Z pw:api waiting for Locator("table[id='vertically-scrolled-table']").Locator("tbody tr").Nth(5).Locator("td:nth-child(4)")</Text>
      </RunInfo>
      <RunInfo computerName="DESKTOP-RSFFHJT" outcome="Warning" timestamp="2025-05-03T20:02:05.2005516-04:00">
        <Text>2025-05-04T00:02:05.199Z pw:api   locator resolved to &lt;td class=" "&gt;Digital_service&lt;/td&gt;</Text>
      </RunInfo>
      <RunInfo computerName="DESKTOP-RSFFHJT" outcome="Warning" timestamp="2025-05-03T20:02:05.2009239-04:00">
        <Text>2025-05-04T00:02:05.200Z pw:api waiting for Locator("table[id='vertically-scrolled-table']").Locator("tbody tr").Nth(5).Locator("td span[class='text-ellipsis']")</Text>
      </RunInfo>
      <RunInfo computerName="DESKTOP-RSFFHJT" outcome="Warning" timestamp="2025-05-03T20:02:05.2023966-04:00">
        <Text>2025-05-04T00:02:05.201Z pw:api   locator resolved to &lt;span id="a204367e7" class="text-ellipsis"&gt;Mid-century wooden double bed. Scandinavian-styleΓÇª&lt;/span&gt;</Text>
      </RunInfo>
      <RunInfo computerName="DESKTOP-RSFFHJT" outcome="Warning" timestamp="2025-05-03T20:02:05.2027304-04:00">
        <Text>2025-05-04T00:02:05.201Z pw:api waiting for Locator("table[id='vertically-scrolled-table']").Locator("tbody tr").Nth(5).Locator("td[class='  text-end']")</Text>
      </RunInfo>
      <RunInfo computerName="DESKTOP-RSFFHJT" outcome="Warning" timestamp="2025-05-03T20:02:05.2039839-04:00">
        <Text>2025-05-04T00:02:05.203Z pw:api   locator resolved to &lt;td class="  text-end"&gt;$338.00&lt;/td&gt;</Text>
      </RunInfo>
      <RunInfo computerName="DESKTOP-RSFFHJT" outcome="Warning" timestamp="2025-05-03T20:02:05.2047665-04:00">
        <Text>2025-05-04T00:02:05.203Z pw:api waiting for Locator("table[id='vertically-scrolled-table']").Locator("tbody tr").Nth(6)</Text>
      </RunInfo>
      <RunInfo computerName="DESKTOP-RSFFHJT" outcome="Warning" timestamp="2025-05-03T20:02:05.2063315-04:00">
        <Text>2025-05-04T00:02:05.205Z pw:api   locator resolved to &lt;tr tabindex="-1" id="ember342" class="ember-view   "&gt;ΓÇª&lt;/tr&gt;</Text>
      </RunInfo>
      <RunInfo computerName="DESKTOP-RSFFHJT" outcome="Warning" timestamp="2025-05-03T20:02:05.2068125-04:00">
        <Text>2025-05-04T00:02:05.206Z pw:api waiting for Locator("table[id='vertically-scrolled-table']").Locator("tbody tr").Nth(6).Locator("a")</Text>
      </RunInfo>
      <RunInfo computerName="DESKTOP-RSFFHJT" outcome="Warning" timestamp="2025-05-03T20:02:05.2081072-04:00">
        <Text>2025-05-04T00:02:05.207Z pw:api   locator resolved to &lt;a id="ember346" class="ember-view text-break " href="#/inventory/items/6620000005381006"&gt;Area Rug&lt;/a&gt;</Text>
      </RunInfo>
      <RunInfo computerName="DESKTOP-RSFFHJT" outcome="Warning" timestamp="2025-05-03T20:02:05.2085504-04:00">
        <Text>2025-05-04T00:02:05.207Z pw:api waiting for Locator("table[id='vertically-scrolled-table']").Locator("tbody tr").Nth(6).Locator("td:nth-child(3)")</Text>
      </RunInfo>
      <RunInfo computerName="DESKTOP-RSFFHJT" outcome="Warning" timestamp="2025-05-03T20:02:05.2101718-04:00">
        <Text>2025-05-04T00:02:05.209Z pw:api   locator resolved to &lt;td class=" "&gt;Item 7 sku&lt;/td&gt;</Text>
      </RunInfo>
      <RunInfo computerName="DESKTOP-RSFFHJT" outcome="Warning" timestamp="2025-05-03T20:02:05.2107284-04:00">
        <Text>2025-05-04T00:02:05.209Z pw:api waiting for Locator("table[id='vertically-scrolled-table']").Locator("tbody tr").Nth(6).Locator("td:nth-child(4)")</Text>
      </RunInfo>
      <RunInfo computerName="DESKTOP-RSFFHJT" outcome="Warning" timestamp="2025-05-03T20:02:05.2124134-04:00">
        <Text>2025-05-04T00:02:05.211Z pw:api   locator resolved to &lt;td class=" "&gt;Goods&lt;/td&gt;</Text>
      </RunInfo>
      <RunInfo computerName="DESKTOP-RSFFHJT" outcome="Warning" timestamp="2025-05-03T20:02:05.2128896-04:00">
        <Text>2025-05-04T00:02:05.212Z pw:api waiting for Locator("table[id='vertically-scrolled-table']").Locator("tbody tr").Nth(6).Locator("td span[class='text-ellipsis']")</Text>
      </RunInfo>
      <RunInfo computerName="DESKTOP-RSFFHJT" outcome="Warning" timestamp="2025-05-03T20:02:05.2147026-04:00">
        <Text>2025-05-04T00:02:05.213Z pw:api   locator resolved to &lt;span id="aa0219ba4" class="text-ellipsis"&gt;A soft, high-quality area rug to add warmth to anΓÇª&lt;/span&gt;</Text>
      </RunInfo>
      <RunInfo computerName="DESKTOP-RSFFHJT" outcome="Warning" timestamp="2025-05-03T20:02:05.2151719-04:00">
        <Text>2025-05-04T00:02:05.214Z pw:api waiting for Locator("table[id='vertically-scrolled-table']").Locator("tbody tr").Nth(6).Locator("td[class='  text-end']")</Text>
      </RunInfo>
      <RunInfo computerName="DESKTOP-RSFFHJT" outcome="Warning" timestamp="2025-05-03T20:02:05.2164354-04:00">
        <Text>2025-05-04T00:02:05.215Z pw:api   locator resolved to &lt;td class="  text-end"&gt;$4563.00&lt;/td&gt;</Text>
      </RunInfo>
      <RunInfo computerName="DESKTOP-RSFFHJT" outcome="Warning" timestamp="2025-05-03T20:02:05.2169190-04:00">
        <Text>2025-05-04T00:02:05.216Z pw:api waiting for Locator("table[id='vertically-scrolled-table']").Locator("tbody tr").Nth(7)</Text>
      </RunInfo>
      <RunInfo computerName="DESKTOP-RSFFHJT" outcome="Warning" timestamp="2025-05-03T20:02:05.2181296-04:00">
        <Text>2025-05-04T00:02:05.217Z pw:api   locator resolved to &lt;tr tabindex="-1" id="ember348" class="ember-view   "&gt;ΓÇª&lt;/tr&gt;</Text>
      </RunInfo>
      <RunInfo computerName="DESKTOP-RSFFHJT" outcome="Warning" timestamp="2025-05-03T20:02:05.2188243-04:00">
        <Text>2025-05-04T00:02:05.217Z pw:api waiting for Locator("table[id='vertically-scrolled-table']").Locator("tbody tr").Nth(7).Locator("a")</Text>
      </RunInfo>
      <RunInfo computerName="DESKTOP-RSFFHJT" outcome="Warning" timestamp="2025-05-03T20:02:05.2201690-04:00">
        <Text>2025-05-04T00:02:05.219Z pw:api   locator resolved to &lt;a id="ember352" class="ember-view text-break " href="#/inventory/items/6620000005381007"&gt;Storage Cabinet&lt;/a&gt;</Text>
      </RunInfo>
      <RunInfo computerName="DESKTOP-RSFFHJT" outcome="Warning" timestamp="2025-05-03T20:02:05.2206554-04:00">
        <Text>2025-05-04T00:02:05.219Z pw:api waiting for Locator("table[id='vertically-scrolled-table']").Locator("tbody tr").Nth(7).Locator("td:nth-child(3)")</Text>
      </RunInfo>
      <RunInfo computerName="DESKTOP-RSFFHJT" outcome="Warning" timestamp="2025-05-03T20:02:05.2223171-04:00">
        <Text>2025-05-04T00:02:05.221Z pw:api   locator resolved to &lt;td class=" "&gt;Item 8 sku&lt;/td&gt;</Text>
      </RunInfo>
      <RunInfo computerName="DESKTOP-RSFFHJT" outcome="Warning" timestamp="2025-05-03T20:02:05.2227942-04:00">
        <Text>2025-05-04T00:02:05.221Z pw:api waiting for Locator("table[id='vertically-scrolled-table']").Locator("tbody tr").Nth(7).Locator("td:nth-child(4)")</Text>
      </RunInfo>
      <RunInfo computerName="DESKTOP-RSFFHJT" outcome="Warning" timestamp="2025-05-03T20:02:05.2242684-04:00">
        <Text>2025-05-04T00:02:05.223Z pw:api   locator resolved to &lt;td class=" "&gt;Goods&lt;/td&gt;</Text>
      </RunInfo>
      <RunInfo computerName="DESKTOP-RSFFHJT" outcome="Warning" timestamp="2025-05-03T20:02:05.2248626-04:00">
        <Text>2025-05-04T00:02:05.224Z pw:api waiting for Locator("table[id='vertically-scrolled-table']").Locator("tbody tr").Nth(7).Locator("td span[class='text-ellipsis']")</Text>
      </RunInfo>
      <RunInfo computerName="DESKTOP-RSFFHJT" outcome="Warning" timestamp="2025-05-03T20:02:05.2263502-04:00">
        <Text>2025-05-04T00:02:05.225Z pw:api   locator resolved to &lt;span id="add007ce7" class="text-ellipsis"&gt;A versatile storage cabinet with adjustable shelvΓÇª&lt;/span&gt;</Text>
      </RunInfo>
      <RunInfo computerName="DESKTOP-RSFFHJT" outcome="Warning" timestamp="2025-05-03T20:02:05.2268009-04:00">
        <Text>2025-05-04T00:02:05.225Z pw:api waiting for Locator("table[id='vertically-scrolled-table']").Locator("tbody tr").Nth(7).Locator("td[class='  text-end']")</Text>
      </RunInfo>
      <RunInfo computerName="DESKTOP-RSFFHJT" outcome="Warning" timestamp="2025-05-03T20:02:05.2285792-04:00">
        <Text>2025-05-04T00:02:05.227Z pw:api   locator resolved to &lt;td class="  text-end"&gt;$2197.00&lt;/td&gt;</Text>
      </RunInfo>
      <RunInfo computerName="DESKTOP-RSFFHJT" outcome="Warning" timestamp="2025-05-03T20:02:05.2293121-04:00">
        <Text>2025-05-04T00:02:05.228Z pw:api waiting for Locator("table[id='vertically-scrolled-table']").Locator("tbody tr").Nth(8)</Text>
      </RunInfo>
      <RunInfo computerName="DESKTOP-RSFFHJT" outcome="Warning" timestamp="2025-05-03T20:02:05.2311378-04:00">
        <Text>2025-05-04T00:02:05.230Z pw:api   locator resolved to &lt;tr tabindex="-1" id="ember354" class="ember-view   "&gt;ΓÇª&lt;/tr&gt;</Text>
      </RunInfo>
      <RunInfo computerName="DESKTOP-RSFFHJT" outcome="Warning" timestamp="2025-05-03T20:02:05.2318958-04:00">
        <Text>2025-05-04T00:02:05.231Z pw:api waiting for Locator("table[id='vertically-scrolled-table']").Locator("tbody tr").Nth(8).Locator("a")</Text>
      </RunInfo>
      <RunInfo computerName="DESKTOP-RSFFHJT" outcome="Warning" timestamp="2025-05-03T20:02:05.2332263-04:00">
        <Text>2025-05-04T00:02:05.232Z pw:api   locator resolved to &lt;a id="ember358" class="ember-view text-break " href="#/inventory/items/6620000005381008"&gt;Composite Item 0&lt;/a&gt;</Text>
      </RunInfo>
      <RunInfo computerName="DESKTOP-RSFFHJT" outcome="Warning" timestamp="2025-05-03T20:02:05.2336189-04:00">
        <Text>2025-05-04T00:02:05.232Z pw:api waiting for Locator("table[id='vertically-scrolled-table']").Locator("tbody tr").Nth(8).Locator("td:nth-child(3)")</Text>
      </RunInfo>
      <RunInfo computerName="DESKTOP-RSFFHJT" outcome="Warning" timestamp="2025-05-03T20:02:05.2350411-04:00">
        <Text>2025-05-04T00:02:05.234Z pw:api   locator resolved to &lt;td class=" "&gt;29858&lt;/td&gt;</Text>
      </RunInfo>
      <RunInfo computerName="DESKTOP-RSFFHJT" outcome="Warning" timestamp="2025-05-03T20:02:05.2355362-04:00">
        <Text>2025-05-04T00:02:05.234Z pw:api waiting for Locator("table[id='vertically-scrolled-table']").Locator("tbody tr").Nth(8).Locator("td:nth-child(4)")</Text>
      </RunInfo>
      <RunInfo computerName="DESKTOP-RSFFHJT" outcome="Warning" timestamp="2025-05-03T20:02:05.2369363-04:00">
        <Text>2025-05-04T00:02:05.236Z pw:api   locator resolved to &lt;td class=" "&gt;Goods&lt;/td&gt;</Text>
      </RunInfo>
      <RunInfo computerName="DESKTOP-RSFFHJT" outcome="Warning" timestamp="2025-05-03T20:02:05.2374395-04:00">
        <Text>2025-05-04T00:02:05.236Z pw:api waiting for Locator("table[id='vertically-scrolled-table']").Locator("tbody tr").Nth(8).Locator("td span[class='text-ellipsis']")</Text>
      </RunInfo>
      <RunInfo computerName="DESKTOP-RSFFHJT" outcome="Warning" timestamp="2025-05-03T20:02:05.2388741-04:00">
        <Text>2025-05-04T00:02:05.238Z pw:api   locator resolved to &lt;span id="af1bdbf76" class="text-ellipsis"&gt;Dicta adipisci consectetur natus ipsam dolorum esΓÇª&lt;/span&gt;</Text>
      </RunInfo>
      <RunInfo computerName="DESKTOP-RSFFHJT" outcome="Warning" timestamp="2025-05-03T20:02:05.2393120-04:00">
        <Text>2025-05-04T00:02:05.238Z pw:api waiting for Locator("table[id='vertically-scrolled-table']").Locator("tbody tr").Nth(8).Locator("td[class='  text-end']")</Text>
      </RunInfo>
      <RunInfo computerName="DESKTOP-RSFFHJT" outcome="Warning" timestamp="2025-05-03T20:02:05.2405478-04:00">
        <Text>2025-05-04T00:02:05.239Z pw:api   locator resolved to &lt;td class="  text-end"&gt;$122.00&lt;/td&gt;</Text>
      </RunInfo>
      <RunInfo computerName="DESKTOP-RSFFHJT" outcome="Warning" timestamp="2025-05-03T20:02:05.2409439-04:00">
        <Text>2025-05-04T00:02:05.240Z pw:api waiting for Locator("table[id='vertically-scrolled-table']").Locator("tbody tr").Nth(9)</Text>
      </RunInfo>
      <RunInfo computerName="DESKTOP-RSFFHJT" outcome="Warning" timestamp="2025-05-03T20:02:05.2420182-04:00">
        <Text>2025-05-04T00:02:05.241Z pw:api   locator resolved to &lt;tr tabindex="-1" id="ember360" class="ember-view   "&gt;ΓÇª&lt;/tr&gt;</Text>
      </RunInfo>
      <RunInfo computerName="DESKTOP-RSFFHJT" outcome="Warning" timestamp="2025-05-03T20:02:05.2426209-04:00">
        <Text>2025-05-04T00:02:05.241Z pw:api waiting for Locator("table[id='vertically-scrolled-table']").Locator("tbody tr").Nth(9).Locator("a")</Text>
      </RunInfo>
      <RunInfo computerName="DESKTOP-RSFFHJT" outcome="Warning" timestamp="2025-05-03T20:02:05.2440584-04:00">
        <Text>2025-05-04T00:02:05.243Z pw:api   locator resolved to &lt;a id="ember364" class="ember-view text-break " href="#/inventory/items/6620000005381009"&gt;Composite Item 1&lt;/a&gt;</Text>
      </RunInfo>
      <RunInfo computerName="DESKTOP-RSFFHJT" outcome="Warning" timestamp="2025-05-03T20:02:05.2446442-04:00">
        <Text>2025-05-04T00:02:05.243Z pw:api waiting for Locator("table[id='vertically-scrolled-table']").Locator("tbody tr").Nth(9).Locator("td:nth-child(3)")</Text>
      </RunInfo>
      <RunInfo computerName="DESKTOP-RSFFHJT" outcome="Warning" timestamp="2025-05-03T20:02:05.2461182-04:00">
        <Text>2025-05-04T00:02:05.245Z pw:api   locator resolved to &lt;td class=" "&gt;29858&lt;/td&gt;</Text>
      </RunInfo>
      <RunInfo computerName="DESKTOP-RSFFHJT" outcome="Warning" timestamp="2025-05-03T20:02:05.2466607-04:00">
        <Text>2025-05-04T00:02:05.245Z pw:api waiting for Locator("table[id='vertically-scrolled-table']").Locator("tbody tr").Nth(9).Locator("td:nth-child(4)")</Text>
      </RunInfo>
      <RunInfo computerName="DESKTOP-RSFFHJT" outcome="Warning" timestamp="2025-05-03T20:02:05.2481824-04:00">
        <Text>2025-05-04T00:02:05.247Z pw:api   locator resolved to &lt;td class=" "&gt;Goods&lt;/td&gt;</Text>
      </RunInfo>
      <RunInfo computerName="DESKTOP-RSFFHJT" outcome="Warning" timestamp="2025-05-03T20:02:05.2486116-04:00">
        <Text>2025-05-04T00:02:05.247Z pw:api waiting for Locator("table[id='vertically-scrolled-table']").Locator("tbody tr").Nth(9).Locator("td span[class='text-ellipsis']")</Text>
      </RunInfo>
      <RunInfo computerName="DESKTOP-RSFFHJT" outcome="Warning" timestamp="2025-05-03T20:02:05.2503336-04:00">
        <Text>2025-05-04T00:02:05.249Z pw:api   locator resolved to &lt;span id="a5aab6e93" class="text-ellipsis"&gt;Dicta adipisci consectetur natus ipsam dolorum esΓÇª&lt;/span&gt;</Text>
      </RunInfo>
      <RunInfo computerName="DESKTOP-RSFFHJT" outcome="Warning" timestamp="2025-05-03T20:02:05.2509200-04:00">
        <Text>2025-05-04T00:02:05.250Z pw:api waiting for Locator("table[id='vertically-scrolled-table']").Locator("tbody tr").Nth(9).Locator("td[class='  text-end']")</Text>
      </RunInfo>
      <RunInfo computerName="DESKTOP-RSFFHJT" outcome="Warning" timestamp="2025-05-03T20:02:05.2523810-04:00">
        <Text>2025-05-04T00:02:05.251Z pw:api   locator resolved to &lt;td class="  text-end"&gt;$333.00&lt;/td&gt;</Text>
      </RunInfo>
      <RunInfo computerName="DESKTOP-RSFFHJT" outcome="Warning" timestamp="2025-05-03T20:02:05.2528799-04:00">
        <Text>2025-05-04T00:02:05.252Z pw:api waiting for Locator("table[id='vertically-scrolled-table']").Locator("tbody tr").Nth(10)</Text>
      </RunInfo>
      <RunInfo computerName="DESKTOP-RSFFHJT" outcome="Warning" timestamp="2025-05-03T20:02:05.2540220-04:00">
        <Text>2025-05-04T00:02:05.253Z pw:api   locator resolved to &lt;tr tabindex="-1" id="ember366" class="ember-view   "&gt;ΓÇª&lt;/tr&gt;</Text>
      </RunInfo>
      <RunInfo computerName="DESKTOP-RSFFHJT" outcome="Warning" timestamp="2025-05-03T20:02:05.2545079-04:00">
        <Text>2025-05-04T00:02:05.253Z pw:api waiting for Locator("table[id='vertically-scrolled-table']").Locator("tbody tr").Nth(10).Locator("a")</Text>
      </RunInfo>
      <RunInfo computerName="DESKTOP-RSFFHJT" outcome="Warning" timestamp="2025-05-03T20:02:05.2560227-04:00">
        <Text>2025-05-04T00:02:05.255Z pw:api   locator resolved to &lt;a id="ember370" class="ember-view text-break " href="#/inventory/items/6620000005381010"&gt;Composite Item 2&lt;/a&gt;</Text>
      </RunInfo>
      <RunInfo computerName="DESKTOP-RSFFHJT" outcome="Warning" timestamp="2025-05-03T20:02:05.2564133-04:00">
        <Text>2025-05-04T00:02:05.255Z pw:api waiting for Locator("table[id='vertically-scrolled-table']").Locator("tbody tr").Nth(10).Locator("td:nth-child(3)")</Text>
      </RunInfo>
      <RunInfo computerName="DESKTOP-RSFFHJT" outcome="Warning" timestamp="2025-05-03T20:02:05.2575145-04:00">
        <Text>2025-05-04T00:02:05.256Z pw:api   locator resolved to &lt;td class=" "&gt;29858&lt;/td&gt;</Text>
      </RunInfo>
      <RunInfo computerName="DESKTOP-RSFFHJT" outcome="Warning" timestamp="2025-05-03T20:02:05.2579051-04:00">
        <Text>2025-05-04T00:02:05.257Z pw:api waiting for Locator("table[id='vertically-scrolled-table']").Locator("tbody tr").Nth(10).Locator("td:nth-child(4)")</Text>
      </RunInfo>
      <RunInfo computerName="DESKTOP-RSFFHJT" outcome="Warning" timestamp="2025-05-03T20:02:05.2590950-04:00">
        <Text>2025-05-04T00:02:05.258Z pw:api   locator resolved to &lt;td class=" "&gt;Goods&lt;/td&gt;</Text>
      </RunInfo>
      <RunInfo computerName="DESKTOP-RSFFHJT" outcome="Warning" timestamp="2025-05-03T20:02:05.2595049-04:00">
        <Text>2025-05-04T00:02:05.258Z pw:api waiting for Locator("table[id='vertically-scrolled-table']").Locator("tbody tr").Nth(10).Locator("td span[class='text-ellipsis']")</Text>
      </RunInfo>
      <RunInfo computerName="DESKTOP-RSFFHJT" outcome="Warning" timestamp="2025-05-03T20:02:05.2608290-04:00">
        <Text>2025-05-04T00:02:05.259Z pw:api   locator resolved to &lt;span id="a8ba35e5d" class="text-ellipsis"&gt;Dicta adipisci consectetur natus ipsam dolorum esΓÇª&lt;/span&gt;</Text>
      </RunInfo>
      <RunInfo computerName="DESKTOP-RSFFHJT" outcome="Warning" timestamp="2025-05-03T20:02:05.2613357-04:00">
        <Text>2025-05-04T00:02:05.260Z pw:api waiting for Locator("table[id='vertically-scrolled-table']").Locator("tbody tr").Nth(10).Locator("td[class='  text-end']")</Text>
      </RunInfo>
      <RunInfo computerName="DESKTOP-RSFFHJT" outcome="Warning" timestamp="2025-05-03T20:02:05.2627391-04:00">
        <Text>2025-05-04T00:02:05.261Z pw:api   locator resolved to &lt;td class="  text-end"&gt;$237.00&lt;/td&gt;</Text>
      </RunInfo>
      <RunInfo computerName="DESKTOP-RSFFHJT" outcome="Warning" timestamp="2025-05-03T20:02:05.2633067-04:00">
        <Text>2025-05-04T00:02:05.262Z pw:api waiting for Locator("table[id='vertically-scrolled-table']").Locator("tbody tr").Nth(11)</Text>
      </RunInfo>
      <RunInfo computerName="DESKTOP-RSFFHJT" outcome="Warning" timestamp="2025-05-03T20:02:05.2645004-04:00">
        <Text>2025-05-04T00:02:05.263Z pw:api   locator resolved to &lt;tr tabindex="-1" id="ember372" class="ember-view   "&gt;ΓÇª&lt;/tr&gt;</Text>
      </RunInfo>
      <RunInfo computerName="DESKTOP-RSFFHJT" outcome="Warning" timestamp="2025-05-03T20:02:05.2650117-04:00">
        <Text>2025-05-04T00:02:05.264Z pw:api waiting for Locator("table[id='vertically-scrolled-table']").Locator("tbody tr").Nth(11).Locator("a")</Text>
      </RunInfo>
      <RunInfo computerName="DESKTOP-RSFFHJT" outcome="Warning" timestamp="2025-05-03T20:02:05.2663517-04:00">
        <Text>2025-05-04T00:02:05.265Z pw:api   locator resolved to &lt;a id="ember376" class="ember-view text-break " href="#/inventory/items/6620000005381011"&gt;Composite Item 3&lt;/a&gt;</Text>
      </RunInfo>
      <RunInfo computerName="DESKTOP-RSFFHJT" outcome="Warning" timestamp="2025-05-03T20:02:05.2668328-04:00">
        <Text>2025-05-04T00:02:05.265Z pw:api waiting for Locator("table[id='vertically-scrolled-table']").Locator("tbody tr").Nth(11).Locator("td:nth-child(3)")</Text>
      </RunInfo>
      <RunInfo computerName="DESKTOP-RSFFHJT" outcome="Warning" timestamp="2025-05-03T20:02:05.2685214-04:00">
        <Text>2025-05-04T00:02:05.267Z pw:api   locator resolved to &lt;td class=" "&gt;29858&lt;/td&gt;</Text>
      </RunInfo>
      <RunInfo computerName="DESKTOP-RSFFHJT" outcome="Warning" timestamp="2025-05-03T20:02:05.2689696-04:00">
        <Text>2025-05-04T00:02:05.268Z pw:api waiting for Locator("table[id='vertically-scrolled-table']").Locator("tbody tr").Nth(11).Locator("td:nth-child(4)")</Text>
      </RunInfo>
      <RunInfo computerName="DESKTOP-RSFFHJT" outcome="Warning" timestamp="2025-05-03T20:02:05.2702630-04:00">
        <Text>2025-05-04T00:02:05.269Z pw:api   locator resolved to &lt;td class=" "&gt;Goods&lt;/td&gt;</Text>
      </RunInfo>
      <RunInfo computerName="DESKTOP-RSFFHJT" outcome="Warning" timestamp="2025-05-03T20:02:05.2707105-04:00">
        <Text>2025-05-04T00:02:05.269Z pw:api waiting for Locator("table[id='vertically-scrolled-table']").Locator("tbody tr").Nth(11).Locator("td span[class='text-ellipsis']")</Text>
      </RunInfo>
      <RunInfo computerName="DESKTOP-RSFFHJT" outcome="Warning" timestamp="2025-05-03T20:02:05.2722088-04:00">
        <Text>2025-05-04T00:02:05.271Z pw:api   locator resolved to &lt;span id="a1e96ec7e" class="text-ellipsis"&gt;Dicta adipisci consectetur natus ipsam dolorum esΓÇª&lt;/span&gt;</Text>
      </RunInfo>
      <RunInfo computerName="DESKTOP-RSFFHJT" outcome="Warning" timestamp="2025-05-03T20:02:05.2725791-04:00">
        <Text>2025-05-04T00:02:05.271Z pw:api waiting for Locator("table[id='vertically-scrolled-table']").Locator("tbody tr").Nth(11).Locator("td[class='  text-end']")</Text>
      </RunInfo>
      <RunInfo computerName="DESKTOP-RSFFHJT" outcome="Warning" timestamp="2025-05-03T20:02:05.2738633-04:00">
        <Text>2025-05-04T00:02:05.273Z pw:api   locator resolved to &lt;td class="  text-end"&gt;$694.00&lt;/td&gt;</Text>
      </RunInfo>
      <RunInfo computerName="DESKTOP-RSFFHJT" outcome="Warning" timestamp="2025-05-03T20:02:05.2744844-04:00">
        <Text>2025-05-04T00:02:05.273Z pw:api waiting for Locator("table[id='vertically-scrolled-table']").Locator("tbody tr").Nth(12)</Text>
      </RunInfo>
      <RunInfo computerName="DESKTOP-RSFFHJT" outcome="Warning" timestamp="2025-05-03T20:02:05.2758082-04:00">
        <Text>2025-05-04T00:02:05.274Z pw:api   locator resolved to &lt;tr tabindex="-1" id="ember378" class="ember-view   "&gt;ΓÇª&lt;/tr&gt;</Text>
      </RunInfo>
      <RunInfo computerName="DESKTOP-RSFFHJT" outcome="Warning" timestamp="2025-05-03T20:02:05.2761815-04:00">
        <Text>2025-05-04T00:02:05.275Z pw:api waiting for Locator("table[id='vertically-scrolled-table']").Locator("tbody tr").Nth(12).Locator("a")</Text>
      </RunInfo>
      <RunInfo computerName="DESKTOP-RSFFHJT" outcome="Warning" timestamp="2025-05-03T20:02:05.2774740-04:00">
        <Text>2025-05-04T00:02:05.276Z pw:api   locator resolved to &lt;a id="ember382" class="ember-view text-break " href="#/inventory/items/6620000005381012"&gt;Composite Item 4&lt;/a&gt;</Text>
      </RunInfo>
      <RunInfo computerName="DESKTOP-RSFFHJT" outcome="Warning" timestamp="2025-05-03T20:02:05.2779471-04:00">
        <Text>2025-05-04T00:02:05.277Z pw:api waiting for Locator("table[id='vertically-scrolled-table']").Locator("tbody tr").Nth(12).Locator("td:nth-child(3)")</Text>
      </RunInfo>
      <RunInfo computerName="DESKTOP-RSFFHJT" outcome="Warning" timestamp="2025-05-03T20:02:05.2796125-04:00">
        <Text>2025-05-04T00:02:05.278Z pw:api   locator resolved to &lt;td class=" "&gt;29858&lt;/td&gt;</Text>
      </RunInfo>
      <RunInfo computerName="DESKTOP-RSFFHJT" outcome="Warning" timestamp="2025-05-03T20:02:05.2802239-04:00">
        <Text>2025-05-04T00:02:05.279Z pw:api waiting for Locator("table[id='vertically-scrolled-table']").Locator("tbody tr").Nth(12).Locator("td:nth-child(4)")</Text>
      </RunInfo>
      <RunInfo computerName="DESKTOP-RSFFHJT" outcome="Warning" timestamp="2025-05-03T20:02:05.2816600-04:00">
        <Text>2025-05-04T00:02:05.280Z pw:api   locator resolved to &lt;td class=" "&gt;Goods&lt;/td&gt;</Text>
      </RunInfo>
      <RunInfo computerName="DESKTOP-RSFFHJT" outcome="Warning" timestamp="2025-05-03T20:02:05.2820539-04:00">
        <Text>2025-05-04T00:02:05.281Z pw:api waiting for Locator("table[id='vertically-scrolled-table']").Locator("tbody tr").Nth(12).Locator("td span[class='text-ellipsis']")</Text>
      </RunInfo>
      <RunInfo computerName="DESKTOP-RSFFHJT" outcome="Warning" timestamp="2025-05-03T20:02:05.2832848-04:00">
        <Text>2025-05-04T00:02:05.282Z pw:api   locator resolved to &lt;span id="a8fa1af51" class="text-ellipsis"&gt;Dicta adipisci consectetur natus ipsam dolorum esΓÇª&lt;/span&gt;</Text>
      </RunInfo>
      <RunInfo computerName="DESKTOP-RSFFHJT" outcome="Warning" timestamp="2025-05-03T20:02:05.2836619-04:00">
        <Text>2025-05-04T00:02:05.282Z pw:api waiting for Locator("table[id='vertically-scrolled-table']").Locator("tbody tr").Nth(12).Locator("td[class='  text-end']")</Text>
      </RunInfo>
      <RunInfo computerName="DESKTOP-RSFFHJT" outcome="Warning" timestamp="2025-05-03T20:02:05.2850398-04:00">
        <Text>2025-05-04T00:02:05.284Z pw:api   locator resolved to &lt;td class="  text-end"&gt;$520.00&lt;/td&gt;</Text>
      </RunInfo>
      <RunInfo computerName="DESKTOP-RSFFHJT" outcome="Warning" timestamp="2025-05-03T20:02:05.2855349-04:00">
        <Text>2025-05-04T00:02:05.284Z pw:api waiting for Locator("button[class='btn btn-primary']")</Text>
      </RunInfo>
      <RunInfo computerName="DESKTOP-RSFFHJT" outcome="Warning" timestamp="2025-05-03T20:02:05.2875203-04:00">
        <Text>2025-05-04T00:02:05.286Z pw:api   locator resolved to &lt;button data-ember-action="" class="btn btn-primary" data-ember-action-260="260"&gt;ΓÇª&lt;/button&gt;</Text>
      </RunInfo>
      <RunInfo computerName="DESKTOP-RSFFHJT" outcome="Warning" timestamp="2025-05-03T20:02:05.2880463-04:00">
        <Text>2025-05-04T00:02:05.287Z pw:api attempting click action</Text>
      </RunInfo>
      <RunInfo computerName="DESKTOP-RSFFHJT" outcome="Warning" timestamp="2025-05-03T20:02:05.2880695-04:00">
        <Text>2025-05-04T00:02:05.287Z pw:api   waiting for element to be visible, enabled and stable</Text>
      </RunInfo>
      <RunInfo computerName="DESKTOP-RSFFHJT" outcome="Warning" timestamp="2025-05-03T20:02:05.2944847-04:00">
        <Text>2025-05-04T00:02:05.293Z pw:api   element is visible, enabled and stable</Text>
      </RunInfo>
      <RunInfo computerName="DESKTOP-RSFFHJT" outcome="Warning" timestamp="2025-05-03T20:02:05.2945050-04:00">
        <Text>2025-05-04T00:02:05.293Z pw:api   scrolling into view if needed</Text>
      </RunInfo>
      <RunInfo computerName="DESKTOP-RSFFHJT" outcome="Warning" timestamp="2025-05-03T20:02:05.2946982-04:00">
        <Text>2025-05-04T00:02:05.293Z pw:api   done scrolling</Text>
      </RunInfo>
      <RunInfo computerName="DESKTOP-RSFFHJT" outcome="Warning" timestamp="2025-05-03T20:02:05.2963597-04:00">
        <Text>2025-05-04T00:02:05.295Z pw:api   performing click action</Text>
      </RunInfo>
      <RunInfo computerName="DESKTOP-RSFFHJT" outcome="Warning" timestamp="2025-05-03T20:02:05.3129190-04:00">
        <Text>2025-05-04T00:02:05.311Z pw:api   click action done</Text>
      </RunInfo>
      <RunInfo computerName="DESKTOP-RSFFHJT" outcome="Warning" timestamp="2025-05-03T20:02:05.3129484-04:00">
        <Text>2025-05-04T00:02:05.311Z pw:api   waiting for scheduled navigations to finish</Text>
      </RunInfo>
      <RunInfo computerName="DESKTOP-RSFFHJT" outcome="Warning" timestamp="2025-05-03T20:02:05.3189445-04:00">
        <Text>2025-05-04T00:02:05.317Z pw:api   navigations have finished</Text>
      </RunInfo>
    </RunInfos>
  </ResultSummary>
</TestRun>